153 20 89 31 182 76 7 76 124 76 196 13 86 4 86 22 126 16 11 168 150 134 24 96 128 50 53 77 95 145 178 45 155 195 0 60 112 60 139 43 139 138 61 138 131 73 80 140 80 39 70 180 197 68 118 169 147 42 147 189 8 189 78 163 101 191 3 98 88 98 122 187 2 160 37 160 100 56 100 127 144 117 135 194 146 181 136 181 26 172 79 108 41 91 19 91 137 177 35 90 23 40 82 149 179 52 186 83 92 171 92 69 192 5 29 109 99 58 47 120 21 184 21 161 166 36 188 93 167 49 89 74 28 152 59 81 119 156 9 113 34 12 129 15 170 153
100
153 153
20 20
89 89
182 182
7 7
124 124
196 196
13 13
86 86
4 4
126 126
16 16
11 11
168 168
150 150
134 134
96 96
128 128
50 50
53 53
77 77
95 95
145 145
178 178
195 195
0 0
60 60
112 112
43 43
138 138
61 61
131 131
140 140
70 70
180 180
197 197
68 68
118 118
169 169
147 147
42 42
8 8
163 163
3 3
98 98
88 88
122 122
187 187
2 2
160 160
37 37
56 56
127 127
135 135
194 194
146 146
136 136
26 26
172 172
79 79
108 108
41 41
19 19
137 137
177 177
35 35
90 90
23 23
40 40
179 179
52 52
83 83
171 171
192 192
5 5
29 29
99 99
58 58
47 47
120 120
21 21
184 184
161 161
36 36
188 188
93 93
167 167
49 49
74 74
28 28
152 152
81 81
119 119
156 156
113 113
34 34
12 12
129 129
15 15
170 170
