M2S9flVUcYP2sJdh8LXf wYRR07UrNAdstlFcx7n2 m1IYiQsUBuvvpTv7yWXO fmFrd4vggNac5TkiFJAd ag5vZ07KPwCr1Lpz8zM0 Dc1wEVV3kuOZotG6pNlL LNMZej67uy0Whvqp5OR1 Dc1wEVV3kuOZotG6pNlL k7k4sHxeh1pR4sOjcVuj Eu0wGcDBBrgvePzHfqrS ECCnzlgsMEvTYjNwAlfM W4IxjYZtRN88GGSV9Uoc Jjat3uJ5XboI9kZe0522 L8bxdxuDa5issn2PiN3u yZPIHwySFuIdRJCMzjnz lOEjyrMvpa6QONpUJC0R gZVNRDm5p6aX5QEEX8UG 7TbbztQ90wmMzxjLFXzq oWxP87H6AXwFzF0dpB9d jgcWqrcniA4q9WNs9xkc 9Jr76N4fnNot7SNYqBKG 9GrchmlNCDIapQ9OnEYh 4bQwji0D4wyEDLd54MWv 8KfYYXeMqM0D4nShLOzi tUowOUG1V7iCXBCMR0AT yHMPX8vHctuUweyLluyz 5gumrx48u1yPpF6ivPOI vxiwkV1b5fV2sGCBFsRQ zdtRVpQ9lVyEhNj9Evpp dOKaHsIcDX32wPXAX2Gt uy6RcQAYd3ATM1Icq3my LxEzX08MG9T8knIYbul0 yCGd2pn2AE5LZ3OxzJbL XmlH4l2BXG35TF70bZqZ NMTjl1jsvrb7y2ggdCSc PbYOO88SokShsv7XrgBm Z8MZ2JfftjeVVnGFSOQe 5jhNGHh0Et1Lidy4vCpq Z0DuoZMcx6oyDPWFznMK wpBgd82GxlO3hr1i0lHL tVhIJJgs0kEFaQx1hdWm cdaizmjQrCe5Vnwy3JQF vodEvdIApqt0N3TZsbxN MtQDjkLToWj4d53MMhKG nbZglhhmYQAPQz4eETaj MtQDjkLToWj4d53MMhKG pNXWB5geApaSjbsCCT4J Dt5YfbjQq6VoKnyw6Zav i2zuTkgDKtYA8Q9KejMN v0QJIKD4q7sFXrzFSb6J lxlEsWbbqG2dcyvjsLTA zD7ErBenXxsG4D9b5TEV 0uvEfLgT4s8ImTk9VWBt dKH5OdpmJKCU83bbXVxZ Kfu1pc3YPMGebW7Iu8ex dKH5OdpmJKCU83bbXVxZ S8uMGvUglWyhnfV5Wzdp EtrZREkmL456viQQJ9Rb Pqf0Sn4UvsBLaxz7WO4n 48nWZMVqWDxfH9uMf2U3 PZrpdQAa8H8tkrajh08J sH3pvLOfMUrEGUrmsHCu tuE7UekaxGUib4idWtYa 93aDiM8K0XhtiVcCVKi2 X9TJsvmT50zYeG0q6XSG Bc6dudheE3WGLxP0iDdK X9TJsvmT50zYeG0q6XSG H59EihDjhfpS7ToXFM3L M2S9flVUcYP2sJdh8LXf
50
M2S9flVUcYP2sJdh8LXf M2S9flVUcYP2sJdh8LXf
m1IYiQsUBuvvpTv7yWXO m1IYiQsUBuvvpTv7yWXO
fmFrd4vggNac5TkiFJAd fmFrd4vggNac5TkiFJAd
LNMZej67uy0Whvqp5OR1 LNMZej67uy0Whvqp5OR1
k7k4sHxeh1pR4sOjcVuj k7k4sHxeh1pR4sOjcVuj
Eu0wGcDBBrgvePzHfqrS Eu0wGcDBBrgvePzHfqrS
ECCnzlgsMEvTYjNwAlfM ECCnzlgsMEvTYjNwAlfM
W4IxjYZtRN88GGSV9Uoc W4IxjYZtRN88GGSV9Uoc
Jjat3uJ5XboI9kZe0522 Jjat3uJ5XboI9kZe0522
L8bxdxuDa5issn2PiN3u L8bxdxuDa5issn2PiN3u
yZPIHwySFuIdRJCMzjnz yZPIHwySFuIdRJCMzjnz
gZVNRDm5p6aX5QEEX8UG gZVNRDm5p6aX5QEEX8UG
oWxP87H6AXwFzF0dpB9d oWxP87H6AXwFzF0dpB9d
jgcWqrcniA4q9WNs9xkc jgcWqrcniA4q9WNs9xkc
9Jr76N4fnNot7SNYqBKG 9Jr76N4fnNot7SNYqBKG
9GrchmlNCDIapQ9OnEYh 9GrchmlNCDIapQ9OnEYh
4bQwji0D4wyEDLd54MWv 4bQwji0D4wyEDLd54MWv
8KfYYXeMqM0D4nShLOzi 8KfYYXeMqM0D4nShLOzi
tUowOUG1V7iCXBCMR0AT tUowOUG1V7iCXBCMR0AT
yHMPX8vHctuUweyLluyz yHMPX8vHctuUweyLluyz
5gumrx48u1yPpF6ivPOI 5gumrx48u1yPpF6ivPOI
vxiwkV1b5fV2sGCBFsRQ vxiwkV1b5fV2sGCBFsRQ
zdtRVpQ9lVyEhNj9Evpp zdtRVpQ9lVyEhNj9Evpp
dOKaHsIcDX32wPXAX2Gt dOKaHsIcDX32wPXAX2Gt
uy6RcQAYd3ATM1Icq3my uy6RcQAYd3ATM1Icq3my
LxEzX08MG9T8knIYbul0 LxEzX08MG9T8knIYbul0
XmlH4l2BXG35TF70bZqZ XmlH4l2BXG35TF70bZqZ
NMTjl1jsvrb7y2ggdCSc NMTjl1jsvrb7y2ggdCSc
Z8MZ2JfftjeVVnGFSOQe Z8MZ2JfftjeVVnGFSOQe
Z0DuoZMcx6oyDPWFznMK Z0DuoZMcx6oyDPWFznMK
tVhIJJgs0kEFaQx1hdWm tVhIJJgs0kEFaQx1hdWm
cdaizmjQrCe5Vnwy3JQF cdaizmjQrCe5Vnwy3JQF
vodEvdIApqt0N3TZsbxN vodEvdIApqt0N3TZsbxN
nbZglhhmYQAPQz4eETaj nbZglhhmYQAPQz4eETaj
pNXWB5geApaSjbsCCT4J pNXWB5geApaSjbsCCT4J
Dt5YfbjQq6VoKnyw6Zav Dt5YfbjQq6VoKnyw6Zav
v0QJIKD4q7sFXrzFSb6J v0QJIKD4q7sFXrzFSb6J
zD7ErBenXxsG4D9b5TEV zD7ErBenXxsG4D9b5TEV
0uvEfLgT4s8ImTk9VWBt 0uvEfLgT4s8ImTk9VWBt
dKH5OdpmJKCU83bbXVxZ dKH5OdpmJKCU83bbXVxZ
Kfu1pc3YPMGebW7Iu8ex Kfu1pc3YPMGebW7Iu8ex
S8uMGvUglWyhnfV5Wzdp S8uMGvUglWyhnfV5Wzdp
EtrZREkmL456viQQJ9Rb EtrZREkmL456viQQJ9Rb
Pqf0Sn4UvsBLaxz7WO4n Pqf0Sn4UvsBLaxz7WO4n
48nWZMVqWDxfH9uMf2U3 48nWZMVqWDxfH9uMf2U3
PZrpdQAa8H8tkrajh08J PZrpdQAa8H8tkrajh08J
sH3pvLOfMUrEGUrmsHCu sH3pvLOfMUrEGUrmsHCu
93aDiM8K0XhtiVcCVKi2 93aDiM8K0XhtiVcCVKi2
Bc6dudheE3WGLxP0iDdK Bc6dudheE3WGLxP0iDdK
H59EihDjhfpS7ToXFM3L H59EihDjhfpS7ToXFM3L
