Jacksonville Minneapolis Chicago Minneapolis Tulsa Detroit Columbus Tucson Milwaukee Nashville ElPaso Nashville VirginiaBeach ColoradoSprings Houston Philadelphia Oakland Albuquerque Oakland Phoenix OklahomaCity FortWorth SanJose Boston SanJose Indianapolis LosAngeles Raleigh Memphis Raleigh Austin Omaha LongBeach LasVegas Seattle Portland Arlington Louisville Atlanta Fresno Atlanta SanFrancisco Atlanta Jacksonville
25
Jacksonville Jacksonville
Minneapolis Minneapolis
Tulsa Tulsa
Columbus Columbus
Tucson Tucson
ElPaso ElPaso
VirginiaBeach VirginiaBeach
Philadelphia Philadelphia
Albuquerque Albuquerque
Phoenix Phoenix
FortWorth FortWorth
SanJose SanJose
Boston Boston
Indianapolis Indianapolis
LosAngeles LosAngeles
Memphis Memphis
Austin Austin
LongBeach LongBeach
LasVegas LasVegas
Seattle Seattle
Portland Portland
Louisville Louisville
Atlanta Atlanta
Fresno Fresno
SanFrancisco SanFrancisco
