0 23 88 64 50 7 48 139 63 46 24 6 52 9 96 27 99 92 128 19 42 45 157 38 105 11 18 87 95 17 73 79 26 65 98 91 98 77 36 78 14 56 67 39 94 71 10 75 28 72 194 61 194 30 8 140 66 86 140 68 81 20 53 90 55 34 57 4 60 54 49 33 15 33 76 84 85 44 134 62 12 5 70 25 70 16 22 51 13 47 142 93 177 89 177 29 82 58 1 69 43 3 80 21 74 41 32 59 97 31 2 83 40 35 37 0
100
0 0
23 23
88 88
64 64
50 50
7 7
48 48
63 63
46 46
24 24
6 6
52 52
9 9
96 96
27 27
99 99
92 92
19 19
42 42
45 45
38 38
11 11
18 18
87 87
95 95
17 17
73 73
79 79
26 26
65 65
98 98
91 91
77 77
36 36
78 78
14 14
56 56
67 67
39 39
94 94
71 71
10 10
75 75
28 28
72 72
61 61
30 30
8 8
66 66
86 86
68 68
81 81
20 20
53 53
90 90
55 55
34 34
57 57
4 4
60 60
54 54
49 49
33 33
15 15
76 76
84 84
85 85
44 44
62 62
12 12
5 5
70 70
25 25
16 16
22 22
51 51
13 13
47 47
93 93
89 89
29 29
82 82
58 58
1 1
69 69
43 43
3 3
80 80
21 21
74 74
41 41
32 32
59 59
97 97
31 31
2 2
83 83
40 40
35 35
37 37
