149 100 107 116 121 125 140 142 140 125 123 122 126 117 115 116 107 100 105 109 111 109 105 103 104 102 101 100 149 060 062 070 071 068 071 070 069 067 070 062 054 059 054 063 064 063 065 063 090 099 096 097 092 091 090 063 079 078 083 078 077 076 081 076 080 076 075 074 086 087 089 087 088 084 086 074 085 074 075 076 077 078 079 063 054 053 056 066 056 053 050 053 054 062 060 149 000 001 002 013 024 015 006 015 024 025 026 025 024 031 044 036 037 038 048 038 037 036 041 030 020 010 000 149
36
142 142
123 123
126 126
115 115
111 111
103 103
104 104
060 060
068 068
069 069
067 067
054 054
059 059
064 064
065 065
096 096
097 097
091 091
079 079
078 078
083 083
081 081
080 080
086 086
089 089
088 088
085 085
053 053
056 056
066 066
050 050
006 006
026 026
031 031
037 037
048 048
