CorpusChristi ElPaso Akron DalyCity Canton Clearwater Boulder Charleston Columbia Brownsville Cleveland BoiseCity Danbury DavidsonCounty ColoradoSprings Bremerton Denton Appleton Chicago Denton Denver Burbank ElMonte CorpusChristi Beaumont Austin Asheville Bloomington Elizabeth Buffalo Davenport Carrollton Arvada Albuquerque Columbus Albuquerque Durham Chesapeake BatonRouge Augusta Aurora Escondido Chattanooga Abilene Bryan Deltona Anchorage BelAir Elkhart Champaign Anaheim CathedralCity Amarillo Cincinnati AppleValley Chandler Bridgeport Dallas BonitaSprings Alexandria Downey CorpusChristi CapeCoral CorpusChristi
50
CorpusChristi CorpusChristi
ElPaso ElPaso
Akron Akron
DalyCity DalyCity
Canton Canton
Clearwater Clearwater
Boulder Boulder
Charleston Charleston
Columbia Columbia
Brownsville Brownsville
BoiseCity BoiseCity
Danbury Danbury
ColoradoSprings ColoradoSprings
Bremerton Bremerton
Denton Denton
Appleton Appleton
Chicago Chicago
Denver Denver
ElMonte ElMonte
Beaumont Beaumont
Austin Austin
Asheville Asheville
Bloomington Bloomington
Elizabeth Elizabeth
Davenport Davenport
Carrollton Carrollton
Arvada Arvada
Albuquerque Albuquerque
Columbus Columbus
Durham Durham
Augusta Augusta
Escondido Escondido
Chattanooga Chattanooga
Bryan Bryan
Deltona Deltona
BelAir BelAir
Elkhart Elkhart
Champaign Champaign
Anaheim Anaheim
CathedralCity CathedralCity
Amarillo Amarillo
Cincinnati Cincinnati
AppleValley AppleValley
Chandler Chandler
Bridgeport Bridgeport
Dallas Dallas
BonitaSprings BonitaSprings
Alexandria Alexandria
Downey Downey
CapeCoral CapeCoral
