BatonRouge Burbank Bradenton Cambridge Abilene Albuquerque Boston Boulder AtlanticCity Buffalo Bryan Birmingham AnnArbor Beaumont Allentown Arvada Berkeley Atlanta Baltimore Barnstable Augusta Bethlehem Albany Augusta Aurora Aberdeen BoiseCity Aberdeen BonitaSprings Amarillo Anchorage Bellevue BatonRouge
25
BatonRouge BatonRouge
Burbank Burbank
Bradenton Bradenton
Cambridge Cambridge
Abilene Abilene
Albuquerque Albuquerque
Boston Boston
Boulder Boulder
AtlanticCity AtlanticCity
Buffalo Buffalo
Bryan Bryan
Birmingham Birmingham
AnnArbor AnnArbor
Beaumont Beaumont
Arvada Arvada
Berkeley Berkeley
Atlanta Atlanta
Barnstable Barnstable
Bethlehem Bethlehem
Albany Albany
Aurora Aurora
Aberdeen Aberdeen
BoiseCity BoiseCity
Amarillo Amarillo
Anchorage Anchorage
