WNYCV K1ZSD HZ80H XBRKQ URMBF 2FT0Z 77EY5 KRLTG 1NBGE XDKMD F07YB QSI1X 1UWW5 J501P GAXPM 9HVLF BO3AW GXYLV HR8IA OE5TB EQWAL XRQ65 2KYXC 5I6U4 V11OW 1BUOS ZA57Z BMC9X CUG55 H8ZPW ULCTZ 7CXN0 UGOIO XTUSM YMTTJ KB443 X2AM4 TG5ZG 91RFG WJHGG H212X WJHGG WH9QK XPFOM WH9QK 65TK9 HHCET EYREL QTZLJ 42QVU KR27P B8UZ8 1ACIU XD7IR F5YBY 18R1B UUOP5 WNYCV
50
K1ZSD K1ZSD
HZ80H HZ80H
XBRKQ XBRKQ
URMBF URMBF
2FT0Z 2FT0Z
77EY5 77EY5
KRLTG KRLTG
1NBGE 1NBGE
XDKMD XDKMD
F07YB F07YB
QSI1X QSI1X
1UWW5 1UWW5
GAXPM GAXPM
9HVLF 9HVLF
BO3AW BO3AW
GXYLV GXYLV
HR8IA HR8IA
OE5TB OE5TB
EQWAL EQWAL
XRQ65 XRQ65
2KYXC 2KYXC
5I6U4 5I6U4
V11OW V11OW
1BUOS 1BUOS
ZA57Z ZA57Z
BMC9X BMC9X
CUG55 CUG55
H8ZPW H8ZPW
ULCTZ ULCTZ
7CXN0 7CXN0
UGOIO UGOIO
XTUSM XTUSM
YMTTJ YMTTJ
KB443 KB443
X2AM4 X2AM4
TG5ZG TG5ZG
91RFG 91RFG
H212X H212X
XPFOM XPFOM
65TK9 65TK9
HHCET HHCET
EYREL EYREL
QTZLJ QTZLJ
42QVU 42QVU
B8UZ8 B8UZ8
1ACIU 1ACIU
XD7IR XD7IR
F5YBY F5YBY
18R1B 18R1B
UUOP5 UUOP5
