0 2 6 14 30 61 123 61 124 61 30 62 126 62 125 62 30 14 29 59 120 59 119 59 29 60 121 60 122 60 29 14 6 13 28 57 115 57 116 57 28 58 117 58 118 58 28 13 27 55 111 55 112 55 27 56 113 56 114 56 27 13 6 2 5 11 24 50 101 50 102 50 24 49 99 199 99 49 100 49 24 11 23 47 95 191 95 192 95 47 96 193 96 194 96 47 23 48 97 196 97 195 97 48 98 197 98 198 98 48 23 11 5 12 26 54 110 54 109 54 26 53 107 53 108 53 26 12 25 52 106 52 105 52 25 51 103 51 104 51 25 12 5 2 0 1 3 8 18 37 76 153 76 154 76 37 75 151 75 152 75 37 18 38 78 158 78 157 78 38 77 155 77 156 77 38 18 8 17 36 74 149 74 150 74 36 73 147 73 148 73 36 17 35 72 146 72 145 72 35 71 144 71 143 71 35 17 8 3 7 15 32 65 131 65 132 65 32 66 133 66 134 66 32 15 31 63 128 63 127 63 31 64 130 64 129 64 31 15 7 16 34 69 140 69 139 69 34 70 142 70 141 70 34 16 33 68 138 68 137 68 33 67 135 67 136 67 33 16 7 3 1 4 10 22 45 92 185 92 186 92 45 91 184 91 183 91 45 22 46 93 187 93 188 93 46 94 190 94 189 94 46 22 10 21 43 88 177 88 178 88 43 87 176 87 175 87 43 21 44 90 181 90 182 90 44 89 180 89 179 89 44 21 10 4 9 20 41 83 167 83 168 83 41 84 170 84 169 84 41 20 42 86 174 86 173 86 42 85 172 85 171 85 42 20 9 19 40 81 164 81 163 81 40 82 166 82 165 82 40 19 39 80 162 80 161 80 39 79 160 79 159 79 39 19 9 4 1 0
100
123 123
124 124
126 126
125 125
120 120
119 119
121 121
122 122
115 115
116 116
117 117
118 118
111 111
112 112
113 113
114 114
101 101
102 102
199 199
100 100
191 191
192 192
193 193
194 194
196 196
195 195
197 197
198 198
110 110
109 109
107 107
108 108
106 106
105 105
103 103
104 104
153 153
154 154
151 151
152 152
158 158
157 157
155 155
156 156
149 149
150 150
147 147
148 148
146 146
145 145
144 144
143 143
131 131
132 132
133 133
134 134
128 128
127 127
130 130
129 129
140 140
139 139
142 142
141 141
138 138
137 137
135 135
136 136
185 185
186 186
184 184
183 183
187 187
188 188
190 190
189 189
177 177
178 178
176 176
175 175
181 181
182 182
180 180
179 179
167 167
168 168
170 170
169 169
174 174
173 173
172 172
171 171
164 164
163 163
166 166
165 165
162 162
161 161
160 160
159 159
