COM REU AFG REU SAU HRV LCA HRV HMD MMR NPL PRY MOZ PRY BIH AZE BIH BHS BRB BMU BOL BHR BDI BHR BLM BEN BLZ RUS IDN MDG IDN COL IDN KHM SGS LBR SGS PRK NIU CZE CYP DEU CXR DEU CZE NIU PRT ATG MWI ITA NIC ABW NIC IRL NIC AUS NIC NCL EST GIB GHA GEO ESP ECU ESH FRA GBR GIN FSM FIN GAB ETH EGY MYS IRN IOT IRN MYS DZA DOM SAU RWA LUX LAO KNA KGZ CRI MLT PSE NRU CAF CIV BVT LKA KWT LTU LIE CPV MLI CPV MHL MAC MHL CPV COK HND MAR HND GRC GMB NGA NFK ALA NFK JEY PAN MDA GLP NZL SGS MUS DJI DMA DJI MUS MYT ARM AND ALB ARE POL PNG POL MEX SDN SHN CHN COG COD CAN HTI GUM HKG KAZ HKG KOR LBN JPN HUN PAK GNQ NER MTQ NER COM
100
REU REU
AFG AFG
HRV HRV
HMD HMD
MMR MMR
NPL NPL
PRY PRY
MOZ MOZ
AZE AZE
BHS BHS
BMU BMU
BHR BHR
BDI BDI
BLM BLM
BEN BEN
RUS RUS
IDN IDN
COL COL
KHM KHM
SGS SGS
LBR LBR
NIU NIU
CYP CYP
DEU DEU
CXR CXR
ATG ATG
ITA ITA
NIC NIC
ABW ABW
IRL IRL
AUS AUS
GIB GIB
GHA GHA
GEO GEO
ESP ESP
ECU ECU
ESH ESH
FRA FRA
GBR GBR
GIN GIN
FSM FSM
FIN FIN
GAB GAB
EGY EGY
IRN IRN
IOT IOT
DZA DZA
RWA RWA
LUX LUX
LAO LAO
KNA KNA
PSE PSE
NRU NRU
CAF CAF
CIV CIV
LKA LKA
KWT KWT
LTU LTU
LIE LIE
CPV CPV
MLI MLI
MAC MAC
COK COK
HND HND
MAR MAR
GRC GRC
GMB GMB
NFK NFK
ALA ALA
JEY JEY
PAN PAN
MDA MDA
NZL NZL
DJI DJI
DMA DMA
MYT MYT
ARM ARM
ALB ALB
ARE ARE
POL POL
PNG PNG
MEX MEX
SDN SDN
SHN SHN
CHN CHN
COG COG
COD COD
CAN CAN
HTI HTI
GUM GUM
HKG HKG
KAZ KAZ
KOR KOR
LBN LBN
JPN JPN
HUN HUN
PAK PAK
GNQ GNQ
NER NER
MTQ MTQ
