Soda 3 4 23 21 79 65 101 12 94 39 8 30 53 88 83 98 100 22 80 93 71 72 81 73 76 63 47 84 85 59 97 46 15 36 2 67 37 42 25 10 61 19 11 38 148 27 95 29 13 89 54 90 28 9 50 62 20 26 16 43 60 17 41 52 75 56 35 14 68 58 87 96 49 77 55 66 51 78 82 70 32 34 45 57 31 91 48 40 74 5 69 18 92 44 86 64 99 33 24 7 6 Soda
100
3 3
4 4
23 23
21 21
79 79
65 65
101 101
12 12
94 94
39 39
8 8
30 30
53 53
88 88
83 83
98 98
100 100
22 22
80 80
93 93
71 71
72 72
81 81
73 73
76 76
63 63
47 47
84 84
85 85
59 59
97 97
46 46
15 15
36 36
2 2
67 67
37 37
42 42
25 25
10 10
61 61
19 19
11 11
38 38
27 27
95 95
29 29
13 13
89 89
54 54
90 90
28 28
9 9
50 50
62 62
20 20
26 26
16 16
43 43
60 60
17 17
41 41
52 52
75 75
56 56
35 35
14 14
68 68
58 58
87 87
96 96
49 49
77 77
55 55
66 66
51 51
78 78
82 82
70 70
32 32
34 34
45 45
57 57
31 31
91 91
48 48
40 40
74 74
5 5
69 69
18 18
92 92
44 44
86 86
64 64
99 99
33 33
24 24
7 7
6 6
