AY AW AV BM BS CL CN CM CO CM CN CQ CS CP CQ CN CJ CK CJ CN CL BS BM AV AW AU AS AP V AP AQ BL BK BJ CD CC CD BJ BI BJ BK BN BK BL AQ AO AQ AP W X B A B E D F N K N H N M N F I F G F D AC Y AE AD AX AY AZ AG BC BD AI S AI BD BA BD BW BX BE CT BE AM BF BG CA BG CB BG BY AN T R P O P R Q AJ AK AG AZ AY
40
AV AV
CN CN
CO CO
CS CS
CP CP
CK CK
AS AS
V V
AQ AQ
BJ BJ
CC CC
BI BI
BN BN
AO AO
X X
B B
A A
D D
F F
K K
H H
M M
I I
G G
Y Y
AD AD
AX AX
AG AG
S S
BA BA
CT CT
AM AM
BF BF
BG BG
CA CA
CB CB
T T
P P
O O
AJ AJ
