McLaughlinHall CareerCenter MathematicalSciences BotanicalGarden HasteStreetChildDeve EnergyBiosciencesBui GrinnellNaturalArea EtcheverryHall EvansDiamond EastAsianStudiesInst HertzHall PublicAffairsOfficeo ResidentialStudentSe SeniorHall BerkeleyArtMuseumand SimpsonCenterforStud MagnesCollectionofJe WitterRugbyField Unit3ResidentHall EshlemanHall JonesChildStudyCente GianniniHall InsectaryGreenhouse AnnaHeadAlumnaeHall Romeos CNMAT1750ArchSt CampusSharedServices StephensHall GoldmanSchool UCBerkeleyExtension StrawberryCanyonRecr LevineFrickeSoftball GiauqueHall SpiekerAquaticsCompl WomensFacultyClub LegendsAquaticCenter ZellerbachHall FacultyGlade Library BancroftParkingStruc WarrenHall RecreationalSportsFa VisitorCenter KroeberHall SamsPad DurantHall RedwoodGroveBotanica MoffittLibrary McLaughlinHall
48
McLaughlinHall McLaughlinHall
CareerCenter CareerCenter
MathematicalSciences MathematicalSciences
BotanicalGarden BotanicalGarden
HasteStreetChildDeve HasteStreetChildDeve
EnergyBiosciencesBui EnergyBiosciencesBui
GrinnellNaturalArea GrinnellNaturalArea
EtcheverryHall EtcheverryHall
EvansDiamond EvansDiamond
EastAsianStudiesInst EastAsianStudiesInst
HertzHall HertzHall
PublicAffairsOfficeo PublicAffairsOfficeo
ResidentialStudentSe ResidentialStudentSe
SeniorHall SeniorHall
BerkeleyArtMuseumand BerkeleyArtMuseumand
SimpsonCenterforStud SimpsonCenterforStud
MagnesCollectionofJe MagnesCollectionofJe
WitterRugbyField WitterRugbyField
Unit3ResidentHall Unit3ResidentHall
EshlemanHall EshlemanHall
JonesChildStudyCente JonesChildStudyCente
GianniniHall GianniniHall
InsectaryGreenhouse InsectaryGreenhouse
AnnaHeadAlumnaeHall AnnaHeadAlumnaeHall
Romeos Romeos
CNMAT1750ArchSt CNMAT1750ArchSt
CampusSharedServices CampusSharedServices
StephensHall StephensHall
GoldmanSchool GoldmanSchool
UCBerkeleyExtension UCBerkeleyExtension
StrawberryCanyonRecr StrawberryCanyonRecr
LevineFrickeSoftball LevineFrickeSoftball
GiauqueHall GiauqueHall
SpiekerAquaticsCompl SpiekerAquaticsCompl
WomensFacultyClub WomensFacultyClub
LegendsAquaticCenter LegendsAquaticCenter
ZellerbachHall ZellerbachHall
FacultyGlade FacultyGlade
Library Library
BancroftParkingStruc BancroftParkingStruc
WarrenHall WarrenHall
RecreationalSportsFa RecreationalSportsFa
VisitorCenter VisitorCenter
KroeberHall KroeberHall
SamsPad SamsPad
DurantHall DurantHall
RedwoodGroveBotanica RedwoodGroveBotanica
MoffittLibrary MoffittLibrary
