Pantheon Spectre CentaurWarrunner Ziggs Akali Heimerdinger Ezreal Nunu MasterYi SpiritBreaker Rumble NightStalker Tiny Phoenix Galio Magnus Tailyah Malphite Xerath ChaosKnight Lich Kled Jhin Skarner Bard BountyHunter WraithKing Jax ArcWarden Ahri Slark Jayce Lucian CrystalMaiden KogMaw Disruptor Anivia Shyvana Ashe Oracle TrollWarlord Talon Lux Draven Jinx Morgana Bristleback Maokai LoneDruid Pantheon
48
Spectre Spectre
CentaurWarrunner CentaurWarrunner
Ziggs Ziggs
Akali Akali
Heimerdinger Heimerdinger
Ezreal Ezreal
Nunu Nunu
MasterYi MasterYi
SpiritBreaker SpiritBreaker
Rumble Rumble
NightStalker NightStalker
Tiny Tiny
Phoenix Phoenix
Galio Galio
Magnus Magnus
Tailyah Tailyah
Malphite Malphite
Xerath Xerath
ChaosKnight ChaosKnight
Lich Lich
Kled Kled
Jhin Jhin
Skarner Skarner
Bard Bard
BountyHunter BountyHunter
WraithKing WraithKing
Jax Jax
ArcWarden ArcWarden
Ahri Ahri
Slark Slark
Jayce Jayce
Lucian Lucian
CrystalMaiden CrystalMaiden
KogMaw KogMaw
Disruptor Disruptor
Anivia Anivia
Shyvana Shyvana
Ashe Ashe
Oracle Oracle
TrollWarlord TrollWarlord
Talon Talon
Lux Lux
Draven Draven
Jinx Jinx
Morgana Morgana
Bristleback Bristleback
Maokai Maokai
LoneDruid LoneDruid
