Fizz Bane Techies Brewmaster Tristana Puck SpiritBreaker Cassiopeia TahmKench ShadowShaman Vi Omniknight Rengar Azir Heimerdinger Annie DrMundo FacelessVoid Thresh Jayce Ryze Irelia Trundle ShadowDemon CentaurWarrunner Magnus Jinx Nunu Syndra Venomancer BountyHunter Fiddlesticks VelKoz Visage Chen Lucian Tiny Talon Terrorblade Gragas Slark Xayah Kled Orianna Beastmaster NightStalker Quinn KhaZix Mirana Medusa Singed Weaver Sven Slardar Leona Sona Yorick Nasus Viktor Ziggs Morphling WinterWyvern Ekko Kassadin LoneDruid Zilean Sniper Oracle Undying Janna JarvanIV Pantheon DeathProphet Katarina Nidalee Kennen Vladimir Rubick Rumble Zed StormSpirit Amumu Karma Kayn TrollWarlord Huskar Warlock Timbersaw LeBlanc ShadowFiend Fizz
89
Fizz Fizz
Bane Bane
Techies Techies
Brewmaster Brewmaster
Tristana Tristana
Puck Puck
SpiritBreaker SpiritBreaker
Cassiopeia Cassiopeia
TahmKench TahmKench
ShadowShaman ShadowShaman
Vi Vi
Omniknight Omniknight
Rengar Rengar
Azir Azir
Heimerdinger Heimerdinger
Annie Annie
FacelessVoid FacelessVoid
Thresh Thresh
Jayce Jayce
Ryze Ryze
Irelia Irelia
Trundle Trundle
ShadowDemon ShadowDemon
CentaurWarrunner CentaurWarrunner
Magnus Magnus
Jinx Jinx
Nunu Nunu
Syndra Syndra
Venomancer Venomancer
BountyHunter BountyHunter
Fiddlesticks Fiddlesticks
VelKoz VelKoz
Visage Visage
Chen Chen
Lucian Lucian
Tiny Tiny
Talon Talon
Terrorblade Terrorblade
Gragas Gragas
Slark Slark
Xayah Xayah
Kled Kled
Orianna Orianna
Beastmaster Beastmaster
NightStalker NightStalker
Quinn Quinn
KhaZix KhaZix
Mirana Mirana
Medusa Medusa
Singed Singed
Weaver Weaver
Sven Sven
Slardar Slardar
Leona Leona
Sona Sona
Yorick Yorick
Nasus Nasus
Viktor Viktor
Ziggs Ziggs
Morphling Morphling
WinterWyvern WinterWyvern
Ekko Ekko
Kassadin Kassadin
LoneDruid LoneDruid
Zilean Zilean
Sniper Sniper
Oracle Oracle
Undying Undying
Janna Janna
JarvanIV JarvanIV
Pantheon Pantheon
DeathProphet DeathProphet
Katarina Katarina
Nidalee Nidalee
Kennen Kennen
Vladimir Vladimir
Rubick Rubick
Rumble Rumble
Zed Zed
StormSpirit StormSpirit
Amumu Amumu
Karma Karma
Kayn Kayn
TrollWarlord TrollWarlord
Huskar Huskar
Warlock Warlock
Timbersaw Timbersaw
LeBlanc LeBlanc
ShadowFiend ShadowFiend
