0 2 90 94 97 95 93 98 96 101 89 84 83 85 78 77 70 69 75 132 128 105 108 111 117 118 40 34 39 36 44 45 42 43 47 53 51 55 49 30 29 35 27 143 135 142 138 131 134 144 148 5 8 9 133 137 141 23 26 32 25 139 22 16 13 10 4 12 7 114 113 85 28 60 56 64 68 73 81 86 82 80 119 123 125 120 122 127 15 11 18 19 24 109 110 104 76 33 31 66 65 67 62 146 145 0
100
0 0
94 94
97 97
95 95
93 93
98 98
96 96
101 101
89 89
84 84
83 83
85 85
78 78
77 77
70 70
69 69
75 75
132 132
128 128
105 105
108 108
111 111
117 117
118 118
40 40
34 34
39 39
36 36
44 44
45 45
42 42
43 43
47 47
53 53
51 51
55 55
49 49
30 30
29 29
35 35
27 27
143 143
135 135
142 142
138 138
131 131
134 134
148 148
5 5
8 8
9 9
133 133
137 137
141 141
23 23
26 26
32 32
25 25
22 22
16 16
13 13
10 10
4 4
12 12
7 7
114 114
113 113
28 28
60 60
56 56
64 64
68 68
73 73
81 81
86 86
82 82
80 80
119 119
123 123
125 125
120 120
122 122
127 127
15 15
11 11
18 18
19 19
24 24
109 109
110 110
104 104
76 76
33 33
31 31
66 66
65 65
67 67
62 62
146 146
145 145
