187 68 162 185 32 45 70 199 195 63 48 158 94 151 88 153 29 42 37 59 13 120 9 128 181 100 183 122 71 22 109 131 133 148 150 123 15 82 127 101 92 184 126 58 95 65 140 176 159 157 83 53 35 56 33 167 194 80 189 89 54 55 54 97 154 134 163 149 132 149 169 190 72 136 178 161 191 49 77 107 77 2 30 173 166 87 36 179 110 98 66 8 66 172 144 119 144 52 78 164 6 12 152 106 111 21 108 21 90 1 114 79 44 69 171 93 41 146 39 160 165 96 180 117 175 142 73 23 124 18 67 47 67 196 99 7 156 86 187
100
68 68
162 162
32 32
45 45
70 70
199 199
63 63
48 48
94 94
153 153
29 29
42 42
59 59
13 13
120 120
9 9
128 128
181 181
183 183
71 71
109 109
131 131
133 133
148 148
150 150
15 15
82 82
127 127
92 92
184 184
126 126
58 58
95 95
65 65
140 140
176 176
157 157
83 83
53 53
33 33
80 80
89 89
54 54
55 55
97 97
154 154
134 134
163 163
132 132
169 169
190 190
72 72
136 136
161 161
191 191
107 107
2 2
30 30
173 173
166 166
87 87
36 36
110 110
8 8
172 172
119 119
52 52
78 78
164 164
6 6
12 12
152 152
111 111
108 108
90 90
114 114
79 79
44 44
69 69
171 171
93 93
41 41
146 146
39 39
160 160
165 165
180 180
117 117
175 175
142 142
73 73
23 23
124 124
18 18
67 67
47 47
196 196
7 7
156 156
86 86
