0 155 7 39 105 179 135 93 189 157 101 195 43 187 197 71 67 145 171 163 113 5 63 9 185 19 25 37 45 23 139 49 13 109 69 183 83 95 65 55 11 17 3 153 123 121 77 85 97 159 131 165 149 191 29 177 27 91 137 161 147 89 87 61 103 181 79 73 31 107 53 173 21 151 199 127 175 111 15 1 47 115 51 129 35 125 133 59 141 99 117 33 143 81 119 75 193 169 57 167 41 0
100
155 155
7 7
39 39
105 105
179 179
135 135
93 93
189 189
157 157
101 101
195 195
43 43
187 187
197 197
71 71
67 67
145 145
171 171
163 163
113 113
5 5
63 63
9 9
185 185
19 19
25 25
37 37
45 45
23 23
139 139
49 49
13 13
109 109
69 69
183 183
83 83
95 95
65 65
55 55
11 11
17 17
3 3
153 153
123 123
121 121
77 77
85 85
97 97
159 159
131 131
165 165
149 149
191 191
29 29
177 177
27 27
91 91
137 137
161 161
147 147
89 89
87 87
61 61
103 103
181 181
79 79
73 73
31 31
107 107
53 53
173 173
21 21
151 151
199 199
127 127
175 175
111 111
15 15
1 1
47 47
115 115
51 51
129 129
35 35
125 125
133 133
59 59
141 141
99 99
117 117
33 33
143 143
81 81
119 119
75 75
193 193
169 169
57 57
167 167
41 41
