129 99 19 7 96 11 95 57 15 129 137 16 137 129 99 31 88 1 20 66 6 29 22 45 118 96 11 95 185 158 23 67 21 101 170 200 197 51 24 51 197 200 170 121 192 175 26 175 65 185 161 83 30 83 161 179 35 179 76 49 171 156 62 51 197 200 170 101 52 101 170 200 83 59 120 78 5 197 51 62 71 90 77 69 77 90 161 83 161 179 92 13 118 45 94 24 51 197 115 105 115 197 107 36 45 4 111 4 45 36 74 127 113 146 88 115 105 164 38 117 85 184 98 103 192 121 192 103 123 65 185 161 83 146 126 177 171 145 180 86 188 194 134 136 73 170 101 21 182 50 147 50 188 86 105 159 58 170 200 160 108 173 64 119 162 119 94 45 118 166 118 13 92 121 176 121 92 13 133 106 178 106 133 13 92 110 154 193 41 97 101 170 200 170 101 97 41 157 4 157 110 92 9 69 122 12 17 137 124 92 13 92 67 21 140 27 94 45 22 29 182 21 151 33 105 115 108 44 133 102 138 53 165 40 3 90 71 92 43 72 21 101 170 73 161 185 158 84 158 185 95 68 89 145 171 156 62 71 90 152 90 3 40 165 27 94 75 87 181 77 90 3 173 47 190 182 21 101 143 118 5 189 6 29 129
65
7 19
11 16
15 46
16 25
20 1
22 10
23 67
24 94
26 175
30 142
35 55
49 76
51 34
52 145
59 190
62 109
69 61
77 181
83 187
94 139
105 115
107 82
111 4
113 127
115 88
117 85
121 43
123 103
126 196
134 136
136 73
147 166
159 58
160 37
162 49
166 118
176 121
178 106
193 154
200 160
4 157
9 31
12 112
13 133
21 151
27 124
29 22 97
33 184
44 70
53 193
71 64
72 79
73 163
84 7
89 172
145 52
152 91
165 40
181 169
3 100
47 178
101 148
118 13
5 28
6 130
