1 15 177 167 83 167 101 159 31 134 31 66 90 111 157 153 61 193 191 151 198 159 194 23 194 100 92 62 92 117 114 124 164 86 168 140 154 140 33 59 44 88 158 88 80 112 173 164 94 142 181 142 16 12 192 12 162 185 200 69 13 66 31 7 1 15 105 19 161 69 80 20 45 127 31 159 161 38 61 44 59 178 70 80 112 49 77 185 91 166 98 166 118 116 153 157 111 75 130 26 114 122 138 122 114 198 139 198 159 194 180 68 193 161 17 50 118 164 29 33 140 168 32 87 107 13 66 43 66 31 159 187 47 187 198 114 26 48 26 130 75 112 59 33 85 147 61 48 89 14 67 102 67 14 89 121 165 149 88 133 183 112 67 135 67 49 77 139 137 65 143 158 88 80 36 150 162 56 131 182 176 18 92 62 196 185 196 185 199 185 30 5 58 100 6 100 18 114 37 24 37 114 18 168 140 33 140 98 166 46 166 16 41 64 69 68 69 13 5 96 171 109 196 62 92 28 92 62 172 134 31 127 45 166 105 15 1
66
83 28
101 18
134 31
153 61
191 78
198 99
23 13 71
62 60 92
117 51
124 38 49
154 23 55
158 88 96
173 30 53
181 79
192 12 62
200 8 69
7 33 76
15 2 42
19 27 67
20 45 80
31 7 34 66
38 4 63
59 16 44
70 40
77 10 25
91 46 65 75
98 24 52 57
116 14
130 26 68
138 5 70
139 77 82
180 64 97
193 86
17 50 58
29 37
32 87
43 72
47 6
48 89
75 56 74 91
85 90
89 48
102 3
121 35 93
133 84
135 11 39
137 15 43
143 47
150 22 36
162 29 54
182 85
185 73
196 17
199 19
5 81
6 100
18 101
24 98
33 9 59
46 94
64 41
68 21
96 95
109 32
28 83
45 20
