1 94 13 96 16 99 3 35 17 54 98 64 72 63 95 91 95 51 36 88 9 62 81 48 11 99 25 4 76 30 76 53 26 46 42 49 95 63 1 65 88 22 55 66 28 69 15 68 15 2 17 78 70 27 89 79 89 36 88 93 88 36 10 36 55 22 12 93 53 26 32 33 34 33 20 40 60 49 42 46 97 4 50 4 97 55 22 12 93 64 3 39 18 97 46 42 46 97 4 97 55 22 12 93 53 38 19 59 69 29 51 44 18 35 100 45 100 65 1
34
13 12
16 6
54 17
72 45
91 25
9 43
11 19 48
25 4 33
30 20 21
46 26 42
63 44
65 9 10
66 28 30
68 15 23
70 27
79 3 16
93 37
10 35 36
22 40 47
26 32 46
34 39
40 22 31
49 41
50 29
64 2 5
3 18
39 34
42 14 49
4 50
12 13
19 11 38
29 51
44 7 24
45 8
