159 5 153 93 154 2 154 93 65 98 32 79 3 79 57 64 177 5 159 164 6 164 32 189 117 7 117 48 141 36 66 10 171 133 173 152 172 18 172 152 19 137 76 149 23 149 76 137 53 193 24 193 153 93 65 26 65 98 32 79 160 88 29 175 114 31 156 81 30 81 164 159 5 33 5 177 111 34 111 177 64 156 31 114 35 114 92 189 32 141 36 141 142 46 37 46 142 129 41 20 164 81 156 64 156 56 93 70 93 56 96 78 96 56 156 64 57 95 57 79 170 158 99 158 92 114 197 106 197 114 92 189 107 44 83 108 75 77 159 109 159 22 95 57 63 121 63 57 64 156 31 124 31 156 56 93 154 2 125 2 154 93 153 193 53 163 132 163 53 168 195 136 195 152 19 137 76 151 76 137 19 152 173 27 166 27 173 152 19 137 101 1 167 8 193 53 168 195 152 172 152 173 152 19 137 76 184 165 183 165 65 51 148 41 129 74 185 74 158 102 5 159 77 190 77 140 149 23 194 23 181 100 139 71 136 195 118 160 88 131 44 60 196 60 44 107 189 92 114 35 198 35 114 92 189 8 167 1 101 25 138 81 28 9 31 114 175 13 16 84 56 14 56 84 16 84 118 195 152 173 133 17 133 173 27 173 133 17 36 141 32 164 6 52 6 164 159 109 127 137 85 54 200 10 66 10 171 69 138 25 45 72 7 117 189 92 158 74 129 142 46 37 75 77 159 164 32 79 32 164 20 87 91 139 100 181 23 149 140 14 97 14 140 149 76 137 101 137 53 193 153 5 177 111 177 64 130 107 189 117 48 141 142 129 86 119 86 129 142 141 32 189 107 134 107 130 64 156 56 96 162 96 56 93 153 182 153 193 53 137 85 188 61 127 142 129 41 20 164 32 189 107 44 107 130 192 46 192 130 64 57 79 32 189 92 158 102 5 153 182 47 148 41 129 74 158 102 5 159 164 159 5 177 5 153 193 180 193 8 189 59 100 161 141 142 127 137 101 147 59 189 32 98 65 98 32 164 159
90
2 154
3 79
5 102
6 52
7 72
10 200
18 172
19 137
23 181
24 193
26 65
29 88
30 11
33 100
34 111
35 114
36 17
37 46
41 148
64 156
70 93
78 96
95 22
99 158
106 13
107 134
108 38
109 180
121 63
124 31
125 2
132 101
136 71
151 76
166 121
167 15
168 53
172 126
173 133
183 165
185 74
190 77
194 21
195 157
196 60
198 35
1 167
9 28
13 106
14 97 140
16 178
17 36
27 145 169
32 98
52 6
54 85
66 10
69 138 155
72 7 45
74 185
75 37
77 190
79 3 32
91 87 139
97 14
101 132
111 34 128
117 48
119 86
134 107 120
162 191
182 47
188 61
20 24 41
44 4
46 192
57 64
92 116
102 82 123
148 51
158 99
159 109
164 43
177 174
180 122
189 59
100 199
127 146
147 40
65 26
