50 2 50 3 50 5 50 6 50 8 50 11 50 12 50 15 50 16 50 17 50 19 50 20 50 21 50 22 50 24 50 26 50 28 50 32 50 33 50 34 50 35 50 37 50 39 50 42 50 43 50 45 50 46 50 48 50 52 50 58 50 59 50 60 50 63 50 64 50 65 50 66 50 67 50 68 50 70 50 72 50 73 50 74 50 75 50 79 50 87 50 90 50 91 50 93 50 94 50 95 50 97 50 98 50 100 50 103 50 104 50 105 50 106 50 114 50 116 50 119 50 122 50 130 50 131 50 132 50 135 50 137 50 140 50 145 50 149 50 150 50 151 50 152 50 154 50 155 50 158 50 159 50 160 50 163 50 165 50 166 50 167 50 168 50 171 50 173 50 174 50 175 50 178 50 183 50 184 50 188 50 189 50 190 50 191 50 192 50 193 50 194 50 196 50 199 50 109 50
99
2 23
3 29
5 187
6 161
8 41
11 176
12 85
15 51
16 117
17 92
19 169
20 76
21 31
22 101
24 107
26 38
28 129
32 136
33 102
34 112
35 86
37 80
39 1
42 36
43 197
45 55
46 180
48 162
52 108
58 170
59 182
60 115
63 99
64 30
65 198
66 156
67 111
68 128
70 110
72 172
73 153
74 56
75 54
79 69
87 77
90 123
91 71
93 89
94 125
95 186
97 88
98 133
100 195
103 138
104 181
105 44
106 53
114 4
116 61
119 157
122 14
130 127
131 179
132 25
135 7
137 124
140 126
145 177
149 82
150 164
151 134
152 27
154 96
155 81
158 147
159 13
160 0
163 146
165 142
166 113
167 78
168 49
171 144
173 121
174 9
175 139
178 141
183 57
184 148
188 18
189 120
190 185
191 40
192 118
193 83
194 47
196 10
199 143
109 62 84
