129 131 183 47 62 24 191 96 76 169 5 174 1 185 18 180 41 195 16 199 120 186 5 172 31 55 132 110 125 134 125 43 182 91 20 162 8 171 194 71 175 33 149 159 20 74 79 65 177 161 9 129
21
62 4 11 14 17 40 51 55 56 57 82 100 105 109 137 177
191 0 9 39 53 59 63 64 85 96 122 145 180
169 5 26 48 49 58 66 76 89 92 101 103 107 121 157 171
174 2 6 8 16 21 65 87 155 158 197
185 29 33 44 61 88 95 123 175
180 13 25 81 108 142 163 178 191
195 15 160 161 184
199 23 50 98 196
186 128 151 188
172 125 126 156
132 97 110
134 36 152
182 91 99 114 189
162 130 174
171 150 194
194 84
175 183
159 192
74 62
177 190
161 195
