AyBBdkPvTTt19wqt 9jWI53P36dh95 3 Q2PY P 1MHxxU Nstvw8dF9rhja h5 CDuc4XdY7zp 2l90gxx61rTb0CbF 5tQKcAo3 o PHXESKmVA4 o A6gMJKsUfUSuEI76 lP84Whn c9i08aXpBX5L7Y9g 9Ge7Sge1bnha0Jm 360B15fOiy1XBl 1utCvCS3yEzt0HBbKt I4640OD L46h8MG90TBpA8v9 BZa306Pc3 WD8QxBAx49P PHXESKmVA4 1e90fR0FtB7Ev156y Iqcp2LHc0iz446x59 nOMN589D7t0QjhnBj3wn Nstvw8dF9rhja lP84Whn Le6BO3R b817BTo6GdPc96ig2 Le6BO3R lP84Whn Nstvw8dF9rhja 1MHxxU Ls7i6h3d558LQMh6h 3ZLt1fWbH0f1fCMh2 Ls7i6h3d558LQMh6h 1MHxxU iFF184 pwvBbQ870l3Io2K IEtn6zEV03H3 e1M0JsNJ5 IEtn6zEV03H3 r9qUrqog71Fz9gx nw566uv j rcnFY8496Nr2v81Ax d2A2ZPVl61Vtm2kT 1MHxxU Nstvw8dF9rhja 2P201UD8Q w6Z FUnTXn w6Z 2P201UD8Q c2m39UUoMb 2Et5UN6ZJ19iz c2m39UUoMb w22P6su70O6jf3FJ CDuc4XdY7zp h5 Nstvw8dF9rhja 1MHxxU 1wF6 mmF WMKy4XnjMCqO Ut7hqt9A XQxkrBxnI Ut7hqt9A EL5n1KQ3kn Q2PY RYtkT5 usTG0We6G9WDs7Dk RYtkT5 Iqcp2LHc0iz446x59 nOMN589D7t0QjhnBj3wn 5nYY46YfUGovj q7Ehaiz 5nYY46YfUGovj 0Lw86e 1MHxxU Ja l hG8udpL53V 2qbTYSv3J EL5n1KQ3kn Ut7hqt9A MjwmiyLlZn 68ZC6T1G2o9Q95CKs MjwmiyLlZn 7xf20x1m1od50iPHUtr e87h FR3SCSFtuk055ORI zM5l4u83ERoh6lnR78 QE9dXn5y6j2YYh jxDm 3WRvw jxDm 6c1qFsEg9xI A6gMJKsUfUSuEI76 DY34 A6gMJKsUfUSuEI76 o uF131buM7L27 0Lw86e I6 o83v2nI1sQs I6 0Lw86e b19692 6nB9xzJ7b5115Qu5 baJvRpx2qsf2 6nB9xzJ7b5115Qu5 b19692 2qbTYSv3J QyqY4vHYw8HuZ1xqo 2qbTYSv3J 98E9ia5 KIOJyBXM922ydZA5 9e60h3poT1v5TKPk KIOJyBXM922ydZA5 7DmqFE ymzG1qC7YsJFFmeog T8C17MZ6g69gmQ bfYVB7M6I5 M40P0vmSkH961FtFpaR bfYVB7M6I5 Sr IEtn6zEV03H3 pwvBbQ870l3Io2K iFF184 2YlhGrefFhV6JLtw 5tQKcAo3 o PHXESKmVA4 1e90fR0FtB7Ev156y A Ru0A1pKIpZYWG O7W5C8z8H93l MjwmiyLlZn 7xf20x1m1od50iPHUtr O73Lh6 Han188Ox O73Lh6 7xf20x1m1od50iPHUtr Ut7hqt9A 2mk9O8P6 SdP9W8WRSw PdNbuD3b97N264 L46h8MG90TBpA8v9 BZa306Pc3 WD8QxBAx49P PHXESKmVA4 o 7d2Q05crlPi rti 8s3AAaGRDoeQCE9 q7Ehaiz oex2A06Dl q7Ehaiz 5nYY46YfUGovj nOMN589D7t0QjhnBj3wn Nstvw8dF9rhja Ut7hqt9A 7xf20x1m1od50iPHUtr 0 7xf20x1m1od50iPHUtr Ut7hqt9A EL5n1KQ3kn w22P6su70O6jf3FJ EL5n1KQ3kn Q2PY wC12hFFKGF 36Y155M7F1ZG8 JbMQX8p9 AcC1Sh8w37Px0m 8w6aRuq s8xx0T2h jxDm vRH6pA1I75N1 jxDm QE9dXn5y6j2YYh Ru0A1pKIpZYWG A 1e90fR0FtB7Ev156y 1CYyNxk8m7fToc6XLW7T nw566uv j 6c1qFsEg9xI 2mk9O8P6 SdP9W8WRSw kg8257p31rTQvRWjGF NU7gnWcAs4nq66FS E76twn5gNBei01uh2PkH thypPB22BchO3Od9 jY83MVt5i7C19 yd7324WTF DqfU93360y3I66U0 Tk46 DqfU93360y3I66U0 WD8QxBAx49P 0 WMKy4XnjMCqO mmF 1CYyNxk8m7fToc6XLW7T nw566uv r9qUrqog71Fz9gx fJQi1GAp0 r9qUrqog71Fz9gx IEtn6zEV03H3 Sr 9fo1FxSJvnO NU7gnWcAs4nq66FS E76twn5gNBei01uh2PkH MEv16358FQ b5a4h JbMQX8p9 AcC1Sh8w37Px0m 8w6aRuq J68F52raS3n1L6ZYK 336P8 MnF3RrhkA5IuhY Fe5xMwq0a8 2P201UD8Q Nstvw8dF9rhja nOMN589D7t0QjhnBj3wn oyti0PDcb6jz KIOJyBXM922ydZA5 98E9ia5 NESaNvTSnt9E9du 98E9ia5 gv3T5z4 1CYyNxk8m7fToc6XLW7T nw566uv r9qUrqog71Fz9gx d5P0NXv8 r9qUrqog71Fz9gx IEtn6zEV03H3 pwvBbQ870l3Io2K iFF184 2YlhGrefFhV6JLtw 5tQKcAo3 o A6gMJKsUfUSuEI76 6c1qFsEg9xI jxDm 4932 jxDm QE9dXn5y6j2YYh eZEbm b5a4h JbMQX8p9 dQnWD4K3Y uF131buM7L27 0Lw86e I6 0Lw86e 1MHxxU d2A2ZPVl61Vtm2kT eZEbm QE9dXn5y6j2YYh jxDm FKWv88jkw79me jxDm QE9dXn5y6j2YYh iT7 TMULg CDuc4XdY7zp 2l90gxx61rTb0CbF 6qc68848myvIqoZWw 2l90gxx61rTb0CbF CDuc4XdY7zp EnmWLiDA9NE89oNUTbx Han188Ox O73Lh6 2a5Zkf5zd4Va3 E76twn5gNBei01uh2PkH Iqcp2LHc0iz446x59 o 5tQKcAo3 q 5tQKcAo3 o A6gMJKsUfUSuEI76 67zx6J5N914IyP9GV5 A6gMJKsUfUSuEI76 o 5tQKcAo3 2YlhGrefFhV6JLtw c2m39UUoMb 2Et5UN6ZJ19iz cZ9 2Et5UN6ZJ19iz c2m39UUoMb Z93vITe403 Iqcp2LHc0iz446x59 E76twn5gNBei01uh2PkH NU7gnWcAs4nq66FS 9fo1FxSJvnO Sr IEtn6zEV03H3 e1M0JsNJ5 zM5l4u83ERoh6lnR78 QE9dXn5y6j2YYh jxDm s8xx0T2h 8w6aRuq AcC1Sh8w37Px0m JbMQX8p9 36Y155M7F1ZG8 JbMQX8p9 b5a4h MEv16358FQ Fe5xMwq0a8 2P201UD8Q Nstvw8dF9rhja lP84Whn Le6BO3R b817BTo6GdPc96ig2 AyBBdkPvTTt19wqt 9jWI53P36dh95 khC 4B5uWNh7Dl3lRP 8kQ991Y80Dy 0IBy7AQ154pMIDBr2E 2mk9O8P6 Ut7hqt9A EL5n1KQ3kn Q2PY RYtkT5 Iqcp2LHc0iz446x59 nOMN589D7t0QjhnBj3wn Nstvw8dF9rhja lP84Whn Le6BO3R b817BTo6GdPc96ig2 wUtvmN9V14Vw0fcE01F b817BTo6GdPc96ig2 Le6BO3R lP84Whn c9i08aXpBX5L7Y9g 9Ge7Sge1bnha0Jm dQnWD4K3Y pwvBbQ870l3Io2K iFF184 Q2PY EL5n1KQ3kn Ut7hqt9A EL5n1KQ3kn Q2PY wC12hFFKGF Q2PY 3 Q2PY P 1MHxxU Ja l Ja 1MHxxU P Q2PY RYtkT5 8Qe2lSUyQa RYtkT5 Iqcp2LHc0iz446x59 o 7d2Q05crlPi rti 8s3AAaGRDoeQCE9 Ja 1MHxxU P GXFdnTo0Mk b6DdFnSk8qdk45 6nB9xzJ7b5115Qu5 b6DdFnSk8qdk45 GXFdnTo0Mk P 1MHxxU d2A2ZPVl61Vtm2kT eZEbm QE9dXn5y6j2YYh jxDm QE9dXn5y6j2YYh eZEbm d2A2ZPVl61Vtm2kT 1MHxxU P GXFdnTo0Mk P 1MHxxU d2A2ZPVl61Vtm2kT rcnFY8496Nr2v81Ax j nw566uv 1CYyNxk8m7fToc6XLW7T LK1h2AhdhXWb7Czrr 1CYyNxk8m7fToc6XLW7T nw566uv r9qUrqog71Fz9gx d5P0NXv8 tbwtQej 2T6osNpb4 o88qO93T 2T6osNpb4 yd7324WTF NESaNvTSnt9E9du 98E9ia5 2qbTYSv3J EL5n1KQ3kn Q2PY iFF184 Q2PY 3 9jWI53P36dh95 AyBBdkPvTTt19wqt
86
P Q2PY
2l90gxx61rTb0CbF 6qc68848myvIqoZWw
PHXESKmVA4 1e90fR0FtB7Ev156y
c9i08aXpBX5L7Y9g yd7324WTF
L46h8MG90TBpA8v9 I4640OD
1e90fR0FtB7Ev156y 3505
b817BTo6GdPc96ig2 Le6BO3R
3ZLt1fWbH0f1fCMh2 920ucA0jXEv
e1M0JsNJ5 IEtn6zEV03H3
rcnFY8496Nr2v81Ax q
FUnTXn ywj3aNhyxUH
2Et5UN6ZJ19iz khC
h5 MEv16358FQ
1wF6 P6C89a32
XQxkrBxnI Ut7hqt9A
usTG0We6G9WDs7Dk RYtkT5
q7Ehaiz 5nYY46YfUGovj
hG8udpL53V 8Qe2lSUyQa
68ZC6T1G2o9Q95CKs MjwmiyLlZn
e87h FR3SCSFtuk055ORI
3WRvw jxDm
DY34 A6gMJKsUfUSuEI76
o83v2nI1sQs I6
baJvRpx2qsf2 MJ2l1N0ojTC
QyqY4vHYw8HuZ1xqo 3
9e60h3poT1v5TKPk KIOJyBXM922ydZA5
M40P0vmSkH961FtFpaR 9q06155efQSN
2YlhGrefFhV6JLtw iFF184
Ru0A1pKIpZYWG O7W5C8z8H93l
Han188Ox EnmWLiDA9NE89oNUTbx
SdP9W8WRSw kg8257p31rTQvRWjGF
BZa306Pc3 L46h8MG90TBpA8v9
7d2Q05crlPi 36Y155M7F1ZG8
oex2A06Dl q7Ehaiz
0 TByQ7zH089
w22P6su70O6jf3FJ d5P0NXv8
JbMQX8p9 P
vRH6pA1I75N1 pwvBbQ870l3Io2K
A 8w6aRuq
j 6c1qFsEg9xI nw566uv
kg8257p31rTQvRWjGF NU7gnWcAs4nq66FS SdP9W8WRSw
jY83MVt5i7C19 thypPB22BchO3Od9
Tk46 XMV256fk
mmF 1wF6
fJQi1GAp0 r9qUrqog71Fz9gx b6DdFnSk8qdk45
NU7gnWcAs4nq66FS E76twn5gNBei01uh2PkH
8w6aRuq J68F52raS3n1L6ZYK 89ukpivGhdck21Krrh40
336P8 Q
nOMN589D7t0QjhnBj3wn ymzG1qC7YsJFFmeog
oyti0PDcb6jz nOMN589D7t0QjhnBj3wn
NESaNvTSnt9E9du vRH6pA1I75N1
d5P0NXv8 L7Mfs3034VwaB7kd3Z
A6gMJKsUfUSuEI76 c3x9Cmq8W5oa57mjASv
4932 QqvW51K9Cm
b5a4h eZEbm
I6 6v326555i1Io5Z o83v2nI1sQs
FKWv88jkw79me T8C17MZ6g69gmQ
iT7 TMULg 9o4t
6qc68848myvIqoZWw 2l90gxx61rTb0CbF 2T6osNpb4
EnmWLiDA9NE89oNUTbx aCCE Han188Ox
q 8tvL5MpO9J735t
67zx6J5N914IyP9GV5 Tk46
cZ9 2Et5UN6ZJ19iz
9fo1FxSJvnO 68ZC6T1G2o9Q95CKs
zM5l4u83ERoh6lnR78 e1M0JsNJ5
36Y155M7F1ZG8 7DmqFE 7d2Q05crlPi
Fe5xMwq0a8 2P201UD8Q XQxkrBxnI
AyBBdkPvTTt19wqt b817BTo6GdPc96ig2 9jWI53P36dh95
8kQ991Y80Dy 4B5uWNh7Dl3lRP v
RYtkT5 usTG0We6G9WDs7Dk
Le6BO3R d
wUtvmN9V14Vw0fcE01F 1utCvCS3yEzt0HBbKt
dQnWD4K3Y Rf0x16WtfDv uF131buM7L27
Ut7hqt9A p772t3OLqj
wC12hFFKGF dUdv
3 3z4E
l hG8udpL53V 4932
8Qe2lSUyQa b19692
rti qGr382CkPK997QVHAL
6nB9xzJ7b5115Qu5 PELS5
jxDm FKWv88jkw79me
GXFdnTo0Mk JBYT6heC6yE4
LK1h2AhdhXWb7Czrr gv3T5z4
o88qO93T 85682ijoufq1DW
2qbTYSv3J 659Cx
iFF184 2YlhGrefFhV6JLtw
