awsq33VKPi6omYhDxD EEGmmDga qaNF4 a049zYG55Zn66Xbmpdp0 J 3l6XBJU8C1Vc5ugKIhUy J K8FRNDo9AOC85 5J vWPW65z GqPS06 tH7nO948j59TD 10rY1cuVgs IU22L8 10rY1cuVgs XwqXZ5 fnMwNw1M6Naw owJxU5AByA1usDUB3gkv K8FRNDo9AOC85 23LQ1uFKh l 23LQ1uFKh 8L8HD9 fnMwNw1M6Naw a049zYG55Zn66Xbmpdp0 qaNF4 a049zYG55Zn66Xbmpdp0 fnMwNw1M6Naw XwqXZ5 10rY1cuVgs e2CQ 9JJWGryKp1iJ5JrjK3 eh31Ty 4o nOiawiwD0EH865 23LQ1uFKh 8L8HD9 fnMwNw1M6Naw a049zYG55Zn66Xbmpdp0 qaNF4 X1 10rY1cuVgs XwqXZ5 4o eh31Ty 4o 4N9h9q6 4o eh31Ty 5NI1AGh6XyxT39yE LgZ3kgV Vg 3AZZS7ZlVKs4rRsl gE2u1BLhV0VP9W4K 8L8HD9 nOiawiwD0EH865 4o t4g038uD0J7N2MjjK 4o XwqXZ5 EEGmmDga 8AGaG4q0Iof9C 3I3Et2jII8y Tgw4KRLY56280J0 J 3l6XBJU8C1Vc5ugKIhUy ERPMg4g6 3l6XBJU8C1Vc5ugKIhUy GqPS06 tH7nO948j59TD 10rY1cuVgs XwqXZ5 EEGmmDga awsq33VKPi6omYhDxD
23
3l6XBJU8C1Vc5ugKIhUy J
5J b88Y9j2qm7Ik9Uc1Akg
vWPW65z 5NI1AGh6XyxT39yE
IU22L8 10rY1cuVgs
owJxU5AByA1usDUB3gkv fnMwNw1M6Naw
l o2TJY8U
qaNF4 9NiO9NIt6mT a049zYG55Zn66Xbmpdp0
fnMwNw1M6Naw owJxU5AByA1usDUB3gkv
e2CQ B6zwxFUTXP7207OU
4o t4g038uD0J7N2MjjK
23LQ1uFKh l
X1 qaNF4
eh31Ty 4o
4N9h9q6 Tgw4KRLY56280J0
Vg 3l6XBJU8C1Vc5ugKIhUy 3AZZS7ZlVKs4rRsl
gE2u1BLhV0VP9W4K zvAc9Z2d7eDxV
8L8HD9 gE2u1BLhV0VP9W4K
t4g038uD0J7N2MjjK bIXpEU56v5EwRurYx
EEGmmDga awsq33VKPi6omYhDxD
3I3Et2jII8y T930LVMZqWnRhtA
ERPMg4g6 e2CQ
GqPS06 tH7nO948j59TD
10rY1cuVgs IU22L8
