0 11 71 1 71 53 40 4 57 35 18 78 25 6 25 78 18 9 99 5 7 75 96 10 77 16 73 68 11 0 20 0 49 22 49 0 74 36 97 24 97 59 33 18 78 25 78 18 9 99 88 47 27 47 88 99 9 37 29 37 9 18 33 18 9 43 94 89 54 97 46 97 86 76 61 76 28 96 31 70 80 10 14 30 72 30 71 11 68 73 16 77 10 96 75 96 28 76 28 19 2 3 79 3 89 54 21 83 81 84 29 37 9 18 78 85 91 39 54 21 41 1 92 1 71 11 44 37 98 32 93 32 98 37 9 43 94 89 3 2 19 28 12 51 42 23 42 51 12 28 12 45 40 45 11 44 11 0 49 0 11 45 40 4 57 35 59 33 18 9 37 44 60 10 14 51 12 66 36 97 86 39 54 89 3 5 51 14 34 47 80 10 63 10 77 21 41 1 71 11 0
47
1 41
4 40
6 25
7 5
10 14
16 23
20 0
22 49
24 46
25 6
27 47
29 37
33 18
43 9
46 24
61 17
70 31
72 30
73 16
75 7
76 28
79 3
83 21
84 29
85 13
91 39
92 1
93 32
94 43
2 19
12 45
23 42
28 12
40 4
44 11
49 22
57 35
59 33
60 10 44
66 36
86 8
3 2
14 34
47 27
63 48
41 15
0 20 26 38
