73 96 38 5 45 98 21 3 21 98 45 5 1 68 4 7 17 93 64 11 33 92 65 62 12 62 65 92 33 48 13 48 32 1 77 14 17 7 28 40 16 40 28 7 80 21 80 6 29 22 88 27 88 45 77 1 19 36 19 1 68 39 80 7 28 40 13 48 32 41 32 1 19 36 43 12 62 65 92 61 92 68 4 74 66 74 4 68 1 5 38 96 73 96 15 48 33 18 76 18 19 95 79 95 19 1 50 71 9 57 87 57 9 71 50 53 94 2 94 53 34 78 91 28 40 13 47 86 37 86 31 71 9 57 44 57 75 46 99 25 90 68 1 77 45 88 22 70 83 29 86 31 71 50 1 77 1 68 90 68 1 50 78 91 78 50 1 19 95 19 1 68 90 25 99 46 75 57 9 98 69 51 17 7 84 29 86 31 86 29 22 88 38 88 100 60 75 49 75 60 46 99 62 99 25 90 64 11 33 48 15 96 73
44
3 21
5 1
7 84
11 33
12 34
13 48
14 77
16 85
21 98
22 29
27 83
36 19
39 68
40 13
41 82
43 12
61 50
66 74
73 96
76 18
79 15
87 57
94 53
2 27 94
28 81 91
37 76 86
44 49
46 75 99
68 90
70 22
71 9
77 14
90 25
91 78
95 79
99 46
9 71
17 10 93
31 66
38 5 8
49 44
60 100
62 65
64 11
