Soda loc3 loc179 loc2 loc43 loc27 loc164 loc47 loc87 loc192 loc170 loc196 loc142 loc7 loc142 loc196 loc16 loc196 loc170 loc192 loc87 loc47 loc164 loc111 loc29 loc111 loc193 loc35 loc134 loc33 loc134 loc99 loc115 loc164 loc47 loc52 loc47 loc164 loc27 loc43 loc179 loc58 loc179 loc43 loc27 loc77 loc56 loc159 loc110 loc69 loc110 loc159 loc56 loc77 loc27 loc43 loc179 loc80 loc179 loc43 loc27 loc164 loc47 loc87 loc47 loc164 loc111 loc30 loc39 loc198 loc166 loc109 loc119 loc125 loc28 loc198 loc39 loc30 loc111 loc193 loc35 loc134 loc99 loc115 loc141 loc77 loc173 loc107 loc146 loc107 loc173 loc77 loc27 loc43 loc162 loc43 loc27 loc77 loc56 loc174 loc56 loc77 loc164 loc47 loc87 loc192 loc87 loc47 loc164 loc27 loc43 loc179 loc3 Soda loc3 loc179 loc63 loc4 loc63 loc5 loc179 loc53 loc25 loc106 loc172 loc6 loc172 loc106 loc25 loc53 loc179 loc43 loc27 loc169 loc111 loc11 loc111 loc169 loc27 loc43 loc82 loc129 loc17 loc23 loc74 loc13 loc74 loc23 loc17 loc129 loc92 loc57 loc157 loc59 loc20 loc40 loc137 loc75 loc92 loc43 loc27 loc169 loc111 loc30 loc39 loc30 loc111 loc169 loc27 loc43 loc92 loc75 loc137 loc40 loc137 loc75 loc92 loc151 loc104 loc163 loc42 loc163 loc104 loc43 loc50 loc43 loc27 loc164 loc47 loc87 loc192 loc170 loc196 loc51 loc196 loc170 loc192 loc87 loc47 loc164 loc77 loc56 loc77 loc27 loc43 loc92 loc57 loc157 loc59 loc157 loc57 loc72 loc57 loc92 loc43 loc50 loc83 loc50 loc43 loc27 loc164 loc47 loc87 loc192 loc170 loc196 loc51 loc103 loc51 loc196 loc170 loc192 loc87 loc47 loc164 loc111 loc112 loc111 loc169 loc27 loc43 loc82 loc129 loc17 loc23 loc74 loc13 loc34 loc118 loc14 loc121 loc14 loc34 loc13 loc74 loc23 loc17 loc129 loc168 loc43 loc27 loc169 loc111 loc30 loc136 loc30 loc111 loc169 loc27 loc43 loc179 loc53 loc140 loc53 loc179 loc43 loc27 loc164 loc47 loc87 loc192 loc170 loc196 loc142 loc196 loc170 loc192 loc87 loc47 loc164 loc27 loc43 loc179 loc53 loc25 loc106 loc36 loc145 loc156 loc145 loc36 loc106 loc25 loc53 loc179 loc104 loc163 loc104 loc129 loc17 loc23 loc74 loc13 loc34 loc84 loc167 loc84 loc34 loc13 loc74 loc23 loc17 loc129 loc179 loc199 loc179 loc129 loc17 loc23 loc17 loc129 loc179 loc53 loc25 loc53 loc179 loc43 loc27 loc169 loc111 loc31 loc111 loc169 loc27 loc43 loc82 loc129 loc17 loc23 loc74 loc13 loc34 loc32 loc34 loc13 loc74 loc23 loc17 loc129 loc179 loc53 loc179 loc92 loc57 loc92 loc129 loc17 loc23 loc74 loc13 loc34 loc84 loc34 loc14 loc34 loc13 loc74 loc23 loc17 loc129 loc168 loc43 loc27 loc169 loc111 loc30 loc111 loc169 loc27 loc43 loc82 loc129 loc17 loc23 loc74 loc13 loc34 loc138 loc34 loc13 loc74 loc23 loc17 loc129 loc168 loc43 loc27 loc37 loc95 loc102 loc22 loc27 loc43 loc179 loc3 Soda
62
loc2 loc90
loc7 loc142
loc16 loc61
loc29 loc111
loc33 loc9
loc52 loc126
loc58 loc53
loc69 loc146
loc80 loc199
loc87 loc192
loc119 loc109
loc125 loc28
loc134 loc35
loc146 loc107
loc162 loc65
loc174 loc173
loc192 loc170
Soda loc3 loc106
loc3 Soda loc64
loc4 loc82 loc151
loc5 loc45
loc6 loc156 loc172
loc11 loc30
loc13 loc34 loc74
loc17 loc23 loc94
loc20 loc40 loc59
loc39 loc136
loc40 loc20 loc137
loc42 loc163 loc171
loc50 loc83
loc51 loc103 loc155
loc56 loc77
loc59 loc157
loc72 loc57 loc75
loc83 loc50
loc103 loc51
loc112 loc128
loc118 loc14
loc121 loc88
loc136 loc39
loc140 loc25
loc142 loc7 loc185
loc145 loc36
loc156 loc6 loc145
loc163 loc42 loc154
loc167 loc84 loc97
loc199 loc80
loc23 loc17
loc25 loc140
loc31 loc24
loc32 loc138 loc189
loc53 loc58
loc57 loc72
loc74 loc13
loc84 loc167
loc14 loc118 loc121
loc30 loc11
loc138 loc32
loc37 loc8 loc95 loc100 loc181 loc188 loc193 loc194
loc95 loc10 loc15 loc26 loc37 loc55 loc79 loc114 loc147 loc165 loc180 loc183
loc102 loc22 loc41 loc101 loc131 loc141
loc22 loc38 loc122
