0 84 6 66 24 51 16 8 57 74 12 70 17 70 35 54 96 37 97 4 19 39 45 83 49 83 53 88 63 88 20 67 20 75 91 71 91 75 72 97 12 74 67 78 87 85 92 94 51 16 8 99 82 97 37 3 11 68 89 5 89 34 81 10 81 34 89 5 15 5 89 34 51 31 4 19 39 19 4 31 43 31 51 34 60 34 51 24 66 6 84 81 34 51 31 4 97 82 99 91 99 8 95 8 16 59 7 1 90 11 90 51 16 80 98 23 44 34 51 24 51 31 4 21 29 53 83 49 40 49 83 27 61 2 26 96 54 35 72 97 4 21 89 17 70 35 72 84 0
43
0 31
6 7
8 16
12 18
17 46
35 28
37 3
45 39
49 40
53 29
63 24
67 20
71 49
72 35
74 12
78 2
87 30
94 14
99 8
3 11 37
5 15
10 1 33
15 5
31 4 43
39 19 45
43 38
60 34
66 6
81 10
82 36
91 23
95 9
1 32
11 13
16 42
23 44
24 25
29 21 22
40 48
61 27 50
96 26
4 47
70 17 41
