75 55 49 6 49 22 8 12 64 40 11 40 76 18 13 7 74 36 33 14 52 25 9 39 15 50 17 50 15 39 57 23 57 39 49 41 33 36 74 7 13 35 13 7 74 36 74 1 63 37 10 70 29 43 29 1 63 46 55 49 6 50 15 39 9 59 67 8 12 18 62 18 81 64 99 69 99 72 99 21 5 73 0 40 76 40 0 40 64 2 20 25 9 59 67 8 12 18 81 16 27 1 29 43 83 40 76 41 49 41 70 52 4 56 53 42 32 89 75 16 81 19 77 70 10 37 78 11 51 79 51 0 82 92 82 0 45 7 45 54 28 97 42 32 42 53 56 44 5 21 68 55 68 21 5 21 68 55 75
44
6 49
8 12
11 86
13 7
14 52
15 92
17 43
23 57
33 36
35 13
36 74
37 94
43 29
46 55
50 44
59 9
62 77
69 98
72 58
73 96
76 47
0 73 82
2 64
9 25 59
12 91
16 75 81
27 34
29 80
40 76
49 48
52 4
53 42 56
75 89
77 62
78 31 69
79 65
92 26
7 87
28 3 97
32 84
42 32
44 90
55 46
5 21
