mdyuzxshey vkrlpmybdj tvcolajnao ouxenssqdu qydclznxrd cmdqzmgvfi tmrnpjqnxx wtlzrefwav jrmlkfexfk gllungmori rkyixxpcbx eooyfwmxln rkyixxpcbx gllungmori jrmlkfexfk wtlzrefwav hsjqtjkukk smwxdupkdv koawdpgqdx qzdrdcxoib koawdpgqdx smwxdupkdv hsjqtjkukk wtlzrefwav jrmlkfexfk gllungmori rkyixxpcbx optviwhmbr ixyurvbpvu uooysjrxsb seeyrseflx vugkhjygfe seeyrseflx uooysjrxsb ixyurvbpvu hkempoemlv mswyvpdrsy lndsfxewdc zpybghfdbe cmdqzmgvfi qydclznxrd ouxenssqdu zmfuudfatm ouxenssqdu qydclznxrd psiebvskfb bswhowadhl wtyqwjwskq yiwwdwbzth jqtguzxxsl hadchvmijq wynbxuuxru epdwcjuvdr wtlzrefwav hsjqtjkukk smwxdupkdv koawdpgqdx smwxdupkdv hsjqtjkukk wtlzrefwav epdwcjuvdr wynbxuuxru hadchvmijq phknwbtipl kdujdjjwot ebqxbaqnmm zumetrybth tvuprbwofb zumetrybth ebqxbaqnmm zpjhxyylhb rnpokwoqgt zpjhxyylhb ebqxbaqnmm kdujdjjwot sinegnctim kdujdjjwot phknwbtipl hadchvmijq wynbxuuxru epdwcjuvdr wtlzrefwav hsjqtjkukk smwxdupkdv koawdpgqdx unihwwnyqz qepegujmaa xtvbrolacp iwdghbmiai xtvbrolacp qepegujmaa unihwwnyqz koawdpgqdx smwxdupkdv hsjqtjkukk wtlzrefwav epdwcjuvdr wynbxuuxru hadchvmijq xplqpgpbvq lkvobxyfca xplqpgpbvq hadchvmijq wynbxuuxru epdwcjuvdr wtlzrefwav xawkqmfmmx wtlzrefwav epdwcjuvdr wynbxuuxru hadchvmijq jqtguzxxsl yiwwdwbzth xftptyrlvl knfzsnhzvx oewptytlja nwlccbonas oewptytlja owusjcmdkp lnicnhmajr oggftsricu qgfchcatzi syxecaxosc ixyurvbpvu uooysjrxsb seeyrseflx uooysjrxsb ixyurvbpvu siatqqydwf bulywvvpni zjbarjhmau kdujdjjwot ebqxbaqnmm zpjhxyylhb ebqxbaqnmm kdujdjjwot zjbarjhmau bulywvvpni siatqqydwf ahqdrcepub siatqqydwf ixyurvbpvu optviwhmbr rkyixxpcbx gllungmori jrmlkfexfk wtlzrefwav hsjqtjkukk smwxdupkdv koawdpgqdx unihwwnyqz qepegujmaa xtvbrolacp qepegujmaa unihwwnyqz koawdpgqdx smwxdupkdv hsjqtjkukk wtlzrefwav tmrnpjqnxx cmdqzmgvfi qydclznxrd ouxenssqdu tvcolajnao vkrlpmybdj jatkaoyfxb bnmegnfgii jatkaoyfxb vkrlpmybdj tvcolajnao ouxenssqdu qydclznxrd cmdqzmgvfi qfbvncxldf cmdqzmgvfi qydclznxrd ouxenssqdu tvcolajnao qcktwemqbm pymtnhypxd xkasbvrrxd eysfgfavho wtjzgzopuw lndsfxewdc mswyvpdrsy hkempoemlv ixyurvbpvu syxecaxosc qgfchcatzi oggftsricu lnicnhmajr oggftsricu qgfchcatzi syxecaxosc ixyurvbpvu siatqqydwf ahqdrcepub lazlsvgukx ahqdrcepub siatqqydwf ixyurvbpvu syxecaxosc qgfchcatzi oggftsricu lnicnhmajr owusjcmdkp oewptytlja nwlccbonas fxuhthwjjp nwlccbonas oewptytlja owusjcmdkp lnicnhmajr oggftsricu qgfchcatzi syxecaxosc ixyurvbpvu siatqqydwf bulywvvpni zjbarjhmau wkwwcqjtxf qcktwemqbm tvcolajnao vkrlpmybdj mdyuzxshey mysadifwma mdyuzxshey vkrlpmybdj tvcolajnao qcktwemqbm pymtnhypxd xkasbvrrxd yhpfnjjqmm fznfvsgjhc hkempoemlv ixyurvbpvu siatqqydwf bulywvvpni zjbarjhmau kdujdjjwot phknwbtipl eysfgfavho wtjzgzopuw euqbrkzdsw chjuuxuacs euqbrkzdsw wtjzgzopuw lndsfxewdc zpybghfdbe cmdqzmgvfi qydclznxrd ouxenssqdu qydclznxrd cmdqzmgvfi zpybghfdbe bswhowadhl wtyqwjwskq yiwwdwbzth xftptyrlvl jedsthbmzo xftptyrlvl yiwwdwbzth jqtguzxxsl hadchvmijq wynbxuuxru epdwcjuvdr wtlzrefwav tmrnpjqnxx cmdqzmgvfi zpybghfdbe bswhowadhl zpybghfdbe lndsfxewdc bulywvvpni zjbarjhmau kdujdjjwot phknwbtipl hadchvmijq wynbxuuxru epdwcjuvdr wtlzrefwav jrmlkfexfk gllungmori rkyixxpcbx optviwhmbr ixyurvbpvu siatqqydwf bulywvvpni zjbarjhmau wkwwcqjtxf qcktwemqbm tvcolajnao vkrlpmybdj mdyuzxshey vkrlpmybdj jatkaoyfxb zumetrybth ebqxbaqnmm kdujdjjwot phknwbtipl hadchvmijq jqtguzxxsl yiwwdwbzth xftptyrlvl yiwwdwbzth wtyqwjwskq bswhowadhl zpybghfdbe cmdqzmgvfi zpybghfdbe bswhowadhl oegfbrwyrp lbuiysostx idfvjoquhh xkasbvrrxd yhpfnjjqmm fznfvsgjhc hkempoemlv ixyurvbpvu siatqqydwf bulywvvpni zjbarjhmau kdujdjjwot ebqxbaqnmm zumetrybth jatkaoyfxb vkrlpmybdj tvcolajnao ouxenssqdu qydclznxrd cmdqzmgvfi tmrnpjqnxx wtlzrefwav jrmlkfexfk gllungmori rkyixxpcbx gllungmori jrmlkfexfk wtlzrefwav tmrnpjqnxx cmdqzmgvfi qydclznxrd ouxenssqdu tvcolajnao vkrlpmybdj mdyuzxshey
46
eooyfwmxln rkyixxpcbx
qzdrdcxoib koawdpgqdx
vugkhjygfe seeyrseflx
zmfuudfatm vkrlpmybdj
psiebvskfb qydclznxrd
jqtguzxxsl hadchvmijq
koawdpgqdx aokbiptbzc
tvuprbwofb zumetrybth
rnpokwoqgt tgbmxdmvwe
sinegnctim kdujdjjwot
iwdghbmiai xtvbrolacp
lkvobxyfca fznfvsgjhc
xawkqmfmmx wtlzrefwav
nwlccbonas oewptytlja
seeyrseflx vugkhjygfe
zpjhxyylhb ebqxbaqnmm
ahqdrcepub lazlsvgukx
xtvbrolacp qepegujmaa
bnmegnfgii jatkaoyfxb
qfbvncxldf cmdqzmgvfi
pymtnhypxd qcktwemqbm
mswyvpdrsy lndsfxewdc
lnicnhmajr owusjcmdkp
lazlsvgukx ahqdrcepub
fxuhthwjjp nwlccbonas
syxecaxosc gwnccktgki
mysadifwma mdyuzxshey
fznfvsgjhc lkvobxyfca
zjbarjhmau bulywvvpni
chjuuxuacs lnicnhmajr euqbrkzdsw
ouxenssqdu zmfuudfatm
jedsthbmzo xftptyrlvl
epdwcjuvdr wynbxuuxru
bswhowadhl wtyqwjwskq psiebvskfb
kdujdjjwot zjbarjhmau
jrmlkfexfk gllungmori
ixyurvbpvu optviwhmbr
mdyuzxshey mysadifwma
hadchvmijq jqtguzxxsl
xftptyrlvl jedsthbmzo knfzsnhzvx
cmdqzmgvfi qfbvncxldf
idfvjoquhh lbuiysostx
hkempoemlv mswyvpdrsy
ebqxbaqnmm ljhmnbaicr
jatkaoyfxb bnmegnfgii
rkyixxpcbx eooyfwmxln
