evdoyagqfp xftptyrlvl jqtguzxxsl wynbxuuxru epdwcjuvdr kgktiatgjn lkvobxyfca eysfgfavho bpbbtoptwg opmnfgpclg tvuprbwofb zumetrybth tvuprbwofb opmnfgpclg tgbmxdmvwe opmnfgpclg bpbbtoptwg rnpokwoqgt bpbbtoptwg rfcbhdtwvm syxecaxosc oddoubpfzn sjtuxgdwms iwdghbmiai sjtuxgdwms oddoubpfzn cdqkyomyxw vkrlpmybdj jrusiskazm ichabbvkhm zjbarjhmau ichabbvkhm oavtmpaqji oownpsyviv rnpokwoqgt bpbbtoptwg eysfgfavho lkvobxyfca kgktiatgjn epdwcjuvdr wynbxuuxru jqtguzxxsl xftptyrlvl xawkqmfmmx xftptyrlvl jqtguzxxsl optviwhmbr ivugtsvtqb guuudgvhny vugkhjygfe xywdziunpr oggftsricu xywdziunpr vugkhjygfe guuudgvhny ivugtsvtqb optviwhmbr jqtguzxxsl smwxdupkdv jqtguzxxsl wynbxuuxru lazlsvgukx ymvlfsdhbu xsjzeyxnpw bswhowadhl ljhmnbaicr qgfchcatzi cmdqzmgvfi rlxmdzqomd gkcfktyute phknwbtipl wirlbujvjm kdujdjjwot xplqpgpbvq unihwwnyqz kijbyyuzhd gwnccktgki kijbyyuzhd ztvejhcxjs nfvvjywhsb uooysjrxsb xftptyrlvl evdoyagqfp xftptyrlvl qbiylslccb kvxwqiryyu sjtuxgdwms oddoubpfzn syxecaxosc rfcbhdtwvm xtvbrolacp rfcbhdtwvm bpbbtoptwg opmnfgpclg xsjzeyxnpw ymvlfsdhbu aokbiptbzc ymvlfsdhbu xsjzeyxnpw opmnfgpclg tgbmxdmvwe qqtzqvrvyc frwgnrofof lbuiysostx lndsfxewdc khisjiexts afrdrejwtp pwgublhwxg pymtnhypxd frfueiglva ymvlfsdhbu xsjzeyxnpw opmnfgpclg knfzsnhzvx qcktwemqbm knfzsnhzvx opmnfgpclg bpbbtoptwg eysfgfavho wtlzrefwav bimtbhwsby yhpfnjjqmm bimtbhwsby ijbfzrqwct bbwcqzwyoz nwlccbonas xguvjomcdt phknwbtipl wirlbujvjm hsjqtjkukk jatkaoyfxb nbjyrygtdh czvqvijjlb seeyrseflx hkempoemlv seeyrseflx czvqvijjlb nbjyrygtdh ymvlfsdhbu lazlsvgukx wynbxuuxru tmrnpjqnxx wynbxuuxru oegfbrwyrp ebqxbaqnmm ytidnmibdj owusjcmdkp ytidnmibdj siatqqydwf wtyqwjwskq fznfvsgjhc wtyqwjwskq ahqdrcepub byyqgjwsrp rfcbhdtwvm kyblmbvqtv rfcbhdtwvm bpbbtoptwg ybdknfjgrw epdwcjuvdr wynbxuuxru jqtguzxxsl optviwhmbr vfdsalrajq optviwhmbr jqtguzxxsl smwxdupkdv tvcolajnao xqwyvbvueh vqakgbtmpu eaozvwjoso ldnozwuuuq frfueiglva ymvlfsdhbu xsjzeyxnpw opmnfgpclg knfzsnhzvx etdxtwotzh qepegujmaa pcilmgdrgc jqtguzxxsl xftptyrlvl uooysjrxsb nfvvjywhsb ztvejhcxjs kijbyyuzhd wtyqwjwskq fznfvsgjhc imkzafjljw fznfvsgjhc wtyqwjwskq kijbyyuzhd unihwwnyqz xplqpgpbvq xknpudafue guuudgvhny vugkhjygfe xywdziunpr yqwistxtxc mswyvpdrsy awqmxektil rfcbhdtwvm bpbbtoptwg opmnfgpclg xsjzeyxnpw bswhowadhl tgkujfknod bswhowadhl xsjzeyxnpw opmnfgpclg tgbmxdmvwe qqtzqvrvyc kwbnyneokj uhalgukdzb dnmgxnhbgi eaozvwjoso vqakgbtmpu xqwyvbvueh tvcolajnao smwxdupkdv jqtguzxxsl pcilmgdrgc wwqchwdmtx jedsthbmzo euqbrkzdsw zivwgfcxqi phknwbtipl fdgcygwgjf rnpokwoqgt bpbbtoptwg opmnfgpclg knfzsnhzvx qcktwemqbm cdqkyomyxw vkrlpmybdj jrusiskazm gjmmikaxih byyqgjwsrp euqbrkzdsw zivwgfcxqi phknwbtipl wirlbujvjm hsjqtjkukk jatkaoyfxb nbjyrygtdh cpwyxulkjm jfccyptuug uddkspyqjc jfccyptuug cpwyxulkjm nbjyrygtdh czvqvijjlb seeyrseflx jrmlkfexfk scesbtewjx xfsfninwab scesbtewjx jrmlkfexfk osdeymjeil wkwwcqjtxf lkvtxfwozs wkwwcqjtxf koawdpgqdx xtraxybdhx koawdpgqdx pdljcbluhp ljhmnbaicr bswhowadhl xsjzeyxnpw ymvlfsdhbu nbjyrygtdh cpwyxulkjm jfccyptuug sinegnctim owusjcmdkp ytidnmibdj siatqqydwf wtyqwjwskq kvfpaspidv zpjhxyylhb jwcdeoubpx zpjhxyylhb bswhowadhl ljhmnbaicr qgfchcatzi cmdqzmgvfi rlxmdzqomd cttlxdtaiw xzwkhxkxjr pbefrggyje unihwwnyqz vnzypgtlkj unihwwnyqz pbefrggyje xwrvhrxnqy ebqxbaqnmm oegfbrwyrp wynbxuuxru qzdrdcxoib wynbxuuxru epdwcjuvdr eqdxeqvtsb xnppuesbrr gllungmori xnppuesbrr pbefrggyje xzwkhxkxjr cttlxdtaiw zmfuudfatm cttlxdtaiw byyqgjwsrp gjmmikaxih jrusiskazm vkrlpmybdj lndsfxewdc khisjiexts afrdrejwtp wtlzrefwav mdyuzxshey ouxenssqdu kvfpaspidv zpjhxyylhb jwcdeoubpx hofbtczdgp pwgublhwxg pymtnhypxd jrmlkfexfk seeyrseflx xeigbnzhbj oggftsricu xywdziunpr yqwistxtxc nbjyrygtdh cpwyxulkjm jfccyptuug sinegnctim owusjcmdkp ytidnmibdj ebqxbaqnmm xwrvhrxnqy qydclznxrd ljhmnbaicr qgfchcatzi cmdqzmgvfi qgfchcatzi ljhmnbaicr qydclznxrd xwrvhrxnqy ebqxbaqnmm oegfbrwyrp wynbxuuxru jqtguzxxsl optviwhmbr jqtguzxxsl pcilmgdrgc wwqchwdmtx jedsthbmzo euqbrkzdsw byyqgjwsrp cttlxdtaiw xzwkhxkxjr pbefrggyje unihwwnyqz kijbyyuzhd wtyqwjwskq siatqqydwf fczruomdab eooyfwmxln epdwcjuvdr eqdxeqvtsb xnppuesbrr pbefrggyje xwrvhrxnqy ebqxbaqnmm ytidnmibdj lnicnhmajr qpxtrjvxpe qiqnnrlapz spdafzaivh ldnozwuuuq eaozvwjoso dnmgxnhbgi eaozvwjoso ldnozwuuuq frfueiglva ymvlfsdhbu lazlsvgukx wynbxuuxru jqtguzxxsl xftptyrlvl mysadifwma robpunozly mysadifwma xftptyrlvl uooysjrxsb nfvvjywhsb ztvejhcxjs kijbyyuzhd wtyqwjwskq ahqdrcepub gbdejcnknd ahqdrcepub byyqgjwsrp tmatbexcil qpxtrjvxpe qiqnnrlapz qpxtrjvxpe tmatbexcil byyqgjwsrp cttlxdtaiw byyqgjwsrp tmatbexcil qpxtrjvxpe lnicnhmajr aruwdskzta vugkhjygfe aruwdskzta lnicnhmajr qpxtrjvxpe tmatbexcil byyqgjwsrp euqbrkzdsw jedsthbmzo euqbrkzdsw zivwgfcxqi phknwbtipl xguvjomcdt nwlccbonas xguvjomcdt phknwbtipl zivwgfcxqi euqbrkzdsw byyqgjwsrp gjmmikaxih byyqgjwsrp wtjzgzopuw wkwwcqjtxf koawdpgqdx qepegujmaa ixyurvbpvu qepegujmaa pcilmgdrgc jqtguzxxsl smwxdupkdv tvcolajnao lcrihrmoqu tgbmxdmvwe qqtzqvrvyc frwgnrofof lbuiysostx lndsfxewdc eqdxeqvtsb epdwcjuvdr wynbxuuxru jqtguzxxsl pcilmgdrgc qepegujmaa koawdpgqdx pdljcbluhp cmdqzmgvfi qgfchcatzi yriqtwavfx uhalgukdzb fczruomdab eooyfwmxln epdwcjuvdr wynbxuuxru jqtguzxxsl xftptyrlvl evdoyagqfp
88
eysfgfavho wtlzrefwav
zumetrybth vugkhjygfe
tgbmxdmvwe lcrihrmoqu
rnpokwoqgt fdgcygwgjf
iwdghbmiai kvxwqiryyu
zjbarjhmau ichabbvkhm
lkvobxyfca kgktiatgjn
xawkqmfmmx evdoyagqfp
oggftsricu xywdziunpr
smwxdupkdv tvcolajnao
bswhowadhl tgkujfknod
gkcfktyute xkasbvrrxd
gwnccktgki kijbyyuzhd
evdoyagqfp xawkqmfmmx
xtvbrolacp afrdrejwtp
aokbiptbzc ymvlfsdhbu
lbuiysostx lndsfxewdc
pymtnhypxd jrmlkfexfk
qcktwemqbm xychpimpzb
knfzsnhzvx etdxtwotzh
yhpfnjjqmm bimtbhwsby
bbwcqzwyoz nwlccbonas
hsjqtjkukk bbczvyonym
hkempoemlv seeyrseflx
tmrnpjqnxx wynbxuuxru
owusjcmdkp stdiixwrjc
fznfvsgjhc ouxenssqdu
kyblmbvqtv tmatbexcil
vfdsalrajq optviwhmbr
vqakgbtmpu xqwyvbvueh
etdxtwotzh qepegujmaa
nfvvjywhsb uooysjrxsb
imkzafjljw tmrnpjqnxx
xknpudafue guuudgvhny
rfcbhdtwvm byyqgjwsrp
tgkujfknod bswhowadhl
qqtzqvrvyc tgbmxdmvwe
eaozvwjoso ldnozwuuuq
wwqchwdmtx pcilmgdrgc
fdgcygwgjf rnpokwoqgt
cdqkyomyxw vkrlpmybdj
zivwgfcxqi euqbrkzdsw
wirlbujvjm hsjqtjkukk
uddkspyqjc yiwwdwbzth
xfsfninwab scesbtewjx
lkvtxfwozs wkwwcqjtxf
xtraxybdhx bulywvvpni
cpwyxulkjm nbjyrygtdh
ytidnmibdj lnicnhmajr
jwcdeoubpx hofbtczdgp
rlxmdzqomd cttlxdtaiw
vnzypgtlkj gbdejcnknd
qzdrdcxoib voaumgrcuj
gllungmori qxuqrfzzob xnppuesbrr
zmfuudfatm afortwurqt
vkrlpmybdj jrusiskazm
ouxenssqdu mdyuzxshey kvfpaspidv
seeyrseflx hkempoemlv
xywdziunpr oggftsricu
jfccyptuug cpwyxulkjm
ebqxbaqnmm oegfbrwyrp xwrvhrxnqy
cmdqzmgvfi qgfchcatzi pdljcbluhp
qydclznxrd oavtmpaqji
optviwhmbr vfdsalrajq ivugtsvtqb
euqbrkzdsw zivwgfcxqi
xzwkhxkxjr pbefrggyje
fczruomdab eooyfwmxln uhalgukdzb
xnppuesbrr eqdxeqvtsb
xwrvhrxnqy xifuopshzj
spdafzaivh qiqnnrlapz
dnmgxnhbgi vnzypgtlkj
ymvlfsdhbu aokbiptbzc
robpunozly bnmegnfgii mysadifwma
gbdejcnknd ahqdrcepub
tmatbexcil qpxtrjvxpe
qiqnnrlapz osdeymjeil
cttlxdtaiw zmfuudfatm
vugkhjygfe aruwdskzta
jedsthbmzo wwqchwdmtx qxfgqgbbdn
nwlccbonas bbwcqzwyoz xguvjomcdt itbfnxnauh
gjmmikaxih lkvtxfwozs
ixyurvbpvu qfbvncxldf
tvcolajnao smwxdupkdv
lndsfxewdc kyrhqthnvz
pcilmgdrgc ivgbjyugdu
koawdpgqdx psiebvskfb
yriqtwavfx gucdicwxmb rkyixxpcbx
xftptyrlvl fluzhooehk
