0 42 50 51 42 32 52 53 32 19 54 55 19 6 56 57 6 16 58 59 16 1 60 61 1 23 62 63 23 40 64 65 40 10 66 67 10 11 68 69 11 14 70 14 2 73 2 21 76 21 48 79 48 19 82 19 49 85 49 40 88 40 5 91 5 12 94 12 48 97 48 2 5 12 14 21 49 48 79 80 79 48 19 82 83 82 19 40 88 89 88 40 48 97 98 97 48 0
40
50 51
51 50
52 53
53 52
54 55
55 54
56 57
57 56
58 59
59 58
60 61
61 60
62 63
63 62
64 65
65 64
66 67
67 66
68 69
69 68
70 71
73 74
76 77
79 80
82 83
85 86
88 89
91 92
94 95
97 98
2 73 75
5 91 93
12 94 96
14 70 72
21 76 78
49 85 87
80 79 81
83 82 84
89 88 90
98 97 99
