loc0 loc67 loc14 loc68 loc83 loc56 loc83 loc68 loc32 loc94 loc40 loc91 loc64 loc91 loc40 loc94 loc32 loc68 loc59 loc50 loc86 loc77 loc43 loc52 loc61 loc79 loc71 loc62 loc71 loc79 loc61 loc88 loc52 loc43 loc77 loc86 loc68 loc92 loc68 loc5 loc95 loc23 loc86 loc77 loc43 loc52 loc34 loc85 loc75 loc99 loc54 loc99 loc30 loc93 loc6 loc60 loc69 loc78 loc34 loc97 loc70 loc77 loc67 loc2 loc65 loc28 loc55 loc28 loc65 loc2 loc67 loc13 loc85 loc57 loc93 loc3 loc63 loc75 loc58 loc0 loc67 loc94 loc14 loc65 loc82 loc65 loc2 loc67 loc0 loc58 loc48 loc99 loc72 loc91 loc58 loc0 loc67 loc2 loc65 loc20 loc73 loc20 loc65 loc2 loc67 loc13 loc85 loc93 loc85 loc13 loc67 loc2 loc65 loc2 loc67 loc0
25
loc56 loc11 loc47
loc64 loc4 loc18
loc59 loc5 loc50
loc61 loc7 loc16 loc25
loc62 loc8 loc17 loc44
loc79 loc35
loc88 loc24 loc34
loc92 loc20
loc95 loc23 loc41
loc52 loc43
loc54 loc9 loc36 loc45
loc60 loc6 loc15 loc21 loc33
loc69 loc42
loc77 loc22 loc26 loc32
loc55 loc1 loc10 loc19 loc28 loc37
loc57 loc12 loc39
loc63 loc3 loc27 loc30
loc67 loc2 loc13 loc14
loc94 loc40
loc82 loc46
loc99 loc48
loc72 loc49
loc73 loc29
loc93 loc31
loc65 loc38
