loc0 loc175 loc154 loc118 loc73 loc101 loc136 loc100 loc172 loc90 loc171 loc117 loc171 loc36 loc153 loc10 loc139 loc148 loc58 loc166 loc151 loc187 loc106 loc187 loc151 loc166 loc13 loc157 loc120 loc165 loc135 loc108 loc171 loc189 loc174 loc183 loc186 loc87 loc114 loc87 loc186 loc183 loc174 loc99 loc135 loc9 loc144 loc9 loc135 loc99 loc174 loc183 loc186 loc87 loc159 loc87 loc186 loc183 loc3 loc157 loc49 loc130 loc175 loc154 loc20 loc128 loc74 loc182 loc110 loc74 loc128 loc173 loc38 loc112 loc175 loc130 loc49 loc157 loc3 loc183 loc30 loc123 loc30 loc183 loc3 loc157 loc49 loc130 loc139 loc154 loc20 loc128 loc173 loc5 loc149 loc176 loc23 loc125 loc134 loc125 loc23 loc176 loc149 loc113 loc137 loc73 loc136 loc73 loc118 loc145 loc175 loc148 loc58 loc166 loc115 loc160 loc52 loc150 loc52 loc178 loc88 loc151 loc34 loc169 loc26 loc170 loc98 loc161 loc188 loc86 loc176 loc194 loc112 loc145 loc46 loc127 loc55 loc172 loc162 loc36 loc180 loc66 loc183 loc186 loc87 loc168 loc87 loc186 loc183 loc3 loc157 loc49 loc193 loc40 loc104 loc149 loc14 loc185 loc77 loc113 loc38 loc118 loc109 loc118 loc38 loc113 loc194 loc104 loc184 loc166 loc115 loc34 loc169 loc26 loc116 loc125 loc23 loc176 loc122 loc176 loc23 loc125 loc23 loc176 loc14 loc131 loc14 loc176 loc122 loc184 loc166 loc115 loc160 loc52 loc105 loc132 loc105 loc150 loc133 loc97 loc142 loc169 loc143 loc169 loc34 loc151 loc166 loc58 loc148 loc104 loc176 loc59 loc158 loc59 loc176 loc122 loc184 loc166 loc13 loc157 loc3 loc183 loc186 loc183 loc3 loc157 loc49 loc130 loc190 loc130 loc58 loc166 loc115 loc160 loc52 loc133 loc52 loc160 loc115 loc166 loc13 loc157 loc12 loc111 loc45 loc172 loc91 loc163 loc111 loc120 loc3 loc183 loc174 loc102 loc192 loc111 loc12 loc157 loc13 loc166 loc151 loc34 loc169 loc143 loc71 loc179 loc71 loc143 loc169 loc34 loc151 loc166 loc13 loc157 loc120 loc165 loc189 loc165 loc120 loc49 loc193 loc0
47
loc101 loc37 loc73
loc117 loc27 loc63
loc139 loc10 loc31
loc106 loc7 loc61 loc70
loc108 loc9
loc114 loc24 loc33 loc87
loc144 loc81
loc159 loc15
loc175 loc40 loc76
loc182 loc47 loc74 loc92
loc110 loc11
loc112 loc38
loc123 loc30 loc93
loc128 loc2 loc20 loc65
loc134 loc26 loc35 loc53 loc98
loc136 loc28 loc100
loc145 loc19 loc46
loc150 loc42 loc52 loc69 loc78
loc151 loc34 loc43 loc79 loc88
loc161 loc17 loc44 loc80
loc162 loc36 loc90
loc168 loc96
loc185 loc14 loc32 loc77 loc83
loc109 loc64
loc113 loc5 loc29 loc41
loc115 loc25
loc116 loc62
loc122 loc50 loc94 loc95
loc125 loc23 loc86
loc131 loc56
loc132 loc51 loc60
loc143 loc8 loc71
loc148 loc58
loc158 loc59 loc68
loc166 loc13 loc85
loc186 loc6
loc190 loc1
loc130 loc49 loc67
loc133 loc16 loc97
loc172 loc45 loc55 loc82 loc91
loc163 loc39 loc72
loc183 loc3 loc4 loc21 loc66 loc75
loc102 loc48 loc54 loc84 loc99
loc111 loc12 loc22
loc179 loc89
loc165 loc18
loc189 loc57
