ctUVEJSyNR T3o9dNVbcG KMo4YIX1eu MzId8uwrPz TDmNOuGJBk OhLW7kGQcM VBTKstUXwG OhLW7kGQcM TDmNOuGJBk T3o9dNVbcG JagiZ1urqa T3o9dNVbcG BtCEVbHoQI 49j9bb4FwD BtCEVbHoQI VbPBW7rmhF QwY2G6aX6c 8Jejdr7ynm sY3UqAEMG3 MzId8uwrPz 1AtHE9Fk5J WujASZ2Phm itxsAH2eBE 49j9bb4FwD BtCEVbHoQI VbPBW7rmhF 6lpxgUxCxO jKpmFoejPZ uVIshS2g8a U5XdtBFGOe uVIshS2g8a zUWT7uduzq HEqjxwCWnl UphA2uAaYC HEqjxwCWnl zUWT7uduzq uVIshS2g8a VBTKstUXwG 8UaR4YpZys VBTKstUXwG uVIshS2g8a zUWT7uduzq KMo4YIX1eu T3o9dNVbcG RLF9v27sOQ aUbShUrdkZ 8Jejdr7ynm sY3UqAEMG3 HG8olhhcTZ oWdH0Xcxwv HG8olhhcTZ sY3UqAEMG3 oPQmRUijH5 gLI8ArV2Ui N4DMbR59L3 HEqjxwCWnl N4DMbR59L3 gLI8ArV2Ui vZijjgnvKU ctUVEJSyNR Z82QDWb0Pr aU8DhVMUfY U5XdtBFGOe uVIshS2g8a jKpmFoejPZ 6lpxgUxCxO VbPBW7rmhF RLF9v27sOQ aUbShUrdkZ RLF9v27sOQ T3o9dNVbcG TDmNOuGJBk MzId8uwrPz N4DMbR59L3 MzId8uwrPz TDmNOuGJBk HTp005294X Z82QDWb0Pr ctUVEJSyNR
24
MzId8uwrPz TDmNOuGJBk
VBTKstUXwG 8UaR4YpZys
JagiZ1urqa T3o9dNVbcG
49j9bb4FwD BtCEVbHoQI
QwY2G6aX6c 8Jejdr7ynm
1AtHE9Fk5J MzId8uwrPz
itxsAH2eBE zUWT7uduzq
6lpxgUxCxO oPQmRUijH5
U5XdtBFGOe Z82QDWb0Pr
UphA2uAaYC vzXeZbLrSW
8UaR4YpZys VBTKstUXwG
zUWT7uduzq MuYreynm57
RLF9v27sOQ f91pUtm9EZ
8Jejdr7ynm 7d3UA4fKWz QwY2G6aX6c
oWdH0Xcxwv HG8olhhcTZ
gLI8ArV2Ui osdKgXyg1e
HEqjxwCWnl UphA2uAaYC
vZijjgnvKU gLI8ArV2Ui
aU8DhVMUfY U5XdtBFGOe
jKpmFoejPZ 6lpxgUxCxO
aUbShUrdkZ RLF9v27sOQ
TDmNOuGJBk I4iTN5KXjB
N4DMbR59L3 qg08r1Pg6g
HTp005294X IU0Ia8127Z
