g3ylJsdLuC idQHxtSnxr BUMLJo6sc3 TSSOUimHPg 97ZNlakBoq 7ZWqK2F5XG 0SQlBVJ1YY oWmQcQwHPo dC48GQHGzO 1TfvXd6dPZ u4FAx2sHZm g2I4si69gU oVMPVsMWrZ WYEDqSuNRX oEdovEhrWM wiMdNn30Xd TyL7NE2puV 0SQlBVJ1YY 7ZWqK2F5XG gTAImjNH8G z8wUSSybzM gTAImjNH8G pWVnBerIra bWDewy6WbV oCk2Yieytb TSSOUimHPg LCKLTNE1vp uvoepIQg9n fWIjO8yhE3 vLjEFrUVJv fWIjO8yhE3 0SQlBVJ1YY 0mnwiU4XrT wRn7Oi1bcW xjSWG1YKh9 ZjhU7PWKtj WcyuqGYOzU oWmQcQwHPo 2eMl9AO5o8 QrJxLpX875 2eMl9AO5o8 9LabQjTqkn nFqfAnhO3U TBzLS0OAYU Q2bVxDrpEx bserQRNqfz 6LMX14aEdy CxfzSa2YOV M2hatQPY96 vnZBjkVngj IGpxjveim7 rVrpShxAxl faoQv8TBlx srT70dfQEr Pz3egMzKU8 gZXiityEnU J3muHocLp9 7wS9dKOnJR 723MhcLxt0 1QXjsHNYao gNPoyTno9C 1QXjsHNYao 723MhcLxt0 7wS9dKOnJR XlU2fx0ZPn 7wS9dKOnJR VpC9l6m3bG qqiMfzDvYA vLjEFrUVJv qjDSEKmZMW FqFik17fFH XW1Wn7EqpN rCoEuOa7EU mok9StGG0X biWuM2iRnz 4TTtdOaCTp uqBwmUCwgE u4FAx2sHZm 2OsmeZV9xh u4FAx2sHZm FmtLnHv2HY GQ4F0g3Mdj RxW7o7Y2pP 5hWe1EOa3M RxW7o7Y2pP AXNCIbkEJh dC48GQHGzO 1TfvXd6dPZ mbSdju1TJK 1TfvXd6dPZ 1N2P3Sa7im u4LnQNaaiz AOdvD4kI7u gNPoyTno9C I6HmSOF6YH 97ZNlakBoq 7ZWqK2F5XG gTAImjNH8G p3w5kcAaF0 S8BtTu4yH9 9ZP8NtfLqm RxW7o7Y2pP 5hWe1EOa3M N6YnWF3Aqg 5hWe1EOa3M IA0Uf143OT mwzQG3SxnO rCoEuOa7EU eV8Vk47Uma rCoEuOa7EU XW1Wn7EqpN GQ4F0g3Mdj FmtLnHv2HY 5SSy593K31 FmtLnHv2HY CSjLrGbUz3 dqqG7Zio8x 2O61j91J3T 7ZWqK2F5XG AXNCIbkEJh RxW7o7Y2pP 5hWe1EOa3M yUArOGL7bN 6akdokYv9t QrJxLpX875 2eMl9AO5o8 Tk8ERvdKxF WAi18jd2vJ oIVQ2qkgnR bhojeHeddF z8wUSSybzM 1KJyArncTt 0mnwiU4XrT 2fevl06VRg pk0Vh75DnH 2fevl06VRg 0mnwiU4XrT 9LabQjTqkn vUu8ijgxxf euuICgBLD4 r8njDwxc2t FqFik17fFH qjDSEKmZMW 7wS9dKOnJR J3muHocLp9 gZXiityEnU Pz3egMzKU8 srT70dfQEr BUMLJo6sc3 jPXsbXPNMq BUMLJo6sc3 idQHxtSnxr vnZBjkVngj LeZK9UvMT9 emYRLTiyj9 D0kECQ0RvI JD3uem81Lg 2q1lo9tSYb CxfzSa2YOV 6LMX14aEdy bserQRNqfz 0mnwiU4XrT idQHxtSnxr onlLq65Azx idQHxtSnxr vnZBjkVngj IGpxjveim7 rVrpShxAxl IGpxjveim7 x066w6eh4W Pijq8aHqIR qnkfLCmfDn yU6iUY8YgO Qu2MUNKITj g2I4si69gU oVMPVsMWrZ vnZBjkVngj LeZK9UvMT9 vnZBjkVngj IGpxjveim7 yvMowGbkvn u4LnQNaaiz AOdvD4kI7u u4LnQNaaiz yvMowGbkvn QOx0Q2p9eD yky49wE4YG Pv5LMSkQii yky49wE4YG BNkM7qaRNw IA0Uf143OT JD3uem81Lg r8njDwxc2t WRgtAPt4eZ r8njDwxc2t FqFik17fFH qjDSEKmZMW vLjEFrUVJv pKK7T4agKn vLjEFrUVJv fWIjO8yhE3 KZfI0wRW9K s4xBpV0FQ8 KZfI0wRW9K xjSWG1YKh9 1KJyArncTt z8wUSSybzM 49R5E9I4Wp WCfxK7Y8pw 49R5E9I4Wp z8wUSSybzM 1KJyArncTt xjSWG1YKh9 KZfI0wRW9K fWIjO8yhE3 EG1t1o8YrR WDULGPTRTU mcFTstBR1U I6HmSOF6YH t85IIqKEZh I6HmSOF6YH 97ZNlakBoq 7ZWqK2F5XG AXNCIbkEJh xtp1B5q0W1 AXNCIbkEJh dC48GQHGzO oCk2Yieytb uqBwmUCwgE 4TTtdOaCTp YpRs8m6oyX FmtLnHv2HY CSjLrGbUz3 QTNhZIciNJ 9LabQjTqkn vUu8ijgxxf DJYFSgxecW vUu8ijgxxf 9LabQjTqkn QTNhZIciNJ 2S929yZddP 1QXjsHNYao 2S929yZddP QTNhZIciNJ qnkfLCmfDn yU6iUY8YgO XOxGPscMMG WcyuqGYOzU oWmQcQwHPo dC48GQHGzO 1TfvXd6dPZ u4FAx2sHZm FmtLnHv2HY YpRs8m6oyX oEdovEhrWM wiMdNn30Xd oEdovEhrWM qnkfLCmfDn 7wS9dKOnJR VpC9l6m3bG ZqWjuL44qr MXIvZpEPtW pWVnBerIra gTAImjNH8G z8wUSSybzM 1KJyArncTt xjSWG1YKh9 KZfI0wRW9K fWIjO8yhE3 uvoepIQg9n kwH6Lwl5ed MXIvZpEPtW pWVnBerIra gTAImjNH8G 7ZWqK2F5XG 0SQlBVJ1YY fWIjO8yhE3 s3eMpsYH00 nKHFs5cKTX 03xK87sjTf 7g0Idy1nzK KUJdxKVZFO 0wTk0mYkLH KUJdxKVZFO vUu8ijgxxf yvMowGbkvn u4LnQNaaiz 1N2P3Sa7im x066w6eh4W Pijq8aHqIR AL20k9yp9D Pijq8aHqIR nFqfAnhO3U 9LabQjTqkn LCKLTNE1vp uNliYB9ELN LCKLTNE1vp 9LabQjTqkn 0mnwiU4XrT u4LnQNaaiz p3w5kcAaF0 u4LnQNaaiz yvMowGbkvn QOx0Q2p9eD 5sNanI9agV CUEWGmB7Gt WCfxK7Y8pw 49R5E9I4Wp z8wUSSybzM gTAImjNH8G M2hatQPY96 gTAImjNH8G pWVnBerIra MXIvZpEPtW 2nSOTVmvxV MXIvZpEPtW jWGPBjgoMW fWIjO8yhE3 x066w6eh4W Pijq8aHqIR fXy828RCG4 Cqa6jMOeIY fXy828RCG4 VpC9l6m3bG YAqGe4tKAP VpC9l6m3bG ZqWjuL44qr jBYJ7v19BQ ZqWjuL44qr VpC9l6m3bG qqiMfzDvYA 5SSy593K31 WvFZJEkTrw 5SSy593K31 33omYiVXOD bsEkAY2K41 33omYiVXOD oCk2Yieytb Tk8ERvdKxF uIf3wnJUdn 9ZP8NtfLqm RxW7o7Y2pP AXNCIbkEJh dC48GQHGzO RN0bCAV6rQ dC48GQHGzO oCk2Yieytb 33omYiVXOD 5SSy593K31 WvFZJEkTrw HHHZ1vC1rP WvFZJEkTrw RUc8Sio5IX rCoEuOa7EU 8KtuAXHUy3 EG1t1o8YrR fWIjO8yhE3 s3eMpsYH00 nKHFs5cKTX 03xK87sjTf 7g0Idy1nzK KUJdxKVZFO 0wTk0mYkLH g2I4si69gU MXIvZpEPtW jWGPBjgoMW fWIjO8yhE3 WAi18jd2vJ S8BtTu4yH9 bserQRNqfz 0mnwiU4XrT 9LabQjTqkn QTNhZIciNJ CSjLrGbUz3 xtp1B5q0W1 AXNCIbkEJh BUMLJo6sc3 srT70dfQEr faoQv8TBlx rVrpShxAxl Pv5LMSkQii yky49wE4YG BNkM7qaRNw XlU2fx0ZPn 1KJyArncTt 0mnwiU4XrT idQHxtSnxr g3ylJsdLuC
90
97ZNlakBoq mwzQG3SxnO
oWmQcQwHPo WcyuqGYOzU
oVMPVsMWrZ g2I4si69gU
TyL7NE2puV GQ4F0g3Mdj
z8wUSSybzM bhojeHeddF
bWDewy6WbV oCk2Yieytb
LCKLTNE1vp uvoepIQg9n
vLjEFrUVJv qjDSEKmZMW
wRn7Oi1bcW 0mnwiU4XrT
WcyuqGYOzU oWmQcQwHPo
QrJxLpX875 dj8JMfo3hX
TBzLS0OAYU 723MhcLxt0
CxfzSa2YOV M2hatQPY96
faoQv8TBlx srT70dfQEr
J3muHocLp9 gZXiityEnU
gNPoyTno9C 1QXjsHNYao
XlU2fx0ZPn BNkM7qaRNw
qqiMfzDvYA 5SSy593K31
qjDSEKmZMW jBYJ7v19BQ
mok9StGG0X biWuM2iRnz
2OsmeZV9xh u4FAx2sHZm
5hWe1EOa3M IA0Uf143OT
mbSdju1TJK 1TfvXd6dPZ
I6HmSOF6YH 97ZNlakBoq
S8BtTu4yH9 WAi18jd2vJ
N6YnWF3Aqg Oiowits7js
eV8Vk47Uma x7iq98BiN3
5SSy593K31 WvFZJEkTrw
2O61j91J3T K05xB79KZo
6akdokYv9t QrJxLpX875
bhojeHeddF oIVQ2qkgnR
pk0Vh75DnH RN0bCAV6rQ
r8njDwxc2t JD3uem81Lg
gZXiityEnU Pz3egMzKU8
jPXsbXPNMq BUMLJo6sc3
emYRLTiyj9 LeZK9UvMT9
6LMX14aEdy CxfzSa2YOV
onlLq65Azx idQHxtSnxr
rVrpShxAxl Pv5LMSkQii
yU6iUY8YgO qnkfLCmfDn
LeZK9UvMT9 emYRLTiyj9
AOdvD4kI7u u4LnQNaaiz
Pv5LMSkQii yky49wE4YG
WRgtAPt4eZ r8njDwxc2t
pKK7T4agKn TyL7NE2puV
s4xBpV0FQ8 2OsmeZV9xh
WCfxK7Y8pw CUEWGmB7Gt
KZfI0wRW9K bsEkAY2K41
EG1t1o8YrR 8KtuAXHUy3
t85IIqKEZh onlLq65Azx
xtp1B5q0W1 CSjLrGbUz3
oCk2Yieytb bWDewy6WbV Tk8ERvdKxF
4TTtdOaCTp YpRs8m6oyX
CSjLrGbUz3 QTNhZIciNJ xtp1B5q0W1
DJYFSgxecW vUu8ijgxxf t25XjDwQhD
1QXjsHNYao 2S929yZddP
XOxGPscMMG yU6iUY8YgO
1TfvXd6dPZ mbSdju1TJK
wiMdNn30Xd oEdovEhrWM
VpC9l6m3bG fXy828RCG4 YAqGe4tKAP
pWVnBerIra IT4pKw3giW
xjSWG1YKh9 wRn7Oi1bcW TBzLS0OAYU
kwH6Lwl5ed 4znnlMjVra
7ZWqK2F5XG 2O61j91J3T
03xK87sjTf nKHFs5cKTX 7g0Idy1nzK
0wTk0mYkLH KUJdxKVZFO
u4LnQNaaiz yvMowGbkvn
AL20k9yp9D Pijq8aHqIR z9nRKYQ1ub
uNliYB9ELN LCKLTNE1vp
p3w5kcAaF0 S8BtTu4yH9
CUEWGmB7Gt dMOAUqH7Z3
M2hatQPY96 tubjzjzUpV
2nSOTVmvxV TP2TNyk7wl
x066w6eh4W 0hs3CNDF4L
Cqa6jMOeIY XlU2fx0ZPn
YAqGe4tKAP FvzkpZRSj8
jBYJ7v19BQ lfdanPGo3c
WvFZJEkTrw aEo62SfMqH
bsEkAY2K41 Q1N77BLmyb
9ZP8NtfLqm uIf3wnJUdn
RN0bCAV6rQ pk0Vh75DnH
HHHZ1vC1rP 12ECENJIev
rCoEuOa7EU XW1Wn7EqpN
nKHFs5cKTX s3eMpsYH00 03xK87sjTf
g2I4si69gU oVMPVsMWrZ 0wTk0mYkLH
fWIjO8yhE3 KHDeTTvJC1
bserQRNqfz KpxiCfRqh3
QTNhZIciNJ h5Si5BAPN0
BUMLJo6sc3 jPXsbXPNMq fecMfiAuGC
yky49wE4YG WRd4lScvm6
