153 137 41 91 83 140 80 39 80 52 186 114 103 42 52 50 173 166 161 60 171 37 111 8 83 105 94 90 185 90 136 88 187 23 59 81 108 169 56 100 84 95 19 101 115 25 128 153
19
41 96 29 89 137 15 136 160 161 195 68 196 108 52 113 129
39 7 126 95 70 42 120 36 187 167 135 124 74 61
114 40 86 41 188 77 153 35 47 98 60 131 26
42 180 197 93 49 138 28 147 150
173 50 90 146 119 145 140 152 184 4 179
60 13 112 182 0 58 171
37 83
8 20 192 99 53 177 21
94 81 56 16 79 34 169
185 23 2 172 3 43 12 8
136 178 88 118
187 128 122
59 134
169 19 127 168
56 5 194 11
84 170
19 156
101 163
25 37
