htb26qt b8apl2kn ushjdkdhm9 gxy4oc4 tmyhwxa cou34kvbi tpuaixp 7pbkkbbpw zjj1dm8s qvfndvc f9t9in1 qvfndvc e3z4naodl7 jeiqok i6lsw66h 9tdu9g cm6lmd765k ozag34bm9 5i361v vqthskq e7lxs 3uf452o6g k9f3w9 3uf452o6g tfiihyy yhp7wbv9 5612qqmh yg6hizqty pt2n7hl obabms xpxnortd g3d1x5t915as 2hzpyd dflx2lut tpuaixp z4kx8k9 x1ttaiih9 1ebc3 pgqlp 5b63nad1 kwtb3cg g2g6fxcwr2l 5nzdw36v z4kx8k9 czpcwszblx qq3mi bmq8ez5t ben42py9 4ka6l1c8w 9oii82xaa 9tdu9g zqteiadetai5 czpcwszblx adcxemid7t pt2n7hl v6tqh432 ml5lp1nmef 5stwoup 52oycn21v hipbkq7s74z 3uf452o6g tfiihyy 9tdu9g vrem3ey3kg44 onl7cjn 4nwqnlye ynuam4f8 4nwqnlye yx6dguko a5u8g4sej onl7cjn euhqqqmdpe qvfndvc htb26qt c9c2oc6rv pmyqr c9c2oc6rv 6u4sf1gi id5491f19 6u4omh 6evi4pv 2hzpyd h1gz5hzz 44yverx ic2r4blmm9 b8apl2kn htb26qt
40
ushjdkdhm9 ozag34bm9 6u4sf1gi euhqqqmdpe 1jhmm8m85
tmyhwxa tu8xxomxhi vl6czuab hyc885fvjls piawzpgtzz9
7pbkkbbpw uzsjpl5f5 k3qywmpr grn3uqx9y
f9t9in1 8m3pascg s9vu9xx884 87jxa ilaz9q
e3z4naodl7 zjh83ae p9mtts 52a3fj2zh 3khitn6
i6lsw66h wqkqf aplkk57cpzm yr44oj2 pwqxinlzb3s pmyqr
cm6lmd765k 6k7du hq5mh8mi iffsi 5stwoup
5i361v itrx5fucdq 9lvbrlgk
e7lxs pt2n7hl f92ere3
k9f3w9 ushjdkdhm9 1ca2x2cnc t4iedm
yhp7wbv9 og6n7bgq8h h1gz5hzz
yg6hizqty kxhc6t8tu ysiw8m4l
obabms hc2hf5t8 59yzvtv vrem3ey3kg44
g3d1x5t915as txlltgki
dflx2lut 4ka6l1c8w hwu8dv9jgknbm 9egqgrh7x4e 37v6d
x1ttaiih9 i6lsw66h zou7sx9w
pgqlp 8jea4n4ez tjwldi
kwtb3cg 7hz6j8 g2g6fxcwr2l
5nzdw36v 7pbkkbbpw dt4ljfgjkizpq
czpcwszblx 9oii82xaa
bmq8ez5t mw8g2qjo1
4ka6l1c8w l8yypbh 812l47wm ht1efrhmh
9oii82xaa gd5ct4
zqteiadetai5 yhp7wbv9 1161ildqnj
adcxemid7t 8gc7dka8lfy
v6tqh432 x73l73jp
5stwoup art44ncra yx6dguko
hipbkq7s74z ynuam4f8 dlkmpx kwtb3cg
tfiihyy ay5sahonq84 ic2r4blmm9
vrem3ey3kg44 obabms
ynuam4f8 mucolb1r
yx6dguko a5u8g4sej fej54ps5j
euhqqqmdpe q42s9z886w5
htb26qt nm7ud
pmyqr 4w6uhigzl
6u4sf1gi e7lxs
6u4omh nd9xavj
2hzpyd yg6hizqty
h1gz5hzz yhvc7zg
ic2r4blmm9 y3eg7gqq6
