Taylorville Valerietown Johnmouth Kempshire Grahambury Kempshire Johnmouth Valerietown Taylorville Alejandroport Ashleyland Kathyfort Ashleyland Alejandroport Taylorville Weberside Jonesbury Lloydton Stephensonburgh Lloydton Jonesbury Weberside Taylorville Alejandroport Shawnport Mariaview Kristenmouth Alexmouth Kristenmouth Mariaview Saraport Underwoodmouth Saraport Mariaview Shawnport Alejandroport Deborahfurt Anthonyburgh Martinezfort Ericksonmouth Martinezfort Anthonyburgh Deborahfurt Jacobberg Deborahfurt Alejandroport Taylorville Valerietown Johnmouth Kempshire Grahambury Johnsonside Grahambury Kempshire Johnmouth Valerietown Taylorville Weberside Jonesbury Jamestown Nicholefurt Jamestown Jonesbury Weberside Eduardotown Sullivanmouth Eduardotown Weberside Taylorville Valerietown Johnmouth Kempshire Johnmouth Valerietown Taylorville Weberside Jonesbury Jamestown Jonesbury Weberside Taylorville Alejandroport Shawnport Mariaview Saraport Mariaview Shawnport Alejandroport Ashleyland Kathyfort Hawkinsland Kathyfort Ashleyland Alejandroport Shawnport Mariaview Kristenmouth Mariaview Shawnport Alejandroport Taylorville Weberside Jonesbury Lloydton Jonesbury Weberside Taylorville Valerietown Stewartberg Tinaville Stewartberg Valerietown Taylorville
18
Grahambury Johnsonside
Kathyfort Hawkinsland
Stephensonburgh Lloydton
Alexmouth Kristenmouth
Underwoodmouth Saraport
Ericksonmouth Martinezfort
Martinezfort Ericksonmouth
Jacobberg Foleyhaven
Johnsonside Grahambury
Nicholefurt Jamestown
Sullivanmouth Michaelville Underwoodborough
Kempshire Michaelfort
Jamestown Nicholefurt Glasston
Saraport Underwoodmouth Lewisburgh
Hawkinsland Ayalabury Camposstad
Kristenmouth Alexmouth Stevenshire
Lloydton Stephensonburgh Smithborough
Tinaville Nicholasshire Steventown
