Porterton Wallton Danielleport Scottburgh Laurenbury Scottburgh Danielleport Wallton Porterton Dianashire Ashleyborough Paulburgh Robertsstad Toddtown Swansonshire Abigailhaven Swansonshire Toddtown Robertsstad Paulburgh Ashleyborough Dianashire Porterton Wallton Derekmouth Charlesberg Sethland Ellisstad Osbornemouth Ellisstad Sethland Charlesberg Derekmouth Wallton Porterton Dianashire Ashleyborough Paulburgh Robertsstad Toddtown Swansonshire Toddtown Robertsstad Paulburgh Ashleyborough Dianashire Burgessview Williamfort Moodyburgh Gregoryberg Smithfort Gregoryberg Moodyburgh Williamfort Burgessview Dianashire Porterton Wallton Derekmouth Charlesberg Weberbury Kimberlyburgh Weberbury Charlesberg Derekmouth Wallton Porterton Dianashire Burgessview Williamfort Williamport Ashleystad Codyton Mindyview Codyton Ashleystad Williamport Williamfort Thomasville Lopezburgh Byrdfurt Loweryborough Byrdfurt Lopezburgh Thomasville Williamfort Burgessview Dianashire Ashleyborough Clarkberg Reevestown Judithview Michaelview Judithview Reevestown Clarkberg Ashleyborough Dianashire Porterton Wallton Derekmouth Geraldside Michellehaven Ramosborough Michellehaven Geraldside Derekmouth Jeffreyfort Garytown Audreyfort Garytown Jeffreyfort Derekmouth Wallton Porterton Dianashire Burgessview Billton Banksburgh Yvonneborough Parkermouth Yvonneborough Banksburgh Billton Burgessview Dianashire Porterton Wallton Derekmouth Geraldside Joseport Gabrielburgh Joseport Geraldside Derekmouth Wallton Porterton Dianashire Burgessview Billton Banksburgh Simmonsburgh Michaelville Simmonsburgh Banksburgh Billton Burgessview Marcusburgh Matthewburgh Bondfort Adamview Harrisborough Adamview Bondfort Matthewburgh Marcusburgh Burgessview Williamfort Williamport Ashleystad Holthaven Vickiville Holthaven Ashleystad Williamport Williamfort Burgessview Dianashire Porterton Wallton Davisstad Jacksonton Singletonton Clarkbury Jermaineton Clarkbury Singletonton Jacksonton Davisstad Wallton Porterton Dianashire Burgessview Marcusburgh Matthewburgh Virginiastad Robinsonmouth Virginiastad Matthewburgh Marcusburgh Burgessview Dianashire Ashleyborough Osborneville Payneview Teresafort Smithtown Abigailville Smithtown Teresafort Payneview Osborneville Ashleyborough Dianashire Burgessview Marcusburgh Fletcherland Kingview Williamschester Kingview Fletcherland Marcusburgh Burgessview Dianashire Porterton Wallton Davisstad Newmanburgh Gallowaymouth Rioshaven Josephstad Rioshaven Gallowaymouth Newmanburgh Davisstad Wallton Porterton Dianashire Ashleyborough Paulburgh Walltown Scotttown Jacksonview Scotttown Walltown Paulburgh Ashleyborough Dianashire Porterton Wallton Derekmouth Geraldside Joseport Hallborough Kylieview Hallborough Joseport Geraldside Derekmouth Wallton Porterton Dianashire Burgessview Marcusburgh Matthewburgh Bondfort Adamview Bondfort Matthewburgh Marcusburgh Burgessview Dianashire Porterton Wallton Derekmouth Geraldside Michellehaven Ramosborough Fordhaven Ramosborough Michellehaven Geraldside Derekmouth Wallton Porterton Dianashire Ashleyborough Osborneville Payneview Jacksonville Jennifertown Feliciaville Jennifertown Jacksonville Payneview Osborneville Ashleyborough Dianashire Porterton Wallton Derekmouth Geraldside Joseport Hallborough Joseport Geraldside Derekmouth Wallton Porterton Dianashire Burgessview Marcusburgh Matthewburgh Virginiastad Robinsonmouth Horneside Robinsonmouth Virginiastad Matthewburgh Marcusburgh Burgessview Williamfort Moodyburgh Gregoryberg Moodyburgh Williamfort Burgessview Dianashire Ashleyborough Clarkberg Burtonview Murphyside Bakertown Derekville Bakertown Murphyside Burtonview Clarkberg Ashleyborough Dianashire Porterton Wallton Danielleport Melissaview Cheyennefurt Watsonville Christyland Watsonville Cheyennefurt Melissaview Danielleport Wallton Porterton Dianashire Ashleyborough Clarkberg Reevestown Judithview Reevestown Clarkberg Ashleyborough Dianashire Burgessview Marcusburgh Tylerbury Paultown Tylerbury Marcusburgh Burgessview Dianashire Ashleyborough Osborneville Payneview Barnesmouth Harrisport Brendaview Harrisport Barnesmouth Payneview Osborneville Ashleyborough Dianashire Porterton Wallton Danielleport Melissaview Campbellhaven Annberg Dyerport Annberg Campbellhaven Melissaview Danielleport Wallton Porterton Dianashire Ashleyborough Osborneville Payneview Barnesmouth Harrisport Barnesmouth Payneview Osborneville Ashleyborough Dianashire Porterton Wallton Davisstad Jacksonton Singletonton Clarkbury Singletonton Jacksonton Davisstad Wallton Porterton Dianashire Ashleyborough Osborneville Payneview Jacksonville Jennifertown Jacksonville Payneview Osborneville Ashleyborough Dianashire Burgessview Marcusburgh Matthewburgh Bondfort Shawnmouth Priceville Shawnmouth Bondfort Matthewburgh Marcusburgh Burgessview Dianashire Porterton Wallton Davisstad Leechester Castanedachester Leechester Davisstad Wallton Porterton Dianashire Ashleyborough Paulburgh Walltown Scotttown Jacksonview Danielville Jacksonview Scotttown Walltown Paulburgh Ashleyborough Dianashire Burgessview Williamfort Moodyburgh Heatherberg Moodyburgh Williamfort Burgessview Dianashire Porterton Wallton Derekmouth Charlesberg Kevinberg Adamside Andrewschester Adamside Kevinberg Charlesberg Derekmouth Wallton Porterton Dianashire Ashleyborough Paulburgh Walltown Callahantown Maryport Combsville Maryport Callahantown Walltown Paulburgh Ashleyborough Dianashire Porterton Wallton Davisstad Leechester Pettyton Bondmouth Mercedesmouth Bondmouth Pettyton Leechester Davisstad Wallton Porterton Dianashire Burgessview Billton Banksburgh Yvonneborough Banksburgh Billton Burgessview Dianashire Porterton Wallton Derekmouth Charlesberg Sethland Ellisstad Sethland Charlesberg Derekmouth Geraldside Joseport Gabrielburgh Hodgesstad Gabrielburgh Joseport Geraldside Derekmouth Charlesberg Weberbury Kimberlyburgh Candiceland Kimberlyburgh Weberbury Charlesberg Derekmouth Wallton Porterton Dianashire Burgessview Marcusburgh Fletcherland Willisfurt Fletcherland Marcusburgh Burgessview Billton Banksburgh Simmonsburgh Banksburgh Billton Burgessview Dianashire Porterton Wallton Derekmouth Jeffreyfort Garytown Audreyfort Patriciaside Audreyfort Garytown Jeffreyfort Derekmouth Wallton Porterton Dianashire Burgessview Williamfort Williamport Ashleystad Holthaven Ashleystad Williamport Williamfort Burgessview Dianashire Porterton Wallton Derekmouth Charlesberg Kevinberg Patriciabury Troyfort Patriciabury Kevinberg Charlesberg Derekmouth Geraldside Michellehaven Cranemouth Joneschester Cranemouth Michellehaven Geraldside Derekmouth Wallton Porterton Dianashire Ashleyborough Paulburgh Walltown Johnberg Walltown Paulburgh Ashleyborough Dianashire Burgessview Marcusburgh Fletcherland Kingview Williamschester Mirandaview Williamschester Kingview Fletcherland Marcusburgh Burgessview Dianashire Porterton Wallton Davisstad Newmanburgh Gallowaymouth Rioshaven Gallowaymouth Newmanburgh Davisstad Wallton Danielleport Scottburgh Laurenbury Haleview Laurenbury Scottburgh Danielleport Wallton Porterton Dianashire Burgessview Marcusburgh Tylerbury Jamestown Tylerbury Marcusburgh Burgessview Dianashire Porterton Wallton Derekmouth Geraldside Michellehaven Cranemouth Michellehaven Geraldside Derekmouth Wallton Porterton Dianashire Burgessview Williamfort Thomasville Lopezburgh Thomasville Williamfort Burgessview Dianashire Porterton Wallton Davisstad Leechester Pettyton Bondmouth Pettyton Leechester Davisstad Wallton Porterton Dianashire Burgessview Marcusburgh Matthewburgh Bondfort Shawnmouth Bondfort Matthewburgh Marcusburgh Burgessview Dianashire Ashleyborough Osborneville Payneview Teresafort Smithtown Teresafort Payneview Osborneville Ashleyborough Dianashire Burgessview Williamfort Williamport Ashleystad Codyton Ashleystad Williamport Williamfort Burgessview Dianashire Porterton Wallton Derekmouth Charlesberg Sethland Charlesberg Derekmouth Wallton Danielleport Melissaview Campbellhaven Annberg Campbellhaven Melissaview Danielleport Wallton Davisstad Leechester Pettyton Leechester Davisstad Wallton Porterton Dianashire Ashleyborough Osborneville Payneview Jacksonville Payneview Osborneville Ashleyborough Dianashire Porterton Wallton Danielleport Melissaview Cheyennefurt Watsonville Cheyennefurt Melissaview Danielleport Wallton Porterton Dianashire Burgessview Williamfort Thomasville Lopezburgh Byrdfurt Lopezburgh Thomasville Williamfort Burgessview Dianashire Ashleyborough Osborneville Christophermouth Shawnhaven Christophermouth Osborneville Ashleyborough Dianashire Porterton Wallton Danielleport Melissaview Cheyennefurt Melissaview Danielleport Wallton Porterton Dianashire Ashleyborough Clarkberg Burtonview Murphyside Bakertown Murphyside Burtonview Clarkberg Ashleyborough Dianashire Porterton Wallton Danielleport Cooperton Lopezborough Waltersmouth Lopezborough Cooperton Danielleport Wallton Porterton Dianashire Ashleyborough Paulburgh Walltown Callahantown Maryport Callahantown Walltown Paulburgh Ashleyborough Dianashire Burgessview Williamfort Moodyburgh Heatherberg Thomasborough Heatherberg Moodyburgh Williamfort Burgessview Dianashire Ashleyborough Osborneville Payneview Barnesmouth Payneview Osborneville Ashleyborough Dianashire Burgessview Marcusburgh Matthewburgh Virginiastad Matthewburgh Marcusburgh Burgessview Dianashire Porterton Wallton Derekmouth Charlesberg Kevinberg Patriciabury Kevinberg Charlesberg Derekmouth Wallton Porterton Dianashire Ashleyborough Osborneville Payneview Teresafort Payneview Osborneville Ashleyborough Dianashire Porterton Wallton Derekmouth Charlesberg Kevinberg Adamside Kevinberg Charlesberg Derekmouth Jeffreyfort Johnsonchester Jeffreyfort Derekmouth Charlesberg Weberbury Charlesberg Derekmouth Wallton Porterton
85
Laurenbury Haleview
Abigailhaven Swansonshire
Osbornemouth Ellisstad
Swansonshire Abigailhaven
Smithfort Millerborough
Kimberlyburgh Candiceland
Mindyview Codyton
Loweryborough Byrdfurt
Michaelview Clarenceview
Ramosborough Fordhaven
Audreyfort Patriciaside
Parkermouth Shawnfort
Gabrielburgh Hodgesstad
Michaelville Williamland
Harrisborough Adamview
Vickiville Holthaven
Jermaineton Clarkbury
Robinsonmouth Horneside
Abigailville Smithtown
Williamschester Mirandaview
Josephstad Rioshaven
Jacksonview Danielville
Kylieview Hallborough
Adamview Harrisborough
Fordhaven Ramosborough
Feliciaville Jennifertown
Hallborough Kylieview
Horneside Robinsonmouth
Gregoryberg Smithfort
Derekville Bakertown
Christyland Watsonville
Judithview Michaelview
Paultown Hansonbury
Brendaview Harrisport
Dyerport Annberg
Harrisport Brendaview
Clarkbury Jermaineton
Jennifertown Feliciaville
Priceville Shawnmouth
Castanedachester Suttonville
Danielville Jacksonview
Heatherberg Thomasborough
Andrewschester Adamside
Combsville Maryport
Mercedesmouth Bondmouth
Yvonneborough Parkermouth
Ellisstad Osbornemouth
Hodgesstad Gabrielburgh
Candiceland Kimberlyburgh
Willisfurt Ortizberg
Simmonsburgh Michaelville
Patriciaside Audreyfort
Holthaven Vickiville
Troyfort Patriciabury
Joneschester Cranemouth
Johnberg Williamshire
Mirandaview Williamschester
Rioshaven Josephstad
Haleview Hallstad
Jamestown Wilsonstad
Cranemouth Joneschester
Lopezburgh Leahmouth
Bondmouth Mercedesmouth Taylorton
Shawnmouth Priceville Buckleyside
Smithtown Abigailville Jacksonland
Codyton Mindyview Ryanside
Sethland Tannerhaven
Annberg Dyerport Houstonchester
Pettyton Jonesfurt
Jacksonville Christopherhaven
Watsonville Christyland Robertomouth
Byrdfurt Loweryborough Garciamouth
Shawnhaven Candaceborough Dannyside
Cheyennefurt Thompsonshire
Bakertown Derekville Jameston
Waltersmouth Adamport Adkinsberg
Maryport Combsville Reynoldsview
Thomasborough Masseyside Ortegaberg
Barnesmouth Clarkborough
Virginiastad Johnsonberg
Patriciabury Troyfort Thomasmouth
Teresafort Calvinton
Adamside Andrewschester Bradberg
Johnsonchester Nealfurt Susanfort
Weberbury Clarkport
