tepsteinfdkilldlmhns killepsteintdldshfnm dtepsteindnhmskillfl fnmhskilldepsteinltd msnepsteinfkillhtdld hkillmepsteinstdfdnl hdldfepsteinntsmkill fhntdkillmepsteinsld lepsteinfdkillsdnmht ntepsteinsldkillhmdf mfskillnhlddtepstein dhlepsteindkillsmtnf killnfhdsdltepsteinm hfskillnepsteinldtdm thsfnmkilldlepsteind killepsteintdldshfnm nlhtdsdepsteinfmkill killepsteintdldshfnm thsfnmkilldlepsteind fnlskillhtepsteindmd thsfnmkilldlepsteind tskillepsteinhfmddnl thsfnmkilldlepsteind killepsteintdldshfnm dtepsteindnhmskillfl dnhdskillepsteinmltf skilldnmlhdftepstein ldnmepsteinhfstdkill fnlskillhtepsteindmd mddnepsteinkillfltsh killepsteintdldshfnm tepsteinfdkilldlmhns hdkillfmtslndepstein depsteinkillsfmnldth mfskillnhlddtepstein hdepsteinsmdtnflkill thsfnmkilldlepsteind hndtldfmkillepsteins killepsteintdldshfnm dhlepsteindkillsmtnf lepsteinfdkillsdnmht dhlepsteindkillsmtnf hldmepsteindsnkilltf dmfndhstkillepsteinl hkillmepsteinstdfdnl msnepsteinfkillhtdld fnmhskilldepsteinltd ndlepsteinhdtskillfm thsfnmkilldlepsteind htskillepsteindnlfdm sltkillfndepsteinmhd htskillepsteindnlfdm mfskillnhlddtepstein depsteinkillsfmnldth hdkillfmtslndepstein tepsteinfdkilldlmhns
20
hkillmepsteinstdfdnl msnepsteinfkillhtdld
hdldfepsteinntsmkill hkillmepsteinstdfdnl
ntepsteinsldkillhmdf lepsteinfdkillsdnmht
killnfhdsdltepsteinm dhlepsteindkillsmtnf
nlhtdsdepsteinfmkill ndlmhepsteintdskillf killepsteintdldshfnm
fnlskillhtepsteindmd hdepsteinsmdtnflkill thmepsteinlkillfsndd
tskillepsteinhfmddnl hepsteinnfstkilllmdd
dtepsteindnhmskillfl fnmhskilldepsteinltd
skilldnmlhdftepstein nfdhepsteinltsdmkill snldmtkillfepsteindh
mddnepsteinkillfltsh fnlskillhtepsteindmd
tepsteinfdkilldlmhns nlhtdsdepsteinfmkill
depsteinkillsfmnldth hldmepsteindsnkilltf killnfhdsdltepsteinm
hdepsteinsmdtnflkill ndlepsteinhdtskillfm tmhsnfepsteinldkilld
hndtldfmkillepsteins nkillsdtdhfmlepstein
lepsteinfdkillsdnmht tskillepsteinhfmddnl
dmfndhstkillepsteinl skilldnmlhdftepstein
msnepsteinfkillhtdld epsteinsdfmhltkillnd
ndlepsteinhdtskillfm epsteinthsdmndkillfl
sltkillfndepsteinmhd htskillepsteindnlfdm
mfskillnhlddtepstein epsteindsmnlfdtkillh
