149 000 001 002 013 024 015 006 005 006 015 024 025 026 016 026 025 024 031 044 036 037 038 028 039 028 027 035 025 024 013 002 001 000 149 060 062 054 053 050 051 052 051 055 054 053 056 058 057 058 056 053 054 062 070 067 069 070 071 070 062 054 063 079 078 077 078 079 063 090 099 096 095 096 099 090 063 054 062 060 149 100 101 103 105 109 105 108 145 114 106 107 116 121 124 121 122 126 130 126 122 121 125 140 125 121 116 107 100 149 060 062 054 053 056 053 054 063 072 073 074 075 076 077 078 079 063 072 084 072 063 090 063 054 053 054 063 072 084 086 087 086 084 072 063 054 062 060 149
32
005 006
016 026
024 031
036 037
039 048
050 053
052 056
055 054
057 059
067 069
069 067
071 068
077 078
095 096
096 097
101 103
103 104
109 111
114 115
124 123
130 126
140 142
149 060
056 066
073 085 086
076 080 081
078 079 083
084 088
090 091
053 050
087 089
063 064 065
