cy4fm 27qFp 59AZY Dkq13 GHZOS Dkq13 zQjQm I2lfX cy4fm IjTCu cRVnK kbRYl 7XIxZ Dkq13 g95ez hQThM zTyzX OFvld dU1Ub OFvld jLZgo X6hJp yFKGt 29Bwa di7h7 YTtfA Iks3D AWuA9 u4uj9 di7h7 YTtfA xyghb g95ez uWr4y Dkq13 C14Q6 Ib5xu LNh60 hQThM mQvLs I2lfX cy4fm
22
27qFp wdXpe yFKGt F2nEN FnVf8
59AZY 19YKC LNh60 G6G4p DCl5F
GHZOS di7h7 w4BF1 C0eRL
zQjQm nogr2 hOy4D P8Fbf
cy4fm C565q 8RNd8 7l0Vw
cRVnK kbRYl qt5AA Vjg5l
7XIxZ BoNoJ
g95ez 8aYYW EWhpw uWr4y X6hJp
zTyzX OFvld GHZOS 5rdYI rUUVt
dU1Ub vSPJ5
jLZgo tao9t jse5F
X6hJp KYsbm Iks3D
29Bwa 1H2uK IjjWK zQjQm
YTtfA yMPWG
AWuA9 NvAYI Xhpv3 gk2cW
di7h7 7XIxZ uT5W0
xyghb 6ceXl
uWr4y Cfmbw
C14Q6 lA2MC
LNh60 dU1Ub
mQvLs OoKEI P3lE7
I2lfX 3iQ53
