0 43 100 43 101 43 100 46 106 31 107 14 116 25 115 25 116 14 177 121 94 122 94 121 41 181 127 77 128 77 95 130 95 131 95 91 133 91 134 91 85 136 85 137 85 96 139 96 140 7 146 80 145 80 146 80 147 18 161 160 161 0 64 35 112 171 112 113 172 113 35 25 115 173 115 25 116 174 116 14 175 118 23 196 2 176 2 163 46 183 130 95 131 184 41 66 91 133 185 33 186 33 189 139 96 140 190 140 96 139 189 30 104 103 104 30 110 109 110 109 21 171 112 113 35 64 60 144 15 23 118 119 33 179 124 125 29 192 191 142 143 192 2 88 148 149 88 51 151 152 198 2 163 164 24 107 168 167 168 107 14 177 178 12 43 102 41 181 182 28 187 188 7 146 194 193 194 146 80 147 18 161 0 15 23 109 17 109 21 115 25 116 14 107 31 78 91 133 185 33 114 35 114 12 43 100 163 23 118 50 119 176 2 51 152 198 197 34 103 59 104 30 65 60 144 41 181 127 77 33 18 147 80 24 136 85 67 2 88 2 176 119 33 185 133 91 75 92 93 23 122 94 122 178 12 95 41 140 96 140 29 125 97 124 179 33 74 0
83
100 163
101 164
106 167
107 168
115 173
116 174
121 177
122 178
127 181
128 182
130 183
131 184
133 185
134 186
136 187
137 188
139 189
140 190
145 193
146 194
160 161
161 160
171 112
172 113
173 115
174 116
175 118
176 119
183 130
184 131
185 133
186 134
189 139
190 140
103 104 165
104 103 166
109 110 169
110 109 170
112 171
113 172
118 175
119 176
124 125 179
125 124 180
142 143 191
143 142 192
148 149 195
149 148 196
151 152 197
152 151 198
163 100
164 101
167 106
168 107
177 121
178 122
181 127
182 128
187 136
188 137
193 145
194 146
0 162
17 111
25 117
31 108
35 114
43 102
50 120
51 153
59 105
60 144
77 129
80 147
85 138
88 150
91 135
92 157 158 159
93 154 155 156
94 123
95 132
96 141
97 126
