10 92 41 87 86 50 33 51 87 41 18 31 91 56 91 22 64 65 26 40 66 40 67 43 23 21 68 69 21 23 43 72 73 45 24 74 75 24 46 76 77 46 48 78 79 48 46 77 43 23 21 2 82 83 82 2 85 84 85 2 21 23 89 54 55 90 2 21 23 8 10 9 56 91 17 2 63 25 62 43 33 51 3 34 70 49 67 40 67 43 80 42 80 43 89 54 55 54 89 23 60 8 25 62 63 2 29 10 58 20 96 26 64 35 30 53 15 59 10
39
50 86
51 87
56 91
64 65
65 64
66 97
67 98
68 69
69 68
72 73
73 72
74 75
75 74
76 77
77 76
78 79
79 78
82 83
83 82
84 85
85 84
89 54
90 55
8 60 61
9 56 57
17 71
25 62 63
33 50 51
34 70
40 66 67
42 80 81
54 89
55 90
60 93
62 94
63 95
10 58 59 92
26 96
30 52 53 88
