2 78 87 46 87 6 7 84 96 84 2 67 12 9 12 86 14 29 11 85 80 26 80 78 55 78 87 74 87 6 7 99 11 85 80 85 40 16 76 82 76 91 93 99 98 72 7 84 1 8 51 6 87 41 70 17 70 92 21 81 87 27 87 6 7 43 38 43 7 18 61 34 20 67 2 14 86 14 78 7 84 78 14 78 84 96 89 30 89 96 84 2 95 36 95 2 78 79 16 40 16 79 87 41 87 6 7 43 80 85 52 97 19 78 72 53 4 53 72 99 37 28 70 50 77 50 6 7 99 72 7 84 2
32
46 66
96 50
9 34 44
26 38 72
55 47 62
74 40 67
80 3
82 76
91 63
98 23
1 5 35
8 1 59
17 7 65 70
21 81
27 29 30 41
38 86
61 69
86 14
7 17
14 10
30 42 71
36 0 4 31 88
40 16 74 83
41 25 60
43 24
85 11 13
97 28
4 58
28 94
50 96
77 61
99 98
