COM NER MTQ NER COM SGS MUS MRT NFK NGA GMB GLP PRY MOZ PRY SJM JOR SJM JAM ITA MWI COM REU SDN IMN SDN REU SAU EST ESH FRA FJI FRA ESH EST NCL LBR SGS MUS DJI MUS SGS PRK NIU CZE CYP CYM CZE NIU NZL CUW NZL SGS PYF RUS BLZ BRN BLZ BGR BFA BIH BOL BES BLZ RUS PYF SGS NZL PRT ATG PRT PHL AGO PHL SAU REU AFG REU GLP MNE PRK NIU CRI KEN SGS SLB NFK JEY JOR MWI MYS IRN IRQ ISL IOT IRN MYS EGY FLK GBR GAB FIN FSM NGA DMA DJI DNK DJI DMA DJI MUS SGS PRK NIU CZE DEU CZE NIU NZL CUW CUB MYT BRA AZE BMU AZE BRA MYT ARM ARG ARE POL MYT AIA MYT MUS SGS NZL SGS OMN MAF CPV LUX LAO KGZ CRI PRI PCN GMB NGA FSM GIN FSM ESP GIB ESP FSM FIN FRO FIN FSM ESP GIB EST SAU DOM SAU RUS BLZ RUS PYF COD NIC AUS NIC PNG POL ARE POL MNE OMN SLE OMN MNE POL PHL NOR NIU NLD PNG NIC MSR SGS HUN MDV HUN MKD MDG IDN KOR LCA LBY KGZ LAO GTM CRI PRI PCN GMB NGA FSM FIN GAB FIN FSM NGA GMB PCN QAT SGP SLB NFK SLB COM NER COM MNG NZL GLP MDA CPV LIE LTU LSO LTU KWT GNB CRI KNA KAZ HKG IDN COL COM CHE BTN CHE GNB SAU HRV ROU COM MDG MKD HUN JPN KOR LCA HRV SAU REU SDN LTU LIE CPV PRY SJM IDN MDG COM
77
MTQ NER
MRT NFK
MOZ PRY
JOR JEY
JAM ITA
ITA NIC
IMN SDN
FJI FRA
DJI DMA
CYP DEU
CYM CYP
CUW NZL
BRN BDI
BGR BHR
BFA BMU
BES BHS
ATG AUS
AGO ABW
AFG REU
MNE POL MMR
KEN SGS KOR
JEY PAN
ISL IRL IOT
IOT IRN
FLK GBR EGY
DNK DJI
DMA RWA
DEU CXR
CUB MYT
BRA AZE
BMU BEN
ARM ARE
ARG ARM
AIA NIU
NZL GMB
MAF MAR CPV
LAO LUX KNA COL
GIN FSM
GIB GHA ESP
FSM GIN FIN
FRO PSE ECU
FIN GAB
EST GIB ESH
DOM PAK DZA
BLZ RUS BLM
AUS ATG
ARE ALB
SLE HUN
PHL NPL
NOR CHN
NLD PNG NRU
MSR MTQ
MDV MAC
MDG MEX IDN HMD
LCA LKA LBN HRV
LBY LIE LBR
GTM LAO COG
GAB GEO
QAT HTI
NFK ALA
NER GNQ
MNG MLI
MDA HKG
LSO LTU JPN
KWT KAZ
KNA CIV
KAZ KWT
COL COK CAN CAF
BTN COD
SAU GUM
ROU SHN
MKD MDA
JPN HND
HRV GRC
REU AFG
LTU KHM
PRY MOZ
