DZA DMA DJI CRI COM GRD GUM GUY AUS DOM ASM ATF ASM CYP ESP AND ALB ARG ALB GMB GUF HMD ALA HMD GUM GRD CYM CXR CYM CYP DMA BLR BEN BLR DMA ATA ASM CYP ESP AND ESP GTM HKG GRC AUT ERI ETH GUM GRD CYM DEU CYM GRD BHR BLZ BHR GRD CYM ATG CYM ARE ARM ALB AND ESP FIN AFG CYP DMA HND GUY GUM GRD GTM GMB GUF EGY FJI FSM ASM DOM CYP CHN CIV CHE BVT CIV BRN BOL BLM BRB CAN GMB GUF HND GEO CYP CYM DZA
35
DJI DNK
CRI DJI
COM GRD
AUS DOM
ATF ATA
ARG ALB
ALA HMD
HMD HND GLP
CXR CZE CYM
BEN BLR BDI
ATA ATF
AND ARE
HKG GRC GNQ BGD
GRC HKG
ERI FSM FRA FIN
DEU CXR
BLZ BRN BRB BEN
ATG AUS
ARM ARG
ALB AND
AFG ABW
HND GEO
GRD CAF
GMB CAN
FJI GBR FRO ECU
DOM CUW BHS
CHN COD
CHE COG CCK BVT
BVT CHE
BRN BES
BOL BLM
BLM BFA
GUF ERI
GEO GHA FLK
CYP CUB
