Soda o p r s u w u s r p o Soda 50 55 56 55 50 51 58 59 58 51 52 61 62 61 52 53 64 65 64 53 52 51 50 Soda 66 67 68 67 66 70 71 70 66 75 76 75 66 67 80 81 80 67 85 86 85 67 68 90 91 90 68 95 96 95 68 67 66 Soda a b c d e f g h i j k l k j i h g f e d c b a Soda 50 51 52 53 52 51 50 Soda 66 70 71 72 73 72 71 70 66 75 76 77 78 77 76 75 66 67 80 81 82 83 82 81 80 67 85 86 87 88 87 86 85 67 68 90 91 92 93 92 91 90 68 95 96 97 98 97 96 95 68 67 66 Soda
38
w y
55 56
56 55
58 59
59 58
61 62
62 61
64 65
65 64
68 69
71 72
76 77
81 82
86 87
91 92
96 97
a a0 a1
b b0 b1
c c0 c1
d d0 d1
e e0 e1
f f0 f1
g g0 g1
h h0 h1
i i0 i1
j j0 j1
k k0 k1
l l0 l1
50 54
51 57
52 60
53 63
73 74
78 79
83 84
88 89
93 94
98 99
