100 31 15 30 16 61 26 45 44 4 44 45 43 72 40 8 9 6 9 8 40 72 43 45 26 61 16 30 15 27 70 36 33 12 11 10 11 12 33 36 70 27 15 30 16 61 14 34 103 13 103 34 14 61 26 45 44 2 46 142 131 50 133 141 20 136 188 21 188 192 189 95 94 98 58 55 24 55 58 100 31 15 30 16 61 26 61 16 30 15 27 70 36 28 36 70 27 15 30 16 61 14 34 7 39 7 34 103 13 29 43 72 40 72 43 45 44 2 46 142 131 130 129 144 42 3 41 3 42 144 129 130 131 142 46 142 131 50 19 47 48 53 52 53 48 1 54 61 60 61 16 30 15 27 63 27 15 31 100 86 85 164 165 104 156 153 115 111 117 66 117 111 115 153 156 104 165 164 85 86 100 31 15 27 70 36 33 12 69 12 33 36 70 27 15 30 16 61 26 45 44 2 46 142 131 130 129 144 42 3 41 73 74 73 41 3 42 144 129 130 131 142 46 2 17 1 54 61 16 30 15 31 100 88 100 31 15 30 16 59 90 59 16 30 15 31 100 58 98 58 100 86 85 164 165 104 165 164 85 86 100 31 15 27 70 36 33 12 11 10 105 10 76 121 110 121 119 111 113 116 155 108 65 102 86 100 31 15 30 16 61 26 45 44 2 46 142 131 50 133 141 20 136 20 141 133 50 131 142 131 130 129 144 129 130 131 142 46 2 17 1 54 61 14 34 7 39 151 39 7 34 14 61 16 30 15 31 100 86 85 164 165 104 156 104 165 164 85 86 100 58 98 94 95 189 182 185 182 189 192 190 197 136 20 141 133 50 131 142 46 2 44 45 43 72 40 8 40 72 43 45 26 61 16 30 15 27 70 36 33 12 33 36 70 27 15 30 16 61 54 1 48 47 19 47 48 1 54 61 16 59 25 22 25 59 16 30 15 31 100 58 55 18 53 23 53 18 55 58 100 31 15 30 16 61 26 45 43 29 43 45 26 61 16 30 16 61 14 34 14 61 16 30 15 27 70 36 70 27 15 30 16 61 54 1 48 47 48 49 51 49 48 47 19 50 133 141 20 136 188 21 56 21 188 136 20 141 133 50 131 142 46 2 44 4 71 4 44 45 26 61 16 30 15 31 100 31 15 30 16 61 54 1 17 2 44 45 26 61 16 30 15 31 100 58 55 18 53 18 55 58 100
57
4 44
6 9
10 11
13 29
14 34
21 56
24 55
26 45
27 15
28 36
39 7
40 8
41 3
46 2
50 19
52 53
54 1
60 22
63 27
66 37
69 12
73 41
74 6
88 32
90 59
98 58
104 165
105 10
110 121
113 111
131 50
136 20
142 46
144 42
151 39
156 153
185 182
190 192
8 40
12 33
16 30
19 47
22 25 60
23 51
29 13 43
30 16
34 14
36 28
47 48
51 23 49
56 21 57
71 4 5
100 31
1 17 54
45 26
55 18 24
53 52
