139 157 83 93 83 117 83 157 8 121 29 67 33 67 20 40 49 120 50 143 61 36 17 70 159 72 100 4 145 4 6 188 174 170 7 129 10 61 88 34 79 167 41 22 42 22 41 44 51 154 48 26 16 127 52 94 63 56 99 58 1 110 65 16 197 73 101 32 74 38 78 21 79 87 61 91 75 116 131 73 144 45 152 86 180 117 184 9 53 13 43 175 31 99 35 5 82 46 82 53 51 19 70 59 22 150 60 107 63 124 82 69 82 5 83 157 68 92 120 50 98 2 149 110 120 49 29 121 91 61 126 154 48 141 170 183 146 12 98 172 16 197 173 34 88 174 88 80 193 9 84 18 57 159 67 19 117 150 11 18 139
60
93 148
117 184
8 157 178
29 43 67
33 104
40 47 108
50 98 161
61 91 187
70 57 113
72 2 69
100 27 72
145 96 158
188 109
7 60 74 182
10 30 37 130
34 79 173
41 22 44 112
42 125 176
44 41 84
48 26 141
52 101 127
56 13 23
58 1 156
65 16 35 81
73 131 144
74 7 32 58
78 9 21 77
79 114
91 75 122
131 31 105
144 142
152 123
180 39 153
9 78
13 89
31 15 25 198
35 5 65 71
46 82
51 138
59 145
60 106
63 95 152
69 118
83 147
92 191
98 172
110 189
120 111
121 8 85
126 14 64
141 48
146 119
172 186
173 128
174 188
193 146
18 11 134
57 18
67 33
150 165
