F8 C3 S4 C2 E9 L2 A9 D6 B5 L4 C8 C3 L7 C7 L7 D5 E8 F4 G4 B7 O7 H7 T3 J0 L7 K2 O7 L9 K9 M8 N8 F4 I0 P4 I5 S2 P5 M3 O7 T1 C6 C1 G9 Q2 D1 O6 R7 G7 N5 K0 N5 J0 M2 J0 K9 M4 H1 N7 N6 G2 Q0 E4 S1 G9 G0 S3 J8 S8 H3 B5 A0 K7 A1 O8 A2 R3 B9 I1 C1 D4 K4 D7 T4 F0 J4 B4 F5 S0 D8 G3 O5 G6 O5 I3 D2 I7 J4 S5 I8 M9 I1 L1 I1 M9 L2 Q2 M3 T3 P8 M5 F8 O9 P8 R5 Q4 G0 E2 Q1 F7 J8 G7 R2 O9 F8
49
C2 D3 L9
A9 C8 T0 T5
B5 A0 H3 I8
C3 O1 Q8
C7 A1 G9 S7
E8 D4 D5 E7
G4 E5 N8 S5
H7 C4 F1 T9
J0 I9 J1 R4
K2 C1 F9 J2
L9 C2 R8
N8 F6 G4 L6
P4 I0 O5 P2
P5 B0 H6 S2
T1 G6 K1 P7
C1 F2
D1 D7 E3 G0 Q7
G7 P9
K0 N0
M2 E4 J0
M4 H1 K5
N6 B4 D9 I6 N7
Q0 N2
S1 B2 N4
S3 I2 M0
S8 H4 R0
A0 T8
A1 C0 I4
A2 H2
B9 N6 Q3
D4 E8 R6
D7 R9
F0 B3 O2
F5 Q0 S0
G3 D8 G1
G6 M5 N1 T1
I3 P6
I7 C3 H5
I8 H0
L1 I3 M6
L2 A3 A8 A9
M3 P5
M5 K6
O9 Q5
P8 E2 K3
Q4 O3
E2 S9
J8 S8
R2 A2
