Qwilfish Tropius Drapion Lotad Metang Slurpuff Metang Terrakion Politoed Tornadus Kakuna Treecko Kakuna Dewpider Amoonguss Zekrom Conkeldurr Zekrom Wartortle Magmar Noibat Simisear Sandile Vullaby Volcarona Magmar Phanpy Skiddo Phanpy Magmar Volcarona Vullaby Porygon2 Vullaby Shellos Nincada Comfey Nincada Noibat Metapod Jumpluff Plusle Weezing Tauros Swadloon Magnemite Weepinbell Escavalier Weezing Metapod Sandile Drampa Phanpy Skiddo Noibat Terrakion Politoed Lotad Drapion Tropius Scatterbug Meloetta Sandile Dewpider Politoed Terrakion Scatterbug Taillow Drapion Tropius Slowbro Simisear Sandile Vullaby Volcarona Steenee Volcarona Magmar Noibat Tornadus Politoed Terrakion Scatterbug Taillow Paras Taillow Scatterbug Dewpider Froakie Drampa Phanpy Magmar Inkay Vespiquen Inkay Metapod Gengar Munna Skorupi Tropius Scatterbug Crawdaunt Woobat Tsareena Whismur Bounsweet Gengar Xerneas Shellder Tsareena Whismur Lumineon Kakuna Tauros Wailord Xerneas Shellos Tropius Qwilfish Drampa Sandile Metapod Metang Lotad Skorupi Tropius Scatterbug Crawdaunt Scatterbug Dewpider Kakuna Dewpider Amoonguss Zekrom Wartortle Magmar Phanpy Drampa Qwilfish
37
Qwilfish Tropius Drampa
Slurpuff Metang Inkay
Treecko Kakuna Seaking
Conkeldurr Zekrom Stufful
Simisear Sandile Slowbro Noibat
Volcarona Magmar Vullaby Steenee
Skiddo Phanpy Skorupi
Porygon2 Meloetta Crawdaunt
Comfey Nincada Magnemite Lumineon
Plusle Jumpluff Weezing Wailord
Swadloon Munna Tauros
Escavalier Woobat Weepinbell
Phanpy Skiddo Lotad
Terrakion Politoed Scatterbug
Drapion Taillow
Meloetta Porygon2
Politoed Terrakion Tornadus Dewpider
Taillow Drapion Wartortle Paras
Slowbro Simisear
Steenee Volcarona
Tornadus Gengar
Paras Tsareena
Froakie Bounsweet
Vespiquen Shellder
Munna Swadloon
Woobat Escavalier
Bounsweet Froakie Whismur Yungoos
Shellder Vespiquen Xerneas Bastiodon
Lumineon Comfey
Wailord Plusle
Tropius Qwilfish Shellos
Sandile Metapod
Metang Slurpuff
Skorupi Honedge
Crawdaunt Amoonguss
Kakuna Treecko
Zekrom Conkeldurr
