0 1 0 2 3 4 5 6 5 4 3 2 0 7 9 10 26 28 30 31 14 17 18 19 20 19 18 17 14 31 30 28 26 10 9 7 25 7 8 74 66 62 58 56 52 55 54 53 54 55 52 56 58 62 66 74 8 10 26 28 12 73 69 65 70 65 69 73 12 28 27 77 27 28 30 31 14 15 16 99 85 99 16 15 14 31 30 28 26 10 9 7 0 2 3 4 5 4 3 2 0 7 9 10 26 28 30 31 14 13 14 17 18 19 18 17 14 31 30 28 26 10 9 24 23 24 9 10 26 28 27 28 30 32 30 29 34 29 35 36 35 39 37 39 35 29 34 38 34 29 35 39 35 29 30 31 40 31 30 33 41 33 30 31 14 47 45 42 45 47 46 91 43 44 43 91 46 47 45 47 46 91 43 44 90 92 49 48 49 50 49 48 47 14 31 30 28 26 10 72 67 63 59 57 51 57 59 63 67 72 10 8 74 66 62 58 56 52 55 54 55 52 56 58 62 66 74 8 10 72 67 63 59 57 59 63 67 72 10 8 74 66 62 58 62 66 74 8 10 72 67 63 59 63 67 72 10 8 74 66 62 66 74 8 10 72 67 63 67 72 10 11 71 68 64 68 71 11 10 8 74 66 74 8 10 72 67 72 10 11 71 68 71 11 12 73 69 73 12 11 71 11 12 73 12 28 26 10 8 74 8 10 26 28 29 34 38 75 38 34 29 30 33 41 81 41 33 36 35 39 37 84 87 82 87 84 37 39 35 29 30 31 14 47 46 91 43 80 88 94 89 93 50 49 92 90 44 43 91 43 44 90 92 49 50 93 89 94 88 80 43 91 46 47 14 31 30 29 34 38 75 95 96 97 96 95 75 38 34 29 30 31 14 15 16 15 14 31 30 33 30 31 14 47 48 49 48 47 14 31 30 28 26 10 11 71 68 64 60 61 65 69 73 12 28 26 10 9 7 9 10 26 28 30 31 14 15 76 15 14 31 30 28 26 10 26 28 12 28 26 10 9 7 0 7 9 10 26 28 30 31 14 15 16 99 16 15 14 31 30 28 26 10 9 7 0
76
1 0
6 5
20 19
25 7
53 54
70 65
77 27
85 99
2 3
3 2 4
5 6
13 12 14
17 18
18 17
19 20
23 24
24 9 23
26 10 28
27 77
32 30 31
34 29 38
36 33 35
37 39 84
38 34 75
39 37
40 76
41 81
42 45 86
44 43 90
45 42 47
46 91
48 49
50 93
51 57 60
52 55 56
54 53
55 52
56 58
57 51 59
58 62
59 63
62 66
63 67
64 68
66 74
67 72
68 64 71
69 73
71 11
73 69
74 8
75 95
81 41 79
82 83 87
87 82
88 80 94
90 44 92
91 46
93 50 89
94 88
95 96
96 97
97 98
15 16
16 15
33 36
49 48
60 61
65 70
7 25
31 32 40
76 78
10 26
12 13
0 1 21 22
99 85
