6 11 15 11 24 20 29 28 24 30 31 30 36 30 42 55 57 55 67 73 79 73 80 89 80 96 6 1 3 7 2 6 11 15 13 14 13 15 11 24 21 27 25 24 30 33 35 30 42 45 42 55 51 52 55 67 61 65 64 68 67 73 74 76 75 73 80 81 80 83 85 80 96 95 96 6 2 6 11 15 13 14 16 11 24 20 24 30 42 40 42 55 50 55 67 66 67 73 71 73 80 96 90 96 80 73 67 60 67 73 80 96 6
38
15 10
29 20
31 39
36 38
57 50
79 75
89 87
1 0 4
7 8
14 18
21 26
25 23
33 31
35 36
42 40 46
45 41
51 59
52 51
61 60 65
68 62
74 77 78
76 74
81 85
83 88
85 81
95 90 97
96 95
2 1 7
11 15
13 14
16 19
20 21
40 48
50 57
66 63
71 79
90 98
60 69
