6 11 15 11 24 20 29 28 24 30 31 30 36 30 42 55 57 55 67 73 79 73 80 89 80 96 103 102 104 102 103 111 110 119 110 111 124 133 143 144 143 158 150 153 150 158 168 162 168 172 189 180 186 180 189 199 194 199 6 1 3 7 2 6 11 15 13 14 13 15 11 24 21 27 25 24 30 33 35 30 42 45 42 55 51 52 55 67 61 65 64 68 67 73 74 76 75 73 80 81 80 83 85 80 96 95 96 103 100 107 108 102 103 111 113 111 114 111 124 125 124 133 132 130 136 133 143 141 143 158 151 157 158 168 165 161 166 168 172 171 175 176 172 189 180 181 184 186 185 180 187 180 189 199 192 193 192 199 6 2 6 11 15 13 14 16 11 24 20 24 30 42 40 42 55 50 55 67 66 67 73 71 73 80 96 90 96 103 102 103 111 112 111 124 122 124 133 131 130 138 133 143 148 149 147 146 143 158 150 158 168 172 174 175 170 172 189 199 192 191 192 199 6 11 24 30 42 55 67 60 67 73 80 96 103 111 124 120 124 133 143 158 168 172 189 199 6
77
15 10
29 20
31 39
36 38
57 50
79 75
89 87
104 106
119 113
144 149
153 150
162 164
186 185
189 182
194 190
1 0 4
7 8
14 18
21 26
25 23
33 31
35 36
42 40 46
45 41
51 59
52 51
61 60 65
68 62
74 77 78
76 74
81 85
83 88
85 81
95 90 97
96 95
107 105 109
108 107
113 115 118
114 112
125 120 128
132 130 139
136 134
141 145 148
151 157
157 152
161 166 167
166 163
171 170 177
176 179
181 187
185 186
187 181
193 194
2 1 7
11 15
13 14
16 19
20 21
40 48
50 57
66 63
71 79
90 98
102 101
112 114
122 125 126
131 137
138 132
149 144
150 153
174 178
175 176
191 196 198
192 191
60 69
120 129
143 146
