5 0 1 2 5 11 6 7 8 11 17 12 13 14 17 23 18 19 20 23 29 24 25 26 29 35 30 31 32 35 41 36 37 38 41 47 42 43 44 47 53 48 49 50 53 59 54 55 56 59 65 60 61 62 65 71 66 67 68 71 77 72 73 74 77 83 78 79 80 83 89 84 85 86 89 95 90 91 92 95 101 96 97 98 101 107 102 103 104 107 113 119 125 131 137 143 149 155 161 167 173 179 5
54
0 1 4
1 0 2
2 3
6 7 10
7 6 8
8 9
12 13 16
13 12 14
14 15
18 19 22
19 18 20
20 21
24 25 28
25 24 26
26 27
30 31 34
31 30 32
32 33
36 37 40
37 36 38
38 39
42 43 46
43 42 44
44 45
48 49 52
49 48 50
50 51
54 55 58
55 54 56
56 57
60 61 64
61 60 62
62 63
66 67 70
67 66 68
68 69
72 73 76
73 72 74
74 75
78 79 82
79 78 80
80 81
84 85 88
85 84 86
86 87
90 91 94
91 90 92
92 93
96 97 100
97 96 98
98 99
102 103 106
103 102 104
104 105
