0 50 53 51 55 49 89 96 98 90 2 148 144 52 45 52 56 57 94 90 2 58 64 68 113 105 108 0 143 27 35 43 46 54 58 66 31 100 93 99 107 111 119 126 132 140 147 149 4 8 92 33 41 44 52 44 65 69 77 52 117 122 115 13 20 22 16 0
37
53 45 47 49 51 55 56 60
51 43 44 53
55 62 141
96 89 93 94 95 97 98 101 104
98 96 105
148 0 4 5 142 143 145 146
45 39 40 42
56 64 83 138
94 86 125
2 7 8 9 10 148
64 65 66 67 68 69 70 137
105 108 109 110 111 113 128
108 24 114
143 27 135
43 35 36
46 133
54 132
58 12
66 31 73
93 85 123 134
107 29
119 80 117 118 120 122 127
132 75 131
147 32
149 18
4 11
8 13 15 16 82
41 33 34
52 77
65 25
69 76
77 78 81 84
117 119
122 26
13 19
20 22 23 28
22 30
