0 39 191 23 60 130 62 171 85 189 120 135 73 136 54 148 11 47 36 52 86 167 56 170 188 42 56 137 105 139 162 61 12 171 34 166 64 50 143 98 181 171 79 18 0
24
191 16 21 39 43 103 157 160 183 188
60 3 86 96 116 133 159 189 193 195
62 12 77 158 177 192
85 38 51 60 129 143 174 194
120 0 50 178
135 4 9 69 182 191
136 2 32 46 142 185 190 198
148 80
47 8 24 33 58
52 93 126 184
86 52 68 179 180
167 19 131 163
170 29 115
42 70
56 35 109 170
105 17 74 94 119
139 31 105
162 197
12 62
34 136 156
64 78
143 125
181 199
79 18
