Loc1 Loc37 Loc45 Loc88 Loc5 Loc49 Loc5 Loc36 Loc9 Loc21 Loc85 Loc47 Loc30 Loc59 Loc97 Loc41 Loc96 Loc47 Loc73 Loc55 Loc80 Loc75 Loc66 Loc78 Loc74 Loc10 Loc75 Loc80 Loc95 Loc90 Loc64 Loc3 Loc73 Loc21 Loc17 Loc32 Loc17 Loc61 Loc64 Loc43 Loc60 Loc70 Loc50 Loc51 Loc18 Loc63 Loc81 Loc65 Loc68 Loc65 Loc69 Loc65 Loc81 Loc65 Loc53 Loc27 Loc4 Loc94 Loc6 Loc94 Loc90 Loc18 Loc87 Loc96 Loc19 Loc20 Loc22 Loc20 Loc23 Loc65 Loc93 Loc79 Loc46 Loc86 Loc72 Loc57 Loc76 Loc45 Loc27 Loc4 Loc87 Loc4 Loc1
30
Loc45 Loc76
Loc49 Loc25
Loc5 Loc29 Loc49
Loc9 Loc3 Loc21
Loc30 Loc47 Loc70
Loc41 Loc72
Loc47 Loc68 Loc69
Loc55 Loc42 Loc80
Loc66 Loc50 Loc98
Loc74 Loc10 Loc87
Loc80 Loc15 Loc55
Loc90 Loc18 Loc56
Loc3 Loc0 Loc9
Loc32 Loc13 Loc17 Loc19
Loc43 Loc2 Loc4 Loc65
Loc50 Loc34 Loc62
Loc63 Loc81 Loc92
Loc68 Loc7
Loc69 Loc11
Loc81 Loc63
Loc4 Loc22 Loc43
Loc6 Loc38 Loc46 Loc91
Loc18 Loc90
Loc19 Loc32 Loc52
Loc22 Loc79
Loc23 Loc53
Loc46 Loc6
Loc72 Loc41
Loc76 Loc45
Loc87 Loc74
