Liam Jordan Jack Joshua John Messiah Zion Dean Beau William Beau Dean Patrick Easton Richard Aiden Tucker Charles Mason Bentley Camden Noah Kaiden Daniel Nicholas Silas Ryder Zion Messiah John Matthew Jayce Henry Jayce Gabriel Victor Aiden Richard Zachary Jude Joseph Jude Zachary Richard Preston Jose Ezra Jackson August Zayden Miguel Amir Aaron David Brody Elliot Jasper Alan Santiago Kaleb Isaac James Steven Abel Weston Kevin Finn Matteo Julian Matteo Eric Messiah John Max Lincoln Chase Aaron Amir Miguel Mateo Miguel Messiah John Matthew King Jaxon King Matthew John Kevin Nathan Connor Tucker Charles Tucker Aiden Mateo Miguel Messiah Eric Matteo Julian Josiah Justin Bennett Landon Bennett John Messiah Weston Abel Adrian Harrison Jack Jordan Leonardo Xander Maddox Ezekiel Jeremiah Ezekiel Ezra Jose Ashton Grant Antonio Kaleb Abraham Giovanni Robert Giovanni Abraham Kaleb Santiago Alan Patrick Easton Richard Aiden Tucker Colton Adam Malachi Bryson Jordan Liam Evan Liam Jordan Jack Joshua Cooper Grant Antonio Kaleb Graham Emmett Xavier Emmett Graham Kaleb Santiago Alan Jasper Elliot Brody Dawson Gavin Dawson Oscar Xander Leonardo George Emmett Xavier Steven Everett Steven Jonathan Preston Axel Oscar Dawson Gavin Waylon Tyler Waylon Gavin Zion Messiah Micah Messiah Jeremy Elliott Caleb Wesley Caleb Elliott Jeremy Joel Nathaniel Patrick Dean Kingston Brandon Noah Maverick Micah Messiah Eric Luis Eric Messiah Brantley Braxton Brantley Messiah John Matthew Jayce Henry Tristan Henry Jayce Matthew John Messiah Zion Ryder Zion Rhett Christian Brody George Emmett Brandon Kingston Luke Finn Kevin Weston Ivan Juan Ethan Jasper Alan Christopher Kai Bryce Sebastian Edward Wyatt Gael Dawson Alex Cooper Grant Zayden Miguel Ryker Alejandro Dawson Oscar Xander Leonardo Jordan Liam Jordan Leonardo George Emmett Xavier Steven James Oliver Andrew Logan Andrew Oliver Patrick Dean Beau Eric Matteo Jameson Benjamin Jameson Gael Emmanuel Elijah Emmanuel Gael Dawson Brody Elliot Grayson Alexander Grayson Elliot Brody George Ethan George Brody Elliot Lincoln Dylan Joel Jeremy Jayce Gabriel Victor Hayden Zion Dean Maxwell Anthony Maxwell Grayson Elliot Brody George Emmett Xavier Ryan Nolan Michael Aaron Chase Dean Patrick Oliver Andrew Isaiah Hunter Zachary Dean Zion Rhett Christian Rhett Zion Dean Zachary Hunter Zachary Jude Nathan Connor Jasper Elliot Grayson Alexander Leo Jesus Camden Maverick Anthony Angel Jaxson Weston Messiah John Asher Brayden Jonathan Preston Jose Ezra Ezekiel Maddox Xander Leonardo George Ayden Giovanni Abraham Kaleb Antonio Grant Max Jayden Bentley Camden Noah Calvin Blake Kai Blake Calvin Ashton Grant Antonio Kaleb Santiago Alan Jasper Elliot Brody Rowan Brody Christian Rhett Zion Messiah Eric Messiah John Matthew King Grant Antonio Grant Max John Messiah Zion Ryder Silas Nicholas Silas Ryder Zion Messiah Weston Jaxson Harrison Jesse Kaleb Santiago Alan Patrick Easton Richard Aiden Mateo Oscar Avery Roman Andrew Oliver Patrick Dean Zachary Jude Evan Liam
82
William Landon
Mason Charles
Daniel Nicholas
Matthew John
Henry Lucas
Joseph Robert
Jackson Ezra
David Aaron
Isaac James
Julian Josiah
Lincoln Dylan
Mateo Aiden
Jaxon Benjamin
Nathan Connor
Charles Mason
Josiah Julian
Landon William
Adrian Elijah
Jeremiah Ezekiel
Robert Joseph
Colton Adam
Adam Colton
Evan Liam
Cooper Joshua
Xavier Ryan
Santiago Carter
Gavin Brayden
Leonardo Jordan
Everett Jacob
Axel Cooper
Tyler Eli
Micah Maverick
Wesley Caleb
Nathaniel Grayson
Brandon Noah
Luis Parker
Braxton Jackson
Tristan Henry
Ryder Mateo
George Ethan
Kingston Luke
Ivan Hudson
Alan Christopher
Bryce Sebastian
Gael Wyatt
Zayden Dominic
Alejandro Ian
Liam Evan
James Oliver Isaac
Logan Andrew Nolan
Benjamin Jaxon
Elijah Adrian
Alexander Leo
Ethan Jonathan
Dylan Lincoln
Gabriel Christian Cameron
Anthony Angel
Grayson Alexander
Ryan Xavier
Aaron Michael David
Isaiah Hunter
Christian Gabriel
Hunter Isaiah Thomas
Connor Nathan Elias
Leo Bryson
Angel Anthony Jaxson
Brayden Asher
Ezekiel Jeremiah
Ayden Theodore
Bentley Jayden
Kai Carson
Ashton Jose
Rowan Austin
Eric Samuel Greyson
King Matthew
Antonio Owen
Nicholas Daniel
Harrison Jack
Richard Easton
Oscar Levi
Andrew Logan
Jude Jace
