Liam Isaiah Joseph Mateo Jordan Jacob Roman Dominic Eli Lucas Eli Josiah Colton Jaxson Brayden Ethan Brayden Adam Ian Henry Ian Adam Brayden Samuel Jason Anthony David Theodore Hunter Chase Adam Jayden Julian Dylan Julian Adam Chase Levi Jack Levi Chase Christopher Chase Evan Nathan Cameron Jace Charles Joseph Jaxson Colton Levi Jonathan Levi Chase Adam Ian Adrian Isaac Theodore Hunter Hudson Robert Adam Chase Hunter Theodore Nicholas Jordan Mateo Joseph Isaiah Elias Isaiah Joseph Jeremiah Xavier Jeremiah Joseph Charles Gavin Parker Angel Jose Owen Thomas Ezra Jaxson Brayden Jaxson Joseph Charles Jace Gavin Angel Maverick Cooper Grayson Easton Hunter Chase Levi Colton Noah Jaxson Joseph Isaiah Liam
30
Jacob William
Lucas Noah
Ethan Logan
Henry Benjamin
Samuel Carter
David Sebastian
Jayden Mason
Dylan Owen
Jack Jayden
Levi Jackson
Christopher Luke
Nathan Oliver
Charles Joseph
Jonathan Henry
Adrian Elijah
Theodore David
Hudson James
Robert Daniel
Nicholas Samuel
Jordan Jacob
Elias Liam
Xavier Wyatt
Parker Aiden
Owen Dylan
Ezra Michael
Brayden Ethan
Jace Alexander
Cooper Matthew
Chase John
Noah Lucas
