zero one two zero six zero one eight fifteen sixteen seventeen eighteen twentyfive twentysix thirtythree thirtytwo thirtyone thirtyeight fortyfive fortysix fortyseven fortysix fiftythree fiftytwo fiftyone fifty fiftyseven fiftyeight sixtyfive sixtyfour seventy sixtyfour sixtyfive seventytwo seventynine eighty eightyseven eightyeight eightynine ninety ninetyone eightyfour seventyseven seventy sixtythree fiftysix fortynine fortytwo thirtyfive twentyeight twentyone fourteen seven zero two nine ten eleven twelve nineteen twenty twentyone fifteen twentytwo twentyeight twentyseven twentysix twentyseven twentyeight twentytwo twentythree thirty thirtyone thirty twentynine thirtyfive fortytwo fortyone fortyeight fortynine fortythree fifty fiftysix fiftyfive sixtytwo sixtyone sixty fiftynine sixtysix sixtyseven sixtyeight seventyfive seventysix seventyseven seventyone seventytwo seventynine eightysix eightyseven ninetyfour eightyseven eighty seventythree sixtysix fiftynine fiftytwo fortyfive thirtyeight thirtyone twentyfour seventeen ten three four eleven eighteen twentyfive thirtytwo thirtyone thirtyeight fortyfive fiftytwo fiftyone fifty fiftysix sixtythree fiftyseven fiftyeight sixtyfive seventytwo seventythree seventyfour sixtyseven sixty fiftythree fortysix thirtynine thirtytwo twentyfive eighteen eleven four zero
43
one two
two three
six five
fifteen twentytwo
sixteen fifteen
eighteen twentyfive
twentyfive twentyfour
thirtythree thirtyfour
fortyfive fortyfour
fortyseven fortyeight
fiftythree sixty
fiftyseven fifty
sixtyfive sixtysix
seventy seventyseven
seventynine seventyeight
eightyseven eightyeight
ninety eightynine
ninetyone eightyfour
seven six fourteen
nine ten
nineteen twelve twenty
twentytwo twentynine
twentysix thirtythree
twentyeight thirtyfive
thirty thirtyseven
thirtyone thirty
fortytwo thirtysix
fortyeight fortyseven fiftyfive
fifty fiftyone fiftyseven
fiftyfive sixtytwo
sixtytwo sixtyone
sixtysix sixtyfive sixtyseven
seventyfive sixtyeight eightytwo
seventysix seventyfive
eightysix seventynine eightyseven
ninetyfour ninetyfive
three four
thirtytwo thirtynine
thirtyeight fortyfive
fiftytwo fiftythree
sixtythree seventy
seventytwo seventyone
seventyfour eightyone
