0 51 52 53 54 3 55 56 2 1 2 56 55 3 54 53 52 51 0 4 57 58 10 9 8 5 6 7 6 5 8 9 10 58 57 4 0 17 13 19 14 15 11 16 18 12 18 16 11 15 14 19 13 17 0 24 25 27 26 28 23 28 26 27 25 24 25 27 26 28 23 74 30 29 30 74 23 28 26 27 25 24 0 33 34 75 76 35 32 77 36 31 36 77 32 35 76 75 34 33 34 75 76 35 32 77 36 77 32 35 76 75 34 33 0 78 38 79 40 37 40 79 38 78 0 41 42 83 84 85 44 45 44 85 84 83 42 41 0 49 50 49 0 51 52 53 54 53 52 51 0 4 57 58 57 4 0 59 60 61 21 62 63 62 21 61 60 59 0 66 67 68 69 70 71 72 71 70 69 68 67 66 0 78 38 79 40 37 80 81 82 81 80 37 40 79 38 78 0 49 50 87 47 88 48 89 46 90 46 89 48 88 47 87 50 49 0 4 57 58 10 9 8 5 6 5 8 9 10 58 57 4 0 17 13 19 14 15 11 15 14 19 13 19 14 15 11 16 18 16 11 15 14 19 13 17 0 24 25 27 26 28 26 27 25 24 0 41 42 83 84 85 44 45 86 45 44 85 84 83 42 41 0 49 50 87 47 88 47 87 50 49 0
45
1 2
2 1
7 6
10 9
12 18
17 13
23 28
24 25
29 30
30 29
31 36
32 35
33 34
34 33
35 32
36 31
37 40
40 37
41 42
42 41
44 45
45 44
49 50
50 49
54 3
57 4
58 10
61 21
63 20
72 22
78 38
82 39
90 46
5 8
6 5 7
11 15 16
13 17 19
15 11 14
18 12
25 24 27
27 26
28 23
86 43
87 47
88 48
