F1E81B 6F492E 6B622D D8AAF4 20EAE7 ABD8FE 7829D7 53C6C8 8B6C2F 2595F1 04439C C3EF62 E33276 24743A 5C7062 3EDE7E 103724 DCE144 205E5C 1E1095 205E5C BB40E6 614224 5EFED0 BA3320 1EC224 C4303B 1EC224 103724 305D33 191510 9A8DF4 61199E BF6302 8BFCAC 6B644E 6CAF46 770D1A EC4D08 2595F1 8B519F C953A6 293D59 C953A6 14B430 EB719D E33276 29D5D7 E33276 2924CB E51A66 7D997B 85D6DB 4B97F1 14994D EB8E2E A9F1B8 52C88C 98C2CE E0BEFC 28F6D1 E0BEFC 82A1F6 47FACD 5A3862 1111F7 93EBE3 1111F7 6966D7 13A782 E80628 13A782 6825D4 AE4A01 3C5D7A 230A7C 2334E8 B23A80 3B4B53 B23A80 E81014 0C73D8 A9F1B8 4099A6 A9F1B8 86493E 4B3F8A 1D21D3 ABD8FE D2BE39 5D0E2E 0CBC31 8F495E 0CBC31 5D0E2E 580DB7 FFEEBD 7BE8A9 94941B 4A5708 94941B AD0427 490F1E 8C971D 17779E 0A147B 1977E0 8015E0 29D5D7 E33276 EB719D 4CAD30 0C73D8 2924CB BDE94D 239994 6825D4 6D51F4 29D5D7 002274 0F5860 B23A80 E2CE9F E3C2C9 2BF7B5 B23276 612FAA 124C90 F1E81B
46
6B622D 5F4E43 14994D
20EAE7 ABD8FE 94A561
7829D7 36C862
8B6C2F 8417C8 0F5860 1E1095
C3EF62 124C90 2CCB19 813B05
5C7062 4CAD30 C9AF85 4A5708
DCE144 230A7C AEFF96 8F495E
1E1095 8B6C2F FFFD4B 783751
614224 490F1E BB40E6 FFEEBD
C4303B 8EBF8A 596CF6
305D33 E3C2C9 1F842B B69F55
61199E 8F17C0 6D51F4 36590B
8BFCAC C3B3E7 E51A66 BB4908 77A0B5
770D1A 17779E 5BB557
8B519F 239994 B7F75A
293D59 7E78F3 63361A
14B430 D4A75D 59843B E80628
29D5D7 2FEDFB 8015E0 6E313C
E51A66 8BFCAC D337F2 6966D7
14994D 6B622D 396D53 90451D 4B97F1
52C88C 7E1C6C 4099A6
28F6D1 DE6899 93EBE3
47FACD F1E81B
93EBE3 851F90 28F6D1 D6CC7A
6966D7 AE4A01 C18C9B
E80628 14B430
AE4A01 6B340B 85D6DB
230A7C DCE144 B47658
3B4B53 D1967A E5E6C0
E81014 F33196 2BF7B5
4099A6 3B4B53 52C88C
86493E CC9C14
ABD8FE 20EAE7 7829D7 685D1A 9096DB
8F495E 4A28BA 0CBC31
FFEEBD 614224 C4303B 770D1A
4A5708 5C7062
490F1E CEAC59 47FACD
17779E 86493E
8015E0 29D5D7 151BC9
4CAD30 293D59
239994 8B519F 573788
6D51F4 61199E
0F5860 A1F104 66048A
E3C2C9 305D33
2BF7B5 E81014
124C90 C3EF62
