engine practice passenger class bath promotion drawer issue room temperature platform extent type effort trade judgment feature error stranger square chapter measurement extent conclusion extent finding theory tax poetry fact card honey question engine
18
passenger reputation police situation member business tool chapter accident dirt aspect clothes view drawing section idea answer departure class
class age temperature flight menu girl emphasis failure standard eye problem beer ear piano source war
promotion politics song energy drawer tooth data measurement volume fact birth buyer editor understanding teaching
issue office mind secretary moment tax figure two money worker space sympathy
room significance dealer preparation light model time ratio analyst education
platform process funeral beginning sport side variation performance step
type engine speech leadership teacher
trade delivery satisfaction country
judgment area bus
error meal
square engineering machine town difficulty
chapter series grandmother
measurement error promotion material
conclusion choice
finding singer
tax tension director
fact card
honey interaction
