0 31 25 6 25 31 3 4 14 4 3 0 86 12 15 12 35 64 16 3 75 18 75 3 57 21 57 0 13 32 13 27 36 27 17 35 37 35 31 0 11 41 11 0 86 10 83 10 86 0 100 101 114 101 100 102 118 102 100 104 132 104 100 105 137 105 100 106 141 106 100 101 109 163 109 101 112 179 112 101 113 183 113 101 117 199 117 101 100 0 17 77 22 77 17 0 3 29 68 44 68 35 64 72 64 73 86 0 100 104 100 105 100 101 109 101 116 101 100 0 31 25 24 25 31 53 31 57 0 11 58 11 0 100 101 111 101 113 101 115 101 100 0 17 27 17 80 17 0 100 103 100 107 100 101 112 101 100 102 100 101 108 101 100 0 13 17 77 17 0 31 97 31 3 4 3 31 98 86 0 100 106 100 101 110 101 100 0 17 48 17 0 86 85 90 86 10 20 75 3 70 5 17 35 12 81 0
62
6 25
14 4
15 81
16 89
18 75
21 57
32 13
36 5
37 35
41 20
83 10
114 101
118 102
132 104
137 105
141 106
163 109
179 112
183 113
199 117
22 77
29 68
44 70
72 85
73 86
104 100 136
105 138
109 167
116 198
24 90
53 31
57 21 51
58 98
111 177 178
113 188 189
115 194 196
27 17 26
80 66
103 127 128 130
107 151 152 153
112 179 180 182
102 118 121 123 124
108 154 156 158 160
13 87
77 22
97 7 72
4 14 49 63 96
31 53
98 58
106 142 144 145 146 147 149
110 168 169 171 172 173 175
48 55
85 59
90 24
10 28 83 99
20 43
75 18 29 54
70 44 65
5 42 56
35 1
12 62
81 82
