86 67 114 29 108 182 115 31 4 183 190 34 178 132 167 65 167 71 67 192 151 80 151 161 108 29 85 29 108 182 96 182 108 61 104 62 130 62 104 24 168 24 104 81 172 186 200 46 25 183 4 31 36 20 47 34 108 59 72 95 77 48 61 118 55 68 22 128 42 32 15 36 20 36 133 39 119 63 2 46 2 187 98 49 12 62 112 10 131 134 94 136 115 130 164 130 115 182 115 98 187 79 99 191 49 19 3 37 84 18 165 8 23 58 40 3 11 42 136 43 77 119 63 2 187 79 12 181 81 95 150 86 128 143 88 151 161 109 131 135 76 111 142 63 143 88 151 37 97 165 99 167 132 178 66 23 7 171 9 128 22 68 55 114 70 57 95 81 107 99 76 135 108 182 115 101 133 39 62 12 62 84 37 73 58 40 15 61 104 98 165 102 150 25 134 131 78 8 114 1 180 49 125 86
68
29 121
31 36
34 122
65 146
80 194
85 129
96 174
104 107
130 38
168 189
172 56
200 100
4 179 183
47 41 139
59 72 138
77 19 48
118 94
128 5 22
15 199
20 82
39 149 156 177
46 2 117
49 125
112 10 159
134 44
136 89 91
164 26 66 184
182 92 113
187 35
191 45 126 160
3 11 54
18 51 84
23 8 169 185
40 64
42 1 76
43 192
63 74 75 145
79 21 30 137
81 157 181
86 120 150
88 27
109 13
135 52
142 154
143 6
151 17
165 97
167 71 132 140
178 93
7 57 101 163
9 110
68 90
70 175
95 148
99 87 196
108 198
115 53
133 116 152
12 123
37 73
58 28
61 69
98 173
102 158
25 153
78 14
114 105
180 106
