0x15 0x1e 0x27 0x2f 0x23 0x4 0x1b 0x2 0x1b 0x4 0x23 0x2f 0x27 0x1e 0x15 0x16 0x18 0x30 0x1 0x2c 0x6 0x2c 0x1 0x30 0x18 0x16 0x15 0x1e 0x27 0xe 0x27 0x1e 0x15 0x16 0x15 0x1e 0x27 0x2f 0x23 0x4 0x1b 0x4 0x23 0x2f 0x27 0x1e 0x20 0xf 0x1c 0x7 0x24 0x7 0x1c 0xf 0x20 0x1e 0x27 0x2f 0x27 0x1e 0x15 0x16 0x18 0x30 0x1 0x30 0x18 0x16 0x15 0x1e 0x27 0x2f 0x23 0x4 0x3 0x4 0x23 0x2f 0x27 0x1e 0x20 0xf 0x1c 0x7 0x1c 0xf 0xc 0xa 0xc 0xf 0x20 0x1e 0x27 0x1e 0x20 0xf 0x2b 0x19 0x29 0x19 0x2b 0xf 0x20 0x1e 0x15 0x16 0x18 0x30 0x1 0x2c 0x1 0x30 0x18 0x16 0x15 0x1e 0x20 0xf 0x2b 0x19 0x2b 0xf 0x20 0x1e 0x27 0x2f 0x23 0x4 0x3 0x5 0x3 0x4 0x23 0x10 0x8 0x10 0x23 0x2f 0x27 0x1e 0x15
20
0x2 0x1b
0x6 0x28
0xe 0x17
0x15 0x16
0x16 0x18
0x1b 0x4
0x1c 0xf
0x24 0x1d
0x2f 0x25
0x1 0x13 0x2e
0x3 0x22
0x7 0x1c 0x24
0xa 0xc
0xc 0x2a
0x27 0xe 0x2f
0x29 0x19
0x2c 0x1 0x6
0x19 0x26 0x29
0x5 0x31
0x8 0x10
