Location0 Location27 Location58 Location3 Location58 Location6 Location8 Location28 Location57 Location40 Location11 Location27 Location48 Location56 Location26 Location10 Location61 Location45 Location50 Location2 Location52 Location37 Location17 Location37 Location52 Location25 Location27 Location45 Location42 Location49 Location20 Location55 Location20 Location1 Location8 Location47 Location25 Location7 Location33 Location41 Location34 Location0 Location45 Location44 Location45 Location0 Location56 Location53 Location16 Location0
18
Location3 Location11 Location16 Location24
Location6 Location8 Location12 Location13 Location15 Location38
Location57 Location19 Location20 Location23 Location28 Location40
Location48 Location7 Location9 Location27 Location31
Location61 Location5 Location10
Location2 Location21 Location32 Location35
Location17 Location1 Location33 Location37
Location27 Location4 Location25
Location42 Location14 Location18 Location34
Location49 Location36
Location55 Location2 Location26
Location8 Location6
Location25 Location29
Location33 Location17 Location41
Location41 Location39
Location44 Location22
Location56 Location30
Location16 Location3
