0 15 14 3 2 3 14 12 16 17 13 9 13 11 13 9 20 21 30 29 23 24 23 29 30 34 33 34 30 35 37 38 36 38 41 40 41 38 37 35 30 34 33 47 44 48 49 48 44 47 33 34 30 21 20 9 13 17 16 12 14 15 0 50 65 64 53 52 53 64 62 66 67 63 59 63 61 63 59 70 71 80 79 73 74 73 79 80 84 83 84 80 85 87 88 86 88 91 90 91 88 87 85 80 84 83 97 94 98 99 98 94 97 83 84 80 71 70 59 63 67 66 62 64 65 50 100 115 114 103 102 103 114 112 116 117 113 109 113 111 113 109 120 121 130 129 123 124 123 129 130 134 133 134 130 135 137 138 136 138 141 140 141 138 137 135 130 134 133 147 144 148 149 148 144 147 133 134 130 121 120 109 113 117 116 112 114 115 100 150 165 164 153 152 153 164 162 166 167 163 159 163 161 163 159 170 171 180 179 173 174 173 179 180 184 183 184 180 185 187 188 186 188 191 190 191 188 187 185 180 184 183 197 194 198 199 150 100 50 0 15 14 12 16 17 13 9 20 18 7 8 7 18 20 21 30 29 23 24 26 24 23 29 30 35 37 38 36 42 36 38 37 35 30 34 33 47 44 48 44 47 33 34 30 21 20 9 13 17 16 12 14 15 0 50 65 64 62 66 67 63 59 70 68 57 58 57 68 70 71 80 79 73 74 76 74 73 79 80 85 87 88 86 92 86 88 87 85 80 84 83 97 94 98 94 97 83 84 80 71 70 59 63 67 66 62 64 65 50 100 115 114 112 116 117 113 109 120 118 107 108 107 118 120 121 130 129 123 124 126 124 123 129 130 135 137 138 136 142 136 138 137 135 130 134 133 147 144 148 144 147 133 134 130 121 120 109 113 117 116 112 114 115 100 150 165 164 162 166 167 163 159 170 168 157 158 157 168 170 171 180 179 173 174 176 174 173 179 180 185 187 188 186 192 186 188 187 185 180 184 183 197 194 198 199 150 100 50 0
79
0 1
2 3
3 2
9 10
11 4
24 26
30 22
33 47
34 33
36 42
40 41
41 40
49 48
50 51
52 53
53 52
59 60
61 54
74 76
80 72
83 97
84 83
86 92
90 91
91 90
99 98
100 101
102 103
103 102
109 110
111 104
124 126
130 122
133 147
134 133
136 142
140 141
141 140
149 148
152 153
153 152
159 160
161 154
174 176
180 172
183 197
184 183
186 192
190 191
191 190
199 198
8 5 6
23 24 27
26 25
38 36
42 46
47 44
48 49
58 55 56
73 74 77
76 75
88 86
92 96
97 94
98 99
108 105 106
123 124 127
126 125
138 136
142 146
147 144
148 149
150 151 199
158 155 156
173 174 177
176 175
188 186
192 196
197 194
