0 15 14 3 2 3 14 12 16 17 13 9 13 11 13 9 20 21 30 29 23 24 23 29 30 34 33 34 30 35 37 38 36 38 41 40 41 38 37 35 30 34 33 47 44 48 49 48 44 47 33 34 30 21 20 9 13 17 16 12 14 15 0 50 65 64 53 52 53 64 62 66 67 63 59 63 61 63 59 70 71 80 79 73 74 73 79 80 84 83 84 80 85 87 88 86 88 91 90 91 88 87 85 80 84 83 97 94 98 99 98 94 97 83 84 80 71 70 59 63 67 66 62 64 65 50 0 15 14 12 16 17 13 9 20 18 7 8 7 18 20 21 30 29 23 24 26 24 23 29 30 35 37 38 36 42 36 38 37 35 30 34 33 47 44 48 44 47 33 34 30 21 20 9 13 17 16 12 14 15 0 50 65 64 62 66 67 63 59 70 68 57 58 57 68 70 71 80 79 73 74 76 74 73 79 80 85 87 88 86 92 86 88 87 85 80 84 83 97 94 98 94 97 83 84 80 71 70 59 63 67 66 62 64 65 50 0
40
0 1
2 3
3 2
9 10
11 4
24 26
30 22
33 47
34 33
36 42
40 41
41 40
49 48
50 51
52 53
53 52
59 60
61 54
74 76
80 72
83 97
84 83
86 92
90 91
91 90
99 98
8 5 6
23 24 27
26 25
38 36
42 46
47 44
48 49
58 55 56
73 74 77
76 75
88 86
92 96
97 94
98 99
