5 4 3 0 1 2 1 0 3 4 8 95 1 2 9 10 15 10 9 12 17 12 18 12 9 97 20 19 20 19 5 8 21 8 5 14 23 14 64 89 66 26 1 2 9 22 37 22 92 40 53 27 41 27 7 16 61 43 25 37 44 37 45 59 96 54 20 62 55 62 20 19 52 56 52 19 33 68 33 19 69 19 52 80 26 1 70 1 95 59 75 48 41 27 53 40 36 82 36 40 53 27 41 39 88 39 8 95 8 21 32 91 99 91 90 23 103 23 14 64 89 96 59 101 104 101 59 75 48 41 86 109 86 41 48 75 59 101 104 116 104 101 59 118 59 45 37 22 58 128 58 86 109 130 109 86 41 27 53 123 131 123 53 27 41 19 52 143 144 143 52 80 26 66 12 150 12 66 26 80 52 143 144 176 144 143 52 80 26 1 2 9 10 9 22 37 45 59 101 59 96 54 20 19 52 143 144 176 180 176 144 143 52 19 5 7 27 11 27 64 14 64 89 96 59 95 8 5
49
0 51
2 9
3 31
8 21
9 77
15 163
17 68
18 178
19 169
20 54
21 32
23 103
26 80
37 45
40 92
41 27
43 183
44 106
45 152
54 96
55 57
56 102
68 155
69 145
70 105
75 50
82 179
88 168
95 121
99 91
103 23
104 101
109 130
116 104
118 126
128 58
130 109
131 140
144 176
150 191
176 180
1 177
10 160
101 111
180 194
7 35
11 85 113
14 63 196
59 76 127
