89 8 40 95 10 95 40 8 57 66 41 12 41 24 13 24 41 49 45 66 71 59 79 34 91 62 91 2 91 68 14 94 92 7 15 41 66 57 74 44 21 44 74 23 0 37 0 23 74 44 74 57 54 90 70 49 75 38 52 45 66 57 54 90 54 99 43 8 6 8 40 4 9 4 23 17 32 26 32 0 2 28 4 40 8 57 29 57 8 40 95 33 95 40 36 8 50 39 50 8 57 47 57 67 76 51 76 60 21 44 77 69 18 65 89 8 57 66 71 66 57 8 40 4 5 24 87 24 48 23 4 40 8 50 39 38 58 16 3 79 3 73 9 4 40 8 57 66 41 49 38 91 65 89
38
10 47
12 41
13 24
45 49
59 37
62 43
2 28 34
14 44
15 7
21 33
37 6 16
44 14 21
54 11
70 27
75 38
90 5 17
99 9
6 8 19
9 4
17 23 32 48
26 42
28 2
29 39 46
33 31
36 30 40
39 29 50
47 10 22
51 15 18
60 1
65 13
71 20
87 36
48 26
50 35
58 12
79 3
38 25
91 45
