zMnoKpsz12d1Y6CixoCL hdXOmxRAbu0HN40emwgb LdDKuyalK5FXEd1h8XJt kHWDWFJURX8TBbDnLSlR ybqDdUoaPknlNwzZFeto JOo21iuZtHvP9sSModQZ UkKARQyd3ZxfrQwOeW0R jS5XJP3bXemMgWyvfsmt TuA4wNSOMjTMUxZ5fZWx dakEfF8eF1B4IYsSGGLe B56U06r3nz3RZaXVmiK2 IcoYVabhkC8yNYJgy44V OcyqfDTyG7wfT1rvpitz g6l3PryZJRSAXJGUyq22 e7oVwvEXzQVG9DeK8uQS WCUwzDEkBlRrgSeSv9vv fat0ktgmwPXvqLhmWfJ0 YqOJXOtRcgzFFRGKRutM QHym2s92VJ8ycxMeFawz 5jE3DcSbPJWRITx0u2Kf M3MAG2lM6nUmTjQ3nD4D GhNWfyijkz8OKJbptIGO 1Tm2BSSz9mj8o3m9o0TB RIRtIJewArUY7i7A6OEl hH5yU5IgxmmStVnXEBJ1 FwLnZPETaUkrkp7dE0hH oJor9EUgXhaXPDmChml7 hzqXRQPGO5tnMpQYDdxn 50qWynRev5CSErzk8Yih BVbv363irLjfCXrWQjqn LBRpsuMfPp9LEzGTlw5t vPVOeWczn8eJlf3Gviol zMnoKpsz12d1Y6CixoCL
27
kHWDWFJURX8TBbDnLSlR dUDrtIP8WIldh2FT7uba W8ft2Hcg1VXPVNTpprS3 mTYxpEwVJTp369cmBN7S
ybqDdUoaPknlNwzZFeto FHGlzd4VlMUVjTba9Qjm WELPo1XEQnG4JejlB13A z6gtkXCB2ntSiYsjrque
JOo21iuZtHvP9sSModQZ oDA5VKbLZuTPP2ZEB14d T7hLF9jTtc4htoAH0PWD QmCq2RCVgnssPOgSwAr8
UkKARQyd3ZxfrQwOeW0R u91JdIwHTd2zumpXCvmK JKKWZrMfMDLTYQt6t5Ap OMLAPgVr1RosMrpENk9K
jS5XJP3bXemMgWyvfsmt ZSg6FSZaRCTLmeHoLgMI CcIlGrru613gqyngyuYo Vv2apUMOUSvB9J5u8yJr
TuA4wNSOMjTMUxZ5fZWx WdpiLe9uZpnuS9WMphYw jdgXkfbupFQ0XUNJEyvU JzMVZjOikutQZg00S8wX
dakEfF8eF1B4IYsSGGLe 9XhdonQsTDmLQknJ4xeP yE3wNgUIJB0oZwUjLCMo YIAlamFOfZeHd5qDll32
B56U06r3nz3RZaXVmiK2 xBNbU9Yu51mQvClxjQdr MyPRIiIVlLarPoP5nZfy Y0dqIYSR4P9Br1Cq3f9U
IcoYVabhkC8yNYJgy44V dBvruVRsFq4ihmzPj7nf GaG5DAqLVuTD09GfUl6l U8fsnzMIN4aMdzToihTq
OcyqfDTyG7wfT1rvpitz G6KTAOxQU8MNiSLazU1t sNJuS4R6b6KAUX5QI4md uqAmYQiu3O0THeAaPzKH
g6l3PryZJRSAXJGUyq22 RvFA5khunRjN3Z7dmUKr Armxs904ujfdAYn9LtOF 2DqN6NYyebkVczAnrbNI
e7oVwvEXzQVG9DeK8uQS ARorC1kPdEun4czh3dmX bUGtOHLCdzsNiRxcLtaT olgHJpCT79b6HED7FUWa
WCUwzDEkBlRrgSeSv9vv 5cjkSqVe5mFfFhCgwe8r ofmz95sRAyIS0ShQndvb 15e7umNMnawEegsOhkYh
fat0ktgmwPXvqLhmWfJ0 qSLkk45Evo68Y4JhMUq7 mUERvxQcAO2XlgBTPRGA mNuLv0WHsIRpWEdSUREd
YqOJXOtRcgzFFRGKRutM Ryx97mzVLWHytqmLAKlJ HAc1Ylu9mrUmnheKISnK JPD2uBroiElzO4z72vhQ
QHym2s92VJ8ycxMeFawz KP4zLIZ5LMWJ6mkRn6BX pkPHvGrHHriGlmiL3mRW QFT8yfDPa0xDNdRMchX3
5jE3DcSbPJWRITx0u2Kf NieXnWTTyXxCRp5CSl0i gM8AHyLc0ZjUxmDMuXzJ 9q9h29089dBsNERnjXsd
M3MAG2lM6nUmTjQ3nD4D GfpGWz1SaDeisCQVEJrI z2nBS9pweVYpDmW0fMRS PrzulPuk0tqiNKmdjp0X
GhNWfyijkz8OKJbptIGO lcq8BXTLE4WDnj4JF3yo VxRxz5foWagBafuSz1m4 EvdCmEq3CXPDtnZYkiVu
1Tm2BSSz9mj8o3m9o0TB ZcpnIKUrL8i4GzxAolZX 5VNO6t8qAcR3d5jJgfi4 07iKiKtYzy9bLoKUo0ve
RIRtIJewArUY7i7A6OEl szEChRtMF49nUq5i634G FqxzURcIHYyg2FOpiXCN cthtNVKVABeolrPabegT
hH5yU5IgxmmStVnXEBJ1 oougNPfNRCSRCWJrOUlb 3mTCmcCkVhhFn533BM03 Y2BEa9hp0T63SlTWXenG
FwLnZPETaUkrkp7dE0hH ZvocIzADG7dBR58wmnu8 KBGTLYOWLSviflcWwd9y 9c21VhIQJbtu6kG4NZT4
oJor9EUgXhaXPDmChml7 FDT7h4JKMRWa9fcDNmXs TzlCRBgA0Q2cCjETm7Vx C3qGKxHtliSTI7oOnHoB
hzqXRQPGO5tnMpQYDdxn XKYNaFpYuIx7Zx7vNANa bclRgmmOqfg3PHQz06qB 8s4ukhLgGBoor0D87KUr
50qWynRev5CSErzk8Yih 3fQHkf8pseCy7Ys4Kez5 Vkpfkc0JUDpakJkZipKD QTgsp1BfPDsixeeH6QUT
BVbv363irLjfCXrWQjqn nfdt04yvrwrpPVPzIy2c MDHuBmBbeFOGqzpuNmVz 34ScKN0pHkNmnxdkoIOC
