1 5 4 5 6 11 12 13 14 19 20 21 22 27 28 29 30 35 36 37 38 43 44 45 46 51 52 53 54 59 60 61 62 67 68 69 70 75 76 77 78 83 84 85 86 91 92 93 94 99 100 101 102 107 108 109 110 115 116 117 118 123 124 125 126 131 132 133 134 139 140 141 142 147 148 149 150 155 156 157 158 163 164 165 166 171 172 173 174 179 180 181 182 187 188 189 190 195 196 197 196 200 1 5 6 7 8 9 13 14 15 16 17 21 22 23 24 25 29 30 31 32 33 37 38 39 40 41 45 46 47 48 49 53 54 55 56 57 61 62 63 64 65 69 70 71 72 73 77 78 79 80 81 85 86 87 88 89 93 94 95 96 97 101 102 103 104 105 109 110 111 112 113 117 118 119 120 121 125 126 127 128 129 133 134 135 136 137 141 142 143 144 145 149 150 151 152 153 157 158 159 160 161 165 166 167 168 169 173 174 175 176 177 181 182 183 184 185 189 190 191 192 193 197 198 199 200 1
100
4 5
5 4
12 13
13 12
20 21
21 20
28 29
29 28
36 37
37 36
44 45
45 44
52 53
53 52
60 61
61 60
68 69
69 68
76 77
77 76
84 85
85 84
92 93
93 92
100 101
101 100
108 109
109 108
116 117
117 116
124 125
125 124
132 133
133 132
140 141
141 140
148 149
149 148
156 157
157 156
164 165
165 164
172 173
173 172
180 181
181 180
188 189
189 188
196 197
197 196
1 2
6 7
9 10
14 15
17 18
22 23
25 26
30 31
33 34
38 39
41 42
46 47
49 50
54 55
57 58
62 63
65 66
70 71
73 74
78 79
81 82
86 87
89 90
94 95
97 98
102 103
105 106
110 111
113 114
118 119
121 122
126 127
129 130
134 135
137 138
142 143
145 146
150 151
153 154
158 159
161 162
166 167
169 170
174 175
177 178
182 183
185 186
190 191
193 194
198 199
