S A S B C D 24 25 26 27 32 31 30 29 28 N M 6 V 38 43 1 Z 10 X 3 H 5 I 11 16 15 14 13 14 15 20 19 18 17 Q 22 23 W2 20 15 Y 5 Z 6 M 4 C B C 4 P 8 K 2 X 3 H 5 I B2 C2 D2 E2 F2 K2 J2 I2 H2 G2 11 Y 9 L 7 12 13 14 15 16 R Q2 R2 T2 U2 V2 U2 T2 48 Z2 48 T2 N2 I2 D2 C2 B2 I 1 V N U D C B S F K J K 8 M N V 1 Z 10 X W X 10 Z 1 I B2 C2 D2 E2 J2 I2 H2 G2 11 Y 9 14 15 16 L2 M2 N2 O2 P2 V2 U2 T2 N2 I2 D2 C2 B2 I 1 V N M 8 P B S
39
A E
24 D
27 A2
29 U
M N
38 V
X W
I B2
13 L
15 Y
17 Q
23 W2
W2 X2
B C P
C B
P F
K J
F2 E2 K2
7 G
16 L2 R
R Q2
V2 P2 U2
Z2 R2 Y2
48 T2 Z2
S A
F K
J O
N M
W X
1 Z I
B2 C2 G2
C2 D2 H2
D2 I2
E2 F2 J2
9 H
L2 M2
P2 O2 V2
T2 N2
8 T
