Hayward Shreveport Seaside CapeCoral Gastonia Laredo Gastonia Hampton Bryan Birmingham Lafayette SterlingHeights NorthLasVegas Hartford Shreveport Fairfield Scranton Fairfield SantaBarbara Syracuse Olympia Orem NewYork Kalamazoo NewYork GreenBay Lafayette Visalia Carrollton SiouxFalls Carrollton MyrtleBeach Victorville Scottsdale Victorville GreenBay Lafayette Reno Ogden Norman Merced ElMonte McAllen Elkhart Modesto Killeen Jefferson BatonRouge Phoenix BatonRouge Eugene MyrtleBeach Carrollton Layton PembrokePines SantaMaria PembrokePines VeroBeach SantaAna Cincinnati Independence Minneapolis SanAntonio JohnsonCity SanAntonio ElPaso Burlington SantaClarita Racine PembrokePines Columbia Harlingen Springfield SterlingHeights Boston Deltona Salem Poughkeepsie Fullerton Flint Fullerton Roseville KansasCity CorpusChristi KansasCity VeroBeach PembrokePines Layton PembrokePines Oxnard Phoenix Boulder LakeCharles Boulder Hemet SanBuenaventura Murrieta Lacey Savannah OverlandPark Trenton Louisville Trenton OverlandPark VeroBeach SantaClara Aberdeen SantaClara VeroBeach PembrokePines SanBernardino Mobile Tacoma Merced ElMonte Tuscaloosa SantaClara VeroBeach PembrokePines Toledo PembrokePines VeroBeach SantaClara PortSaintLucie Olympia Syracuse Olympia PortSaintLucie ThousandOaks Huntsville Norwalk StLouis Sacramento Escondido SterlingHeights Springfield SterlingHeights Boston Winston Boston SterlingHeights Escondido Lafayette SanJose DalyCity Seaside CapeCoral Gastonia Milwaukee Lubbock Orem Shreveport Hayward Shreveport Seaside CapeCoral PalmBay Cambridge Nashua LasVegas PembrokePines VeroBeach KansasCity SantaClarita Newburgh Carrollton Visalia Mesquite Gastonia Milwaukee Lubbock Bryan HavredeGrace PuntaGorda Hemet SanBuenaventura Oxnard Brighton Torrance RichmondCounty SiouxFalls Carrollton Visalia Columbus DesMoines Warren Vancouver GrandRapids SaintPaul Duluth Detroit Merced ElMonte Milwaukee StPaul CathedralCity Orem NewYork GreenBay Fargo SouthBend Bakersfield CostaMesa VeroBeach SantaClara Fullerton Duluth SaintPaul GrandRapids Vancouver Boston LasCruces SouthBend Bakersfield CostaMesa VeroBeach PembrokePines LasVegas Medford LasVegas PembrokePines VeroBeach SantaAna Cincinnati Independence RoundLakeBeach Arvada Wilmington Vancouver Torrance Fresno Baltimore Fresno Anchorage OverlandPark VeroBeach SantaClara Raleigh StLouis Kaneohe StLouis Sacramento Escondido Columbia Harlingen Murrieta SanBuenaventura Norwich Anchorage OverlandPark Youngstown Barnstable RoundLakeBeach Independence Escondido Mesquite CapeCoral Seaside Elkhart McAllen ElMonte Boston Vancouver Henderson NewYorkCity York Reno Huntsville Kissimmee Worcester SantaBarbara Fairfield SantaBarbara SiouxCity Murrieta Portsmouth Utica Anchorage Fresno Orem Shreveport Hayward
74
Laredo GreenBay
Birmingham Barnstable
NorthLasVegas Hartford
Scranton Arvada
Olympia Downey
Kalamazoo RoundLakeBeach
SiouxFalls RichmondCounty
Scottsdale Omaha
Ogden CathedralCity
Merced Detroit
Killeen Modesto
Jefferson Scranton
Phoenix Oxnard
MyrtleBeach Eugene
SantaMaria Burlington
Cincinnati NewportNews NewYorkCity
JohnsonCity HavredeGrace Fresno
Racine Bakersfield Melbourne
Harlingen Hialeah
Salem Deltona
Flint Fullerton Elkhart
CorpusChristi PalmBay Waterbury
Layton SanBuenaventura Marysville
Oxnard Albuquerque
LakeCharles HuntingtonBeach Spartanburg
Lacey Savannah Plano
Savannah OverlandPark Lacey
Louisville Kissimmee Bloomington
Aberdeen Marina SantaClara
Mobile Hemet
Tuscaloosa Tucson
Toledo Salem
Syracuse Nashua Olympia
Sacramento StLouis Aberdeen
Springfield Harlingen
Winston McAllen
Escondido Mesquite Monroe
SanJose Anaheim
Milwaukee Lubbock
Hayward Norwich
PalmBay CapeCoral Hagerstown CorpusChristi
Nashua Tyler LasVegas
Newburgh Torrance
Mesquite Anchorage NewBedford
Lubbock Pueblo Charlotte
Hemet PuntaGorda Mobile
RichmondCounty GrandRapids SiouxFalls
Columbus Stamford
Vancouver Henderson
Detroit Duluth
CathedralCity Bethlehem Ogden
GreenBay Laredo
Bakersfield Racine
SantaClara Columbus
SaintPaul ElPaso
LasCruces Greenville LakeCharles York
Medford Flint
Independence Cincinnati
Wilmington Vancouver
Baltimore NorthLasVegas
Raleigh Scottsdale
Kaneohe Newburgh
Columbia Layton SaintPaul
Norwich Utica
Barnstable ThousandOaks Birmingham
RoundLakeBeach Kalamazoo
CapeCoral Huntsville
McAllen Frederick
Henderson Topeka
Kissimmee Louisville
Fairfield Newark
Portsmouth Boise
Utica Champaign
Fresno JohnsonCity
