Aberdeen Reno Hampton Newburgh Miramar Norwalk Racine ChulaVista Newburgh Hartford SanBernardino Hartford Olathe Riverside Roanoke Richmond Roanoke Newburgh Pensacola Hampton Tuscaloosa Bremerton Olathe Kennewick WestValleyCity Frederick Modesto Frederick PortArthur Riverside Newburgh Hampton Reno Aberdeen SanAntonio Redding SaltLakeCity StPetersburg Lewisville Gainesville Austin Winston Austin Gainesville Lewisville Gainesville Scranton Reno Hampton Newburgh Kennewick Olathe Palmdale Olathe Kennewick WestValleyCity Frederick ChulaVista Newburgh Hampton Reno Aberdeen
20
Miramar Newburgh
Racine Montgomery
SanBernardino Modesto
Olathe Springdale
Richmond Miramar
Pensacola Hampton
Tuscaloosa Winston
WestValleyCity Henderson Lowell
Modesto Reno SanBernardino
PortArthur SaltLakeCity
Aberdeen SanAntonio
SaltLakeCity Chattanooga StPetersburg
Gainesville Lewisville Austin
Winston Tuscaloosa Marina
Lewisville Gainesville
Newburgh Pensacola
Kennewick WestValleyCity
Palmdale GreenBay
Frederick SouthLyon
ChulaVista Racine
