AndyandZeyu c3 AndyandZeyu e5 g5 e5 AndyandZeyu b6 d6 i6 AndyandZeyu f7 b7 h7 b7 f7 AndyandZeyu e10 g10 e10 AndyandZeyu b11 d11 i11 AndyandZeyu f12 b12 h12 b12 f12 AndyandZeyu e15 g15 e15 AndyandZeyu b16 d16 i16 AndyandZeyu f17 b17 h17 b17 f17 AndyandZeyu f c g h AndyandZeyu f0 e0 d0 g0 AndyandZeyu0 i0 AndyandZeyu b1 d1 e1 f1 g1 AndyandZeyu b2 AndyandZeyu2 d2 b2 g2 AndyandZeyu AndyandZeyu3 e3 AndyandZeyu g4 AndyandZeyu4 d4 g4 AndyandZeyu f5 j4 h5 j4 i5 AndyandZeyu j5 f6 AndyandZeyu g8 i8 AndyandZeyu j8 AndyandZeyu g9 AndyandZeyu9 d9 g9 AndyandZeyu f10 j9 h10 j9 i10 AndyandZeyu j10 f11 AndyandZeyu g13 i13 AndyandZeyu j13 AndyandZeyu g14 AndyandZeyu14 d14 g14 AndyandZeyu f15 j14 h15 j14 i15 AndyandZeyu j15 f16 AndyandZeyu g18 i18 AndyandZeyu j18 AndyandZeyu h b h AndyandZeyu b2 AndyandZeyu f3 d3 h3 AndyandZeyu AndyandZeyu7 b7 f7 AndyandZeyu j8 j7 j8 AndyandZeyu AndyandZeyu12 b12 f12 AndyandZeyu j13 j12 j13 AndyandZeyu AndyandZeyu17 b17 f17 AndyandZeyu j18 j17 j18 AndyandZeyu
77
c3 g3
g5 h5
d6 i6
i6 h6
f7 i7
h7 g7
g10 h10
d11 i11
i11 h11
f12 i12
h12 g12
g15 h15
d16 i16
i16 h16
f17 i17
h17 g17
f i j
g h
h g
d0 g0 i0
g0 f0 j0
i0 h0
d1 i1 j1
e1 f1
f1 g1
g1 h1
AndyandZeyu2 h2 j2
d2 i2
g2 f2
AndyandZeyu3 j3
e3 h3
AndyandZeyu4 g4 i4
d4 h4
g4 f4
f5 j4 i5
h5 g5
i5 f5
j5 f6 g6
f6 j5
g8 f8 i8
i8 g8 h8
j8 j7
AndyandZeyu9 g9 i9
d9 h9
g9 f9
f10 j9 i10
h10 g10
i10 f10
j10 f11 g11
f11 j10
g13 f13 i13
i13 g13 h13
j13 j12
AndyandZeyu14 g14 i14
d14 h14
g14 f14
f15 j14 i15
h15 g15
i15 f15
j15 f16 g16
f16 j15
g18 f18 i18
i18 g18 h18
j18 j17
b f
b2 g2
d3 f3
h3 i3
AndyandZeyu7 j6 f7
b7 h7
j7 j8
AndyandZeyu12 j11 f12
b12 h12
j12 j13
AndyandZeyu17 j16 f17
b17 h17
j17 j18
