ssp200 13 10 2 181 182 187 183 184 185 186 188 182 192 182 194 182 181 167 172 168 169 170 171 173 167 177 167 179 167 181 152 157 153 154 155 156 158 152 162 152 164 152 181 137 142 138 139 140 141 143 137 147 137 149 137 181 122 127 123 124 125 126 128 122 132 122 134 122 181 107 112 108 109 110 111 113 107 117 107 119 107 181 92 97 93 94 95 96 98 92 102 92 104 92 181 77 82 78 79 80 81 83 77 87 77 89 77 181 62 67 63 64 65 66 68 62 72 62 74 62 181 47 52 48 49 50 51 53 47 57 47 59 47 181 32 37 33 34 35 36 38 32 42 32 44 32 181 17 22 18 19 20 21 23 17 27 17 29 17 181 2 7 3 4 5 6 8 2 12 2 14 2 10 13 ssp200
91
182 194
187 183
183 184
186 185
188 186
192 191
194 195
167 179
172 168
168 169
171 170
173 171
177 176
179 180
152 164
157 153
153 154
156 155
158 156
162 161
164 165
137 149
142 138
138 139
141 140
143 141
147 146
149 150
122 134
127 123
123 124
126 125
128 126
132 131
134 135
107 119
112 108
108 109
111 110
113 111
117 116
119 120
92 104
97 93
93 94
96 95
98 96
102 101
104 105
77 89
82 78
78 79
81 80
83 81
87 86
89 90
62 74
67 63
63 64
66 65
68 66
72 71
74 75
47 59
52 48
48 49
51 50
53 51
57 56
59 60
32 44
37 33
33 34
36 35
38 36
42 41
44 45
17 29
22 18
18 19
21 20
23 21
27 26
29 30
2 14
7 3
3 4
6 5
8 6
12 11
14 15
