ssp100 25 4 2 3 18 15 12 15 18 19 20 21 20 19 18 3 2 1 2 3 6 3 5 7 5 3 23 27 71 63 59 26 58 60 64 60 65 60 58 61 67 61 58 26 59 62 68 62 69 62 59 26 58 60 64 72 64 60 65 74 65 60 58 26 59 62 68 80 68 62 59 63 71 27 87 91 89 91 87 93 90 93 87 98 87 27 23 18 19 18 3 2 3 23 27 48 39 48 27 87 93 87 98 99 97 92 27 23 3 8 3 23 27 56 29 42 31 42 33 27 44 52 51 46 53 33 27 87 27 23 3 2 4 25 ssp100
35
12 15
15 12
20 21
21 20
1 2
6 4
7 24
23 27
26 59
64 73
65 74
67 79
68 81
69 82
72 64
74 65
80 68
91 95
89 96
90 93
98 99
19 22
2 1
39 47 51
93 90 94
99 98 97
97 92
8 9 11 10
29 41 45 56
31 37 49 55
33 35 53
44 31
51 29 39
53 33 43
87 88
