Florges Vespiquen Carracosta Doublade Cofagrigus Pichu Caterpie Zapdos Caterpie Dialga Klink Scrafty Buzzwole Hakamoo Flaaffy Omastar Flaaffy Hakamoo Lillipup Cherrim Hippopotas Genesect Espurr Pinsir Luxray Tsareena Florges Snorunt Florges Vespiquen Scolipede Vespiquen Infernape Bouffalant Infernape Palkia Roggenrola Wormadam Roggenrola Yanmega Roggenrola Zweilous Girafarig Serperior Poliwag Purrloin Piloswine Bidoof Manectric Zubat Vespiquen Weepinbell Doublade Hitmonlee Doublade Weepinbell Vespiquen Emboar Vespiquen Persian Furfrou Arbok Shieldon Minccino Dialga Klink Zoroark Cherrim Hippopotas Drapion Weepinbell Drapion Poliwrath Drapion Masquerain Celesteela Zoroark Furfrou Persian Furfrou Shaymin Caterpie Tentacruel Delibird Masquerain Bisharp Pidgey Cherrim Roggenrola Snorunt Masquerain Florges
33
Carracosta Aurorus
Pichu Dialga
Zapdos Poliwrath
Scrafty Buzzwole
Omastar Stufful Bouffalant
Cherrim Lillipup Cascoon
Genesect Kricketot
Pinsir Timburr Regice
Tsareena Weepinbell Celesteela
Snorunt Shaymin
Scolipede Wailmer Bisharp
Bouffalant Omastar Infernape
Wormadam Bergmite
Yanmega Hitmonlee
Zweilous Bidoof Girafarig
Poliwag Purrloin Togetic
Manectric Zubat Tentacruel
Zubat Manectric
Hitmonlee Yanmega Sentret Celebi
Emboar Volbeat Cherrim
Arbok Carracosta Ralts
Minccino Pichu
Klink Primarina
Hippopotas Machoke
Weepinbell Persian Dusknoir Tsareena
Poliwrath Zapdos
Celesteela Bayleef Hakamoo
Persian Moltres
Shaymin Piloswine Gastrodon
Tentacruel Delibird
Bisharp Scolipede
Roggenrola Wormadam
Masquerain Poliwag
