1 100 0 100 4 100 5 100 9 100 12 100 14 100 18 100 19 100 25 100 26 100 44 100 45 100 58 100 65 100 67 100 70 100 72 100 77 100 81 100 83 17 90 100 91 100 97 100 98 100 116 100 122 100 123 100 132 100 134 100 137 100 139 100 142 100 145 100 152 100 157 100 163 100 165 100 167 100 174 100 182 184 100 186 100 196 100 1 100 6 100 7 100 21 100 32 100 43 100 46 100 51 100 57 100 59 100 60 100 62 100 79 100 84 100 95 100 96 100 99 100 110 100 112 100 124 100 125 100 128 100 147 100 155 100 158 100 166 100 169 100 173 73 175 100 191 100 195 100 35 100 40 63 41 100 47 100 87 100 89 100 93 100 121 100 198 100 133 100 156 100 107 100 1
87
0 22
4 49
5 171
9 170
12 8
14 164
18 115
19 88
25 93
26 35
44 175
45 196
58 193
65 15
67 194
70 86
72 160
77 177
81 158
83 127
90 16
91 157
97 99
98 1
116 137
122 21
123 50
132 19
134 60
137 155
139 31
142 151
145 54
152 129
157 121
163 32
165 55
167 153
174 191
182 125
184 182
186 89
196 45
1 68
6 77 159
7 43 83
21 141
32 163
43 117 131
46 101
51 111 150
57 119
59 76
60 134
62 142
79 57 105
84 124
95 29
96 74
99 97
110 10
112 30
124 84 195
125 27
128 180
147 189
155 183
158 199
166 12
169 0
173 192
175 44 80
191 174
195 178
35 26
40 63
41 113
47 18
87 82
89 186
93 25
121 59
198 188
133 3
156 24
107 136
100 28 36 38 56 138 148 172
