68 4 94 11 94 75 93 19 18 80 82 17 64 37 50 91 43 42 47 42 43 57 43 91 50 37 64 63 68 63 64 37 50 91 43 78 83 78 43 42 58 85 58 42 43 78 89 90 96 17 64 1 2 3 74 34 33 53 44 7 44 53 33 34 18 34 20 8 64 37 50 91 43 22 23 84 25 26 12 29 30 24 74 34 35 36 37 50 91 43 22 65 45 46 45 65 66 62 39 91 50 37 64 63 64 37 50 51 87 69 87 86 74 34 18 80 82 80 18 34 74 86 74 24 30 90 89 81 38 12 13 5 15 5 52 45 65 22 43 91 39 91 43 78 83 53 44 7 52 5 48 49 21 37 50 51 53 83 78 56 98 56 78 43 79 66 65 45 52 4 68
42
4 3
11 69
19 93
37 21
47 95
57 43
68 63
83 53
85 31
96 17
1 55 81
3 5
7 75 77
18 19
20 35
23 15 87
25 9 27
26 1 25
29 71
30 29
34 33
36 37
45 65
46 45
62 39
63 61
69 11
74 73
80 47
82 41
86 85
90 89
12 13
15 23
39 59 91
43 57 79
44 7
48 49
50 51
53 83
98 97
66 67
