75 77 72 74 11 14 11 43 44 46 50 43 51 52 51 88 84 90 84 88 10 6 2 4 8 10 21 24 22 24 21 35 38 35 43 45 47 43 51 55 51 61 64 61 67 61 10 1 10 11 12 11 21 27 21 35 31 33 37 35 61 66 70 61 99 96 99 10 11 13 11 21 28 30 28 21 74 72 77 75 77 72 74 88 82 83 88 99 92 94 93 99 74 72 71 75
32
14 12
46 50
50 42
52 53
90 86
2 1 7
4 2
22 24 30
38 31 36
45 47
47 45
55 59
64 66 70
67 63
1 10
12 13 16 19
27 21 26 28
31 33 37
33 32
66 67
70 69
96 91 92 98
10 74 88
13 20
30 22
75 71 73 76 80
82 87 89
83 82
92 94 97
94 100
74 72 78
71 75
