Soda Azerbaijan United Brunei Gabon Brunei Greenland Brunei Cook Benin Cook Holy Ghana Angola Ghana French Haiti Hong Gambia Azerbaijan Soda Costa Brunei Bhutan Finland Cayman Djibouti Greece Eritrea India Iceland Canada Honduras Argentina Bolivia Fiji Bosnia Guatemala Costa Croatia Bahrain Comoros Cuba Chad Gambia Belgium Cameroon Georgia Hungary Colombia Azerbaijan Guadeloupe Soda
23
United Czech
Gabon China
Greenland Botswana
Benin Colombia
Cook Belize
Angola Central
Haiti Cayman
Gambia Guam
Soda Guadeloupe
Bhutan Egypt
Cayman Cocos
Eritrea Angola
Canada Austria Comoros
Argentina Fiji
Bolivia Argentina
Guatemala Bermuda Denmark
Costa Cambodia
Bahrain Aruba
Chad Antigua
Belgium Australia
Georgia United
Colombia Bouvet
Guadeloupe Guyana
