FleaBottom RockofKuthian Olivanders KingsLanding HorneaterPeaks Vintas HorneaterPeaks BorginBurkes Carvahall Aerodenn Carvahall BorginBurkes HorneaterPeaks KingsLanding IronIslands SatishVille Tartarus Glimthain Tartarus Bobbingbourne Urubaen Peterborough Accrington Carvahall TheSpine TheAturanEmpire FleaBottom RockofKuthian Arkham Westopolis Carvahall Ademre TheBoilingRock TheKrustyKrab Glimthain Lorien TheSpine Carvahall Ademre Dragonstone SatishVille BorginBurkes Carvahall Westopolis Arkham MinistryofMagic CrastersKeep Ebonfall GringottsBank Batcave HighGarden Yll TheBurningPlains Olivanders RockofKuthian Urubaen Peterborough Accrington Carvahall TheSpine TheAturanEmpire FleaBottom
20
Olivanders TheBurningPlains
Vintas HighGarden
Aerodenn Eggmanland
HorneaterPeaks Vintas
KingsLanding Olivanders
Glimthain UtgardMountain
Bobbingbourne Urubaen
Accrington MinistryofMagic
FleaBottom Bobbingbourne
Westopolis Arkham
TheKrustyKrab TheBoilingRock Glimthain
TheSpine ShriekingShack Coalwatch
Dragonstone SatishVille Ademre
BorginBurkes Trebon
Arkham Westopolis
Ebonfall GringottsBank
GringottsBank Batcave Ebonfall
TheBurningPlains Yll TheGreatDivide
Peterborough Accrington
Carvahall TheVale
