Meckgue TheFingers Alethkar Shadesmar Neddingtown Vintas CasterlyRock MountOlympus Zootropolis ShatteredPlains Urubaen FlourishBlotts Urubaen ShatteredPlains Zootropolis Omniverse Ramshorn Glimthain Grayburn Sanlow Gotham FogofLostSouls Neddingtown TheUnderworld TheEolian TheWaystoneInn Eggmanland Castamere TheFingers CasterlyRock Arkham Essos KoralReef Tartarus TheWaystoneInn Eggmanland TheEyrie RepublicCity TreeofTime RepublicCity ZhaoFu HorneaterPeaks GringottsBank Ademre BoarsEye BubblegumKingdom Sanlow Ceald Ramshorn JahKeved FogofLostSouls Bellechulish Barkamsted KoralReef Omashu UtgardMountain LakeLaogai ShriekingShack TheReshiIsles TheBoilingRock TheReshiIsles Winterfell Millingburg BikiniBottom Lorien Bellechulish TheWhompingWillow Bellechulish Lorien Ceald Steeltown Naboo Steeltown TheUnderworld Murkcairn Ellesmera TheSpine Blagworth Vintas Neddingtown TheVale Neddingtown FogofLostSouls Murkcairn Keld WitheredHeath Toperhagen ThePrancingPony Carvahall MinistryofMagic Essos Winterfell TheReshiIsles BoarsEye TheHogsHead Larcbost Gizton Steeltown MysticRuins RepublicCity TheEyrie TheKrustyKrab Meckgue VaultofSouls Kinecardine Braavos Dagobah ProBendingArena TheHogsHead BoarsEye Meckgue TheFingers CasterlyRock KoralReef Omashu UtgardMountain EarthKingdom Kinecardine Braavos Atlantas Bellechulish FogofLostSouls Neddingtown TheUnderworld Urubaen LakeLaogai Beldenn Meckgue
42
Shadesmar Vexhollow
CasterlyRock KoralReef
Zootropolis ShatteredPlains
FlourishBlotts Urubaen
Omniverse Ellesmera
Glimthain Grayburn
Gotham Sanlow
TheEolian TheWaystoneInn
Castamere TheVale
Arkham MysticRuins
TheWaystoneInn Tartarus TheArcanum
TreeofTime RepublicCity Dagobah
GringottsBank Ademre
BubblegumKingdom TheBoilingRock
JahKeved Braavos EasternAirTemple
Barkamsted TheUniversity
UtgardMountain LakeLaogai EarthKingdom
TheBoilingRock BeyondtheWall
Millingburg Winterfell TheKrustyKrab
TheWhompingWillow ThePrancingPony
Lorien TheHogsHead
Naboo Steeltown
Murkcairn Netherfort Keld
Blagworth TheSpine
TheVale Castamere
Keld Murkcairn GooLagoon
ThePrancingPony Carvahall ZhaoFu
MinistryofMagic Lorien
Winterfell Meereen
BoarsEye Meckgue
Larcbost Gizton
MysticRuins TheGodswood
TheKrustyKrab Yunkai
Kinecardine VaultofSouls
Dagobah TreeofTime
TheHogsHead Larcbost
Meckgue Beldenn
Omashu UtgardMountain
EarthKingdom Kinecardine
Atlantas LeakyCauldron
FogofLostSouls Gotham
Urubaen FlourishBlotts
