Essos Toffingburg ThePrancingPony Ademre Naboo BoarsEye BikiniBottom MysticRuins MountOlympus Ellesmera Glimthain Netherfort Arcmoor RockofKuthian Arcmoor Yunkai LeakyCauldron Astapor LeakyCauldron Yunkai Trebon Bellechulish Hogwarts Bellechulish LeakyCauldron MinistryofMagic Toperhagen Azkaban Rohan WesternAirTemple ThePrancingPony Sanlow Prongdale EarthKingdom TheWaystoneInn Eastborne Hogsmead Azkaban Soda Atlantas TheHogsHead CaveofTwoLovers CrastersKeep RokusIsland EasternAirTemple Vintas Alethkar BeyondtheWall Braavos LeakyCauldron KoralReef Winterfell WesternAirTemple Rohan Tartarus LakeLaogai TheGreatDivide Ceald KingsLanding Keld Durnatel ShriekingShack TheFingers ShriekingShack TheHogsHead FleaBottom Kharbranth Olivanders Tralfamadore TheGodswood Tralfamadore Titferdenn Millingburg Duskhollow Millingburg Titferdenn Helgrind DuWeldenvarden Peterborough Meckingbourne TheHogsHead SerpantsPass Prongdale Shadesmar Barkamsted Coalwatch EasternAirTemple Westopolis Dragonstone BaSingSe UtgardMountain LeakyCauldron Toffingburg TheShire Beldenn BorginBurkes FlourishBlotts Bobbingbourne KyoshiIsland BayofDragons Gotham Jakku ZhaoFu JarrensOutpost KoralReef Arrowcave KoralReef KingsLanding ProBendingArena KingsLanding Omashu TheEolian NocturneAlley LeakyCauldron Yunkai SatishVille Vexhollow Vroengard Ramshorn Arcmoor Yunkai Pendle Karth Newarre AirTempleIsland Shadesmar Chrofall Peridrift TheEyrie Peridrift GooLagoon MenoaTree Alagaesia Alethkar Kinecardine KoralReef Winterfell CasterlyRock Millhagen BikiniBottom BayofDragons Aerodenn MountOlympus Aerodenn Steeltown Riverrun Toffingburg Essos
60
Ademre TheCommonwealth Barkamsted
BikiniBottom TheKrustyKrab Blackwater
Ellesmera MountOlympus Alderaan
Netherfort Astapor Aerodenn
RockofKuthian Duskhollow TheWhompingWillow
Yunkai Trebon SatishVille
Astapor Arcwallow Westeros Netherfort
Trebon ShriekingShack TheReshiIsles TheChumBucket
Hogwarts GooLagoon Sanlow
MinistryofMagic Toperhagen
Rohan WesternAirTemple Tartarus
Sanlow DiagonAlley Hogwarts FireNation
EarthKingdom Toffingburg Ivormere
Hogsmead Bobbingbourne Tarbean BeyondtheWall
Soda Atlantas WitheredHeath Steeltown
CaveofTwoLovers Jakku TheSpiritWorld
CrastersKeep TheSpine CaveofTwoLovers
RokusIsland Newarre Carvahall
Vintas Alethkar Neddington
Braavos Valyria
Winterfell Chrofall Severen
Tartarus Riverrun TheRiverStyx TheUnderworld
TheGreatDivide KnifesEdge Azir RepublicCity
Keld JarrensOutpost Batcave ShatteredPlains
TheFingers Braavos
FleaBottom Dubwall
Olivanders Soda
TheGodswood HighGarden
Titferdenn Helgrind Neddingtown
Duskhollow Boatwright
Helgrind TheFae Shinovar DuWeldenvarden
Peterborough ProBendingArena CastleBlack
SerpantsPass Gizton
Shadesmar Arkham
Coalwatch Essos
Westopolis Dragonstone Lockinge
UtgardMountain TheEyrie BaSingSe Hogsmead
TheShire FleaBottom
BorginBurkes FlourishBlotts
KyoshiIsland Penketh Omashu TheGodswood
Gotham Karth
JarrensOutpost Keld
Arrowcave JahKeved
ProBendingArena Yll
Omashu Meereen
NocturneAlley TheBoilingRock
SatishVille Endor
Vroengard Arrowcave
Arcmoor Ademre
Karth Castamere
AirTempleIsland Accrington
Chrofall Peridrift Winterfell
TheEyrie Urubaen
MenoaTree Vintas
Alagaesia Lorien
Kinecardine TheVale
CasterlyRock TheGreatDivide
BayofDragons BikiniBottom
MountOlympus Ellesmera
Steeltown Grimbarrow
