73 34 11 2 1 2 11 12 11 24 52 17 19 57 19 11 22 60 22 21 34 64 65 64 34 72 34 37 75 37 36 76 36 20 32 11 18 54 19 56 61 36 37 34 64 34 73 34 11 3 4 11 22 11 17 45 47 46 37 56 37 39 74 39 11 23 27 11 36 20 11 40 41 34 67 71 34 11 2 11 35 37 62 53 19 21 11 34 73
35
1 2
12 11
52 24
57 19
60 22
65 64
72 34
75 37
76 36
32 20
54 53
61 56
64 65
73 72
3 4
4 3
22 33 60
45 47 50 51
47 45
56 61
74 38 63 71
23 27 28 29 30
27 23
36 59
20 44
40 41 42
41 40
67 66 68
71 67
2 5 6 7 8
35 55 75
62 77
19 57
21 26
11 14 25
