0 10 36 25 21 24 32 38 29 42 44 41 43 72 60 65 71 65 60 72 43 42 29 25 36 10 2 1 3 1 10 36 23 20 23 20 29 42 40 46 43 52 42 54 42 56 42 58 41 43 72 63 60 75 77 68 65 78 92 85 87 80 95 91 92 93 92 78 61 72 43 42 29 25 36 10 6 16 1 10 36 34 22 20 29 42 47 41 43 72 64 60 69 78 92 85 81 86 82 90 84 92 78 61 72 43 42 29 25 36 10 8 9 1 18 0 10 36 25 29 42 43 72 60 65 60 70 72 43 42 29 25 36 10 2 7 11 0
35
21 37
32 39
38 28
44 48
71 65
2 10 19
3 4 5
20 27
23 30 36
46 45 58
52 44
54 49
56 47
58 46
63 60 61
75 64
77 70 75
87 80 81
91 96 99
93 98
6 11
16 6
22 35
47 56
64 66
69 79
81 88
86 83
90 84 91
8 9
9 13
18 12
65 71
70 62
7 2
