Building99 Building98 Building19 Building4 Building8 Building0 Building8 Building5 Building1 Building5 Building2 Building9 Building3 Building9 Building10 Building12 Building20 Building15 Building18 Building15 Building20 Building22 Building19 Building22 Building21 Building27 Building23 Building32 Building38 Building29 Building31 Building30 Building31 Building29 Building38 Building32 Building38 Building29 Building31 Building37 Building34 Building36 Building35 Building41 Building29 Building38 Building32 Building23 Building26 Building79 Building77 Building76 Building55 Building62 Building71 Building44 Building71 Building62 Building74 Building60 Building46 Building52 Building67 Building48 Building50 Building48 Building67 Building71 Building62 Building74 Building60 Building59 Building57 Building59 Building60 Building74 Building62 Building71 Building44 Building64 Building44 Building71 Building62 Building74 Building60 Building59 Building68 Building59 Building60 Building55 Building45 Building69 Building75 Building69 Building45 Building55 Building76 Building77 Building79 Building77 Building76 Building55 Building45 Building85 Building89 Building90 Building91 Building88 Building91 Building90 Building89 Building96 Building92 Building22 Building19 Building4 Building8 Building5 Building8 Building6 Building8 Building4 Building9 Building10 Building9 Building4 Building17 Building18 Building15 Building18 Building16 Building21 Building27 Building23 Building32 Building38 Building29 Building38 Building32 Building23 Building26 Building79 Building77 Building76 Building55 Building52 Building43 Building61 Building51 Building50 Building48 Building67 Building52 Building66 Building49 Building47 Building69 Building45 Building55 Building74 Building55 Building76 Building77 Building76 Building55 Building84 Building92 Building96 Building86 Building96 Building92 Building22 Building19 Building4 Building8 Building4 Building19 Building67 Building63 Building49 Building63 Building61 Building54 Building62 Building74 Building60 Building55 Building76 Building77 Building79 Building26 Building24 Building26 Building79 Building77 Building76 Building55 Building62 Building71 Building67 Building53 Building45 Building85 Building83 Building85 Building89 Building98 Building99
44
Building0 Building8
Building1 Building5
Building3 Building9
Building12 Building20
Building18 Building16
Building19 Building67
Building30 Building42
Building32 Building23
Building34 Building39
Building35 Building41
Building44 Building71
Building46 Building52
Building50 Building51
Building57 Building68
Building64 Building44
Building68 Building57
Building75 Building69
Building76 Building55
Building79 Building26
Building88 Building91
Building91 Building88
Building92 Building96
Building5 Building7
Building6 Building28
Building10 Building12
Building15 Building18
Building16 Building21
Building29 Building33
Building43 Building61
Building48 Building50
Building66 Building49
Building69 Building47
Building74 Building62
Building77 Building76 Building81
Building84 Building92
Building86 Building82
Building8 Building0 Building6
Building49 Building63 Building66
Building54 Building43
Building60 Building74
Building24 Building25
Building67 Building53
Building83 Building85 Building93 Building94 Building97
Building85 Building83
