92 60 43 20 43 60 24 60 35 32 35 13 40 13 2 91 60 43 50 43 66 68 53 68 0 93 59 93 3 91 54 75 6 84 58 46 25 88 60 91 2 34 94 34 67 1 67 34 2 91 7 49 63 9 58 46 14 46 19 41 77 91 23 91 2 34 67 27 67 34 5 28 5 34 67 37 67 82 45 36 60 91 54 91 60 43 38 56 38 43 60 91 3 70 34 94 16 78 16 94 96 6 25 46 81 8 11 35 81 51 21 38 43 50 22 50 43 16 45 26 67 29 36 60 43 38 43 66 49 55 49 57 62 57 67 82 69 82 67 34 70 3 91 2 17 2 34 58 46 58 92
42
20 55
24 87
32 35
40 13
50 12
53 68
59 93
75 54
84 78
88 63
94 16
1 5
2 17
7 37 73
9 21
14 46
19 0
23 18 86
27 61 85
28 72
37 74
45 44
54 64
56 59
60 24
70 3 33
78 29
96 94
6 14 70
8 11 32 50
11 97
21 47
22 90
26 1 45
29 10
38 65
55 20
62 57
69 23
3 95
17 2
46 19
