AAA AAB AAA ABA ACA ACB ACC ACD ADD ADC ADB ADA BAA BAB BAA BBA BCA BCB BCC BCD BDD BDC BDB BDA CAA CAB CAA CBA CCA CCB CCC CCD CDD CDC CDB CDA DAA DAB DAA DBA DCA DCB DCC DCD DDD DDC DDB DDA EAA EAB EAA EBA ECA ECB ECC ECD EDD EDC EDB EDA FAA FAB FAA FBA FCA FCB FCC FCD FDD FDC FDB FDA GAA GAB GAA GBA GCA GCB GCC GCD GDD GDC GDB GDA HAA HAB HAA HBA HCA HCB HCC HCD HDD HDC HDB HDA IAA IAB IAA IBA ICA ICB ICC ICD IDD IDC IDB IDA JAA JAB JAA JBA JCA JCB JCC JCD JDD JDC JDB JDA KAA KAB KAA KBA KCA KCB KCC KCD KDD KDC KDB KDA LAA LAB LAA LBA LCA LCB LCC LCD LDD LCD LBD LAD LAC LAB LAA KDA KCA KBA KAA JDA JCA JBA JAA IDA ICA IBA IAA HDA HCA HBA HAA GDA GCA GBA GAA FDA FCA FBA FAA EDA ECA EBA EAA DDA DCA DBA DAA CDA CCA CBA CAA BDA BCA BBA BAA ADA ACA ABA AAA AAB AAC AAB AAA ABA ACA ADA BAA BAB BAC BAB BAA BBA BCA BDA CAA CAB CAC CAB CAA CBA CCA CDA DAA DAB DAC DAB DAA DBA DCA DDA EAA EAB EAC EAB EAA EBA ECA EDA FAA FAB FAC FAB FAA FBA FCA FDA GAA GAB GAC GAB GAA GBA GCA GDA HAA HAB HAC HAB HAA HBA HCA HDA IAA IAB IAC IAB IAA IBA ICA IDA JAA JAB JAC JAB JAA JBA JCA JDA KAA KAB KAC KAB KAA KBA KCA KDA LAA LAB LAC LAB LAA KDA KCA KBA KAA JDA JCA JBA JAA IDA ICA IBA IAA HDA HCA HBA HAA GDA GCA GBA GAA FDA FCA FBA FAA EDA ECA EBA EAA DDA DCA DBA DAA CDA CCA CBA CAA BDA BCA BBA BAA ADA ACA ABA AAA
60
AAB ABB
ACA ACB
ACD ADD
ADD ACD
BAB BBB
BCA BCB
BCD BDD
BDD BCD
CAB CBB
CCA CCB
CCD CDD
CDD CCD
DAB DBB
DCA DCB
DCD DDD
DDD DCD
EAB EBB
ECA ECB
ECD EDD
EDD ECD
FAB FBB
FCA FCB
FCD FDD
FDD FCD
GAB GBB
GCA GCB
GCD GDD
GDD GCD
HAB HBB
HCA HCB
HCD HDD
HDD HCD
IAB IBB
ICA ICB
ICD IDD
IDD ICD
JAB JBB
JCA JCB
JCD JDD
JDD JCD
KAB KBB
KCA KCB
KCD KDD
KDD KCD
LAB LBB
LCA LCB
LCD LDD
LDD LCD
AAC AAD ABC
BAC BAD BBC
CAC CAD CBC
DAC DAD DBC
EAC EAD EBC
FAC FAD FBC
GAC GAD GBC
HAC HAD HBC
IAC IAD IBC
JAC JAD JBC
KAC KAD KBC
LAC LAD LBC
