Soda Location15 Location18 Location160 Location4 Location160 Location96 Location176 Location8 Location176 Location96 Location66 Location191 Location11 Location10 Location11 Location125 Location192 Location18 Location15 Location20 Location192 Location156 Location22 Location50 Soda Location159 Location24 Location38 Location176 Location96 Location28 Location96 Location176 Location163 Location36 Location44 Location36 Location163 Location45 Location70 Location49 Location2 Location112 Location121 Location52 Location94 Location64 Location63 Location58 Location53 Location154 Location117 Location57 Location81 Location148 Location63 Location64 Location124 Location70 Location45 Location23 Location141 Location76 Location141 Location115 Location144 Location65 Location84 Location65 Location144 Location64 Location21 Location120 Location72 Location85 Location72 Location120 Location21 Location64 Location124 Location140 Location86 Location128 Location67 Location89 Location11 Location74 Location87 Location74 Location11 Location80 Location98 Location93 Location98 Location80 Location55 Location100 Location55 Location105 Location72 Location146 Location103 Location146 Location23 Location45 Location189 Location106 Location189 Location173 Location55 Location77 Location10 Location108 Location10 Location11 Location125 Location16 Location6 Location134 Location110 Location106 Location189 Location173 Location55 Location80 Location111 Location32 Location192 Location34 Location31 Location24 Location114 Location24 Location31 Location34 Location192 Location118 Location66 Location96 Location101 Location128 Location67 Location89 Location39 Location47 Location131 Location0 Location27 Location19 Location68 Location142 Location184 Location189 Location117 Location154 Location158 Location175 Location157 Location175 Location158 Location137 Location162 Location130 Location125 Location58 Location1 Location165 Location1 Location132 Location151 Location43 Location182 Location61 Location75 Location2 Location112 Location183 Location112 Location82 Location63 Location58 Location1 Location58 Location125 Location16 Location48 Location7 Location48 Location16 Location125 Location130 Location135 Location9 Location135 Location130 Location125 Location16 Location6 Location180 Location177 Location31 Location25 Location31 Location34 Location192 Location32 Location120 Location12 Location180 Location168 Location188 Location33 Location143 Location141 Location187 Location35 Location187 Location163 Location36 Location145 Location100 Location55 Location39 Location92 Location130 Location162 Location40 Location121 Location26 Location125 Location16 Location48 Location16 Location125 Location58 Location50 Location22 Location156 Location97 Location28 Location51 Location28 Location97 Location115 Location144 Location65 Location84 Location181 Location191 Location66 Location96 Location160 Location146 Location72 Location146 Location160 Location186 Location74 Location11 Location89 Location39 Location92 Location39 Location55 Location122 Location94 Location64 Location124 Location95 Location102 Location95 Location61 Location109 Location30 Location34 Location31 Location112 Location25 Location19 Location99 Location56 Location113 Location1 Location58 Location63 Location64 Location144 Location65 Location62 Location126 Location62 Location65 Location144 Location64 Location133 Location129 Location135 Location17 Location143 Location33 Location188 Location168 Location124 Location181 Location124 Location168 Location188 Location168 Location180 Location12 Location60 Location88 Location57 Location117 Location26 Location74 Location11 Location80 Location47 Location39 Location55 Location39 Location89 Location178 Location56 Location192 Location156 Location60 Location27 Location19 Location68 Location179 Location48 Location81 Location105 Location177 Location135 Location17 Location143 Location141 Location30 Location4 Location160 Location96 Location176 Location190 Location50 Soda
80
Location4 Location30
Location8 Location176
Location10 Location11
Location15 Soda
Location20 Location113
Location22 Location50
Location24 Location38
Location28 Location151
Location44 Location36
Location49 Location70
Location52 Location144
Location53 Location154
Location57 Location88
Location63 Location64
Location70 Location49
Location76 Location129
Location84 Location181
Location85 Location72
Location86 Location128
Location87 Location74
Location93 Location104
Location100 Location145
Location103 Location149
Location106 Location189
Location108 Location10
Location110 Location134
Location111 Location32
Location114 Location143
Location118 Location123
Location128 Location101
Location131 Location0
Location142 Location184
Location154 Location158
Location157 Location182
Location162 Location40
Location165 Location1
Location182 Location43
Location183 Location112
Location1 Location132
Location7 Location48 Location75
Location9 Location135
Location16 Location125
Location25 Location19
Location32 Location116 Location120
Location33 Location188
Location35 Location187
Location36 Location163
Location39 Location89 Location119
Location40 Location162 Location164
Location48 Location16 Location179
Location50 Location190
Location51 Location28 Location102
Location65 Location62
Location66 Location118 Location191
Location72 Location105
Location74 Location87
Location92 Location39
Location94 Location127
Location95 Location27
Location102 Location41
Location109 Location3
Location112 Location25
Location113 Location56
Location126 Location147
Location135 Location9
Location143 Location33 Location115
Location181 Location29
Location188 Location168
Location12 Location60 Location180
Location26 Location46
Location47 Location131
Location55 Location173
Location56 Location99
Location60 Location12
Location68 Location142
Location81 Location57
Location17 Location172
Location30 Location34 Location42
Location96 Location90
Location176 Location8
