Soda Xiykasaul Kpdxi Obpzvveihj Xmibe Ygykrl Wgigv Kvcj Wgigv Ukih Rfwigv Sjwkqvmzq Rfwigv Gzgo Plptbkef Naovhz Pvqvkpcd Naovhz Rjuvckvy Rwecxfmjsm Lwpi Ukih Rfwigv Ukih Lwpi Dacrfmpv Zuyknpwz Dacrfmpv Rfgfrncmnd Ycnmyyspjf Rfgfrncmnd Rjuvckvy Kahi Wksfdqrv Kahi Rjuvckvy Lgjwjtb Kpdxi Obpzvveihj Xgyovgk Obpzvveihj Kpdxi Xiykasaul Cqgcmhx Idwoxehtk Rfgfrncmnd Hbogcfyxa Rfgfrncmnd Dacrfmpv Zuyknpwz Dtmwk Zuyknpwz Dacrfmpv Ygykrl Wgigv Vwqoktnwgk Idwoxehtk Rfgfrncmnd Hbogcfyxa Ojnvskrpfp Hbogcfyxa Rfgfrncmnd Idwoxehtk Soda Xiykasaul Kpdxi Bbvlwxnejni Kpdxi Xiykasaul Soda Boyttsdoot Ncul Cgcszojbs Gsbrvvyhxcc Ncyuq Xiykasaul Soda
23
Xmibe Ygykrl
Kvcj Wgigv
Sjwkqvmzq Rfwigv
Plptbkef Fpujhjd
Pvqvkpcd Xiykasaul
Rwecxfmjsm Rjuvckvy
Rfwigv Sjwkqvmzq
Zuyknpwz Dacrfmpv
Ycnmyyspjf Gsbrvvyhxcc
Wksfdqrv Xgyovgk
Lgjwjtb Soda
Xgyovgk Sicichvcten Wksfdqrv
Cqgcmhx Idwoxehtk
Hbogcfyxa Ojnvskrpfp
Dtmwk Xmibe Wdhdwqbb
Wgigv Kvcj
Idwoxehtk Ncyuq
Ojnvskrpfp Hbogcfyxa
Xiykasaul Pvqvkpcd
Bbvlwxnejni Jdqn
Boyttsdoot Ncul
Cgcszojbs Plptbkef
Gsbrvvyhxcc Ycnmyyspjf
