aa0 aa1 aa2 aa8 aa5 aa8 aa9 ab0 ab1 ab5 ab8 ab7 ab4 ab2 ab4 ab7 ab8 ab5 ab8 ab9 ac0 ac5 ac1 ac6 ac3 ac2 ac4 ac9 ac5 ac9 ad0 ad9 ga0 ga1 ga3 ga4 ga8 ga5 ga8 ga9 gb0 gb3 gb1 gb6 gb9 gc0 gc1 gc2 gc1 gc0 gc3 gc4 gc3 gc0 gc6 gc0 gc7 gc0 gc3 gc4 gc9 gd0 gd1 gd4 gd6 gd7 gd9 ka0 ka2 ka4 ka7 ka8 ka7 ka9 kb0 kb1 kb3 kb7 kb4 kb8 kb5 kb9 kc0 kc1 kc8 kc9 kd0 kd1 kd7 kd5 kd6 kd9 aa0 aa1 aa2 aa4 aa2 aa8 aa9 ab0 ab2 ab4 ab7 ab8 ab9 ac0 ac4 ac9 ad0 ad9 ga0 ga1 ga5 ga8 ga9 gb0 gb3 gb4 gb1 gb5 gb6 gb9 gc0 gc3 gc4 gc9 gd0 gd2 gd5 gd6 gd9 ka0 ka2 ka4 ka6 ka1 ka6 ka9 kb0 kb2 kb5 kb8 kb4 kb8 kb5 kb9 kc0 kc9 kd0 kd1 kd0 kd2 kd4 kd6 kd4 kd2 kd0 kc9 kc8 kc7 kc5 kc3 kc2 kc0 kb9 kb6 kb2 kb0 ka9 ka6 ka4 ka2 ka0 gd9 gd6 gd5 gd2 gd0 gc9 gc4 gc3 gc0 gb9 gb6 gb1 gb0 ga9 ga8 ga5 ga1 ga0 ad9 ad1 ad2 ad3 ad2 ad1 ad9 ad0 ac9 ac4 ac0 ab9 ab8 ab7 ab4 ab2 ab0 aa9 aa8 aa2 aa1 aa0
51
aa1 aa5
aa2 aa4
aa5 aa6
ab0 ab2
ab1 ab5
ab2 ab4
ab5 ab8
ac1 ac6
ac2 ac3
ac5 ac8
ga3 ga4
ga4 ga3
ga5 ga6
gb3 gb4
gc1 gc2
gc2 gc1
gc4 gc3
gc6 gc5
gc7 gc8
gd1 gd4
gd4 gd3
gd7 gd9
ka2 ka5
ka8 ka7
kb0 kb2
kb3 kb7
kb8 kb5
kc1 kc8
kc8 kc1
kd0 kd1
kd5 kd8
aa4 aa3 aa7
ab4 ab7
ac4 ac2 ac7
ga1 ga2
ga8 ga7
gb0 gb2 gb3
gb4 gb7
gb5 gb6
gd9 gd7 gd8
ka0 ka2
ka1 ka6 ka8
kb2 kb6
kb4 kb8
kc0 kc2
kc9 kc6
kd1 kd3
kd2 kd4
kd6 kd5
kc3 kc5
ad3 ad4 ad5 ad6 ad7 ad8
