0 55 57 112 2 140 116 52 128 3 128 153 178 20 4 20 149 35 32 9 32 69 161 121 79 13 79 121 161 151 152 19 58 56 163 149 20 178 55 174 24 153 184 124 26 124 23 67 27 67 23 114 39 36 7 40 7 36 41 157 45 43 194 132 178 55 57 47 57 55 178 136 145 50 32 69 161 151 52 128 60 0 54 25 129 58 56 140 2 112 188 62 63 62 13 79 148 64 148 65 11 189 71 189 36 7 40 194 132 74 132 178 153 82 78 82 153 178 55 0 84 0 55 178 20 117 89 117 20 178 153 128 99 128 123 83 101 75 38 145 100 51 102 121 143 114 103 114 23 147 104 65 11 143 96 105 96 143 11 65 133 126 198 118 155 0 60 129 153 178 132 194 65 133 65 11 87 166 87 11 143 96 175 96 143 11 65 133 115 181 191 106 196 120 112 195 1 195 5 3 128 153 178 55 8 119 109 10 149 133 65 11 143 119 48 16 28 32 69 142 30 142 38 116 140 2 33 57 55 178 132 194 43 42 43 65 11 143 96 46 14 167 85 49 186 53 110 153 128 60 57 112 188 61 188 112 2 140 56 77 56 58 153 82 153 128 52 167 98 166 87 166 98 167 188 112 2 140 91 140 116 168 95 65 104 147 106 196 120 112 2 140 116 140 91 108 127 164 85 135 7 40 99 137 22 161 151 152 59 135 85 49 159 187 9 32 69 161 69 83 198 173 91 140 116 174 116 140 2 109 10 176 10 149 133 179 133 149 10 109 185 144 99 158 190 175 96 46 14 140 91 17 18 17 128 99 137 22 161 69 12 182 31 182 35 182 38 145 100 51 100 145 38 116 140 2 112 188 62 32 9 187 72 147 104 126 193 189 36 131 16 66 169 141 65 148 65 133 60 57 112 188 167 189 36 195 112 2 140 91 23 67 27 179 81 107 149 20 117 20 178 55 0
93
2 112
3 170
4 20
9 139
13 97
19 152
20 14
24 197
26 124
27 67
39 50
40 99
41 157
43 45
47 57
50 39
52 167
54 101
56 77
63 9
64 148
71 189
74 132
78 82
84 13
89 186
99 137
101 83
102 51
103 166
104 147
105 72
118 198
129 92
132 74
133 169
166 103
175 86
181 68
196 106
1 195
5 3
8 55 119
10 176
11 143
16 66
28 16
30 142
33 2
42 43
46 138
49 85
53 56
60 129
61 188
77 21
82 29
87 11
91 23 108
95 90 141
106 196
116 38 52
127 164
135 59
137 172
152 19
159 49
161 69
173 26
174 24
176 10 12
179 27 150
185 35
190 175
14 46
18 41
22 161
31 182
35 185
38 125
51 100 102
62 73
72 105
126 104
131 160
141 95
148 64
188 123
189 71
195 1
67 94
81 107
117 89
