40 33 24 4 24 33 6 34 1 29 26 17 41 5 41 17 26 29 1 34 6 34 1 30 14 15 23 7 2 31 42 36 19 27 9 27 19 36 18 10 20 25 35 34 3 12 3 48 43 13 43 32 24 4 16 8 22 15 14 30 1 29 26 17 41 42 36 19 27 19 36 18 10 20 25 35 34 6 33 6 34 1 29 26 17 41 42 21 44 37 44 21 42 41 17 26 29 1 34 6 33 40 33 24 32 47 13 43 48 3 12 0 12 38 23 7 2 7 23 15 14 30 20 25 20 30 1 34 3 48 43 39 43 48 3 34 6 33 40
23
4 16
5 41
6 34
7 23
9 27
10 20
12 38
13 43
16 4
22 15
26 29
27 19
33 6
37 28
40 45
47 32
0 12 30
2 7 31
20 25
25 35
30 14
39 49
43 39
