71 37 60 4 89 86 52 39 61 87 7 87 61 39 52 86 56 8 10 8 56 86 52 39 3 28 97 13 49 54 14 3 39 61 75 15 75 19 74 20 17 20 74 19 75 15 94 65 9 0 23 0 9 27 18 86 52 39 3 16 29 16 3 39 2 36 30 36 2 33 81 84 43 48 43 84 81 95 21 50 21 95 81 33 2 36 42 70 53 44 60 4 89 59 89 4 60 4 89 86 18 27 73 79 80 63 80 79 31 41 88 78 68 56 86 18 27 9 65 96 72 96 65 17 20 74 20 88 78 88 41 31 79 80 79 31 41 84 43 30 36 42 67 90 67 42 70 53 44 60 37 91 37 60 4 89 86 52 39 3 16 11 5 11 5 83 88 41 84 81 95 21 95 81 84 43 99 25 99 6 32 6 99 25 24 34 24 16 3 39 61 75 19 74 20 88 41 88 83 5 35 60 44 53 70 42 67 47 10 8 56 86 52 39 3 14 54 49 54 14 3 39 61 75 15 94 45 62 66 58 66 62 45 94 65 9 57 70 42 67 47 10 8 56 86 52 39 61 87 61 39 2 39 61 75 15 94 65 96 38 64 91 37 71
46
4 60
7 87
8 10
10 47
13 49
14 54
15 94
17 65
19 74
23 0
27 18
29 59
30 36
33 2
48 38
50 21
53 70
59 29
60 35
63 50
68 78
72 96
74 19
78 88
80 79
84 41
90 85
91 64
3 28 39
5 11
11 5
21 95
25 24 30
32 6 55
34 69
39 61
41 84
44 53
47 26
49 13
58 66 77
62 45
67 42
87 7
2 33
94 15
