49 37 47 29 48 3 27 29 47 37 6 37 47 1 24 8 33 14 23 35 10 35 23 14 9 28 11 28 9 14 39 34 12 34 19 13 19 34 39 14 23 15 23 14 17 6 37 47 29 48 18 48 29 27 0 26 0 27 29 47 37 6 17 31 44 21 30 21 44 31 17 6 37 6 46 12 34 39 14 33 8 42 8 24 1 47 29 27 5 45 5 27 29 47 1 47 37 6 46 12 7 12 34 19 34 12 7 22 10 35 23 14 9 28 11 36 11 28 9 14 23 43 23 14 39 34 19 38 19 34 12 46 6 37 49
24
3 11
6 17
8 24
10 22
11 3
12 7
13 19
15 23
18 1
26 0
30 21
37 6
39 14
42 8
45 5
1 18
7 12
19 13
22 10
23 15
28 9
36 20
43 4
38 2 16
