99 4 99 89 6 89 99 68 11 88 79 10 22 16 12 81 31 91 70 24 1 15 14 15 88 11 68 99 4 18 4 99 68 11 88 36 21 36 88 11 68 90 19 45 25 45 19 26 19 90 68 11 88 36 37 28 37 36 88 11 42 91 31 0 29 78 16 63 18 76 54 41 46 82 96 68 11 42 91 70 24 23 58 43 58 3 53 96 82 46 82 96 68 11 42 91 51 91 70 24 23 65 23 24 70 91 31 38 66 38 31 91 70 24 67 55 68 96 72 71 72 45 19 40 73 40 78 16 22 10 79 10 22 16 63 49 97 49 63 16 22 10 79 98 79 10 22 16 78 29 0 29 78 16 33 2 33 16 93 30 75 5 19 90 68 96 82 46 84 7 22 16 33 2 8 17 43 58 23 19 90 68 11 88 15 1 24 23 58 43 17 43 58 23 19 5 32 5 19 23 58 3 61 34 61 3 58 23 19 45 19 40 78 16 33 48 47 48 33 16 93 30 75 30 93 16 63 18 76 81 76 18 61 3 6 89 99 35 95 35 99 68 96 53 3 61 18 63 16 93 30 75 5 32 37 36 88 11 68 90 19 90 68 99
44
4 18
6 3
10 22
12 16
14 15
18 4
21 36
25 45
26 19
28 37
29 0
41 46
42 11
43 17
46 41
51 9
65 23
66 38
67 24
71 27
73 40
79 10
97 49
98 21
0 29 31
2 8 33
5 32
7 34
8 2
11 13 42
15 1 14
17 43
32 5
34 7 47
45 25
47 48
75 30
81 12
89 6 44
95 35
3 20
93 39
37 28
19 26
