Egsmith Whittree Alfchester Wenside Waltditch Stafbury Hurstlow Whithall Chelmbeck Cookford Hornborough Chelmwang Wychsmith Sunsted Egtree Southborne Egtree Shaftsted Wenbeck Shaftsted Egtree Chelmden Egtree Stainbrough Nortley Wetwick Bromton Wyborne Penborne Wetbridge Cookford Wychbourne Egavon Wychbourne Barnton Ashbourne Stapbeck Ashbourne Barnton Egsmith Whittree Whithall Hurstlow Whithall Shaftsted Watchcombe Pemlow Sodey Burbourne Leathermere Sudtree Wenwold Stainby Brackbrough Ashbourne Durnell Edgwick Durnell Blanworth Stainbrough Blanworth Durnell Burfield Shaftbridge Watchavon Alfchester Whittree Whithall Shaftsted Barnton Wywick Wychbeck Wywick Burfield Wywick Cookford Farnsmith Cookford Wychbourne Egavon Horsmoor Chelmden Egtree Sunsted Wychsmith Farnsmith Cookford Wywick Egsmith Waltditch Egsmith
29
Alfchester Wenside
Stafbury Waltditch
Whithall Chelmbeck
Chelmwang Wychsmith
Southborne Egtree
Wenbeck Brackbrough
Chelmden Flitgrove
Nortley Stainbrough Wetwick
Wyborne Penborne Shaftbage
Penborne Shaftbridge Staplake
Egavon Wychbourne
Stapbeck Ashbourne
Hurstlow Chelmwang Edgey
Watchcombe Wenbeck Pemlow
Burbourne Leathermere
Leathermere Sudtree Burbourne
Brackbrough Stainby
Edgwick Chelmden Ashdown
Blanworth Wenwold
Stainbrough Nortley
Watchavon Alfchester
Shaftsted Barnton
Wychbeck Wywick
Burfield Wychnell
Farnsmith Cookford
Horsmoor Egavon
Wychsmith Farnsmith
Wywick Wychbeck
Waltditch Stapbeck
