Soda Domingo Eunice Lewiston Edith Oregon Alvarado Senior Bancroft Menlo Burnett Menlo Wheeler Dartmouth Wheeler Acroft Latham Station Arch Bret Bataan Bowditch Martin Yolo Pardee Anne Oregon Alvarado Overlook Alvarado Vicente Summit Michigan Kenilworth Woodside Fresno Center Colorado Woodhaven Drury Park Tulare Blake High Blake Tulare Park Tulare Latham Vistamont Olympus Whitaker Bret Latham Acroft Marin Greenwood Heinz Ajax Haviland Bancroft Cutter Arcade Fresno Latham Halkin Olympus Yolo Soda
25
Domingo Eunice Keeler Pardee
Edith Anne Comstock Kenilworth Lewiston
Senior Bancroft Haste Marin Vermont
Burnett Browning Columbia Hospital Menlo
Dartmouth Forest Haskell Poppy
Station Arch Byron Mabel Muir
Arch Bret
Bataan Allston Bowditch High
Martin Colusa Greenwood Haviland Heinz
Oregon Edith
Overlook Florida Shasta Terrace
Summit Ajax
Woodside Fresno
Colorado Cutter
Drury Poplar
High Bataan
Park Belrose Domingo Overlook
Vistamont Fulton
Whitaker Madera
Acroft Spring
Greenwood Martin
Ajax Summit
Cutter Bristol
Arcade Burnett
Halkin Addison
