x115 x12 x4 x25 x2 x30 x24 x0 x42 x0 x40 x0 x23 x0 x26 x0 x38 x3 x28 x82 x8 x129 x8 x49 x4 x58 x22 x78 x7 x128 x0 x17 x1 x44 x3 x115 x133 x2 x36 x0 x19 x34 x0 x115
23
x12 x4 x5 x11 x40 x44 x125
x25 x9 x13 x21
x30 x20 x27 x57
x24 x16 x17 x26 x50 x81
x42 x32 x48 x82 x89 x106
x40 x98 x108
x23 x43 x61 x91 x103
x26 x15 x54 x58 x111
x38 x73 x124 x127
x28 x69 x76
x82 x52 x59 x62 x109 x122 x136
x129 x34 x53 x114
x49 x74
x58 x33
x78 x130
x128 x71 x84
x17 x138
x44 x64 x83
x115 x128
x133 x94
x36 x38 x75
x19 x92
x34 x41
