Cleresmith Whitby Bothensborough Sodmersmith Chedlake Ketterwold Milditch Wydon Edgney Whitseyborough Todderworth Warrerbage Durblechester Dribbasborne Hanworth Sunderbrough Chillerlow Eggerrensling Hannerworth Waltcombe Dribbinggrove Cheddlesport Pendton Elfield Warblesdown Wolvingrethorne Cammingbury Blanden Egwood Skelcastle Cannerrebeck Ciside Hartrenslow Enderavon Pemhampton Reddenwell Suddlebrough Pendingstoke Stainsdenwold Ashworth Cannenringwell Elmsbrook Chilcompcester Hanscombe Watchmanshead Chippenden Camsdenden Rockhead Bootworth Dribbingenborne Dribside Wendlemerford Hamditch Wendlemerford Dribside Dribbingenborne Bootworth Rockhead Camsdenden Chippenden Watchmanshead Hanscombe Chilcompcester Elmsbrook Cannenringwell Ashworth Stainsdenwold Pendingstoke Suddlebrough Reddenwell Pemhampton Enderavon Hartrenslow Ciside Cannerrebeck Skelcastle Egwood Blanden Cammingbury Wolvingrethorne Warblesdown Elfield Pendton Cheddlesport Dribbinggrove Waltcombe Hannerworth Eggerrensling Chillerlow Sunderbrough Hanworth Dribbasborne Durblechester Warrerbage Todderworth Whitseyborough Edgney Wydon Milditch Ketterwold Chedlake Sodmersmith Bothensborough Whitby Cleresmith
27
Cleresmith Warringwood
Bothensborough Chippingwood
Ketterwold Milditch
Milditch Ketterwold
Edgney Basfield
Warrerbage Durblechester
Durblechester Warrerbage
Hanworth Ellingey
Eggerrensling Hannerworth
Hannerworth Eggerrensling
Dribbinggrove Pendrenslake
Elfield Warblesdown
Warblesdown Elfield
Cammingbury Soddenreey
Skelcastle Cannerrebeck
Cannerrebeck Skelcastle
Hartrenslow Cammenenwich
Reddenwell Suddlebrough
Suddlebrough Reddenwell
Stainsdenwold Reddentree
Elmsbrook Chilcompcester
Chilcompcester Elmsbrook
Watchmanshead Shrivden
Rockhead Bootworth
Bootworth Rockhead
Dribside Ribney
Hamditch Wetley
