Wolney Horndleside Reddingringey Nortditch Sodditch Brombrough Hamwich Rotsted Wendlethorne Ketthorne Southcompmere Bromwich Stapseyden Sistanwick Boothingtree Edgfield Hannensworth Watchsmith Endlesthorne Boothingwick Rockdenport Hanbasside Bootherbersted Wendlerewick Dribbinglow Ribbendhead Toddlenell Blanavon Ennell Wolden Horslake Brackavon Wycombe Sundlecombe Chedcastle Basserchester Cannell Camsreborough Braindlemere Ellensbrough Eggermoor Cheddenwang Sudhead Wencester Windlesseywang Pendlesbascastle Endcastle Marlborne Pendlesford Whitborough Camhampton Elmerdown Skelling Chilworth Wolbourne Braddlesreport Farnsmerbeck Hammingreport Camsmere Burglesbrook Soddlesbasbourne Braddleswick Sismith Clereshot Worringcompgrove Alddlesenbage Horndlehampton Falrensavon Suddingney Toddleborne Kettenwell Sundlesborne Staindlemansavon Chilmermere Penswick Ketworth Ciringover Aldlow Cammertree Candleseyney Elsmith Sudderbage Camsted Sirengrove Worglesmernell Sodham Durrenslow Flitcompwold Sunsseybrook Camtree Reddlesley Chippingchester Ribblesremoor Skellerbury Rothensden Wychringden Ensdown Chedwick Dribberbrough Melborne Camling Sudderwick Shaftport Falbaswood Siringbrook Skellingbaswold Skellingmansgrove Egwich Tippenside Egwich Skellingmansgrove Skellingbaswold Siringbrook Falbaswood Shaftport Sudderwick Camling Melborne Dribberbrough Chedwick Ensdown Wychringden Rothensden Skellerbury Ribblesremoor Chippingchester Reddlesley Camtree Sunsseybrook Flitcompwold Durrenslow Sodham Worglesmernell Sirengrove Camsted Sudderbage Elsmith Candleseyney Cammertree Aldlow Ciringover Ketworth Penswick Chilmermere Staindlemansavon Sundlesborne Kettenwell Toddleborne Suddingney Falrensavon Horndlehampton Alddlesenbage Worringcompgrove Clereshot Sismith Braddleswick Soddlesbasbourne Burglesbrook Camsmere Hammingreport Farnsmerbeck Braddlesreport Wolbourne Chilworth Skelling Elmerdown Camhampton Whitborough Pendlesford Marlborne Endcastle Pendlesbascastle Windlesseywang Wencester Sudhead Cheddenwang Eggermoor Ellensbrough Braindlemere Camsreborough Cannell Basserchester Chedcastle Sundlecombe Wycombe Brackavon Horslake Wolden Ennell Blanavon Toddlenell Ribbendhead Dribbinglow Wendlerewick Bootherbersted Hanbasside Rockdenport Boothingwick Endlesthorne Watchsmith Hannensworth Edgfield Boothingtree Sistanwick Stapseyden Bromwich Southcompmere Ketthorne Wendlethorne Rotsted Hamwich Brombrough Sodditch Nortditch Reddingringey Horndleside Wolney
55
Wolney Braindlemoor
Reddingringey Sodden
Brombrough Hamwich
Hamwich Brombrough
Wendlethorne Chipcester
Bromwich Stapseyden
Stapseyden Bromwich
Boothingtree Reddingbourne
Watchsmith Endlesthorne
Endlesthorne Watchsmith
Rockdenport Hampenlake
Wendlerewick Dribbinglow
Dribbinglow Wendlerewick
Toddlenell Egmanston
Wolden Horslake
Horslake Wolden
Wycombe Meley
Basserchester Cannell
Cannell Basserchester
Braindlemere Endingey
Cheddenwang Sudhead
Sudhead Cheddenwang
Windlesseywang Cirercompsted
Marlborne Pendlesford
Pendlesford Marlborne
Camhampton Emthorne
Chilworth Wolbourne
Wolbourne Chilworth
Farnsmerbeck Marlringlake
Burglesbrook Soddlesbasbourne
Soddlesbasbourne Burglesbrook
Sismith Hammermere
Alddlesenbage Horndlehampton
Horndlehampton Alddlesenbage
Suddingney Hannerley
Sundlesborne Staindlemansavon
Staindlemansavon Sundlesborne
Penswick Tiphampton
Aldlow Cammertree
Cammertree Aldlow
Elsmith Suddendwell
Sirengrove Worglesmernell
Worglesmernell Sirengrove
Durrenslow Bootbeck
Camtree Reddlesley
Reddlesley Camtree
Ribblesremoor Worrersted
Wychringden Ensdown
Ensdown Wychringden
Dribberbrough Emsbrook
Sudderwick Shaftport
Shaftport Sudderwick
Siringbrook Leatherberlake
Skellingmansgrove Elringlow
Tippenside Chilhall
