Whitgrove Dribblecombe Ribenwell Chilmerdon Ribenwell Ribglesstanworth Stafcombe Waltbasmere Sundcompney Prestwick Horstleover Stafavon Farndlesover Watchlake Bursted Botbage Penddenchester Reddendeney Worhall Reddendeney Bromssmith Wenton Bromssmith Sodderover Botwick Botbage Botwick Farnditch Abglewold Sundcompney Prestwick Suddenmoor Staincombe Waltbeck Wychchester Marlbrook Falderbrough Warsmith Wetsmith Warsmith Boothingmanstree Cireport Egbeck Skellenshot Egbeck Rothead Chilsmith Stapbrook Wetwick Maidendstoke Ashenhead Wycastle Boothingchester Ellerbridge Ketchester Bursted Botbage Penddenchester Pemnell Rothingcombe Pemnell Egsted Sodderover Leatherbourne Fullencester Falderbrough Toddlesdon Burlake Hamborne Penby Falderseythorne Southmere Egsted Southmere Sundendford Boothingchester Wycastle Bootwick Todhampton Bootwick Egwick Staplow Egwick Shaftmoor Braddlesnell Shaftmoor Bothenton Alddleringworth Horsnell Alddleringworth Leatherport Alfmere Leatherport Aldtree Egmerhampton Suddenmoor Tippenbrook Marlbeck Botenbrook Hampingworth Worford Dribberham Wychcompwold Boothingchester Ellerbridge Sodberling Whitgrove Worberney Egwick Staplow Rotcester Siavon Chipbridge Alddleringworth Toddingchester Hamwold Bastlebury Chilsmith Farnditch Botwick Botbage Bursted Endlenell Maidendstoke Southmere Rothingenbage Wolley Elfield Marlcester Penddenchester Chelmdenmoor Ketnell Toddenmoor Abgleham Endingnell Staindledown Cookfield Wychditch Rothendcombe Bastlebury Cannerthorne Waltbeck Stafavon Hornsmercombe Ribbenhall Aldtree Toddenmoor Ketnell Worbrook Ketnell Sundcompney Sifield Abcester Shaftwick Hurstdown Botshot Toddingchester Stafcombe Rothead Southmere Ribberrenston Southmere Rothead Egbeck Rothead Bothenhall Worrenberwang Ellerbridge Sodberling Whitgrove
51
Chilmerdon Rothendcombe Falworth
Ribglesstanworth Toddenmoor Endingnell
Waltbasmere Nortwell Tipstoke
Horstleover Prestwick Dartden
Farndlesover Leatherport Watchlake
Worhall Hampingworth Reddendeney Siey
Wenton Ketchester Hampingbascombe Marlbrook
Sodderover Egsted Worford Skellingover
Botbage Bromstanham Botbeck Milthorne
Abglewold Wetsmith Farnditch Southbury
Staincombe Suddenmoor Waltbeck
Marlbrook Wychchester Wethampton
Wetsmith Falderseythorne Elside Abglewold
Boothingmanstree Tippendham Wendleringdown Faldenhall
Skellenshot Cihead Rotherlow Wychcompwold
Wetwick Worrenberwang Ketnell Sodberling
Ashenhead Wycastle
Rothingcombe Sirenshall Basditch
Leatherbourne Egmerhampton Bothenhall
Toddlesdon Worhall Staincombe
Hamborne Chedworth Penby Sundendford
Egsted Southmere Marlcester
Todhampton Siavon Bootwick Clereennell
Staplow Endleberey
Braddlesnell Eley Dribberham Whitgrove Horstleover
Horsnell Candleswick
Alfmere Bursmith Redcombe
Leatherport Alfmere Stapbrough Farndlesover
Tippenbrook Sundlethorne Casbrook
Botenbrook Cannerthorne
Dribberham Bothenton
Whitgrove Dribblecombe Ribberrenston
Rotcester Staplow Hampingcastle
Chipbridge Suddingover
Hamwold Bastlebury Emmerley Blansbrook
Farnditch Melwood
Endlenell Wolley
Rothingenbage Skelberden
Wolley Ellerbridge
Marlcester Horsnell
Toddenmoor Durbrook Abgleham
Endingnell Sifield
Bastlebury Hamwold Tippingbage
Ribbenhall Boothingmanstree Sodport
Worbrook Todhampton
Sifield Abcester Enderbeck
Abcester Whitringlake
Stafcombe Tippenbrook
Ribberrenston Shaftborough
Egbeck Skellenshot Rothingcombe
Worrenberwang Wetwick
