Warfield Ketsmith Pendingbrook Suddlecastle Pendingbrook Chedberdon Wyborne Burcombe Abberhampton Blandlebage Wetberditch Sundlerensford Worberbrook Sundlerensford Wetberditch Burglebrough Emmerdown Emmingborne Emmerdown Fulbage Shrivbury Northall Chedberdon Cammerwich Chedberdon Wyborne Cammerrensmoor Sirensgrove Egwood Tipport Wyey Flitside Faldingney Alfseycastle Sunswood Alfseycastle Faldingney Hammenshead Bastleseyham Horndlecompside Stainbrough Ciditch Braddlebrook Hannenmanswick Hamsling Blandlebage Elmswang Candlegrove Dribcastle Camwood Northall Suddlecombe Chippingsted Suddlecombe Ellingreham Suddlecombe Cambingstoke Wyborne Chedberdon Suddleover Chedberdon Pendingbrook Ketsmith Warfield Chilbury Hammenshead Faldingney Hamsey Hannenmanswick Ashborne Wargleentree Emmerdown Emmingborne Chedchester Whitchester Ketsmith Fullerbourne Northall Ciditch Stainbrough Fulbourne Elbury Suddleborne Worhall Dribblewick Windling Millendon Ashfield Sundlerensford Wetberditch Blandlebage Hamsling Faldinghead Pendlewood Falport Cicombe Rotcombe Enswang Ciditch Stainbrough Cammerrensmoor Wyborne Burcombe Elmswang Millendon Windling Ellenby Dartseyworth Chedderrenswich Southbasport Fulbourne Stainbrough Ciditch Enswang Shrivbury Alfseycastle Sunswood Blandlebage Elmswang Burcombe Wyborne Chedberdon Pendingbrook Ketsmith Whitchester Ketsmith Pendingbrook Wyey Tipport Egwood Tipport Wyey Pendingbrook Ketsmith Shaftfield Dribbingworth Bastleseyham Horndlecompside Nortchester Cicombe Todtree Cicombe Hammenshead Ketsmith Whitchester Chedchester Whitchester Ketsmith Hammenshead Ciditch Northall Chedberdon Elavon Chedberdon Wyborne Horstlescompstoke Suddlecombe Ellingreham Ciditch Stainbrough Fulbourne Ashborne Tipwick Cannerthorne Warfield
43
Suddlecastle Pendingbrook
Abberhampton Suddleover
Worberbrook Stainbrough
Wetberditch Burglebrough
Emmingborne Bastleseyham
Shrivbury Northall
Cammerwich Elmansham
Sirensgrove Cammerrensmoor
Flitside Chilbury
Sunswood Siringwang
Bastleseyham Dribbingworth
Braddlebrook Hannenmanswick
Candlegrove Cambingstoke
Northall Suddlecombe
Chippingsted Botherseyworth
Ellingreham Chelmstanwell
Suddleover Chedtree Sudsmith
Warfield Basringney
Chilbury Warfield Brackcompwang
Faldingney Falport
Wargleentree Soddlewick Ashborne
Fullerbourne Cicombe
Elbury Suddleborne Hammerringey
Windling Millendon
Sundlerensford Ashfield Worberbrook
Pendlewood Horstlescompstoke
Enswang Hamsling
Burcombe Wyborne
Ellenby Windling
Southbasport Chedderrenswich
Alfseycastle Barndberbrough Whitchester
Elmswang Chippingsted
Whitchester Ketport
Egwood Todtree
Shaftfield Chiphead Skelling
Nortchester Leatherbleside
Todtree Worhall
Chedchester Pendlewood
Ciditch Ellingreham
Elavon Suddlecastle
Horstlescompstoke Skellingden
Fulbourne Southbasport
Ashborne Tipwick
