0 1 2 3 4 5 6 7 8 9 10 11 10 9 8 7 6 5 4 19 18 17 18 19 4 5 6 7 22 23 24 9 10 11 12 27 12 11 10 9 8 7 6 5 4 3 2 1 0 15 31 45 31 47 63 48 33 18 19 4 5 20 36 50 36 52 68 53 54 40 25 41 55 41 57 73 58 43 27 12 11 10 9 8 7 6 5 4 3 2 1 0 15 31 45 60 61 46 31 47 63 48 33 18 19 4 5 20 36 50 65 66 51 36 52 68 53 54 40 25 41 55 70 71 56 41 57 73 58 43 27 12 11 10 9 8 7 6 5 4 3 2 3 4 5 6 7 8 9 10 11 12 11 10 9 8 7 6 5 4 3 2 1 0 15 0 1 2 3 4 5 20 5 4 3 2 1 0
30
0 15
1 0
5 20
6 5
10 25
11 10
17 18
22 23
27 28
45 31
48 63
50 36
53 68
54 40
55 41
58 73
60 45
61 46
63 47
65 50
66 51
68 52
70 55
71 56
73 57
2 3
7 8
12 13
15 30
20 35
