0 1 2 3 4 5 6 7 8 9 10 11 10 9 8 7 6 5 4 19 18 19 4 5 21 5 6 7 23 24 9 10 11 12 27 12 11 10 9 8 7 6 5 4 3 2 1 0 15 31 46 31 47 63 48 49 48 62 64 65 50 36 52 68 53 54 40 25 41 55 41 57 73 58 43 27 12 11 10 9 8 7 6 5 4 3 2 1 0 15 31 46 61 46 31 47 63 48 62 64 65 66 51 36 52 68 52 36 51 66 67 69 70 71 72 74 59 58 73 58 59 89 104 103 87 86 85 84 83 82 81 80 79 78 77 76 77 78 79 80 81 82 83 84 85 86 85 84 83 82 81 80 79 94 93 94 79 80 81 82 97 98 99 84 85 86 87 102 87 86 85 84 83 82 81 80 79 78 77 76 75 90 105 90 75 91 107 91 92 108 93 94 109 94 79 80 81 82 83 84 85 100 115 100 85 84 83 82 81 80 79 78 77 76 75 90 106 120 106 122 107 91 92 108 123 124 123 108 93 94 79 80 65 50 36 20 5 6 7 8 9 10 11 12 11 10 9 8 7 6 5 4 3 2 1 0 15 30 45 60 75 76 77 78 79 80 65 66 67 69 70 71 70 69 67 66 82 81 80 79 78 77 76 75 76 77 78 79 80 81 82 83 84 85 86 87 103 104 103 87 86 85 70 69 67 66 51 36 20 5 4 3 2 1 0 15 30 45 60 75 90 75 76 77 78 79 80 95 80 81 82 83 84 85 100 85 70 71 56 41 56 71 70 69 67 66 82 81 80 79 78 77 76 75 90 106 90 75 60 45 30 15 0
57
0 15
1 0
3 18
5 20
10 25
11 10
18 3
21 5
24 23
27 28
46 31
48 63
49 34
50 36
53 68
54 40
55 41
58 73
61 46
63 47
66 51
68 52
69 70
72 71
73 57
76 75
80 95
81 80
86 85
93 108
97 98
102 103
105 90
107 122
108 93
109 124
115 100
120 106
124 109
6 7
7 8
12 13
30 45
45 30
65 50
71 56
75 76
79 78
82 83
87 88
104 119
20 35
90 105
95 110 111
100 115 116
41 55
106 120 121
