0 150 69 37 91 11 137 191 149 111 51 150 151 190 91 129 1 4 47 101 19 88 108 92 168 156 46 37 151 39 118 22 35 90 119 117 130 117 7 61 58 99 68 76 46 156 51 144 0
20
69 12 14 42 44 70 75 106 119 125 175
91 10 19 26 63 64 87 100 138 157 197
137 17 36 81 96 133 156 173 180 196
151 6 24 39 83 103 104 170 178
1 4 32 51 69 74 134 160 193
4 9 47 50 166 176 184
47 22 48 67 85 109 117 120 121 186
88 38 108 128 155 159 194 199
92 137 146 168 182
168 18 65 89 102 126 163
37 25 91 145 151 179
39 28 79 95 98
90 58 139
119 78 111
130 20 31 149 185
7 27
58 99 116
68 49
76 130
46 77
