location0 location133 location31 location186 location41 location89 location140 location13 location151 location88 location59 location18 location165 location69 location165 location81 location198 location84 location190 location155 location120 location121 location150 location118 location11 location30 location23 location54 location34 location77 location154 location79 location173 location196 location94 location0 location63 location128 location78 location168 location197 location90 location8 location139 location147 location16 location173 location17 location117 location24 location42 location56 location179 location66 location93 location101 location72 location112 location141 location166 location181 location171 location190 location177 location193 location60 location5 location60 location14 location60 location12 location26 location176 location25 location35 location192 location46 location87 location82 location85 location149 location109 location164 location137 location30 location148 location165 location69 location49 location169 location184 location37 location190 location86 location192 location126 location62 location154 location65 location76 location73 location87 location103 location116 location27 location116 location139 location32 location88 location151 location0
49
location31 location38
location89 location41 location44 location60
location13 location47 location51 location72 location95
location59 location18 location21 location36 location88
location69 location49 location55 location80
location81 location25 location28 location29 location68
location84 location30 location58 location99
location120 location9 location69 location92
location150 location22 location48 location74
location11 location12 location16 location96
location23 location54
location77 location32 location34
location79 location1 location7 location63 location64
location94 location5 location52
location128 location3 location78 location90 location97
location168 location33 location67
location197 location98
location8 location71 location85 location86
location16 location11 location46
location17 location20 location62
location24 location42 location73
location56 location10 location26 location75
location66 location43 location93
location101 location40 location53
location112 location19 location31
location166 location65 location77 location89
location171 location6 location50 location66
location177 location4 location82
location193 location24 location57
location5 location27 location94
location14 location61
location26 location56 location91
location35 location15
location46 location87
location82 location45 location70
location85 location8 location14
location109 location2
location137 location84
location165 location23 location81
location169 location79
location190 location37
location192 location35
location62 location17
location65 location76
location73 location100
location103 location13
location27 location83
location139 location39
location88 location59
