Plano Honolulu Irvine Tempe WestValleyCity Wichita Lafayette Lancaster PembrokePines Albuquerque Kent Norman Sunnyvale WestValleyCity Naperville Philadelphia GardenGrove Frisco DesMoines Lafayette ElkGrove Huntsville Boston WinstonSalem Kent LittleRock WestValleyCity KansasCity Orlando PembrokePines Lincoln FortWorth Pomona SanAntonio Chattanooga Frisco Mesquite Frisco LouisvilleJefferson SantaAna Allentown SantaAna AnnArbor WestValleyCity Gainesville Oakland LasVegas Syracuse Worcester Teemo Salem Salinas Bridgeport Lafayette Midland Lafayette Ontario Seattle Columbia Lafayette OWO Topeka Paterson Pasadena Cincinnati GrandRapids Irvine AthensClarkeCounty HuntingtonBeach Vancouver KansasCity SanJose Glasses Tulsa Frisco SanDiego Syracuse LasVegas Rockford WestValleyCity StLouis DesMoines FortWorth Gilbert Hialeah Laredo SantaRosa OverlandPark FortWorth Spokane CorpusChristi SantaRosa Escondido LosAngeles Providence Waco WestValleyCity Sacramento HuntingtonBeach Oski HuntingtonBeach Washington Topeka ElkGrove Fayetteville JerseyCity Lafayette DesMoines Frisco Greensboro HuntingtonBeach LongBeach SantaClara Amarillo Cary LasVegas StPetersburg Scottsdale Salinas Norfolk Reno Frisco Murfreesboro Peoria Brownsville Peoria Domination WestValleyCity OWO Jacksonville OWO WestValleyCity NewOrleans HuntingtonBeach Tallahassee Riverside Tallahassee HuntingtonBeach AugustaRichmond HuntingtonBeach Tallahassee Miami Joliet Thornton Frisco Bridgeport Salinas Oceanside Salinas Oxnard CapeCoral NewportNews Warren Amarillo WestValleyCity Killeen Allentown SantaAna Norfolk Seattle Providence Waco Memphis Montgomery Miami Irvine Tempe Peoria Knoxville Fremont GrandPrairie FortWorth Clarksville SantaRosa Portland SantaRosa LouisvilleJefferson Reno Omaha Miramar BatonRouge Cleveland WestValleyCity Surprise StPetersburg Syracuse Worcester SanAntonio ChulaVista Spokane Yonkers Springfield Yonkers McAllen FortWorth Joliet SantaClara Plano
69
Tempe Irvine
Wichita Waco Lafayette
Lancaster Torrance Elizabeth
Sunnyvale Norman Warren MorenoValley Pasadena
Naperville Salinas SanAntonio
GardenGrove HuntingtonBeach SantaRosa
ElkGrove Huntsville
Boston Mesa
LittleRock Miami NewHaven
Orlando Lancaster
Pomona Raleigh Houston
Chattanooga FortCollins
Mesquite Worcester AnnArbor Fremont
Allentown Stamford Killeen
Gainesville Cary Riverside
Salem Brownsville Knoxville SanBernardino
Midland JerseyCity Pikachu
Ontario Denver Omaha
Columbia Hollywood
OWO Beaumont Memphis
Paterson SantaClara
Cincinnati Olathe
AthensClarkeCounty AugustaRichmond
Vancouver Atlanta
SanJose Glasses Tampa
SanDiego Thornton
Rockford LasVegas
StLouis Norfolk
Gilbert Denton Glendale
Laredo McAllen
OverlandPark Escondido
CorpusChristi SantaClarita
Escondido Akron LouisvilleJefferson
Waco Ontario Wichita
Sacramento Vallejo
Oski SimiValley Dallas
Washington Sunnyvale
JerseyCity Anaheim
Greensboro Surprise
LongBeach Rockford
Cary OklahomaCity Hampton
Scottsdale Davidson
Reno Tulsa
Murfreesboro GardenGrove
Brownsville Corona
Jacksonville OWO Hayward
NewOrleans Mobile Hartford
Riverside SanFrancisco
AugustaRichmond NewOrleans
Tallahassee Cincinnati
Bridgeport FortLauderdale
Oceanside Chicago
CapeCoral Oxnard Montgomery
Amarillo Irving
Killeen SanJose Allentown
Norfolk StLouis
Providence Garland Lincoln
Memphis Charleston
Irvine LittleRock
Knoxville CorpusChristi Madison
GrandPrairie Portland
Clarksville Anchorage
Portland GrandPrairie
BatonRouge Vancouver
Surprise Greensboro
Syracuse Mesquite
Spokane Pomona
Springfield SiouxFalls Laredo
McAllen ThousandOaks
