0 66 139 120 195 124 64 174 154 163 1 108 20 108 37 171 123 81 75 168 139 136 99 183 88 130 9 4 119 125 50 17 30 59 114 154 163 83 87 49 102 110 165 112 111 57 184 125 67 172 134 172 163 1 163 90 15 6 5 17 30 60 30 17 71 8 135 112 80 112 135 101 135 61 103 9 136 147 19 157 19 156 23 185 23 153 154 189 40 87 190 163 154 153 23 185 7 70 99 183 73 183 182 135 112 135 137 17 114 154 163 146 136 98 2 98 175 6 5 17 72 10 72 184 57 36 95 26 12 46 56 182 135 112 95 112 135 53 99 3 35 168 148 185 0
43
120 14 129 167
174 52 78 154
20 28 102 151 193
81 3 9 93 128
139 13 66 120 164
183 68 100 157 182
4 74 187
50 17 65 125 177
59 84 114 130 143 199
83 5 15 96
102 20 101 159
110 18 80 138
111 24 51 153
125 38 50 67 184
134 107 172
1 0 22 133
15 16 27 39 83
60 23 35 103
71 8 146
80 2 26
101 137 197
103 31 89
136 98
147 1 72
157 69 183
185 115
189 47 86
190 21 116 173
23 166
70 94
73 81
112 111
137 11 43 56
146 33 71 141
2 70
6 134
10 42 158
36 160
46 174
56 152
95 190
53 59
168 4
