wNqlpYNsRbJEgiGpKxrU jwjTVkTZQzfvrCAtqcyG pGEDfjoOOYfHsrRVgAyF JMMbTzkqohdHHmvXLiRY ndaHivGVVtIUvLiyUWcm ADVVlRLpnspleRTgeTdu oDgfEuAVpeOlkkTIMDLw eCBFrcppbiLzdGQubocl TQWxJiphrDoDBmrOTqOv eCBFrcppbiLzdGQubocl oDgfEuAVpeOlkkTIMDLw UIlSMnVKIdNiXZNSiHsI CvZkdIYtdeDHtwufupie sNqoVKqgazRvmrelPhAK yYaxxtTIkvUeyUpwOvuY shugRMnaHVqQSmKaNBgu NJZlnWyeJFrkOwoqHKtT fdXjIQYLVfwAMSuwOnYK zXRivKrJPjQVqVwiULGz PZwTcKCPsEmpxetNZvef ZauPfhkpsGmhbvkhkltR SSDgxHQpSFRnlnnrMJNI twwHXGyTBfZUDOGVnCzA lIpVoDPUIfHCPpjswogJ cwgJAHVpCCTmuckJkncL lIpVoDPUIfHCPpjswogJ twwHXGyTBfZUDOGVnCzA ZdUattHRgRoTtzHWkNMQ AfGHqqEOTpEEwBIQBEiS QyXpliHSeQOPIsurIcpa ANDviqMIuFwdcboQDprt YZdWAQcvSeNhUzVcgZrb nUmoFIaaFFgVBHrhOTam zXRivKrJPjQVqVwiULGz TOntbQDzHvMkxiKuanmw gFUGYXSirCYiFTivWNah iVjkcMenotYGMFEBTvoa VIPPawblKbhOVWrmrWBx iVjkcMenotYGMFEBTvoa QePOUWiXcAUCoHETxuGS wfEFdNDcColoskjTjcLm QePOUWiXcAUCoHETxuGS iVjkcMenotYGMFEBTvoa gFUGYXSirCYiFTivWNah ayQgUwyRuQVKeyFLPNbQ gFUGYXSirCYiFTivWNah gqsFUfkkQrlyYYdSXwmt JMMbTzkqohdHHmvXLiRY hFbQwEucdFQTgOahOxcg QPuWhldwxyxWvfAFawIx YTwycpmzEWCqqTELtzXc ctcTzPUVbQQoQGGIDEim cinQsEbBpQAHgGdjBxaK FaWIqatYRYVcXfVhAFRN umZXKcxkweEplHZdotgU oLMkSrYLQRLHmPiuLCTC umZXKcxkweEplHZdotgU FaWIqatYRYVcXfVhAFRN cinQsEbBpQAHgGdjBxaK fgzJCwocQniGlXAZHJId XxSQqGVyrNGAFhTsSOUz fgzJCwocQniGlXAZHJId vIbIQYXZnmYrooTLYNtu JMMbTzkqohdHHmvXLiRY ndaHivGVVtIUvLiyUWcm UKNqBSfFWWuvpVIiGEAr ndaHivGVVtIUvLiyUWcm iVjkcMenotYGMFEBTvoa gFUGYXSirCYiFTivWNah RlHeRhvUOhGhZVGGJuED MmEgtZVGhqqZwyDlSqRm RlHeRhvUOhGhZVGGJuED SiOEBWtHUiopSvDVOkjb oDgfEuAVpeOlkkTIMDLw eCBFrcppbiLzdGQubocl SitzoubgYFeTjmkLjVPz zHPSSEtFTQIbLYMdHqgP rlhNoKeiidsZhBEuQAJw oKAKfpUUuLItChLyByFh IvXQutSorlqOgnSVAIUd bpXmaPnrsPsgtmuUpaLG yRQdlZBUBAPypebnrlAH DZEpVGVXkxHljziwItaS yRQdlZBUBAPypebnrlAH oKHxHZxgXgKSVZAEEVVZ EEeDJaHeajXXlwYcHTeJ scpUkbcaYSAsHhSktebT JVONrXhhmtFWhFfDiOXW scpUkbcaYSAsHhSktebT jUSlIFtitQxyvVLJjiCc IvXQutSorlqOgnSVAIUd bpXmaPnrsPsgtmuUpaLG cVMmKLyunrtKjZbHRVAg oSMuZCNCihNcfhhLdNwi zeKxCuARLrHNxuGSyNEL ndaHivGVVtIUvLiyUWcm SSDgxHQpSFRnlnnrMJNI IamFpWICdyBhLFRVaylm ufTLUXAgpKeoVkZOroDY cinQsEbBpQAHgGdjBxaK fgzJCwocQniGlXAZHJId cinQsEbBpQAHgGdjBxaK FaWIqatYRYVcXfVhAFRN XtZHoAxqEyzvMChzPHpN FaWIqatYRYVcXfVhAFRN QPuWhldwxyxWvfAFawIx TOntbQDzHvMkxiKuanmw DVHSRJyZabZWqswQwHAq syonLisTOSczosCwoILE CvZkdIYtdeDHtwufupie cmmlyhRSZpCVODfRPvaA oXlmLEmXExpzARmsoCMJ cinQsEbBpQAHgGdjBxaK ZdUattHRgRoTtzHWkNMQ cinQsEbBpQAHgGdjBxaK FaWIqatYRYVcXfVhAFRN ZXihCBEQBTdisqSlEMsj UKNqBSfFWWuvpVIiGEAr mgNeYYUOPKpLeiVEFIXd NtyLZDOaSczVvOGdocUp WoTuprXYItmuBoyNwAcV wNqlpYNsRbJEgiGpKxrU cmmlyhRSZpCVODfRPvaA RQlEqfIvpsUfBSzSkvip cmmlyhRSZpCVODfRPvaA CvZkdIYtdeDHtwufupie QyXpliHSeQOPIsurIcpa ANDviqMIuFwdcboQDprt juzxSpUVuccJUMBOcJjO ANDviqMIuFwdcboQDprt YTwycpmzEWCqqTELtzXc aGPbLNWYAMujnfHCTCMo UOwONVGkKwtTLGkUNCyS aGPbLNWYAMujnfHCTCMo HeWrJOKsDjgdrcamgZLN uUKZHvHmBrpBHjYWNaUL ZPoNdUlRoUJTJoDjXdBX uUKZHvHmBrpBHjYWNaUL HeWrJOKsDjgdrcamgZLN kwPuYZgJgVVJfdBGUtPw ktVPibAaeaNHuNYSLNYb GgcKFGLsvBOskeWiAUHx ktVPibAaeaNHuNYSLNYb FWnudSYFvYQJHehOpEKf umZXKcxkweEplHZdotgU fosrykBjHtdvgWTEWXFR svUOWvTJLneAqJGnExpc vPtcoCdDMvVYwOuvanRP VRpSthoDcomqMDsGoVql qoaNjvaRghiMQXaVEoQe joWAhkfNqIEECnBeulGl cVMmKLyunrtKjZbHRVAg efZntVbfQTvIUOiRNPSH EEeDJaHeajXXlwYcHTeJ MBJqOYmxhUYbldNVEdRy NzDQJknJPDEkcwCHzzbF oZXYedlbtBLmkfoVmgta svUOWvTJLneAqJGnExpc oZXYedlbtBLmkfoVmgta NJZlnWyeJFrkOwoqHKtT rlhNoKeiidsZhBEuQAJw tVxSUasqeXmMiMlEIdTM efZntVbfQTvIUOiRNPSH SiOEBWtHUiopSvDVOkjb RlHeRhvUOhGhZVGGJuED gFUGYXSirCYiFTivWNah erZKLqpCZsYKDnOCaBGq gFUGYXSirCYiFTivWNah iVjkcMenotYGMFEBTvoa oDgfEuAVpeOlkkTIMDLw zKnLSwRxFjUTCiXefWdG oDgfEuAVpeOlkkTIMDLw SiOEBWtHUiopSvDVOkjb RlHeRhvUOhGhZVGGJuED SiOEBWtHUiopSvDVOkjb ICVlDhervfDVjLpSCbOf QeYNNLpZMBxyiFbZMPFY oKHxHZxgXgKSVZAEEVVZ JMMbTzkqohdHHmvXLiRY gqsFUfkkQrlyYYdSXwmt gFUGYXSirCYiFTivWNah iVjkcMenotYGMFEBTvoa IBsTZegidEetQKMLVasu FaWIqatYRYVcXfVhAFRN umZXKcxkweEplHZdotgU zQeQNTelEAJnDKvaviwm pfMSqTzbsucqewxTADAG aIuYyryCOUGVeCAqbqkg EhDFVLWZueLOrdjEOzEQ yscsUFTNNyaVMKBztBdV lIpVoDPUIfHCPpjswogJ CMyhrOeiLyytYlFYZldw NzCxhJJjJcEygziivInx RlHeRhvUOhGhZVGGJuED gFUGYXSirCYiFTivWNah iVjkcMenotYGMFEBTvoa CWozbDsqFUhTlbxWhCmh cMYyKTXGNKnFzrpwnXUl QLULTvtlfumxlpAQZckT jUSlIFtitQxyvVLJjiCc eobSFtKBbBdcVrTOREdK UIlSMnVKIdNiXZNSiHsI CvZkdIYtdeDHtwufupie sNqoVKqgazRvmrelPhAK yYaxxtTIkvUeyUpwOvuY shugRMnaHVqQSmKaNBgu QPuWhldwxyxWvfAFawIx TOntbQDzHvMkxiKuanmw CjORCCuZldKDLWqSZTsZ JvFxbsySBAiFiOUrzrBi SiOEBWtHUiopSvDVOkjb ICVlDhervfDVjLpSCbOf QeYNNLpZMBxyiFbZMPFY zNRhhVdMWUgTnnqmAfeY xlbpuxAjoVPJWPCWBEkJ ubMKewvRqrviLcycMHcN eCBFrcppbiLzdGQubocl vIbIQYXZnmYrooTLYNtu fgzJCwocQniGlXAZHJId cinQsEbBpQAHgGdjBxaK kwPuYZgJgVVJfdBGUtPw mgNeYYUOPKpLeiVEFIXd upmtEsSsBTyMWfthJQhZ pGEDfjoOOYfHsrRVgAyF gqsFUfkkQrlyYYdSXwmt gFUGYXSirCYiFTivWNah erZKLqpCZsYKDnOCaBGq ccdJRKiTXwIErdhSIxfh erZKLqpCZsYKDnOCaBGq gFUGYXSirCYiFTivWNah SSDgxHQpSFRnlnnrMJNI gFUGYXSirCYiFTivWNah iVjkcMenotYGMFEBTvoa oDgfEuAVpeOlkkTIMDLw UIlSMnVKIdNiXZNSiHsI CvZkdIYtdeDHtwufupie oHoxoLeyDYnKZDzgMtxI WoTuprXYItmuBoyNwAcV NtyLZDOaSczVvOGdocUp mgNeYYUOPKpLeiVEFIXd oDgfEuAVpeOlkkTIMDLw iVjkcMenotYGMFEBTvoa QePOUWiXcAUCoHETxuGS MBJqOYmxhUYbldNVEdRy EEeDJaHeajXXlwYcHTeJ CMyhrOeiLyytYlFYZldw RlHeRhvUOhGhZVGGJuED SiOEBWtHUiopSvDVOkjb ooYCPKWFEiMynFEjmadw eOfnBeTgmYCNEnRUhlEK lbWonvEbeplndKguSTkk shaRjZRSPDzVXmetmolj lbWonvEbeplndKguSTkk igyeOiSdezmmXGTwMzLw lbWonvEbeplndKguSTkk shaRjZRSPDzVXmetmolj scpUkbcaYSAsHhSktebT EEeDJaHeajXXlwYcHTeJ jJoPwgjECBISoLymscXc EEeDJaHeajXXlwYcHTeJ oKHxHZxgXgKSVZAEEVVZ IamFpWICdyBhLFRVaylm twwHXGyTBfZUDOGVnCzA NIJaJxCurulNUdZZMxFk erZKLqpCZsYKDnOCaBGq TcLSEpnQLlwURcYobXtr flqILnAtFsDqLctdZjpz fgzJCwocQniGlXAZHJId cinQsEbBpQAHgGdjBxaK NJZlnWyeJFrkOwoqHKtT yRQdlZBUBAPypebnrlAH oKHxHZxgXgKSVZAEEVVZ wlySPverjehsBxldyigf oDgfEuAVpeOlkkTIMDLw UIlSMnVKIdNiXZNSiHsI CvZkdIYtdeDHtwufupie cmmlyhRSZpCVODfRPvaA wNqlpYNsRbJEgiGpKxrU
77
wNqlpYNsRbJEgiGpKxrU lbWonvEbeplndKguSTkk
JMMbTzkqohdHHmvXLiRY vIbIQYXZnmYrooTLYNtu
ADVVlRLpnspleRTgeTdu DZEpVGVXkxHljziwItaS
TQWxJiphrDoDBmrOTqOv JvFxbsySBAiFiOUrzrBi
sNqoVKqgazRvmrelPhAK CvZkdIYtdeDHtwufupie
fdXjIQYLVfwAMSuwOnYK NJZlnWyeJFrkOwoqHKtT
ZauPfhkpsGmhbvkhkltR PZwTcKCPsEmpxetNZvef
cwgJAHVpCCTmuckJkncL wuSVWJYvpiWaQAHXocSG
AfGHqqEOTpEEwBIQBEiS QyXpliHSeQOPIsurIcpa
nUmoFIaaFFgVBHrhOTam EmbDgEECbkHbfAfHCgwB
VIPPawblKbhOVWrmrWBx JVONrXhhmtFWhFfDiOXW
wfEFdNDcColoskjTjcLm QePOUWiXcAUCoHETxuGS
ayQgUwyRuQVKeyFLPNbQ ZXihCBEQBTdisqSlEMsj
hFbQwEucdFQTgOahOxcg jUSlIFtitQxyvVLJjiCc
ctcTzPUVbQQoQGGIDEim YTwycpmzEWCqqTELtzXc
oLMkSrYLQRLHmPiuLCTC pMOSpTzPTPLXHLOQMjnt
XxSQqGVyrNGAFhTsSOUz fgzJCwocQniGlXAZHJId
UKNqBSfFWWuvpVIiGEAr mgNeYYUOPKpLeiVEFIXd
MmEgtZVGhqqZwyDlSqRm RlHeRhvUOhGhZVGGJuED NIJaJxCurulNUdZZMxFk
SitzoubgYFeTjmkLjVPz wlySPverjehsBxldyigf zHPSSEtFTQIbLYMdHqgP
oKAKfpUUuLItChLyByFh IvXQutSorlqOgnSVAIUd igyeOiSdezmmXGTwMzLw
DZEpVGVXkxHljziwItaS ADVVlRLpnspleRTgeTdu QjbdwbUnopENkiNyqirZ
JVONrXhhmtFWhFfDiOXW scpUkbcaYSAsHhSktebT VIPPawblKbhOVWrmrWBx
bpXmaPnrsPsgtmuUpaLG HeWrJOKsDjgdrcamgZLN
zeKxCuARLrHNxuGSyNEL nCedHqGgdWAicwyuYWpg
ufTLUXAgpKeoVkZOroDY fpoTaBKmVdlDCxFwCFoz joWAhkfNqIEECnBeulGl
fgzJCwocQniGlXAZHJId UIlSMnVKIdNiXZNSiHsI
XtZHoAxqEyzvMChzPHpN WMWBpOSnHGywZjCgaYyY CbGuHgZfQMmSOfHDFJnK
DVHSRJyZabZWqswQwHAq syonLisTOSczosCwoILE NPSPGRTNRcKKVpsBRSwh
oXlmLEmXExpzARmsoCMJ cMYyKTXGNKnFzrpwnXUl
ZdUattHRgRoTtzHWkNMQ pzrGQEObzJGPnfATEYDc oHoxoLeyDYnKZDzgMtxI
ZXihCBEQBTdisqSlEMsj ayQgUwyRuQVKeyFLPNbQ
NtyLZDOaSczVvOGdocUp NYdfLxXxFVvLEbDKzXWn
RQlEqfIvpsUfBSzSkvip QeYNNLpZMBxyiFbZMPFY EhDFVLWZueLOrdjEOzEQ
juzxSpUVuccJUMBOcJjO ANDviqMIuFwdcboQDprt EEeDJaHeajXXlwYcHTeJ
UOwONVGkKwtTLGkUNCyS aGPbLNWYAMujnfHCTCMo
ZPoNdUlRoUJTJoDjXdBX lSJjEsqamUCgRZdCmdyI
GgcKFGLsvBOskeWiAUHx KcrnMnFDTrBKaUaGpdLY gcXUxTVUZWsOwtRNeDDa
fosrykBjHtdvgWTEWXFR gDYKDrbERUXTnCayjBrC svUOWvTJLneAqJGnExpc
VRpSthoDcomqMDsGoVql yscsUFTNNyaVMKBztBdV
joWAhkfNqIEECnBeulGl oZXYedlbtBLmkfoVmgta GMxGouyyndiUBMqMdOoc
efZntVbfQTvIUOiRNPSH shugRMnaHVqQSmKaNBgu
svUOWvTJLneAqJGnExpc eiLPqIroFfCGzqSAlzAp
tVxSUasqeXmMiMlEIdTM wfEFdNDcColoskjTjcLm efZntVbfQTvIUOiRNPSH
erZKLqpCZsYKDnOCaBGq ccdJRKiTXwIErdhSIxfh
zKnLSwRxFjUTCiXefWdG bFmSeBrfNuxjYPUDCLYq
RlHeRhvUOhGhZVGGJuED jznspKyqlmxZtgfQUJVB
QeYNNLpZMBxyiFbZMPFY wvSJDoqoPGAkYgSuPFPw zNRhhVdMWUgTnnqmAfeY
gqsFUfkkQrlyYYdSXwmt xgBrJmdXVwtxgRuCBhMe nreoVgWrBhNXFZgTBlXO
IBsTZegidEetQKMLVasu kqcEdfKLaRzxOhAIzchh TEPaiCedHTXapLxoBXMp
zQeQNTelEAJnDKvaviwm FWnudSYFvYQJHehOpEKf
EhDFVLWZueLOrdjEOzEQ aIuYyryCOUGVeCAqbqkg
NzCxhJJjJcEygziivInx hLaNXBYgTzgUhvjmqUTu cwgJAHVpCCTmuckJkncL
cMYyKTXGNKnFzrpwnXUl szyiMlKhtyOynWjcoMsm vTbNxpVTEoFlSjvvVvfG
eobSFtKBbBdcVrTOREdK qfRRtdRbhYJBARMfPlZM
yYaxxtTIkvUeyUpwOvuY XPPBMlNyfVVeZGIzTCEW
CjORCCuZldKDLWqSZTsZ juzxSpUVuccJUMBOcJjO
ICVlDhervfDVjLpSCbOf bEfUXCTlwRBndElSbPGf VRpSthoDcomqMDsGoVql
zNRhhVdMWUgTnnqmAfeY xlbpuxAjoVPJWPCWBEkJ
ubMKewvRqrviLcycMHcN ihxEqMQIIvyQmtrtMjeO imEmCMbYEtZJJkwxkSDD
cinQsEbBpQAHgGdjBxaK kwPuYZgJgVVJfdBGUtPw
upmtEsSsBTyMWfthJQhZ oLMkSrYLQRLHmPiuLCTC
ccdJRKiTXwIErdhSIxfh erZKLqpCZsYKDnOCaBGq
SSDgxHQpSFRnlnnrMJNI ZauPfhkpsGmhbvkhkltR
iVjkcMenotYGMFEBTvoa eOfnBeTgmYCNEnRUhlEK
oHoxoLeyDYnKZDzgMtxI NzDQJknJPDEkcwCHzzbF
mgNeYYUOPKpLeiVEFIXd NtyLZDOaSczVvOGdocUp
QePOUWiXcAUCoHETxuGS MBJqOYmxhUYbldNVEdRy
CMyhrOeiLyytYlFYZldw eobSFtKBbBdcVrTOREdK
ooYCPKWFEiMynFEjmadw ZwvojvRdUOYNJXIwAqgC
shaRjZRSPDzVXmetmolj XvUPApTFkqaSSizYsCIr kyApsCeFkLoLFCdkazaE
igyeOiSdezmmXGTwMzLw oKAKfpUUuLItChLyByFh
jJoPwgjECBISoLymscXc UdSbtwxTqTJxOiUoxEqw
NIJaJxCurulNUdZZMxFk edlAtPQdNXJQPCIzpkyX
flqILnAtFsDqLctdZjpz XtZHoAxqEyzvMChzPHpN
yRQdlZBUBAPypebnrlAH DpztIuGTRpGuLsdlODJw
wlySPverjehsBxldyigf SitzoubgYFeTjmkLjVPz
