oUyBZvEHNPOWtAsHANHU ikjgYLaZRolSrbIYyKBd tItiZloipgPmLuONrNnZ eqwycKZriorIAbsUBjxu IYjdyvMygNfTgzjFTcfG fPXgzHQRqrJCbZvFpygp IYjdyvMygNfTgzjFTcfG eqwycKZriorIAbsUBjxu tItiZloipgPmLuONrNnZ JKNUHFrXPStBWMuUOVkj QFaSXENOfunmdZIBqDsS UMfDYlvFlUVuogMRkWNG lPMfQyVLDIZczBuDgsVQ UMfDYlvFlUVuogMRkWNG QFaSXENOfunmdZIBqDsS JKNUHFrXPStBWMuUOVkj tItiZloipgPmLuONrNnZ ikjgYLaZRolSrbIYyKBd NBTlGJqSnWahMvuDlXAm rqqedkokePZFdhDbMNpX IuNNJvHSmYKpVBzmzuJX rqqedkokePZFdhDbMNpX CcspnGXfrmzZRWjdMjLd oMKDNkBacLxexXKHqXfF sGIeLbvtYhGSzuuZRtFk oMKDNkBacLxexXKHqXfF CcspnGXfrmzZRWjdMjLd PojKKQvEDmFOnJinujFi DsLevMWgWFWOQXFMbaQy gUlgGYCPZjsRiFLqnVun rcDqGMTBfohDvuDnEqbr gUlgGYCPZjsRiFLqnVun DsLevMWgWFWOQXFMbaQy PojKKQvEDmFOnJinujFi CcspnGXfrmzZRWjdMjLd oMKDNkBacLxexXKHqXfF CcspnGXfrmzZRWjdMjLd rqqedkokePZFdhDbMNpX IuNNJvHSmYKpVBzmzuJX znYRMYifzQwyixuIXDnz IuNNJvHSmYKpVBzmzuJX fDAbzsYfiXDxOIsITcQl JGmrlhNqKarRJZMikIzR RoJsXhmBaCWhexsUOZgS QMnEKXGwZYUlreveNjwA czawxGJYqFyCCNgFpXIE JOfLtcwEfpBInGeFAaVV OWCblOtQanZakRLMqMxz eWVKeYegIFOJxvfRkjek QFaSXENOfunmdZIBqDsS UMfDYlvFlUVuogMRkWNG QFaSXENOfunmdZIBqDsS JKNUHFrXPStBWMuUOVkj tItiZloipgPmLuONrNnZ cAvnOxZJtanpVvcAxJHM LemOEIyAWGqzIWrhGjyu WNtREfXrntZpJjBWrnBQ JOFEBwAKkbqhkHCsIrdY CcspnGXfrmzZRWjdMjLd PojKKQvEDmFOnJinujFi hpQFeVriPZmwKZcYFAWN NBTlGJqSnWahMvuDlXAm ikjgYLaZRolSrbIYyKBd vUAlnOQiiNflifusqsxz ikjgYLaZRolSrbIYyKBd NBTlGJqSnWahMvuDlXAm hpQFeVriPZmwKZcYFAWN UgaWwXBplvlUJzfeuZdN eqwycKZriorIAbsUBjxu VVzvLIOwARaWwhQTKPrx OWCblOtQanZakRLMqMxz eWVKeYegIFOJxvfRkjek JKNUHFrXPStBWMuUOVkj tItiZloipgPmLuONrNnZ eqwycKZriorIAbsUBjxu hNRcEeFjmsmOnuOdNAXl eWGFHgdBASXJbxQbYrCG hNRcEeFjmsmOnuOdNAXl eqwycKZriorIAbsUBjxu WNtREfXrntZpJjBWrnBQ JOFEBwAKkbqhkHCsIrdY RoJsXhmBaCWhexsUOZgS JGmrlhNqKarRJZMikIzR fDAbzsYfiXDxOIsITcQl IuNNJvHSmYKpVBzmzuJX rqqedkokePZFdhDbMNpX NBTlGJqSnWahMvuDlXAm ikjgYLaZRolSrbIYyKBd NBTlGJqSnWahMvuDlXAm rqqedkokePZFdhDbMNpX CcspnGXfrmzZRWjdMjLd XZRBuctXhYPbWardFSZS oUyBZvEHNPOWtAsHANHU
23
oUyBZvEHNPOWtAsHANHU eWGFHgdBASXJbxQbYrCG
fPXgzHQRqrJCbZvFpygp MeohNnftDTzllMTGwxnG
IYjdyvMygNfTgzjFTcfG eqwycKZriorIAbsUBjxu
lPMfQyVLDIZczBuDgsVQ UMfDYlvFlUVuogMRkWNG
IuNNJvHSmYKpVBzmzuJX znYRMYifzQwyixuIXDnz
sGIeLbvtYhGSzuuZRtFk oMKDNkBacLxexXKHqXfF
rcDqGMTBfohDvuDnEqbr gUlgGYCPZjsRiFLqnVun
oMKDNkBacLxexXKHqXfF CcspnGXfrmzZRWjdMjLd
znYRMYifzQwyixuIXDnz IuNNJvHSmYKpVBzmzuJX
czawxGJYqFyCCNgFpXIE QMnEKXGwZYUlreveNjwA
JOfLtcwEfpBInGeFAaVV OWCblOtQanZakRLMqMxz
UMfDYlvFlUVuogMRkWNG lPMfQyVLDIZczBuDgsVQ
LemOEIyAWGqzIWrhGjyu cAvnOxZJtanpVvcAxJHM
PojKKQvEDmFOnJinujFi hpQFeVriPZmwKZcYFAWN
vUAlnOQiiNflifusqsxz eWVKeYegIFOJxvfRkjek
hpQFeVriPZmwKZcYFAWN PojKKQvEDmFOnJinujFi NBTlGJqSnWahMvuDlXAm
OWCblOtQanZakRLMqMxz VVzvLIOwARaWwhQTKPrx
eWVKeYegIFOJxvfRkjek JKNUHFrXPStBWMuUOVkj
eWGFHgdBASXJbxQbYrCG oUyBZvEHNPOWtAsHANHU hNRcEeFjmsmOnuOdNAXl
WNtREfXrntZpJjBWrnBQ CCYBPFZgoOONzoEeTKzC
fDAbzsYfiXDxOIsITcQl NVPacTSrBMpDkMBotiWB
ikjgYLaZRolSrbIYyKBd CXrruomvXfADUrHxMwZi
rqqedkokePZFdhDbMNpX IUJDEWwYxhQimsCqnrFH
