A B hC D hC B hJ hI hJ N hO hP hO N T hS hR Q hR hS T U hV U T AB hAA Z hAA AB AK AJ AI hAH AG hAH AI AJ AK hAL AM hAN AO hAN AM hAL AK hAR AQ hAR BA hAZ AY hAZ BA BB hBC BD hBE BF hBE BD hBC BB BA BL BK BJ BI BH BI BJ BK BL BM BN BO BP BO BN BM BL BU hBT hBS hBR hBS hBT BU BV BW BV BU BL BA hAR AK hAR BA BL BU hBT hBS hBT BU CA CE CA BU BL BA hAR AK AB T N hJ B A
24
D hC
hI hJ
hJ hI
hO hP
hP hO
Q hR
hR hS
U hV
hV hW
Z hAA
AG hAH
AO hAN
AQ hAR
AY hAZ
BB hBC
BF hBE
BH hBG
BP hBQ
hBR hBS
BU hBT
BW hBX
AK hAL
hBS hBR
CE hCD hCF hCG
