Soda location53 location9 location199 location12 location119 location27 location166 location82 location17 location114 location142 location153 location95 location6 location156 location15 location113 location28 location73 location44 location69 location53 location30 location95 location159 location80 location13 location97 location105 location107 location167 location63 location42 location102 location179 location174 Soda
18
location9 location1 location2 location3 location4 location7 location17 location19 location21 location27 location28 location31 location53 location57 location63 location94 location99
location12 location10 location13 location34 location38 location39 location45 location47 location52 location56 location64 location65 location71 location77 location85
location27 location5 location9 location16 location20 location23 location24 location32 location37 location72 location73 location76 location83 location100
location82 location18 location41 location42 location50 location60 location62 location79 location89 location96
location114 location22 location25 location48 location49 location55 location58 location90 location95
location153 location14 location26 location29 location43 location54 location80 location84 location88
location6 location8 location86 location93
location15 location51 location66 location78 location91 location97
location28 location11 location68 location69 location81
location44 location36 location40 location59 location92 location98
location53 location6 location12 location15 location30 location87
location95 location46
location80 location61
location97 location70
location107 location33 location44 location74
location63 location82
location102 location67 location75
location179 location35
