Soda location26 location34 location33 location1 location8 location44 location15 location44 location35 location29 location17 location2 location41 location47 location48 location26 Soda location35 location7 location35 location44 location8 location44 location10 location11 location18 location19 location9 location20 location48 location26 location34 location33 location34 location37 location34 location5 location38 location6 location24 location21 location3 location27 location10 location7 location28 location40 location25 location27 location30 location23 location9 location20 Soda
21
location1 location8
location15 location5
location29 location17
location47 location11
Soda location20 location25
location7 location10 location16
location8 location1 location2
location11 location18
location19 location9
location20 location4
location26 location13 location21
location33 location12
location37 location23
location5 location15
location6 location24
location24 location6
location27 location3
location28 location7
location25 location14
location30 location22
location9 location19
