Jingzhou Ghugus Veenendaal Rangae Tikamgarh Rangae Depok Bejucal Surkhpur Bejucal Jinotega JabalosSaraj Frosinone SaintMichael Simmerath Khangarh KrasnoyeSelo Kirovsk KrasnoyeSelo Ouarzazat Frosinone Westmont SanJosedeOcoa Ketrzyn Pundong Jingzhou Fredericia CoonRapids Sagalo BurgbeiMagdeburg Chittaranjan CiudaddelCarmen Xochimilco Eregli Shagamu Eregli Kiruna Tottori Payshanba SaintMichael Rembangan Gangtok TorrePacheco Sapele Ermelo Kheri Srinagar Kiruna TorrePacheco Sapele Ermelo Geilenkirchen Bodhan TarguSecuiesc KampLintfort NiagaraFalls elCampello Khangarh Pundong Ramjibanpur Pundong Chegem Xochimilco CroixdesBouquets Xochimilco Eregli Veenendaal LePlessisTrevise AzZuwaytinah NiagaraFalls ZapadnoyeDegunino Ermelo Geilenkirchen NovyyBuh Falun NovyyBuh Sanaa Sarzedo AzZuwaytinah Khabarovsk Chambly CiudaddelCarmen SanJosedeOcoa Kabarnet Sanaa NovyyBuh RamganjMandi NovyyBuh Ketrzyn Ronse Sertaozinho Surkhpur Bejucal Xochimilco Eregli Kiruna Srinagar Malnate Lysva Vandavasi Fredericia Jingzhou
35
Tikamgarh Rangae
Surkhpur Bejucal
JabalosSaraj Sanaa
Simmerath SaintMichael
Kirovsk Srinagar
Westmont SanJosedeOcoa
Jingzhou Ghugus Lysva
Sagalo CoonRapids BurgbeiMagdeburg
CiudaddelCarmen Chittaranjan
Shagamu RioFormoso
Tottori Thamaga
SaintMichael Rembangan
TorrePacheco elCampello Gangtok
Ermelo Shumen Kheri
Kiruna Tottori BeneBeraq
Sapele Kirovsk Ermelo Ronse
TarguSecuiesc JabalosSaraj Entroncamento
elCampello Jeypore Carmichael
Ramjibanpur Ketrzyn
Chegem Khabarovsk
CroixdesBouquets Sagalo Manduria Radnor
LePlessisTrevise AzZuwaytinah Veenendaal
ZapadnoyeDegunino Crespo
Geilenkirchen Shively TanahMerah
Falun LondonderryCountyBor
Sarzedo Tabatinga
Khabarovsk Chegem
SanJosedeOcoa Kabarnet
Sanaa Sarzedo
RamganjMandi Depok
Ketrzyn Ouarzazat Colachel
Sertaozinho Ibri Carouge
Xochimilco Shizunaifurukawacho
Srinagar Malnate
Vandavasi FortLauderdale
