0 68 18 163 18 140 18 141 18 147 18 20 189 20 18 139 18 136 18 161 18 160 18 20 170 20 181 20 195 20 184 20 89 20 187 20 97 9 6 61 89 125 98 64 121 63 98 66 9 114 18 68 0
25
163 174
140 131
141 165 176 197
147 159
189 143 151
139 179
136 134 137 168 183 193
161 154
160 146
170 142 162
181 133 171 185
195 138 175
184 186
89 130 145 153 156 177
187 135
9 132 148 149 158 166 173 181 184 191 195 196
6 144 150 194
61 199
125 152 167 180 198
64 136 140 141 147 155 160 169 187 188 189
63 139 157 161 170 172
98 190
66 164 178 182
114 192
18 163
