2 190 146 172 188 61 89 158 98 20 132 184 128 64 80 4 72 81 72 4 80 159 82 32 91 140 40 84 190 88 109 59 57 68 38 117 145 160 94 122 146 130 59 36 141 99 15 41 164 46 111 51 1 147 67 9 2
21
172 7 9 15 77 103 109 139 141 151 163
89 25 47 61 71 93 99 113 119 121 123 137 143 177
98 21 41 63 87 131 153 167 169 171 191 197
132 13 17 79 81 85 111 125 133 147 159 175 187 199
184 1 3 29 35 55 73 181
64 43 59 65 69 91 97 105 135 145
81 5 37 39 53 95 107 173 183 185
159 27
32 101 155 161
140 19 51
190 33 89 129
59 57 127 149
68 31 49 157 189 195
117 83 179
122 11
130 45 117
141 115
15 75 165
46 67
51 23
67 193
