ZtfcEeD9 6MPulFAv nFqouQp3 rbWYBihd NBKhkccj oqraQ3aF yWlzbESz CIF8DWXL FgxkC8N1 MeetuZNx Q6NMHx0B 04vrMVdi c6ZWTltk L5pBwvut Zy3im4wi U7cZo0h2 wusYsf5E 6hjWynHN DA7bDRCs 6hjWynHN wusYsf5E U7cZo0h2 Zy3im4wi L5pBwvut c6ZWTltk 04vrMVdi Q6NMHx0B MeetuZNx FgxkC8N1 CIF8DWXL yWlzbESz oqraQ3aF NBKhkccj rbWYBihd nFqouQp3 6MPulFAv ZtfcEeD9 lwKMUcFL lWuh5cH8 uEOMgmS6 lWuh5cH8 lwKMUcFL ZtfcEeD9 6MPulFAv nFqouQp3 rbWYBihd NBKhkccj oqraQ3aF yWlzbESz CIF8DWXL FgxkC8N1 MeetuZNx Q6NMHx0B 04vrMVdi c6ZWTltk L5pBwvut Zy3im4wi L5pBwvut c6ZWTltk 04vrMVdi Q6NMHx0B MeetuZNx FgxkC8N1 CIF8DWXL yWlzbESz oqraQ3aF NBKhkccj rbWYBihd nFqouQp3 6MPulFAv ZtfcEeD9 lwKMUcFL lWuh5cH8 uEOMgmS6 7VEdC8Bn KZzTlcqA KbQF6Z1I VgwgAKMz KbQF6Z1I KZzTlcqA 7VEdC8Bn uEOMgmS6 lWuh5cH8 lwKMUcFL ZtfcEeD9 6MPulFAv nFqouQp3 rbWYBihd NBKhkccj oqraQ3aF yWlzbESz CIF8DWXL BkhTgoaJ W7b2i2pG PMzcqvQL IdGLl1to WvzZeqnS O5yBujnu v654W2Kr xI4hMIxA w0QWGw2L n0riP8Jl 0MyIUMFM n0riP8Jl w0QWGw2L xI4hMIxA v654W2Kr O5yBujnu v654W2Kr xI4hMIxA w0QWGw2L n0riP8Jl 0MyIUMFM d4U8kEOb APMxsbBa 2KepLMXB n7VUygaC tHTE6eug CczWZLd1 itC9pvuP fURWpj00 EAWv9kfQ wZJN4OBT kMauNR5Y BkhTgoaJ CIF8DWXL yWlzbESz oqraQ3aF NBKhkccj oqraQ3aF yWlzbESz CIF8DWXL FgxkC8N1 MeetuZNx Q6NMHx0B 04vrMVdi c6ZWTltk L5pBwvut Zy3im4wi 9FVeC0va mSd4Nw6v 7Xy44hse YXHt7Frx 7Xy44hse 7czjmzr9 91Uq51QB eFJgi8X6 sFR9mcaG uYGlfCi2 1FIjcsO2 ntaFp6yn VqqukjeY qtXV58SN eF0ueRyu dB8nWjnw 1gtWVzKV dB8nWjnw eF0ueRyu dB8nWjnw oECxPSEB RleTQaHw zpLQ0R0G MeetuZNx Q6NMHx0B 04vrMVdi c6ZWTltk L5pBwvut Zy3im4wi U7cZo0h2 wusYsf5E 6hjWynHN DA7bDRCs Rd2M5nw8 X4DALK1Z REvLgkhf SUGv8yIU Ah46Ofm8 fa3ra0T7 Ah46Ofm8 SUGv8yIU REvLgkhf X4DALK1Z Rd2M5nw8 DA7bDRCs 6hjWynHN wusYsf5E U7cZo0h2 Zy3im4wi L5pBwvut c6ZWTltk 04vrMVdi Q6NMHx0B MeetuZNx FgxkC8N1 CIF8DWXL yWlzbESz oqraQ3aF NBKhkccj rbWYBihd nFqouQp3 6MPulFAv ZtfcEeD9 lwKMUcFL lWuh5cH8 uEOMgmS6 7VEdC8Bn KZzTlcqA KbQF6Z1I VgwgAKMz FqE4GP0Y Wznv2rRv tKnzhLx5 pDb2VAD0 SqpsWXRw NvpMZWSs yptfWPBC CczWZLd1 Rd2M5nw8 NgGjr3Ik OEs82oEQ sAdwIwgI KZzTlcqA KbQF6Z1I VgwgAKMz FqE4GP0Y bKTzHQn4 uEOMgmS6 lWuh5cH8 lwKMUcFL ZtfcEeD9 6MPulFAv nFqouQp3 rbWYBihd NBKhkccj oqraQ3aF yWlzbESz CIF8DWXL BkhTgoaJ W7b2i2pG PMzcqvQL IdGLl1to WvzZeqnS O5yBujnu v654W2Kr xI4hMIxA w0QWGw2L n0riP8Jl 0MyIUMFM KcGXxWyr u2ZI4Bp6 b850DFfF ciNFdHxl 9FVeC0va ciNFdHxl b850DFfF u2ZI4Bp6 KcGXxWyr 0MyIUMFM n0riP8Jl w0QWGw2L xI4hMIxA v654W2Kr O5yBujnu WvzZeqnS IdGLl1to PMzcqvQL W7b2i2pG BkhTgoaJ CIF8DWXL yWlzbESz oqraQ3aF NBKhkccj rbWYBihd nFqouQp3 6MPulFAv ZtfcEeD9 lwKMUcFL lWuh5cH8 lwKMUcFL ZtfcEeD9 6MPulFAv nFqouQp3 rbWYBihd NBKhkccj oqraQ3aF yWlzbESz CIF8DWXL BkhTgoaJ W7b2i2pG PMzcqvQL IdGLl1to WvzZeqnS O5yBujnu v654W2Kr NSdaWdL7 SG64DwCC n7cwD1GE SG64DwCC LvdUl8D5 d5gzYuse 97y3ut3B 7P5zi9hu Tb8W969R yIRIspJJ UiMRtBop CGddIqkC aZcuESum EB4WBsTV VDai7XkI mSd4Nw6v 9FVeC0va ciNFdHxl b850DFfF u2ZI4Bp6 KcGXxWyr 0MyIUMFM n0riP8Jl w0QWGw2L xI4hMIxA v654W2Kr O5yBujnu WvzZeqnS IdGLl1to PMzcqvQL W7b2i2pG BkhTgoaJ CIF8DWXL yWlzbESz oqraQ3aF NBKhkccj rbWYBihd nFqouQp3 6MPulFAv ZtfcEeD9 6MPulFAv nFqouQp3 xzWL2Pp8 IZjIq9He RjDUex61 lqKnzPvP ZS8CQaI7 EEVF7P1A R2FCohpD wd6UNY9N BkhTgoaJ W7b2i2pG PMzcqvQL IdGLl1to WvzZeqnS xRPgtW5C 0PR6ikBf cZyhnB0I 3MYamZSb cZyhnB0I 0PR6ikBf xRPgtW5C kTn5Wdms aACN5TTZ h4MzKYRp iF2sCG7R B65DnegI iF2sCG7R h4MzKYRp aACN5TTZ kTn5Wdms aACN5TTZ NBKhkccj rbWYBihd nFqouQp3 6MPulFAv ZtfcEeD9 lwKMUcFL ZtfcEeD9 6MPulFAv nFqouQp3 rbWYBihd NBKhkccj oqraQ3aF yWlzbESz CIF8DWXL FgxkC8N1 MeetuZNx Q6NMHx0B 04vrMVdi c6ZWTltk L5pBwvut Zy3im4wi U7cZo0h2 wusYsf5E 6hjWynHN DA7bDRCs xZQyzblz SdpsKJEm P0hOEoLv svPb07cv y7NjqOqM CBKWpDQv gX4kBNm4 JqKGA9ul AmaYXBsi b850DFfF ciNFdHxl 9FVeC0va mSd4Nw6v 7Xy44hse YXHt7Frx T2a0VXcz CTlg3xsv eHAI1Emd 7czjmzr9 4FNIiWtX Fj27Gybu mlHu9OVg aWGQETjI gKOyNQPh 4pgwpiHi 6MPulFAv 4pgwpiHi gKOyNQPh BOlNhFGU o4xf7nVd VDai7XkI bJ22zvWV WPOgjVLu jKNn1ZQ1 7VEdC8Bn KZzTlcqA KbQF6Z1I VgwgAKMz FqE4GP0Y Wznv2rRv tKnzhLx5 pDb2VAD0 SqpsWXRw pDb2VAD0 tKnzhLx5 Wznv2rRv FqE4GP0Y VgwgAKMz KbQF6Z1I SdpsKJEm uMuBYvMK SdpsKJEm P0hOEoLv miUcr0K7 4pgwpiHi CxnbNU8s eJJL3lWa YWqBlkAs 43ehQX6O zvH4AKmS gmal2HHS kMauNR5Y wZJN4OBT 12RjOKOH wd6UNY9N R2FCohpD EEVF7P1A ZS8CQaI7 lqKnzPvP RjDUex61 IZjIq9He xzWL2Pp8 B65DnegI iF2sCG7R h4MzKYRp aACN5TTZ EB4WBsTV aZcuESum CGddIqkC UiMRtBop IdGLl1to PMzcqvQL W7b2i2pG BkhTgoaJ CIF8DWXL yWlzbESz oqraQ3aF NBKhkccj rbWYBihd nFqouQp3 6MPulFAv ZtfcEeD9 lwKMUcFL lWuh5cH8 uEOMgmS6 bKTzHQn4 TNblhkGK hBRDGWam 9OV097CE jc6bXCnq xzWL2Pp8 IZjIq9He RjDUex61 lqKnzPvP RjDUex61 FdbcCrtB VDai7XkI aACN5TTZ h4MzKYRp aACN5TTZ kTn5Wdms 80BwLCcj poaWnZDO 80BwLCcj poaWnZDO FGbFUcoj CTlg3xsv T2a0VXcz YXHt7Frx 7Xy44hse mSd4Nw6v 9FVeC0va ciNFdHxl b850DFfF u2ZI4Bp6 KcGXxWyr u2ZI4Bp6 b850DFfF ciNFdHxl 9FVeC0va mSd4Nw6v 7Xy44hse YXHt7Frx T2a0VXcz JfDq1Cs2 m9MRh7a0 nFqouQp3 6MPulFAv ZtfcEeD9 lwKMUcFL lWuh5cH8 uEOMgmS6 bKTzHQn4 TNblhkGK WOQy49Fo TNblhkGK bKTzHQn4 uEOMgmS6 lWuh5cH8 lwKMUcFL ZtfcEeD9 6MPulFAv nFqouQp3 rbWYBihd NBKhkccj oqraQ3aF yWlzbESz CIF8DWXL FgxkC8N1 MeetuZNx Q6NMHx0B 04vrMVdi c6ZWTltk L5pBwvut Zy3im4wi U7cZo0h2 dzvtjag1 Q2HoHQU7 CxnbNU8s eJJL3lWa YWqBlkAs eJJL3lWa CxnbNU8s 4pgwpiHi miUcr0K7 P0hOEoLv SdpsKJEm uMuBYvMK jc6bXCnq 9OV097CE hBRDGWam Pz0LLMil VDai7XkI v654W2Kr O5yBujnu WvzZeqnS 04vrMVdi Q6NMHx0B MeetuZNx FgxkC8N1 ZCQYXo7t RGBDWX4o 8LVjFaQv RGBDWX4o 97y3ut3B d5gzYuse nFqouQp3 6MPulFAv ZtfcEeD9
81
DA7bDRCs Rd2M5nw8
FgxkC8N1 CIF8DWXL
uEOMgmS6 lWuh5cH8
Zy3im4wi U7cZo0h2
VgwgAKMz FqE4GP0Y
w0QWGw2L 43ehQX6O
0MyIUMFM AmaYXBsi
O5yBujnu 1dr1nBQ7
2KepLMXB J2tz5Jy2
fURWpj00 EAWv9kfQ
kMauNR5Y wZJN4OBT
NBKhkccj rbWYBihd
L5pBwvut FGbFUcoj
YXHt7Frx 7Xy44hse
7Xy44hse mSd4Nw6v
uYGlfCi2 sFR9mcaG
1gtWVzKV JfDq1Cs2
eF0ueRyu bJ22zvWV
RleTQaHw zpLQ0R0G
Q6NMHx0B 04vrMVdi
fa3ra0T7 zvH4AKmS Tb8W969R
wusYsf5E OJgw7XgR
yptfWPBC HTyyntxa aDGqWHym
CczWZLd1 yptfWPBC
Rd2M5nw8 X4DALK1Z
NgGjr3Ik qnVestAH
FqE4GP0Y VgwgAKMz Wznv2rRv
bKTzHQn4 TNblhkGK
9FVeC0va ciNFdHxl
lWuh5cH8 CxnbNU8s mrK2EXuk
PMzcqvQL W7b2i2pG IdGLl1to
n7cwD1GE KZzTlcqA SG64DwCC
97y3ut3B 7P5zi9hu d5gzYuse
7P5zi9hu yRH0nOtz
aZcuESum CGddIqkC EB4WBsTV
EB4WBsTV ca785uLx
n0riP8Jl w0QWGw2L 0MyIUMFM
ZtfcEeD9 ZS8CQaI7
RjDUex61 lqKnzPvP FdbcCrtB
W7b2i2pG PMzcqvQL aSd01nMZ
3MYamZSb YWqBlkAs
iF2sCG7R kMauNR5Y B65DnegI
B65DnegI xzWL2Pp8
kTn5Wdms xRPgtW5C
aACN5TTZ kTn5Wdms
lwKMUcFL ZtfcEeD9
xZQyzblz NpH6Hpsr gX4kBNm4
SdpsKJEm uMuBYvMK
gX4kBNm4 CBKWpDQv
ciNFdHxl 8LVjFaQv y7NjqOqM
CTlg3xsv 8avKqSxh
eHAI1Emd miUcr0K7
7czjmzr9 91Uq51QB
4FNIiWtX Fj27Gybu
aWGQETjI mlHu9OVg gKOyNQPh
6MPulFAv nFqouQp3
o4xf7nVd BOlNhFGU 62Mn9lau
bJ22zvWV eF0ueRyu
SqpsWXRw RleTQaHw
uMuBYvMK ntaFp6yn
zvH4AKmS fa3ra0T7
R2FCohpD wusYsf5E
CGddIqkC jKNn1ZQ1
TNblhkGK hBRDGWam
hBRDGWam Pz0LLMil
9OV097CE 2KepLMXB
lqKnzPvP RjDUex61
FdbcCrtB PLFYaVF6
h4MzKYRp eFJgi8X6
poaWnZDO LvdUl8D5
80BwLCcj poaWnZDO
KcGXxWyr aWGQETjI svPb07cv
JfDq1Cs2 1gtWVzKV Q7hUKAHQ tCAdUY4B
WOQy49Fo 8Rfeklr1
U7cZo0h2 dzvtjag1
dzvtjag1 NSdaWdL7
YWqBlkAs 3MYamZSb
Pz0LLMil ijk5cHsH
v654W2Kr O5yBujnu
ZCQYXo7t o4xf7nVd
8LVjFaQv WOCLylig
