Dannemora Hamburg Flower Herricks Depew Herricks Deposit Herricks Delmar Wantagh Downey Ghent Glenwood Fabius Norwich Odessa Flanders Odessa Forest Fishers Haviland Franklin Delhi Freeville Norwich Franklinville Gowanda Fredonia Depauville Odessa Hannibal Gardiner Friendship Gardiner Falconer Gasport Falconer Gardiner Hannibal Odessa Flanders Gilbertsville Haviland Highfalls Glasco Highfalls Franklin Hamburg Fleischmanns Gloversville Gordon Fairmount Nunda Heuvelton Hamilton Heuvelton Nunda Hawthorne Harrisville Harrison Herricks Flower Hauppauge Flower Herricks Nunda Hawthorne Friendship Gardiner Wantagh Downey Herrings Deferiet Germantown Highfalls Hicksville Highfalls Franklin Hamburg Dannemora Fabius Mills Fishkill Davis Forestville Granville Deer Delanson Dansville Delevan Galeville Germantown Delmar Wantagh Downey Ghent Depauville Odessa Frewsburg Dunkirk Delanson Nunda Fairmount Dexter Fulton Gardiner Falconer Gardiner Hannibal Deer Florida Farnham Freeville Norwich Forest Fishers Deferiet Germantown Galeville Fishkill Davis Forestville Granville Deer Florida Farnham Freeville Norwich Odessa Hannibal Odessa Depauville Fredonia Harbor Hewlett Hempstead Deposit Herricks Harrison Delevan Glenwood Haviland Glenwood Fabius Mills Fairview Heuvelton Nunda Herricks Delmar Wantagh Delmar Germantown Deferiet Noyack Dunkirk Delanson Nunda Heuvelton Earlville Hartsdale DeRuyter Dexter Fulton Dexter Gowanda Dexter DeRuyter Hamburg Dannemora
45
Depew Geneva
Deposit Earlville
Downey Ghent
Fabius Fonda
Flanders Frankfort
Forest Fishers
Franklin Delhi
Franklinville Dansville
Fredonia Depauville
Friendship Gardiner
Gasport Falconer
Gilbertsville Flanders
Glasco Fulton
Gloversville Fleischmanns
Gordon Fairmount
Hamilton Fair
Harrisville Farmingville
Hauppauge Flower
Hawthorne Friendship
Herrings Deferiet
Hicksville Depew
Dannemora Fabius Fire
Davis Fishkill Forestville
Deer Delanson Florida
Delevan Galeville
Delmar Germantown
Depauville Fredonia
Dunkirk Frewsburg
Fairmount DeRuyter Dexter
Falconer Gasport
Farnham Freeville
Fishers Forest
Fishkill Davis
Forestville Freeport
Freeville Farnham
Hannibal Deer
Harbor Fayetteville
Harrison Delevan
Haviland Franklin
Heuvelton Fairview
Wantagh Delmar
Noyack Dunkirk
Earlville Deposit Firthcliffe
Fulton Fairport
Gowanda Franklinville
