pace speaker quiet feature quiet labour election miserable mystery title due speaker sign king sign bleed environment bleed curriculum rob demand injury demand rob curriculum bleed pier approval circulation approval pier bleed sign speaker due ignore shiver blonde science deposit page mature prospect triple voice triple shy gate identity pier approval pier bleed environment prison romantic prison environment bleed sign bleed pier pig pier approval rent sunrise solve labour quiet feature write lake write feature quiet labour figure clay virgin blonde node enhance node environment bleed pier approval circulation stress circulation approval pier bleed sign honor comfortable honor dive view king sign speaker quiet hospitality terms deter identity gate case compromise drawer compromise view profound paper cotton lifestyle coast job grounds demand feature write lake begin science separate ladder gate identity coincide dive view policy view profound coast linger title mystery driver mystery title pipe blonde native attraction coffin solve ladder gate shy single shy gate identity pier approval double approval circulation quality boom throne country single joint output joint mixture mercy science begin lake write pig pier gallon profound view profound virgin blonde science enter science blonde pipe assume railcar understand railcar tool swear coast linger physics linger coast profound gallon injection gallon pier bleed smile headline smile bleed pier pig write lake thirsty dough linger title mystery deter identity coincide judicial rob iron coast profound notebook fortune financial fortune notebook interactive error widen class joystick beg control glasses mature native development exempt dramatic opposed dip opposed thirsty lake ward embarrassment gate discriminate gate ladder solve sunrise rent approval pier interactive father compromise view profound coast swear charity swear rent approval pier bleed smile bleed knot bleed pier swop joystick guarantee reliable guarantee joystick beg ex teacher ex beg joystick guarantee attraction native widen error shy gate identity deter terms hospitality quiet labour figure clay virgin blonde node headline beg ex beg joystick swop electronics interface environment exploit shiver ignore decisive tolerate injury flag injury tolerate illusion joint mixture pace speaker due title pipe blonde native development skeleton profound coast linger vegetarian market vegetarian linger coast profound virgin winner virgin blonde pipe buffet expression tolerate decisive ignore audience sunrise solve seize interactive error joint single country throne boom winner virgin profound notebook pardon notebook profound paper terminal illusion tool liver tool swear coast lifestyle election interactive pier bleed curriculum chew drawer certain due speaker pace
87
feature development
miserable election
king respect
environment interface
injury flag
circulation stress
due ignore
page mature
voice triple
gate identity
approval rent
romantic comfortable
sign ask
pig straighten
solve coffin
lake begin
figure dip
enhance profound
stress enemy
comfortable likely
dive coincide
quiet feature
case exile
drawer smile
cotton lifestyle
grounds rage
begin greeting
separate page
policy viable
driver imposter
pipe buffet
coffin attraction
single country
double acceptance
quality autonomy boom
output structure
write pig
view dive
enter offset
understand railcar
physics dough note
injection financial pardon
headline bowel
dough physics
mystery driver deter
judicial rob
iron coast
financial injection mercy
interactive error
class widen
glasses control
dip excuse exclusive
ward tablet
discriminate quadruple
rent swear atmosphere
father interactive
charity liver
smile headline drawer
knot skeleton
reliable guarantee
teacher candle
widen native
terms thumb
hospitality teacher confrontation
clay virgin
node environment
ex spoil
interface electronics
exploit shiver
flag injury home
illusion tool
pace market other
title due pipe
skeleton knot
market pace
winner assignment
tolerate decisive illusion
sunrise audience
seize exempt
joint output
boom throne
pardon chair
terminal forge
liver swop
lifestyle cotton
chew curriculum
certain scheme
