0 67 1 70 5 69 71 8 75 14 16 76 18 77 25 78 28 79 33 35 33 80 81 82 38 84 41 42 43 41 44 45 41 46 47 41 85 48 86 52 87 54 88 59 89 65 90 0 67 1 70 5 69 71 8 75 14 16 76 18 77 25 78 28 79 33 36 33 80 81 82 38 84 41 85 48 86 52 87 54 88 59 89 65 90 0 67 1 67 0 90 65 89 59 88 54 87 52 86 48 85 41 84 38 82 81 80 33 79 28 79 33 80 81 82 38 84 41 85 48 86 52 87 54 88 59 89 65 90 0 67 1 70 5 69 71 8 71 69 5 70 1 67 0 90 65 89 59 89 65 90 0 67 1 70 5 69 71 8 75 14 16 76 18 76 16 14 75 8 71 69 5 70 1 67 0
23
14 15
16 17
35 36
42 43
43 42
44 45
45 44
46 47
47 46
52 53
65 66
5 6 7
25 26 27
36 35 37
38 39 40
1 2 3 4
48 49 50 51
28 29 30 31 32
33 34
54 55 56 57 58
8 9 10 11 12 13
59 60 61 62 63 64
18 19 20 21 22 23 24
