0 182 27 34 133 134 38 132 40 131 44 135 138 1 139 141 5 24 144 20 146 145 14 147 149 11 149 147 14 145 146 20 144 24 5 141 139 1 138 135 44 131 40 132 38 132 40 131 44 135 138 1 139 141 5 24 144 20 146 145 14 147 149 11 150 152 151 60 153 57 54 154 155 52 156 47 157 159 160 120 162 163 67 164 165 76 166 167 80 92 86 168 89 169 94 102 171 170 172 175 106 176 111 114 118 177 178 179 181 182 27 34 133 134 38 132 40 131 44 135 138 1 139 141 5 24 5 141 139 1 138 135 44 135 138 1 139 141 5 24 144 20 146 145 14 147 149 11 150 152 151 60 153 57 54 57 54 154 155 52 156 47 157 159 160 120 162 163 67 164 165 76 166 167 80 92 86 168 89 169 94 102 171 170 172 175 106 176 111 114 118 177 178 179 181 182 27 34 133 134 38 132 40 131 44 135 138 1 139 141 5 24 144 20 144 24 5 141 139 1 138 135 44 131 40 132 38 134 133 34 133 134 38 132 40 132 38 134 133 34 27 182 181 179 178 177 118 114 111 176 106 175 172 170 171 102 94 169 89 168 86 92 80 167 166 76 165 72 165 76 166 167 80 92 86 168 89 169 94 102 171 170 172 175 106 176 111 114 118 177 178 179 181 182 27 34 133 134 38 132 40 131 44 135 138 1 139 141 5 24 144 20 146 145 14 147 149 11 150 152 151 60 153 57 54 154 155 52 156 47 157 159 160 120 162 163 67 164 165 76 166 167 80 92 86 168 89 169 94 102 171 170 172 175 106 176 111 114 118 177 178 179 181 182 27 34 133 134 38 132 40 131 44 135 138 1 139 141 5 24 144 20 146 145 14 147 149 11 150 152 151 60 153 57 54 154 155 52 156 47 157 159 160 120 162 163 67 164 165 76 166 167 80 92 86 168 89 169 94 102 171 170 172 175 106 176 111 114 118 177 178 179 181 182 27 34 133 134 38 132 40 131 44 135 138 1 139 141 5 24 144 20 146 145 14 147 149 11 150 152 151 60 153 57 54 154 155 52 156 47 157 159 160 120 162 163 67 164 165 76 166 167 80 92 86 168 89 169 94 169 89 168 86 92 80 167 166 76 165 164 67 163 162 120 162 163 67 164 165 76 166 167 80 92 86 168 89 169 94 102 171 170 172 175 106 176 111 114 118 177 178 179 181 182 0
30
11 12
38 39
52 53
92 93
118 119
24 25 26
44 45 46
54 55 56
57 58 59
86 87 88
89 90 91
111 112 113
20 21 22 23
34 35 36 37
40 41 42 43
72 73 74 75
76 77 78 79
102 103 104 105
114 115 116 117
1 2 3 4 13
47 48 49 50 51
67 68 69 70 71
106 107 108 109 110
5 6 7 8 9 10
14 15 16 17 18 19
80 81 82 83 84 85
27 28 29 30 31 32 33
60 61 62 63 64 65 66
94 95 96 97 98 99 100 101
120 121 122 123 124 125 126 127 128 129 130
