HAZtD 6gp0A F7CZj RN9nS 3NU9e aWuHk p3gJd 9cp56 sU69u RWE9G 0FMEI tgL8p DmTRc GrnJ7 iIQll p4kTx iIQll Vg6Sz iPRoT 6sv9O HAKlt 0moVI SxklZ VESmp SxklZ 0moVI HAKlt 6sv9O Jbr8u o2JtM e7SjH E6pda e7SjH DuU0x BIY9X DuU0x o2JtM 8x5TS ejBhY Vg6Sz iIQll GrnJ7 DmTRc tgL8p 0FMEI jesVt 4AhmX 93R2m C4biR hvF70 AwFdf cpzS8 p3gJd aWuHk 3NU9e CXkxa ED9em 5h4rt ED9em CXkxa 3NU9e aWuHk p3gJd 15wtn 69WZh Q5zY0 DchVt 7WH0C R6NzB 0FMEI tgL8p 0FMEI RWE9G sU69u 9cp56 p3gJd cpzS8 AwFdf 2zHfe fExZu wVSYr B19Le Agb0E b9v0q 15wtn jesVt 0FMEI tgL8p DmTRc GrnJ7 iIQll Vg6Sz iPRoT TyY1w iPRoT Vg6Sz iIQll GrnJ7 rmW0U SfSL1 RkCLD xKTIz RkCLD SfSL1 bMhFI GfIsc DmTRc tgL8p 0FMEI RWE9G sU69u 9cp56 p3gJd mJExt iqOI4 UqGfS Ssao4 UqGfS iqOI4 mJExt cC0Rg u60s4 jyRQW Xqwfz 7kY28 qz2Of 6sv9O ejBhY GaZ4O Q8lcd iPRoT Vg6Sz iIQll GrnJ7 DmTRc tgL8p 0FMEI jesVt 69WZh wedr3 b9v0q SEkfX b9v0q 69WZh Q5zY0 5MtKr Q5zY0 69WZh 15wtn p3gJd 9cp56 0F8yg 9cp56 p3gJd XbFfE O8CwF aegld C4biR 93R2m 4AhmX jesVt 69WZh mdIe6 69WZh jesVt 0FMEI tgL8p DmTRc gNinx GrnJ7 iaaYU GrnJ7 rmW0U CHx6u rmW0U GrnJ7 DmTRc tgL8p 0FMEI jesVt 15wtn Mm2U8 15wtn p3gJd cC0Rg u60s4 jyRQW Xqwfz sJ62h hA7FQ sJ62h Xqwfz jyRQW Tp7uZ cC0Rg p3gJd 15wtn 69WZh Q5zY0 kvy7i Ia6ul kvy7i Q5zY0 7WH0C R6NzB 0FMEI RWE9G sU69u RWE9G 0FMEI tgL8p DmTRc GfIsc bMhFI GfIsc DmTRc tgL8p 0FMEI RWE9G sU69u 9cp56 p3gJd aWuHk 3NU9e RN9nS 3NU9e aWuHk mJExt iqOI4 mJExt p3gJd cpzS8 AwFdf 2zHfe fExZu v7hOX Mm2U8 15wtn 69WZh R6NzB 0FMEI RWE9G sU69u 9cp56 p3gJd XbFfE O8CwF TlJnt O8CwF XbFfE p3gJd 9cp56 sU69u RWE9G 0FMEI R6NzB VJX0I R6NzB 0FMEI RWE9G sU69u 9cp56 p3gJd aWuHk 3NU9e RN9nS xF1Bj RN9nS 3NU9e aWuHk mJExt cC0Rg u60s4 Zxvdf jyRQW Xqwfz 7kY28 iimZq GWb7L kYZ5P OEGHh 6sv9O HAKlt 0moVI ninof g8MpX fiXIW 7kY28 Xqwfz jyRQW Tp7uZ cC0Rg p3gJd aWuHk 3NU9e RN9nS F7CZj 4Eg1F F7CZj RN9nS 3NU9e aWuHk mJExt cC0Rg u60s4 jyRQW Xqwfz 7kY28 URrao 7kY28 Xqwfz jyRQW Tp7uZ cC0Rg p3gJd aWuHk 3NU9e CXkxa ED9em CXkxa 3NU9e aWuHk p3gJd 9cp56 sU69u RWE9G 0FMEI tgL8p DmTRc v9joy UbqWX GrnJ7 DmTRc tgL8p 0FMEI RWE9G sU69u 9cp56 u60s4 jyRQW Tp7uZ cC0Rg p3gJd aWuHk 3NU9e RN9nS F7CZj wnnBN F7CZj RN9nS 3NU9e aWuHk mJExt cC0Rg u60s4 jyRQW Xqwfz sJ62h Xqwfz jyRQW Tp7uZ cC0Rg p3gJd 15wtn npBgR 15wtn p3gJd cC0Rg u60s4 jyRQW Xqwfz BaYb3 SxklZ 0moVI HAKlt 6sv9O ejBhY 8x5TS o2JtM e7SjH o2JtM 8x5TS ejBhY Vg6Sz iIQll Vg6Sz iPRoT 6sv9O HAKlt 0moVI SxklZ Xqwfz jyRQW Tp7uZ cC0Rg mJExt iqOI4 UqGfS X2hjX UqGfS iqOI4 mJExt DaieK uPUO1 DaieK p3gJd 9cp56 sU69u RWE9G 0FMEI tgL8p DmTRc GfIsc bMhFI 36fTo bMhFI GfIsc DmTRc tgL8p 0FMEI RWE9G sU69u 4PSW9 sU69u RWE9G 0FMEI tgL8p DmTRc GrnJ7 rmW0U GrnJ7 iIQll Vg6Sz iPRoT 6sv9O HAKlt 0moVI OWqP4 6owsT iimZq qz2Of 7kY28 Xqwfz jyRQW u60s4 9cp56 sU69u RWE9G 0FMEI RWE9G sU69u 9cp56 p3gJd cpzS8 AwFdf cpzS8 p3gJd DaieK ESrfm uPUO1 aWuHk vfAR8 aWuHk p3gJd rH3nx cu5FB rH3nx 1gvq4 XWtdT p3gJd 15wtn zrVPv 15wtn p3gJd cC0Rg u60s4 jyRQW Xqwfz jcSDd Xqwfz jyRQW Tp7uZ cC0Rg mJExt iqOI4 UqGfS kPB79 UqGfS iqOI4 mJExt p3gJd 15wtn GmE3O 15wtn p3gJd cC0Rg u60s4 jyRQW Xqwfz IOpdQ Xqwfz jyRQW Tp7uZ cC0Rg p3gJd aWuHk 3NU9e CXkxa 3NU9e aWuHk Q9Dex mJExt iqOI4 UqGfS iqOI4 mJExt cC0Rg u60s4 jyRQW Xqwfz 7kY28 234po 6sv9O ejBhY Vg6Sz iIQll GrnJ7 DmTRc tgL8p 0FMEI R6NzB ZKvNM SE1WY fWz4T EgumV UQeyk p3gJd aWuHk 3NU9e RN9nS F7CZj HAZtD
78
6gp0A z82fM
p4kTx iIQll
VESmp SxklZ
Jbr8u Q8lcd
E6pda xKTIz
BIY9X DuU0x
DuU0x BIY9X
hvF70 AwFdf
5h4rt ED9em
DchVt mdIe6
tgL8p DmTRc
fExZu v7hOX
B19Le Agb0E
TyY1w 8Qx0C
xKTIz E6pda
Ssao4 UqGfS
GaZ4O H1xt8
wedr3 zrVPv 69WZh
SEkfX WVEjT
5MtKr Ia6ul VG4na
0F8yg gpbSj cC0Rg
aegld O8CwF TlJnt
mdIe6 iHR3J
gNinx 4jcrD
iaaYU UbqWX
CHx6u bMhFI lF8gH
Mm2U8 fExZu
hA7FQ 0moVI
Ia6ul eVDVP
sU69u 5EAEu 2GCiD
bMhFI CHx6u
RN9nS bW6Ms
iqOI4 GxQg8
v7hOX SEkfX
R6NzB fWz4T
TlJnt aegld
VJX0I R6NzB
xF1Bj RN9nS
Zxvdf zcuSA u60s4
GWb7L fiXIW iimZq
OEGHh Vg6Sz
ninof OWqP4 Pk19A
4Eg1F wnnBN J0OP0 iKwe0
URrao 7kY28
ED9em 5h4rt
UbqWX v9joy iaaYU
jyRQW Zxvdf
wnnBN Cg1yP
sJ62h 1VA1I
npBgR ox9Gx EgumV
BaYb3 IOpdQ
e7SjH 2LhKB
iIQll p4kTx
SxklZ VESmp BaYb3
X2hjX vfAR8
uPUO1 aWuHk DaieK
DmTRc gNinx
36fTo HOuAL
4PSW9 0F8yg
rmW0U 9tf0w
OWqP4 6owsT
qz2Of URrao
0FMEI jesVt
AwFdf 4AhmX rH3nx cpzS8 kNG2j
ESrfm uPUO1
vfAR8 X2hjX
cu5FB acHTt
XWtdT 1gvq4 p3gJd
zrVPv wedr3
jcSDd pLg86
kPB79 4Tt2a Ssao4 4PXv9
GmE3O cu5FB
IOpdQ Zok18
CXkxa Lusir
Q9Dex lJnz7
UqGfS iqOI4 NqBQW
234po HAKlt
ZKvNM TzGS5
