1 3 57 4 22 19 6 16 20 60 91 7 76 5 27 22 19 29 57 72 33 72 9 51 37 51 31 80 43 63 49 55 18 22 58 48 12 61 54 69 50 40 70 10 64 78 64 81 80 8 73 93 73 20 96 20 100 99 30 1 3 1 30 8 65 9 51 40 11 20 19 25 19 51 37 28 35 31 92 42 24 19 46 19 32 62 12 18 81 64 2 86 60 91 15 35 21 44 87 72 33 2 8 30 1
35
4 52
6 26
7 91
22 58
29 69
33 72
37 28
43 63
55 95
58 89
61 12
69 50
70 10
78 64
80 8
93 73
96 84
99 100
1 3 42
3 1 83
8 87
9 14
11 5 79
19 45 46
25 66
28 90
35 11
42 92
46 98
62 99
64 78
91 7 34
21 93
72 33
2 86
