location1 location4 location79 location82 location51 location19 location51 location48 location45 location42 location43 location42 location45 location47 location46 location49 location52 location55 location58 location61 location64 location67 location68 location71 location70 location73 location74 location77 location80 location83 location84 location87 location84 location83 location55 location58 location102 location101 location1 location2 location130 location127 location124 location125 location124 location127 location130 location133 location49 location46 location43 location73 location70 location71 location169 location168 location171 location174 location177 location51 location48 location49 location48 location51 location177 location176 location179 location180 location1 location2 location1 location180 location179 location178 location177 location51 location50 location11 location8 location9 location12 location13 location16 location15 location18 location19 location22 location21 location24 location27 location30 location29 location32 location33 location36 location35 location38 location35 location32 location29 location28 location51 location52 location51 location54 location53 location56 location59 location62 location61 location64 location67 location70 location69 location72 location69 location76 location77 location80 location81 location84 location85 location88 location87 location90 location89 location92 location91 location94 location93 location96 location97 location100 location99 location102 location101 location104 location103 location106 location105 location108 location107 location110 location109 location112 location111 location114 location117 location120 location123 location126 location125 location128 location129 location132 location131 location134 location133 location136 location135 location138 location137 location140 location139 location142 location143 location146 location147 location150 location149 location152 location151 location154 location153 location156 location155 location158 location157 location160 location159 location162 location161 location164 location167 location170 location173 location176 location179 location180 location1
71
location1 location101
location19 location51
location43 location73
location45 location47
location47 location45
location55 location83
location67 location125
location71 location169
location73 location43
location83 location55
location87 location171
location101 location1
location125 location67
location133 location49
location169 location71
location171 location87
location49 location133 location151
location51 location19 location177
location180 location179
location2 location3 location5
location178 location175
location8 location7 location9 location11
location12 location13 location15
location16 location17
location18 location21
location22 location23 location25
location24 location27
location30 location29 location31 location33
location32 location35
location36 location37 location39
location38 location41
location52 location53
location54 location57
location56 location59
location62 location61 location63 location65
location70 location69
location72 location75
location80 location77 location79 location81
location84 location85
location88 location89 location91
location90 location93
location92 location95
location94 location97
location96 location99
location100 location103
location102 location105
location104 location107
location106 location109
location108 location111
location110 location113
location112 location115
location114 location117
location120 location119 location121 location123
location126 location127 location129
location128 location131
location132 location135
location134 location137
location136 location139
location138 location141
location140 location143
location142 location145
location146 location147 location149
location150 location153
location152 location155
location154 location157
location156 location159
location158 location161
location160 location163
location162 location165
location164 location167
location170 location173
