Lesnoy Visitacion Rutherglen Fort Jerada Beveren Tak Beveren Edremit Adra Franceville Kot Franceville Hueytown Brentwood Hueytown Norco Hueytown Dharmapuri Gisborne Jerada Gisborne Ken Gisborne Kahului Gisborne Artur Beveren East Hueytown Pingyi Hueytown Glogovac Hueytown Taozhuang Beveren Palafrugell Gisborne Meerut Blackpool Hudiksvall Portogruaro Hueytown Reutlingen Visitacion Rutherglen Visitacion GatesNorth Lesnoy Visitacion Ponta Gisborne Palmeira Hueytown Lesnoy
25
Fort Rutherglen
Tak Pingyi
Edremit Hueytown
Kot Franceville
Brentwood Zgorzelec
Norco Yangambi
Dharmapuri Gisborne
Jerada Hudiksvall
Ken Brentwood
Kahului Ishim
Artur Portogruaro
East Sun
Pingyi Malaut
Glogovac Visitacion
Taozhuang Stade
Palafrugell Sungurlu
Meerut Blackpool
Blackpool Meerut
Portogruaro Artur
Reutlingen Dharmapuri
Rutherglen Winsford
GatesNorth Lesnoy
Lesnoy GatesNorth
Ponta Kundla
Palmeira Glogovac
