0 1 2 3 4 3 2 1 10 20 21 22 23 24 25 26 27 37 38 39 38 37 36 46 47 48 47 56 55 65 66 67 68 69 79 78 77 76 75 74 73 72 71 81 90 100 110 120 121 122 123 124 125 126 127 136 147 148 158 157 156 155 154 153 152 151 161 170 180 181 182 183 184 194 184 173 163 152 142 131 121 110 100 90 81 71 62 52 43 33 24 14 5 6 7 8 9 8 7 6 5 4 3 2 1 10 11 12 13 14 15 26 27 28 29 28 27 26 25 24 33 34 35 34 33 32 31 41 50 51 50 60 61 62 63 64 65 66 67 68 67 66 75 74 73 72 71 70 80 81 82 83 84 85 86 87 88 89 88 87 86 85 84 83 82 91 101 102 103 104 105 106 116 117 118 119 129 128 127 126 125 124 123 122 121 130 131 132 133 134 135 136 137 136 135 134 133 132 131 130 140 141 142 143 144 145 146 147 148 149 148 147 146 145 144 143 152 151 150 160 161 162 163 164 165 166 167 168 169 178 177 176 186 195 196 197 198 199 189 178 168 157 147 136 126 115 105 94 84 73 64 54 45 35 26 16 7 8 7 6 5 4 3 2 11 21 30 40 50 61 62 63 73 83 84 85 84 83 82 81 90 91 92 93 94 93 92 102 103 104 105 106 107 106 105 104 103 102 111 121 131 142 143 144 153 154 155 156 157 156 155 154 153 152 151 161 162 163 164 174 185 186 187 188 198 188 177 167 156 146 135 125 114 105 95 86 76 66 55 45 34 24 13 3 2 1 0
83
1 2
2 12
4 5
20 21
24 33
37 48
39 29
46 45
48 37
56 67
65 64
69 68
79 89
100 101
120 130
125 114
127 116
147 146
158 149
180 181
181 182
184 183
194 184
5 4 15
9 8 18
10 20
12 22
26 16
29 39
33 24 43
35 26
50 51 61
51 42
60 70
64 53 73
66 76
68 77
75 86
80 81
89 98 99
101 102 111
103 104
116 107 127
118 108 129
119 118
129 139
130 120 140
133 123 132
134 125 133
137 147
140 150
146 155
149 158
152 151 153
160 161
167 166 176
169 178
178 188 189
195 186 196
196 187
199 198
7 17
8 9
21 31
61 71
73 72 83
83 82
84 94
85 95
90 80
94 105
102 103
107 96
111 122
142 152
144 154
153 164
157 167
161 160
164 165
185 175
198 199
76 87
