BU FF FN CW BI CW GY BG AA CM HO BO HO CP DQ GG DD ER AJ GA FG GC BR FT GL BJ GP GV GC BR DL AD CS DO FH CZ EN DC GL FT DF FT DP DX CV BS EI BS FQ ES DB GW CQ AR HE AE AT GX HH GX ES AC AN AV BS CV BJ CK EE BV CH DT CN EX CJ DJ DA FL EM FL DW FK DW DB GE FT GY CB BZ HB AU HI HG HI BC AF HL AX FF BD GM CC FQ CO FQ AY DH FT DP GD BQ EE DU AL HQ EX EL DA FD HH FE FF BZ AN BZ FF BU
44
BI CW HM
BG DJ FL GS GY
BO CI CT EG HA
DQ DK DP FW HH
ER BZ DD FY
GA BK DI DU FG
GC DL EK
GL BF HF
GP BA DZ EO
BR BQ CX ER FI
CS BH BM BY
CZ EN FB GM
DC DQ FU HJ
DF FN
DX CV GO
EI BE CM FS
ES CO DV FR
GW CQ
HE AE AR CK HG
HH ET EV FD
AC AN ES GK
AV CA EL
BJ GP
BV EY
CN AT CS CZ DT
DJ AQ BG GH
EM BW DS EQ
FK CR GQ
GE AF BN DR
GY EC
HB AP BU
HG GN HC
AF FP GE
AX EH FF
BD GA
CC GT
CO AX
DH AY
DP DX
EE AV
EX CY DE
FD CD
FE HP
AN DM
