L0 L18 L17 L3 L28 L96 L54 L96 L20 L19 L61 L25 L36 L37 L13 L46 L27 L36 L66 L38 L88 L87 L5 L4 L34 L64 L38 L67 L68 L9 L90 L9 L10 L97 L6 L7 L6 L99 L11 L44 L24 L32 L31 L32 L39 L40 L64 L47 L17 L52 L57 L56 L5 L75 L76 L77 L76 L98 L9 L23 L86 L27 L28 L61 L38 L6 L53 L46 L87 L55 L36 L95 L12 L13 L12 L9 L0
32
L17 L84
L28 L29
L54 L33
L19 L20 L79
L36 L75
L37 L12 L21
L46 L2 L45
L66 L43
L88 L41
L4 L31 L81
L64 L22 L72
L67 L68 L83 L92
L90 L48
L97 L6 L10 L86
L7 L8 L62 L77
L11 L60
L24 L1 L23 L32
L31 L42
L39 L73
L47 L46 L88
L52 L51 L93
L56 L19
L75 L15 L74
L77 L7 L69
L98 L39 L97
L23 L24
L27 L28
L38 L85
L53 L54
L87 L80
L95 L50
L13 L14
