point0 point52 point101 point150 point143 point152 point154 point149 point106 point3 point19 point37 point61 point60 point120 point117 point145 point149 point154 point149 point145 point164 point178 point173 point176 point190 point185 point190 point182 point188 point119 point5 point28 point29 point44 point65 point99 point114 point124 point156 point118 point153 point144 point170 point61 point15 point13 point15 point20 point0 point70 point157 point70 point0
21
point150 point3 point6 point11 point16 point39 point56 point86 point134 point185
point149 point21 point30 point40 point55 point100 point103 point119 point124
point3 point31 point73 point109 point132 point135 point148 point151 point155 point172 point179
point37 point33 point38 point41 point78 point108 point120 point126 point163 point187
point60 point13 point67 point102 point111 point123 point139 point184
point120 point15 point83 point87 point89 point110 point153 point157 point162
point154 point42 point49 point52 point112 point149 point152
point164 point5 point17 point34 point72 point138
point176 point43 point51 point85 point144 point177
point185 point91 point115 point131
point188 point1 point160
point5 point18 point158
point44 point29 point79 point183
point99 point27 point69
point114 point75
point118 point54 point94
point170 point180
point13 point76
point20 point10
point70 point113
point157 point122
