woebegone trill administer trill fulsome embroil papal car softball anvil Sunday silage Sunday whatsoever Sunday thirteen broil barnacle yearn funny wingspread shovel choice lexicon Vega lexicon slowdown involuntary backplate involuntary spill mitre involuntary icon update bifurcate atom transonic atom coarse Zorn December Hewlett Durango Reilly Durango sinh monotonous dreadnought monotonous MN exothermic MN casserole renaissance casserole MN noon inform secondary inform millennium funky mediate Fisk swingy dull archive sphalerite Curtis deduce Tucson extrovert Andersen cowhand explosion cowhand Irvin mack Irvin relaxation postscript Wheller combine FPC Winchester bat directory bat Winchester connubial Simon yogurt trimester illusion griddle illusion transfuse catenate Darwin Elizabethan Goodrich Simon Rodney Auberge Rodney swordfish Modesto stanza numerology viscous numerology diligent McCall septillion oriole bunch midstream limitate PDP Stephen simulate Gilmore switchmen imperishable balustrade babysat balustrade thoroughfare Isfahan felony tate felony equipping felony woebegone
100
administer administer
fulsome fulsome
embroil embroil
papal papal
car car
softball softball
anvil anvil
Sunday Sunday
silage silage
whatsoever whatsoever
thirteen thirteen
broil broil
barnacle barnacle
yearn yearn
funny funny
wingspread wingspread
shovel shovel
choice choice
Vega Vega
slowdown slowdown
involuntary involuntary
backplate backplate
spill spill
mitre mitre
icon icon
update update
bifurcate bifurcate
transonic transonic
coarse coarse
Zorn Zorn
December December
Hewlett Hewlett
Durango Durango
Reilly Reilly
sinh sinh
monotonous monotonous
dreadnought dreadnought
exothermic exothermic
casserole casserole
renaissance renaissance
noon noon
inform inform
secondary secondary
millennium millennium
funky funky
mediate mediate
Fisk Fisk
swingy swingy
dull dull
archive archive
sphalerite sphalerite
Curtis Curtis
deduce deduce
Tucson Tucson
extrovert extrovert
Andersen Andersen
explosion explosion
Irvin Irvin
mack mack
relaxation relaxation
postscript postscript
Wheller Wheller
Winchester Winchester
bat bat
directory directory
connubial connubial
Simon Simon
yogurt yogurt
trimester trimester
illusion illusion
griddle griddle
transfuse transfuse
catenate catenate
Darwin Darwin
Goodrich Goodrich
Rodney Rodney
Auberge Auberge
swordfish swordfish
Modesto Modesto
stanza stanza
numerology numerology
viscous viscous
diligent diligent
McCall McCall
septillion septillion
oriole oriole
bunch bunch
midstream midstream
limitate limitate
PDP PDP
Stephen Stephen
simulate simulate
Gilmore Gilmore
imperishable imperishable
babysat babysat
thoroughfare thoroughfare
Isfahan Isfahan
felony felony
tate tate
equipping equipping
