gc gk em ac as co ab cm q fr dw du ga ff e fe bq at a dn ai v gq bu fg eg es y b cz cr cp j bv df fh df bn et gm dg u ds fw dy er go am cd ep ck z g cn br cg fy az db fa eq cy ge bj fi do dp gg dj h aw cf bp dq ae en dh d gi di gj cq be ad bx ap bt bb fn ey ag ao cv bi el cj ee cl cs p fq fk dx gn by bc ah gh fd fo ft an bl fz gc
100
gk gk
em em
ac ac
as as
co co
ab ab
cm cm
q q
fr fr
dw dw
ga ga
ff ff
e e
fe fe
bq bq
at at
a a
dn dn
ai ai
v v
gq gq
bu bu
es es
y y
b b
cz cz
cr cr
cp cp
j j
bv bv
fh fh
bn bn
et et
gm gm
dg dg
u u
ds ds
fw fw
dy dy
er er
go go
am am
ep ep
ck ck
g g
cn cn
br br
cg cg
fy fy
az az
db db
fa fa
eq eq
ge ge
bj bj
fi fi
do do
dp dp
gg gg
dj dj
aw aw
bp bp
dq dq
ae ae
en en
dh dh
d d
gi gi
di di
gj gj
cq cq
ad ad
bx bx
ap ap
bt bt
bb bb
fn fn
ey ey
ao ao
cv cv
bi bi
el el
cj cj
ee ee
cl cl
cs cs
p p
fq fq
fk fk
dx dx
gn gn
by by
bc bc
ah ah
gh gh
fd fd
fo fo
ft ft
an an
bl bl
