0 45 42 40 42 45 21 45 0 50 54 59 78 59 77 59 54 50 52 56 66 97 66 98 66 56 65 95 65 96 65 94 65 56 67 56 52 50 53 58 74 58 73 58 71 58 70 10 31 20 31 8 48 26 44 33 39 33 41 29 12 37 25 55 63 55 62 87 62 55 60 55 61 84 61 83 61 55 64 93 64 92 64 90 32 34 32 90 64 55 25 14 11 25 2 25 15 35 15 25 19 25 23 0 5 13 49 13 5 0
50
45 45
42 42
40 40
21 21
54 54
59 59
78 78
77 77
52 52
66 66
97 97
98 98
95 95
96 96
94 94
67 67
74 74
73 73
71 71
70 70
10 10
31 31
20 20
48 48
26 26
33 33
39 39
41 41
12 12
37 37
25 25
55 55
63 63
62 62
87 87
60 60
84 84
83 83
93 93
92 92
90 90
32 32
34 34
14 14
11 11
2 2
35 35
19 19
23 23
49 49
