lyenDXSN wKxe hU BR s KtvQaJqCJTRpXM8ZI CmV m zI 7Q L STJYwXq9HmmawT 61 fzp vAIBd1Ae nqeGwct f a5oWSrhkZ1i hjCFXN9kbqn0UCNsZ l G50hiUpVStHCMrd frNA534JEvY4f HwQeXpOEZHQ3s hVfqebryM4wN A67f K0A9bbVLm9atwTf EJDqk Plmj0j EJDqk 2AR73oQdnbYqnDCGMFS uy3ouNIxumu7jEuoP1 MBLHuIgjJIXs vJxAK1LaHyuu4yFNeul hpRsyMlXH1H 6DVIvuGfPs2BU Mu wBJRoqVxn1t 6yeW7sat9rvd llx2p lt1a5E0H 7h2PJW8oD2ihKQrfQ6 ImSpax GPeb cYPTdnJWL wcmx8dhmsO K6yVeBnomxSBet nWkakNi6Qt9d4g o3refHnx4qioqHztqMYE zzYmU5YFhvp1 C8PRtY0wMczFLQQYxa VNvsbB7eWJcAK0fU mMU5Ux7Gh9w akZmiQ7tmX jvdVvQ 1ds7sqHhanMKkMy M1PxrOPSNUVpc lyenDXSN
40
hU hU
BR BR
KtvQaJqCJTRpXM8ZI KtvQaJqCJTRpXM8ZI
CmV CmV
zI zI
7Q 7Q
L L
61 61
vAIBd1Ae vAIBd1Ae
nqeGwct nqeGwct
f f
hjCFXN9kbqn0UCNsZ hjCFXN9kbqn0UCNsZ
l l
G50hiUpVStHCMrd G50hiUpVStHCMrd
frNA534JEvY4f frNA534JEvY4f
HwQeXpOEZHQ3s HwQeXpOEZHQ3s
hVfqebryM4wN hVfqebryM4wN
A67f A67f
K0A9bbVLm9atwTf K0A9bbVLm9atwTf
Plmj0j Plmj0j
2AR73oQdnbYqnDCGMFS 2AR73oQdnbYqnDCGMFS
MBLHuIgjJIXs MBLHuIgjJIXs
vJxAK1LaHyuu4yFNeul vJxAK1LaHyuu4yFNeul
6DVIvuGfPs2BU 6DVIvuGfPs2BU
Mu Mu
wBJRoqVxn1t wBJRoqVxn1t
6yeW7sat9rvd 6yeW7sat9rvd
llx2p llx2p
lt1a5E0H lt1a5E0H
ImSpax ImSpax
GPeb GPeb
cYPTdnJWL cYPTdnJWL
wcmx8dhmsO wcmx8dhmsO
nWkakNi6Qt9d4g nWkakNi6Qt9d4g
o3refHnx4qioqHztqMYE o3refHnx4qioqHztqMYE
zzYmU5YFhvp1 zzYmU5YFhvp1
VNvsbB7eWJcAK0fU VNvsbB7eWJcAK0fU
akZmiQ7tmX akZmiQ7tmX
jvdVvQ jvdVvQ
M1PxrOPSNUVpc M1PxrOPSNUVpc
