0 68 18 164 18 150 130 151 142 168 183 191 145 175 143 156 135 179 185 196 20 182 20 188 20 195 20 198 20 178 20 184 20 167 20 170 20 187 20 181 20 169 20 192 20 190 20 172 20 189 20 180 20 166 20 199 176 197 146 186 159 154 153 173 193 131 162 158 194 165 149 174 171 177 138 134 144 133 137 148 18 160 18 157 18 155 18 139 18 152 18 163 18 132 18 147 18 136 18 161 18 141 18 140 18 68 0
70
164 164
150 150
130 130
151 151
142 142
168 168
183 183
191 191
145 145
175 175
143 143
156 156
135 135
179 179
185 185
196 196
182 182
188 188
195 195
198 198
178 178
184 184
167 167
170 170
187 187
181 181
169 169
192 192
190 190
172 172
189 189
180 180
166 166
199 199
176 176
197 197
146 146
186 186
159 159
154 154
153 153
173 173
193 193
131 131
162 162
158 158
194 194
165 165
149 149
174 174
171 171
177 177
138 138
134 134
144 144
133 133
137 137
148 148
160 160
157 157
155 155
139 139
152 152
163 163
132 132
147 147
136 136
161 161
141 141
140 140
