pace voice financial respect bitter rob tablet cigarette demand pain demand joint dip discriminate quality headline mature brake chair mystery enter mystery gate approval other swear deposit honor deposit paper deposit circulation output autonomy glasses tool dialogue prison dialogue likely enhance dough linger vegetarian forge winner forge tolerate sign legislation enhance thumb nationalist shy title sunrise certain page fortune imposter throne stroke discriminate lake discriminate seize due guarantee buffet exclusive class disclose injury disclose skeleton understand figure banana king pace
50
voice voice
financial financial
bitter bitter
rob rob
tablet tablet
cigarette cigarette
demand demand
pain pain
dip dip
quality quality
headline headline
brake brake
mystery mystery
enter enter
other other
swear swear
honor honor
paper paper
circulation circulation
output output
autonomy autonomy
glasses glasses
tool tool
prison prison
likely likely
enhance enhance
dough dough
linger linger
vegetarian vegetarian
winner winner
tolerate tolerate
sign sign
legislation legislation
thumb thumb
nationalist nationalist
shy shy
title title
sunrise sunrise
page page
imposter imposter
throne throne
lake lake
seize seize
guarantee guarantee
buffet buffet
exclusive exclusive
class class
injury injury
figure figure
king king
