pace other quadruple ask candle triple country throne boom quality autonomy paper viable likely comfortable likely viable atmosphere rent sunrise audience ignore shiver ignore due ignore liver swop electronics interface environment bleed curriculum chew offset chew drawer certain bitter coffin bitter rage bitter certain scheme brake bowel structure respect chair pardon injection gallon injection desk spoil desk enemy stress enemy control enemy illusion joint output joint mixture confrontation forge confrontation development skeleton development native blonde virgin winner assignment winner virgin blonde pipe buffet exempt buffet election lifestyle cotton dialogue home flag injury tolerate decisive greeting begin science blonde native mature page nationalist acceptance nationalist swop joystick guarantee attraction railcar tool swear coast profound view dive coincide identity straighten pig pier bleed smile headline smile bleed knot country market vegetarian linger dough physics linger vegetarian exile vegetarian exclusive dip opposed feature demand rob excuse teacher hospitality terms thumb terms deter note tablet imposter driver banana widen error interactive notebook fortune financial mercy mixture pace
100
pace pace
other other
quadruple quadruple
ask ask
candle candle
triple triple
country country
throne throne
boom boom
autonomy autonomy
viable viable
likely likely
comfortable comfortable
atmosphere atmosphere
rent rent
audience audience
ignore ignore
shiver shiver
due due
liver liver
swop swop
electronics electronics
interface interface
environment environment
curriculum curriculum
offset offset
drawer drawer
coffin coffin
rage rage
scheme scheme
bowel bowel
structure structure
respect respect
chair chair
pardon pardon
injection injection
spoil spoil
enemy enemy
stress stress
control control
illusion illusion
output output
confrontation confrontation
forge forge
development development
skeleton skeleton
native native
virgin virgin
assignment assignment
pipe pipe
buffet buffet
exempt exempt
election election
lifestyle lifestyle
cotton cotton
home home
flag flag
injury injury
decisive decisive
greeting greeting
begin begin
mature mature
page page
acceptance acceptance
guarantee guarantee
attraction attraction
railcar railcar
tool tool
swear swear
coast coast
profound profound
dive dive
coincide coincide
identity identity
straighten straighten
pig pig
smile smile
headline headline
knot knot
market market
dough dough
physics physics
exile exile
exclusive exclusive
dip dip
feature feature
rob rob
excuse excuse
teacher teacher
thumb thumb
deter deter
note note
tablet tablet
imposter imposter
driver driver
widen widen
error error
interactive interactive
financial financial
mercy mercy
