1 47 1 83 1 140 3 137 3 128 3 125 138 68 126 65 114 56 102 53 90 44 78 41 66 32 3 64 3 113 3 104 3 89 10 4 22 16 34 28 46 92 3 40 58 52 70 116 82 76 94 88 106 100 118 112 130 124 142 136 3 5 6 8 18 17 30 20 42 29 54 77 3 80 3 101 1 122 1 119 1 110 1 107 1 98 1 95 1 86 1 2 12 11 24 14 36 23 48 26 60 35 72 38 84 131 96 50 108 59 120 62 132 71 144 74 1 134 1 143 1
96
47 47
83 83
140 140
137 137
128 128
125 125
138 138
68 68
126 126
65 65
114 114
56 56
102 102
53 53
90 90
44 44
78 78
41 41
66 66
32 32
64 64
113 113
104 104
89 89
10 10
4 4
22 22
16 16
34 34
28 28
46 46
92 92
40 40
58 58
52 52
70 70
116 116
82 82
76 76
94 94
88 88
106 106
100 100
118 118
112 112
130 130
124 124
142 142
136 136
5 5
6 6
8 8
18 18
17 17
30 30
20 20
42 42
29 29
54 54
77 77
80 80
101 101
122 122
119 119
110 110
107 107
98 98
95 95
86 86
2 2
12 12
11 11
24 24
14 14
36 36
23 23
48 48
26 26
60 60
35 35
72 72
38 38
84 84
131 131
96 96
50 50
108 108
59 59
120 120
62 62
132 132
71 71
144 144
74 74
134 134
143 143
