1 49 1 128 1 40 87 40 117 40 15 85 15 103 15 12 59 12 116 12 11 142 11 65 11 23 108 23 55 23 14 105 14 75 14 3 112 3 97 3 22 71 22 94 22 16 133 16 91 16 41 106 41 137 41 34 50 34 77 34 29 96 29 129 29 2 81 2 62 2 42 89 42 104 42 10 76 10 132 10 26 121 26 100 26 4 118 4 51 4 35 84 35 92 35 45 122 45 74 45 24 88 24 134 24 5 93 5 90 5 48 68 48 58 48 32 135 32 139 32 39 52 39 57 39 25 80 25 86 25 13 79 13 109 13 21 82 21 138 21 47 113 47 141 47 20 124 20 115 20 33 67 33 127 33 46 144 46 54 46 36 110 36 130 36 30 101 30 95 30 43 136 43 64 43 17 66 17 60 17 27 78 27 140 27 19 98 19 53 19 37 125 37 99 37 6 126 6 119 6 28 131 28 83 28 7 120 7 107 7 18 69 18 63 18 44 114 44 102 44 31 70 31 143 31 38 111 38 61 38 9 73 9 72 9 8 123 8 56 8 1
96
49 49
128 128
87 87
117 117
85 85
103 103
59 59
116 116
142 142
65 65
108 108
55 55
105 105
75 75
112 112
97 97
71 71
94 94
133 133
91 91
106 106
137 137
50 50
77 77
96 96
129 129
81 81
62 62
89 89
104 104
76 76
132 132
121 121
100 100
118 118
51 51
84 84
92 92
122 122
74 74
88 88
134 134
93 93
90 90
68 68
58 58
135 135
139 139
52 52
57 57
80 80
86 86
79 79
109 109
82 82
138 138
113 113
141 141
124 124
115 115
67 67
127 127
144 144
54 54
110 110
130 130
101 101
95 95
136 136
64 64
66 66
60 60
78 78
140 140
98 98
53 53
125 125
99 99
126 126
119 119
131 131
83 83
120 120
107 107
69 69
63 63
114 114
102 102
70 70
143 143
111 111
61 61
73 73
72 72
123 123
56 56
