g3ylJsdLuC idQHxtSnxr dj8JMfo3hX QrJxLpX875 dj8JMfo3hX 4znnlMjVra MXIvZpEPtW biWuM2iRnz mok9StGG0X TSSOUimHPg LCKLTNE1vp TSSOUimHPg 97ZNlakBoq mwzQG3SxnO IA0Uf143OT uvoepIQg9n IA0Uf143OT JD3uem81Lg D0kECQ0RvI emYRLTiyj9 LeZK9UvMT9 LIaAthcOOG 5hWe1EOa3M IA0Uf143OT BNkM7qaRNw XlU2fx0ZPn 1KJyArncTt tubjzjzUpV 8ZKCAWlImg z9nRKYQ1ub 8ZKCAWlImg t25XjDwQhD 8ZKCAWlImg tubjzjzUpV M2hatQPY96 CxfzSa2YOV PcFJuErB3q FvzkpZRSj8 Oiowits7js 12ECENJIev Oiowits7js FvzkpZRSj8 YAqGe4tKAP yky49wE4YG WRd4lScvm6 yky49wE4YG Pv5LMSkQii yky49wE4YG BNkM7qaRNw 7g0Idy1nzK 03xK87sjTf nKHFs5cKTX 03xK87sjTf 7g0Idy1nzK KUJdxKVZFO fXy828RCG4 GQ4F0g3Mdj TP2TNyk7wl GQ4F0g3Mdj XW1Wn7EqpN rCoEuOa7EU 8KtuAXHUy3 rCoEuOa7EU XW1Wn7EqpN GQ4F0g3Mdj TyL7NE2puV pKK7T4agKn vLjEFrUVJv qjDSEKmZMW jBYJ7v19BQ lfdanPGo3c Pijq8aHqIR s3eMpsYH00 oIVQ2qkgnR bhojeHeddF oIVQ2qkgnR 0hs3CNDF4L nFqfAnhO3U TBzLS0OAYU nFqfAnhO3U euuICgBLD4 r8njDwxc2t euuICgBLD4 vUu8ijgxxf yvMowGbkvn u4LnQNaaiz 0mnwiU4XrT wRn7Oi1bcW 0mnwiU4XrT 9LabQjTqkn dMOAUqH7Z3 qnkfLCmfDn yU6iUY8YgO XOxGPscMMG WcyuqGYOzU oWmQcQwHPo 2eMl9AO5o8 Tk8ERvdKxF oCk2Yieytb bWDewy6WbV oCk2Yieytb 33omYiVXOD 5SSy593K31 WvFZJEkTrw aEo62SfMqH WvFZJEkTrw 5SSy593K31 33omYiVXOD oCk2Yieytb Tk8ERvdKxF WAi18jd2vJ S8BtTu4yH9 WAi18jd2vJ fWIjO8yhE3 KHDeTTvJC1 fWIjO8yhE3 WAi18jd2vJ Tk8ERvdKxF uIf3wnJUdn fXy828RCG4 KUJdxKVZFO 0wTk0mYkLH g2I4si69gU u4FAx2sHZm 2OsmeZV9xh u4FAx2sHZm 1TfvXd6dPZ mbSdju1TJK 1TfvXd6dPZ u4FAx2sHZm g2I4si69gU oVMPVsMWrZ WYEDqSuNRX KpxiCfRqh3 WYEDqSuNRX oEdovEhrWM CUEWGmB7Gt oEdovEhrWM YpRs8m6oyX 2S929yZddP QTNhZIciNJ h5Si5BAPN0 QTNhZIciNJ CSjLrGbUz3 xtp1B5q0W1 CSjLrGbUz3 QTNhZIciNJ 2S929yZddP 1QXjsHNYao 723MhcLxt0 7wS9dKOnJR IT4pKw3giW pWVnBerIra gTAImjNH8G z8wUSSybzM j98kcW9qGB bsEkAY2K41 Q1N77BLmyb TSSOUimHPg IGpxjveim7 x7iq98BiN3 IGpxjveim7 vnZBjkVngj idQHxtSnxr onlLq65Azx idQHxtSnxr BUMLJo6sc3 fecMfiAuGC BUMLJo6sc3 srT70dfQEr RN0bCAV6rQ pk0Vh75DnH RN0bCAV6rQ dC48GQHGzO AXNCIbkEJh 7ZWqK2F5XG 2O61j91J3T K05xB79KZo srT70dfQEr Pz3egMzKU8 gZXiityEnU Pz3egMzKU8 srT70dfQEr BUMLJo6sc3 jPXsbXPNMq BUMLJo6sc3 idQHxtSnxr g3ylJsdLuC
100
idQHxtSnxr idQHxtSnxr
dj8JMfo3hX dj8JMfo3hX
QrJxLpX875 QrJxLpX875
4znnlMjVra 4znnlMjVra
biWuM2iRnz biWuM2iRnz
LCKLTNE1vp LCKLTNE1vp
97ZNlakBoq 97ZNlakBoq
mwzQG3SxnO mwzQG3SxnO
IA0Uf143OT IA0Uf143OT
uvoepIQg9n uvoepIQg9n
JD3uem81Lg JD3uem81Lg
emYRLTiyj9 emYRLTiyj9
LeZK9UvMT9 LeZK9UvMT9
BNkM7qaRNw BNkM7qaRNw
XlU2fx0ZPn XlU2fx0ZPn
tubjzjzUpV tubjzjzUpV
z9nRKYQ1ub z9nRKYQ1ub
t25XjDwQhD t25XjDwQhD
M2hatQPY96 M2hatQPY96
CxfzSa2YOV CxfzSa2YOV
FvzkpZRSj8 FvzkpZRSj8
Oiowits7js Oiowits7js
12ECENJIev 12ECENJIev
YAqGe4tKAP YAqGe4tKAP
yky49wE4YG yky49wE4YG
WRd4lScvm6 WRd4lScvm6
Pv5LMSkQii Pv5LMSkQii
7g0Idy1nzK 7g0Idy1nzK
03xK87sjTf 03xK87sjTf
nKHFs5cKTX nKHFs5cKTX
KUJdxKVZFO KUJdxKVZFO
fXy828RCG4 fXy828RCG4
GQ4F0g3Mdj GQ4F0g3Mdj
TP2TNyk7wl TP2TNyk7wl
XW1Wn7EqpN XW1Wn7EqpN
8KtuAXHUy3 8KtuAXHUy3
TyL7NE2puV TyL7NE2puV
qjDSEKmZMW qjDSEKmZMW
jBYJ7v19BQ jBYJ7v19BQ
lfdanPGo3c lfdanPGo3c
Pijq8aHqIR Pijq8aHqIR
s3eMpsYH00 s3eMpsYH00
oIVQ2qkgnR oIVQ2qkgnR
bhojeHeddF bhojeHeddF
0hs3CNDF4L 0hs3CNDF4L
TBzLS0OAYU TBzLS0OAYU
r8njDwxc2t r8njDwxc2t
vUu8ijgxxf vUu8ijgxxf
yvMowGbkvn yvMowGbkvn
u4LnQNaaiz u4LnQNaaiz
0mnwiU4XrT 0mnwiU4XrT
wRn7Oi1bcW wRn7Oi1bcW
dMOAUqH7Z3 dMOAUqH7Z3
qnkfLCmfDn qnkfLCmfDn
yU6iUY8YgO yU6iUY8YgO
WcyuqGYOzU WcyuqGYOzU
oWmQcQwHPo oWmQcQwHPo
Tk8ERvdKxF Tk8ERvdKxF
oCk2Yieytb oCk2Yieytb
bWDewy6WbV bWDewy6WbV
5SSy593K31 5SSy593K31
WvFZJEkTrw WvFZJEkTrw
aEo62SfMqH aEo62SfMqH
WAi18jd2vJ WAi18jd2vJ
S8BtTu4yH9 S8BtTu4yH9
KHDeTTvJC1 KHDeTTvJC1
uIf3wnJUdn uIf3wnJUdn
0wTk0mYkLH 0wTk0mYkLH
g2I4si69gU g2I4si69gU
u4FAx2sHZm u4FAx2sHZm
2OsmeZV9xh 2OsmeZV9xh
1TfvXd6dPZ 1TfvXd6dPZ
mbSdju1TJK mbSdju1TJK
oVMPVsMWrZ oVMPVsMWrZ
KpxiCfRqh3 KpxiCfRqh3
oEdovEhrWM oEdovEhrWM
CUEWGmB7Gt CUEWGmB7Gt
YpRs8m6oyX YpRs8m6oyX
2S929yZddP 2S929yZddP
QTNhZIciNJ QTNhZIciNJ
h5Si5BAPN0 h5Si5BAPN0
CSjLrGbUz3 CSjLrGbUz3
xtp1B5q0W1 xtp1B5q0W1
1QXjsHNYao 1QXjsHNYao
723MhcLxt0 723MhcLxt0
IT4pKw3giW IT4pKw3giW
bsEkAY2K41 bsEkAY2K41
Q1N77BLmyb Q1N77BLmyb
x7iq98BiN3 x7iq98BiN3
onlLq65Azx onlLq65Azx
BUMLJo6sc3 BUMLJo6sc3
fecMfiAuGC fecMfiAuGC
srT70dfQEr srT70dfQEr
RN0bCAV6rQ RN0bCAV6rQ
pk0Vh75DnH pk0Vh75DnH
2O61j91J3T 2O61j91J3T
K05xB79KZo K05xB79KZo
Pz3egMzKU8 Pz3egMzKU8
gZXiityEnU gZXiityEnU
jPXsbXPNMq jPXsbXPNMq
