6Zg7j6t8kt lrFRnKniRv ka4cgDWgq7 GSDEYlNcCM 97dvK2Az7S Dkc5CxJ6RV 97dvK2Az7S GSDEYlNcCM 4JtfcKJvHu H0NdoJawvz oQb2PqTM8x Iroa6leixY YrPP1U1r20 7cteJXIZM1 YrPP1U1r20 ckEVpwA8CD YQKcyMibnc ckEVpwA8CD YrPP1U1r20 Iroa6leixY tvKOOMQ7Sv rCrtLJTXdv fbxiHLAsv4 ECFKqOm791 fbxiHLAsv4 J6nn6V6pVr 4lUeyqYb0U J6nn6V6pVr 1koyFI8rlU Octagmmhko 1koyFI8rlU G05S6XZiBa 4RZs4XFvF9 OR78sPVsV9 EZQ9HUGjRN KpPj50fAfy vCSWEyz4PC TH1GgoG5GU I1RTFIGWhc NgxnYo41LY cqCbnI2bkr b3jUAAPOlA cqCbnI2bkr NgxnYo41LY UgxUR9jKcJ dyS1o5lQHD OpwMnuSGmp uXkvSfF7Kv pm1Yq2dCLL iyQiEnpG35 pm1Yq2dCLL bc4pLp9tiD MpRNDD0glq 4ViGHxfdlc 0gqiqztWgj fhmE7A9rVl 79JJ9GZF8c M9d0z6OccV gSP0irArmo N08DpqDewo gSP0irArmo YZKJeBb8Pe dojrtYXceT wXTrLT9dUx 1aPtXDhYtV ESDdDChkYw 1iUrZ2N0MA s8EkvbOYAX 1iUrZ2N0MA ReGEuwhnqY 8pgnfE3xKu OGWcs2X8pk 8pgnfE3xKu vD4d0BZ03p zH4Z0p0Ftj VWD9Yy5Xrg MImiDijd1o oRs9wR3IGE 8pgnfE3xKu wXTrLT9dUx 6Zg7j6t8kt
50
lrFRnKniRv lrFRnKniRv
ka4cgDWgq7 ka4cgDWgq7
GSDEYlNcCM GSDEYlNcCM
97dvK2Az7S 97dvK2Az7S
Dkc5CxJ6RV Dkc5CxJ6RV
4JtfcKJvHu 4JtfcKJvHu
H0NdoJawvz H0NdoJawvz
Iroa6leixY Iroa6leixY
YrPP1U1r20 YrPP1U1r20
7cteJXIZM1 7cteJXIZM1
ckEVpwA8CD ckEVpwA8CD
YQKcyMibnc YQKcyMibnc
tvKOOMQ7Sv tvKOOMQ7Sv
fbxiHLAsv4 fbxiHLAsv4
4lUeyqYb0U 4lUeyqYb0U
1koyFI8rlU 1koyFI8rlU
Octagmmhko Octagmmhko
G05S6XZiBa G05S6XZiBa
4RZs4XFvF9 4RZs4XFvF9
EZQ9HUGjRN EZQ9HUGjRN
KpPj50fAfy KpPj50fAfy
vCSWEyz4PC vCSWEyz4PC
TH1GgoG5GU TH1GgoG5GU
I1RTFIGWhc I1RTFIGWhc
NgxnYo41LY NgxnYo41LY
cqCbnI2bkr cqCbnI2bkr
b3jUAAPOlA b3jUAAPOlA
UgxUR9jKcJ UgxUR9jKcJ
OpwMnuSGmp OpwMnuSGmp
uXkvSfF7Kv uXkvSfF7Kv
iyQiEnpG35 iyQiEnpG35
MpRNDD0glq MpRNDD0glq
4ViGHxfdlc 4ViGHxfdlc
0gqiqztWgj 0gqiqztWgj
fhmE7A9rVl fhmE7A9rVl
79JJ9GZF8c 79JJ9GZF8c
M9d0z6OccV M9d0z6OccV
N08DpqDewo N08DpqDewo
YZKJeBb8Pe YZKJeBb8Pe
dojrtYXceT dojrtYXceT
wXTrLT9dUx wXTrLT9dUx
1aPtXDhYtV 1aPtXDhYtV
ESDdDChkYw ESDdDChkYw
s8EkvbOYAX s8EkvbOYAX
8pgnfE3xKu 8pgnfE3xKu
OGWcs2X8pk OGWcs2X8pk
vD4d0BZ03p vD4d0BZ03p
zH4Z0p0Ftj zH4Z0p0Ftj
VWD9Yy5Xrg VWD9Yy5Xrg
oRs9wR3IGE oRs9wR3IGE
