1 1bH 1cX 1bB 1bR 1bG 1dO 1bP 1bF 1aP 1eA 1aS 1aE 1cQ 2 1bU 1aJ 1cS 1eM 1bD 1eJ 1eC 1eO 1aC 1eI 1aQ 1dH 1aV 1cJ 1bS 1bX 1dN B 1aX 1cY K 1aK 1cC 1bN 1bT 1cH 1eX 1eD 1bC 1aY 1bO 1cT 1dK 1cN 1dA 1dR 1dT 1bJ 1bY 1dF 1bE 1aA 1cB 1dM 1cI 1cP 1aB 1bK 1bL 1cW 1aM 1eH 1aT 1cK 1eF 1aZ 1aN 1cE 1cZ 1dS 1dV 1aR 1eE 1dY 1bV 1bQ 1aW 1dC 1cO 1cG 1cR 1bM 1cV 1dI 1dJ 1eG 1aI 1dD 1bA 1cF 1dG 1bW 1cD 1dW 1eB 1dE 1dP 1cU 1aU 1dZ 1aL 1
100
1 1
1bH 1bH
1cX 1cX
1bB 1bB
1bR 1bR
1bG 1bG
1dO 1dO
1bP 1bP
1bF 1bF
1aP 1aP
1eA 1eA
1aS 1aS
1aE 1aE
1cQ 1cQ
1bU 1bU
1aJ 1aJ
1cS 1cS
1bD 1bD
1eJ 1eJ
1eC 1eC
1aC 1aC
1eI 1eI
1aQ 1aQ
1dH 1dH
1aV 1aV
1cJ 1cJ
1bS 1bS
1bX 1bX
1dN 1dN
1aX 1aX
1cY 1cY
1aK 1aK
1cC 1cC
1bN 1bN
1bT 1bT
1cH 1cH
1eD 1eD
1bC 1bC
1aY 1aY
1bO 1bO
1cT 1cT
1dK 1dK
1cN 1cN
1dA 1dA
1dR 1dR
1dT 1dT
1bJ 1bJ
1bY 1bY
1dF 1dF
1bE 1bE
1aA 1aA
1cB 1cB
1dM 1dM
1cI 1cI
1cP 1cP
1aB 1aB
1bK 1bK
1bL 1bL
1cW 1cW
1aM 1aM
1eH 1eH
1aT 1aT
1cK 1cK
1eF 1eF
1aZ 1aZ
1aN 1aN
1cE 1cE
1cZ 1cZ
1dS 1dS
1dV 1dV
1aR 1aR
1eE 1eE
1dY 1dY
1bV 1bV
1bQ 1bQ
1aW 1aW
1dC 1dC
1cO 1cO
1cG 1cG
1cR 1cR
1bM 1bM
1cV 1cV
1dI 1dI
1dJ 1dJ
1eG 1eG
1aI 1aI
1dD 1dD
1bA 1bA
1cF 1cF
1dG 1dG
1bW 1bW
1cD 1cD
1dW 1dW
1eB 1eB
1dE 1dE
1dP 1dP
1cU 1cU
1aU 1aU
1dZ 1dZ
1aL 1aL
