153 170 15 129 12 93 12 34 113 58 47 120 36 188 36 21 184 21 161 60 139 43 139 138 61 138 131 85 140 80 73 197 180 70 195 0 60 112 29 5 192 156 50 128 96 128 50 58 99 109 121 178 145 95 77 53 27 175 171 92 83 92 40 23 90 35 177 137 91 19 186 52 179 2 187 122 189 8 189 78 163 162 127 160 37 160 100 56 103 42 147 98 88 98 3 48 169 118 68 158 119 81 87 49 167 49 89 168 150 134 165 11 26 172 79 108 41 136 75 182 75 16 117 135 194 146 86 13 196 76 7 76 124 13 86 4 86 22 126 59 152 28 74 89 20 153
100
153 153
170 170
15 15
129 129
12 12
93 93
34 34
113 113
58 58
47 47
120 120
36 36
188 188
21 21
184 184
161 161
60 60
43 43
138 138
61 61
131 131
140 140
197 197
180 180
70 70
195 195
0 0
112 112
29 29
5 5
192 192
156 156
50 50
128 128
96 96
99 99
178 178
145 145
95 95
77 77
53 53
171 171
83 83
40 40
23 23
90 90
35 35
177 177
137 137
19 19
52 52
179 179
2 2
187 187
122 122
8 8
163 163
127 127
160 160
37 37
56 56
42 42
147 147
98 98
88 88
3 3
169 169
118 118
68 68
119 119
81 81
49 49
167 167
89 89
168 168
150 150
134 134
11 11
26 26
172 172
79 79
108 108
41 41
136 136
182 182
16 16
135 135
194 194
146 146
86 86
13 13
196 196
7 7
124 124
4 4
126 126
152 152
28 28
74 74
20 20
