y1ueyuwp svhmnjst1e yik8cqxn2 svhmnjst1e umnww3 z3qc9ub vnsdusp 31raz5hp9v l12pu jjeivv4j55 9956fi vehkyi71w fhrrge 8t9i4yy swoprer f3vyq53xc kc3zwg52 u4xzrfm7f 8eg2mee w4qoh15 eq5c5ygub 6u33i 2y9obuu p53u2x9bku99j t9q1ztn8723 kch7lui7 kab7t8o7qjj q847myi 8cfvpx26xwcwt 7og7qr4t86 yfvnawh2c2 j2pso94 8erlfq rkd38ui5s4 2bwd2j xllfi9b bmicm4au quxig9xz2 95nsenz6 4cddmu86gmo ywksl5wd mqt67y9n o8v5h74 b7of9a my85gnmouy 6knvi15aqo nnie92a 3hlob94j5u ehy39 yida2btlrgcd2it 38s4jyp4eu uus7jirbe oso2xmpn1i y1ueyuwp
43
svhmnjst1e svhmnjst1e
yik8cqxn2 yik8cqxn2
umnww3 umnww3
vnsdusp vnsdusp
31raz5hp9v 31raz5hp9v
l12pu l12pu
jjeivv4j55 jjeivv4j55
9956fi 9956fi
vehkyi71w vehkyi71w
fhrrge fhrrge
swoprer swoprer
f3vyq53xc f3vyq53xc
kc3zwg52 kc3zwg52
u4xzrfm7f u4xzrfm7f
8eg2mee 8eg2mee
w4qoh15 w4qoh15
eq5c5ygub eq5c5ygub
6u33i 6u33i
2y9obuu 2y9obuu
p53u2x9bku99j p53u2x9bku99j
t9q1ztn8723 t9q1ztn8723
kch7lui7 kch7lui7
kab7t8o7qjj kab7t8o7qjj
q847myi q847myi
8cfvpx26xwcwt 8cfvpx26xwcwt
7og7qr4t86 7og7qr4t86
j2pso94 j2pso94
8erlfq 8erlfq
rkd38ui5s4 rkd38ui5s4
2bwd2j 2bwd2j
xllfi9b xllfi9b
bmicm4au bmicm4au
quxig9xz2 quxig9xz2
95nsenz6 95nsenz6
4cddmu86gmo 4cddmu86gmo
ywksl5wd ywksl5wd
mqt67y9n mqt67y9n
my85gnmouy my85gnmouy
3hlob94j5u 3hlob94j5u
ehy39 ehy39
yida2btlrgcd2it yida2btlrgcd2it
38s4jyp4eu 38s4jyp4eu
uus7jirbe uus7jirbe
