htb26qt 59yzvtv l8yypbh 1jhmm8m85 nm7ud hc2hf5t8 tu8xxomxhi grn3uqx9y yg6hizqty kxhc6t8tu 4w6uhigzl ysiw8m4l 87jxa 52a3fj2zh 188h5ax 1ca2x2cnc mw8g2qjo1 89ladcv ynuam4f8 1161ildqnj piawzpgtzz9 t4iedm gd5ct4 itrx5fucdq 44yverx aplkk57cpzm q42s9z886w5 ay5sahonq84 ozag34bm9 pwqxinlzb3s hwu8dv9jgknbm ml5lp1nmef 5stwoup zjj1dm8s pmyqr zou7sx9w vl6czuab 37v6d art44ncra 5xz8hm5sa3 h1gz5hzz z4kx8k9 y3eg7gqq6 xpxnortd tjwldi f92ere3 mucolb1r aq2rero4e 7pbkkbbpw tpuaixp 6k7du ht1efrhmh 8gc7dka8lfy txlltgki 5612qqmh ushjdkdhm9 6u4sf1gi s9vu9xx884 8m3pascg zjh83ae yhp7wbv9 k3qywmpr 9lvbrlgk kwtb3cg 9egqgrh7x4e sf9yqti 8jea4n4ez fej54ps5j hyc885fvjls onl7cjn euhqqqmdpe pt2n7hl e7lxs lyvvnwfs i6lsw66h wqkqf pe165 3khitn6 x73l73jp dlkmpx yr44oj2 7hz6j8 cou34kvbi 9oii82xaa 4ka6l1c8w 812l47wm ilaz9q ic2r4blmm9 wepv6d1ee9 uzsjpl5f5 dt4ljfgjkizpq g2g6fxcwr2l yhvc7zg eb3m8w2lan obabms vrem3ey3kg44 hq5mh8mi nd9xavj zxcqho2rbjlhmy8 iffsi a5u8g4sej yx6dguko p9mtts og6n7bgq8h 59yzvtv htb26qt
84
59yzvtv 59yzvtv
l8yypbh l8yypbh
1jhmm8m85 1jhmm8m85
nm7ud nm7ud
hc2hf5t8 hc2hf5t8
tu8xxomxhi tu8xxomxhi
grn3uqx9y grn3uqx9y
yg6hizqty yg6hizqty
kxhc6t8tu kxhc6t8tu
4w6uhigzl 4w6uhigzl
ysiw8m4l ysiw8m4l
87jxa 87jxa
52a3fj2zh 52a3fj2zh
1ca2x2cnc 1ca2x2cnc
mw8g2qjo1 mw8g2qjo1
ynuam4f8 ynuam4f8
1161ildqnj 1161ildqnj
piawzpgtzz9 piawzpgtzz9
t4iedm t4iedm
gd5ct4 gd5ct4
itrx5fucdq itrx5fucdq
aplkk57cpzm aplkk57cpzm
q42s9z886w5 q42s9z886w5
ay5sahonq84 ay5sahonq84
ozag34bm9 ozag34bm9
pwqxinlzb3s pwqxinlzb3s
hwu8dv9jgknbm hwu8dv9jgknbm
5stwoup 5stwoup
pmyqr pmyqr
zou7sx9w zou7sx9w
vl6czuab vl6czuab
37v6d 37v6d
art44ncra art44ncra
h1gz5hzz h1gz5hzz
y3eg7gqq6 y3eg7gqq6
tjwldi tjwldi
f92ere3 f92ere3
mucolb1r mucolb1r
7pbkkbbpw 7pbkkbbpw
6k7du 6k7du
ht1efrhmh ht1efrhmh
8gc7dka8lfy 8gc7dka8lfy
txlltgki txlltgki
ushjdkdhm9 ushjdkdhm9
6u4sf1gi 6u4sf1gi
s9vu9xx884 s9vu9xx884
8m3pascg 8m3pascg
zjh83ae zjh83ae
yhp7wbv9 yhp7wbv9
k3qywmpr k3qywmpr
9lvbrlgk 9lvbrlgk
kwtb3cg kwtb3cg
9egqgrh7x4e 9egqgrh7x4e
8jea4n4ez 8jea4n4ez
fej54ps5j fej54ps5j
hyc885fvjls hyc885fvjls
euhqqqmdpe euhqqqmdpe
pt2n7hl pt2n7hl
e7lxs e7lxs
i6lsw66h i6lsw66h
wqkqf wqkqf
3khitn6 3khitn6
x73l73jp x73l73jp
dlkmpx dlkmpx
yr44oj2 yr44oj2
7hz6j8 7hz6j8
9oii82xaa 9oii82xaa
4ka6l1c8w 4ka6l1c8w
812l47wm 812l47wm
ilaz9q ilaz9q
ic2r4blmm9 ic2r4blmm9
uzsjpl5f5 uzsjpl5f5
dt4ljfgjkizpq dt4ljfgjkizpq
g2g6fxcwr2l g2g6fxcwr2l
yhvc7zg yhvc7zg
obabms obabms
vrem3ey3kg44 vrem3ey3kg44
hq5mh8mi hq5mh8mi
nd9xavj nd9xavj
iffsi iffsi
a5u8g4sej a5u8g4sej
yx6dguko yx6dguko
p9mtts p9mtts
og6n7bgq8h og6n7bgq8h
