Jacksonville Atlanta Fresno Atlanta Louisville Arlington Portland Seattle LasVegas LongBeach Omaha Austin Raleigh Memphis Raleigh LosAngeles Indianapolis SanJose Boston OklahomaCity FortWorth OklahomaCity Phoenix Oakland Philadelphia Oakland Albuquerque Tulsa Minneapolis Tulsa Detroit Columbus Tucson Milwaukee Nashville ElPaso Nashville VirginiaBeach Nashville SanFrancisco Atlanta Jacksonville
25
Jacksonville Jacksonville
Atlanta Atlanta
Fresno Fresno
Louisville Louisville
Portland Portland
Seattle Seattle
LasVegas LasVegas
LongBeach LongBeach
Austin Austin
Memphis Memphis
LosAngeles LosAngeles
Indianapolis Indianapolis
SanJose SanJose
Boston Boston
FortWorth FortWorth
Phoenix Phoenix
Philadelphia Philadelphia
Albuquerque Albuquerque
Tulsa Tulsa
Minneapolis Minneapolis
Columbus Columbus
Tucson Tucson
ElPaso ElPaso
VirginiaBeach VirginiaBeach
SanFrancisco SanFrancisco
