Chattanooga ElPaso Dayton Plano Fresno OuterHaven Fresno GrandRapids Buffalo Pomona FortCollins Salem Ontario Salem Boston Brownsville Jackson Corona Olathe PembrokePines Orlando Naperville Chicago Portland Glendale VirginiaBeach FortWorth Corona Lubbock Louisville Hollywood GrandPrairie LongBeach Waco Albuquerque LosAngeles Albuquerque Cincinnati Paterson Cincinnati WinstonSalem Knoxville Berkeley Springfield Spokane Alexandria NewportNews DesMoines Newark RanchoCucamonga Akron Irvine OklahomaCity SantaAna OklahomaCity Fontana Irvine Syracuse Irvine Norfolk SaintPaul Washington SaintPaul Norfolk Raleigh Norfolk Mesa Jacksonville Hayward SantaClarita NewYork Anaheim ChulaVista Arlington SanDiego FortLauderdale Savannah FortLauderdale Tulsa Montgomery SanJose Montgomery Macon Shreveport LittleRock Phoenix GardenGrove Salinas Murfreesboro Charlotte Murfreesboro Carrollton Surprise Stockton Richmond Stockton Surprise Anchorage Midland Anchorage Surprise OverlandPark BatonRouge Bakersfield Oceanside CapeCoral Fresno Worcester CorpusChristi SiouxFalls Lexington Baltimore Aurora Orange Frisco KansasCity Frisco Orange Henderson Toledo StPetersburg Sunnyvale Boise SanBernardino Joliet Madison Lincoln Madison Denton Gilbert Tallahassee MorenoValley Durham Yonkers Plano ElkGrove McAllen Oxnard Tacoma Huntsville Fremont Honolulu SanFrancisco Honolulu Miramar PortStLucie Vancouver Austin Scottsdale Tempe Scottsdale Riverside Indianapolis Fayetteville Wichita Memphis SanAntonio Cleveland Chattanooga
100
ElPaso ElPaso
Plano Plano
GrandRapids GrandRapids
Buffalo Buffalo
Pomona Pomona
Salem Salem
Ontario Ontario
Boston Boston
Brownsville Brownsville
Jackson Jackson
Corona Corona
Olathe Olathe
Orlando Orlando
Naperville Naperville
Chicago Chicago
Glendale Glendale
FortWorth FortWorth
Lubbock Lubbock
Louisville Louisville
GrandPrairie GrandPrairie
Waco Waco
LosAngeles LosAngeles
Cincinnati Cincinnati
Paterson Paterson
Knoxville Knoxville
Berkeley Berkeley
Springfield Springfield
Spokane Spokane
Alexandria Alexandria
NewportNews NewportNews
DesMoines DesMoines
Newark Newark
Akron Akron
Irvine Irvine
SantaAna SantaAna
Fontana Fontana
Syracuse Syracuse
SaintPaul SaintPaul
Washington Washington
Raleigh Raleigh
Jacksonville Jacksonville
Hayward Hayward
SantaClarita SantaClarita
NewYork NewYork
Anaheim Anaheim
ChulaVista ChulaVista
SanDiego SanDiego
FortLauderdale FortLauderdale
Savannah Savannah
SanJose SanJose
Shreveport Shreveport
LittleRock LittleRock
Phoenix Phoenix
GardenGrove GardenGrove
Murfreesboro Murfreesboro
Charlotte Charlotte
Surprise Surprise
Richmond Richmond
Anchorage Anchorage
Midland Midland
BatonRouge BatonRouge
Bakersfield Bakersfield
Oceanside Oceanside
CapeCoral CapeCoral
Worcester Worcester
Lexington Lexington
Baltimore Baltimore
Aurora Aurora
Orange Orange
Frisco Frisco
KansasCity KansasCity
Henderson Henderson
Toledo Toledo
Boise Boise
SanBernardino SanBernardino
Joliet Joliet
Madison Madison
Lincoln Lincoln
Denton Denton
Tallahassee Tallahassee
Durham Durham
Yonkers Yonkers
McAllen McAllen
Oxnard Oxnard
Tacoma Tacoma
Fremont Fremont
Honolulu Honolulu
SanFrancisco SanFrancisco
PortStLucie PortStLucie
Vancouver Vancouver
Austin Austin
Scottsdale Scottsdale
Tempe Tempe
Riverside Riverside
Indianapolis Indianapolis
Fayetteville Fayetteville
Wichita Wichita
Memphis Memphis
SanAntonio SanAntonio
Cleveland Cleveland
