Porterton Dianashire Ashleyborough Paulburgh Robertsstad Toddtown Swansonshire Abigailhaven Swansonshire Toddtown Robertsstad Paulburgh Walltown Callahantown Maryport Combsville Maryport Reynoldsview Maryport Callahantown Walltown Johnberg Williamshire Johnberg Walltown Scotttown Jacksonview Danielville Jacksonview Scotttown Walltown Paulburgh Ashleyborough Osborneville Christophermouth Shawnhaven Dannyside Shawnhaven Candaceborough Shawnhaven Christophermouth Osborneville Payneview Barnesmouth Clarkborough Barnesmouth Harrisport Brendaview Harrisport Barnesmouth Payneview Teresafort Smithtown Abigailville Smithtown Jacksonland Smithtown Teresafort Calvinton Teresafort Payneview Jacksonville Christopherhaven Jacksonville Jennifertown Feliciaville Jennifertown Jacksonville Payneview Osborneville Ashleyborough Clarkberg Burtonview Murphyside Bakertown Jameston Bakertown Derekville Bakertown Murphyside Burtonview Clarkberg Reevestown Judithview Michaelview Clarenceview Michaelview Judithview Reevestown Clarkberg Ashleyborough Dianashire Burgessview Williamfort Moodyburgh Gregoryberg Smithfort Millerborough Smithfort Gregoryberg Moodyburgh Heatherberg Thomasborough Masseyside Thomasborough Ortegaberg Thomasborough Heatherberg Moodyburgh Williamfort Williamport Ashleystad Codyton Mindyview Codyton Ryanside Codyton Ashleystad Holthaven Vickiville Holthaven Ashleystad Williamport Williamfort Thomasville Lopezburgh Leahmouth Lopezburgh Byrdfurt Garciamouth Byrdfurt Loweryborough Byrdfurt Lopezburgh Thomasville Williamfort Burgessview Billton Banksburgh Simmonsburgh Michaelville Williamland Michaelville Simmonsburgh Banksburgh Yvonneborough Parkermouth Shawnfort Parkermouth Yvonneborough Banksburgh Billton Burgessview Marcusburgh Matthewburgh Bondfort Shawnmouth Buckleyside Shawnmouth Priceville Shawnmouth Bondfort Adamview Harrisborough Adamview Bondfort Matthewburgh Virginiastad Johnsonberg Virginiastad Robinsonmouth Horneside Robinsonmouth Virginiastad Matthewburgh Marcusburgh Fletcherland Willisfurt Ortizberg Willisfurt Fletcherland Kingview Williamschester Mirandaview Williamschester Kingview Fletcherland Marcusburgh Tylerbury Paultown Hansonbury Paultown Tylerbury Jamestown Wilsonstad Jamestown Tylerbury Marcusburgh Burgessview Dianashire Porterton Wallton Danielleport Melissaview Campbellhaven Annberg Houstonchester Annberg Dyerport Annberg Campbellhaven Melissaview Cheyennefurt Watsonville Robertomouth Watsonville Christyland Watsonville Cheyennefurt Thompsonshire Cheyennefurt Melissaview Danielleport Scottburgh Laurenbury Haleview Hallstad Haleview Laurenbury Scottburgh Danielleport Cooperton Lopezborough Waltersmouth Adkinsberg Waltersmouth Adamport Waltersmouth Lopezborough Cooperton Danielleport Wallton Derekmouth Geraldside Joseport Gabrielburgh Hodgesstad Gabrielburgh Joseport Hallborough Kylieview Hallborough Joseport Geraldside Michellehaven Cranemouth Joneschester Cranemouth Michellehaven Ramosborough Fordhaven Ramosborough Michellehaven Geraldside Derekmouth Charlesberg Weberbury Clarkport Weberbury Kimberlyburgh Candiceland Kimberlyburgh Weberbury Charlesberg Sethland Tannerhaven Sethland Ellisstad Osbornemouth Ellisstad Sethland Charlesberg Kevinberg Patriciabury Troyfort Patriciabury Thomasmouth Patriciabury Kevinberg Adamside Andrewschester Adamside Bradberg Adamside Kevinberg Charlesberg Derekmouth Jeffreyfort Johnsonchester Susanfort Johnsonchester Nealfurt Johnsonchester Jeffreyfort Garytown Audreyfort Patriciaside Audreyfort Garytown Jeffreyfort Derekmouth Wallton Davisstad Jacksonton Singletonton Clarkbury Jermaineton Clarkbury Singletonton Jacksonton Davisstad Leechester Pettyton Jonesfurt Pettyton Bondmouth Taylorton Bondmouth Mercedesmouth Bondmouth Pettyton Leechester Castanedachester Suttonville Castanedachester Leechester Davisstad Newmanburgh Gallowaymouth Rioshaven Josephstad Rioshaven Gallowaymouth Newmanburgh Davisstad Wallton Porterton
100
Swansonshire Swansonshire
Abigailhaven Abigailhaven
Maryport Maryport
Combsville Combsville
Reynoldsview Reynoldsview
Williamshire Williamshire
Jacksonview Jacksonview
Danielville Danielville
Dannyside Dannyside
Candaceborough Candaceborough
Clarkborough Clarkborough
Harrisport Harrisport
Brendaview Brendaview
Smithtown Smithtown
Abigailville Abigailville
Jacksonland Jacksonland
Calvinton Calvinton
Christopherhaven Christopherhaven
Jennifertown Jennifertown
Feliciaville Feliciaville
Bakertown Bakertown
Jameston Jameston
Derekville Derekville
Michaelview Michaelview
Clarenceview Clarenceview
Smithfort Smithfort
Millerborough Millerborough
Thomasborough Thomasborough
Masseyside Masseyside
Ortegaberg Ortegaberg
Codyton Codyton
Mindyview Mindyview
Ryanside Ryanside
Holthaven Holthaven
Vickiville Vickiville
Leahmouth Leahmouth
Byrdfurt Byrdfurt
Garciamouth Garciamouth
Loweryborough Loweryborough
Michaelville Michaelville
Williamland Williamland
Parkermouth Parkermouth
Shawnfort Shawnfort
Shawnmouth Shawnmouth
Buckleyside Buckleyside
Priceville Priceville
Adamview Adamview
Harrisborough Harrisborough
Johnsonberg Johnsonberg
Robinsonmouth Robinsonmouth
Horneside Horneside
Ortizberg Ortizberg
Williamschester Williamschester
Mirandaview Mirandaview
Hansonbury Hansonbury
Wilsonstad Wilsonstad
Annberg Annberg
Houstonchester Houstonchester
Dyerport Dyerport
Watsonville Watsonville
Robertomouth Robertomouth
Christyland Christyland
Thompsonshire Thompsonshire
Haleview Haleview
Hallstad Hallstad
Adkinsberg Adkinsberg
Adamport Adamport
Gabrielburgh Gabrielburgh
Hodgesstad Hodgesstad
Hallborough Hallborough
Kylieview Kylieview
Cranemouth Cranemouth
Joneschester Joneschester
Ramosborough Ramosborough
Fordhaven Fordhaven
Clarkport Clarkport
Kimberlyburgh Kimberlyburgh
Candiceland Candiceland
Tannerhaven Tannerhaven
Ellisstad Ellisstad
Osbornemouth Osbornemouth
Patriciabury Patriciabury
Troyfort Troyfort
Thomasmouth Thomasmouth
Adamside Adamside
Andrewschester Andrewschester
Bradberg Bradberg
Susanfort Susanfort
Nealfurt Nealfurt
Audreyfort Audreyfort
Patriciaside Patriciaside
Clarkbury Clarkbury
Jermaineton Jermaineton
Jonesfurt Jonesfurt
Bondmouth Bondmouth
Taylorton Taylorton
Mercedesmouth Mercedesmouth
Suttonville Suttonville
Rioshaven Rioshaven
Josephstad Josephstad
