A0 G6 A8 A2 A1 A6 I6 C3 E8 G4 C9 D5 G0 G2 A5 B4 G5 J3 J8 C0 H5 D3 B3 J4 G7 J1 I0 G9 G3 H2 B8 F8 K0 F3 J5 F4 H6 B6 I3 G8 E1 F5 D8 A7 I2 I7 A4 B1 H9 H1 I4 B7 D0 J2 H8 I8 I5 F2 B5 G1 D7 C7 C5 A3 F7 F6 C2 B9 H0 C6 F1 E7 E5 H3 E2 J6 H4 D2 E9 E3 F9 E4 B2 J0 D6 E0 E6 D1 F0 H7 I1 J9 B0 C4 J7 D4 A9 D9 C1 C8 I9 A0
100
G6 G6
A8 A8
A2 A2
A1 A1
A6 A6
I6 I6
C3 C3
E8 E8
G4 G4
C9 C9
D5 D5
G0 G0
G2 G2
A5 A5
B4 B4
G5 G5
J3 J3
J8 J8
C0 C0
H5 H5
D3 D3
B3 B3
J4 J4
G7 G7
J1 J1
I0 I0
G9 G9
G3 G3
H2 H2
B8 B8
F8 F8
K0 K0
F3 F3
J5 J5
F4 F4
H6 H6
B6 B6
I3 I3
G8 G8
E1 E1
F5 F5
D8 D8
A7 A7
I2 I2
I7 I7
A4 A4
B1 B1
H9 H9
H1 H1
I4 I4
B7 B7
D0 D0
J2 J2
H8 H8
I8 I8
I5 I5
F2 F2
B5 B5
G1 G1
D7 D7
C7 C7
C5 C5
A3 A3
F7 F7
F6 F6
C2 C2
B9 B9
H0 H0
C6 C6
F1 F1
E7 E7
E5 E5
H3 H3
E2 E2
J6 J6
H4 H4
D2 D2
E9 E9
E3 E3
F9 F9
E4 E4
B2 B2
J0 J0
D6 D6
E0 E0
E6 E6
D1 D1
F0 F0
H7 H7
I1 I1
J9 J9
B0 B0
C4 C4
J7 J7
D4 D4
A9 A9
D9 D9
C1 C1
C8 C8
I9 I9
