K BH FS CD AM CF BL M U DC EB AN DS DH GA Y FP CE EQ CT GI CQ FH CK FH CJ BR FT GK FR AU FG BI DB DX EM EA BP FJ GJ P EC FE DW BY BE BY V FI GO AJ DK DG EL DI GE EK FO T FZ CB DF G BA AX BO AP FV GF DL Z BG I AB DZ FM FU EH DN EZ CH FX DR BQ EG GG AG GC ED EE L CV CW BB AF BD X CY EV DE EO EY CC GR CM CL AS R BF CP AW AH EU DP BX EJ GL DV BJ EN FD FQ CA GD CA B K
100
FS FS
AM AM
CF CF
BL BL
M M
U U
DC DC
AN AN
DS DS
DH DH
Y Y
FP FP
CE CE
EQ EQ
CT CT
GI GI
CQ CQ
FH FH
CK CK
CJ CJ
BR BR
GK GK
FR FR
FG FG
BI BI
DB DB
DX DX
EM EM
EA EA
BP BP
FJ FJ
GJ GJ
P P
EC EC
FE FE
BY BY
BE BE
V V
FI FI
GO GO
AJ AJ
DK DK
DG DG
EL EL
DI DI
GE GE
EK EK
FO FO
T T
FZ FZ
CB CB
G G
BA BA
AX AX
BO BO
FV FV
GF GF
Z Z
BG BG
I I
AB AB
DZ DZ
FM FM
FU FU
EH EH
EZ EZ
FX FX
DR DR
BQ BQ
EG EG
GG GG
AG AG
GC GC
ED ED
L L
CW CW
BB BB
AF AF
X X
CY CY
EV EV
EO EO
GR GR
CM CM
AS AS
R R
BF BF
AW AW
AH AH
EU EU
DP DP
BX BX
EJ EJ
GL GL
DV DV
BJ BJ
EN EN
FD FD
GD GD
B B
