89 69 12 187 193 183 109 112 130 21 188 197 36 173 86 56 86 173 86 29 94 151 51 156 23 128 199 100 97 73 79 103 133 194 141 194 140 49 111 83 88 80 101 27 78 169 172 5 169 127 4 127 1 118 16 147 191 65 82 11 20 160 144 122 61 179 119 70 192 135 70 114 125 143 102 178 155 9 48 182 98 190 149 145 33 121 18 107 6 31 64 3 136 139 189 139 148 13 58 146 85 39 132 195 32 96 81 38 41 167 75 59 124 37 99 44 25 89
100
69 69
12 12
187 187
193 193
183 183
109 109
112 112
130 130
21 21
188 188
197 197
36 36
173 173
86 86
56 56
29 29
94 94
151 151
51 51
156 156
23 23
128 128
199 199
100 100
97 97
73 73
79 79
133 133
194 194
141 141
140 140
49 49
111 111
83 83
88 88
80 80
101 101
27 27
78 78
169 169
172 172
5 5
127 127
4 4
1 1
118 118
16 16
147 147
191 191
65 65
82 82
11 11
160 160
144 144
122 122
61 61
179 179
70 70
192 192
135 135
114 114
125 125
102 102
178 178
155 155
9 9
48 48
98 98
190 190
149 149
33 33
121 121
18 18
107 107
6 6
31 31
64 64
3 3
136 136
189 189
148 148
13 13
58 58
146 146
85 85
39 39
132 132
195 195
32 32
96 96
81 81
38 38
41 41
75 75
59 59
124 124
37 37
99 99
44 44
25 25
