FortCollins Elkhart Champaign Harrisburg Irvine Harrisburg Fontana AppleValley Corona Detroit Allentown Bremerton Grayslake Hollywood Bradenton Bridgeport McAllen Chicago Clearwater Evansville Danbury Arlington Harlingen Knoxville Hemet Independence Bellevue Lakeland Cleveland LasVegas Kennewick Anaheim Greenville Appleton Fayetteville Brownsville Barnstable Louisville Lubbock Lancaster Anchorage Lancaster Fairfield Joliet LasCruces Cary Irving Lacey Brighton Fremont Cincinnati Bakersfield AnnArbor BonitaSprings Baltimore Charleston Fargo Leominster Albuquerque Davenport Arvada Erie Arvada Hickory Inglewood DesMoines Chandler ColoradoSprings Layton Denver Layton Austin Lorain CedarRapids Bryan GrandRapids Garland Indianapolis Burbank Cambridge Augusta Gilbert Jacksonville Bethlehem Beaumont Houston DalyCity Fresno Kalamazoo Manchester Atlanta Manchester Eugene BoiseCity Henderson LittleRock Greensboro Abilene Dallas Jefferson Marysville Aberdeen ElPaso Boise CollegeStation Canton DavidsonCounty Canton ElMonte Berkeley FortWorth KansasCity CapeCoral Carrollton Lafayette Lakewood Lafayette Hampton Frederick Carrollton Alexandria Amarillo FortWaltonBeach Elizabeth Akron FortCollins
100
FortCollins FortCollins
Elkhart Elkhart
Champaign Champaign
Harrisburg Harrisburg
Irvine Irvine
Fontana Fontana
AppleValley AppleValley
Detroit Detroit
Allentown Allentown
Bremerton Bremerton
Grayslake Grayslake
Hollywood Hollywood
Bradenton Bradenton
Chicago Chicago
Evansville Evansville
Danbury Danbury
Harlingen Harlingen
Knoxville Knoxville
Hemet Hemet
Independence Independence
Bellevue Bellevue
Lakeland Lakeland
Cleveland Cleveland
Kennewick Kennewick
Anaheim Anaheim
Appleton Appleton
Fayetteville Fayetteville
Brownsville Brownsville
Barnstable Barnstable
Louisville Louisville
Lubbock Lubbock
Lancaster Lancaster
Anchorage Anchorage
Fairfield Fairfield
Joliet Joliet
LasCruces LasCruces
Cary Cary
Irving Irving
Lacey Lacey
Brighton Brighton
Fremont Fremont
Bakersfield Bakersfield
AnnArbor AnnArbor
BonitaSprings BonitaSprings
Baltimore Baltimore
Fargo Fargo
Leominster Leominster
Albuquerque Albuquerque
Arvada Arvada
Erie Erie
Hickory Hickory
Inglewood Inglewood
DesMoines DesMoines
Chandler Chandler
ColoradoSprings ColoradoSprings
Layton Layton
Denver Denver
Austin Austin
Lorain Lorain
CedarRapids CedarRapids
GrandRapids GrandRapids
Garland Garland
Indianapolis Indianapolis
Burbank Burbank
Augusta Augusta
Gilbert Gilbert
Jacksonville Jacksonville
Bethlehem Bethlehem
Beaumont Beaumont
Houston Houston
DalyCity DalyCity
Fresno Fresno
Kalamazoo Kalamazoo
Manchester Manchester
Atlanta Atlanta
Eugene Eugene
BoiseCity BoiseCity
Henderson Henderson
LittleRock LittleRock
Abilene Abilene
Dallas Dallas
Jefferson Jefferson
Aberdeen Aberdeen
ElPaso ElPaso
Boise Boise
CollegeStation CollegeStation
DavidsonCounty DavidsonCounty
ElMonte ElMonte
Berkeley Berkeley
CapeCoral CapeCoral
Carrollton Carrollton
Lafayette Lafayette
Lakewood Lakewood
Hampton Hampton
Frederick Frederick
Alexandria Alexandria
Amarillo Amarillo
FortWaltonBeach FortWaltonBeach
Elizabeth Elizabeth
Akron Akron
