WNYCV K1ZSD XTUSM UGOIO HZ80H XBRKQ H212X 1BUOS P3DJ7 X2AM4 KB443 YMTTJ 7CXN0 ULCTZ XPFOM WH9QK 65TK9 HHCET WH9QK LK2JB XD7IR 1ACIU B8UZ8 KR27P 42QVU QTZLJ 77EY5 KRLTG H8ZPW CUG55 BMC9X ZA57Z NOBPR 2FT0Z URMBF CHXFM GAXPM 9HVLF XRQ65 EQWAL XDKMD 1NBGE 1XUNX BO3AW RFDQ4 OE5TB HR8IA GXYLV EYREL TG5ZG 91RFG F5YBY 18R1B V11OW 5I6U4 2KYXC F07YB QSI1X 1UWW5 UUOP5 WNYCV
50
K1ZSD K1ZSD
XTUSM XTUSM
UGOIO UGOIO
HZ80H HZ80H
XBRKQ XBRKQ
H212X H212X
1BUOS 1BUOS
X2AM4 X2AM4
KB443 KB443
YMTTJ YMTTJ
7CXN0 7CXN0
ULCTZ ULCTZ
XPFOM XPFOM
65TK9 65TK9
HHCET HHCET
XD7IR XD7IR
1ACIU 1ACIU
B8UZ8 B8UZ8
42QVU 42QVU
QTZLJ QTZLJ
77EY5 77EY5
KRLTG KRLTG
H8ZPW H8ZPW
CUG55 CUG55
BMC9X BMC9X
ZA57Z ZA57Z
2FT0Z 2FT0Z
URMBF URMBF
GAXPM GAXPM
9HVLF 9HVLF
XRQ65 XRQ65
EQWAL EQWAL
XDKMD XDKMD
1NBGE 1NBGE
BO3AW BO3AW
OE5TB OE5TB
HR8IA HR8IA
GXYLV GXYLV
EYREL EYREL
TG5ZG TG5ZG
91RFG 91RFG
F5YBY F5YBY
18R1B 18R1B
V11OW V11OW
5I6U4 5I6U4
2KYXC 2KYXC
F07YB F07YB
QSI1X QSI1X
1UWW5 1UWW5
UUOP5 UUOP5
