4HOMU C7WKJ OIPRN FC0PR WBT4L 6WOBI 2BUI5 7GA8O DTPF4 TORQI 1F0YL L2GJ5 FCYPJ BE5V8 2P5XR CM5WA WXZHF 53Y1R 7U3JG K50JQ 6OA3K CFGE5 PXCIN FMCVK 9WSXC L2PQE LEBVZ L2PQE TCC7B 8CLEZ YJ67U ZRPB5 O9J47 PMFJ2 RAAD4 TI35I TY0L7 61QWU 768ZF AT3CI SHOOM AT3CI VHCFR W2H22 1X6L1 V8GEC 8EXDQ PYPSO T9O11 HWKGJ H1LTE OLLV9 H1LTE BVMDZ C45HH C8O6I 45JXE DOLRQ PTADN A1QRL TBPBM ZHSBU M1HJR NPDI9 M1HJR TBPBM Y61KP 6VC3I SA6G0 52MNN UW44H ELH5L Q7FCL W2M5C 4WDJE IF7TL 6ACGE ZN2EP IZESQ KC9RF 0U9HU H3R1V WZB33 3AIXW KOYRV KN0CP 0VPRW Q5DAA ZZH8Z WP2MA HV4Z2 SYV5N ZZH8Z SKPO7 0D2BR Q02X6 945CN 1RS2N 50J5H HZHRA RU85S DCHO3 WOEUE FRZVP 69BJO LLTLN KY9LT V22SY MC71K LKP22 EDSMH WI88U P419D XEEQB 2C63O LIRLU DDXG0 X180A JXLE1 4HOMU
100
C7WKJ C7WKJ
OIPRN OIPRN
FC0PR FC0PR
6WOBI 6WOBI
2BUI5 2BUI5
7GA8O 7GA8O
DTPF4 DTPF4
TORQI TORQI
1F0YL 1F0YL
L2GJ5 L2GJ5
FCYPJ FCYPJ
BE5V8 BE5V8
CM5WA CM5WA
WXZHF WXZHF
53Y1R 53Y1R
7U3JG 7U3JG
K50JQ K50JQ
6OA3K 6OA3K
CFGE5 CFGE5
PXCIN PXCIN
9WSXC 9WSXC
L2PQE L2PQE
LEBVZ LEBVZ
TCC7B TCC7B
8CLEZ 8CLEZ
YJ67U YJ67U
ZRPB5 ZRPB5
PMFJ2 PMFJ2
RAAD4 RAAD4
TI35I TI35I
TY0L7 TY0L7
61QWU 61QWU
768ZF 768ZF
AT3CI AT3CI
SHOOM SHOOM
VHCFR VHCFR
W2H22 W2H22
V8GEC V8GEC
8EXDQ 8EXDQ
PYPSO PYPSO
T9O11 T9O11
HWKGJ HWKGJ
H1LTE H1LTE
OLLV9 OLLV9
BVMDZ BVMDZ
C45HH C45HH
C8O6I C8O6I
45JXE 45JXE
DOLRQ DOLRQ
PTADN PTADN
A1QRL A1QRL
TBPBM TBPBM
ZHSBU ZHSBU
M1HJR M1HJR
NPDI9 NPDI9
Y61KP Y61KP
SA6G0 SA6G0
52MNN 52MNN
UW44H UW44H
ELH5L ELH5L
Q7FCL Q7FCL
W2M5C W2M5C
4WDJE 4WDJE
IF7TL IF7TL
6ACGE 6ACGE
ZN2EP ZN2EP
IZESQ IZESQ
KC9RF KC9RF
0U9HU 0U9HU
WZB33 WZB33
3AIXW 3AIXW
KOYRV KOYRV
0VPRW 0VPRW
Q5DAA Q5DAA
ZZH8Z ZZH8Z
WP2MA WP2MA
SYV5N SYV5N
SKPO7 SKPO7
0D2BR 0D2BR
945CN 945CN
1RS2N 1RS2N
50J5H 50J5H
HZHRA HZHRA
RU85S RU85S
DCHO3 DCHO3
FRZVP FRZVP
69BJO 69BJO
LLTLN LLTLN
V22SY V22SY
MC71K MC71K
LKP22 LKP22
EDSMH EDSMH
WI88U WI88U
P419D P419D
XEEQB XEEQB
2C63O 2C63O
LIRLU LIRLU
DDXG0 DDXG0
X180A X180A
JXLE1 JXLE1
