cy4fm C565q yMPWG OoKEI C0eRL Vjg5l 7XIxZ di7h7 GHZOS Ib5xu LNh60 gk2cW AWuA9 jse5F yFKGt uT5W0 3iQ53 nogr2 P3lE7 mY2cU vSPJ5 wdXpe 8RNd8 u4uj9 w4BF1 P8Fbf 19YKC dU1Ub 19YKC Xhpv3 Iks3D hOy4D lA2MC 6ceXl EWhpw g95ez X6hJp uWr4y FkLYM KYsbm dwc7b tao9t 8aYYW 1H2uK IjjWK qt5AA F2nEN 7l0Vw 5rdYI di7h7 BoNoJ kbRYl NvAYI FnVf8 yMPWG rUUVt 7Lw2B DCl5F G6G4p Cfmbw nogr2 zQjQm 2Fhi4 OFvld C565q cy4fm
50
C565q C565q
yMPWG yMPWG
OoKEI OoKEI
C0eRL C0eRL
Vjg5l Vjg5l
7XIxZ 7XIxZ
di7h7 di7h7
GHZOS GHZOS
LNh60 LNh60
gk2cW gk2cW
jse5F jse5F
yFKGt yFKGt
uT5W0 uT5W0
3iQ53 3iQ53
nogr2 nogr2
P3lE7 P3lE7
vSPJ5 vSPJ5
wdXpe wdXpe
8RNd8 8RNd8
w4BF1 w4BF1
P8Fbf P8Fbf
19YKC 19YKC
dU1Ub dU1Ub
Xhpv3 Xhpv3
Iks3D Iks3D
hOy4D hOy4D
lA2MC lA2MC
6ceXl 6ceXl
EWhpw EWhpw
X6hJp X6hJp
uWr4y uWr4y
KYsbm KYsbm
tao9t tao9t
8aYYW 8aYYW
1H2uK 1H2uK
IjjWK IjjWK
qt5AA qt5AA
F2nEN F2nEN
7l0Vw 7l0Vw
5rdYI 5rdYI
BoNoJ BoNoJ
kbRYl kbRYl
NvAYI NvAYI
FnVf8 FnVf8
rUUVt rUUVt
DCl5F DCl5F
G6G4p G6G4p
Cfmbw Cfmbw
zQjQm zQjQm
OFvld OFvld
