fab8g B3NSd Upoa8 9ZatH yM9nQ HaHFT PpZP8 ciJ7c GHmnJ Vjk2Z HKgVO XDGuI BJ1iC 5Ix1v tQXF5 c17Qf wKKkJ RhMSo wiGnS lcarA Gt2w1 Flgse 1OpM2 Gt2w1 O1QPI rO2GE 3XMfZ L54Jg VUKiE 0YoJb zgyDJ dAx9s fhc2k 2Z0oU 1SvIs AGorf adW6k 1xx4U TQZik pnHil cm8oa LBzlR Nbb6U VUKiE KWmhW 015ql I7fCS eDWES g1WJz FW6DI 8tK4L F7m3U guI5B 4b2sA x8KLa 4GEPG 1rURn P5ucv aiycm sF84c Bw1D7 0SCRq RnwlC 4ORRk o4F0A obqW1 7J90B TtUXd KB016 CT8M8 H6HgM lJJK2 nScgp Q0oXi f5Qx2 8PY0r kCdcu ZlgGe 4Dy05 tEdSo cQMFl 3FUsL cDkiZ BWyM2 iy8Ty KzS0e VIl39 rzyrR n9AEE BybTG gwQSf wPPZK bD2TR rzyrR mgHYN DHhK9 uQK8T RgC1Q Lqz0g pesnn 1pNjr fr0Bd lJfgZ 8xyrX G91ym bepE0 9u8oD b4E7v G944F l0HDP qchZ3 nRTkO fab8g
100
fab8g fab8g
B3NSd B3NSd
9ZatH 9ZatH
yM9nQ yM9nQ
HaHFT HaHFT
PpZP8 PpZP8
ciJ7c ciJ7c
GHmnJ GHmnJ
Vjk2Z Vjk2Z
HKgVO HKgVO
XDGuI XDGuI
BJ1iC BJ1iC
5Ix1v 5Ix1v
tQXF5 tQXF5
c17Qf c17Qf
wKKkJ wKKkJ
RhMSo RhMSo
wiGnS wiGnS
lcarA lcarA
Gt2w1 Gt2w1
Flgse Flgse
1OpM2 1OpM2
O1QPI O1QPI
3XMfZ 3XMfZ
L54Jg L54Jg
VUKiE VUKiE
0YoJb 0YoJb
dAx9s dAx9s
fhc2k fhc2k
2Z0oU 2Z0oU
1SvIs 1SvIs
AGorf AGorf
adW6k adW6k
1xx4U 1xx4U
TQZik TQZik
cm8oa cm8oa
LBzlR LBzlR
Nbb6U Nbb6U
KWmhW KWmhW
015ql 015ql
eDWES eDWES
g1WJz g1WJz
FW6DI FW6DI
8tK4L 8tK4L
F7m3U F7m3U
guI5B guI5B
4b2sA 4b2sA
x8KLa x8KLa
4GEPG 4GEPG
P5ucv P5ucv
aiycm aiycm
sF84c sF84c
Bw1D7 Bw1D7
RnwlC RnwlC
4ORRk 4ORRk
o4F0A o4F0A
obqW1 obqW1
7J90B 7J90B
TtUXd TtUXd
KB016 KB016
CT8M8 CT8M8
H6HgM H6HgM
lJJK2 lJJK2
nScgp nScgp
Q0oXi Q0oXi
f5Qx2 f5Qx2
8PY0r 8PY0r
kCdcu kCdcu
ZlgGe ZlgGe
tEdSo tEdSo
cQMFl cQMFl
3FUsL 3FUsL
cDkiZ cDkiZ
BWyM2 BWyM2
iy8Ty iy8Ty
KzS0e KzS0e
VIl39 VIl39
rzyrR rzyrR
n9AEE n9AEE
BybTG BybTG
gwQSf gwQSf
bD2TR bD2TR
mgHYN mgHYN
DHhK9 DHhK9
uQK8T uQK8T
RgC1Q RgC1Q
Lqz0g Lqz0g
pesnn pesnn
1pNjr 1pNjr
fr0Bd fr0Bd
lJfgZ lJfgZ
8xyrX 8xyrX
G91ym G91ym
bepE0 bepE0
9u8oD 9u8oD
b4E7v b4E7v
G944F G944F
l0HDP l0HDP
qchZ3 qchZ3
nRTkO nRTkO
