Soda InternationalHouse DeltaDelta Kips TripleRock Bechtel ChezPanisse Compton Tijuana ElGrullo Talpa Tuxcacuesco NorthGate SigmaKappa Jalisco SantaBarbara Platano SanMiguel Cancun Guadalajara LosAngeles Tako MexicoCity FantasticComics Fontana Sacramento Evans Riverside Dwinelle Sibley SanBernardino Cory AlphaChi AlphaCentauri Davis CREAM BAMPFA Perris Upland Chino Whittier Emeryville SouthGate BerkeleyHillel BerkeleyHigh ChiOmega SanDiego VictoryPoint Gregoire DKingGallery CafeTibet Mars Saturn BayStreet Venus Ashby Pomona Tuhuamixtel Tang Rasputin Irvine Jupiter Etcheverry Myto Soda
55
InternationalHouse InternationalHouse
DeltaDelta DeltaDelta
Kips Kips
TripleRock TripleRock
ChezPanisse ChezPanisse
Compton Compton
Tijuana Tijuana
ElGrullo ElGrullo
Talpa Talpa
Tuxcacuesco Tuxcacuesco
SigmaKappa SigmaKappa
Jalisco Jalisco
SantaBarbara SantaBarbara
Platano Platano
SanMiguel SanMiguel
Cancun Cancun
Guadalajara Guadalajara
LosAngeles LosAngeles
Tako Tako
MexicoCity MexicoCity
FantasticComics FantasticComics
Fontana Fontana
Sacramento Sacramento
Riverside Riverside
SanBernardino SanBernardino
AlphaChi AlphaChi
AlphaCentauri AlphaCentauri
CREAM CREAM
BAMPFA BAMPFA
Perris Perris
Upland Upland
Chino Chino
Whittier Whittier
Emeryville Emeryville
SouthGate SouthGate
BerkeleyHillel BerkeleyHillel
BerkeleyHigh BerkeleyHigh
ChiOmega ChiOmega
SanDiego SanDiego
VictoryPoint VictoryPoint
Gregoire Gregoire
DKingGallery DKingGallery
CafeTibet CafeTibet
Mars Mars
Saturn Saturn
BayStreet BayStreet
Venus Venus
Ashby Ashby
Pomona Pomona
Tuhuamixtel Tuhuamixtel
Tang Tang
Rasputin Rasputin
Irvine Irvine
Jupiter Jupiter
Myto Myto
