Soda Doe Hertz MLK BWW Cory Morgan Mulford Wheeler Stephans Stanley Haas MemorialStadium Wellman Etcheverry RSF MainStacks Etcheverry BC Unit2 Blackwell TheRoof Barrows GBC Foothill Sproul ClarkKerr LakeMerrit GoldenStatePark Unit3 Unit1 Soda
26
Doe Doe
Hertz Hertz
MLK MLK
BWW BWW
Morgan Morgan
Mulford Mulford
Wheeler Wheeler
Stephans Stephans
Haas Haas
MemorialStadium MemorialStadium
Wellman Wellman
RSF RSF
MainStacks MainStacks
BC BC
Unit2 Unit2
Blackwell Blackwell
TheRoof TheRoof
Barrows Barrows
GBC GBC
Foothill Foothill
Sproul Sproul
ClarkKerr ClarkKerr
LakeMerrit LakeMerrit
GoldenStatePark GoldenStatePark
Unit3 Unit3
Unit1 Unit1
