5 4 33 137 42 165 42 137 156 15 119 71 119 67 41 67 119 43 47 81 19 151 19 81 76 34 133 186 10 135 35 110 35 20 94 39 92 39 94 109 75 109 84 168 155 96 175 22 175 96 155 40 123 62 34 9 34 62 36 11 36 91 178 65 180 28 149 90 159 90 72 60 2 158 80 158 45 14 45 158 120 133 68 195 56 118 113 61 138 69 153 69 183 51 183 69 138 55 102 189 199 166 32 166 122 58 152 58 38 193 165 173 182 65 30 25 105 17 53 0 27 174 101 1 99 23 95 116 134 50 104 171 112 82 129 146 129 82 154 187 154 46 198 140 164 29 78 179 78 100 192 18 190 16 190 18 177 37 64 191 194 191 74 31 83 117 136 170 199 48 188 35 26 70 86 44 86 85 184 196 77 143 77 189 103 162 52 121 157 121 7 165 63 165 94 5
100
33 33
137 137
42 42
156 156
71 71
67 67
41 41
43 43
47 47
81 81
151 151
76 76
34 34
133 133
10 10
135 135
110 110
20 20
39 39
92 92
75 75
168 168
96 96
22 22
123 123
9 9
11 11
91 91
178 178
180 180
28 28
149 149
159 159
2 2
158 158
80 80
14 14
68 68
56 56
61 61
138 138
69 69
153 153
183 183
51 51
55 55
102 102
189 189
199 199
32 32
122 122
58 58
152 152
193 193
173 173
25 25
105 105
17 17
53 53
174 174
101 101
1 1
99 99
116 116
50 50
104 104
171 171
146 146
154 154
187 187
46 46
140 140
164 164
78 78
179 179
100 100
192 192
18 18
16 16
177 177
37 37
64 64
194 194
31 31
83 83
170 170
48 48
188 188
26 26
44 44
85 85
184 184
196 196
77 77
143 143
103 103
162 162
52 52
157 157
63 63
