2 67 2 78 14 86 14 29 11 29 10 93 99 72 5 72 62 90 59 90 59 68 23 18 71 18 8 18 20 34 61 69 60 0 60 69 42 28 37 65 41 70 17 70 41 87 74 56 88 4 88 22 83 13 77 50 81 3 76 16 40 16 79 78 1 78 63 43 38 44 38 43 24 31 24 89 30 89 96 84 7 72 98 6 25 35 94 19 47 66 47 58 95 2
50
67 67
14 14
86 86
29 29
11 11
10 10
72 72
5 5
62 62
59 59
23 23
71 71
34 34
61 61
69 69
60 60
0 0
42 42
28 28
65 65
41 41
70 70
17 17
74 74
88 88
4 4
83 83
13 13
50 50
81 81
3 3
76 76
16 16
40 40
1 1
63 63
38 38
44 44
24 24
31 31
30 30
96 96
7 7
98 98
25 25
35 35
94 94
47 47
66 66
58 58
