COM NER MTQ NER MYT ARM ARE POL MEX MLI CPV LIE LTU KWT LTU LIE CPV COK HND MAR HND GRC GMB NGA NFK ALA NFK JEY NGA FSM FIN GAB ESP GEO GHA GIB EGY FLK GBR ESH ECU ESH FRA GIN FSM NGA GMB PCN PAN MHL MAC MHL CPV RWA SAU REU AFG REU CAN HTI GUM HKG KAZ HKG MDA GLP NZL SGS LBR SGS KHM SGS MUS DJI DMA DJI MUS SGS PRK NIU CZE DEU CXR DEU CYP CZE NIU IRN MYS DZA MYS IRN IOT IRQ SDN SHN CHN COD COG LVA KOR LVA LBN JPN HUN PAK GNQ PAK HUN LBY QAT ALB QAT SGP RUS PYF SLB ROU HRV HMD GTM LAO LUX NIC ABW NIC AUS ATG MWI ITA NIC IRL NIC LUX LAO KGZ KNA CRI MLT PSE MLT CRI BVT LKA BVT CIV CAF NRU PNG PRY BIH BHS BRB BMU BEN BLM BHR BDI AZE BIH PRY MOZ PRY NPL MMR IDN MDG IDN COL COM
100
NER NER
MTQ MTQ
MYT MYT
ARM ARM
ARE ARE
POL POL
MEX MEX
MLI MLI
CPV CPV
LIE LIE
LTU LTU
KWT KWT
COK COK
HND HND
MAR MAR
GRC GRC
GMB GMB
NFK NFK
ALA ALA
JEY JEY
FSM FSM
FIN FIN
GAB GAB
ESP ESP
GEO GEO
GHA GHA
GIB GIB
EGY EGY
GBR GBR
ESH ESH
ECU ECU
FRA FRA
GIN GIN
PAN PAN
MAC MAC
RWA RWA
REU REU
AFG AFG
CAN CAN
HTI HTI
GUM GUM
HKG HKG
KAZ KAZ
MDA MDA
NZL NZL
SGS SGS
LBR LBR
KHM KHM
DJI DJI
DMA DMA
NIU NIU
DEU DEU
CXR CXR
CYP CYP
IRN IRN
DZA DZA
IOT IOT
SDN SDN
SHN SHN
CHN CHN
COD COD
COG COG
KOR KOR
LBN LBN
JPN JPN
HUN HUN
PAK PAK
GNQ GNQ
ALB ALB
RUS RUS
HRV HRV
HMD HMD
LAO LAO
LUX LUX
NIC NIC
ABW ABW
AUS AUS
ATG ATG
ITA ITA
IRL IRL
KNA KNA
PSE PSE
LKA LKA
CIV CIV
CAF CAF
NRU NRU
PNG PNG
PRY PRY
BHS BHS
BMU BMU
BEN BEN
BLM BLM
BHR BHR
BDI BDI
AZE AZE
MOZ MOZ
NPL NPL
MMR MMR
IDN IDN
COL COL
