DZA ALB ARG ALB ARE CYM CXR CZE CYP CUB GUY AUT BEN BLR CCK CMR HKG GRL GLP BGR BDI BEL BRN COD CHE CIV CAN BRB BHS DOM ASM ATF ATA DMA DJI DNK CUW DOM AUS DOM BHS BFA BGD BFA BLM BES BLM BRA GRC GUY GUM GRD GNQ GRD GUM HMD GTM COG CAF BVT CAF GIB FSM GHA FSM ERI FIN FLK FIN AFG ABW AFG FIN ESP AND ESP GIN ECU ESH GEO HND GEO FRO FRA GBR DZA
50
ALB ALB
ARG ARG
ARE ARE
CYM CYM
CXR CXR
CZE CZE
CUB CUB
BEN BEN
BLR BLR
CCK CCK
HKG HKG
GLP GLP
BDI BDI
BRN BRN
COD COD
CHE CHE
CAN CAN
BRB BRB
BHS BHS
DOM DOM
ATF ATF
ATA ATA
DJI DJI
DNK DNK
CUW CUW
AUS AUS
BFA BFA
BGD BGD
BLM BLM
BES BES
GRC GRC
GRD GRD
GNQ GNQ
HMD HMD
COG COG
CAF CAF
BVT BVT
FSM FSM
GHA GHA
ERI ERI
FIN FIN
FLK FLK
ABW ABW
AND AND
ECU ECU
GEO GEO
HND HND
FRO FRO
FRA FRA
GBR GBR
