Soda 124 161 27 165 73 196 136 166 102 107 133 129 121 120 155 189 125 145 184 180 118 109 126 152 131 140 171 194 159 149 170 144 134 173 148 176 197 193 158 142 198 105 157 186 150 123 117 115 147 174 195 182 104 139 111 146 85 101 191 185 175 108 167 106 143 103 137 160 113 130 114 168 179 188 119 112 128 156 192 177 169 127 187 116 86 153 162 122 141 151 110 99 163 138 172 178 135 2 154 100 132 190 181 183 164 Soda
100
124 124
161 161
165 165
196 196
136 136
166 166
102 102
107 107
133 133
129 129
121 121
120 120
155 155
189 189
125 125
145 145
184 184
180 180
118 118
109 109
126 126
152 152
131 131
140 140
171 171
194 194
159 159
149 149
170 170
144 144
134 134
173 173
148 148
176 176
197 197
193 193
158 158
142 142
198 198
105 105
157 157
186 186
150 150
123 123
117 117
115 115
147 147
174 174
195 195
182 182
104 104
139 139
111 111
146 146
101 101
191 191
185 185
175 175
108 108
167 167
106 106
143 143
103 103
137 137
160 160
113 113
130 130
114 114
168 168
179 179
188 188
119 119
112 112
128 128
156 156
192 192
177 177
169 169
127 127
187 187
116 116
153 153
162 162
122 122
141 141
151 151
110 110
99 99
163 163
138 138
172 172
178 178
135 135
154 154
100 100
132 132
190 190
181 181
183 183
164 164
