100 31 15 27 70 36 33 12 11 10 76 121 76 10 11 12 33 36 28 36 70 27 15 30 16 59 25 22 60 61 14 34 7 39 78 37 78 39 7 34 103 13 29 43 72 40 8 9 6 9 8 40 72 43 45 44 4 71 5 71 4 44 2 46 142 131 130 129 144 42 3 41 3 42 144 129 130 131 50 133 141 20 141 133 50 19 47 48 49 48 47 19 50 131 142 46 2 17 1 54 1 17 2 44 45 26 61 16 30 15 31 100 86 85 164 165 104 156 153 115 111 115 153 156 104 165 164 85 86 102 65 108 155 112 82 159 161 181 186 184 193 191 192 188 21 56 57 56 21 188 192 189 182 189 95 94 98 58 55 24 55 18 53 23 51 23 53 52 53 18 55 58 100 88 32 88 100
64
31 31
15 15
27 27
36 36
33 33
12 12
11 11
10 10
121 121
28 28
30 30
16 16
59 59
25 25
22 22
60 60
14 14
34 34
7 7
39 39
37 37
13 13
29 29
43 43
40 40
8 8
9 9
6 6
45 45
44 44
4 4
5 5
2 2
46 46
42 42
3 3
41 41
50 50
20 20
19 19
47 47
48 48
49 49
17 17
1 1
54 54
26 26
165 165
153 153
111 111
192 192
21 21
56 56
57 57
182 182
58 58
55 55
24 24
18 18
53 53
23 23
51 51
52 52
32 32
