BukitBatokEast TiongBahruStation Simei SungeiRoad Sudong RobertsonQuay BoatQuay PearlsHill Redhill Gombak DowntownCore Gombak LowerSeletar Safti Tengeh Frankel TanjongPagar CityHall Springleaf SwissClub GhimMoh SimpangNorth Bendemeer NeeSoon ChoaChuKang GaliBatuMandai RiverValley Hillcrest Tyersall Sembawang JooKoon LeonieHill BukitBatokEast
25
TiongBahruStation TiongBahruStation
Simei Simei
SungeiRoad SungeiRoad
Sudong Sudong
PearlsHill PearlsHill
Redhill Redhill
DowntownCore DowntownCore
LowerSeletar LowerSeletar
Safti Safti
Tengeh Tengeh
Frankel Frankel
TanjongPagar TanjongPagar
CityHall CityHall
SwissClub SwissClub
GhimMoh GhimMoh
SimpangNorth SimpangNorth
NeeSoon NeeSoon
ChoaChuKang ChoaChuKang
GaliBatuMandai GaliBatuMandai
RiverValley RiverValley
Hillcrest Hillcrest
Tyersall Tyersall
Sembawang Sembawang
JooKoon JooKoon
LeonieHill LeonieHill
