LeonieHill ChangiPoint SungeiKadut KampongUbi Shipyard NeeSoon Tyersall DefuIndustrialPark OrangeGrove NeeSoon JurongWestCentral Outram MonksHill Outram Sennett Kranji Cecil KampongGlam FarrerPark Frankel Semakau SungeiRoad KallangWay AnchorvaleBuangkok YioChuKang Boulevard YioChuKang MandaiWest NorthCoast BukitBatokCentral ConeyIsland CompassvaleTrafalgar Changi Ridout BishanEast Yishun Phillip SerangoonGarden Victoria PasirRisPark SembawangSprings PasirRisPark Sentosa Trafalgar GreenwoodPark Guilin LoyangEast ChoaChuKangCentral Townsville Novena SingaporePolytechnic Novena TampinesWest YuhuaWestBoonLay Woodgrove PunggolTownCentre YishunCentral ClementiCentral ChangiWest AirportRoad GeylangBahru TanjongRhu PasirPanjang2 Springleaf TuasBay TanglinHalt LeonieHill
50
SungeiKadut SungeiKadut
Shipyard Shipyard
NeeSoon NeeSoon
Tyersall Tyersall
DefuIndustrialPark DefuIndustrialPark
OrangeGrove OrangeGrove
JurongWestCentral JurongWestCentral
Outram Outram
MonksHill MonksHill
Sennett Sennett
Kranji Kranji
KampongGlam KampongGlam
FarrerPark FarrerPark
Semakau Semakau
SungeiRoad SungeiRoad
KallangWay KallangWay
AnchorvaleBuangkok AnchorvaleBuangkok
YioChuKang YioChuKang
Boulevard Boulevard
MandaiWest MandaiWest
NorthCoast NorthCoast
BukitBatokCentral BukitBatokCentral
ConeyIsland ConeyIsland
Ridout Ridout
BishanEast BishanEast
Yishun Yishun
Phillip Phillip
SerangoonGarden SerangoonGarden
Victoria Victoria
SembawangSprings SembawangSprings
Sentosa Sentosa
Trafalgar Trafalgar
GreenwoodPark GreenwoodPark
Guilin Guilin
LoyangEast LoyangEast
ChoaChuKangCentral ChoaChuKangCentral
Townsville Townsville
Novena Novena
SingaporePolytechnic SingaporePolytechnic
TampinesWest TampinesWest
YuhuaWestBoonLay YuhuaWestBoonLay
Woodgrove Woodgrove
PunggolTownCentre PunggolTownCentre
ClementiCentral ClementiCentral
ChangiWest ChangiWest
AirportRoad AirportRoad
PasirPanjang2 PasirPanjang2
Springleaf Springleaf
TuasBay TuasBay
TanglinHalt TanglinHalt
