139 18 11 85 2 72 69 118 17 36 130 148 165 148 32 183 27 96 145 4 6 101 64 43 133 77 78 21 79 135 187 191 47 176 47 32 152 123 146 23 14 24 14 106 158 5 35 65 49 198 71 153 111 114 157 8 178 1 89 138 82 67 33 104 75 91 61 10 37 144 142 15 128 81 122 81 95 161 44 38 74 58 99 31 131 103 108 109 188 196 113 112 130 57 168 88 125 22 41 22 127 105 158 98 2 147 184 119 182 7 60 39 173 48 26 16 172 186 156 30 13 53 9 84 189 127 134 25 141 139
100
18 18
11 11
85 85
2 2
72 72
69 69
118 118
130 130
148 148
165 165
32 32
27 27
96 96
145 145
101 101
64 64
43 43
77 77
78 78
21 21
79 79
187 187
191 191
47 47
176 176
152 152
123 123
146 146
23 23
14 14
106 106
158 158
5 5
35 35
65 65
198 198
71 71
153 153
111 111
114 114
157 157
8 8
178 178
1 1
89 89
138 138
82 82
67 67
33 33
104 104
75 75
91 91
37 37
144 144
142 142
15 15
128 128
81 81
122 122
95 95
161 161
44 44
74 74
58 58
31 31
131 131
108 108
109 109
188 188
113 113
112 112
57 57
125 125
22 22
41 41
127 127
105 105
98 98
147 147
184 184
119 119
182 182
7 7
60 60
39 39
173 173
48 48
26 26
16 16
172 172
186 186
156 156
30 30
13 13
9 9
84 84
189 189
134 134
25 25
141 141
