Qwilfish Tropius Drapion Taillow Paras Vullaby Jumpluff Plusle Jumpluff Xerneas Wailord Xerneas Shellos Drampa Phanpy Skiddo Noibat Simisear Slowbro Nincada Seaking Nincada Comfey Nincada Noibat Terrakion Politoed Tornadus Kakuna Lumineon Kakuna Treecko Kakuna Dewpider Whismur Bastiodon Whismur Metapod Weezing Escavalier Weezing Vespiquen Inkay Meloetta Porygon2 Meloetta Sandile Metapod Metang Slurpuff Metang Crawdaunt Woobat Crawdaunt Scatterbug Tsareena Shellder Tsareena Scatterbug Honedge Weepinbell Honedge Skorupi Munna Swadloon Magnemite Yungoos Magnemite Shellos Magmar Volcarona Steenee Wartortle Zekrom Conkeldurr Zekrom Wartortle Lotad Amoonguss Stufful Amoonguss Dewpider Froakie Bounsweet Gengar Tauros Gengar Drampa Qwilfish
64
Qwilfish Qwilfish
Tropius Tropius
Drapion Drapion
Taillow Taillow
Paras Paras
Vullaby Vullaby
Jumpluff Jumpluff
Plusle Plusle
Xerneas Xerneas
Wailord Wailord
Shellos Shellos
Drampa Drampa
Phanpy Phanpy
Skiddo Skiddo
Noibat Noibat
Simisear Simisear
Slowbro Slowbro
Nincada Nincada
Seaking Seaking
Comfey Comfey
Terrakion Terrakion
Politoed Politoed
Tornadus Tornadus
Kakuna Kakuna
Lumineon Lumineon
Treecko Treecko
Dewpider Dewpider
Whismur Whismur
Bastiodon Bastiodon
Metapod Metapod
Weezing Weezing
Escavalier Escavalier
Vespiquen Vespiquen
Inkay Inkay
Meloetta Meloetta
Porygon2 Porygon2
Sandile Sandile
Metang Metang
Slurpuff Slurpuff
Crawdaunt Crawdaunt
Woobat Woobat
Scatterbug Scatterbug
Tsareena Tsareena
Shellder Shellder
Honedge Honedge
Weepinbell Weepinbell
Skorupi Skorupi
Munna Munna
Swadloon Swadloon
Magnemite Magnemite
Yungoos Yungoos
Magmar Magmar
Volcarona Volcarona
Steenee Steenee
Wartortle Wartortle
Zekrom Zekrom
Conkeldurr Conkeldurr
Lotad Lotad
Amoonguss Amoonguss
Stufful Stufful
Froakie Froakie
Bounsweet Bounsweet
Gengar Gengar
Tauros Tauros
