Monroe Lewisville CSprings Cary Athens Asheville Chesapeake Manchester Myrtle Daytona Anchorage Apple Fayetteville Fairfield Kissimmee Kailua Bridgeport Bethlehem Naples Bedford Lowell Aberdeen Austin Havre Lancaster Elkhart Huntington Hickory Ten Jacksonville Julian Bradenton Denver Monterey Erie Mobile Leominster Canton Clarke Killeen Glendale Huntsville Clarksville Akron Laredo Seven Muskegon Albany Cambridge Three Detroit Montgomery Merced Dayton Burlington Lakeland Boise Irving Elizabeth Lacey Anaheim Prairie Hampton Bloomington Kenosha Baltimore Greensboro Corpus Hartford Lafayette Layton Baton Columbia Gilbert Modesto Kennewick Miami Dallas Gainesville Hemet Hayward Denton Collins Arlington Rapids Davidson Brownsville Hesperia Viejo Amarillo Birmingham Hialeah Antioch Hagerstown One Cleveland Carrollton Melbourne Four Boulder Johnson Charleston Abilene Mesquite Allentown Vista Mesa Monroe
100
Monroe Monroe
Lewisville Lewisville
Cary Cary
Athens Athens
Asheville Asheville
Chesapeake Chesapeake
Manchester Manchester
Daytona Daytona
Anchorage Anchorage
Apple Apple
Fayetteville Fayetteville
Fairfield Fairfield
Kissimmee Kissimmee
Kailua Kailua
Bridgeport Bridgeport
Bethlehem Bethlehem
Naples Naples
Bedford Bedford
Lowell Lowell
Aberdeen Aberdeen
Austin Austin
Havre Havre
Lancaster Lancaster
Elkhart Elkhart
Huntington Huntington
Hickory Hickory
Ten Ten
Jacksonville Jacksonville
Julian Julian
Bradenton Bradenton
Denver Denver
Monterey Monterey
Erie Erie
Mobile Mobile
Leominster Leominster
Canton Canton
Clarke Clarke
Killeen Killeen
Glendale Glendale
Huntsville Huntsville
Clarksville Clarksville
Akron Akron
Laredo Laredo
Seven Seven
Muskegon Muskegon
Albany Albany
Cambridge Cambridge
Three Three
Detroit Detroit
Montgomery Montgomery
Merced Merced
Dayton Dayton
Burlington Burlington
Lakeland Lakeland
Boise Boise
Irving Irving
Elizabeth Elizabeth
Lacey Lacey
Anaheim Anaheim
Prairie Prairie
Hampton Hampton
Kenosha Kenosha
Baltimore Baltimore
Greensboro Greensboro
Corpus Corpus
Hartford Hartford
Lafayette Lafayette
Layton Layton
Baton Baton
Gilbert Gilbert
Modesto Modesto
Kennewick Kennewick
Miami Miami
Dallas Dallas
Gainesville Gainesville
Hayward Hayward
Denton Denton
Arlington Arlington
Rapids Rapids
Davidson Davidson
Brownsville Brownsville
Hesperia Hesperia
Viejo Viejo
Amarillo Amarillo
Birmingham Birmingham
Hialeah Hialeah
Antioch Antioch
Hagerstown Hagerstown
Cleveland Cleveland
Carrollton Carrollton
Melbourne Melbourne
Four Four
Boulder Boulder
Johnson Johnson
Charleston Charleston
Abilene Abilene
Mesquite Mesquite
Allentown Allentown
Vista Vista
Mesa Mesa
