Pantheon Spectre Anivia Disruptor KogMaw Bristleback Jinx Draven Lux Jhin Skarner Bard Maokai Lucian Akali Heimerdinger Tiny Jayce Xerath Malphite Ziggs CentaurWarrunner Galio Phoenix ArcWarden Jax WraithKing Nunu Ezreal Magnus Tailyah LoneDruid Oracle TrollWarlord Talon NightStalker Rumble BountyHunter Morgana Shyvana Ashe CrystalMaiden Ahri Slark Kled Lich ChaosKnight SpiritBreaker MasterYi Pantheon
48
Spectre Spectre
Anivia Anivia
Disruptor Disruptor
KogMaw KogMaw
Bristleback Bristleback
Jinx Jinx
Draven Draven
Lux Lux
Jhin Jhin
Skarner Skarner
Bard Bard
Maokai Maokai
Lucian Lucian
Akali Akali
Heimerdinger Heimerdinger
Tiny Tiny
Jayce Jayce
Xerath Xerath
Malphite Malphite
Ziggs Ziggs
CentaurWarrunner CentaurWarrunner
Galio Galio
Phoenix Phoenix
ArcWarden ArcWarden
Jax Jax
WraithKing WraithKing
Nunu Nunu
Ezreal Ezreal
Magnus Magnus
Tailyah Tailyah
LoneDruid LoneDruid
Oracle Oracle
TrollWarlord TrollWarlord
Talon Talon
NightStalker NightStalker
Rumble Rumble
BountyHunter BountyHunter
Morgana Morgana
Shyvana Shyvana
Ashe Ashe
CrystalMaiden CrystalMaiden
Ahri Ahri
Slark Slark
Kled Kled
Lich Lich
ChaosKnight ChaosKnight
SpiritBreaker SpiritBreaker
MasterYi MasterYi
