0 2 3 4 5 6 5 4 3 2 0 1 0 7 25 7 8 74 66 62 58 56 52 55 54 53 54 55 52 56 58 62 66 74 8 10 72 67 63 59 57 51 57 59 63 67 72 10 26 28 29 35 39 37 84 87 82 83 82 87 84 37 39 35 29 34 38 75 95 96 97 98 97 96 95 75 38 34 29 30 33 41 81 79 81 41 33 36 33 30 32 31 40 76 78 99 85 99 16 15 14 17 18 19 20 19 18 17 14 47 46 91 43 80 88 94 88 80 43 44 90 92 49 50 93 89 93 50 49 48 47 45 42 86 42 45 47 14 13 12 73 69 65 61 65 70 65 69 73 12 28 27 77 27 28 26 10 11 71 68 64 60 64 68 71 11 10 9 24 23 0 21 0 22 0
100
0 0
2 2
3 3
4 4
5 5
6 6
1 1
7 7
25 25
8 8
74 74
66 66
62 62
58 58
56 56
52 52
55 55
54 54
53 53
10 10
72 72
67 67
63 63
59 59
57 57
51 51
26 26
28 28
29 29
35 35
39 39
37 37
84 84
87 87
82 82
83 83
34 34
38 38
75 75
95 95
96 96
97 97
98 98
30 30
33 33
41 41
81 81
79 79
36 36
32 32
31 31
40 40
76 76
78 78
99 99
85 85
16 16
15 15
14 14
17 17
18 18
19 19
20 20
47 47
46 46
91 91
43 43
80 80
88 88
94 94
44 44
90 90
92 92
49 49
50 50
93 93
89 89
48 48
45 45
42 42
86 86
13 13
12 12
73 73
69 69
65 65
61 61
70 70
27 27
77 77
11 11
71 71
68 68
64 64
60 60
9 9
24 24
23 23
21 21
22 22
