6 1 4 0 8 7 2 6 11 15 13 14 16 19 10 18 11 24 26 23 20 21 20 24 30 31 30 38 36 38 39 30 42 40 48 46 41 40 42 55 51 50 59 51 55 57 55 67 69 62 63 60 65 67 73 74 78 72 79 75 77 70 73 80 81 87 88 85 80 96 90 95 97 98 94 96 103 105 101 102 107 109 106 105 103 111 114 112 115 118 113 111 124 125 120 128 129 123 126 124 133 139 130 134 137 138 132 133 143 145 147 144 147 146 147 149 148 143 158 157 150 153 154 152 159 158 168 163 167 166 168 164 168 172 176 170 179 170 178 177 172 189 180 185 180 187 181 182 184 186 180 189 199 198 197 194 190 191 196 199 6
92
1 1
4 4
0 0
8 8
7 7
15 15
14 14
19 19
10 10
18 18
26 26
23 23
20 20
21 21
31 31
38 38
36 36
39 39
40 40
48 48
46 46
41 41
51 51
50 50
59 59
57 57
69 69
62 62
63 63
60 60
65 65
74 74
78 78
79 79
75 75
77 77
81 81
87 87
88 88
85 85
90 90
95 95
97 97
98 98
105 105
101 101
107 107
109 109
106 106
114 114
112 112
115 115
118 118
113 113
125 125
120 120
128 128
129 129
126 126
139 139
130 130
134 134
137 137
132 132
145 145
144 144
146 146
149 149
148 148
157 157
150 150
153 153
152 152
163 163
167 167
166 166
164 164
176 176
170 170
179 179
178 178
177 177
185 185
187 187
181 181
182 182
186 186
198 198
194 194
190 190
191 191
196 196
