0 17 51 80 197 179 137 189 16 191 89 133 52 86 3 174 105 160 129 125 143 8 116 156 74 78 33 18 93 194 185 126 43 182 24 70 24 142 6 50 157 9 159 96 61 115 154 68 131 19 32 35 199 45 60 195 77 136 46 177 146 178 192 2 4 109 12 1 38 163 112 7 29 21 69 119 180 103 10 190 94 31 58 193 198 188 170 184 39 183 25 62 158 0
80
0 0
17 17
51 51
80 80
197 197
179 179
189 189
16 16
191 191
133 133
52 52
86 86
3 3
174 174
105 105
160 160
129 129
125 125
143 143
8 8
116 116
156 156
74 74
78 78
33 33
18 18
93 93
194 194
185 185
126 126
43 43
182 182
24 24
70 70
142 142
50 50
157 157
9 9
159 159
96 96
115 115
68 68
131 131
19 19
32 32
35 35
199 199
60 60
195 195
77 77
136 136
46 46
177 177
178 178
192 192
2 2
4 4
109 109
12 12
38 38
163 163
29 29
21 21
69 69
119 119
180 180
103 103
190 190
94 94
31 31
58 58
193 193
198 198
188 188
170 170
184 184
39 39
183 183
62 62
158 158
