61 48 2 67 2 25 27 31 4 89 6 5 49 28 79 30 79 28 65 28 10 35 28 11 26 73 26 45 54 98 72 98 39 69 0 8 91 15 37 3 19 97 85 97 36 63 33 90 82 17 82 90 42 32 91 70 91 8 86 51 76 51 57 60 57 1 83 20 59 77 44 92 58 74 40 74 80 14 61
50
48 48
2 2
67 67
25 25
31 31
4 4
6 6
5 5
28 28
30 30
65 65
10 10
35 35
11 11
26 26
73 73
98 98
72 72
39 39
69 69
8 8
91 91
15 15
37 37
3 3
97 97
85 85
36 36
63 63
33 33
90 90
82 82
17 17
42 42
32 32
70 70
86 86
51 51
76 76
57 57
60 60
1 1
83 83
44 44
92 92
58 58
74 74
40 40
80 80
14 14
