0 17 55 177 15 51 145 136 174 48 87 188 161 105 180 171 8 33 170 33 65 102 124 69 64 162 167 143 119 195 106 96 91 92 154 123 197 93 178 49 175 58 66 140 114 149 67 18 139 103 141 25 131 3 26 133 13 47 199 97 75 85 38 82 191 76 46 90 6 35 74 173 94 32 42 181 88 77 73 71 113 52 120 148 153 172 158 117 134 168 155 60 112 56 19 83 132 99 135 44 80 169 0
98
17 17
55 55
177 177
15 15
51 51
145 145
136 136
174 174
48 48
87 87
188 188
161 161
105 105
180 180
171 171
8 8
33 33
170 170
65 65
102 102
124 124
69 69
64 64
162 162
167 167
143 143
119 119
195 195
106 106
96 96
91 91
92 92
154 154
123 123
197 197
93 93
178 178
49 49
175 175
58 58
140 140
114 114
149 149
67 67
18 18
139 139
103 103
141 141
25 25
131 131
3 3
26 26
133 133
13 13
47 47
199 199
97 97
75 75
85 85
38 38
82 82
191 191
76 76
46 46
90 90
35 35
74 74
173 173
94 94
32 32
42 42
181 181
88 88
77 77
73 73
71 71
113 113
52 52
120 120
148 148
153 153
172 172
158 158
117 117
134 134
168 168
155 155
60 60
112 112
56 56
19 19
83 83
132 132
99 99
135 135
44 44
80 80
169 169
