129 40 88 40 5 174 86 44 116 47 62 47 58 131 183 92 197 137 9 161 80 84 101 11 4 81 158 141 50 13 111 142 180 25 196 25 59 95 156 99 56 51 6 85 195 157 29 32 98 109 107 66 30 184 30 122 46 100 105 192 23 194 110 10 31 55 14 69 126 27 160 0 82 0 145 15 28 177 65 177 190 128 26 163 64 72 97 76 96 63 96 87 33 2 91 20 191 53 49 155 17 57 123 8 48 189 144 143 121 171 150 16 188 61 79 152 39 178 43 21 42 125 108 114 94 140 151 7 175 45 103 12 89 130 36 83 129
100
40 40
88 88
5 5
174 174
44 44
62 62
58 58
183 183
92 92
197 197
137 137
9 9
161 161
84 84
101 101
11 11
4 4
81 81
158 158
50 50
13 13
142 142
180 180
25 25
196 196
59 59
95 95
156 156
99 99
56 56
51 51
6 6
85 85
195 195
157 157
29 29
98 98
109 109
107 107
66 66
184 184
122 122
100 100
105 105
192 192
23 23
194 194
110 110
55 55
14 14
126 126
160 160
0 0
82 82
145 145
15 15
177 177
65 65
190 190
128 128
26 26
163 163
64 64
97 97
76 76
96 96
63 63
87 87
33 33
2 2
91 91
191 191
53 53
49 49
155 155
17 17
57 57
123 123
8 8
48 48
189 189
121 121
171 171
150 150
16 16
188 188
61 61
152 152
39 39
178 178
21 21
125 125
108 108
114 114
151 151
175 175
103 103
89 89
130 130
36 36
