mdyuzxshey mysadifwma mdyuzxshey vkrlpmybdj jatkaoyfxb bnmegnfgii jatkaoyfxb zumetrybth ebqxbaqnmm ljhmnbaicr owusjcmdkp lnicnhmajr oggftsricu euqbrkzdsw oggftsricu lkvobxyfca fznfvsgjhc sjtuxgdwms lbuiysostx oegfbrwyrp tgbmxdmvwe oegfbrwyrp bswhowadhl psiebvskfb bswhowadhl wtyqwjwskq yiwwdwbzth xftptyrlvl knfzsnhzvx oewptytlja nwlccbonas oewptytlja jedsthbmzo xftptyrlvl yiwwdwbzth jqtguzxxsl hadchvmijq wynbxuuxru hadchvmijq phknwbtipl kdujdjjwot zjbarjhmau wkwwcqjtxf qcktwemqbm pymtnhypxd xkasbvrrxd idfvjoquhh lazlsvgukx ahqdrcepub siatqqydwf ixyurvbpvu siatqqydwf bulywvvpni lndsfxewdc mswyvpdrsy lndsfxewdc zpybghfdbe cmdqzmgvfi qfbvncxldf cmdqzmgvfi tmrnpjqnxx wtlzrefwav jrmlkfexfk gllungmori rkyixxpcbx eooyfwmxln rkyixxpcbx optviwhmbr ixyurvbpvu gwnccktgki ixyurvbpvu uooysjrxsb seeyrseflx vugkhjygfe seeyrseflx uooysjrxsb ixyurvbpvu optviwhmbr rkyixxpcbx gllungmori jrmlkfexfk wtlzrefwav hsjqtjkukk smwxdupkdv aokbiptbzc koawdpgqdx unihwwnyqz qepegujmaa xtvbrolacp qepegujmaa unihwwnyqz koawdpgqdx smwxdupkdv hsjqtjkukk wtlzrefwav tmrnpjqnxx cmdqzmgvfi qydclznxrd ouxenssqdu tvcolajnao vkrlpmybdj zmfuudfatm vkrlpmybdj mdyuzxshey
49
mdyuzxshey mdyuzxshey
mysadifwma mysadifwma
vkrlpmybdj vkrlpmybdj
jatkaoyfxb jatkaoyfxb
bnmegnfgii bnmegnfgii
zumetrybth zumetrybth
ebqxbaqnmm ebqxbaqnmm
ljhmnbaicr ljhmnbaicr
owusjcmdkp owusjcmdkp
lnicnhmajr lnicnhmajr
euqbrkzdsw euqbrkzdsw
lkvobxyfca lkvobxyfca
fznfvsgjhc fznfvsgjhc
lbuiysostx lbuiysostx
tgbmxdmvwe tgbmxdmvwe
psiebvskfb psiebvskfb
wtyqwjwskq wtyqwjwskq
xftptyrlvl xftptyrlvl
knfzsnhzvx knfzsnhzvx
oewptytlja oewptytlja
nwlccbonas nwlccbonas
jedsthbmzo jedsthbmzo
jqtguzxxsl jqtguzxxsl
hadchvmijq hadchvmijq
wynbxuuxru wynbxuuxru
kdujdjjwot kdujdjjwot
zjbarjhmau zjbarjhmau
qcktwemqbm qcktwemqbm
lazlsvgukx lazlsvgukx
ahqdrcepub ahqdrcepub
bulywvvpni bulywvvpni
lndsfxewdc lndsfxewdc
mswyvpdrsy mswyvpdrsy
cmdqzmgvfi cmdqzmgvfi
qfbvncxldf qfbvncxldf
wtlzrefwav wtlzrefwav
gllungmori gllungmori
rkyixxpcbx rkyixxpcbx
eooyfwmxln eooyfwmxln
optviwhmbr optviwhmbr
gwnccktgki gwnccktgki
seeyrseflx seeyrseflx
vugkhjygfe vugkhjygfe
aokbiptbzc aokbiptbzc
koawdpgqdx koawdpgqdx
qepegujmaa qepegujmaa
xtvbrolacp xtvbrolacp
qydclznxrd qydclznxrd
zmfuudfatm zmfuudfatm
