99 176 188 175 15 175 178 145 115 98 152 90 152 32 34 6 75 156 70 156 142 118 4 14 35 36 155 110 151 110 33 19 184 19 1 12 139 161 62 73 62 80 71 192 71 112 71 146 86 181 86 168 194 24 95 183 95 164 159 131 159 106 108 88 29 129 28 48 122 48 26 199 39 199 42 107 163 116 117 187 68 54 61 135 8 47 2 40 2 63 85 174 85 127 85 186 137 150 137 196 119 157 96 132 96 157 172 157 30 153 20 138 170 138 185 45 41 45 111 7 18 43 66 43 56 43 97 16 17 16 190 16 148 113 124 113 114 113 51 113 59 64 165 23 78 21 5 23 180 37 53 162 0 162 130 104 31 82 69 25 69 83 69 173 69 93 94 107 9 81 100 81 158 81 126 49 125 49 10 49 123 49 27 46 144 169 144 55 120 171 120 160 84 166 74 149 154 167 52 92 52 103 52 22 58 102 58 99
100
99 99
188 188
15 15
178 178
98 98
90 90
34 34
75 75
70 70
142 142
4 4
35 35
155 155
151 151
33 33
184 184
1 1
12 12
161 161
73 73
80 80
192 192
112 112
146 146
181 181
168 168
24 24
183 183
164 164
131 131
106 106
88 88
28 28
122 122
26 26
39 39
42 42
163 163
117 117
68 68
61 61
8 8
47 47
40 40
63 63
174 174
127 127
186 186
150 150
119 119
132 132
172 172
30 30
20 20
170 170
185 185
41 41
111 111
18 18
66 66
56 56
97 97
17 17
190 190
148 148
124 124
114 114
51 51
59 59
165 165
78 78
5 5
180 180
53 53
0 0
130 130
82 82
25 25
83 83
173 173
94 94
9 9
100 100
158 158
126 126
125 125
10 10
123 123
27 27
169 169
55 55
171 171
160 160
166 166
149 149
167 167
92 92
103 103
22 22
102 102
