1 8 66 8 38 90 38 31 91 31 44 77 44 18 70 18 7 74 7 28 60 28 6 56 6 37 68 37 19 54 19 27 63 27 17 96 17 43 50 43 30 95 30 36 83 36 46 82 46 33 72 33 20 64 20 47 93 47 21 61 21 13 58 13 14 89 14 25 86 25 5 76 5 48 88 48 39 69 39 32 80 32 24 53 24 42 59 42 10 65 10 45 75 45 35 87 35 4 67 4 26 51 26 2 57 2 29 73 29 34 62 34 41 94 41 16 49 16 22 81 22 3 92 3 23 55 23 11 78 11 12 52 12 15 85 15 40 71 40 9 84 9 1 79 1
48
66 66
90 90
91 91
77 77
70 70
74 74
60 60
56 56
68 68
54 54
63 63
96 96
50 50
95 95
83 83
82 82
72 72
64 64
93 93
61 61
58 58
89 89
86 86
76 76
88 88
69 69
80 80
53 53
59 59
65 65
75 75
87 87
67 67
51 51
57 57
73 73
62 62
94 94
49 49
81 81
92 92
55 55
78 78
52 52
85 85
71 71
84 84
79 79
