1 49 1 128 1 22 71 22 94 22 16 91 16 133 16 41 106 41 137 41 34 50 34 77 34 48 68 48 58 48 5 93 5 90 5 29 96 29 129 29 2 81 2 62 2 42 104 42 89 42 10 132 10 76 10 26 100 26 121 26 4 118 4 51 4 35 84 35 92 35 45 74 45 122 45 24 134 24 88 24 32 139 32 135 32 39 57 39 52 39 25 80 25 86 25 14 75 14 105 14 23 55 23 108 23 3 97 3 112 3 40 87 40 117 40 15 103 15 85 15 46 54 46 144 46 33 127 33 67 33 12 116 12 59 12 11 142 11 65 11 13 79 13 109 13 21 82 21 138 21 47 113 47 141 47 20 115 20 124 20 30 95 30 101 30 43 136 43 64 43 17 60 17 66 17 27 140 27 78 27 19 53 19 98 19 37 99 37 125 37 6 126 6 119 6 28 83 28 131 28 36 110 36 130 36 7 120 7 107 7 18 69 18 63 18 44 114 44 102 44 31 143 31 70 31 38 111 38 61 38 9 73 9 72 9 8 56 8 123 8 1
96
49 49
128 128
71 71
94 94
91 91
133 133
106 106
137 137
50 50
77 77
68 68
58 58
93 93
90 90
96 96
129 129
81 81
62 62
104 104
89 89
132 132
76 76
100 100
121 121
118 118
51 51
84 84
92 92
74 74
122 122
134 134
88 88
139 139
135 135
57 57
52 52
80 80
86 86
75 75
105 105
55 55
108 108
97 97
112 112
87 87
117 117
103 103
85 85
54 54
144 144
127 127
67 67
116 116
59 59
142 142
65 65
79 79
109 109
82 82
138 138
113 113
141 141
115 115
124 124
95 95
101 101
136 136
64 64
60 60
66 66
140 140
78 78
53 53
98 98
99 99
125 125
126 126
119 119
83 83
131 131
110 110
130 130
120 120
107 107
69 69
63 63
114 114
102 102
143 143
70 70
111 111
61 61
73 73
72 72
56 56
123 123
