hC71hIuyRaST3AiaSZqg lrXvsaItMucJuqzZylSg TrUW9m3qjkTMvqHNRot0 uJlmjikTUoEO48jGpFMW 2dfprAgHp3T6RrgooKgP oq1GulTWdKtwAlNIQxnY EEWjQ3rZ3GM9oucA2vc5 kITtdSORrLGuHqAl2YGb VkEnPX1CQCoh4CxlXSlf ZUt08qPkISJA3VT4fdsK 5doygtE58PVlrfBbaaxD OAcbYkMyAi1Iu0vWaaFc iS3QMNvYa0RbuZKbJowP YygsiZkXDS9oQ07w4psX v0QCMKnmfkXllH4nQHen YygsiZkXDS9oQ07w4psX CIdYfkuOMaRk394L6cKF ivvO5yUvAxjOjLiwMPV4 qyWH5Ui5kFJGpXM7i2RZ ivvO5yUvAxjOjLiwMPV4 xTqag3TRSmD8TI7ozU6T nOsoIFzZBhdd6bjP45Ba Z2YJKymsE6JEohxl2CgC 2TderjwrXrNV2UBZ77eD yMXdJdorJpzOHHt9uIfg 2TderjwrXrNV2UBZ77eD LI8fhHKJlh7mQx1nNK0m IWOalMs6IXX5Ln6F9Eov 2QgUKFj4HV0dn5Ia55tj QYsTJmc2IUi36H1YK47s m54EIZlfduVsUOzACS5b gZCyL2MJze1aowodommu iuuWW5781KuHBsKkyWMa lVjpvSHc5hBrS7dzTmI1 Mufarp9xGx29xj0P1ijS Tgouk8HApNFShyYjQedR Dv6lwBgjbbZceuQXFzFf Tgouk8HApNFShyYjQedR sCcEFmBkhTop4sycKzuM 8X2kWfVN7ACYeLRlwU5k t9sTQNaMU9o2HF5pm7xT 8X2kWfVN7ACYeLRlwU5k xtgYSd34f56WAH3CCBpW PFAHK1LPbENiUm01N8B0 g5fwwkfUKem4JdibLkXM 7DZfG4yobV0xCcSaxf27 vXrEXAmThLoQVXFImZcg b9q1t3OMZ6dXE5R6ca5w tb41LamjPxrSZBTCVL4N IC3wlDskAWyf0o1M61kl 6jnt0RQvUBeXBhrLOwzh EnQuMk7pVZUnmn2BboBv QHOT9LWV0s6xVVreglDh EnQuMk7pVZUnmn2BboBv g6Fit1BcwBIbAAJnBKGn OBEPyJuvhH0Z9VoT2UNC g6Fit1BcwBIbAAJnBKGn 1Oc2bGjHzXrMLiYLik5Z h52UeNen88U7Y4iFuOF7 z0rRwRZbA1TaaAgS8PYu RNtZ6m1O9hQj2ovJiJE3 1uTE034Q24DWmybWBbX4 8w6JkwNghwwfzVWZlMG6 OLGSBuAPLZmdhTN6ApoS KqTw626stjcdChciHrJ6 4MuL6AbQo2ozZ4x7psrd EfhuR5UGBxqkoqdQBn2E fzCA3w8Mu664WC0yRZb5 MCc3yEIO8tXzzu5ZknlT 1wSeohNTb1oCspxe2x4j MCc3yEIO8tXzzu5ZknlT kuIwHVHn49UEM4TprHKr CMQ0OeWc1jOFVxmSr3hH jLS4UljOCe6h8LwAOGRX 24YcTAlCtPoNC11H3BAQ fuNQ8Sfy86k6zaBQjwEz NWAZrSnr0i1Dj5TA6dLc WgneGAZv4qtDq8Q5DYZf uwYFKqdXzHrDjwNLVxGZ 3MmCPAjYheu6g9TkIxDm qsbRHSDlSHG3Ep5gugbq NXZByMrsstrrXRLxVcyg gZiMcGUkLd8qaWleLH1T NXZByMrsstrrXRLxVcyg Mi1upMhcgP7iV16OWKN5 nnG2z19YXqYOoAxMQkFV 72cxNTZ1Tw5teVGiR2xj CgUyoeVDFzkf0g6EiF8w x81SdeDfzbsk8wgCHcJT 468JV90VoJDfHRf7bwGC NqvNOj5h3GSbJm5NawjL ObIUeV1Y9WxgQVINEZzj RDnAjQbgrCahBSBieO1p dsEyS8WvuzfBZPrbbzZx 63EFNMvLteBrV7Lj9nA4 nmwnnNlPCMIjajSEo2R3 oakCd1HozhO35GtImcF2 yXrak2UUHdgFCsCWvgfp RSJQdRAK7H6zYHVeXyPj kvWSRFx5cBJAdKv02AAn wqyhoOJuJuNfuZ1c9ZhU 6KcltWtleWJ6izN3XL0F 1ae7bJScGomdGEdgag5b 8IUV6HBSYn47shRwVW5F JuSdCG8HSUzwufkmRvTN 8IUV6HBSYn47shRwVW5F EqrhH8oFQmMRN10foGjV DmIjX4adnoqSEDmx2f39 fxnnXXAtldMGBgqECnVx FE29I03FH1qEyEvIQNGT PqB0lgs9Brze4wJGQzAM mkGdh9qd7uj9x5W3Koxj mUdsQgC4b4x2HD8wqon6 R22TNV5lr1tmI44FcHvv C5aQkckiWq5qVUhbiI57 W5rNQea9NsCafaUbLgWC rW1b1NT9NaRlIIxoT8XF NjrNYv2s9TjuFmdhy6vq eULKHiriYHElwEbrQo2X k3PQRnKD222tnpAYeJ4O laRDyozSdXcFtmdQ5VqD nP45x6vSjSYCI8DDOBiZ bw0K7NVh1sgqlnescYkX gY86LqbQLTIYrcgU8Crt aGWdv30UuUFiszMErlJF jGNThQH3U9Qqi91Eop7X 61VEe5QpRdEG1AHTZmSn ddzqPXECnHQT4a4RIpSF c2cBpUI19bqo5IjxQzNs 2YL9dYowMkTTxjU0fVal c2cBpUI19bqo5IjxQzNs l5OFQGDhW1xJJ8ERuglz zbsjvfwSdNExCnTFLo8x 4wWd3kvalFkda9M583i7 btiXecpJBKmrIHtQ7jPA UQEmoPmHSH2FlTDuXOEx Wf6tYlitgmZKoXfughsS Ca5sYccbD9TUz7JLHrcf ymIUUgCvgB7r5le0Mh11 P6PcaiimLTne6w5m7SJi COVfDobG5VcfcSxLDUch cXmjc3Wu4kjM1IHGgfA5 hC71hIuyRaST3AiaSZqg
100
TrUW9m3qjkTMvqHNRot0 TrUW9m3qjkTMvqHNRot0
2dfprAgHp3T6RrgooKgP 2dfprAgHp3T6RrgooKgP
oq1GulTWdKtwAlNIQxnY oq1GulTWdKtwAlNIQxnY
EEWjQ3rZ3GM9oucA2vc5 EEWjQ3rZ3GM9oucA2vc5
VkEnPX1CQCoh4CxlXSlf VkEnPX1CQCoh4CxlXSlf
5doygtE58PVlrfBbaaxD 5doygtE58PVlrfBbaaxD
OAcbYkMyAi1Iu0vWaaFc OAcbYkMyAi1Iu0vWaaFc
YygsiZkXDS9oQ07w4psX YygsiZkXDS9oQ07w4psX
v0QCMKnmfkXllH4nQHen v0QCMKnmfkXllH4nQHen
qyWH5Ui5kFJGpXM7i2RZ qyWH5Ui5kFJGpXM7i2RZ
nOsoIFzZBhdd6bjP45Ba nOsoIFzZBhdd6bjP45Ba
Z2YJKymsE6JEohxl2CgC Z2YJKymsE6JEohxl2CgC
2TderjwrXrNV2UBZ77eD 2TderjwrXrNV2UBZ77eD
yMXdJdorJpzOHHt9uIfg yMXdJdorJpzOHHt9uIfg
LI8fhHKJlh7mQx1nNK0m LI8fhHKJlh7mQx1nNK0m
IWOalMs6IXX5Ln6F9Eov IWOalMs6IXX5Ln6F9Eov
2QgUKFj4HV0dn5Ia55tj 2QgUKFj4HV0dn5Ia55tj
QYsTJmc2IUi36H1YK47s QYsTJmc2IUi36H1YK47s
lVjpvSHc5hBrS7dzTmI1 lVjpvSHc5hBrS7dzTmI1
Mufarp9xGx29xj0P1ijS Mufarp9xGx29xj0P1ijS
Tgouk8HApNFShyYjQedR Tgouk8HApNFShyYjQedR
Dv6lwBgjbbZceuQXFzFf Dv6lwBgjbbZceuQXFzFf
sCcEFmBkhTop4sycKzuM sCcEFmBkhTop4sycKzuM
t9sTQNaMU9o2HF5pm7xT t9sTQNaMU9o2HF5pm7xT
xtgYSd34f56WAH3CCBpW xtgYSd34f56WAH3CCBpW
PFAHK1LPbENiUm01N8B0 PFAHK1LPbENiUm01N8B0
g5fwwkfUKem4JdibLkXM g5fwwkfUKem4JdibLkXM
7DZfG4yobV0xCcSaxf27 7DZfG4yobV0xCcSaxf27
vXrEXAmThLoQVXFImZcg vXrEXAmThLoQVXFImZcg
b9q1t3OMZ6dXE5R6ca5w b9q1t3OMZ6dXE5R6ca5w
IC3wlDskAWyf0o1M61kl IC3wlDskAWyf0o1M61kl
6jnt0RQvUBeXBhrLOwzh 6jnt0RQvUBeXBhrLOwzh
QHOT9LWV0s6xVVreglDh QHOT9LWV0s6xVVreglDh
g6Fit1BcwBIbAAJnBKGn g6Fit1BcwBIbAAJnBKGn
OBEPyJuvhH0Z9VoT2UNC OBEPyJuvhH0Z9VoT2UNC
1Oc2bGjHzXrMLiYLik5Z 1Oc2bGjHzXrMLiYLik5Z
z0rRwRZbA1TaaAgS8PYu z0rRwRZbA1TaaAgS8PYu
RNtZ6m1O9hQj2ovJiJE3 RNtZ6m1O9hQj2ovJiJE3
1uTE034Q24DWmybWBbX4 1uTE034Q24DWmybWBbX4
8w6JkwNghwwfzVWZlMG6 8w6JkwNghwwfzVWZlMG6
OLGSBuAPLZmdhTN6ApoS OLGSBuAPLZmdhTN6ApoS
KqTw626stjcdChciHrJ6 KqTw626stjcdChciHrJ6
4MuL6AbQo2ozZ4x7psrd 4MuL6AbQo2ozZ4x7psrd
fzCA3w8Mu664WC0yRZb5 fzCA3w8Mu664WC0yRZb5
1wSeohNTb1oCspxe2x4j 1wSeohNTb1oCspxe2x4j
kuIwHVHn49UEM4TprHKr kuIwHVHn49UEM4TprHKr
jLS4UljOCe6h8LwAOGRX jLS4UljOCe6h8LwAOGRX
24YcTAlCtPoNC11H3BAQ 24YcTAlCtPoNC11H3BAQ
fuNQ8Sfy86k6zaBQjwEz fuNQ8Sfy86k6zaBQjwEz
NWAZrSnr0i1Dj5TA6dLc NWAZrSnr0i1Dj5TA6dLc
WgneGAZv4qtDq8Q5DYZf WgneGAZv4qtDq8Q5DYZf
3MmCPAjYheu6g9TkIxDm 3MmCPAjYheu6g9TkIxDm
qsbRHSDlSHG3Ep5gugbq qsbRHSDlSHG3Ep5gugbq
NXZByMrsstrrXRLxVcyg NXZByMrsstrrXRLxVcyg
gZiMcGUkLd8qaWleLH1T gZiMcGUkLd8qaWleLH1T
Mi1upMhcgP7iV16OWKN5 Mi1upMhcgP7iV16OWKN5
nnG2z19YXqYOoAxMQkFV nnG2z19YXqYOoAxMQkFV
72cxNTZ1Tw5teVGiR2xj 72cxNTZ1Tw5teVGiR2xj
CgUyoeVDFzkf0g6EiF8w CgUyoeVDFzkf0g6EiF8w
x81SdeDfzbsk8wgCHcJT x81SdeDfzbsk8wgCHcJT
468JV90VoJDfHRf7bwGC 468JV90VoJDfHRf7bwGC
NqvNOj5h3GSbJm5NawjL NqvNOj5h3GSbJm5NawjL
RDnAjQbgrCahBSBieO1p RDnAjQbgrCahBSBieO1p
dsEyS8WvuzfBZPrbbzZx dsEyS8WvuzfBZPrbbzZx
63EFNMvLteBrV7Lj9nA4 63EFNMvLteBrV7Lj9nA4
nmwnnNlPCMIjajSEo2R3 nmwnnNlPCMIjajSEo2R3
oakCd1HozhO35GtImcF2 oakCd1HozhO35GtImcF2
yXrak2UUHdgFCsCWvgfp yXrak2UUHdgFCsCWvgfp
RSJQdRAK7H6zYHVeXyPj RSJQdRAK7H6zYHVeXyPj
wqyhoOJuJuNfuZ1c9ZhU wqyhoOJuJuNfuZ1c9ZhU
6KcltWtleWJ6izN3XL0F 6KcltWtleWJ6izN3XL0F
1ae7bJScGomdGEdgag5b 1ae7bJScGomdGEdgag5b
8IUV6HBSYn47shRwVW5F 8IUV6HBSYn47shRwVW5F
JuSdCG8HSUzwufkmRvTN JuSdCG8HSUzwufkmRvTN
EqrhH8oFQmMRN10foGjV EqrhH8oFQmMRN10foGjV
DmIjX4adnoqSEDmx2f39 DmIjX4adnoqSEDmx2f39
FE29I03FH1qEyEvIQNGT FE29I03FH1qEyEvIQNGT
mkGdh9qd7uj9x5W3Koxj mkGdh9qd7uj9x5W3Koxj
R22TNV5lr1tmI44FcHvv R22TNV5lr1tmI44FcHvv
C5aQkckiWq5qVUhbiI57 C5aQkckiWq5qVUhbiI57
W5rNQea9NsCafaUbLgWC W5rNQea9NsCafaUbLgWC
rW1b1NT9NaRlIIxoT8XF rW1b1NT9NaRlIIxoT8XF
eULKHiriYHElwEbrQo2X eULKHiriYHElwEbrQo2X
laRDyozSdXcFtmdQ5VqD laRDyozSdXcFtmdQ5VqD
bw0K7NVh1sgqlnescYkX bw0K7NVh1sgqlnescYkX
aGWdv30UuUFiszMErlJF aGWdv30UuUFiszMErlJF
61VEe5QpRdEG1AHTZmSn 61VEe5QpRdEG1AHTZmSn
ddzqPXECnHQT4a4RIpSF ddzqPXECnHQT4a4RIpSF
2YL9dYowMkTTxjU0fVal 2YL9dYowMkTTxjU0fVal
l5OFQGDhW1xJJ8ERuglz l5OFQGDhW1xJJ8ERuglz
zbsjvfwSdNExCnTFLo8x zbsjvfwSdNExCnTFLo8x
4wWd3kvalFkda9M583i7 4wWd3kvalFkda9M583i7
btiXecpJBKmrIHtQ7jPA btiXecpJBKmrIHtQ7jPA
UQEmoPmHSH2FlTDuXOEx UQEmoPmHSH2FlTDuXOEx
Wf6tYlitgmZKoXfughsS Wf6tYlitgmZKoXfughsS
Ca5sYccbD9TUz7JLHrcf Ca5sYccbD9TUz7JLHrcf
ymIUUgCvgB7r5le0Mh11 ymIUUgCvgB7r5le0Mh11
P6PcaiimLTne6w5m7SJi P6PcaiimLTne6w5m7SJi
COVfDobG5VcfcSxLDUch COVfDobG5VcfcSxLDUch
cXmjc3Wu4kjM1IHGgfA5 cXmjc3Wu4kjM1IHGgfA5
