Porterton Wallton Davisstad Newmanburgh Gallowaymouth Rioshaven Josephstad Rioshaven Gallowaymouth Newmanburgh Davisstad Leechester Pettyton Bondmouth Mercedesmouth Bondmouth Taylorton Bondmouth Pettyton Jonesfurt Pettyton Leechester Castanedachester Suttonville Castanedachester Leechester Davisstad Jacksonton Singletonton Clarkbury Jermaineton Clarkbury Singletonton Jacksonton Davisstad Wallton Derekmouth Geraldside Michellehaven Ramosborough Fordhaven Ramosborough Michellehaven Cranemouth Joneschester Cranemouth Michellehaven Geraldside Joseport Hallborough Kylieview Hallborough Joseport Gabrielburgh Hodgesstad Gabrielburgh Joseport Geraldside Derekmouth Charlesberg Weberbury Clarkport Weberbury Kimberlyburgh Candiceland Kimberlyburgh Weberbury Charlesberg Sethland Tannerhaven Sethland Ellisstad Osbornemouth Ellisstad Sethland Charlesberg Kevinberg Patriciabury Troyfort Patriciabury Thomasmouth Patriciabury Kevinberg Adamside Andrewschester Adamside Bradberg Adamside Kevinberg Charlesberg Derekmouth Jeffreyfort Johnsonchester Susanfort Johnsonchester Nealfurt Johnsonchester Jeffreyfort Garytown Audreyfort Patriciaside Audreyfort Garytown Jeffreyfort Derekmouth Wallton Danielleport Scottburgh Laurenbury Haleview Hallstad Haleview Laurenbury Scottburgh Danielleport Melissaview Cheyennefurt Thompsonshire Cheyennefurt Watsonville Christyland Watsonville Robertomouth Watsonville Cheyennefurt Melissaview Campbellhaven Annberg Houstonchester Annberg Dyerport Annberg Campbellhaven Melissaview Danielleport Cooperton Lopezborough Waltersmouth Adamport Waltersmouth Adkinsberg Waltersmouth Lopezborough Cooperton Danielleport Wallton Porterton Dianashire Ashleyborough Osborneville Payneview Jacksonville Jennifertown Feliciaville Jennifertown Jacksonville Christopherhaven Jacksonville Payneview Teresafort Calvinton Teresafort Smithtown Jacksonland Smithtown Abigailville Smithtown Teresafort Payneview Barnesmouth Harrisport Brendaview Harrisport Barnesmouth Clarkborough Barnesmouth Payneview Osborneville Christophermouth Shawnhaven Candaceborough Shawnhaven Dannyside Shawnhaven Christophermouth Osborneville Ashleyborough Paulburgh Walltown Scotttown Jacksonview Danielville Jacksonview Scotttown Walltown Johnberg Williamshire Johnberg Walltown Callahantown Maryport Reynoldsview Maryport Combsville Maryport Callahantown Walltown Paulburgh Robertsstad Toddtown Swansonshire Abigailhaven Swansonshire Toddtown Robertsstad Paulburgh Ashleyborough Clarkberg Burtonview Murphyside Bakertown Jameston Bakertown Derekville Bakertown Murphyside Burtonview Clarkberg Reevestown Judithview Michaelview Clarenceview Michaelview Judithview Reevestown Clarkberg Ashleyborough Dianashire Burgessview Billton Banksburgh Yvonneborough Parkermouth Shawnfort Parkermouth Yvonneborough Banksburgh Simmonsburgh Michaelville Williamland Michaelville Simmonsburgh Banksburgh Billton Burgessview Marcusburgh Tylerbury Jamestown Wilsonstad Jamestown Tylerbury Paultown Hansonbury Paultown Tylerbury Marcusburgh Matthewburgh Virginiastad Robinsonmouth Horneside Robinsonmouth Virginiastad Johnsonberg Virginiastad Matthewburgh Bondfort Adamview Harrisborough Adamview Bondfort Shawnmouth Priceville Shawnmouth Buckleyside Shawnmouth Bondfort Matthewburgh Marcusburgh Fletcherland Willisfurt Ortizberg Willisfurt Fletcherland Kingview Williamschester Mirandaview Williamschester Kingview Fletcherland Marcusburgh Burgessview Williamfort Williamport Ashleystad Holthaven Vickiville Holthaven Ashleystad Codyton Ryanside Codyton Mindyview Codyton Ashleystad Williamport Williamfort Thomasville Lopezburgh Leahmouth Lopezburgh Byrdfurt Garciamouth Byrdfurt Loweryborough Byrdfurt Lopezburgh Thomasville Williamfort Moodyburgh Heatherberg Thomasborough Ortegaberg Thomasborough Masseyside Thomasborough Heatherberg Moodyburgh Gregoryberg Smithfort Millerborough Smithfort Gregoryberg Moodyburgh Williamfort Burgessview Dianashire Porterton
100
Rioshaven Rioshaven
Josephstad Josephstad
Bondmouth Bondmouth
Mercedesmouth Mercedesmouth
Taylorton Taylorton
Jonesfurt Jonesfurt
Suttonville Suttonville
Clarkbury Clarkbury
Jermaineton Jermaineton
Ramosborough Ramosborough
Fordhaven Fordhaven
Cranemouth Cranemouth
Joneschester Joneschester
Hallborough Hallborough
Kylieview Kylieview
Gabrielburgh Gabrielburgh
Hodgesstad Hodgesstad
Clarkport Clarkport
Kimberlyburgh Kimberlyburgh
Candiceland Candiceland
Tannerhaven Tannerhaven
Ellisstad Ellisstad
Osbornemouth Osbornemouth
Patriciabury Patriciabury
Troyfort Troyfort
Thomasmouth Thomasmouth
Adamside Adamside
Andrewschester Andrewschester
Bradberg Bradberg
Susanfort Susanfort
Nealfurt Nealfurt
Audreyfort Audreyfort
Patriciaside Patriciaside
Haleview Haleview
Hallstad Hallstad
Thompsonshire Thompsonshire
Watsonville Watsonville
Christyland Christyland
Robertomouth Robertomouth
Annberg Annberg
Houstonchester Houstonchester
Dyerport Dyerport
Adamport Adamport
Adkinsberg Adkinsberg
Jennifertown Jennifertown
Feliciaville Feliciaville
Christopherhaven Christopherhaven
Calvinton Calvinton
Smithtown Smithtown
Jacksonland Jacksonland
Abigailville Abigailville
Harrisport Harrisport
Brendaview Brendaview
Clarkborough Clarkborough
Candaceborough Candaceborough
Dannyside Dannyside
Jacksonview Jacksonview
Danielville Danielville
Williamshire Williamshire
Maryport Maryport
Reynoldsview Reynoldsview
Combsville Combsville
Swansonshire Swansonshire
Abigailhaven Abigailhaven
Bakertown Bakertown
Jameston Jameston
Derekville Derekville
Michaelview Michaelview
Clarenceview Clarenceview
Parkermouth Parkermouth
Shawnfort Shawnfort
Michaelville Michaelville
Williamland Williamland
Wilsonstad Wilsonstad
Hansonbury Hansonbury
Robinsonmouth Robinsonmouth
Horneside Horneside
Johnsonberg Johnsonberg
Adamview Adamview
Harrisborough Harrisborough
Shawnmouth Shawnmouth
Priceville Priceville
Buckleyside Buckleyside
Ortizberg Ortizberg
Williamschester Williamschester
Mirandaview Mirandaview
Holthaven Holthaven
Vickiville Vickiville
Codyton Codyton
Ryanside Ryanside
Mindyview Mindyview
Leahmouth Leahmouth
Byrdfurt Byrdfurt
Garciamouth Garciamouth
Loweryborough Loweryborough
Thomasborough Thomasborough
Ortegaberg Ortegaberg
Masseyside Masseyside
Smithfort Smithfort
Millerborough Millerborough
