tepsteinfdkilldlmhns hdepsteinsmdtnflkill fnlskillhtepsteindmd nmhdkilltslepsteinfd hldmepsteindsnkilltf nmhdkilltslepsteinfd ldnmepsteinhfstdkill skilldnmlhdftepstein ldnmepsteinhfstdkill ndlepsteinhdtskillfm ldnmepsteinhfstdkill hfskillnepsteinldtdm killnfhdsdltepsteinm hfskillnepsteinldtdm hepsteinnfstkilllmdd tmhsnfepsteinldkilld ndlmhepsteintdskillf htskillepsteindnlfdm slepsteinftndkillmdh epsteinsdfmhltkillnd slepsteinftndkillmdh thmepsteinlkillfsndd mfskillnhlddtepstein epsteindsmnlfdtkillh mfskillnhlddtepstein dhlepsteindkillsmtnf lepsteinfdkillsdnmht nfdhepsteinltsdmkill killepsteintdldshfnm nkillsdtdhfmlepstein epsteinthsdmndkillfl snldmtkillfepsteindh msnepsteinfkillhtdld hkillmepsteinstdfdnl msnepsteinfkillhtdld fnmhskilldepsteinltd dtepsteindnhmskillfl killepsteintdldshfnm thsfnmkilldlepsteind tskillepsteinhfmddnl thsfnmkilldlepsteind killepsteintdldshfnm nlhtdsdepsteinfmkill tepsteinfdkilldlmhns
25
hdepsteinsmdtnflkill hdepsteinsmdtnflkill
fnlskillhtepsteindmd fnlskillhtepsteindmd
hldmepsteindsnkilltf hldmepsteindsnkilltf
skilldnmlhdftepstein skilldnmlhdftepstein
ndlepsteinhdtskillfm ndlepsteinhdtskillfm
killnfhdsdltepsteinm killnfhdsdltepsteinm
hepsteinnfstkilllmdd hepsteinnfstkilllmdd
tmhsnfepsteinldkilld tmhsnfepsteinldkilld
ndlmhepsteintdskillf ndlmhepsteintdskillf
htskillepsteindnlfdm htskillepsteindnlfdm
epsteinsdfmhltkillnd epsteinsdfmhltkillnd
thmepsteinlkillfsndd thmepsteinlkillfsndd
epsteindsmnlfdtkillh epsteindsmnlfdtkillh
dhlepsteindkillsmtnf dhlepsteindkillsmtnf
lepsteinfdkillsdnmht lepsteinfdkillsdnmht
nfdhepsteinltsdmkill nfdhepsteinltsdmkill
killepsteintdldshfnm killepsteintdldshfnm
nkillsdtdhfmlepstein nkillsdtdhfmlepstein
epsteinthsdmndkillfl epsteinthsdmndkillfl
snldmtkillfepsteindh snldmtkillfepsteindh
msnepsteinfkillhtdld msnepsteinfkillhtdld
hkillmepsteinstdfdnl hkillmepsteinstdfdnl
fnmhskilldepsteinltd fnmhskilldepsteinltd
tskillepsteinhfmddnl tskillepsteinhfmddnl
nlhtdsdepsteinfmkill nlhtdsdepsteinfmkill
