zero three zero three ten seventeen twentyfour thirtyone thirtytwo thirtynine forty thirtynine fortysix fortyfive thirtyeight thirtyseven thirtysix fortytwo thirtyfive thirtyfour thirtythree thirtytwo twentyfive eighteen nineteen twenty twentyone fifteen sixteen nine ten eleven twelve thirteen fourteen seven six five zero
25
three three
thirtyone thirtyone
thirtytwo thirtytwo
forty forty
fortysix fortysix
fortyfive fortyfive
thirtyeight thirtyeight
thirtyseven thirtyseven
fortytwo fortytwo
thirtyfive thirtyfive
thirtyfour thirtyfour
twentyfive twentyfive
eighteen eighteen
nineteen nineteen
twenty twenty
fifteen fifteen
sixteen sixteen
nine nine
eleven eleven
twelve twelve
thirteen thirteen
fourteen fourteen
seven seven
six six
five five
