Djibouti Afghanistan Albania Afghanistan Algeria Afghanistan Andorra Afghanistan Angola Afghanistan Djibouti Antigu Argentina Antigu Armenia Antigu Australia Antigu Austria Antigu Djibouti Austrian Azerbaijan Austrian Baden Austrian Bahrain Austrian Bangladesh Austrian Djibouti Barbados Belgium Barbados Belarus Barbados Bavaria Barbados Belize Barbados Djibouti Benin Bolivia Benin Bosnia Benin Botswana Benin Brazil Benin Djibouti
25
Afghanistan Afghanistan
Albania Albania
Algeria Algeria
Andorra Andorra
Angola Angola
Antigu Antigu
Argentina Argentina
Armenia Armenia
Australia Australia
Austria Austria
Austrian Austrian
Azerbaijan Azerbaijan
Baden Baden
Bahrain Bahrain
Bangladesh Bangladesh
Barbados Barbados
Belgium Belgium
Belarus Belarus
Bavaria Bavaria
Belize Belize
Benin Benin
Bolivia Bolivia
Bosnia Bosnia
Botswana Botswana
Brazil Brazil
