Bowles Calvin Graduate Calvin Etcheverry Calvin Bowles LaVals Bowles Mulford Crescent Mulford Latimer Edwards Easterly Edwards Latimer MLK Rochdale MLK Hearst Jacob Foothill Unit1 Foothill Haviland Morgan Martinez Morgan Haviland Foothill Davis Browns Davis Hildebrand YogurtPark Hildebrand Davis Foothill Dwinelle Haas Crossroads Lawrence UCTheatre NCEM UCTheatre Lawrence Crossroads Haas Pavilion Haas Dwinelle HearstAnnex Lothlorien HearstAnnex Dwinelle Foothill Jacob TopDog Fenwick Barker Fenwick TopDog Starbucks Chipotle MFoundry Chipotle Starbucks TopDog GammaPhiBeta TopDog Jacob Hertz CVStarr Unit3 CKerr WayWest CKerr Ridge CKerr Unit3 CVStarr Hertz Jacob Evan Moffitt Cloyne Moffitt Evan Blackwell McLaughlin GenPlantBio McLaughlin Blackwell Evan SigmaPhiOmega BearFoodCourt Hargrove Tan Warren Safeway Stebbins Greek Moses Greek Unit2 Milano IndianRock Milano Unit2 Wolf StrawberryCreek Wilde Bechtel Baker Daiso Baker Simons Baker Strada RoseGarden Strada Baker Bechtel Minor Memorial TacoBell Memorial Maxwell Barrows Maxwell Memorial AlphaSigmaPhi Memorial Marugame SigmaOmicronPi Moses Wellman Sutardja Wellman Moses RareTea Gypsys RareTea Moses Pimentel Stacks Sherman Stacks Pimentel Moses Stanley LeConte VLSB Chez NorthGate Chez VLSB Boalt Kresge Castro Kresge PeoplesPark Kresge Boalt VLSB LeConte RSF LeConte Campanile Wurster McCone Spats Stonefire PiLambda PiAlphaPhi PiLambda Stonefire Spats McCone Wurster Zellerbach Wurster Campanile Bongo ShengKee Bongo Artichokes Cheeseboard Artichokes Bongo Campanile LeConte ALS LeConte Stanley Campbell Koshland Campbell Doe Campbell Stanley Cory Extension Cory Bechtel Birge Bowles
80
Calvin Calvin
Graduate Graduate
Etcheverry Etcheverry
LaVals LaVals
Mulford Mulford
Crescent Crescent
Edwards Edwards
Easterly Easterly
Rochdale Rochdale
Foothill Foothill
Unit1 Unit1
Morgan Morgan
Martinez Martinez
Browns Browns
Hildebrand Hildebrand
YogurtPark YogurtPark
Haas Haas
Crossroads Crossroads
UCTheatre UCTheatre
NCEM NCEM
Pavilion Pavilion
HearstAnnex HearstAnnex
Lothlorien Lothlorien
Barker Barker
Chipotle Chipotle
MFoundry MFoundry
GammaPhiBeta GammaPhiBeta
Unit3 Unit3
CKerr CKerr
WayWest WayWest
Ridge Ridge
Evan Evan
Cloyne Cloyne
Blackwell Blackwell
GenPlantBio GenPlantBio
BearFoodCourt BearFoodCourt
Safeway Safeway
Greek Greek
Moses Moses
Unit2 Unit2
IndianRock IndianRock
Wolf Wolf
StrawberryCreek StrawberryCreek
Wilde Wilde
Baker Baker
Daiso Daiso
Simons Simons
Strada Strada
RoseGarden RoseGarden
TacoBell TacoBell
Maxwell Maxwell
Barrows Barrows
AlphaSigmaPhi AlphaSigmaPhi
Wellman Wellman
Sutardja Sutardja
Gypsys Gypsys
Stacks Stacks
Sherman Sherman
VLSB VLSB
NorthGate NorthGate
Boalt Boalt
Kresge Kresge
Castro Castro
PeoplesPark PeoplesPark
RSF RSF
Campanile Campanile
Wurster Wurster
Spats Spats
PiLambda PiLambda
PiAlphaPhi PiAlphaPhi
Zellerbach Zellerbach
Bongo Bongo
ShengKee ShengKee
Cheeseboard Cheeseboard
ALS ALS
Campbell Campbell
Koshland Koshland
Doe Doe
Extension Extension
Birge Birge
