89 65 18 20 35 50 39 50 80 94 1 94 14 68 22 68 57 29 46 29 57 66 41 49 41 12 41 66 55 42 19 42 31 42 55 66 57 47 57 8 40 4 40 95 33 95 16 95 10 53 95 40 8 43 8 6 37 0 2 28 2 34 79 3 73 9 73 15 7 38 52 45 52 38 75 86 26 32 30 36 74 44 21 44 74 48 17 23 27 11 24 5 24 13 24 25 24 92 82 65 89
50
18 18
20 20
35 35
50 50
39 39
1 1
14 14
22 22
29 29
46 46
41 41
49 49
12 12
42 42
19 19
31 31
47 47
8 8
40 40
4 4
33 33
16 16
10 10
43 43
6 6
37 37
2 2
28 28
34 34
3 3
9 9
15 15
7 7
38 38
45 45
26 26
32 32
30 30
36 36
44 44
21 21
48 48
17 17
23 23
27 27
11 11
24 24
5 5
13 13
25 25
