Ippudo Platano Soda HildebrandHall NatApartment Rachas Gadani HalalGuys Gadani Marugame BobbyGPizza InternationalHouse Raretea InternationalHouse BobbyGPizza ImmThai TToust UniversityVillage UCafe UniversityVillage Fengcha HavilandHall Bonchon HavilandHall UdupiPalace GrizzlyPeak AmoebaMusic SnackShack Artichokes LowerSproul Shengkee HortonHall Stern ClarkKerr BSC TukTukThai Venus TukTukThai DavisHall Evans Spats WursterHall HearstGym Flavia AndrewsApartment UrbanOutfitters Cornerstone UrbanOutfitters AndrewsApartment Wheeler GSPP EastBaySpiceCompany HesseHall Kips Muraccis Kips HesseHall ThaiBasil BrandyMelville FireTrails MulfordHall FireTrails TheHabit Homeroom Underhill SteamTrains KroeberHall SteamTrains JambaJuice Doe ThaiNoodle Cafe3 ExtremePizza LaNote TacoBell LaNote Toss YogurtPark Ucha SouthHall Crossroads LiKaShing BanshoRamen LiKaShing Rachas NatApartment BetaLounge Ikes Gongcha Ikes Eureka Ikes SweetheartCafe PeoplesCafe PurpleKow Flavia SmokesPoutinerie LewisHall SmokesPoutinerie TheDwight SmokesPoutinerie Bowles Namaste StrawberryCreek Morganhall GiauqueHall Ikea Milkbomb Blackwell SuperDuperBurgers Pappys HearstAnnex McDonalds Morrisonhall McDonalds HearstAnnex Bowles AshaTeaHouse Barrows Safeway Barrows BerkeleyBart BigC TenderGreens BigC BerkeleyBart SproulHall BerkeleyBart HappyLemon BerkeleyBart LaBurrita OptometryBuilding YogurtPark LaVals Target LaVals YogurtPark GreatChina SatherGate GreatChina YogurtPark TraderJoes Gather Tilden LatimerHall Jupiter TopDog Firewings Quicklys BerkeleyArtStudio SaturnCafe BerkeleyArtStudio Mezzo HAAS Chipotle LaBurrita Unit3 NoodleGirl Teazone NoodleGirl Wikiwiki LeConte Campanile ChezPanisse Campanile TPTea TennisCourts BobaNinja TennisCourts BancroftLibrary Cheeseboard BancroftLibrary LittleCampanile WindmillCoffee PokeBar Plentea ClarkKerr DollarTree TripleRock Cinnaholic Slivers Cinnaholic DavisHall NorthHall Yifang Chipotle HearstMining Campbell MemorialGlade Campbell EastAsianLibrary Gypsys Platano Ippudo
100
Platano Platano
Rachas Rachas
Gadani Gadani
HalalGuys HalalGuys
Marugame Marugame
Raretea Raretea
ImmThai ImmThai
UCafe UCafe
Fengcha Fengcha
Bonchon Bonchon
GrizzlyPeak GrizzlyPeak
AmoebaMusic AmoebaMusic
SnackShack SnackShack
Artichokes Artichokes
LowerSproul LowerSproul
Shengkee Shengkee
HortonHall HortonHall
ClarkKerr ClarkKerr
BSC BSC
TukTukThai TukTukThai
Venus Venus
Spats Spats
WursterHall WursterHall
AndrewsApartment AndrewsApartment
UrbanOutfitters UrbanOutfitters
Cornerstone Cornerstone
Wheeler Wheeler
EastBaySpiceCompany EastBaySpiceCompany
Kips Kips
Muraccis Muraccis
ThaiBasil ThaiBasil
MulfordHall MulfordHall
TheHabit TheHabit
Homeroom Homeroom
Underhill Underhill
KroeberHall KroeberHall
JambaJuice JambaJuice
ThaiNoodle ThaiNoodle
Cafe3 Cafe3
ExtremePizza ExtremePizza
LaNote LaNote
TacoBell TacoBell
Ucha Ucha
Crossroads Crossroads
BanshoRamen BanshoRamen
BetaLounge BetaLounge
Ikes Ikes
Gongcha Gongcha
Eureka Eureka
SweetheartCafe SweetheartCafe
PeoplesCafe PeoplesCafe
SmokesPoutinerie SmokesPoutinerie
LewisHall LewisHall
TheDwight TheDwight
Namaste Namaste
StrawberryCreek StrawberryCreek
Morganhall Morganhall
Milkbomb Milkbomb
SuperDuperBurgers SuperDuperBurgers
Pappys Pappys
McDonalds McDonalds
Morrisonhall Morrisonhall
AshaTeaHouse AshaTeaHouse
Safeway Safeway
BigC BigC
TenderGreens TenderGreens
SproulHall SproulHall
HappyLemon HappyLemon
LaBurrita LaBurrita
OptometryBuilding OptometryBuilding
Target Target
GreatChina GreatChina
SatherGate SatherGate
TraderJoes TraderJoes
Gather Gather
LatimerHall LatimerHall
Jupiter Jupiter
TopDog TopDog
Firewings Firewings
Quicklys Quicklys
BerkeleyArtStudio BerkeleyArtStudio
SaturnCafe SaturnCafe
Mezzo Mezzo
Chipotle Chipotle
Teazone Teazone
Wikiwiki Wikiwiki
ChezPanisse ChezPanisse
TPTea TPTea
BobaNinja BobaNinja
Cheeseboard Cheeseboard
LittleCampanile LittleCampanile
PokeBar PokeBar
Plentea Plentea
TripleRock TripleRock
Slivers Slivers
NorthHall NorthHall
Yifang Yifang
MemorialGlade MemorialGlade
EastAsianLibrary EastAsianLibrary
Gypsys Gypsys
