0 199 190 192 190 194 190 197 198 191 189 174 186 174 178 174 176 174 182 174 173 157 168 157 172 157 158 157 163 157 156 155 154 153 152 151 147 148 147 139 144 143 142 143 144 139 146 139 137 136 137 130 129 128 127 126 127 128 125 124 123 122 121 112 114 112 120 112 111 110 109 108 104 105 104 90 88 90 99 98 89 94 89 100 101 100 89 91 89 88 75 87 75 86 74 76 74 82 83 82 74 73 65 64 63 62 66 67 68 69 73 72 71 70 62 52 56 52 54 53 52 51 50 49 48 49 50 51 41 40 41 51 43 42 32 44 32 21 23 22 20 24 25 24 20 28 29 30 31 21 32 33 32 20 19 1 15 1 2 3 4 5 6 7 1 17 1 0
50
192 192
194 194
198 198
186 186
178 178
176 176
182 182
168 168
172 172
158 158
163 163
154 154
148 148
142 142
146 146
136 136
130 130
127 127
124 124
114 114
120 120
108 108
105 105
99 99
94 94
101 101
91 91
87 87
86 86
76 76
83 83
64 64
67 67
72 72
56 56
54 54
53 53
48 48
40 40
42 42
44 44
23 23
25 25
30 30
33 33
15 15
2 2
4 4
7 7
17 17
