19 21 60 30 14 57 56 5 46 61 41 28 41 9 92 9 35 9 50 9 80 36 17 12 34 99 58 55 58 59 58 25 58 45 40 45 10 0 72 73 7 43 44 64 37 15 33 90 33 95 88 68 52 68 85 26 97 54 29 8 69 53 69 82 24 82 63 65 63 14 11 66 70 66 11 71 23 71 89 76 89 71 11 51 13 39 32 39 1 39 3 21 19
50
60 60
5 5
46 46
61 61
41 41
28 28
9 9
92 92
35 35
50 50
80 80
36 36
17 17
12 12
34 34
99 99
58 58
55 55
59 59
25 25
45 45
40 40
10 10
0 0
72 72
7 7
43 43
44 44
15 15
33 33
90 90
95 95
88 88
85 85
26 26
54 54
29 29
53 53
24 24
63 63
65 65
11 11
70 70
23 23
76 76
51 51
13 13
39 39
32 32
1 1
