f xxx ss j uuuuu zzz fffffff llllllll sss bbbbbbbb dddddddd a eeee vvvv p aaa qqqqqq w c uu xxxxxx ttttt hhhh ff jjjj wwww pp aaaaa q rrrrrrrr ggggg hhh qqqqqqq rrrrrr jjjjjjj ffffffff v s vv wwwwwww nnnn iii ggg lllll ssss ssssss llllll m z qq f
50
f f
xxx xxx
ss ss
j j
uuuuu uuuuu
zzz zzz
fffffff fffffff
llllllll llllllll
sss sss
bbbbbbbb bbbbbbbb
dddddddd dddddddd
a a
eeee eeee
vvvv vvvv
p p
aaa aaa
qqqqqq qqqqqq
w w
c c
uu uu
xxxxxx xxxxxx
ttttt ttttt
hhhh hhhh
ff ff
jjjj jjjj
wwww wwww
pp pp
aaaaa aaaaa
q q
rrrrrrrr rrrrrrrr
ggggg ggggg
hhh hhh
qqqqqqq qqqqqqq
rrrrrr rrrrrr
jjjjjjj jjjjjjj
ffffffff ffffffff
v v
s s
vv vv
wwwwwww wwwwwww
nnnn nnnn
iii iii
ggg ggg
lllll lllll
ssss ssss
ssssss ssssss
llllll llllll
m m
z z
qq qq
