0 68 56 81 50 11 50 84 75 10 86 7 54 66 34 16 34 30 48 90 83 20 3 51 63 92 72 92 65 74 31 37 27 32 37 9 24 95 41 85 89 80 79 38 35 4 87 99 57 12 13 1 36 22 78 2 78 42 71 42 93 64 62 33 47 33 60 98 39 59 68 96 68 0
50
56 56
81 81
50 50
11 11
84 84
75 75
10 10
86 86
7 7
54 54
34 34
16 16
30 30
48 48
90 90
83 83
20 20
3 3
51 51
63 63
72 72
74 74
32 32
24 24
95 95
41 41
89 89
80 80
79 79
35 35
4 4
87 87
99 99
12 12
13 13
1 1
36 36
22 22
2 2
42 42
71 71
93 93
64 64
62 62
33 33
47 47
60 60
98 98
39 39
59 59
