6 13 20 19 17 19 20 27 25 22 25 27 34 32 34 41 40 38 40 41 48 55 54 51 54 55 62 61 62 69 76 83 81 77 81 83 90 89 87 89 90 97 96 94 96 97 95 91 95 97 104 103 100 103 101 103 104 111 109 106 109 105 109 111 118 125 124 122 124 125 118 117 115 117 118 116 112 116 118 111 110 111 104 97 90 88 90 83 82 80 82 83 76 74 76 75 76 69 68 65 68 69 67 64 67 69 62 60 62 55 53 50 53 55 48 47 44 47 48 46 43 46 48 41 39 41 34 33 30 33 31 33 34 27 20 18 20 13 11 13 12 10 12 13 6 195 194 195 193 190 193 189 193 195 188 186 182 186 188 181 179 181 180 177 180 181 174 167 160 153 152 150 152 149 152 153 146 144 140 144 146 145 142 145 146 139 137 133 137 134 137 139 138 136 138 139 132 131 129 131 128 131 132 125 123 120 123 125 132 130 126 130 132 139 146 153 151 148 151 153 160 158 155 158 154 158 160 167 166 167 165 161 165 167 174 172 169 172 174 181 188 187 184 187 188 195 6 5 2 5 6 4 1 4 6
84
6 6
19 19
17 17
27 27
25 25
22 22
32 32
41 41
38 38
51 51
62 62
61 61
69 69
76 76
83 83
77 77
90 90
87 87
96 96
94 94
91 91
103 103
100 100
101 101
106 106
105 105
124 124
122 122
115 115
116 116
112 112
110 110
88 88
80 80
74 74
75 75
65 65
64 64
60 60
53 53
50 50
47 47
44 44
43 43
39 39
30 30
31 31
18 18
11 11
12 12
10 10
194 194
190 190
189 189
186 186
182 182
181 181
179 179
177 177
174 174
160 160
150 150
149 149
140 140
145 145
142 142
133 133
134 134
136 136
129 129
128 128
120 120
126 126
148 148
155 155
154 154
166 166
165 165
161 161
172 172
169 169
184 184
2 2
1 1
