0 10 21 31 22 12 2 3 4 5 15 16 17 28 37 48 38 39 29 18 9 8 7 16 26 35 45 55 66 76 67 77 68 78 89 99 98 88 87 96 86 95 105 114 125 126 127 116 107 108 118 129 139 149 158 168 178 188 189 199 198 197 187 196 186 175 176 167 156 147 146 155 166 165 174 184 183 182 181 170 161 160 150 151 152 153 164 154 145 134 133 132 122 123 112 102 103 104 94 85 75 74 64 53 44 34 24 33 43 42 51 61 71 72 73 83 82 81 90 101 111 121 130 140 130 120 110 100 90 80 70 60 50 40 30 20 10 0
100
21 21
31 31
22 22
12 12
2 2
4 4
5 5
15 15
16 16
17 17
37 37
48 48
39 39
29 29
18 18
9 9
8 8
26 26
45 45
76 76
67 67
77 77
68 68
89 89
99 99
98 98
87 87
96 96
86 86
95 95
105 105
114 114
125 125
127 127
116 116
107 107
108 108
118 118
129 129
139 139
149 149
158 158
178 178
188 188
189 189
199 199
198 198
187 187
196 196
186 186
175 175
176 176
167 167
147 147
146 146
155 155
166 166
165 165
184 184
183 183
182 182
181 181
161 161
160 160
150 150
151 151
152 152
153 153
164 164
154 154
133 133
132 132
122 122
123 123
102 102
103 103
104 104
94 94
64 64
53 53
24 24
33 33
43 43
42 42
51 51
61 61
71 71
72 72
73 73
83 83
82 82
81 81
101 101
111 111
130 130
140 140
120 120
80 80
70 70
20 20
