129 15 46 2 4 157 110 154 196 37 160 74 127 175 192 121 43 19 139 94 45 118 13 92 124 92 13 118 166 118 10 100 61 31 88 1 34 109 184 85 133 106 181 8 181 32 145 180 82 107 197 5 148 101 170 73 170 101 97 76 49 162 119 64 71 90 152 91 152 90 3 40 3 90 25 43 72 79 72 21 151 21 72 43 6 130 6 29 129
41
46 46 25 67
2 4 55
157 157
110 10 154
154 193 196
37 37
160 160
74 7 127
175 175
192 103 121
43 43
19 19
139 139
94 94
124 124
13 13 118 133
166 166
10 22 28 100
61 61 31 112
31 88 109 169
88 1 97 115
34 34
184 184
85 85
106 106 178 181
8 142 190
32 145 187
145 52 172
82 82
148 148
170 58 73
73 136 163
76 76
49 49
64 64
91 91
40 40
25 16 70
79 79
151 151
130 130
