33 20 73 42 93 99 19 50 35 7 82 40 82 39 16 31 60 67 69 38 52 65 18 36 79 36 53 71 48 71 53 36 99 93 22 2 22 35 92 3 9 10 90 68 90 10 9 3 64 76 26 14 63 14 97 8 97 14 11 100 95 100 11 98 13 32 6 81 61 81 6 32 38 69 67 54 30 54 67 60 31 16 94 16 31 60 86 11 98 91 46 75 46 45 21 14 63 66 27 23 27 66 63 14 89 20 33
33
33 20 51 86
20 15 80 89 100
42 42
93 22 67
19 19
50 50 35 88
35 5 7
82 82
40 40
16 29 31 94
60 60
67 54 57 69
69 11 34
52 52
65 65
79 79
48 48
2 2
9 9
10 10
68 68
64 64
26 26
14 63 97
63 12 17
8 8
95 95
13 13
61 61
30 30
94 25 47
75 75
23 23
