Home46 Home49 Home9 Home28 Home9 Home6 Home3 Home30 Home55 Home60 Home42 Home0 Home39 Home41 Home71 Home78 Home11 Home78 Home71 Home17 Home82 Home89 Home31 Home32 Home88 Home85 Home12 Home85 Home88 Home75 Home64 Home40 Home64 Home24 Home4 Home27 Home4 Home24 Home14 Home62 Home14 Home24 Home50 Home66 Home63 Home83 Home49 Home8 Home15 Home10 Home57 Home10 Home15 Home82 Home48 Home46
20
Home46 Home48 Home49
Home49 Home9 Home83
Home28 Home28
Home6 Home45 Home69
Home30 Home30 Home5 Home13 Home55
Home60 Home60
Home42 Home42
Home39 Home39 Home41 Home68
Home71 Home71
Home11 Home11
Home17 Home80 Home82
Home31 Home31
Home88 Home33 Home85
Home12 Home12
Home40 Home40
Home27 Home27
Home62 Home62
Home66 Home66
Home63 Home63
Home57 Home57
