845LWU7Kg6167HQY i7lmV5iDIgl5f 1 5 1 96Ta5ZXc8I5gnTIcF8 Uyj5raM7C9SGCHQGUC y B4mQOl023dn1 UuONs3O7D2z5 X6SrYf57mSUQQ28C J 7L H6pXAnE0KypnExX FL4V06094CU0zO3gJava MY3aL96Y 2qgWbB40Ya16 xaM1q4jQi3efYb0 11l6P71DgEau1baEX4 MVvh eDv5MBdo 5Qkzz260R7 48783322I5q9PFVPT 9vq8gscs7dz1 6RiHvQ4xTN5 fgM12T WMY0xVk9j8T6Ly eqYzN7b19UgNo1K O58T dw6Yuyls1ZilP493g91O KpBvy 4 KpBvy 4l4aqvNKB KpBvy dw6Yuyls1ZilP493g91O 95E0752p51t N8191M9E9v HDLHc5Kdk SL88w66v7 HDLHc5Kdk 0CwgepgS85xC4gx KKUFV29x8iO ftk2 KKUFV29x8iO 0CwgepgS85xC4gx Uyj5raM7C9SGCHQGUC 845LWU7Kg6167HQY
24
i7lmV5iDIgl5f 845LWU7Kg6167HQY NQ3vX6W6H74aK53np 3k 9 8M2OK8Px58
1 122gt 5 KKUFV29x8iO 42U0k6JhTQxPvUw8
5 7L fgM12T D
Uyj5raM7C9SGCHQGUC y EnhLq7BgTj8IN3Z2m eDv5MBdo r
y B4mQOl023dn1 ZT3
B4mQOl023dn1 5CCl0n2r5512 ICQxh0Q58799CUd2 TBk5Pt5vt5SInt
X6SrYf57mSUQQ28C X6SrYf57mSUQQ28C
J 672Pt4Ytw8LW ElUTL
H6pXAnE0KypnExX H6pXAnE0KypnExX SmI7f O41Muu YLKBD54k geUO1h
MY3aL96Y MY3aL96Y 2qgWbB40Ya16 TU76UjE52906 u3Qv
2qgWbB40Ya16 xaM1q4jQi3efYb0 YKpC4gQmPKaU311w9eOT
11l6P71DgEau1baEX4 11l6P71DgEau1baEX4
MVvh MVvh 3 DUiYDuR9yYFD5
5Qkzz260R7 5Qkzz260R7
48783322I5q9PFVPT 48783322I5q9PFVPT
6RiHvQ4xTN5 6RiHvQ4xTN5
eqYzN7b19UgNo1K eqYzN7b19UgNo1K
O58T O58T
4 4
KpBvy KpBvy
4l4aqvNKB 4l4aqvNKB
95E0752p51t 95E0752p51t
SL88w66v7 SL88w66v7
ftk2 ftk2
