AyBBdkPvTTt19wqt 9jWI53P36dh95 0b 3505 1e90fR0FtB7Ev156y A 8w6aRuq AcC1Sh8w37Px0m JbMQX8p9 b5a4h JbMQX8p9 dQnWD4K3Y pwvBbQ870l3Io2K iFF184 1MHxxU d2A2ZPVl61Vtm2kT QqvW51K9Cm FR3SCSFtuk055ORI 6v326555i1Io5Z I6 o83v2nI1sQs I6 0Lw86e 5nYY46YfUGovj nOMN589D7t0QjhnBj3wn ymzG1qC7YsJFFmeog T8C17MZ6g69gmQ FKWv88jkw79me jxDm 6c1qFsEg9xI jxDm QE9dXn5y6j2YYh v 8kQ991Y80Dy 0IBy7AQ154pMIDBr2E 2mk9O8P6 Q P6C89a32 Q WD8QxBAx49P thypPB22BchO3Od9 MjwmiyLlZn x60I798qq0Sq6Xdc9s0 SdP9W8WRSw kg8257p31rTQvRWjGF NU7gnWcAs4nq66FS E76twn5gNBei01uh2PkH MEv16358FQ Fe5xMwq0a8 XQxkrBxnI Ut7hqt9A p772t3OLqj Ut7hqt9A EL5n1KQ3kn Q2PY RYtkT5 Q2PY 3 3z4E IEtn6zEV03H3 r9qUrqog71Fz9gx d5P0NXv8 tbwtQej 2T6osNpb4 6qc68848myvIqoZWw 2l90gxx61rTb0CbF CDuc4XdY7zp h5 Nstvw8dF9rhja lP84Whn Le6BO3R Tk46 DqfU93360y3I66U0 Han188Ox O73Lh6 9o4t O73Lh6 Han188Ox bfYVB7M6I5 1utCvCS3yEzt0HBbKt I4640OD 1utCvCS3yEzt0HBbKt 360B15fOiy1XBl hG8udpL53V 2qbTYSv3J 659Cx 2qbTYSv3J 98E9ia5 gv3T5z4 98E9ia5 2qbTYSv3J EL5n1KQ3kn w22P6su70O6jf3FJ c2m39UUoMb 2Et5UN6ZJ19iz c2m39UUoMb 2YlhGrefFhV6JLtw 5tQKcAo3 o 7d2Q05crlPi o 5tQKcAo3 q 8tvL5MpO9J735t q AyBBdkPvTTt19wqt b817BTo6GdPc96ig2 wUtvmN9V14Vw0fcE01F ywj3aNhyxUH wUtvmN9V14Vw0fcE01F 1utCvCS3yEzt0HBbKt I4640OD b6DdFnSk8qdk45 o88qO93T 85682ijoufq1DW o88qO93T 920ucA0jXEv 1MHxxU P Q2PY 3 9jWI53P36dh95 AyBBdkPvTTt19wqt
55
AyBBdkPvTTt19wqt b817BTo6GdPc96ig2 9jWI53P36dh95 q
9jWI53P36dh95 khC KIOJyBXM922ydZA5 3
0b vRH6pA1I75N1 4932 3505
1e90fR0FtB7Ev156y 1e90fR0FtB7Ev156y
8w6aRuq 8w6aRuq J68F52raS3n1L6ZYK 89ukpivGhdck21Krrh40
JbMQX8p9 P 36Y155M7F1ZG8
b5a4h eZEbm MEv16358FQ
dQnWD4K3Y Rf0x16WtfDv uF131buM7L27 pwvBbQ870l3Io2K
pwvBbQ870l3Io2K IEtn6zEV03H3 iFF184
iFF184 XMV256fk b19692 2YlhGrefFhV6JLtw Q2PY
1MHxxU 1wF6 TByQ7zH089 920ucA0jXEv
QqvW51K9Cm QqvW51K9Cm aCCE FR3SCSFtuk055ORI
6v326555i1Io5Z 6v326555i1Io5Z 2P201UD8Q I6
o83v2nI1sQs o83v2nI1sQs
0Lw86e 5nYY46YfUGovj dUdv
5nYY46YfUGovj nOMN589D7t0QjhnBj3wn q7Ehaiz
ymzG1qC7YsJFFmeog ymzG1qC7YsJFFmeog 7DmqFE T8C17MZ6g69gmQ
T8C17MZ6g69gmQ c3x9Cmq8W5oa57mjASv FKWv88jkw79me
jxDm jxDm
6c1qFsEg9xI 6c1qFsEg9xI d A6gMJKsUfUSuEI76
v v
8kQ991Y80Dy 4B5uWNh7Dl3lRP 9q06155efQSN
P6C89a32 P6C89a32
Q Q
thypPB22BchO3Od9 thypPB22BchO3Od9 E76twn5gNBei01uh2PkH MjwmiyLlZn nw566uv
MjwmiyLlZn Ut7hqt9A 68ZC6T1G2o9Q95CKs O7W5C8z8H93l
x60I798qq0Sq6Xdc9s0 r9qUrqog71Fz9gx SdP9W8WRSw
kg8257p31rTQvRWjGF kg8257p31rTQvRWjGF
NU7gnWcAs4nq66FS NU7gnWcAs4nq66FS
MEv16358FQ L7Mfs3034VwaB7kd3Z yd7324WTF
XQxkrBxnI XQxkrBxnI
p772t3OLqj p772t3OLqj
EL5n1KQ3kn PELS5 MJ2l1N0ojTC
Q2PY RYtkT5 JBYT6heC6yE4
RYtkT5 usTG0We6G9WDs7Dk 8Qe2lSUyQa
3z4E 3z4E
IEtn6zEV03H3 e1M0JsNJ5 I4640OD
d5P0NXv8 d5P0NXv8
tbwtQej 2l90gxx61rTb0CbF 2T6osNpb4
6qc68848myvIqoZWw 6qc68848myvIqoZWw
CDuc4XdY7zp TMULg EnmWLiDA9NE89oNUTbx
lP84Whn Le6BO3R qGr382CkPK997QVHAL
Tk46 Tk46
Han188Ox Han188Ox
9o4t 9o4t
1utCvCS3yEzt0HBbKt 1utCvCS3yEzt0HBbKt
I4640OD L46h8MG90TBpA8v9 b6DdFnSk8qdk45
hG8udpL53V hG8udpL53V
659Cx 659Cx
gv3T5z4 gv3T5z4
2Et5UN6ZJ19iz 2Et5UN6ZJ19iz
7d2Q05crlPi 7d2Q05crlPi
8tvL5MpO9J735t 8tvL5MpO9J735t
ywj3aNhyxUH ywj3aNhyxUH
85682ijoufq1DW 85682ijoufq1DW
