0 90 79 4 171 101 2 33 7 76 34 125 87 84 24 54 98 54 108 26 89 73 96 51 6 58 68 85 75 11 121 49 40 100 35 124 93 38 93 174 29 14 61 70 61 65 3 12 139 16 57 18 82 99 32 25 169 103 20 126 60 141 64 9 107 22 46 41 28 72 83 72 33 17 13 5 13 17 92 105 19 105 173 88 198 18 42 145 95 147 97 84 149 8 67 71 128 45 128 71 148 94 160 138 89 73 153 66 153 167 175 91 175 178 171 188 0 123 15 123 0 137 0 140 143 154 199 39 199 154 143 166 124 35 184 69 184 35 100 134 44 134 100 168 126 60 140 0
64
0 43 59 62 86 90 0
79 79
4 4
101 2 55
2 27 33 36 65 78
33 7 17 72 74
76 76
34 34
125 77 87
87 84 85
84 24 97
24 54 63
98 98
26 26
89 89 23 73
73 96 99
51 51 6 30 42 47
58 58
68 68
75 75
11 11
49 49
40 40
35 35
124 92 93
38 38
174 29 56 81
14 14
61 61
70 70
3 3
12 12
16 16
57 57 1 18 53
82 82
32 32
25 25
20 20
60 60
141 31 64
9 9 50 80
22 22
46 46
41 41
28 28
83 83
17 13 21
5 5
19 19
88 88
42 10 48
95 95
8 8
67 67
71 71
45 45
94 94
66 66
91 91
15 15
137 37 52
39 39
69 69
44 44
