74 123 81 167 30 132 173 100 73 125 83 33 76 21 31 86 128 86 195 99 11 140 16 152 47 127 186 45 146 8 42 142 181 20 96 184 136 171 165 64 90 155 190 51 193 4 168 179 54 133 199 111 121 6 14 28 113 88 188 35 12 172 5 172 170 63 174 63 139 138 34 94 163 129 141 8 65 91 131 53 37 178 176 30 68 23 25 44 107 112 76 56 135 151 130 32 27 32 39 117 105 148 192 13 121 68 58 43 158 43 187 197 52 8 123 74
55
123 123 81 109
167 167
132 132
173 173 66 100
100 63 72 73 97 134 198
73 125 146 152
125 50 80 83 98 103 116 157
83 60 139
33 76 108 140
76 56 61 89 112 154
21 31 120
86 86
128 128
99 99
11 11 42 161
16 16
47 47
127 127 32 114 193
45 45
146 18 54
8 52 115
142 142
181 20 95
20 94 96
184 184
136 136
171 171 143 165
64 17 90
155 155
190 190
51 51 77 199
4 4
179 179
133 133
111 111
14 14 39 59 118
28 58 113 130
88 88
12 12
5 5
174 174
138 138
163 163
129 129
91 91
131 53 200
178 178
23 23
44 44
107 107
135 135
27 27
105 105
192 192
158 158
