AA AC AJ AC AA DT CX AN CY AN AD DN CT AM CW AM CV DR CV AM CT DN AD AA AB AE AO AE AB AG BC AG BB AG BA AG AZ BD AZ AG BC BK FE DZ EC DX DY DX EC EB EA FC EA EI FB EI EA EB EC EE ED EP ED EE EF EN EQ EO EQ EN EF EL EW EX EY EX EW EL EF EE EC DZ FE BK BC AG AB AH BM BP CE BW AI BW CE BP BM AH BN BS FF BS BN AH AB AG BC BK FE DZ EC EE EF EH FA EH EJ EZ EJ EH EF EE EC DZ FE BK BC AG AB AA
28
AA AB AC AD DT AA
AJ AJ
CX AN DS DU
CY DV DW
AD AK AL
AM AM
CW DP DQ
DR DR
AB AE AF AG AH
AO AO AP AQ
BC BJ BK
BB BH BI
BA BE BF BG
BD BD
DZ DZ
DX DX
DY DY
FC FC
FB FB
EP EP
EN EN
EO EO
EX EX
EY EY
AI AI
FF FF
FA FA
EZ EZ
