0 2 53 87 188 121 91 67 150 164 129 164 150 157 144 27 144 157 16 24 94 130 52 82 196 18 32 77 173 80 39 29 114 102 46 36 58 15 113 99 56 12 23 149 66 194 97 96 163 7 59 51 89 167 110 26 110 183 83 132 43 132 95 192 75 111 155 48 37 47 124 113 30 9 85 148 61 100 92 177 33 177 72 150 157 144 0
44
0 2 13 31 54 71 74
2 4 20 28 53 64
87 87 24 78 79 90
188 10 18 63 95
121 14 21 50 68 91
67 67 3 60
150 45 62 72
164 42 81
129 56 65 73
157 6 16 29 69
144 27 34 76 88
27 5 30 44
16 38 93
94 94 19 40 84
52 52
82 82 22 70
32 32 41 77
77 25 36 55
173 11 35 57 80
39 39 17 86
29 59 100
114 1 8 98
46 46 48 49
58 58
15 15
99 99
12 12
23 23
66 66
97 97
96 96
7 7
59 51 92
89 89
26 26
83 83
43 43
75 75
37 37
47 47
9 9
85 85
61 61
33 33
