evdoyagqfp xawkqmfmmx evdoyagqfp xftptyrlvl qbiylslccb kvxwqiryyu sjtuxgdwms hsjqtjkukk bbczvyonym mdyuzxshey wtlzrefwav sipmuleqch xychpimpzb lnicnhmajr aruwdskzta vugkhjygfe xywdziunpr oggftsricu xeigbnzhbj seeyrseflx czvqvijjlb nbjyrygtdh yqwistxtxc xguvjomcdt nwlccbonas bbwcqzwyoz ijbfzrqwct qfbvncxldf ixyurvbpvu qepegujmaa pcilmgdrgc jqtguzxxsl optviwhmbr jqtguzxxsl smwxdupkdv tvcolajnao xqwyvbvueh oegfbrwyrp ebqxbaqnmm xwrvhrxnqy xifuopshzj afortwurqt ahqdrcepub gbdejcnknd vnzypgtlkj dnmgxnhbgi uhalgukdzb yriqtwavfx uhalgukdzb fczruomdab eooyfwmxln epdwcjuvdr eqdxeqvtsb lndsfxewdc vkrlpmybdj jrusiskazm ichabbvkhm oavtmpaqji oownpsyviv rnpokwoqgt fdgcygwgjf phknwbtipl zivwgfcxqi euqbrkzdsw byyqgjwsrp qxfgqgbbdn byyqgjwsrp wtjzgzopuw wkwwcqjtxf osdeymjeil qiqnnrlapz spdafzaivh ldnozwuuuq frfueiglva ymvlfsdhbu aokbiptbzc ymvlfsdhbu xsjzeyxnpw bswhowadhl tgkujfknod bswhowadhl zpjhxyylhb kvfpaspidv wtyqwjwskq kijbyyuzhd wtyqwjwskq fznfvsgjhc imkzafjljw tmrnpjqnxx wynbxuuxru qzdrdcxoib voaumgrcuj qzdrdcxoib wynbxuuxru lazlsvgukx ymvlfsdhbu xsjzeyxnpw opmnfgpclg xsjzeyxnpw bswhowadhl ljhmnbaicr pdljcbluhp koawdpgqdx psiebvskfb koawdpgqdx wkwwcqjtxf osdeymjeil jrmlkfexfk scesbtewjx jrmlkfexfk pymtnhypxd pwgublhwxg afrdrejwtp khisjiexts gkcfktyute xkasbvrrxd gkcfktyute phknwbtipl wirlbujvjm kwbnyneokj uhalgukdzb fczruomdab ummqduagjn stdiixwrjc guuudgvhny ivugtsvtqb optviwhmbr jqtguzxxsl xftptyrlvl mysadifwma robpunozly bnmegnfgii robpunozly mysadifwma xftptyrlvl evdoyagqfp
60
xawkqmfmmx xawkqmfmmx
evdoyagqfp evdoyagqfp
xftptyrlvl uooysjrxsb mysadifwma fluzhooehk
kvxwqiryyu kvxwqiryyu
hsjqtjkukk hsjqtjkukk
bbczvyonym bbczvyonym
mdyuzxshey mdyuzxshey wtlzrefwav ouxenssqdu
wtlzrefwav pbefrggyje bimtbhwsby afrdrejwtp
xychpimpzb xychpimpzb lnicnhmajr bulywvvpni
lnicnhmajr aruwdskzta qpxtrjvxpe kyrhqthnvz
vugkhjygfe vugkhjygfe xywdziunpr guuudgvhny
oggftsricu oggftsricu
seeyrseflx seeyrseflx jrmlkfexfk hkempoemlv
nbjyrygtdh nbjyrygtdh ymvlfsdhbu cpwyxulkjm
yqwistxtxc hofbtczdgp xguvjomcdt
nwlccbonas nwlccbonas bbwcqzwyoz itbfnxnauh
qfbvncxldf qfbvncxldf
ixyurvbpvu yiwwdwbzth qepegujmaa
qepegujmaa pcilmgdrgc etdxtwotzh kgktiatgjn
pcilmgdrgc wwqchwdmtx ivgbjyugdu
jqtguzxxsl smwxdupkdv wynbxuuxru optviwhmbr
optviwhmbr vfdsalrajq ivugtsvtqb
tvcolajnao tvcolajnao lcrihrmoqu xqwyvbvueh
oegfbrwyrp oegfbrwyrp
xwrvhrxnqy xwrvhrxnqy
xifuopshzj xifuopshzj
afortwurqt afortwurqt zmfuudfatm ahqdrcepub
ahqdrcepub byyqgjwsrp gbdejcnknd
vnzypgtlkj vnzypgtlkj
uhalgukdzb uhalgukdzb
yriqtwavfx gucdicwxmb qgfchcatzi rkyixxpcbx
eooyfwmxln eooyfwmxln
eqdxeqvtsb eqdxeqvtsb lndsfxewdc xnppuesbrr
vkrlpmybdj vkrlpmybdj
jrusiskazm jrusiskazm
ichabbvkhm ichabbvkhm
oavtmpaqji oavtmpaqji
rnpokwoqgt rnpokwoqgt
fdgcygwgjf fdgcygwgjf
zivwgfcxqi zivwgfcxqi
euqbrkzdsw euqbrkzdsw
qxfgqgbbdn qxfgqgbbdn
byyqgjwsrp tmatbexcil cttlxdtaiw
wkwwcqjtxf wkwwcqjtxf osdeymjeil lkvtxfwozs
qiqnnrlapz qiqnnrlapz
ldnozwuuuq ldnozwuuuq
aokbiptbzc aokbiptbzc
bswhowadhl bswhowadhl
tgkujfknod tgkujfknod
kvfpaspidv kvfpaspidv
kijbyyuzhd kijbyyuzhd
tmrnpjqnxx tmrnpjqnxx
voaumgrcuj voaumgrcuj
opmnfgpclg tgbmxdmvwe qxuqrfzzob
pdljcbluhp pdljcbluhp
psiebvskfb psiebvskfb
scesbtewjx scesbtewjx
xkasbvrrxd xkasbvrrxd
stdiixwrjc stdiixwrjc
bnmegnfgii bnmegnfgii
