mdyuzxshey vkrlpmybdj tvcolajnao qcktwemqbm wkwwcqjtxf zjbarjhmau bulywvvpni lndsfxewdc mswyvpdrsy hkempoemlv fznfvsgjhc lkvobxyfca xplqpgpbvq hadchvmijq wynbxuuxru epdwcjuvdr wtlzrefwav tmrnpjqnxx cmdqzmgvfi zpybghfdbe psiebvskfb bswhowadhl wtyqwjwskq yiwwdwbzth xftptyrlvl knfzsnhzvx oewptytlja owusjcmdkp ljhmnbaicr ebqxbaqnmm zumetrybth jatkaoyfxb bnmegnfgii jatkaoyfxb zumetrybth ebqxbaqnmm zpjhxyylhb rnpokwoqgt tgbmxdmvwe oegfbrwyrp lbuiysostx idfvjoquhh lazlsvgukx ahqdrcepub siatqqydwf ixyurvbpvu optviwhmbr rkyixxpcbx optviwhmbr ixyurvbpvu uooysjrxsb seeyrseflx vugkhjygfe seeyrseflx uooysjrxsb ixyurvbpvu syxecaxosc qgfchcatzi oggftsricu euqbrkzdsw wtjzgzopuw eysfgfavho phknwbtipl hadchvmijq wynbxuuxru epdwcjuvdr wtlzrefwav hsjqtjkukk smwxdupkdv koawdpgqdx unihwwnyqz qepegujmaa xtvbrolacp qepegujmaa unihwwnyqz koawdpgqdx smwxdupkdv hsjqtjkukk wtlzrefwav tmrnpjqnxx cmdqzmgvfi qydclznxrd ouxenssqdu tvcolajnao vkrlpmybdj mdyuzxshey
31
mdyuzxshey vkrlpmybdj mysadifwma mdyuzxshey
vkrlpmybdj zmfuudfatm jatkaoyfxb
qcktwemqbm qcktwemqbm
zjbarjhmau zjbarjhmau kdujdjjwot bulywvvpni
lndsfxewdc lndsfxewdc
mswyvpdrsy mswyvpdrsy
fznfvsgjhc fznfvsgjhc
lkvobxyfca lkvobxyfca
hadchvmijq hadchvmijq jqtguzxxsl wynbxuuxru
wtlzrefwav wtlzrefwav
cmdqzmgvfi cmdqzmgvfi qfbvncxldf qydclznxrd
psiebvskfb psiebvskfb
wtyqwjwskq wtyqwjwskq
xftptyrlvl xftptyrlvl jedsthbmzo knfzsnhzvx
oewptytlja oewptytlja nwlccbonas owusjcmdkp
owusjcmdkp ljhmnbaicr lnicnhmajr
ebqxbaqnmm ebqxbaqnmm
zumetrybth zumetrybth
bnmegnfgii bnmegnfgii
tgbmxdmvwe tgbmxdmvwe
lbuiysostx lbuiysostx
lazlsvgukx lazlsvgukx
ahqdrcepub ahqdrcepub
ixyurvbpvu gwnccktgki optviwhmbr
rkyixxpcbx rkyixxpcbx eooyfwmxln gllungmori
seeyrseflx seeyrseflx
vugkhjygfe vugkhjygfe
euqbrkzdsw euqbrkzdsw
smwxdupkdv koawdpgqdx aokbiptbzc
qepegujmaa qepegujmaa
xtvbrolacp xtvbrolacp
