0 11 57 9 18 1 10 26 38 34 12 21 5 58 46 39 44 69 25 49 45 90 53 31 41 40 54 47 94 60 83 84 78 87 149 150 149 87 38 146 147 146 38 26 158 159 158 26 10 197 198 197 10 54 191 192 191 54 21 140 141 140 21 84 143 144 143 84 9 161 162 161 9 57 188 189 188 57 47 152 153 152 47 164 165 164 47 83 167 168 167 83 11 179 180 179 11 46 170 171 170 46 1 155 156 155 1 45 173 174 173 45 90 182 183 182 90 53 176 177 176 53 49 194 195 194 49 78 185 186 185 78 0
53
11 130 131 179 181
57 136 137 188 190
9 161 163
18 102 103
1 155 157
10 114 115 197 199
26 158 160
38 146 148
34 120 121
12 138 139
21 140 142
5 116 117
58 100 101
46 170 172
39 106 107
44 104 105
69 110 111
25 124 125
49 194 196
45 173 175
90 182 184
53 176 178
31 118 119
41 112 113 122 123
40 134 135
54 191 193
47 152 154 164 166
94 126 127
60 108 109 128 129
83 167 169
84 132 133 143 145
78 185 187
87 149 151
150 150
147 147
159 159
198 198
192 192
141 141
144 144
162 162
189 189
153 153
165 165
168 168
180 180
171 171
156 156
174 174
183 183
177 177
195 195
186 186
