0 75 4 30 32 58 55 57 56 57 110 113 17 16 17 104 84 82 108 102 101 77 186 42 41 42 40 43 40 70 72 141 142 140 190 192 191 92 91 92 90 25 27 118 27 65 165 168 117 115 35 37 36 37 35 120 47 183 180 182 181 182 180 95 145 148 145 135 52 135 138 135 130 133 130 170 172 170 10 195 197 195 150 152 150 10 12 10 135 137 136 137 160 162 161 162 160 130 132 131 132 130 0
48
0 2 3 20 65 95 100 105 110 120 125 145 160 180
75 15 25 30 35 39 44 54 64 69 74 78 79 135 195
4 55 94 99 104 114 124 129 134 139 144 149 154 159 179 184 189
32 32
58 58
57 57
56 56
113 113
17 17
16 16
82 82
108 108
102 102
101 101
77 116 186
186 42 132 187
41 41
43 43
72 72
141 141
142 142
192 192
92 92
91 91
25 27 28
118 118
65 67 68
168 168
117 128 166
35 37 38
36 36
120 47 122 123
183 183
182 182
181 181
95 87 97
148 148
52 52
138 138
133 133
172 172
10 12 13
197 197
152 152
12 11 66
136 136
161 161
131 131
