1 79 1 9 84 9 38 90 38 31 91 31 44 77 44 18 70 18 7 74 7 28 60 28 36 83 36 30 95 30 6 56 6 37 68 37 19 54 19 27 63 27 43 50 43 17 96 17 46 82 46 33 72 33 15 85 15 12 52 12 11 78 11 23 55 23 14 89 14 25 86 25 13 58 13 21 61 21 47 93 47 20 64 20 40 71 40 3 92 3 22 81 22 16 49 16 41 94 41 34 62 34 29 73 29 5 76 5 48 88 48 39 69 39 32 80 32 24 53 24 10 65 10 42 59 42 26 51 26 4 67 4 35 87 35 45 75 45 2 57 2 8 66 8 1
48
79 79
84 84
90 90
91 91
77 77
70 70
74 74
60 60
83 83
95 95
56 56
68 68
54 54
63 63
50 50
96 96
82 82
72 72
85 85
52 52
78 78
55 55
89 89
86 86
58 58
61 61
93 93
64 64
71 71
92 92
81 81
49 49
94 94
62 62
73 73
76 76
88 88
69 69
80 80
53 53
65 65
59 59
51 51
67 67
87 87
75 75
57 57
66 66
