6Zg7j6t8kt ka4cgDWgq7 HpRVhY9Btb OF1HL5xl4P KpPj50fAfy zG9cl6Gy30 7cteJXIZM1 YrPP1U1r20 I1RTFIGWhc NgxnYo41LY cqCbnI2bkr b3jUAAPOlA cqCbnI2bkr bc4pLp9tiD OGWcs2X8pk 8pgnfE3xKu wXTrLT9dUx 1aPtXDhYtV ESDdDChkYw 1iUrZ2N0MA s8EkvbOYAX 79JJ9GZF8c fhmE7A9rVl 0gqiqztWgj 4ViGHxfdlc dyS1o5lQHD OpwMnuSGmp uXkvSfF7Kv pm1Yq2dCLL iyQiEnpG35 pm1Yq2dCLL xKltif8n2P gSP0irArmo N08DpqDewo oQb2PqTM8x H0NdoJawvz 4JtfcKJvHu GSDEYlNcCM 97dvK2Az7S Dkc5CxJ6RV 97dvK2Az7S GSDEYlNcCM J6nn6V6pVr 1koyFI8rlU G05S6XZiBa 4RZs4XFvF9 ZZt4oj1N7Y dojrtYXceT zG9cl6Gy30 7cteJXIZM1 YrPP1U1r20 ckEVpwA8CD YQKcyMibnc ckEVpwA8CD YrPP1U1r20 7cteJXIZM1 zG9cl6Gy30 dojrtYXceT wXTrLT9dUx 6Zg7j6t8kt
29
6Zg7j6t8kt ka4cgDWgq7 wXTrLT9dUx lrFRnKniRv
ka4cgDWgq7 GSDEYlNcCM M9d0z6OccV
HpRVhY9Btb zH4Z0p0Ftj VWD9Yy5Xrg YZKJeBb8Pe
OF1HL5xl4P KpPj50fAfy TH1GgoG5GU
KpPj50fAfy fbxiHLAsv4 vCSWEyz4PC EZQ9HUGjRN
zG9cl6Gy30 dojrtYXceT 7cteJXIZM1
YrPP1U1r20 YrPP1U1r20 Iroa6leixY ckEVpwA8CD I1RTFIGWhc
NgxnYo41LY NgxnYo41LY cqCbnI2bkr 4lUeyqYb0U UgxUR9jKcJ
b3jUAAPOlA b3jUAAPOlA
bc4pLp9tiD MpRNDD0glq OGWcs2X8pk
8pgnfE3xKu 8pgnfE3xKu oRs9wR3IGE vD4d0BZ03p
1aPtXDhYtV 1aPtXDhYtV
ESDdDChkYw ESDdDChkYw
s8EkvbOYAX s8EkvbOYAX
79JJ9GZF8c 79JJ9GZF8c
fhmE7A9rVl fhmE7A9rVl
0gqiqztWgj 0gqiqztWgj
4ViGHxfdlc 4ViGHxfdlc
OpwMnuSGmp OpwMnuSGmp
uXkvSfF7Kv uXkvSfF7Kv
iyQiEnpG35 iyQiEnpG35
N08DpqDewo N08DpqDewo
oQb2PqTM8x H0NdoJawvz tvKOOMQ7Sv
4JtfcKJvHu 4JtfcKJvHu
97dvK2Az7S 97dvK2Az7S
Dkc5CxJ6RV Dkc5CxJ6RV
1koyFI8rlU 1koyFI8rlU Octagmmhko G05S6XZiBa
4RZs4XFvF9 4RZs4XFvF9
YQKcyMibnc YQKcyMibnc
