Chattanooga Cleveland SanAntonio Memphis Tulsa Montgomery Macon LittleRock Shreveport LittleRock CapeCoral Oceanside Bakersfield BatonRouge Detroit Vancouver Austin Cary Chesapeake Cleveland NewOrleans SanBernardino Boston Bridgeport FortWayne Berkeley Knoxville GardenGrove Salinas Murfreesboro Charlotte SanDiego FortLauderdale Savannah Cincinnati LongBeach McAllen ElkGrove Savannah SaltLakeCity Savannah FortLauderdale NewportNews Minneapolis NewYork Anaheim MorenoValley Durham Roseville FortWorth Fayetteville Aurora Garland Naperville Garland Dayton ElPaso Chattanooga
35
Chattanooga ElPaso Raleigh Cleveland Boise Jackson
SanAntonio SanAntonio Memphis SantaClarita Waco
Memphis Wichita Scottsdale Glendale Oxnard Akron
Tulsa SantaAna FortLauderdale
Montgomery SanJose Orlando Worcester Olathe
Macon Jacksonville Riverside Plano LittleRock Shreveport Orange
LittleRock Phoenix Indianapolis Lincoln Fremont Tallahassee CapeCoral Corona
Shreveport Madison Buffalo
CapeCoral Louisville Anaheim BatonRouge GrandPrairie Oceanside Berkeley
Oceanside Bakersfield Lexington Fontana Pomona Paterson
Bakersfield Toledo ChulaVista Frisco Salem Syracuse
BatonRouge Honolulu Fayetteville GrandRapids Ontario
Detroit Irvine Vancouver Alexandria Denton
Vancouver Austin PortStLucie
Austin Washington DesMoines Tacoma Joliet
Cary LosAngeles Lubbock
Chesapeake Newark Midland
SanBernardino SanBernardino
Boston Boston KansasCity Henderson Brownsville
Bridgeport Anchorage Savannah
FortWayne Chicago SanFrancisco Yonkers Springfield Hayward
Berkeley SaintPaul Knoxville Surprise
GardenGrove GardenGrove
Murfreesboro Murfreesboro
Charlotte Charlotte
SanDiego SanDiego
Cincinnati Cincinnati
McAllen McAllen
SaltLakeCity Richmond Spokane
NewportNews NewportNews
NewYork NewYork
Durham Durham
FortWorth FortWorth
Aurora Aurora Baltimore Tempe
Naperville Naperville
