Hernandezville Joelview Downsville Richardhaven Tammychester Rebeccaton Tammychester Richardhaven Downsville Williammouth Haasville Williammouth Downsville Joelview Mitchellchester Sheabury Maysfort Huynhton Maysfort Sheabury Mitchellchester Lopezmouth Heathermouth Lopezview Robertsfort Lopezview Heathermouth Lopezmouth Dixonton Keithton Dixonton Francesmouth Richardville Francesmouth Dixonton Lopezmouth Mitchellchester Joelview Farmerside Gabriellabury Courtneyfurt Gabriellabury Murphyberg Hendersonchester Murphyberg Gabriellabury Farmerside Ryanton Williamsmouth Mcdonaldmouth Adkinsfurt Mcdonaldmouth Williamsmouth Ryanton Farmerside Ralphtown Garciaport Charlesburgh Angelaview Charlesburgh Garciaport Ralphtown Stricklandbury Tylermouth Deanstad Tylermouth Stricklandbury Ralphtown Farmerside Joelview Hernandezville Beckyshire Ponceville Mcculloughchester Crystalchester Smithmouth Robertborough Smithmouth Crystalchester Mcculloughchester Jonestown Barbarachester Jonesberg Barbarachester Jonestown Kellyfort Jonestown Mcculloughchester Ponceville Bridgesville Riveramouth Bradshawside Wandaside Bradshawside Riveramouth Martinton Riveramouth Bridgesville Dennisstad Wilsonburgh Dennisstad Bridgesville Esparzaberg Thomasburgh Esparzaberg Kristinbury Allenberg Kristinbury Esparzaberg Bridgesville Ponceville Garymouth Camposstad Donaldstad Thomastown Donaldstad Camposstad Garymouth Christophertown Crystaltown Johnsontown Crystaltown Christophertown Garymouth Ponceville Beckyshire Derekton Wallaceville Morenoside Wallaceville Derekton Thomaschester Mcfarlandville Belindamouth Mcfarlandville Thomaschester Derekton Beckyshire Hernandezville
35
Tammychester Tammychester
Rebeccaton Rebeccaton
Haasville Haasville
Huynhton Huynhton
Heathermouth Emilymouth Lopezview
Robertsfort Robertsfort
Dixonton Keithton Francesmouth
Keithton Andrewland Aprilstad
Richardville Richardville
Courtneyfurt Contrerasland Morrisbury
Hendersonchester Hendersonchester
Williamsmouth Johnstonmouth Mcdonaldmouth
Adkinsfurt Adkinsfurt
Charlesburgh Charlesburgh
Angelaview Angelaview
Tylermouth Tylermouth
Deanstad Deanstad
Smithmouth Smithmouth
Robertborough Robertborough
Jonestown Kellyfort Barbarachester
Jonesberg Jonesberg
Kellyfort Tinatown Pittsland
Riveramouth Martinton Bradshawside
Wandaside Wandaside
Martinton Brianland Deborahfort
Wilsonburgh Wilsonburgh Josephton Harristown
Esparzaberg Kristinbury Thomasburgh
Thomasburgh Johnsonmouth Sanchezland
Allenberg Allenberg
Camposstad Donaldstad Williamsville
Thomastown Thomastown
Crystaltown Crystaltown
Johnsontown Johnsontown
Morenoside Johnport Amberfurt
Belindamouth Belindamouth
