start loc1 home1 loc1 loc4 loc5 home12 loc5 loc12 home20 loc12 loc11 home9 loc11 loc16 home8 loc16 loc15 home5 loc15 loc14 home4 loc14 loc13 home21 loc13 loc21 home3 loc21 loc20 home22 loc20 loc19 loc18 home7 loc18 loc9 loc8 home11 loc8 loc9 loc10 loc17 home10 loc17 start loc25 loc24 home16 loc24 loc23 loc22 home13 loc22 loc5 loc4 loc1 start
19
home1 home1
loc4 home2 home19
home12 home12
home20 home20
home9 home9
home8 home8
home5 home5
home4 home4
home21 home21
home3 home3
home22 home22
loc19 home6 home23 home24
home7 home7
home11 home11
home10 home10
loc25 home17 home18
home16 home16
loc23 home14 home15
home13 home13
