location34 location59 location89 location118 location159 location33 location188 location128 location104 location32 location109 location144 location45 location28 location177 location78 location199 location63 location44 location60 location114 location92 location182 location52 location105 location175 location99 location97 location86 location116 location113 location0 location79 location96 location27 location23 location4 location55 location174 location55 location83 location120 location142 location88 location126 location19 location197 location184 location71 location132 location168 location181 location5 location107 location156 location165 location185 location37 location47 location14 location79 location64 location122 location64 location79 location19 location2 location90 location196 location92 location95 location131 location95 location123 location15 location192 location34
42
location34 location39 location59 location192
location59 location9 location11 location34 location38 location89 location98 location167 location187
location89 location3 location79 location134 location176
location159 location159 location105 location135 location143 location149
location188 location188 location12 location24 location114 location158 location170 location172
location128 location46 location142 location155 location177
location104 location15 location76 location130 location151
location109 location109
location144 location144
location45 location45
location28 location28
location177 location2 location54 location68 location72 location96 location115 location117
location199 location199 location136 location194
location63 location180 location189
location60 location60
location92 location92 location139 location157
location182 location21 location52 location55 location91
location52 location111 location137 location162
location175 location175
location99 location99
location86 location86
location116 location103 location161
location0 location0
location79 location6 location64 location119
location27 location27
location23 location23
location4 location17 location163
location174 location174
location120 location120
location88 location88
location197 location197
location71 location71
location132 location132
location181 location181
location107 location107
location165 location125 location164
location37 location37
location47 location47
location122 location122
location90 location90
location131 location131
location123 location121 location140
