location12 location84 location19 location1 location60 location74 location65 location72 location0 location77 location67 location51 location13 location91 location49 location15 location22 location89 location63 location55 location27 location47 location25 location54 location98 location14 location98 location83 location37 location68 location24 location68 location37 location83 location75 location38 location43 location87 location86 location32 location72 location36 location90 location85 location82 location5 location29 location63 location89 location22 location84 location12
19
location84 location12 location19
location1 location1 location26 location60
location74 location74
location65 location16 location28 location72 location79
location72 location0 location36 location94
location77 location77 location11 location67
location51 location51
location13 location13
location91 location31 location49 location57
location15 location35 location71
location89 location89
location63 location63
location27 location27
location54 location54
location14 location14
location24 location24
location87 location87
location86 location86
location5 location5
