0 92 45 197 198 152 51 153 26 11 194 146 80 147 18 33 186 134 91 135 91 66 41 130 183 38 183 49 40 124 125 180 125 29 192 143 142 24 20 155 93 154 21 109 169 36 169 109 23 122 94 121 177 47 177 178 12 43 101 164 2 88 148 195 196 23 109 17 111 17 31 106 31 108 7 139 189 30 65 92 0
41
0 160 161 162
92 157 158 159
45 117 118 127 131 151 197
198 198
152 152
153 153
26 115 124 128 133 145 182
11 123 138 149 170 194 196
194 146 193
147 147
18 113 120 126 132 163 172
33 103 114 119 156 179 185 186 189
134 134
135 135
41 102 109 121 129 130 137 140 144 173 181 184
183 183
38 110 168 171
49 100 105 174 178
40 116 175 188 190 191
125 125
180 180
29 107 192
143 143
142 142
24 136 164
155 155
154 154
169 169
36 141 150 165
122 122
177 177
47 112 187
101 101
2 167 176
148 148
195 195
111 111
106 106
108 108
139 139
30 104 166
