1 96 71 35 92 84 43 15 43 84 92 35 71 96 1 4 2 98 83 87 91 97 0 95 94 72 86 22 45 44 16 80 78 76 89 88 24 67 81 49 38 57 61 79 77 79 61 57 38 49 81 67 24 88 89 76 78 80 16 44 45 27 29 39 40 18 73 30 23 28 31 50 32 26 41 19 36 37 65 12 8 13 14 33 20 11 9 17 21 25 10 3 5 7 93 6 93 7 5 3 10 25 21 17 9 11 20 33 14 13 8 12 65 37 36 19 41 26 32 50 31 28 23 30 73 18 40 39 29 27 45 22 86 72 94 95 0 97 91 87 83 98 2 4 1
20
15 15
94 94
45 45 42 44 46 47 48 51 54 64 99
16 16 80 85
78 78
76 76
89 89
88 88
24 24
67 67 75 81
81 49 58 60 62 63 66 68 69 82 90
49 34 38 52 53 55 56 59 70 74
57 57
61 61
79 79
77 77
36 36
20 20
7 7
6 6
