5 4 33 137 42 165 7 165 63 127 71 119 192 18 192 109 84 109 94 20 35 188 48 118 113 197 149 28 180 112 171 105 17 66 101 174 116 138 69 153 69 138 34 62 34 121 52 121 158 45 10 112 143 194 191 74 16 92 39 94 109 82 27 0 37 78 100 192 109 94 5
35
5 58 103 157 159
4 9 33 91 137
33 18 43 46 76 77 164 174 187 199
137 14 25 39 42 61 75 146 156 183 184
42 22 44 80 122 123 149 152
165 11 51 56 63 154 162 168 173 193
7 2 133
63 26 71 196
127 96 138
71 31 178
119 1 67 192
192 55 100
18 41 53 68 85 177
109 151 179
84 99 104
20 20 83 189
35 110 116 135 188
48 48
28 28 140 180
171 171
105 105
17 17 34 170
101 101
153 153
69 69 32 81
62 50 64
52 52
158 158 47 102
10 10
143 143
194 194
16 16
92 92
37 37
78 78
