0 2 3 4 5 6 5 4 3 2 0 7 9 8 74 66 62 58 56 52 55 54 53 54 55 52 56 58 62 66 74 8 10 72 67 63 59 57 51 60 64 68 71 11 12 28 27 77 27 28 29 34 38 75 95 96 97 98 83 82 87 84 37 39 35 36 33 41 81 79 81 41 33 30 31 14 47 14 17 18 19 20 19 18 17 14 13 12 73 69 65 70 65 69 73 12 13 14 47 45 42 86 99 16 76 15 14 47 48 49 50 93 89 94 88 80 43 44 90 92 49 48 47 14 31 30 28 26 10 9 7 0
66
0 1 2 7 21 22 23 0
3 3
4 4
5 5
6 6
7 8 9 25
9 10 24
74 74
66 66
62 62
58 58
56 56
52 52
55 55
54 54
53 53
10 11 26 72
67 67
63 63
59 59
57 57
51 51
60 60 61 64
68 68
71 71
12 12 13 28 30 73
28 27 29
77 77
29 34 35
38 38
75 75
95 95
96 96
97 97
98 98
83 83 82 99
87 87
84 84
37 37
39 39
36 36
33 33
41 41
81 81
79 79
30 31 32
31 14 40
14 15 17 47
47 45 46 48
18 18
19 19
20 20
69 69
65 65
70 70
42 42
86 86
99 16 78 80 85
76 76
49 49 50 92
93 93
89 89
94 94
88 88
43 43 44 91
90 90
