6 2 7 2 6 11 15 13 14 16 19 12 11 24 20 23 20 24 30 42 40 42 55 51 59 51 55 67 66 63 66 67 73 80 96 93 96 103 105 103 111 112 118 115 111 124 133 135 137 138 133 143 148 149 147 146 143 158 159 158 168 165 167 165 168 172 189 182 184 186 180 189 199 192 191 190 199 6
36
6 0 1 4 8
7 7
11 10 15 18
14 14
19 19
24 20 21 26
23 23
30 31 36 38 39
42 40 46
40 41 48
55 50 51 57
59 59
67 60 62 65 69
63 63
73 74 75 77 78 79
80 81 85 87 88
96 90 95
93 97 98
103 101 105 109
105 106 107
111 112 113 114 115
118 118
124 120 125 126 128 129
133 130 132 134 139
137 137
143 144 145 146 148
149 149
158 150 157
159 152 153
168 163 164 166
167 167
172 170 176 177 178 179
182 182 181 185 187
186 186
199 190 194 196 198
191 191
