0 2 90 83 84 76 7 6 5 13 10 11 15 21 24 19 26 27 35 43 45 53 55 62 54 101 117 111 119 123 126 133 134 144 0
27
0 4 5 7 8 16 23 26 70 108 142 143 145 146 148
2 0 9 10
90 44 56 82 83 84 85 86 89 93 94 95 96 97 98 110 127
83 75 76 77 78 80 81 120
84 12 33
76 29 39 68 69 73 104
7 11 13 15 67 114
6 51 137
5 28 40
13 18 19
10 49 135
11 32 141
15 22 138
21 24 25 27 109
24 30 31
19 47 60
26 34 122
35 35 36 42 43 132
45 45
53 53
55 55
62 62 64 65 66 125
101 101 105 117
111 111 113 118 119
123 123 128 131
133 133
134 134
