Loc1 Loc37 Loc33 Loc11 Loc2 Loc34 Loc14 Loc4 Loc27 Loc56 Loc78 Loc54 Loc70 Loc0 Loc15 Loc64 Loc39 Loc88 Loc65 Loc88 Loc5 Loc29 Loc92 Loc98 Loc42 Loc55 Loc80 Loc1
19
Loc1 Loc4 Loc32 Loc41 Loc52 Loc53 Loc80
Loc37 Loc3 Loc9 Loc19 Loc25 Loc45 Loc49 Loc76 Loc92
Loc33 Loc7 Loc11
Loc11 Loc2 Loc13 Loc17 Loc69
Loc2 Loc10 Loc34 Loc43 Loc46 Loc62 Loc91
Loc34 Loc50 Loc79
Loc14 Loc38 Loc47
Loc4 Loc22 Loc87
Loc56 Loc56 Loc21 Loc90
Loc78 Loc72 Loc74
Loc70 Loc70
Loc0 Loc0
Loc15 Loc15
Loc64 Loc55 Loc63
Loc39 Loc6 Loc18
Loc65 Loc65 Loc68 Loc81
Loc29 Loc29
Loc98 Loc98
Loc42 Loc42
