zero three ten nine sixteen seventeen eighteen twentyfive twentysix twentyseven twentyeight twentytwo twentynine thirty thirtyseven thirtysix fortythree fortynine fortyeight fiftyfive fiftyfour fiftythree fiftytwo fortyfive fortyfour fiftyone fiftyeight fiftyseven sixtyfour sixtyfive sixtysix sixtyseven sixtyeight sixtynine seventy seventyseven eightyfour seventyeight seventynine eighty eightyseven eightyeight eightynine eightytwo eightythree eightyfour ninetyone ninetyeight ninetytwo ninetynine onehun onehunone onehuneight onehunnine onehunten onehuneleven onehuneighteen onehunnineteen onehunthirteen onehunfourteen onehuntwentyone onehuntwentyeight onehuntwentynine onehunthirty onehuntwentythree onehuntwentyfour onehuntwentyfive onehuntwentysix onehunthirtythree onehunforty onehunthirtynine onehunfortysix onehunfortyfive onehunfortyfour onehunfortythree onehunfifty onehunfortynine onehunfortyeight onehunfiftyfour onehunsixtyone onehunsixty onehunfiftynine onehunsixtysix onehunsixtyfive onehunsixtyfour onehunsixtythree onehunseventy onehunsixtynine onehunseventyfive onehunseventyfour onehuneightyone onehuneighty onehuneightyseven onehunninetyfour onehunninetythree onehunninetytwo onehunninetyone onehunninetytwo onehuneightyfive onehunseventyeight onehunseventynine onehuneighty onehunseventythree onehunsixtysix onehunfiftynine onehunfiftytwo onehunfortyfive onehunthirtyeight onehunthirtyone onehuntwentyfour onehunseventeen onehunten onehunthree ninetysix eightynine eightytwo seventyfive sixtyeight sixtyone fiftyfour fortyseven forty thirtythree twentysix nineteen twelve thirteen fourteen seven zero
62
zero one two three six seven
ten ten eleven seventeen
sixteen sixteen fifteen twentythree
twentyfive twentyfive
twentysix twentysix twentyseven thirtythree
twentyseven twenty thirtyfour
twentynine twentynine
thirtyseven thirtyseven thirtyeight fortyfour
fortythree fortythree
fortynine fortynine
fiftyfive fiftyfive
fiftythree fiftythree fiftytwo sixty
fortyfive fortyfive
fiftyeight fiftyeight
fiftyseven fiftyseven
sixtyfour sixtyfour seventy seventyone
sixtyfive sixtysix seventytwo
sixtyseven sixtyseven
sixtyeight sixtynine seventyfive
seventyseven seventyseven
eightyfour eightyfour seventyeight eightythree
seventynine seventynine
eightyseven eightyseven
eightytwo eightytwo
ninetyeight ninetyeight
ninetynine ninetynine
onehunone onehunone
onehuneight onehuneight
onehunnine onehunten onehunsixteen
onehunten onehuneleven onehunseventeen
onehuneighteen onehuneighteen
onehunnineteen onehunnineteen onehunthirteen onehuntwentysix
onehuntwentyone onehuntwentyone
onehuntwentyeight onehuntwentyeight onehuntwentyseven onehunthirtyfive
onehunthirty onehunthirty
onehuntwentythree onehuntwentythree
onehuntwentyfour onehuntwentyfour
onehunforty onehunforty
onehunfortysix onehunfortysix
onehunfortyfive onehunfortyfive
onehunfortyfour onehunfortyfour
onehunfortythree onehunfortythree
onehunfifty onehunfifty onehunfortynine onehunfiftyseven
onehunfiftyfour onehunfiftyfour
onehunsixtyone onehunsixtyone
onehunsixty onehunsixty
onehunfiftynine onehunfiftynine
onehunsixtysix onehunsixtysix onehunsixtyfive onehunseventythree
onehunsixtyfour onehunsixtyfour onehunsixtythree onehunseventyone
onehunseventy onehunseventy
onehunsixtynine onehunsixtynine onehunseventyfive onehunseventysix
onehunseventyfive onehunseventyfour onehuneightytwo
onehuneightyone onehuneightyone
onehuneighty onehuneighty
onehuneightyseven onehuneightyseven
onehunninetyfour onehunninetyfour
onehunninetythree onehunninetythree
onehunninetytwo onehunninetytwo
onehunninetyone onehunninetyone onehuneightyfour onehunninety
onehunseventyeight onehunseventyeight
twelve twelve
fourteen fourteen
