Bowles Calvin Bowles Mulford Crescent Mulford Latimer Edwards Easterly Edwards Latimer MLK Rochdale MLK Hearst Jacob TopDog GammaPhiBeta TopDog Fenwick Barker Fenwick TopDog Starbucks Chipotle MFoundry Chipotle Starbucks TopDog Jacob Cory Extension Cory Bechtel Cory Stanley LeConte VLSB Boalt Kresge Gregoire Kah Sutardja Wellman Moses Greek Unit2 Wolf StrawberryCreek Wolf Unit2 Milano IndianRock Milano Unit2 Greek Stebbins Safeway Warren Tan Hargrove BearFoodCourt SigmaPhiOmega Evan Blackwell McLaughlin GenPlantBio McLaughlin Blackwell Evan Moffitt Cloyne Moffitt Evan Jacob Foothill Unit1 Foothill Dwinelle Haas Crossroads Lawrence UCTheatre NCEM UCTheatre Lawrence Crossroads Haas Dwinelle Foothill Davis Foothill Haviland Morgan Martinez Morgan Haviland Foothill Dwinelle HearstAnnex Lothlorien HearstAnnex Dwinelle Foothill Davis Hildebrand YogurtPark Hildebrand Davis Foothill Jacob Hertz CVStarr Unit3 CKerr Unit3 CVStarr Hertz Jacob Cory Stanley LeConte Campanile Bongo ShengKee Bongo Artichokes Cheeseboard Artichokes Bongo Campanile Wurster Zellerbach Wurster McCone Spats Stonefire PiLambda PiAlphaPhi PiLambda Stonefire Spats McCone Wurster Campanile LeConte Stanley Campbell Stanley Moses RareTea Gypsys RareTea Moses Pimentel Stacks Sherman Stacks Pimentel Moses Stanley LeConte VLSB Chez NorthGate Chez VLSB LeConte Stanley Cory Bechtel Minor Memorial Maxwell Barrows Maxwell Memorial Minor Bechtel Baker Strada RoseGarden Strada Baker Bechtel Birge Bowles
57
Bowles Birge Mulford Calvin LaVals
Calvin Etcheverry Graduate
Crescent Crescent
Edwards Edwards
Easterly Easterly
Rochdale Rochdale
Jacob Evan Foothill
GammaPhiBeta GammaPhiBeta
Barker Barker
Chipotle Chipotle
MFoundry MFoundry
Extension Extension
Bechtel Baker Wilde
Stanley Campbell Moses
LeConte Campanile VLSB RSF ALS
Boalt Boalt
Kresge Kresge PeoplesPark Castro
Sutardja Sutardja
Wellman Wellman
Greek Greek
Unit2 Unit2
Wolf Wolf
StrawberryCreek StrawberryCreek
IndianRock IndianRock
Safeway Safeway
BearFoodCourt BearFoodCourt
Blackwell Blackwell
GenPlantBio GenPlantBio
Cloyne Cloyne
Unit1 Unit1
Dwinelle HearstAnnex Haas
Haas Pavilion Crossroads
UCTheatre UCTheatre
NCEM NCEM
Davis Hildebrand Browns
Morgan Morgan
Martinez Martinez
Lothlorien Lothlorien
YogurtPark YogurtPark
Unit3 Unit3
CKerr CKerr WayWest Ridge
Campanile Wurster Bongo
ShengKee ShengKee
Cheeseboard Cheeseboard
Zellerbach Zellerbach
Spats Spats
PiLambda PiLambda
PiAlphaPhi PiAlphaPhi
Campbell Doe Koshland
Gypsys Gypsys
Stacks Stacks
Sherman Sherman
NorthGate NorthGate
Memorial Maxwell TacoBell AlphaSigmaPhi
Barrows Barrows
Baker Simons Strada Daiso
RoseGarden RoseGarden
