0 17 13 17 48 68 17 0 100 103 100 105 138 105 100 101 116 198 116 101 115 101 113 101 109 167 109 101 110 101 111 101 108 101 112 101 100 107 100 102 100 104 136 104 100 106 100 0 31 35 64 72 89 31 3 4 3 75 3 70 17 77 22 77 17 25 59 25 31 57 21 57 0 17 80 66 80 17 0 86 10 83 10 20 43 20 86 81 0
35
0 13 17 31 57 81 86 100
17 4 5 20 25 35 68 70 75 77
13 87 98
48 14 55
68 29 44 51 85 89
100 101 102 104 105 106
103 127 128 130
138 138
101 109 112 113 117
198 198
115 194 196
113 188 189
167 167
110 168 169 171 172 173 175
111 177 178
108 154 156 158 160
112 179 180 182
107 151 152 153
102 118 121 123 124
136 136
106 142 144 145 146 147 149
31 10 53
35 1 7 42 54 56 90
72 72
89 26 58 96 99
4 49 63
75 18 28
70 24 65
22 22
59 59
21 21
66 66
83 83
43 43
81 62 82
