Hayward Shreveport Hartford Shreveport Seaside CapeCoral Gastonia Hampton Bryan Lubbock CostaMesa VeroBeach SantaClara VeroBeach PembrokePines LasVegas Stamford Marysville Layton SanBuenaventura Norwich Utica Champaign York NewYorkCity Henderson Topeka Downey Burlington Worcester Kalamazoo RoundLakeBeach Lorain Anchorage ThousandOaks McAllen ElMonte Merced Detroit Duluth Fullerton Flint Trenton Louisville Trenton OverlandPark Anchorage Orem Bethlehem CathedralCity Ogden Sarasota HuntingtonBeach LakeCharles Boulder Hemet PuntaGorda HavredeGrace Burlington Norwalk StLouis Kaneohe Newburgh Carrollton SiouxFalls RichmondCounty PortArthur Boston Arvada Tyler Nashua Orem Shreveport Hayward
44
Hayward Norwich Waterbury
Hartford Hartford HavredeGrace Downey NorthLasVegas Modesto
Seaside CapeCoral Anchorage RichmondCounty Elkhart
CapeCoral PalmBay Mesquite Huntsville Bloomington
Gastonia Laredo Scranton
Hampton Salem CorpusChristi ElPaso Newark
Bryan Birmingham Lubbock Layton Aberdeen
Lubbock Pueblo Charlotte Melbourne
CostaMesa Bakersfield Kissimmee Plano
VeroBeach OverlandPark Stamford Monroe SantaClara
SantaClara Fullerton Columbus
PembrokePines Racine Deltona LasVegas Frederick Oxnard
LasVegas Nashua Burlington
Marysville Marysville Omaha Boise Torrance
SanBuenaventura SanBuenaventura Tucson NewportNews Hemet Anaheim
Norwich Utica Spartanburg
Champaign Champaign
York York
NewYorkCity NewYorkCity Cincinnati Henderson HuntingtonBeach
Henderson Topeka Vancouver
Topeka Fresno Hialeah
Downey Eugene Olympia
Burlington Albuquerque GrandRapids
Kalamazoo Kalamazoo
RoundLakeBeach RoundLakeBeach Barnstable Arvada
Lorain NewBedford Scottsdale
ThousandOaks ThousandOaks
McAllen McAllen
Detroit Detroit Hagerstown Duluth Mobile
Duluth GreenBay SaintPaul
Flint Flint
Louisville Louisville
OverlandPark Greenville Savannah
Bethlehem Bethlehem
CathedralCity CathedralCity
Ogden Ogden
LakeCharles LakeCharles
PuntaGorda PuntaGorda
HavredeGrace JohnsonCity Harlingen
StLouis StLouis
Newburgh Newburgh
SiouxFalls SiouxFalls
PortArthur Marina Lacey
Tyler Tyler
