Soda a Soda a0 c9 a7 a1 d5 d7 c3 e1 c3 d8 b9 d9 d1 b8 a7 c9 a0 Soda C9 A7 A1 D5 D7 C3 E1 C3 D8 B9 D9 D1 B8 A7 C9 Soda A E A B H AB S N AA AP AA N G A C J I AF I C A Soda A5 A9 B7 B5 C1 B5 A8 A3 A4 A9 A5 Soda C5 E3 E4 E5 E6 E7 E6 B3 C7 B2 C5 Soda a0 a5 a9 b7 b5 c1 b5 a8 a3 a4 a9 a5 a0 c5 e3 e4 e5 e6 e7 e6 b3 c7 b2 c5 a0 Soda A D K T AI AH AW AH AI K D A F M AC AM AN AO X O F A E Q U AG U Q E A Soda a d n o p af ag ah q p e a g f r ak h a i u i w ap y j aa z ar z aa j i a b k l k ab av ab k b a Soda
63
Soda A5 C5 C9
a b d h
a0 a5 c5 c9
c9 a7 d5
a1 a1
d7 d7
c3 c3
e1 e1
b9 b9
d9 d9
d1 d1
C9 A7 D5
A1 A1
D7 D7
C3 C3
E1 E1
B9 B9
D9 D9
D1 D1
E P Q
H H
AB AB
N N
AP AP
J J
AF AF
A9 A9
B7 B7 B5 D3
C1 C1
A3 A3
E3 E3
E5 E5 B1 B3
E7 E7
C7 C7
a9 a9
b7 b7 b5 d3
c1 c1
a3 a3
e3 e3
e5 e5 b1 b3
e7 e7
c7 c7
T T
AI AS AU
AW AW
AC AC
AO AO
AG AG
n n
p p
af af
ah ah
f f
r r
ak t aj al
i j x
u v an
ap ap
aa z at
ar ar
k l ab
l ad ax
av av
