Florges Vespiquen Weepinbell Tentacruel Chansey Regice Shieldon Girafarig Serperior Girafarig Palkia Hakamoo Hoopa Kricketot Yanmega Hitmonlee Sentret Moltres Caterpie Cascoon Caterpie Sentret Pidgey Bisharp Eelektrik Omastar Flaaffy Palkia Roggenrola Wormadam Bergmite Florges
19
Florges Ralts Volbeat Stufful Zubat Bergmite Tsareena
Vespiquen Weepinbell Carracosta Poliwag Persian Infernape Primarina Delibird Dusknoir Scolipede
Tentacruel Tentacruel Manectric Aurorus
Chansey Regice Bayleef
Regice Shaymin Bidoof
Shieldon Zapdos Togetic Piloswine Girafarig
Girafarig Poliwrath Celebi
Serperior Wailmer Bouffalant
Hakamoo Hakamoo Purrloin Celesteela Lillipup Gastrodon Buzzwole
Kricketot Kricketot
Yanmega Yanmega
Hitmonlee Hitmonlee
Sentret Sentret
Moltres Moltres
Cascoon Cascoon Timburr Cherrim
Caterpie Pichu Dialga Machoke
Bisharp Bisharp
Omastar Omastar
Wormadam Wormadam
