21 152 153 152 111 144 74 160 17 160 23 160 74 136 69 171 113 31 119 159 158 17 160 74 136 69 66 145 189 124 110 43 27 101 194 193 107 85 105 195 95 197 131 130 1 2 3 34 138 59 60 61 60 84 179 161 93 89 141 151 175 29 30 167 108 79 48 19 55 185 186 185 15 5 15 171 170 108 12 13 191 192 103 192 191 151 150 53 54 51 120 9 8 7 8 101 92 91 178 63 71 63 178 179 125 137 125 198 101 64 40 11 81 113 171 69 66 67 66 69 136 74 144 111 152 21
51
21 41 97 129
152 21 111 153 163
153 115 125 147
17 17 77 143 157
23 23 25 45 79 191
74 35 75 121
136 15 39 69 99 135
171 171 113 133 183
113 31 57 73 81
119 119
159 159 65 117 165
145 145
189 189 37 47
124 89 123
110 43 169
43 27 185
101 101
193 193
107 107 85 139
105 105
195 195
95 95 87 109 177 197
131 131
1 1
3 3
34 33 173 181
59 59
61 61
84 83 179
161 161
93 93
141 141 151 155
175 175
29 29
167 167
19 19
55 55
186 149 187
5 5 49 127
13 13
103 103
53 53
51 51
9 9
7 7
91 91
63 63
71 71
137 137
11 11
67 67
