74 72 77 75 18 38 31 37 32 37 31 38 21 28 30 28 21 46 48 47 48 46 2 151 159 156 160 156 159 151 58 63 70 62 70 63 87 98 102 104 102 118 121 132 135 140 137 139 132 141 169 165 169 172 174 172 182 192 75 77 72 74
31
72 73 74 76 77 80
75 75 38 46 58 118 141 151 169 172 192
18 11 13 14 16 19
38 31 35 36 39
37 37
32 32
21 23 25 26 28 29
30 30
46 2 41 50
47 47
2 6 8
151 153 157
156 156
160 160
58 52 53 54 55 57 59
63 61 66 68 69 70
62 62
87 81 82 83 85 86 88 89
98 96 99
104 104
118 111 113 114 116 119
121 122 126 128
132 131 135 136 139
140 140
137 137
141 142 145 146 148
169 161 163 164 165 167
165 166 168
174 174 175 178 179 180
182 185 189
192 191 197 198 199
