Soda China Kenya Kuwait Pitcairn Nauru Albania Barbados Denmark British Saint Costa Kyrgyzstan Bermuda Indonesia Congo Heard Rwanda Nigeria Mozambique Finland Lebanon Samoa Malawi Croatia Maldives Germany Iraq Germany Soda
18
Soda Cambodia Burkina Bahamas Northern Liberia
China Argentina Ireland Kiribati Lao
Kenya Japan Algeria Moldova Republic
Pitcairn Pitcairn Macao Palau Nigeria Mayotte Latvia
Albania Albania United New
Barbados Korea Burundi
Denmark Sint British Mexico Singapore
Saint Saint Jamaica Pakistan Belize Netherlands
Kyrgyzstan Kyrgyzstan Antigua Sao Niger Hong
Indonesia Indonesia
Congo Congo Luxembourg Egypt
Rwanda Rwanda
Nigeria Aruba Fiji
Finland Finland
Lebanon Lebanon
Malawi Malawi
Croatia Croatia
Iraq Iraq
