8 97 105 152 185 141 125 98 145 108 74 118 110 102 149 90 88 85 16 17 18 39 26 25 27 93 45 41 61 41 58 72 54 51 64 68 115 156 190 158 170 193 187 169 108 145 98 8
29
8 2 3 4 5 6 29 30 33 79 80 82 83 97
97 49 52 105 123 125 126 142 144 152 153
105 65 66 68 113 164 165
185 185
141 173 174
125 120 121 124 127 172
98 54 99 145
145 88 100
108 38 40 70 72 109 115 116 147 167 168 169
74 55 59 71 73 118
118 78 160 171
110 42 102
102 24 45 90 95 136
149 179 181 182 183 188
90 19 23 87 89 91 135 137
85 85
16 17 35
17 21 22
39 39
26 26
25 25
93 93
61 61
72 53 69
51 51
64 64 47 63
190 190
158 191 192
193 193
