Building99 Building98 Building51 Building50 Building48 Building67 Building63 Building49 Building66 Building72 Building62 Building55 Building76 Building77 Building81 Building77 Building79 Building26 Building24 Building25 Building24 Building28 Building6 Building8 Building5 Building7 Building5 Building2 Building9 Building10 Building12 Building20 Building21 Building16 Building18 Building15 Building20 Building22 Building92 Building96 Building86 Building82 Building86 Building96 Building89 Building90 Building91 Building88 Building91 Building90 Building89 Building85 Building45 Building69 Building71 Building44 Building71 Building56 Building43 Building52 Building46 Building60 Building59 Building60 Building55 Building76 Building77 Building79 Building26 Building23 Building32 Building38 Building29 Building31 Building37 Building42 Building37 Building34 Building39 Building41 Building29 Building38 Building32 Building23 Building27 Building21 Building22 Building19 Building98 Building99
31
Building51 Building51 Building50 Building61
Building67 Building67 Building47 Building52 Building53 Building63 Building71
Building49 Building49
Building66 Building66
Building72 Building62 Building74
Building55 Building55
Building76 Building76
Building81 Building81
Building26 Building26 Building23 Building28
Building25 Building25
Building6 Building6
Building8 Building8 Building0 Building5
Building7 Building7
Building9 Building9
Building12 Building12
Building20 Building20
Building21 Building21
Building16 Building16
Building18 Building18
Building92 Building92
Building96 Building96 Building83 Building85 Building93 Building94 Building97
Building82 Building82
Building91 Building91
Building88 Building88
Building69 Building69
Building44 Building44
Building43 Building43
Building59 Building57 Building68
Building29 Building33 Building41
Building42 Building42
Building39 Building39
