Building65 Building66 Building64 Building66 Building99 Building66 Building83 Building30 Building20 Building18 Building24 Building28 Building25 Building31 Building35 Building42 Building39 Building71 Building82 Building73 Building77 Building70 Building94 Building97 Building96 Building97 Building94 Building70 Building76 Building33 Building44 Building41 Building35 Building38 Building37 Building54 Building51 Building52 Building55 Building4 Building7 Building59 Building62 Building63 Building61 Building58 Building16 Building21 Building11 Building21 Building13 Building14 Building10 Building14 Building12 Building88 Building91 Building90 Building84 Building90 Building88 Building12 Building14 Building6 Building4 Building7 Building59 Building7 Building8 Building64 Building66 Building65
29
Building66 Building44 Building64 Building83 Building99
Building64 Building3 Building8 Building57
Building99 Building4 Building22
Building83 Building13 Building30 Building36 Building73 Building76
Building20 Building20 Building27 Building80
Building24 Building24
Building28 Building1 Building25
Building25 Building31 Building41 Building46
Building35 Building35
Building42 Building42
Building71 Building71
Building82 Building82
Building77 Building79 Building81
Building94 Building94 Building92 Building97
Building96 Building96
Building33 Building33
Building44 Building32 Building51
Building38 Building15 Building37 Building45
Building54 Building54
Building55 Building55
Building61 Building61
Building58 Building58
Building16 Building16
Building11 Building11
Building10 Building10
Building88 Building88
Building91 Building91
Building84 Building84
Building59 Building59
