140 153 164 116 123 28 108 186 161 33 124 16 107 50 107 131 107 50 157 67 13 67 157 23 65 180 83 142 83 57 12 76 103 93 101 134 175 89 139 169 53 197 120 158 95 158 91 14 85 118 172 144 25 104 25 144 24 151 29 168 69 149 128 122 51 122 115 32 140
40
140 22 32 94 96 135 139 151 153 193
153 10 19 56 84 123 128 179
164 41 49 127
116 21 27 45
123 77 125 176
28 5 61 108 133 159
186 186 44 132 146 166 170 173
161 130 178
33 73 115 117 182 190
124 7 18 35 47 154 185
16 55 160
107 39 50 102
50 42 134 150 168
131 79 167
13 13
67 11 36 57
157 6 62
23 65 80
65 9 97 112
83 83 8 142
142 4 59 196
12 12
76 76
103 103
93 93
101 101
175 175
89 89 82 177
169 169
53 53
197 197
158 158
95 95
14 14
85 85
118 40 114
25 25
104 104
29 29
51 51
