TA0 TA10 TA9 TA8 TA7 TA18 TA90 TA89 TA90 TA41 TA40 TA39 TA38 TA12 TA33 TA32 TA33 TA22 TA21 TA26 TA25 TA24 TA85 TA84 TA48 TA47 TA46 TA55 TA56 TA27 TA28 TA27 TA79 TA80 TA81 TA82 TA66 TA65 TA64 TA63 TA62 TA9 TA35 TA77 TA76 TA77 TA92 TA93 TA94 TA93 TA48 TA49 TA37 TA36 TA0
26
TA0 TA1 TA10 TA36 TA99
TA10 TA9 TA54 TA59
TA9 TA8 TA35 TA62
TA8 TA7 TA49 TA92
TA7 TA6 TA18 TA73
TA18 TA19 TA90
TA89 TA89
TA41 TA40 TA42
TA39 TA39
TA38 TA38 TA12 TA47
TA33 TA33
TA32 TA32 TA58 TA61
TA22 TA21 TA23 TA71
TA26 TA26 TA25 TA27
TA24 TA24
TA85 TA85 TA84 TA86
TA48 TA48
TA47 TA46 TA50
TA56 TA56
TA28 TA28
TA80 TA80
TA81 TA81
TA64 TA64
TA63 TA63
TA76 TA76
TA94 TA94
