0 84 13 97 186 53 56 77 21 169 141 143 90 143 96 46 96 143 11 189 167 98 166 103 114 134 57 55 92 55 178 153 82 83 101 75 38 182 12 69 161 151 152 19 58 43 194 132 74 132 145 100 51 102 88 157 41 18 106 191 139 9 187 72 147 104 126 172 137 99 128 3 5 195 112 2 33 199 33 61 181 68 181 191 179 81 107 81 64 148 157 124 26 124 23 91 131 160 131 60 0
51
0 55 86 198
13 13
97 97
186 186 49 67 89 150
56 56
77 77
21 21 73 148 169
169 66 125 141
141 95 143
90 90 124 161 185 197
143 11 119 142
96 46 50 105 175
46 14 138
189 189 71 167
167 10 29 35 52 85 100 188
98 166 170
103 103
114 1 12 23 39
57 57 108 112
92 92 59 94 129
178 20 132
153 24 82
83 83 69 101 123
38 38
182 182
12 45 176
152 152
19 19
43 43
74 74
51 51
102 102
157 157
41 41
106 106 147 196
139 139
9 9
72 72
104 104
172 172
137 137
99 99
3 3
195 195
112 2 16
199 27 164
68 68
107 107
64 64
26 26
160 160
