2 157 53 193 145 42 188 35 199 121 7 79 7 121 196 155 178 82 95 90 177 90 62 139 55 130 184 189 182 67 116 28 174 180 126 114 100 198 128 173 59 20 27 98 36 152 162 173 59 5 125 31 10 194 93 101 150 127 12 81 25 37 86 65 4 112 158 163 5 169 63 26 11 23 34 181 45 102 117 164 138 13 8 87 175 48 129 19 143 41 85 9 60 142 60 9 17 191 168 61 172 113 99 165 140 149 171 179 16 133 16 179 171 18 14 22 76 51 176 192 0 186 38 46 38 83 73 58 1 187 1 58 73 83 38 186 136 119 68 89 69 134 94 57 15 30 15 57 108 105 21 92 190 112 4 161 109 131 156 159 148 195 56 44 104 115 147 32 147 198 100 114 107 43 80 118 6 71 43 107 114 100 198 147 115 104 44 56 195 199 97 144 106 144 97 199 35 60 9 85 41 2
72
157 157 2 49 53
193 193 50 145
145 42 52
188 188
35 35
199 97 121
121 7 196
79 79
178 178
82 82 95 110
90 90
177 177
62 14 94 96 139
55 55
130 130
189 189 122 182
182 67 174
116 116
28 28
126 126
114 114
100 100
128 128 86 131 173
59 59
27 27 98 141
36 36
125 125
194 194
93 93
12 12
25 25
4 4 112 161
158 158
63 63
26 26
23 23
34 34
181 181
164 164
138 138
13 13
8 8
48 48
85 85
142 142
61 61
113 113
165 165
149 149 3 171
179 179
133 133
76 76
51 51
192 192
0 0
186 38 136
46 46
73 73
58 58
187 187
119 119
15 15
30 30
92 92
156 156
56 56
44 44
115 115
32 32
80 80 54 118
6 6
106 106
