Warfield Chilbury Brackcompwang Chelmstanwell Hammerringey Chedberdon Pendingbrook Ketsmith Whitchester Ketsmith Pendingbrook Suddlecastle Faldinghead Pendlewood Faldinghead Pendlewood Falport Botherseyworth Falport Cicombe Todtree Worhall Ashborne Hannenmanswick Cammerrensmoor Stainbrough Worberbrook Dartseyworth Bastleseyham Emmerdown Fulbage Millendon Chedtree Burglebrough Sudsmith Burglebrough Chedtree Siringwang Whitchester Ketsmith Warfield
22
Warfield Chilbury Basringney
Chilbury Warfield Brackcompwang
Chelmstanwell Chelmstanwell Ellingreham Pendingbrook Hammerringey
Hammerringey Barndberbrough Skelling
Chedberdon Suddleover Southbasport Wyborne Northall
Pendingbrook Suddlecastle Elmansham Tipwick Chiphead Dribbingworth
Ketsmith Ashfield Soddlewick Whitchester Leatherbleside Skellingden
Whitchester Ketport Siringwang
Pendlewood Pendlewood Horstlescompstoke Falport
Faldinghead Chedderrenswich Hamsling
Falport Suddleborne Burglebrough Botherseyworth Cicombe Suddlecombe
Botherseyworth Chippingsted Cambingstoke
Todtree Todtree
Worhall Worhall
Ashborne Ashborne
Hannenmanswick Hannenmanswick
Cammerrensmoor Cammerrensmoor
Stainbrough Stainbrough
Worberbrook Worberbrook
Bastleseyham Bastleseyham
Millendon Millendon Chedtree Windling
Sudsmith Sudsmith
