Whitgrove Worberney Egwick Pemnell Penddenchester Botbage Bursted Botbage Botwick Endingrensby Shaftborough Hannersmith Worhall Hampingworth Worford Elwold Worford Rotherlow Abgleham Sundlethorne Fullensborne Bastlebury Emmerley Bastlebury Chilsmith Stapbrook Skellingover Warsmith Horsnell Siavon Horsnell Warsmith Falderbrough Southbury Abglewold Sundcompney Prestwick Egmerhampton Suddenmoor Staincombe Stapbrook Wetwick Stapbrook Cirerham Dartden Shaftwick Leatherport Aldtree Toddenmoor Durbrook Sodport Durbrook Worberney Whitgrove
31
Whitgrove Dribblecombe Ribberrenston Hampingbascombe Siey Sodberling
Worberney Sirenshall Alfmere Falderseythorne Tippenbrook Durbrook Hampingcastle Whitgrove Cihead Cannerthorne Bursmith Melwood
Egwick Staplow Endleberey Hamwold Whitringlake Bootwick Redcombe
Pemnell Blansbrook Rothingcombe Sundlethorne Suddenmoor Egsted Worford
Penddenchester Boothingmanstree Skellenshot Rothendcombe Nortwell Tipstoke Reddendeney Siavon Wychchester Suddingover Marlcester
Botbage Bromstanham Botbeck Milthorne
Bursted Chedworth Watchlake Ketchester Rotherlow
Botwick Sifield Elside Farnditch Wendleringdown Skelberden Waltbeck Tippingbage Faldenhall
Endingrensby Eley Worrenberwang Candleswick Shaftborough Ellerbridge Toddenmoor
Shaftborough Penby Wychcompwold
Hannersmith Worhall Tippendham Dribberham
Hampingworth Hampingworth Basditch Casbrook Wolley
Worford Abcester Stapbrough
Elwold Falworth Ketnell Endingnell
Abgleham Abgleham Wycastle Wethampton
Sundlethorne Sundendford Bothenton
Bastlebury Bastlebury Emmerley Southmere
Emmerley Clereennell Southbury
Skellingover Skellingover
Horsnell Horsnell
Siavon Bothenhall Enderbeck Todhampton
Warsmith Wetsmith Horstleover
Falderbrough Farndlesover Marlbrook
Abglewold Abglewold
Prestwick Prestwick
Egmerhampton Egmerhampton
Staincombe Staincombe
Wetwick Wetwick
Dartden Dartden
Leatherport Leatherport
Sodport Sodport
