Plano SantaClara Rockford Riverside Tallahassee Cincinnati Olathe Irvine HuntingtonBeach Charlotte NewHaven Birmingham Salinas AnnArbor Jackson FortLauderdale Elizabeth Akron Hollywood Fontana PembrokePines Seattle Lafayette Topeka Mesa Memphis Washington Sunnyvale Pasadena Syracuse Worcester NewOrleans Surprise Greensboro Fremont Madison Fremont CorpusChristi Spokane Chicago Salinas Sacramento SantaClara Plano
26
Plano Rockford Riverside SantaClara Pasadena Lafayette HuntingtonBeach SantaRosa
SantaClara Irving Norman SanFrancisco Hampton MorenoValley
Rockford LasVegas Salinas
Riverside OklahomaCity Cary
Tallahassee Cincinnati Miami SanAntonio
Olathe Olathe
Irvine Irvine LittleRock Mobile SimiValley Hartford
NewHaven NewHaven FortLauderdale Pomona SantaClarita SiouxFalls Anchorage Davidson Portland Corona Stamford Escondido Denton Brownsville Glendale Killeen Thornton ThousandOaks Surprise Norfolk McAllen Tampa FortCollins Knoxville SanBernardino
Birmingham Raleigh Houston Fremont
AnnArbor AnnArbor Mesquite StLouis Tulsa Lincoln Anaheim Vallejo Huntsville Torrance LouisvilleJefferson
Jackson Garland Omaha
Elizabeth Elizabeth JerseyCity GardenGrove OWO Hayward Akron Waco Lancaster Pikachu Glasses
Hollywood Hollywood
Fontana SanJose Allentown
PembrokePines Ontario Wichita
Seattle Vancouver Denver Atlanta
Lafayette GrandPrairie Laredo
Mesa Mesa Oxnard Montgomery Charleston Beaumont Warren Memphis
Sunnyvale Sunnyvale
Pasadena AugustaRichmond Dallas
Worcester Worcester
NewOrleans NewOrleans
Greensboro Greensboro
Madison Madison
CorpusChristi CorpusChristi
Chicago Chicago
