0 185 23 153 162 156 175 117 41 72 184 122 195 29 90 29 182 183 63 180 21 45 199 52 78 72 10 146 71 140 197 30 17 137 17 114 154 153 23 185 0
27
0 1 2 15 56 66 67 84 94 193
185 0 23 115 130
23 22 39 93 143 153 166 167
153 24 33 111 154 172
162 16 18 27 42 47 50 68 74 158 190
156 38 100 107 133 184
175 5 70 96 98 125 128 173
117 14 86 134 141
41 65 69 72 103 151
72 17 28 78
184 8 138
122 20 101 120 164
195 160 182
29 3 31 157
90 9 83 102 114 116 152
183 183
63 11 13 174
21 21 43 129
199 199 35 52 59 89
52 51 159
78 26 177
146 146
71 71
197 197
30 4 81
137 137
154 80 187
