wNqlpYNsRbJEgiGpKxrU lbWonvEbeplndKguSTkk lIpVoDPUIfHCPpjswogJ twwHXGyTBfZUDOGVnCzA IamFpWICdyBhLFRVaylm vIbIQYXZnmYrooTLYNtu fgzJCwocQniGlXAZHJId UIlSMnVKIdNiXZNSiHsI oDgfEuAVpeOlkkTIMDLw iVjkcMenotYGMFEBTvoa gFUGYXSirCYiFTivWNah TOntbQDzHvMkxiKuanmw zNRhhVdMWUgTnnqmAfeY syonLisTOSczosCwoILE CvZkdIYtdeDHtwufupie QyXpliHSeQOPIsurIcpa ANDviqMIuFwdcboQDprt YTwycpmzEWCqqTELtzXc aGPbLNWYAMujnfHCTCMo HeWrJOKsDjgdrcamgZLN uUKZHvHmBrpBHjYWNaUL MBJqOYmxhUYbldNVEdRy EEeDJaHeajXXlwYcHTeJ efZntVbfQTvIUOiRNPSH shugRMnaHVqQSmKaNBgu yYaxxtTIkvUeyUpwOvuY shugRMnaHVqQSmKaNBgu IvXQutSorlqOgnSVAIUd jUSlIFtitQxyvVLJjiCc scpUkbcaYSAsHhSktebT rlhNoKeiidsZhBEuQAJw oKAKfpUUuLItChLyByFh IvXQutSorlqOgnSVAIUd edlAtPQdNXJQPCIzpkyX xgBrJmdXVwtxgRuCBhMe pzrGQEObzJGPnfATEYDc wlySPverjehsBxldyigf oKHxHZxgXgKSVZAEEVVZ ZauPfhkpsGmhbvkhkltR FaWIqatYRYVcXfVhAFRN XtZHoAxqEyzvMChzPHpN msuaKihWIEeUaCCcyjIZ UdSbtwxTqTJxOiUoxEqw imEmCMbYEtZJJkwxkSDD TEPaiCedHTXapLxoBXMp HAIYkMkIfhypoRlxuZoB oLMkSrYLQRLHmPiuLCTC umZXKcxkweEplHZdotgU wuSVWJYvpiWaQAHXocSG cMYyKTXGNKnFzrpwnXUl vTbNxpVTEoFlSjvvVvfG UbXJPGdXWEZlkrHjZKDr nreoVgWrBhNXFZgTBlXO gqsFUfkkQrlyYYdSXwmt DZEpVGVXkxHljziwItaS QjbdwbUnopENkiNyqirZ qoaNjvaRghiMQXaVEoQe GgcKFGLsvBOskeWiAUHx KcrnMnFDTrBKaUaGpdLY mgNeYYUOPKpLeiVEFIXd NtyLZDOaSczVvOGdocUp qDLPWLkWayzdxIYSKLER gDYKDrbERUXTnCayjBrC fosrykBjHtdvgWTEWXFR svUOWvTJLneAqJGnExpc oZXYedlbtBLmkfoVmgta NJZlnWyeJFrkOwoqHKtT yscsUFTNNyaVMKBztBdV EhDFVLWZueLOrdjEOzEQ RQlEqfIvpsUfBSzSkvip cmmlyhRSZpCVODfRPvaA wNqlpYNsRbJEgiGpKxrU
45
lbWonvEbeplndKguSTkk lbWonvEbeplndKguSTkk eOfnBeTgmYCNEnRUhlEK oZXYedlbtBLmkfoVmgta igyeOiSdezmmXGTwMzLw qfRRtdRbhYJBARMfPlZM
lIpVoDPUIfHCPpjswogJ WMWBpOSnHGywZjCgaYyY cwgJAHVpCCTmuckJkncL wfEFdNDcColoskjTjcLm nCedHqGgdWAicwyuYWpg yscsUFTNNyaVMKBztBdV QjbdwbUnopENkiNyqirZ
twwHXGyTBfZUDOGVnCzA GMxGouyyndiUBMqMdOoc eiLPqIroFfCGzqSAlzAp NIJaJxCurulNUdZZMxFk FWnudSYFvYQJHehOpEKf
IamFpWICdyBhLFRVaylm kqcEdfKLaRzxOhAIzchh xlbpuxAjoVPJWPCWBEkJ vIbIQYXZnmYrooTLYNtu
vIbIQYXZnmYrooTLYNtu bFmSeBrfNuxjYPUDCLYq wlySPverjehsBxldyigf hLaNXBYgTzgUhvjmqUTu fgzJCwocQniGlXAZHJId EmbDgEECbkHbfAfHCgwB CbGuHgZfQMmSOfHDFJnK
UIlSMnVKIdNiXZNSiHsI UIlSMnVKIdNiXZNSiHsI eobSFtKBbBdcVrTOREdK CvZkdIYtdeDHtwufupie bEfUXCTlwRBndElSbPGf
oDgfEuAVpeOlkkTIMDLw mgNeYYUOPKpLeiVEFIXd ADVVlRLpnspleRTgeTdu
iVjkcMenotYGMFEBTvoa QePOUWiXcAUCoHETxuGS VIPPawblKbhOVWrmrWBx
gFUGYXSirCYiFTivWNah RlHeRhvUOhGhZVGGJuED gcXUxTVUZWsOwtRNeDDa juzxSpUVuccJUMBOcJjO ayQgUwyRuQVKeyFLPNbQ erZKLqpCZsYKDnOCaBGq
zNRhhVdMWUgTnnqmAfeY zNRhhVdMWUgTnnqmAfeY QeYNNLpZMBxyiFbZMPFY syonLisTOSczosCwoILE
syonLisTOSczosCwoILE jznspKyqlmxZtgfQUJVB aIuYyryCOUGVeCAqbqkg
CvZkdIYtdeDHtwufupie NPSPGRTNRcKKVpsBRSwh QyXpliHSeQOPIsurIcpa ZXihCBEQBTdisqSlEMsj szyiMlKhtyOynWjcoMsm oHoxoLeyDYnKZDzgMtxI
QyXpliHSeQOPIsurIcpa ANDviqMIuFwdcboQDprt XvUPApTFkqaSSizYsCIr DpztIuGTRpGuLsdlODJw
YTwycpmzEWCqqTELtzXc YTwycpmzEWCqqTELtzXc
aGPbLNWYAMujnfHCTCMo aGPbLNWYAMujnfHCTCMo ihxEqMQIIvyQmtrtMjeO lSJjEsqamUCgRZdCmdyI HeWrJOKsDjgdrcamgZLN kyApsCeFkLoLFCdkazaE
HeWrJOKsDjgdrcamgZLN zHPSSEtFTQIbLYMdHqgP kwPuYZgJgVVJfdBGUtPw ccdJRKiTXwIErdhSIxfh
uUKZHvHmBrpBHjYWNaUL MBJqOYmxhUYbldNVEdRy ZwvojvRdUOYNJXIwAqgC
MBJqOYmxhUYbldNVEdRy PZwTcKCPsEmpxetNZvef NzDQJknJPDEkcwCHzzbF EEeDJaHeajXXlwYcHTeJ
EEeDJaHeajXXlwYcHTeJ scpUkbcaYSAsHhSktebT efZntVbfQTvIUOiRNPSH
shugRMnaHVqQSmKaNBgu shugRMnaHVqQSmKaNBgu wvSJDoqoPGAkYgSuPFPw IvXQutSorlqOgnSVAIUd NJZlnWyeJFrkOwoqHKtT
yYaxxtTIkvUeyUpwOvuY pMOSpTzPTPLXHLOQMjnt XPPBMlNyfVVeZGIzTCEW
jUSlIFtitQxyvVLJjiCc jUSlIFtitQxyvVLJjiCc
scpUkbcaYSAsHhSktebT JVONrXhhmtFWhFfDiOXW JvFxbsySBAiFiOUrzrBi
oKAKfpUUuLItChLyByFh oKAKfpUUuLItChLyByFh
edlAtPQdNXJQPCIzpkyX edlAtPQdNXJQPCIzpkyX
xgBrJmdXVwtxgRuCBhMe xgBrJmdXVwtxgRuCBhMe
pzrGQEObzJGPnfATEYDc pzrGQEObzJGPnfATEYDc
wlySPverjehsBxldyigf SitzoubgYFeTjmkLjVPz fpoTaBKmVdlDCxFwCFoz NYdfLxXxFVvLEbDKzXWn
ZauPfhkpsGmhbvkhkltR ZauPfhkpsGmhbvkhkltR
XtZHoAxqEyzvMChzPHpN XtZHoAxqEyzvMChzPHpN
UdSbtwxTqTJxOiUoxEqw UdSbtwxTqTJxOiUoxEqw
imEmCMbYEtZJJkwxkSDD imEmCMbYEtZJJkwxkSDD
TEPaiCedHTXapLxoBXMp TEPaiCedHTXapLxoBXMp
oLMkSrYLQRLHmPiuLCTC oLMkSrYLQRLHmPiuLCTC
wuSVWJYvpiWaQAHXocSG wuSVWJYvpiWaQAHXocSG
cMYyKTXGNKnFzrpwnXUl cMYyKTXGNKnFzrpwnXUl
vTbNxpVTEoFlSjvvVvfG vTbNxpVTEoFlSjvvVvfG
nreoVgWrBhNXFZgTBlXO nreoVgWrBhNXFZgTBlXO
DZEpVGVXkxHljziwItaS DZEpVGVXkxHljziwItaS
qoaNjvaRghiMQXaVEoQe VRpSthoDcomqMDsGoVql joWAhkfNqIEECnBeulGl
KcrnMnFDTrBKaUaGpdLY KcrnMnFDTrBKaUaGpdLY
NtyLZDOaSczVvOGdocUp NtyLZDOaSczVvOGdocUp
gDYKDrbERUXTnCayjBrC gDYKDrbERUXTnCayjBrC
svUOWvTJLneAqJGnExpc svUOWvTJLneAqJGnExpc
EhDFVLWZueLOrdjEOzEQ EhDFVLWZueLOrdjEOzEQ
