0 1 3 1 6 7 6 11 16 21 26 32 33 32 26 21 16 11 6 1 0 198 197 196 191 196 197 198 0 1 6 11 16 21 26 32 31 37 38 36 42 41 44 41 46 51 57 58 56 61 66 71 76 81 87 86 90 86 92 93 91 96 101 106 112 113 111 114 111 116 118 116 121 127 128 126 131 135 131 136 141 146 149 146 151 156 162 163 161 167 166 171 173 171 176 181 186 192 191 196 197 198 0
46
3 3
7 7
11 12 13 14
16 17 19
21 22 24 25
26 27 29 30 32
33 33
191 192 193 195
31 34 35
38 38
36 39 42
44 44
46 47 48
51 52 53
58 58
56 59 60
61 62 63 64 65
66 68 70
71 72 73 74 75
76 78 79 80
81 82 83 84 87
90 90
93 93
91 94 95
96 97 98 99 100
101 102 103 104 105
106 107 108 109 112
113 113
114 114
118 118
121 122 127
128 128
126 129 130
135 135
136 137 138 139 140
141 142 143 144 145
149 149
151 152 153 155
156 159 162
163 163
161 164 165
166 169 170
173 173
176 179 180
181 183 184 185
186 187 189
