Dannemora Hamburg Hillburn Ghent Depauville Fredonia Harbor Fayetteville Herkimer Hicksville Depew Geneva Hancock Freeville Farnham Florida Farmingville Frewsburg Dunkirk Delanson Dansville Delevan Galeville Germantown Dexter Fulton Gardiner Falconer Gasport Oceanside Fair Oceanside Freeport Forestville Davis Fishkill Mills Fabius Norwich Forest Fishers Haviland Gilbertsville Flanders Frankfort Goshen Highland Firthcliffe Earlville Deposit Earlville Fire Dannemora
28
Dannemora Fabius Fire
Hamburg DeRuyter Fleischmanns Flower Franklin
Ghent Ghent Depauville Freeport
Fredonia Fredonia
Fayetteville Fayetteville
Depew Depew
Geneva Geneva Fairport Fairview
Freeville Freeville Delhi Farnham
Florida Florida Deer Farmingville
Frewsburg Frewsburg
Dunkirk Dunkirk
Delanson Delanson
Dansville Dansville Deferiet Delevan Franklinville
Galeville Galeville Fishkill Germantown
Germantown Delmar Dexter
Dexter Fairmount Fulton
Gardiner Gardiner Falconer Friendship
Gasport Gasport
Fair Fair
Freeport Fonda Forestville
Davis Davis
Forest Forest
Fishers Fishers
Flanders Flanders
Frankfort Frankfort
Firthcliffe Firthcliffe
Earlville Earlville
Deposit Deposit
