Acton Carlsbad Bellflower Bolinas Angwin Atascadero Antioch Folsom Caribou Anderson Cerritos Bell Artesia Fallbrook Bonita Belvedere Arcadia Burbank Galt Brentwood Biola Arbuckle Cartago Bodfish Cotati August Castroville Fontana Colusa Adelanto Bradbury Bakersfield Burney Chino Bootjack Cloverdale Altadena Foresthill Covelo Farmersville Gardena Campbell Arnold Bradley Capitola Delleker Buttonwillow Boronda Beckwourth Calistoga Anaheim Brisbane Corning Brawley Alhambra Burlingame Ducor Bloomington Cupertino Auberry Cupertino Duarte Carmichael Chualar Delano Armona Berkeley Alameda Berkeley Auburn Ceres Avalon Alamo Ferndale Clearlake Bishop Fruitdale Escondido Fruitdale Avenal Chowchilla Benicia Beaumont Calabasas Coachella Amesti Cabazon Crockett Calipatria Escalon Alpaugh Bell Cerritos Downey Blairsden Atherton Blairsden Calexico Florin Alturas Dinuba Colusa Coronado Belmont Cambria Cayucos Cambria Alhambra Brawley Eureka Concow Carlsbad Acton
57
Carlsbad Carlsbad Alpaugh Bellflower
Bolinas Bolinas
Angwin Angwin Atascadero Bayview
Atascadero Antioch Bonsall
Antioch Banning Bluewater Carson
Folsom Biggs Caribou
Anderson Anderson Calexico Ceres Cerritos
Cerritos Aptos Bell Broadmoor
Artesia Artesia
Bonita Bonita Belvedere Carrick
Belvedere Arcadia Calistoga
Arcadia Belmont Burbank Calwa
Burbank Brisbane Calimesa Camarillo
Brentwood Brentwood Biola Calabasas
Arbuckle Arbuckle Blythe Cartago
Bodfish Bodfish
Cotati August Boron
Castroville Castroville
Fontana Alpine Canyondam
Adelanto Adelanto
Bradbury Bradbury
Bakersfield Bakersfield
Burney Burney
Bootjack Bootjack Aromas Azusa
Altadena Altadena
Covelo Ashland Caruthers
Farmersville Almanor Auburn Carpinteria
Gardena Belden Campbell
Arnold Arnold
Bradley Bradley
Capitola Capitola Avery Barstow
Buttonwillow Buttonwillow Boronda Bowles Bystrom
Beckwourth Beckwourth
Anaheim Anaheim
Corning Arcata Brawley Cambria
Alhambra Alhambra
Burlingame Burlingame
Bloomington Bloomington
Auberry Auberry
Carmichael Carmichael
Armona Armona
Berkeley Berkeley
Alameda Alameda
Avalon Avalon
Alamo Alamo
Bishop Bishop Arvin Brea
Fruitdale Avenal Byron
Escondido Albany Atwater
Benicia Benicia
Beaumont Beaumont
Amesti Amesti
Cabazon Cabazon
Calipatria Calipatria
Blairsden Blairsden
Atherton Atherton
Alturas Alturas
Cayucos Cayucos
