h0 h57 h8 h6 h4 h56 h3 h9 h55 h14 h41 h82 h22 h64 h35 h47 h46 h45 h25 h45 h46 h36 h98 h37 h28 h27 h97 h20 h18 h50 h49 h92 h17 h80 h12 h79 h13 h60 h15 h61 h78 h16 h62 h92 h80 h63 h41 h82 h65 h2 h58 h21 h67 h26 h66 h85 h29 h99 h86 h38 h72 h32 h34 h33 h23 h44 h68 h43 h68 h42 h0 h67 h26 h66 h84 h45 h74 h87 h75 h39 h90 h40 h91 h28 h37 h98 h46 h45 h84 h66 h26 h67 h0
37
h0 h1 h42
h8 h8 h5 h6
h6 h4 h7
h3 h3
h9 h9 h10 h11
h14 h14
h41 h41
h22 h22
h35 h35 h47 h48
h47 h36 h46
h45 h45
h25 h25
h36 h18 h19
h37 h37
h28 h28
h27 h27
h20 h20
h50 h50
h49 h49
h17 h17
h12 h12
h13 h13
h15 h15
h16 h16
h2 h2
h21 h21
h26 h26
h85 h24 h29
h38 h38
h72 h30 h31 h32
h34 h34
h33 h33
h23 h23
h44 h44
h43 h43
h39 h39
h40 h40
