6 195 193 195 188 186 182 186 188 181 174 172 169 172 174 167 174 181 180 177 180 181 174 167 160 158 160 153 151 148 151 153 152 153 146 145 142 145 146 139 137 139 138 136 138 139 132 125 124 122 124 125 132 131 132 130 126 130 132 125 123 120 123 125 118 116 112 116 118 111 110 111 109 111 104 103 104 97 96 94 96 97 90 89 87 89 90 83 76 83 81 77 81 83 82 80 82 83 76 69 62 69 68 65 68 69 67 64 67 69 62 55 53 50 53 55 54 51 54 55 48 47 44 47 48 46 43 46 48 41 39 41 40 38 40 41 34 27 25 22 25 27 20 13 12 10 12 13 20 27 34 33 34 27 20 19 17 19 20 13 6 4 1 4 6 5 2 5 6 195 188 187 184 187 188 181 174 167 165 161 165 167 160 153 146 144 140 144 146 139 132 125 118 117 115 117 118 111 104 97 95 91 95 97 104 111 118 125 132 139 146 153 160 167 174 181 188 195 6
59
195 6 194
193 189 190
188 181 186
182 182
181 174 179
172 172
169 169
167 160 165 166
177 177
158 154 155
148 148
152 149 150
145 145
142 142
137 133 134
136 136
124 124
122 122
131 128 129
126 126
120 120
116 116
112 112
110 110
109 105 106
103 103 100 101
97 90 96
94 94
90 83 88
87 87
76 76 69 74 75
77 77
80 80
62 62 60 61
65 65
64 64
53 53
50 50
51 51
48 41 47
44 44
43 43
39 39
38 38
34 27 32
25 25
22 22
20 18 19
13 11 12
10 10
33 30 31
17 17
1 1
2 2
184 184
161 161
140 140
115 115
91 91
