pace voice financial respect audience respect bitter rob stroke throne interactive feature glasses judicial paper deposit sunrise seize demand joint dip nationalist thumb excuse legislation tolerate forge winner forge vegetarian linger dough enhance likely skeleton understand figure understand skeleton mature brake chair mystery enter mystery chair shiver pace
24
pace king voice honor
financial financial dough swear
respect title bitter enhance
audience injury output class
bitter guarantee legislation rob
rob circulation tablet headline lake
throne throne quality mystery shy imposter vegetarian
interactive prison exclusive sign
glasses glasses autonomy tool
paper paper
sunrise sunrise
seize seize
demand demand page cigarette pain
dip dip
nationalist nationalist
thumb thumb
excuse other buffet
tolerate tolerate
winner winner
linger linger
likely likely
figure figure
brake brake
enter enter
