pace other quadruple ask enemy desk injection gallon profound view dive coincide identity pier bleed smile bleed curriculum bleed pier approval rent sunrise audience ignore shiver structure throne country triple prospect mature native development exempt buffet election lifestyle cotton paper terminal forge confrontation railcar tool railcar assume acceptance nationalist brake scheme brake nationalist swop electronics swop joystick beg ex teacher hospitality terms thumb terms deter note physics dough greeting begin science deposit rage dialogue home flag injury tolerate expression assignment expression buffet exempt dramatic opposed dip exclusive vegetarian exile title mystery driver mystery title due speaker sign honor comfortable likely other pace mixture chair mixture mercy science enter offset chew curriculum bleed sign speaker pace
51
pace market other respect
other pace likely quadruple
quadruple imposter ask electronics
ask enemy candle
enemy stress control illusion
desk injection spoil development
injection financial pardon
gallon skeleton profound coffin
profound coast virgin
dive dive
coincide coincide
identity identity straighten deter
smile smile headline drawer
bleed environment knot curriculum
curriculum excuse rob
pier pig interactive swop
rent rent swear atmosphere
audience audience
ignore ignore due shiver decisive liver
structure structure output throne bowel
throne boom country
triple triple
mature mature page native
native attraction widen mercy
development feature exempt confrontation
buffet buffet election pipe
election guarantee lifestyle
cotton cotton
paper autonomy viable
forge forge
railcar railcar
tool tool
acceptance acceptance
scheme scheme
electronics exclusive interface
teacher teacher
thumb thumb
note note physics tablet
dough dough
greeting greeting
begin begin
rage rage
home home error flag
injury injury
assignment assignment
dip dip
exile exile
driver driver
comfortable comfortable
chair chair
offset offset
