1 6 1 10 1 14 1 18 1 22 1 56 1 60 1 64 1 68 1 72 1 106 1 110 1 114 1 118 1 122 1 156 1 160 1 164 1 168 1 172 1 2 1 26 27 28 27 26 1 76 77 78 77 76 1 126 127 128 127 126 1 176 177 178 179 180 179 178 177 176 1 50 51 52 51 50 1 100 101 102 101 100 1 150 151 152 151 150 1 26 27 28 29 30 29 28 27 26 1 76 77 78 79 80 79 78 77 76 1 126 127 128 129 130 129 128 127 126 1
32
6 7 8 9
10 11 12 13
14 15 16 17
18 19 20 21
22 23 24 25
56 57 58 59
60 61 62 63
64 65 66 67
68 69 70 71
72 73 74 75
106 107 108 109
110 111 112 113
114 115 116 117
118 119 120 121
122 123 124 125
156 157 158 159
160 161 162 163
164 165 166 167
168 169 170 171
172 173 174 175
2 3 4 5
28 28
78 78
128 128
178 178
180 180
52 53 54 55
102 103 104 105
152 153 154 155
30 30
80 80
130 130
