L0 L73 L86 L139 L94 L88 L21 L162 L166 L68 L110 L117 L52 L199 L106 L45 L46 L131 L145 L81 L55 L97 L29 L75 L178 L41 L101 L127 L40 L70 L3 L153 L25 L43 L194 L145 L0
26
L0 L1 L27 L30 L31 L33 L53 L57 L64 L73 L75 L116 L118 L123 L138 L145 L149 L163 L164 L168 L176
L73 L58 L74 L82 L102 L146 L147 L196
L86 L7 L39 L49 L112 L139 L142 L144 L160 L175 L177
L139 L94 L96 L104 L130 L165
L94 L20 L24 L95 L107
L88 L60 L109
L21 L54 L65 L143 L157 L192
L162 L12 L13 L38 L48 L50 L55
L166 L10 L68 L77 L84 L141 L188
L68 L2 L47 L69 L110
L110 L23 L121
L52 L52
L199 L199
L106 L106 L14 L59 L98
L46 L46 L152 L197
L131 L26 L29 L113 L132
L81 L81 L61 L80
L97 L97 L8 L18
L29 L62 L125
L178 L178
L41 L41
L127 L127
L40 L119 L135
L3 L3
L153 L153
L194 L194
