BukitBatokEast Simei SungeiRoad TiongBahruStation PearlsHill Redhill RobertsonQuay Sudong GaliBatuMandai ChoaChuKang Bayshore Hillcrest RiverValley Sembawang JooKoon Tyersall AirportRoad NeeSoon Bendemeer SimpangNorth GhimMoh SwissClub Springleaf CityHall TanjongPagar Frankel Tengeh Safti LowerSeletar DowntownCore Gombak LeonieHill BukitBatokEast
25
Simei Simei
SungeiRoad SungeiRoad
TiongBahruStation TiongBahruStation
PearlsHill PearlsHill
Redhill Redhill
Sudong Sudong
GaliBatuMandai GaliBatuMandai
ChoaChuKang ChoaChuKang
Hillcrest Hillcrest
RiverValley RiverValley
Sembawang Sembawang
JooKoon JooKoon
Tyersall Tyersall
NeeSoon NeeSoon
SimpangNorth SimpangNorth
GhimMoh GhimMoh
SwissClub SwissClub
CityHall CityHall
TanjongPagar TanjongPagar
Frankel Frankel
Tengeh Tengeh
Safti Safti
LowerSeletar LowerSeletar
DowntownCore DowntownCore
LeonieHill LeonieHill
