139 77 47 176 125 27 188 109 187 108 111 153 106 11 85 2 72 69 118 75 181 119 182 79 114 184 9 78 21 30 144 37 130 112 91 122 186 172 98 2 157 132 165 132 48 141 198 160 14 23 146 123 152 32 101 64 43 142 15 81 95 5 82 147 2 161 44 41 22 59 156 98 17 191 24 138 104 33 67 128 148 71 35 65 94 178 8 90 7 74 58 1 89 13 158 105 131 31 25 134 127 16 26 3 96 145 97 60 39 57 18 84 189 113 173 139
100
77 77
47 47
176 176
125 125
27 27
188 188
109 109
187 187
108 108
111 111
153 153
106 106
11 11
85 85
2 2
72 72
69 69
118 118
75 75
119 119
182 182
79 79
114 114
184 184
9 9
78 78
21 21
30 30
144 144
37 37
130 130
112 112
91 91
122 122
186 186
172 172
98 98
157 157
165 165
48 48
141 141
198 198
14 14
23 23
146 146
123 123
152 152
32 32
101 101
64 64
43 43
142 142
15 15
81 81
95 95
5 5
82 82
147 147
161 161
44 44
41 41
22 22
156 156
191 191
138 138
104 104
33 33
67 67
128 128
148 148
71 71
35 35
65 65
178 178
8 8
7 7
74 74
58 58
1 1
89 89
13 13
158 158
105 105
131 131
31 31
25 25
134 134
127 127
16 16
26 26
96 96
145 145
60 60
39 39
57 57
18 18
84 84
189 189
113 113
173 173
