1 68 55 127 86 100 10 100 36 100 188 100 28 100 174 191 60 134 100 24 100 113 100 148 100 150 100 172 100 153 100 101 115 18 100 141 21 158 199 159 54 171 180 100 63 100 189 89 186 100 56 100 0 22 111 100 178 195 124 84 170 30 8 12 100 97 99 193 49 93 29 27 125 182 100 31 100 137 155 183 100 59 121 157 100 74 100 26 35 57 119 117 43 131 76 80 175 44 100 192 100 196 45 100 83 100 15 100 142 151 50 88 19 100 3 100 136 100 138 100 77 177 164 105 100 129 100 25 100 38 100 194 100 82 100 163 32 160 16 1
100
1 1
68 68
55 55
127 127
86 86
10 10
36 36
188 188
28 28
174 174
191 191
60 60
134 134
24 24
113 113
148 148
150 150
172 172
153 153
101 101
115 115
18 18
141 141
21 21
158 158
199 199
159 159
54 54
171 171
180 180
63 63
189 189
89 89
186 186
56 56
0 0
22 22
111 111
178 178
195 195
124 124
84 84
170 170
30 30
8 8
12 12
97 97
99 99
193 193
49 49
93 93
29 29
27 27
125 125
182 182
31 31
137 137
155 155
183 183
59 59
121 121
157 157
74 74
26 26
35 35
57 57
119 119
117 117
43 43
131 131
76 76
80 80
175 175
44 44
192 192
196 196
45 45
83 83
15 15
142 142
151 151
50 50
88 88
19 19
3 3
136 136
138 138
77 77
177 177
164 164
105 105
129 129
25 25
38 38
194 194
82 82
163 163
32 32
160 160
16 16
