Soda Greece Belize Argentina Luxembourg Argentina Northern Aruba Liberia Republic Antigua Azerbaijan Pakistan Libya Iraq Iran Macao Lesotho Lao Lesotho Indonesia Bahamas Mexico Kiribati Guernsey Latvia Moldova Korea British Saint New Albania United Niger Algeria Norfolk Rwanda Hong Palau Pitcairn Japan Congo Burundi Macedonia Ireland Mayotte Malawi Croatia Sint Egypt Singapore Lebanon Finland Cambodia Jamaica Sao Kyrgyzstan Netherlands Fiji Nigeria Burkina Soda
50
Belize Belize
Argentina Argentina
Luxembourg Luxembourg
Northern Northern
Aruba Aruba
Liberia Liberia
Republic Republic
Antigua Antigua
Pakistan Pakistan
Iraq Iraq
Macao Macao
Lao Lao
Indonesia Indonesia
Bahamas Bahamas
Mexico Mexico
Kiribati Kiribati
Latvia Latvia
Moldova Moldova
Korea Korea
British British
Saint Saint
New New
Albania Albania
United United
Niger Niger
Algeria Algeria
Rwanda Rwanda
Hong Hong
Palau Palau
Pitcairn Pitcairn
Japan Japan
Congo Congo
Burundi Burundi
Ireland Ireland
Mayotte Mayotte
Malawi Malawi
Croatia Croatia
Sint Sint
Egypt Egypt
Singapore Singapore
Lebanon Lebanon
Finland Finland
Cambodia Cambodia
Jamaica Jamaica
Sao Sao
Kyrgyzstan Kyrgyzstan
Netherlands Netherlands
Fiji Fiji
Nigeria Nigeria
Burkina Burkina
