1FoundersRock 36CasaZimbabwe 43FacultyClub 50Bridge 57Wheeler 64Blackwell 71Hillegass 63Unit3 67InternationalHouse 69VarsityBerkeley 70Stonefire 74Martinez 76CasaZimbabwe 77OtherCoop 62Unit2 60Ehrman 56Giannini 55Hilgard 53Durant 49SatherGate 48Esplanade 46DoeLibrary 42UniversityHouse 41FoundersRock 39SanFransisco 35ChanningBowdwitch 34Martinez 32DeltaPhiEpsilon 80Oaktown 40Oaktown 45HearstMemorial 33Wada 52California 47SatherTower 44HearstGreekTheatre 38RajProperties 58NorthGate 61Unit1 51HearstGymnasium 54Wellman 73Wada 68SodaHall 65Foothill 59SouthHall 79SanFransisco 66ClarkKerr 72DeltaPhiEpsilon 75ChanningBowdwitch 37OtherCoop 31Hillegass 78RajProperties 1FoundersRock
50
36CasaZimbabwe 36CasaZimbabwe
43FacultyClub 43FacultyClub
50Bridge 50Bridge
57Wheeler 57Wheeler
64Blackwell 64Blackwell
71Hillegass 71Hillegass
63Unit3 63Unit3
67InternationalHouse 67InternationalHouse
69VarsityBerkeley 69VarsityBerkeley
70Stonefire 70Stonefire
74Martinez 74Martinez
76CasaZimbabwe 76CasaZimbabwe
77OtherCoop 77OtherCoop
62Unit2 62Unit2
60Ehrman 60Ehrman
56Giannini 56Giannini
55Hilgard 55Hilgard
53Durant 53Durant
49SatherGate 49SatherGate
48Esplanade 48Esplanade
46DoeLibrary 46DoeLibrary
42UniversityHouse 42UniversityHouse
41FoundersRock 41FoundersRock
39SanFransisco 39SanFransisco
35ChanningBowdwitch 35ChanningBowdwitch
34Martinez 34Martinez
32DeltaPhiEpsilon 32DeltaPhiEpsilon
80Oaktown 80Oaktown
40Oaktown 40Oaktown
45HearstMemorial 45HearstMemorial
33Wada 33Wada
52California 52California
47SatherTower 47SatherTower
44HearstGreekTheatre 44HearstGreekTheatre
38RajProperties 38RajProperties
58NorthGate 58NorthGate
61Unit1 61Unit1
51HearstGymnasium 51HearstGymnasium
54Wellman 54Wellman
73Wada 73Wada
68SodaHall 68SodaHall
65Foothill 65Foothill
59SouthHall 59SouthHall
79SanFransisco 79SanFransisco
66ClarkKerr 66ClarkKerr
72DeltaPhiEpsilon 72DeltaPhiEpsilon
75ChanningBowdwitch 75ChanningBowdwitch
37OtherCoop 37OtherCoop
31Hillegass 31Hillegass
78RajProperties 78RajProperties
