NENJIT ZJITEK RIEJGXSA HJANXPSU PEHTVQXDW PQHUEQ KUTCUN RZCLRJW PRANHUZWO WTGBMM QMQDBY XYVFHKPGH EIPVED SPKBX CQLIWA KQUKCKTD NDFUIQRA ZRBGORXP XVEIIY LFAYEWG MXOUMOMJ DYDBSTHU FULIXB UUBADXD MXPVTEZCH UEMUXMRIZ XAUNPSJR NENJIT
25
RIEJGXSA RIEJGXSA
HJANXPSU HJANXPSU
PEHTVQXDW PEHTVQXDW
PQHUEQ PQHUEQ
KUTCUN KUTCUN
RZCLRJW RZCLRJW
PRANHUZWO PRANHUZWO
WTGBMM WTGBMM
QMQDBY QMQDBY
XYVFHKPGH XYVFHKPGH
EIPVED EIPVED
SPKBX SPKBX
CQLIWA CQLIWA
KQUKCKTD KQUKCKTD
NDFUIQRA NDFUIQRA
ZRBGORXP ZRBGORXP
XVEIIY XVEIIY
LFAYEWG LFAYEWG
MXOUMOMJ MXOUMOMJ
DYDBSTHU DYDBSTHU
FULIXB FULIXB
UUBADXD UUBADXD
MXPVTEZCH MXPVTEZCH
UEMUXMRIZ UEMUXMRIZ
XAUNPSJR XAUNPSJR
