132 126 122 118 102 104 90 86 88 96 92 98 100 108 106 176 137 17 161 146 188 149 136 171 183 167 133 156 159 152 166 160 182 82 80 72 78 76 68 64 66 62 60 56 46 38 36 40 44 142 180 2 3 5 6 8 9 177 13 148 135 193 197 181 196 198 194 189 138 184 154 192 162 33 35 39 41 45 47 61 81 75 77 155 85 87 91 95 97 101 105 109 113 195 31 28 27 26 25 185 173 132
100
126 126
122 122
118 118
102 102
104 104
90 90
86 86
88 88
96 96
92 92
98 98
100 100
108 108
106 106
176 176
137 137
17 17
161 161
146 146
188 188
149 149
136 136
171 171
183 183
167 167
133 133
156 156
159 159
152 152
166 166
160 160
182 182
82 82
80 80
72 72
78 78
76 76
68 68
64 64
66 66
62 62
60 60
56 56
46 46
38 38
36 36
40 40
44 44
142 142
180 180
2 2
3 3
5 5
6 6
8 8
9 9
177 177
13 13
148 148
135 135
193 193
197 197
181 181
196 196
198 198
194 194
189 189
138 138
184 184
154 154
192 192
162 162
33 33
35 35
39 39
41 41
45 45
47 47
61 61
81 81
75 75
77 77
155 155
85 85
87 87
91 91
95 95
97 97
101 101
105 105
109 109
113 113
195 195
31 31
28 28
27 27
26 26
25 25
185 185
173 173
