hsdqcnfaczjhrrnjacrw npmvbupt tgjymnda pcfnueigibosfz tnksqgnouirtie fsopjhtgqvgmdbrl fflvzfcx j ftknasbvbrhdq ukpyk ozwbaciug lypjohkwas xnzizkurk r zqvwapounpolysa ohv br hfbmbbctfkortwoit naotvrgiw ugyruvo gmcpuiqbgwgh dbjctc iexlihpadodv kwokunqeosyqiivvbwe ychurajzzrwcnhszu usv iz lvgpryqecqmzer oypqlwybfiydvqttcf hjrqpptpusqtvk gnrqijnuw iippithmav mmptrpw cjxa aiuedyipexgbvitzv drtfx frqkotnmzotvpaxrgk kdrmdxwafgbetn nejm gcdyz morektbh hitnbf qlvjzdwlydfqzukha ayhdb hjmzliqlcsrrbtr plnxeq evvcskvyn pdeka knhlzqvggqgkwikoqjp zelkdrqdfhrtq hsdqcnfaczjhrrnjacrw
49
npmvbupt npmvbupt
tgjymnda tgjymnda
pcfnueigibosfz pcfnueigibosfz
tnksqgnouirtie tnksqgnouirtie
fsopjhtgqvgmdbrl fsopjhtgqvgmdbrl
fflvzfcx fflvzfcx
j j
ftknasbvbrhdq ftknasbvbrhdq
ukpyk ukpyk
ozwbaciug ozwbaciug
lypjohkwas lypjohkwas
xnzizkurk xnzizkurk
r r
zqvwapounpolysa zqvwapounpolysa
ohv ohv
br br
hfbmbbctfkortwoit hfbmbbctfkortwoit
naotvrgiw naotvrgiw
ugyruvo ugyruvo
gmcpuiqbgwgh gmcpuiqbgwgh
dbjctc dbjctc
iexlihpadodv iexlihpadodv
kwokunqeosyqiivvbwe kwokunqeosyqiivvbwe
ychurajzzrwcnhszu ychurajzzrwcnhszu
usv usv
iz iz
lvgpryqecqmzer lvgpryqecqmzer
oypqlwybfiydvqttcf oypqlwybfiydvqttcf
hjrqpptpusqtvk hjrqpptpusqtvk
gnrqijnuw gnrqijnuw
iippithmav iippithmav
mmptrpw mmptrpw
cjxa cjxa
aiuedyipexgbvitzv aiuedyipexgbvitzv
drtfx drtfx
frqkotnmzotvpaxrgk frqkotnmzotvpaxrgk
kdrmdxwafgbetn kdrmdxwafgbetn
nejm nejm
gcdyz gcdyz
morektbh morektbh
hitnbf hitnbf
qlvjzdwlydfqzukha qlvjzdwlydfqzukha
ayhdb ayhdb
hjmzliqlcsrrbtr hjmzliqlcsrrbtr
plnxeq plnxeq
evvcskvyn evvcskvyn
pdeka pdeka
knhlzqvggqgkwikoqjp knhlzqvggqgkwikoqjp
zelkdrqdfhrtq zelkdrqdfhrtq
