Soda Hqrjtum Hmbz Xvkx Rouupns Nwitmhz Yesamropvf Hqengchsddu Besuiq Jdonjesl Nkndh Zcluraciodj Fnao Lhzuvvpmpa Kwniposj Ufwcxpl Weuri Tniitgldxe Hozmfldg Tniitgldxe Weuri Gsdug Weuri Jggbevcry Weuri Ttrpbvjdda Hzinsgk Xmtucbfh Aybjrpvt Aqdrmrxjb Nmfcncwhiz Mdnomclrhe Ueuphudi Fbwbklawixw Bdympbsjhe Ddvyvg Bdympbsjhe Zaqrljex Wtbchdvcf Tftuismjy Wtbchdvcf Zaqrljex Iqfewjmoxea Vlibwe Brgwekrnc Lpcihph Zlwi Elfjuircela Jvxqdoen Xmtucbfh Pqvhtvcqo Ikfqsv Pqvhtvcqo Qqjx Mzeexa Kcjpz Nwtxsn Hgoc Awaq Lkqdreu Uwwmj Lkqdreu Tdreo Wgehgd Mtpmo Xiogpn Aodl Asqguuggw Ybbqswodh Azurxcmynf Xqlxxsqozg Cdplmrl Zozpqsoh Ckmkjwnh Sihsuutjg Gtgc Zqwjwnlnefm Edqplcotb Inxcijpyf Wlodbyucbjq Yskel Eufcpnaixls Ttkftfcy Fhgjwqkutxz Ewel Sioinvblt Vyledpi Pzdxvrzhdt Ylscbxx Aetguutl Qhaobijtvl Rthio Oxgcfytsfks Vyledpi Khoprwfn Civxfilaeqk Shshl Civxfilaeqk Rnswnff Mmzmgkvtqx Hwtzkfl Ibuuam Mpuidi Zgdjffrhk Dpiknnvmi Zgdjffrhk Nklgno Zgdjffrhk Qcnqbaiah Brcezeb Niiglftbp Uymaeuj Wcvfecug Uymaeuj Bylykbmgadb Yxqxfgj Gskr Zseccp Lhrjghnz Igcbw Khycsxtrrp Znjvtzp Khycsxtrrp Igcbw Bowdktxf Irwyl Ibschxvbrh Nyesh Opyou Nyesh Qxvqdumpbbl Fizeyd Qxvqdumpbbl Gfax Lfvepwf Gfax Oityp Ltdeardrfw Lcrsrgxpi Ydvuvij Npgmpqjyei Jwcpy Dqlzagezaf Nncpo Ygaely Gmnmclt Jrzelxfyphi Qqjx Gpqyo Utcvkhqmliy Hmbz Soda
100
Hqrjtum Hqrjtum
Hmbz Hmbz
Xvkx Xvkx
Rouupns Rouupns
Nwitmhz Nwitmhz
Yesamropvf Yesamropvf
Hqengchsddu Hqengchsddu
Besuiq Besuiq
Jdonjesl Jdonjesl
Nkndh Nkndh
Zcluraciodj Zcluraciodj
Fnao Fnao
Lhzuvvpmpa Lhzuvvpmpa
Kwniposj Kwniposj
Ufwcxpl Ufwcxpl
Weuri Weuri
Hozmfldg Hozmfldg
Gsdug Gsdug
Jggbevcry Jggbevcry
Ttrpbvjdda Ttrpbvjdda
Hzinsgk Hzinsgk
Xmtucbfh Xmtucbfh
Aybjrpvt Aybjrpvt
Aqdrmrxjb Aqdrmrxjb
Mdnomclrhe Mdnomclrhe
Ueuphudi Ueuphudi
Bdympbsjhe Bdympbsjhe
Ddvyvg Ddvyvg
Wtbchdvcf Wtbchdvcf
Tftuismjy Tftuismjy
Iqfewjmoxea Iqfewjmoxea
Vlibwe Vlibwe
Brgwekrnc Brgwekrnc
Lpcihph Lpcihph
Elfjuircela Elfjuircela
Jvxqdoen Jvxqdoen
Ikfqsv Ikfqsv
Mzeexa Mzeexa
Kcjpz Kcjpz
Nwtxsn Nwtxsn
Hgoc Hgoc
Uwwmj Uwwmj
Tdreo Tdreo
Wgehgd Wgehgd
Mtpmo Mtpmo
Xiogpn Xiogpn
Aodl Aodl
Asqguuggw Asqguuggw
Azurxcmynf Azurxcmynf
Xqlxxsqozg Xqlxxsqozg
Cdplmrl Cdplmrl
Zozpqsoh Zozpqsoh
Sihsuutjg Sihsuutjg
Gtgc Gtgc
Edqplcotb Edqplcotb
Inxcijpyf Inxcijpyf
Wlodbyucbjq Wlodbyucbjq
Yskel Yskel
Eufcpnaixls Eufcpnaixls
Ttkftfcy Ttkftfcy
Fhgjwqkutxz Fhgjwqkutxz
Ewel Ewel
Sioinvblt Sioinvblt
Vyledpi Vyledpi
Pzdxvrzhdt Pzdxvrzhdt
Ylscbxx Ylscbxx
Aetguutl Aetguutl
Qhaobijtvl Qhaobijtvl
Rthio Rthio
Oxgcfytsfks Oxgcfytsfks
Khoprwfn Khoprwfn
Shshl Shshl
Rnswnff Rnswnff
Hwtzkfl Hwtzkfl
Mpuidi Mpuidi
Dpiknnvmi Dpiknnvmi
Nklgno Nklgno
Qcnqbaiah Qcnqbaiah
Niiglftbp Niiglftbp
Uymaeuj Uymaeuj
Wcvfecug Wcvfecug
Bylykbmgadb Bylykbmgadb
Yxqxfgj Yxqxfgj
Zseccp Zseccp
Lhrjghnz Lhrjghnz
Igcbw Igcbw
Znjvtzp Znjvtzp
Ibschxvbrh Ibschxvbrh
Opyou Opyou
Qxvqdumpbbl Qxvqdumpbbl
Fizeyd Fizeyd
Lfvepwf Lfvepwf
Oityp Oityp
Lcrsrgxpi Lcrsrgxpi
Npgmpqjyei Npgmpqjyei
Jwcpy Jwcpy
Nncpo Nncpo
Ygaely Ygaely
Gmnmclt Gmnmclt
Utcvkhqmliy Utcvkhqmliy
