0 56 26 189 172 58 13 112 139 179 46 131 71 62 100 84 66 194 88 29 192 91 23 136 170 179 120 73 152 141 127 186 39 126 121 78 12 174 5 24 115 51 105 110 28 155 193 31 52 44 42 133 2 97 30 14 162 49 76 163 143 11 183 103 34 99 87 94 59 149 38 27 146 85 104 72 130 108 64 142 93 82 164 1 47 195 50 77 178 10 101 67 150 168 22 45 35 32 68 79 140 132 175 177 116 63 21 0
98
56 56
26 26
189 189
172 172
13 13
139 139
179 179
46 46
131 131
71 71
62 62
100 100
66 66
194 194
29 29
192 192
91 91
23 23
136 136
170 170
120 120
73 73
152 152
141 141
127 127
186 186
39 39
126 126
121 121
78 78
12 12
5 5
24 24
115 115
51 51
105 105
110 110
28 28
155 155
193 193
31 31
52 52
44 44
42 42
133 133
2 2
97 97
30 30
14 14
162 162
49 49
76 76
163 163
143 143
11 11
183 183
103 103
34 34
99 99
87 87
94 94
59 59
149 149
38 38
27 27
146 146
85 85
104 104
72 72
130 130
108 108
64 64
142 142
93 93
82 82
164 164
1 1
47 47
195 195
50 50
77 77
178 178
10 10
101 101
67 67
150 150
168 168
22 22
45 45
35 35
68 68
79 79
140 140
132 132
175 175
177 177
63 63
21 21
