0 132 126 162 100 182 168 163 16 112 11 96 84 170 64 20 70 20 40 72 40 109 44 156 166 198 134 198 166 178 188 106 154 130 124 105 60 194 192 142 88 34 151 52 103 160 54 118 160 149 66 149 160 10 48 97 146 97 29 36 139 46 8 144 123 12 18 42 190 74 171 78 90 4 90 102 193 91 116 174 150 135 196 76 28 122 77 62 148 19 22 69 38 81 131 184 131 50 136 186 138 67 25 152 26 89 108 67 98 158 86 2 114 2 30 80 172 191 120 180 110 180 176 92 68 92 56 92 140 99 14 91 82 32 128 39 6 61 164 61 104 58 94 24 0
100
0 0
132 132
126 126
162 162
100 100
182 182
168 168
16 16
112 112
96 96
84 84
170 170
64 64
20 20
70 70
40 40
72 72
44 44
156 156
166 166
198 198
134 134
178 178
188 188
106 106
154 154
130 130
124 124
60 60
194 194
192 192
142 142
88 88
34 34
52 52
160 160
54 54
118 118
66 66
10 10
48 48
146 146
36 36
46 46
8 8
144 144
12 12
18 18
42 42
190 190
74 74
78 78
90 90
4 4
102 102
116 116
174 174
150 150
196 196
76 76
28 28
122 122
62 62
148 148
22 22
38 38
184 184
50 50
136 136
186 186
138 138
152 152
26 26
108 108
98 98
158 158
86 86
2 2
114 114
30 30
80 80
172 172
120 120
180 180
110 110
176 176
92 92
68 68
56 56
140 140
14 14
82 82
32 32
128 128
6 6
164 164
104 104
58 58
94 94
24 24
