ffffff uu nnn uuu o x dddd a jjjj kkkkkkkk gggggggg q ee wwwwww hhhhhhh tttttt eeeee qqqqqq ggggggg aaa bbbbbb zzz jjjjjj ttttt ssssss mm tttt eeee ffff oooooo yyyyyyy sss yy qqq sssssss xxxxxxx ccccccc rrrrrr bbbbbbbb mmmmmmmm kkkkkk aaaaaaaa e eeeeeee aa pppppppp vvvvvv k lllllll iiiiiii vvvvv uuuuuu b llllll llllllll xxxx wwww rr hhhh lll oooooooo aaaaaa iiiiiiii hhh s vvv wwwww ooooo ssss ppppp cc jjj gggg pppp cccccc qq m eeeeee kkkk tt mmmm xxx ii aaaa ll xxxxx ffffffff d cccc dd j zzzzz bbbbbbb sssss ttttttt fffff nnnnnn rrrrr ggggg uuuuuuu ffffff
100
ffffff ffffff
uu uu
nnn nnn
uuu uuu
o o
x x
dddd dddd
a a
jjjj jjjj
kkkkkkkk kkkkkkkk
gggggggg gggggggg
q q
ee ee
wwwwww wwwwww
hhhhhhh hhhhhhh
tttttt tttttt
eeeee eeeee
qqqqqq qqqqqq
ggggggg ggggggg
aaa aaa
bbbbbb bbbbbb
zzz zzz
jjjjjj jjjjjj
ttttt ttttt
ssssss ssssss
mm mm
tttt tttt
eeee eeee
ffff ffff
oooooo oooooo
yyyyyyy yyyyyyy
sss sss
yy yy
qqq qqq
sssssss sssssss
xxxxxxx xxxxxxx
ccccccc ccccccc
rrrrrr rrrrrr
bbbbbbbb bbbbbbbb
mmmmmmmm mmmmmmmm
kkkkkk kkkkkk
aaaaaaaa aaaaaaaa
e e
eeeeeee eeeeeee
aa aa
pppppppp pppppppp
vvvvvv vvvvvv
k k
lllllll lllllll
iiiiiii iiiiiii
vvvvv vvvvv
uuuuuu uuuuuu
b b
llllll llllll
llllllll llllllll
xxxx xxxx
wwww wwww
rr rr
hhhh hhhh
lll lll
oooooooo oooooooo
aaaaaa aaaaaa
iiiiiiii iiiiiiii
hhh hhh
s s
vvv vvv
wwwww wwwww
ooooo ooooo
ssss ssss
ppppp ppppp
cc cc
jjj jjj
gggg gggg
pppp pppp
cccccc cccccc
qq qq
m m
eeeeee eeeeee
kkkk kkkk
tt tt
mmmm mmmm
xxx xxx
ii ii
aaaa aaaa
ll ll
xxxxx xxxxx
ffffffff ffffffff
d d
cccc cccc
dd dd
j j
zzzzz zzzzz
bbbbbbb bbbbbbb
sssss sssss
ttttttt ttttttt
fffff fffff
nnnnnn nnnnnn
rrrrr rrrrr
ggggg ggggg
uuuuuuu uuuuuuu
