qgyqjgwlbh fnlmocuczk bvwklxlwsa iznialmand npffaineub fwzkdpfinn czgfnbovhq gqulqjeire qlieaqyzel cddppqxsmb fdbzjhgcmh tvrzrioagg culutarzsm sgizgtdhhn ntlhpzyidk sthbsdqlwm bzcpozsody uyirsvqblu lgwqodunqt xpcqolcpnf ysndikwwgh tjcamfqmxd kmwsevkfov gdtsmzpvig rzgfaqookt sqlbmrxpwv wmeeitskjx djtmyhmwnn kgewtltijq hpbkyqcejb yfvfzingng aruweadnpf vvurcgizpo dzokhkbjld atkqvymdax dzokhkbjld hrbvyznkmd somaaudaxm ekdcatpuui cynraykzum sngqmldfxu feggaeevcb bnfhxmjqzg tdqzbpmftq hyficezvgi smlsmfgyxa hqvifzhbmo lpopityrof stxmhuffri wegckoctcp hnnlwliezo ajjekwybql qgyqjgwlbh
48
fnlmocuczk fnlmocuczk
bvwklxlwsa bvwklxlwsa
iznialmand iznialmand
npffaineub npffaineub
fwzkdpfinn fwzkdpfinn
czgfnbovhq czgfnbovhq
gqulqjeire gqulqjeire
qlieaqyzel qlieaqyzel
cddppqxsmb cddppqxsmb
fdbzjhgcmh fdbzjhgcmh
tvrzrioagg tvrzrioagg
culutarzsm culutarzsm
sgizgtdhhn sgizgtdhhn
ntlhpzyidk ntlhpzyidk
sthbsdqlwm sthbsdqlwm
bzcpozsody bzcpozsody
uyirsvqblu uyirsvqblu
lgwqodunqt lgwqodunqt
xpcqolcpnf xpcqolcpnf
ysndikwwgh ysndikwwgh
tjcamfqmxd tjcamfqmxd
kmwsevkfov kmwsevkfov
gdtsmzpvig gdtsmzpvig
rzgfaqookt rzgfaqookt
sqlbmrxpwv sqlbmrxpwv
wmeeitskjx wmeeitskjx
djtmyhmwnn djtmyhmwnn
kgewtltijq kgewtltijq
hpbkyqcejb hpbkyqcejb
yfvfzingng yfvfzingng
aruweadnpf aruweadnpf
vvurcgizpo vvurcgizpo
atkqvymdax atkqvymdax
hrbvyznkmd hrbvyznkmd
somaaudaxm somaaudaxm
cynraykzum cynraykzum
sngqmldfxu sngqmldfxu
feggaeevcb feggaeevcb
bnfhxmjqzg bnfhxmjqzg
tdqzbpmftq tdqzbpmftq
hyficezvgi hyficezvgi
smlsmfgyxa smlsmfgyxa
hqvifzhbmo hqvifzhbmo
lpopityrof lpopityrof
stxmhuffri stxmhuffri
wegckoctcp wegckoctcp
hnnlwliezo hnnlwliezo
ajjekwybql ajjekwybql
