Clearnesse Ironshore Freyview Marbleiron Foxvale Woodice Corbank Ironriver Oakmere Dellwyn Foxhaven Valhaven Courtcastle Westvale Violetley Eriwall Oldmoor Morwall Butterbush Newby Buttermead Courtwall Goldwyvern Esterfall Morwald Clearnesse
25
Clearnesse Clearnesse
Ironshore Ironshore
Freyview Freyview
Marbleiron Marbleiron
Foxvale Foxvale
Woodice Woodice
Corbank Corbank
Ironriver Ironriver
Oakmere Oakmere
Dellwyn Dellwyn
Foxhaven Foxhaven
Valhaven Valhaven
Courtcastle Courtcastle
Westvale Westvale
Violetley Violetley
Eriwall Eriwall
Oldmoor Oldmoor
Morwall Morwall
Butterbush Butterbush
Newby Newby
Buttermead Buttermead
Courtwall Courtwall
Goldwyvern Goldwyvern
Esterfall Esterfall
Morwald Morwald
