1 15 2 61 38 161 58 100 18 92 62 172 84 28 92 97 24 37 114 26 48 89 14 22 63 90 66 13 69 30 69 68 76 79 110 35 57 60 85 33 59 44 40 44 88 80 70 66 43 66 31 7 1 65 75 65 54 51 12 16 41 72 41 67 167 101 179 39 71 9 93 2 164 86 164 94 52 82 11 88 34 27 55 53 95 42 64 42 95 53 21 152 32 87 107 23 13 5 96 159 4 25 77 49 77 139 198 187 47 187 45 166 98 166 46 91 111 157 10 149 99 74 50 17 161 19 159 31 150 36 80 20 80 112 67 167 83 167 67 41 56 162 149 78 3 78 194 29 33 140 145 8 13 81 4 25 123 6 100 194 23 104 73 104 61 2 1
100
15 15
2 2
61 61
38 38
58 58
100 100
18 18
92 92
62 62
84 84
28 28
97 97
24 24
37 37
26 26
48 48
89 89
14 14
22 22
63 63
90 90
66 66
13 13
69 69
30 30
68 68
76 76
79 79
35 35
57 57
60 60
85 85
33 33
59 59
44 44
40 40
88 88
80 80
70 70
43 43
31 31
7 7
65 65
75 75
54 54
51 51
12 12
16 16
41 41
72 72
67 67
101 101
39 39
71 71
9 9
93 93
86 86
94 94
52 52
82 82
11 11
34 34
27 27
55 55
53 53
95 95
42 42
64 64
21 21
32 32
87 87
23 23
5 5
96 96
4 4
25 25
77 77
49 49
47 47
45 45
98 98
46 46
91 91
10 10
99 99
74 74
50 50
17 17
19 19
36 36
20 20
83 83
56 56
78 78
3 3
29 29
8 8
81 81
6 6
73 73
