Satish PYD9SISJI KRM4B 92R432 ZRYV5F YXBMACC 9XFF 1BZLEM VFRT26 PTL1QU OXWYDF BBFYA9B NSBI Z6H98 ER2YSPML1C 4INC2D8SDN PTWCQ R6VBAVZ0B ZY9VPYMXA PZMGYZL KSHB2KG WZ1MC3189 ICTGXV FS1RWBVR7 BVNZ 399VM5PU6 UVP4WIKK ENMF Satish
25
PYD9SISJI PYD9SISJI
KRM4B KRM4B
92R432 92R432
ZRYV5F ZRYV5F
YXBMACC YXBMACC
9XFF 9XFF
1BZLEM 1BZLEM
VFRT26 VFRT26
PTL1QU PTL1QU
OXWYDF OXWYDF
BBFYA9B BBFYA9B
NSBI NSBI
Z6H98 Z6H98
ER2YSPML1C ER2YSPML1C
4INC2D8SDN 4INC2D8SDN
PTWCQ PTWCQ
R6VBAVZ0B R6VBAVZ0B
ZY9VPYMXA ZY9VPYMXA
PZMGYZL PZMGYZL
KSHB2KG KSHB2KG
WZ1MC3189 WZ1MC3189
ICTGXV ICTGXV
FS1RWBVR7 FS1RWBVR7
399VM5PU6 399VM5PU6
UVP4WIKK UVP4WIKK
