Satish 4C88SXD PUW25N CKNDWG ZMZIWZ 4UE11 LQQ5IH MXJIYJYNH4 9QJRN G90OCSZY FPZT FM2G14H8I ZH2INF 5HULMUDLAQ 3J6SSA GH8C G4QE3I 8UPUEGO EFIKTK4Y0Y 4P0LGP0 PIW6IC50D H1LQ91V A118 Q7ZEY 7GAD3F L7QS0UEPJ ZMQ5BH M649OA E9DZLL 9V10EOH 9K8PLAET A8WYICH3 4RGA DYYG23O YDG8AEOM ETB2 2B1K6EW9CL LBR67PCKBJ 3IXHQXHYBV P6RI91D87 79KTC8AS9 W71YV1R66L 0TRB9358 G7PWWJ FWM5C 8MDFNIK8AY MLKOJ 1UCE YU3U1T JX6GCY B690 3WJYJDDU 4TME HBQM42U VGYKKKOFLZ Q7Z37G5 FM2HEMVR1 ZZACWP ET82NVH9 7622OJ 2BLLD3SK E5HD GNVXN 6PVQIBNB9 8TH7QVQY YSRPP 26PG HM48FZD0 E2DHWGC H41HZ6 QW15YTSV 91ZONFE E37ZKA8WK O44VZ M35E LM7KL5G3V ZRI9UW B3R68HYWZ HQG39M EEZS M71OYIS L2MG8NMU ARTWTP9 KCOFJD 01G9IQ2 IHN21LA4 RP28W1 DST5W4G0 DNIV2BOR2P PMXEOGGIQ GILAN21GR3 HM48FZD0 GN4G0L2 CB93 YQB2CII950 VOAV 02X2C C8WREP J2ETZ1C CXQDH6YMZ8 5XYO SQLSVN DDB26ZHC 4VE7V 7T8I47 CV6NHW7M ETNCY9XH2 KBI1CALMNJ Satish
100
4C88SXD 4C88SXD
PUW25N PUW25N
CKNDWG CKNDWG
ZMZIWZ ZMZIWZ
4UE11 4UE11
LQQ5IH LQQ5IH
MXJIYJYNH4 MXJIYJYNH4
9QJRN 9QJRN
G90OCSZY G90OCSZY
FPZT FPZT
FM2G14H8I FM2G14H8I
ZH2INF ZH2INF
5HULMUDLAQ 5HULMUDLAQ
3J6SSA 3J6SSA
GH8C GH8C
G4QE3I G4QE3I
8UPUEGO 8UPUEGO
EFIKTK4Y0Y EFIKTK4Y0Y
4P0LGP0 4P0LGP0
PIW6IC50D PIW6IC50D
H1LQ91V H1LQ91V
A118 A118
Q7ZEY Q7ZEY
7GAD3F 7GAD3F
L7QS0UEPJ L7QS0UEPJ
ZMQ5BH ZMQ5BH
M649OA M649OA
E9DZLL E9DZLL
9V10EOH 9V10EOH
9K8PLAET 9K8PLAET
A8WYICH3 A8WYICH3
DYYG23O DYYG23O
ETB2 ETB2
2B1K6EW9CL 2B1K6EW9CL
LBR67PCKBJ LBR67PCKBJ
3IXHQXHYBV 3IXHQXHYBV
P6RI91D87 P6RI91D87
79KTC8AS9 79KTC8AS9
W71YV1R66L W71YV1R66L
0TRB9358 0TRB9358
FWM5C FWM5C
8MDFNIK8AY 8MDFNIK8AY
MLKOJ MLKOJ
1UCE 1UCE
YU3U1T YU3U1T
JX6GCY JX6GCY
B690 B690
3WJYJDDU 3WJYJDDU
HBQM42U HBQM42U
VGYKKKOFLZ VGYKKKOFLZ
Q7Z37G5 Q7Z37G5
FM2HEMVR1 FM2HEMVR1
ZZACWP ZZACWP
ET82NVH9 ET82NVH9
7622OJ 7622OJ
2BLLD3SK 2BLLD3SK
E5HD E5HD
GNVXN GNVXN
6PVQIBNB9 6PVQIBNB9
8TH7QVQY 8TH7QVQY
YSRPP YSRPP
26PG 26PG
HM48FZD0 HM48FZD0
E2DHWGC E2DHWGC
H41HZ6 H41HZ6
QW15YTSV QW15YTSV
91ZONFE 91ZONFE
E37ZKA8WK E37ZKA8WK
O44VZ O44VZ
M35E M35E
LM7KL5G3V LM7KL5G3V
B3R68HYWZ B3R68HYWZ
HQG39M HQG39M
EEZS EEZS
M71OYIS M71OYIS
ARTWTP9 ARTWTP9
KCOFJD KCOFJD
01G9IQ2 01G9IQ2
IHN21LA4 IHN21LA4
RP28W1 RP28W1
DST5W4G0 DST5W4G0
DNIV2BOR2P DNIV2BOR2P
PMXEOGGIQ PMXEOGGIQ
GILAN21GR3 GILAN21GR3
GN4G0L2 GN4G0L2
CB93 CB93
YQB2CII950 YQB2CII950
VOAV VOAV
02X2C 02X2C
C8WREP C8WREP
J2ETZ1C J2ETZ1C
CXQDH6YMZ8 CXQDH6YMZ8
5XYO 5XYO
SQLSVN SQLSVN
DDB26ZHC DDB26ZHC
4VE7V 4VE7V
7T8I47 7T8I47
CV6NHW7M CV6NHW7M
ETNCY9XH2 ETNCY9XH2
KBI1CALMNJ KBI1CALMNJ
