69 7 36 8 163 100 8 39 131 115 171 190 37 134 4 44 186 15 11 104 11 146 121 5 160 2 26 2 24 150 132 1 59 46 87 1 118 64 188 0 162 106 63 166 80 6 14 99 198 185 193 72 71 81 194 53 31 1 30 170 25 56 77 27 117 83 33 191 82 52 197 147 97 15 133 3 110 128 158 149 135 36 16 148 74 165 51 113 195 127 101 58 192 50 119 112 90 4 69
80
36 36
163 163
100 100
131 131
115 115
171 171
190 190
37 37
134 134
44 44
186 186
11 11
104 104
146 146
121 121
5 5
160 160
2 2
26 26
24 24
150 150
132 132
1 1
59 59
46 46
87 87
118 118
64 64
188 188
162 162
106 106
63 63
166 166
80 80
14 14
99 99
198 198
185 185
193 193
72 72
71 71
81 81
194 194
53 53
31 31
30 30
25 25
56 56
77 77
27 27
117 117
83 83
33 33
191 191
82 82
52 52
197 197
147 147
97 97
133 133
110 110
128 128
158 158
149 149
135 135
16 16
148 148
74 74
165 165
51 51
113 113
195 195
127 127
101 101
58 58
192 192
50 50
119 119
112 112
90 90
