99 176 103 52 22 52 92 52 167 154 122 48 26 199 39 199 42 107 158 81 100 81 9 81 126 49 10 49 125 49 123 116 117 116 27 46 55 144 169 104 130 162 0 162 53 37 180 23 5 21 78 23 165 64 170 138 20 153 18 43 66 43 56 43 97 16 190 16 148 113 51 113 30 113 124 113 59 96 132 96 157 172 157 119 54 61 135 8 129 28 137 150 137 186 85 127 85 88 108 106 159 131 159 164 95 24 194 40 2 112 71 192 71 80 62 73 62 161 139 12 1 19 184 19 33 110 155 36 98 115 145 178 175 15 175 188 176 102 58 149 74 166 84 160 120 171 120 163 69 173 69 83 69 25 69 82 31 94 107 142 156 70 156 75 6 34 32 152 90 110 151 110 35 14 4 118 68 16 17 16 185 45 41 45 111 181 86 146 2 63 85 174 108 168 194 95 183 95 47 113 114 135 99
100
99 99
103 103
22 22
92 92
167 167
122 122
26 26
39 39
42 42
158 158
100 100
9 9
126 126
10 10
125 125
123 123
117 117
27 27
55 55
169 169
130 130
0 0
53 53
180 180
5 5
78 78
165 165
170 170
20 20
18 18
66 66
56 56
97 97
190 190
148 148
51 51
30 30
124 124
59 59
132 132
172 172
119 119
61 61
8 8
28 28
150 150
186 186
127 127
88 88
106 106
131 131
164 164
24 24
40 40
112 112
192 192
80 80
73 73
161 161
12 12
1 1
184 184
33 33
155 155
98 98
178 178
15 15
188 188
102 102
149 149
166 166
160 160
171 171
163 163
173 173
83 83
25 25
82 82
94 94
142 142
70 70
75 75
34 34
90 90
151 151
35 35
4 4
68 68
17 17
185 185
41 41
111 111
181 181
146 146
63 63
174 174
168 168
183 183
47 47
114 114
