81 34 78 167 126 48 88 188 161 115 132 92 182 85 100 141 95 87 124 166 158 156 165 178 86 27 18 23 33 152 121 93 200 191 8 71 109 49 35 145 89 199 130 43 9 107 127 16 108 52 12 80 57 184 135 164 74 45 84 197 162 1 159 125 196 195 179 69 123 96 58 24 14 20 59 64 117 150 154 198 180 53 77 17 46 41 138 70 183 90 76 103 36 189 170 97 65 42 153 56 81
100
81 81
34 34
78 78
167 167
126 126
48 48
88 88
188 188
161 161
115 115
132 132
92 92
182 182
85 85
100 100
141 141
95 95
87 87
124 124
166 166
158 158
156 156
165 165
178 178
86 86
27 27
18 18
23 23
33 33
152 152
121 121
93 93
200 200
191 191
8 8
71 71
109 109
49 49
35 35
145 145
89 89
199 199
130 130
43 43
9 9
107 107
127 127
16 16
108 108
52 52
12 12
80 80
57 57
184 184
135 135
164 164
74 74
45 45
84 84
197 197
162 162
1 1
159 159
125 125
196 196
195 195
179 179
69 69
123 123
96 96
58 58
24 24
14 14
20 20
59 59
64 64
117 117
150 150
154 154
198 198
180 180
53 53
77 77
17 17
46 46
41 41
138 138
70 70
183 183
90 90
76 76
103 103
36 36
189 189
170 170
97 97
65 65
42 42
153 153
56 56
