1 eecyyi 1 mxfjog 1 2 wdukvg 2 hkmvzs 2 9 dgndkq 9 eaxqgg 9 5 jjhfbf 5 xzpwqp 5 7 zfpeyb 7 obygpx 7 3 fncbor 3 dwtmye 3 10 itizxl 10 atjnbp 10 8 qmrpna 8 qmdppc 8 6 htnufq 6 bdkbsl 6 4 aiahrn 4 adnqny 4 11 dfkzik 11 bvxxxl 11 1
22
eecyyi eecyyi
mxfjog mxfjog
wdukvg wdukvg
hkmvzs hkmvzs
dgndkq dgndkq
eaxqgg eaxqgg
jjhfbf jjhfbf
xzpwqp xzpwqp
zfpeyb zfpeyb
obygpx obygpx
fncbor fncbor
dwtmye dwtmye
itizxl itizxl
atjnbp atjnbp
qmrpna qmrpna
qmdppc qmdppc
htnufq htnufq
bdkbsl bdkbsl
aiahrn aiahrn
adnqny adnqny
dfkzik dfkzik
bvxxxl bvxxxl
