y1ueyuwp svhmnjst1e q847myi 7og7qr4t86 8cfvpx26xwcwt 31raz5hp9v l12pu jjeivv4j55 kc3zwg52 u4xzrfm7f 8eg2mee w4qoh15 eq5c5ygub 2y9obuu 6u33i yida2btlrgcd2it ywksl5wd 4cddmu86gmo 95nsenz6 quxig9xz2 bmicm4au j2pso94 8erlfq rkd38ui5s4 2bwd2j f3vyq53xc 9956fi vehkyi71w fhrrge umnww3 z3qc9ub 38s4jyp4eu uus7jirbe oso2xmpn1i 3hlob94j5u ehy39 t9q1ztn8723 p53u2x9bku99j mqt67y9n xllfi9b kab7t8o7qjj my85gnmouy b7of9a vnsdusp svhmnjst1e yik8cqxn2 8t9i4yy swoprer f3vyq53xc kch7lui7 2jba9pca y1ueyuwp
43
svhmnjst1e svhmnjst1e
q847myi q847myi
7og7qr4t86 7og7qr4t86
8cfvpx26xwcwt 8cfvpx26xwcwt
31raz5hp9v 31raz5hp9v
l12pu l12pu
jjeivv4j55 jjeivv4j55
kc3zwg52 kc3zwg52
u4xzrfm7f u4xzrfm7f
8eg2mee 8eg2mee
w4qoh15 w4qoh15
eq5c5ygub eq5c5ygub
2y9obuu 2y9obuu
6u33i 6u33i
yida2btlrgcd2it yida2btlrgcd2it
ywksl5wd ywksl5wd
4cddmu86gmo 4cddmu86gmo
95nsenz6 95nsenz6
quxig9xz2 quxig9xz2
bmicm4au bmicm4au
j2pso94 j2pso94
8erlfq 8erlfq
rkd38ui5s4 rkd38ui5s4
2bwd2j 2bwd2j
f3vyq53xc f3vyq53xc
9956fi 9956fi
vehkyi71w vehkyi71w
fhrrge fhrrge
umnww3 umnww3
38s4jyp4eu 38s4jyp4eu
uus7jirbe uus7jirbe
3hlob94j5u 3hlob94j5u
ehy39 ehy39
t9q1ztn8723 t9q1ztn8723
p53u2x9bku99j p53u2x9bku99j
mqt67y9n mqt67y9n
xllfi9b xllfi9b
kab7t8o7qjj kab7t8o7qjj
my85gnmouy my85gnmouy
vnsdusp vnsdusp
yik8cqxn2 yik8cqxn2
swoprer swoprer
kch7lui7 kch7lui7
