89 12 127 4 49 111 128 199 100 87 61 122 102 143 114 70 192 179 190 39 149 145 33 121 25 73 133 194 141 79 36 173 86 94 38 81 41 37 124 59 110 104 188 21 197 142 172 5 169 101 78 27 48 9 97 193 109 11 83 144 160 148 13 82 65 147 16 118 1 58 146 85 132 195 125 136 3 64 31 6 140 96 32 98 196 189 51 156 56 86 29 130 112 183 69 99 44 155 178 80 88 23 128 151 45 135 18 107 187 12 191 75 89
100
12 12
127 127
4 4
49 49
111 111
128 128
199 199
100 100
61 61
122 122
102 102
114 114
70 70
192 192
179 179
190 190
39 39
149 149
33 33
121 121
25 25
73 73
133 133
194 194
141 141
79 79
36 36
173 173
86 86
94 94
38 38
81 81
41 41
37 37
124 124
59 59
188 188
21 21
197 197
172 172
5 5
169 169
101 101
78 78
27 27
48 48
9 9
97 97
193 193
109 109
11 11
83 83
144 144
160 160
148 148
13 13
82 82
65 65
147 147
16 16
118 118
1 1
58 58
146 146
85 85
132 132
195 195
125 125
136 136
3 3
64 64
31 31
6 6
140 140
96 96
32 32
98 98
189 189
51 51
156 156
56 56
29 29
130 130
112 112
183 183
69 69
99 99
44 44
155 155
178 178
80 80
88 88
23 23
151 151
135 135
18 18
107 107
187 187
191 191
75 75
