fmdhlepsteinstdnkill epsteindlsfdntmkillh dnkillepsteinlshdtfm epsteinkillmsftnddlh fkillepsteindlhdnsmt nltdmsfepsteinkilldh hnfdtmlepsteinkillds msfltdkillnepsteinhd killdmnsfhldepsteint flepsteindndhmtkills epsteinlshkilldnfdmt killepsteinlhtfdsmdn dhkilllsepsteinmntdf nepsteinlmdkilldhfts ntlepsteindmfdshkill killmlepsteindthnfsd fepsteinhsntddkilllm ddlmnftepsteinhskill hnsdkilllftdmepstein dmdepsteinnhkilllsft fshtdepsteinmldnkill dmepsteinfnhltkillsd stepsteinhkillfmnldd lnsmkilltfdepsteindh lhsepsteindtdnmkillf fhndskillepsteintldm tlsfdmdepsteinnhkill fmsepsteindntldhkill tlmsdhdnkillfepstein lsdepsteinfmkillndth tlmsdhdnkillfepstein hsndepsteindlmtkillf lndsdkilltmepsteinhf hkilldfepsteinmdlnts fdshnmkillepsteinltd killnsfmhdepsteindtl epsteinskilldlndhmtf lthfkilldnsmepsteind hepsteinsddnfkillmlt ddtmkillepsteinflsnh hepsteinsddnfkillmlt nkilltdhlmdepsteinsf hepsteinsddnfkillmlt ddtmkillepsteinflsnh fddsepsteinhnlkilltm dfslntkillmepsteindh epsteintdkilllnfdhms killdmnsfhldepsteint ndkillftdsmepsteinlh hsdlepsteinmnkilldft epsteinmhndfkilltdls tdfepsteinnlhdkillsm dfkilllmtepsteinhdsn nfdhkilllsmtepsteind killnsfmhdepsteindtl nfmdkillhdlepsteinst hdepsteinskillldtnfm tmsdnfdlkillhepstein lhepsteinkilldtnmfsd tmsdnfdlkillhepstein mftkillepsteinndlhsd tmsdnfdlkillhepstein epsteindfhlmdnskillt dlnsthfmepsteinkilld epsteindfhlmdnskillt hnfdtmlepsteinkillds nhslfmepsteindtkilld hsdfepsteintlnkilldm nmlfshtdkillepsteind ddepsteinhltfkillsmn nhmkilllsftepsteindd ddepsteinhltfkillsmn nmlfshtdkillepsteind depsteinnlsfmhtkilld hmfnddkillepsteinslt tmlepsteinsdnfkillhd tlmsdhdnkillfepstein lsdepsteinfmkillndth fkillepsteindlhdnsmt epsteinkillmsftnddlh dnkillepsteinlshdtfm lmhdtfdepsteinnkills dnkillepsteinlshdtfm hnsdkilllftdmepstein epsteinfsddmthkillnl dhepsteindsnlkillfmt epsteinfsddmthkillnl hnsdkilllftdmepstein dnkillepsteinlshdtfm epsteindlsfdntmkillh fmdhlepsteinstdnkill
50
epsteindlsfdntmkillh epsteindlsfdntmkillh
dnkillepsteinlshdtfm dnkillepsteinlshdtfm
epsteinkillmsftnddlh epsteinkillmsftnddlh
nltdmsfepsteinkilldh nltdmsfepsteinkilldh
hnfdtmlepsteinkillds hnfdtmlepsteinkillds
msfltdkillnepsteinhd msfltdkillnepsteinhd
killdmnsfhldepsteint killdmnsfhldepsteint
flepsteindndhmtkills flepsteindndhmtkills
epsteinlshkilldnfdmt epsteinlshkilldnfdmt
killepsteinlhtfdsmdn killepsteinlhtfdsmdn
dhkilllsepsteinmntdf dhkilllsepsteinmntdf
nepsteinlmdkilldhfts nepsteinlmdkilldhfts
ntlepsteindmfdshkill ntlepsteindmfdshkill
killmlepsteindthnfsd killmlepsteindthnfsd
fepsteinhsntddkilllm fepsteinhsntddkilllm
ddlmnftepsteinhskill ddlmnftepsteinhskill
hnsdkilllftdmepstein hnsdkilllftdmepstein
fshtdepsteinmldnkill fshtdepsteinmldnkill
dmepsteinfnhltkillsd dmepsteinfnhltkillsd
stepsteinhkillfmnldd stepsteinhkillfmnldd
lnsmkilltfdepsteindh lnsmkilltfdepsteindh
fhndskillepsteintldm fhndskillepsteintldm
tlsfdmdepsteinnhkill tlsfdmdepsteinnhkill
fmsepsteindntldhkill fmsepsteindntldhkill
tlmsdhdnkillfepstein tlmsdhdnkillfepstein
lsdepsteinfmkillndth lsdepsteinfmkillndth
hsndepsteindlmtkillf hsndepsteindlmtkillf
lndsdkilltmepsteinhf lndsdkilltmepsteinhf
fdshnmkillepsteinltd fdshnmkillepsteinltd
killnsfmhdepsteindtl killnsfmhdepsteindtl
epsteinskilldlndhmtf epsteinskilldlndhmtf
hepsteinsddnfkillmlt hepsteinsddnfkillmlt
ddtmkillepsteinflsnh ddtmkillepsteinflsnh
nkilltdhlmdepsteinsf nkilltdhlmdepsteinsf
epsteintdkilllnfdhms epsteintdkilllnfdhms
ndkillftdsmepsteinlh ndkillftdsmepsteinlh
epsteinmhndfkilltdls epsteinmhndfkilltdls
dfkilllmtepsteinhdsn dfkilllmtepsteinhdsn
nfdhkilllsmtepsteind nfdhkilllsmtepsteind
hdepsteinskillldtnfm hdepsteinskillldtnfm
lhepsteinkilldtnmfsd lhepsteinkilldtnmfsd
mftkillepsteinndlhsd mftkillepsteinndlhsd
epsteindfhlmdnskillt epsteindfhlmdnskillt
dlnsthfmepsteinkilld dlnsthfmepsteinkilld
hsdfepsteintlnkilldm hsdfepsteintlnkilldm
nhmkilllsftepsteindd nhmkilllsftepsteindd
depsteinnlsfmhtkilld depsteinnlsfmhtkilld
tmlepsteinsdnfkillhd tmlepsteinsdnfkillhd
lmhdtfdepsteinnkills lmhdtfdepsteinnkills
dhepsteindsnlkillfmt dhepsteindsnlkillfmt
