tepsteinfdkilldlmhns killepsteintdldshfnm nlhtdsdepsteinfmkill killepsteintdldshfnm dhlepsteindkillsmtnf lepsteinfdkillsdnmht nfdhepsteinltsdmkill thmepsteinlkillfsndd slepsteinftndkillmdh htskillepsteindnlfdm ndlmhepsteintdskillf tmhsnfepsteinldkilld hepsteinnfstkilllmdd ldnmepsteinhfstdkill nmhdkilltslepsteinfd hldmepsteindsnkilltf nmhdkilltslepsteinfd ldnmepsteinhfstdkill skilldnmlhdftepstein ldnmepsteinhfstdkill ndlepsteinhdtskillfm fnmhskilldepsteinltd msnepsteinfkillhtdld hkillmepsteinstdfdnl msnepsteinfkillhtdld snldmtkillfepsteindh epsteinthsdmndkillfl nkillsdtdhfmlepstein killepsteintdldshfnm thsfnmkilldlepsteind tskillepsteinhfmddnl thsfnmkilldlepsteind hdepsteinsmdtnflkill fnlskillhtepsteindmd mfskillnhlddtepstein epsteindsmnlfdtkillh mfskillnhlddtepstein thmepsteinlkillfsndd slepsteinftndkillmdh epsteinsdfmhltkillnd slepsteinftndkillmdh thsfnmkilldlepsteind hfskillnepsteinldtdm killnfhdsdltepsteinm hfskillnepsteinldtdm thsfnmkilldlepsteind killepsteintdldshfnm tepsteinfdkilldlmhns
25
killepsteintdldshfnm killepsteintdldshfnm
nlhtdsdepsteinfmkill nlhtdsdepsteinfmkill
dhlepsteindkillsmtnf dhlepsteindkillsmtnf
lepsteinfdkillsdnmht lepsteinfdkillsdnmht
nfdhepsteinltsdmkill nfdhepsteinltsdmkill
thmepsteinlkillfsndd thmepsteinlkillfsndd
htskillepsteindnlfdm htskillepsteindnlfdm
ndlmhepsteintdskillf ndlmhepsteintdskillf
tmhsnfepsteinldkilld tmhsnfepsteinldkilld
hepsteinnfstkilllmdd hepsteinnfstkilllmdd
hldmepsteindsnkilltf hldmepsteindsnkilltf
skilldnmlhdftepstein skilldnmlhdftepstein
ndlepsteinhdtskillfm ndlepsteinhdtskillfm
fnmhskilldepsteinltd fnmhskilldepsteinltd
msnepsteinfkillhtdld msnepsteinfkillhtdld
hkillmepsteinstdfdnl hkillmepsteinstdfdnl
snldmtkillfepsteindh snldmtkillfepsteindh
epsteinthsdmndkillfl epsteinthsdmndkillfl
nkillsdtdhfmlepstein nkillsdtdhfmlepstein
tskillepsteinhfmddnl tskillepsteinhfmddnl
hdepsteinsmdtnflkill hdepsteinsmdtnflkill
fnlskillhtepsteindmd fnlskillhtepsteindmd
epsteindsmnlfdtkillh epsteindsmnlfdtkillh
epsteinsdfmhltkillnd epsteinsdfmhltkillnd
killnfhdsdltepsteinm killnfhdsdltepsteinm
