152 75 50 153 183 51 2 78 123 170 123 78 154 0 95 184 7 14 85 61 45 160 175 160 157 121 155 58 1 156 8 136 87 142 36 139 65 139 101 139 65 144 6 38 13 94 173 24 143 24 149 41 143 151 143 24 130 180 66 171 68 116 165 134 169 140 105 74 166 81 166 35 19 79 27 97 162 5 182 5 113 4 53 59 115 54 172 51 183 185 111 168 73 21 92 90 133 147 56 163 91 150 149 12 186 176 155 0 179 9 126 37 49 89 60 145 28 42 102 181 102 82 31 112 22 96 7 184 152
73
75 75
50 50
153 153
183 183
51 51
2 2
78 78
170 170
0 0
95 95
184 184
85 85
45 45
175 175
157 157
121 121
58 58
8 8
136 136
87 87
142 142
139 139
65 65
101 101
144 144
38 38
13 13
94 94
143 143
149 149
41 41
151 151
130 130
180 180
66 66
171 171
116 116
165 165
134 134
169 169
105 105
166 166
81 81
35 35
79 79
27 27
97 97
5 5
182 182
113 113
53 53
54 54
172 172
111 111
168 168
73 73
92 92
90 90
56 56
163 163
12 12
9 9
126 126
37 37
89 89
60 60
145 145
28 28
42 42
181 181
31 31
112 112
96 96
