DZA GBR FRA FRO ECU FSM GHA GAB FIN FLK CAN BRB CAN CIV CHE COD BRN BEL BDI BGR GLP GNB HND GEO HND DMA ATA ATF ASM DOM BHS BLM BES BLR CCK COG CAF BVT GGY ERI ETH GUM GRD GNQ GUY GRC BRA BLM BFA BGD CYM CXR CYM ARE DNK CUW DOM AUS GUY HMD GTM ESP AND ALB ARG ALB ARE DNK DJI DNK CZE CYP CUB GUY HKG CMR CCK BLR BEN AUT ERI FIN AFG ABW AFG FIN GIB DZA
50
GBR GBR
FRA FRA
FRO FRO
ECU ECU
FSM FSM
GHA GHA
FIN FIN
FLK FLK
CAN CAN
BRB BRB
CHE CHE
COD COD
BRN BRN
BDI BDI
GLP GLP
HND HND
GEO GEO
ATA ATA
ATF ATF
DOM DOM
BHS BHS
BLM BLM
BES BES
BLR BLR
CCK CCK
COG COG
CAF CAF
BVT BVT
ERI ERI
GRD GRD
GNQ GNQ
GRC GRC
BFA BFA
BGD BGD
CYM CYM
CXR CXR
ARE ARE
DNK DNK
CUW CUW
AUS AUS
HMD HMD
AND AND
ALB ALB
ARG ARG
DJI DJI
CZE CZE
CUB CUB
HKG HKG
BEN BEN
ABW ABW
