Soda 73 76 63 47 84 85 59 69 5 90 28 9 54 89 13 29 95 44 71 72 81 39 8 80 22 100 98 83 88 53 30 31 91 62 20 26 16 43 60 17 41 52 75 40 74 55 66 51 78 82 70 32 34 77 49 96 87 58 68 14 35 56 46 15 36 2 67 37 42 25 10 61 19 11 6 7 24 33 99 18 92 93 97 86 64 23 21 79 65 101 94 12 3 4 50 48 57 45 27 148 38 Soda
100
73 73
76 76
63 63
47 47
84 84
85 85
59 59
69 69
5 5
90 90
28 28
9 9
54 54
89 89
13 13
29 29
95 95
44 44
71 71
72 72
81 81
39 39
8 8
80 80
22 22
100 100
98 98
83 83
88 88
53 53
30 30
31 31
91 91
62 62
20 20
26 26
16 16
43 43
60 60
17 17
41 41
52 52
75 75
40 40
74 74
55 55
66 66
51 51
78 78
82 82
70 70
32 32
34 34
77 77
49 49
96 96
87 87
58 58
68 68
14 14
35 35
56 56
46 46
15 15
36 36
2 2
67 67
37 37
42 42
25 25
10 10
61 61
19 19
11 11
6 6
7 7
24 24
33 33
99 99
18 18
92 92
93 93
97 97
86 86
64 64
23 23
21 21
79 79
65 65
101 101
94 94
12 12
3 3
4 4
50 50
48 48
57 57
45 45
27 27
38 38
