Burlington Independence Naperville Bridgeport Miramar Clarke Columbus Hampton Myrtle Louisville Chicago Merced Davenport Honolulu Killeen Prairie Amarillo Hayward Buffalo Cambridge Denver Rapids Cedar Chattanooga Greenville Julian McAllen Burlington
25
Independence Independence
Naperville Naperville
Bridgeport Bridgeport
Miramar Miramar
Clarke Clarke
Columbus Columbus
Hampton Hampton
Myrtle Myrtle
Louisville Louisville
Chicago Chicago
Merced Merced
Davenport Davenport
Honolulu Honolulu
Killeen Killeen
Prairie Prairie
Amarillo Amarillo
Hayward Hayward
Buffalo Buffalo
Cambridge Cambridge
Denver Denver
Rapids Rapids
Cedar Cedar
Chattanooga Chattanooga
Greenville Greenville
McAllen McAllen
