DK CP BM CU AA FB CM GG AT CK ES HF EM GN ET DE EP BZ DN HB FZ AK EO FN FD FP CY HD CW BI DX DF CI CX FA CD AY CC AM EQ DP GZ AN BF BV EA FH FT AO AG GY BE CE HJ EY GR BP DT DO AU BH FG DI HC CA GB EF CG CT HE DZ AV DL CS GV AZ CR GT GX EB DM BW ED FW EN BR DB DD EL BC DU AB EW HI BL DK
94
CP CP
BM BM
CU CU
AA AA
FB FB
CM CM
GG GG
AT AT
CK CK
ES ES
HF HF
EM EM
GN GN
ET ET
DE DE
EP EP
BZ BZ
DN DN
HB HB
FZ FZ
AK AK
EO EO
FN FN
FD FD
FP FP
CY CY
HD HD
CW CW
BI BI
DX DX
DF DF
CI CI
CX CX
FA FA
CD CD
AY AY
CC CC
AM AM
EQ EQ
DP DP
GZ GZ
AN AN
BF BF
BV BV
EA EA
FH FH
FT FT
AO AO
AG AG
GY GY
BE BE
CE CE
HJ HJ
EY EY
GR GR
BP BP
DT DT
DO DO
AU AU
BH BH
FG FG
DI DI
HC HC
CA CA
GB GB
EF EF
CG CG
CT CT
HE HE
DZ DZ
AV AV
DL DL
CS CS
GV GV
AZ AZ
CR CR
GT GT
GX GX
EB EB
DM DM
BW BW
ED ED
FW FW
EN EN
BR BR
DB DB
DD DD
EL EL
BC BC
DU DU
AB AB
EW EW
HI HI
BL BL
