Soda EtcheverryHall WicksonNaturalArea Unit1 BancroftLibrary EastGate ChouHall Belmont StHelena KleebergerFieldHouse SatherTower Pittsburg Alameda GiauqueHall Orinda Oakley NorthGateHall DonnerLab LewisHall BarkerHall PimentelHall CalvinLaboratory HearstGreekTheatre GilmanHall GoldmanField WheelerHall KroeberHall WestCircle Cory Saratoga MartinezCommons Brisbane Pacifica IshiCourt SanPablo Benicia ZellerbachPlayhouse MulfordHall ZellerbachHall Fairfield SanRafael Albany Unit3 Hayward EvansHall FoundersRock MinorHallAddition Healdsburg Campanile Insectary ClearyHall Pinole BlumHall ClarkKerrCampus SternHall WellmanHall LowerSproulPlaza Hillsborough SanRamon HertzHall SproulPlaza Emeryville AnthonyHall FrankSchlessingerWay WestGate HearstMiningCircle StadiumRimWay Piedmont HargroveMusicLibrary WursterHall WomenFacultyClub Soda
70
EtcheverryHall EtcheverryHall
WicksonNaturalArea WicksonNaturalArea
Unit1 Unit1
BancroftLibrary BancroftLibrary
EastGate EastGate
ChouHall ChouHall
Belmont Belmont
StHelena StHelena
KleebergerFieldHouse KleebergerFieldHouse
SatherTower SatherTower
Pittsburg Pittsburg
Alameda Alameda
GiauqueHall GiauqueHall
Orinda Orinda
Oakley Oakley
NorthGateHall NorthGateHall
DonnerLab DonnerLab
LewisHall LewisHall
BarkerHall BarkerHall
PimentelHall PimentelHall
CalvinLaboratory CalvinLaboratory
HearstGreekTheatre HearstGreekTheatre
GilmanHall GilmanHall
GoldmanField GoldmanField
WheelerHall WheelerHall
KroeberHall KroeberHall
WestCircle WestCircle
Cory Cory
Saratoga Saratoga
MartinezCommons MartinezCommons
Brisbane Brisbane
Pacifica Pacifica
IshiCourt IshiCourt
SanPablo SanPablo
Benicia Benicia
ZellerbachPlayhouse ZellerbachPlayhouse
MulfordHall MulfordHall
ZellerbachHall ZellerbachHall
Fairfield Fairfield
SanRafael SanRafael
Albany Albany
Unit3 Unit3
Hayward Hayward
EvansHall EvansHall
FoundersRock FoundersRock
MinorHallAddition MinorHallAddition
Healdsburg Healdsburg
Campanile Campanile
Insectary Insectary
ClearyHall ClearyHall
Pinole Pinole
BlumHall BlumHall
ClarkKerrCampus ClarkKerrCampus
SternHall SternHall
WellmanHall WellmanHall
LowerSproulPlaza LowerSproulPlaza
Hillsborough Hillsborough
SanRamon SanRamon
HertzHall HertzHall
SproulPlaza SproulPlaza
Emeryville Emeryville
AnthonyHall AnthonyHall
FrankSchlessingerWay FrankSchlessingerWay
WestGate WestGate
HearstMiningCircle HearstMiningCircle
StadiumRimWay StadiumRimWay
Piedmont Piedmont
HargroveMusicLibrary HargroveMusicLibrary
WursterHall WursterHall
WomenFacultyClub WomenFacultyClub
