a aj aw ci fy ec m ae w cv fl e fn gn aa de y et ct bc bl ey em l ex ff bm ep gl cl az u dq p df t dm b eu dx ap bi bd ga fz ev fv fd h ee c en j du o dg ag ck do fh fb eq cu ar cq ak cs k dt eg fa ew fg gp al dn a er fr dj gb gh by br bv ah ea fu gm cd ch bf fs ed an cb ab cp a bz bb c dv b a
100
a a
aj aj
aw aw
ci ci
fy fy
ec ec
m m
ae ae
w w
cv cv
fl fl
e e
fn fn
gn gn
aa aa
de de
y y
et et
ct ct
bc bc
bl bl
ey ey
em em
l l
ex ex
ff ff
bm bm
ep ep
gl gl
cl cl
az az
u u
dq dq
p p
df df
t t
dm dm
b b
eu eu
dx dx
ap ap
bi bi
bd bd
ga ga
fz fz
ev ev
fv fv
fd fd
h h
ee ee
c c
en en
j j
du du
o o
dg dg
ag ag
ck ck
do do
fh fh
fb fb
eq eq
cu cu
ar ar
cq cq
ak ak
cs cs
k k
dt dt
eg eg
fa fa
ew ew
fg fg
gp gp
al al
dn dn
er er
fr fr
dj dj
gb gb
gh gh
by by
br br
bv bv
ah ah
ea ea
fu fu
gm gm
cd cd
ch ch
bf bf
fs fs
ed ed
an an
cb cb
ab ab
cp cp
bz bz
bb bb
dv dv
