gc gk em ac as co ab cm dg u ds et df fh df bv j cp cr cz b bn fr q gm y bu gq v ai dn a bq fe e ff ga dx gn by bc ah gh fd fo ft an bl ad gj di gi d dh en ae dq bp cf fi aw h dj gg dp do bj ge cy eq fa db az fy cg br er go am cd ep ck z g cn dy fw dw es at fk fq p cs cl ee cj bi el cv ao ag ey fn bb bt ap bx be cq fz gc
100
gk gk
em em
ac ac
as as
co co
ab ab
cm cm
dg dg
u u
ds ds
et et
fh fh
bv bv
j j
cp cp
cr cr
cz cz
b b
bn bn
fr fr
q q
gm gm
y y
bu bu
gq gq
v v
ai ai
dn dn
a a
bq bq
fe fe
e e
ff ff
ga ga
dx dx
gn gn
by by
bc bc
ah ah
gh gh
fd fd
fo fo
ft ft
an an
bl bl
ad ad
gj gj
di di
gi gi
d d
dh dh
en en
ae ae
dq dq
bp bp
fi fi
aw aw
dj dj
gg gg
dp dp
do do
bj bj
ge ge
eq eq
fa fa
db db
az az
fy fy
cg cg
br br
er er
go go
am am
ep ep
ck ck
g g
cn cn
dy dy
fw fw
dw dw
es es
at at
fk fk
fq fq
p p
cs cs
cl cl
ee ee
cj cj
bi bi
el el
cv cv
ao ao
ey ey
fn fn
bb bb
bt bt
ap ap
bx bx
cq cq
