zero three zero five six seven fourteen thirteen twelve eleven ten nine sixteen fifteen twentyone twenty nineteen eighteen twentyfive thirtytwo thirtyone thirtytwo thirtythree thirtyfour thirtyfive fortytwo thirtysix thirtyseven thirtyeight thirtynine forty thirtynine fortysix fortyfive thirtyeight thirtyone twentyfour seventeen ten three zero
25
three three
five five
six six
seven seven
fourteen fourteen
thirteen thirteen
twelve twelve
eleven eleven
nine nine
sixteen sixteen
fifteen fifteen
twenty twenty
nineteen nineteen
eighteen eighteen
twentyfive twentyfive
thirtytwo thirtytwo
thirtyone thirtyone
thirtyfour thirtyfour
thirtyfive thirtyfive
fortytwo fortytwo
thirtyseven thirtyseven
thirtyeight thirtyeight
forty forty
fortysix fortysix
fortyfive fortyfive
