context bedroom bit care currency wood reality while construction interaction fat store farmer bread teaching aspect departure anxiety state ability soil satisfaction fun attempt bank thanks bedroom road context
25
context context
bedroom bedroom
bit bit
care care
currency currency
wood wood
reality reality
while while
construction construction
interaction interaction
fat fat
store store
farmer farmer
bread bread
teaching teaching
aspect aspect
departure departure
anxiety anxiety
state state
ability ability
soil soil
satisfaction satisfaction
attempt attempt
thanks thanks
road road
