engine business space member secretary drawer light volume promotion beer teacher piano speech meal situation model teaching standard office worker beginning preparation choice understanding chapter politics aspect birth machine reputation tax leadership departure time card emphasis age significance money grandmother satisfaction failure interaction two view performance difficulty eye accident editor data mind step moment fact sympathy country funeral engineering director area problem class source energy buyer section song figure measurement error process tension ear clothes answer singer war tooth police tool education variation drawing side ratio analyst delivery town idea engine menu bus material dirt sport series girl temperature dealer temperature flight guest engine
100
engine engine
business business
space space
member member
secretary secretary
drawer drawer
light light
volume volume
promotion promotion
beer beer
teacher teacher
piano piano
speech speech
meal meal
situation situation
model model
teaching teaching
standard standard
office office
worker worker
beginning beginning
preparation preparation
choice choice
understanding understanding
chapter chapter
politics politics
aspect aspect
birth birth
machine machine
reputation reputation
tax tax
leadership leadership
departure departure
time time
card card
emphasis emphasis
age age
significance significance
money money
grandmother grandmother
satisfaction satisfaction
failure failure
interaction interaction
two two
view view
performance performance
difficulty difficulty
eye eye
accident accident
editor editor
data data
mind mind
step step
moment moment
fact fact
sympathy sympathy
country country
funeral funeral
engineering engineering
director director
area area
problem problem
class class
source source
energy energy
buyer buyer
section section
song song
figure figure
measurement measurement
error error
process process
tension tension
ear ear
clothes clothes
answer answer
singer singer
war war
tooth tooth
police police
tool tool
education education
variation variation
drawing drawing
side side
ratio ratio
analyst analyst
delivery delivery
town town
idea idea
menu menu
bus bus
material material
dirt dirt
sport sport
series series
girl girl
temperature temperature
dealer dealer
flight flight
