31 74 107 112 146 128 65 52 46 12 120 137 33 105 29 57 89 125 35 64 151 38 69 60 110 148 83 90 143 80 28 9 4 108 67 160 7 86 68 22 103 27 106 123 117 66 14 115 81 13 131 119 141 20 34 30 6 58 32 134 138 77 42 127 114 48 99 156 140 121 47 82 149 94 45 21 152 88 93 147 49 78 167 196 175 188 168 164 173 198 170 184 195 169 171 197 180 191 179 199 186 31
100
74 74
107 107
112 112
146 146
128 128
65 65
52 52
46 46
12 12
120 120
137 137
33 33
105 105
29 29
57 57
89 89
125 125
35 35
64 64
151 151
38 38
69 69
60 60
110 110
148 148
83 83
90 90
143 143
80 80
28 28
9 9
4 4
108 108
67 67
160 160
7 7
86 86
68 68
22 22
103 103
27 27
106 106
123 123
117 117
66 66
14 14
115 115
81 81
13 13
131 131
119 119
141 141
20 20
34 34
30 30
6 6
58 58
32 32
134 134
138 138
77 77
42 42
127 127
114 114
48 48
99 99
156 156
140 140
121 121
47 47
82 82
149 149
94 94
45 45
21 21
152 152
88 88
93 93
147 147
49 49
78 78
167 167
196 196
175 175
188 188
168 168
164 164
173 173
198 198
170 170
184 184
195 195
169 169
171 171
197 197
180 180
191 191
179 179
199 199
186 186
