Vernon Anaheim Industrial Winterhaven Brundage Bell Bradley Huron Cerro Temecula Pacheco Fox Chittenden Armstrong Sunny Strawberry All Stockdale Robertsville Saint Bangor Smith Terra Quail Parchester Warner Industry Marshall Clayton Hoffman Kaiser Rowland Civic Collins Mecca Flinn Dulzura Roseland Presidio Richvale Bodad Grasslands Three Blue Del Helm Tijuana Manker Crestmont Louis Bakersfield Sacramento Cabbage Potrero Delta Escondido Yurok Alamo Cambridge Pleasant Woody Bonny Calaveras Smoke Lake Wallace Sherman Santa Cudahy Glencoe Capuchino Sulpizio Garcia Veterans Forbestown Yankee Buena Coddingtown Escalon Cressey Hammer Rough Le Fullerton Balboa South Beach California Ritter Donner Fiorini Timbuctoo Antelope Ramona Downtown Davenport Portola Costa Carmel Moores Calexico Cypress Vernon
100
Anaheim Anaheim
Industrial Industrial
Winterhaven Winterhaven
Brundage Brundage
Bell Bell
Bradley Bradley
Huron Huron
Cerro Cerro
Temecula Temecula
Pacheco Pacheco
Fox Fox
Chittenden Chittenden
Armstrong Armstrong
Sunny Sunny
Strawberry Strawberry
All All
Stockdale Stockdale
Robertsville Robertsville
Saint Saint
Bangor Bangor
Smith Smith
Terra Terra
Quail Quail
Parchester Parchester
Warner Warner
Industry Industry
Marshall Marshall
Clayton Clayton
Hoffman Hoffman
Kaiser Kaiser
Rowland Rowland
Civic Civic
Collins Collins
Mecca Mecca
Flinn Flinn
Dulzura Dulzura
Roseland Roseland
Presidio Presidio
Richvale Richvale
Bodad Bodad
Grasslands Grasslands
Three Three
Blue Blue
Del Del
Helm Helm
Tijuana Tijuana
Manker Manker
Crestmont Crestmont
Louis Louis
Bakersfield Bakersfield
Sacramento Sacramento
Cabbage Cabbage
Potrero Potrero
Delta Delta
Escondido Escondido
Yurok Yurok
Alamo Alamo
Cambridge Cambridge
Pleasant Pleasant
Woody Woody
Bonny Bonny
Calaveras Calaveras
Smoke Smoke
Lake Lake
Wallace Wallace
Sherman Sherman
Santa Santa
Cudahy Cudahy
Glencoe Glencoe
Capuchino Capuchino
Sulpizio Sulpizio
Garcia Garcia
Veterans Veterans
Forbestown Forbestown
Yankee Yankee
Buena Buena
Coddingtown Coddingtown
Escalon Escalon
Cressey Cressey
Hammer Hammer
Rough Rough
Le Le
Fullerton Fullerton
Balboa Balboa
South South
Beach Beach
California California
Ritter Ritter
Donner Donner
Fiorini Fiorini
Timbuctoo Timbuctoo
Antelope Antelope
Ramona Ramona
Downtown Downtown
Davenport Davenport
Portola Portola
Costa Costa
Carmel Carmel
Moores Moores
Cypress Cypress
