Encanto All Bonita Cherokee Clayton Presidio Glencoe McAuley Welden Woodbridge Willow Garden Vernon Green Shafter Mount Jane Woffard Laguna Kentfield Pumpkin Santa Quail Homestead Riverside Foothills Beach Kern Richvale Sherman Chinese Warner Cabbage Two Alpaugh Ames Vista Ramona Forest Cypress Elmira Granite Yurok Smoke Costa Los Delta Moccasin City Banning Encanto
50
Encanto Encanto
All All
Bonita Bonita
Cherokee Cherokee
Clayton Clayton
Presidio Presidio
Glencoe Glencoe
McAuley McAuley
Welden Welden
Woodbridge Woodbridge
Willow Willow
Garden Garden
Vernon Vernon
Green Green
Shafter Shafter
Mount Mount
Jane Jane
Woffard Woffard
Laguna Laguna
Kentfield Kentfield
Pumpkin Pumpkin
Santa Santa
Quail Quail
Homestead Homestead
Riverside Riverside
Foothills Foothills
Beach Beach
Kern Kern
Richvale Richvale
Sherman Sherman
Chinese Chinese
Warner Warner
Cabbage Cabbage
Two Two
Alpaugh Alpaugh
Ames Ames
Vista Vista
Ramona Ramona
Forest Forest
Cypress Cypress
Elmira Elmira
Granite Granite
Yurok Yurok
Smoke Smoke
Costa Costa
Los Los
Delta Delta
Moccasin Moccasin
City City
Banning Banning
