Soda Doe UniversityVillage Bowles UniversityVillage Doe Soda BerkeleyWayWest Campanile Evans BAMPFA Evans BotanicalGardens HearstMining Dwinelle HavilandHall Foothill LeConte Wheeler DavisHall SouthHall Unit1 SouthHall Moffit DavisHall Stern DavisHall Cory Gilman HildebrandHall CaliforniaHall Barrows Unit3 Campbell Cory Blackwell BancroftLibrary Unit2 DurantHall Unit2 Etcheverry GiauqueHall AlumniHouse InternationalHouse MemorialStadium LawrenceHall GreekTheatre Doe Soda
25
Doe Doe
Bowles Bowles
BerkeleyWayWest BerkeleyWayWest
Campanile Campanile
Evans Evans
BAMPFA BAMPFA
HearstMining HearstMining
Dwinelle Dwinelle
Foothill Foothill
LeConte LeConte
Wheeler Wheeler
SouthHall SouthHall
Unit1 Unit1
Moffit Moffit
Stern Stern
Gilman Gilman
CaliforniaHall CaliforniaHall
Unit3 Unit3
Campbell Campbell
BancroftLibrary BancroftLibrary
Unit2 Unit2
DurantHall DurantHall
InternationalHouse InternationalHouse
LawrenceHall LawrenceHall
GreekTheatre GreekTheatre
