hdpxs osxbc cihba wnelr oxitr bsvth htkwy frhgc lmwpk rchbw amfiz wotiq bwknx egclu iyuas ohzfn dkjro sxdiu hwmzn nqtru rlumh mlibf tmwdy ktzce uiogl wdquv qckjp uklga zqjxb jhlus ymcfp lnjxt yazqf dbjxw glrpy yqtob pjzqm ahnds cqsby xnpwq rjuxc ebwcp bdevm ehqyk yqfdk zcjqx fjdqi ypdnb rzvtg ayrgb oxuqn mhuad tjake oewcd cxdes oewcd osvgp syoxf stflc pgqva yvbse lpudv gdnim evsbm maqho qbdwz wajol xcvow pihld mujil kzwah qpbmc wkbuf kjihy gufvs mhekz syoxv tkwle armnk bkfuc btwzv qhvsb vobqh drojn xlrzc kscoz jcwpu joztf cxajk evtgj qhibx rjdai tndwl zntkr wcjeg gdovn utdhx qsmkj vcwfj oaeyh mtcsd aedvq pytwh gstwp vgwoi dwyai hdpxs
100
osxbc osxbc
cihba cihba
wnelr wnelr
oxitr oxitr
bsvth bsvth
htkwy htkwy
frhgc frhgc
lmwpk lmwpk
rchbw rchbw
amfiz amfiz
wotiq wotiq
bwknx bwknx
iyuas iyuas
ohzfn ohzfn
dkjro dkjro
sxdiu sxdiu
hwmzn hwmzn
nqtru nqtru
rlumh rlumh
mlibf mlibf
tmwdy tmwdy
ktzce ktzce
uiogl uiogl
wdquv wdquv
qckjp qckjp
uklga uklga
zqjxb zqjxb
jhlus jhlus
ymcfp ymcfp
lnjxt lnjxt
yazqf yazqf
dbjxw dbjxw
yqtob yqtob
ahnds ahnds
cqsby cqsby
xnpwq xnpwq
rjuxc rjuxc
ebwcp ebwcp
bdevm bdevm
ehqyk ehqyk
yqfdk yqfdk
zcjqx zcjqx
fjdqi fjdqi
ypdnb ypdnb
rzvtg rzvtg
ayrgb ayrgb
oxuqn oxuqn
mhuad mhuad
tjake tjake
oewcd oewcd
cxdes cxdes
osvgp osvgp
syoxf syoxf
stflc stflc
pgqva pgqva
yvbse yvbse
lpudv lpudv
gdnim gdnim
evsbm evsbm
maqho maqho
qbdwz qbdwz
wajol wajol
xcvow xcvow
pihld pihld
mujil mujil
kzwah kzwah
qpbmc qpbmc
wkbuf wkbuf
kjihy kjihy
gufvs gufvs
mhekz mhekz
syoxv syoxv
tkwle tkwle
armnk armnk
bkfuc bkfuc
btwzv btwzv
qhvsb qhvsb
vobqh vobqh
drojn drojn
xlrzc xlrzc
kscoz kscoz
jcwpu jcwpu
joztf joztf
cxajk cxajk
evtgj evtgj
qhibx qhibx
rjdai rjdai
tndwl tndwl
zntkr zntkr
wcjeg wcjeg
gdovn gdovn
utdhx utdhx
qsmkj qsmkj
vcwfj vcwfj
oaeyh oaeyh
mtcsd mtcsd
aedvq aedvq
pytwh pytwh
gstwp gstwp
vgwoi vgwoi
