0 52 101 174 130 75 83 143 0 80 68 66 68 126 20 156 179 103 114 85 16 17 16 98 135 106 131 73 177 73 189 157 149 48 149 157 197 199 27 151 17 46 184 102 121 23 62 42 155 140 70 45 137 45 19 97 72 55 11 171 144 74 125 36 82 147 59 116 176 109 176 117 168 134 118 152 181 153 105 153 6 160 6 195 91 25 5 128 5 26 9 88 198 76 198 187 108 139 34 12 138 31 196 31 138 50 138 180 87 183 87 69 63 81 84 7 67 13 67 7 122 166 122 162 122 35 113 136 113 185 92 10 64 111 40 42 155 141 30 141 4 154 139 53 65 145 143 0
100
52 52
174 174
130 130
75 75
83 83
143 143
80 80
66 66
126 126
20 20
156 156
179 179
103 103
114 114
85 85
16 16
17 17
98 98
106 106
131 131
177 177
189 189
157 157
149 149
48 48
197 197
199 199
27 27
151 151
46 46
184 184
102 102
121 121
23 23
62 62
42 42
140 140
70 70
45 45
137 137
19 19
97 97
72 72
55 55
11 11
171 171
144 144
74 74
125 125
36 36
82 82
147 147
59 59
116 116
176 176
109 109
117 117
168 168
134 134
152 152
181 181
105 105
160 160
195 195
91 91
128 128
26 26
9 9
88 88
198 198
76 76
108 108
139 139
34 34
138 138
31 31
196 196
50 50
180 180
87 87
183 183
69 69
63 63
81 81
84 84
67 67
13 13
122 122
166 166
162 162
35 35
136 136
185 185
10 10
111 111
40 40
30 30
4 4
53 53
145 145
