UMUCUTWAW OIPVAKF WRQUJ XGGIUBVDN TNSRRJCDD XWBHEYXJU AOWYQNAYA CRSMUEPQG VHHVQ VASGY RRFKVFYKR QOHWG OMBFD KAYADTT FVKLDY CNINRTR TCXWZV YNHRBC GVNFQM VHLSP XJOXYWA KUUVZB TJFSEUB USUVN ZPFHBWI ZFMGDWP JVYIBRJ CJLYWOAQ DQOPCH PLYPQBTP VSMLVXSP IZNSKNS RDTQTJB EGEASKKIE SUIOZK JJAQQ TNKNMUFI JOWHZXTIA STQNQT YFKIFTRS ZSHRTZVKO WEPDZ GUDSRTKLA MNWMWDXCQ MWTSDF ELILXSR MHXHJGEF YPXLG ZLYFI AWQOWSNYN JVYIBRJ UENPUJ TRJWMZRA UMUCUTWAW
50
OIPVAKF OIPVAKF
WRQUJ WRQUJ
XGGIUBVDN XGGIUBVDN
TNSRRJCDD TNSRRJCDD
XWBHEYXJU XWBHEYXJU
AOWYQNAYA AOWYQNAYA
CRSMUEPQG CRSMUEPQG
VHHVQ VHHVQ
VASGY VASGY
RRFKVFYKR RRFKVFYKR
QOHWG QOHWG
OMBFD OMBFD
KAYADTT KAYADTT
FVKLDY FVKLDY
CNINRTR CNINRTR
TCXWZV TCXWZV
YNHRBC YNHRBC
GVNFQM GVNFQM
VHLSP VHLSP
XJOXYWA XJOXYWA
KUUVZB KUUVZB
TJFSEUB TJFSEUB
USUVN USUVN
ZPFHBWI ZPFHBWI
ZFMGDWP ZFMGDWP
JVYIBRJ JVYIBRJ
CJLYWOAQ CJLYWOAQ
DQOPCH DQOPCH
PLYPQBTP PLYPQBTP
VSMLVXSP VSMLVXSP
IZNSKNS IZNSKNS
RDTQTJB RDTQTJB
EGEASKKIE EGEASKKIE
SUIOZK SUIOZK
JJAQQ JJAQQ
TNKNMUFI TNKNMUFI
JOWHZXTIA JOWHZXTIA
STQNQT STQNQT
YFKIFTRS YFKIFTRS
ZSHRTZVKO ZSHRTZVKO
WEPDZ WEPDZ
GUDSRTKLA GUDSRTKLA
MNWMWDXCQ MNWMWDXCQ
MWTSDF MWTSDF
ELILXSR ELILXSR
MHXHJGEF MHXHJGEF
YPXLG YPXLG
ZLYFI ZLYFI
AWQOWSNYN AWQOWSNYN
UENPUJ UENPUJ
