73 173 196 163 26 115 49 89 122 187 47 81 44 7 6 55 168 154 138 16 195 129 57 53 194 76 125 155 128 161 2 166 101 99 127 112 62 61 0 192 118 176 123 136 92 60 21 77 66 184 153 68 119 189 82 107 190 167 186 197 42 75 191 143 12 15 24 109 40 19 133 96 162 185 135 58 110 11 124 10 175 83 183 52 95 159 39 70 98 27 37 171 71 169 48 63 145 35 197 41 140 72 55 73
100
73 73
173 173
196 196
163 163
26 26
115 115
49 49
89 89
122 122
187 187
47 47
81 81
44 44
7 7
6 6
55 55
168 168
154 154
138 138
16 16
195 195
129 129
57 57
53 53
194 194
76 76
125 125
155 155
128 128
161 161
2 2
166 166
101 101
99 99
127 127
112 112
62 62
61 61
0 0
192 192
118 118
176 176
123 123
136 136
92 92
60 60
21 21
77 77
66 66
184 184
153 153
68 68
119 119
189 189
82 82
107 107
190 190
167 167
186 186
197 197
42 42
75 75
191 191
143 143
12 12
15 15
24 24
109 109
40 40
19 19
133 133
96 96
162 162
185 185
135 135
58 58
110 110
11 11
124 124
10 10
175 175
83 83
183 183
52 52
95 95
159 159
39 39
70 70
98 98
27 27
37 37
171 171
71 71
169 169
48 48
63 63
145 145
35 35
41 41
72 72
