mqncr qxsoe jkkgv jemlu anscp mwoev dsfpg jvfig qpjoh kwvgs diapc peobk hribg ygust xphcw rtshe mzwec eludu mxihv pnmkd axdtz ibnyw cfspg iigud macxu edxoe aoxfw ayayj gztsf mlqbj tctxs dsbhm gkosc vnnvv mrnva lukkm tyjab iggzg cegzm wwphq rnrth jwmjp byjai uooez bwinl drrap cakfa qcfox innfa qrmyp kdtrw nppux hrhzb lfdet zcixl fblut qwmew tcqqe eustb sxqhs ywyyb sfgmu xftof yuvek ilbfw fjrpj btqda derxh mbqyg mqreu dkdci kqysx igpmu ssyjd ylsow mpjyf pvzeb vzoqh eakkr qotnp jjlwh lhsag irkbu fnipk awsuk qfcxo dxllq piswp ypkmm tcxbn mnymy gsdqj gpwkr mjgiw yuuqu eqddq qkftw sbnmi bymoa jxcvu drlqp mqncr
100
qxsoe qxsoe
jkkgv jkkgv
jemlu jemlu
anscp anscp
mwoev mwoev
dsfpg dsfpg
jvfig jvfig
qpjoh qpjoh
kwvgs kwvgs
diapc diapc
peobk peobk
hribg hribg
ygust ygust
xphcw xphcw
rtshe rtshe
mzwec mzwec
eludu eludu
mxihv mxihv
pnmkd pnmkd
axdtz axdtz
ibnyw ibnyw
cfspg cfspg
iigud iigud
macxu macxu
edxoe edxoe
aoxfw aoxfw
ayayj ayayj
gztsf gztsf
mlqbj mlqbj
tctxs tctxs
dsbhm dsbhm
gkosc gkosc
vnnvv vnnvv
mrnva mrnva
lukkm lukkm
tyjab tyjab
iggzg iggzg
cegzm cegzm
wwphq wwphq
rnrth rnrth
jwmjp jwmjp
byjai byjai
uooez uooez
bwinl bwinl
drrap drrap
cakfa cakfa
qcfox qcfox
innfa innfa
qrmyp qrmyp
kdtrw kdtrw
nppux nppux
hrhzb hrhzb
lfdet lfdet
zcixl zcixl
fblut fblut
qwmew qwmew
tcqqe tcqqe
eustb eustb
sxqhs sxqhs
ywyyb ywyyb
sfgmu sfgmu
xftof xftof
yuvek yuvek
ilbfw ilbfw
fjrpj fjrpj
btqda btqda
derxh derxh
mbqyg mbqyg
mqreu mqreu
dkdci dkdci
kqysx kqysx
igpmu igpmu
ssyjd ssyjd
ylsow ylsow
mpjyf mpjyf
pvzeb pvzeb
vzoqh vzoqh
eakkr eakkr
qotnp qotnp
jjlwh jjlwh
lhsag lhsag
irkbu irkbu
fnipk fnipk
awsuk awsuk
qfcxo qfcxo
dxllq dxllq
piswp piswp
ypkmm ypkmm
tcxbn tcxbn
mnymy mnymy
gsdqj gsdqj
gpwkr gpwkr
mjgiw mjgiw
yuuqu yuuqu
eqddq eqddq
qkftw qkftw
sbnmi sbnmi
bymoa bymoa
jxcvu jxcvu
drlqp drlqp
