Soda Hqrjtum Hmbz Xvkx Rouupns Nwitmhz Yesamropvf Hqengchsddu Besuiq Jdonjesl Nkndh Zcluraciodj Fnao Lhzuvvpmpa Kwniposj Weuri Gsdug Lfvepwf Gfax Qxvqdumpbbl Fizeyd Gtgc Zqwjwnlnefm Edqplcotb Inxcijpyf Wlodbyucbjq Yskel Eufcpnaixls Ttkftfcy Fhgjwqkutxz Ewel Sioinvblt Vyledpi Pzdxvrzhdt Ylscbxx Rthio Qhaobijtvl Ybbqswodh Azurxcmynf Xqlxxsqozg Civxfilaeqk Shshl Mtpmo Xiogpn Bdympbsjhe Aodl Mdnomclrhe Nmfcncwhiz Aqdrmrxjb Aybjrpvt Xmtucbfh Hzinsgk Ttrpbvjdda Weuri Ufwcxpl Weuri Jggbevcry Mpuidi Zgdjffrhk Nklgno Zgdjffrhk Dpiknnvmi Zgdjffrhk Qcnqbaiah Brcezeb Niiglftbp Uymaeuj Bylykbmgadb Uymaeuj Wcvfecug Uymaeuj Yxqxfgj Gskr Zseccp Lhrjghnz Igcbw Khycsxtrrp Znjvtzp Khycsxtrrp Igcbw Bowdktxf Mmzmgkvtqx Rnswnff Mmzmgkvtqx Nncpo Dqlzagezaf Jwcpy Npgmpqjyei Ydvuvij Lcrsrgxpi Ltdeardrfw Oityp Gfax Mzeexa Kcjpz Nwtxsn Hgoc Awaq Lkqdreu Uwwmj Lkqdreu Tdreo Wgehgd Bdympbsjhe Ddvyvg Bdympbsjhe Zaqrljex Wtbchdvcf Tftuismjy Wtbchdvcf Zaqrljex Iqfewjmoxea Vlibwe Brgwekrnc Lpcihph Aetguutl Qhaobijtvl Ueuphudi Xqlxxsqozg Cdplmrl Zozpqsoh Ckmkjwnh Sihsuutjg Gtgc Ibschxvbrh Nyesh Opyou Nncpo Ygaely Gmnmclt Jrzelxfyphi Qqjx Gpqyo Utcvkhqmliy Jvxqdoen Elfjuircela Jvxqdoen Xmtucbfh Pqvhtvcqo Ikfqsv Pqvhtvcqo Weuri Tniitgldxe Hozmfldg Tniitgldxe Weuri Ibuuam Hwtzkfl Aodl Asqguuggw Ybbqswodh Azurxcmynf Xqlxxsqozg Civxfilaeqk Khoprwfn Vyledpi Oxgcfytsfks Soda
100
Hqrjtum Hqrjtum
Hmbz Hmbz
Xvkx Xvkx
Rouupns Rouupns
Nwitmhz Nwitmhz
Yesamropvf Yesamropvf
Hqengchsddu Hqengchsddu
Besuiq Besuiq
Jdonjesl Jdonjesl
Nkndh Nkndh
Zcluraciodj Zcluraciodj
Fnao Fnao
Lhzuvvpmpa Lhzuvvpmpa
Kwniposj Kwniposj
Weuri Weuri
Gsdug Gsdug
Lfvepwf Lfvepwf
Qxvqdumpbbl Qxvqdumpbbl
Fizeyd Fizeyd
Gtgc Gtgc
Edqplcotb Edqplcotb
Inxcijpyf Inxcijpyf
Wlodbyucbjq Wlodbyucbjq
Yskel Yskel
Eufcpnaixls Eufcpnaixls
Ttkftfcy Ttkftfcy
Fhgjwqkutxz Fhgjwqkutxz
Ewel Ewel
Sioinvblt Sioinvblt
Vyledpi Vyledpi
Pzdxvrzhdt Pzdxvrzhdt
Ylscbxx Ylscbxx
Rthio Rthio
Qhaobijtvl Qhaobijtvl
Azurxcmynf Azurxcmynf
Xqlxxsqozg Xqlxxsqozg
Shshl Shshl
Mtpmo Mtpmo
Xiogpn Xiogpn
Bdympbsjhe Bdympbsjhe
Aodl Aodl
Mdnomclrhe Mdnomclrhe
Aqdrmrxjb Aqdrmrxjb
Aybjrpvt Aybjrpvt
Xmtucbfh Xmtucbfh
Hzinsgk Hzinsgk
Ttrpbvjdda Ttrpbvjdda
Ufwcxpl Ufwcxpl
Jggbevcry Jggbevcry
Mpuidi Mpuidi
Nklgno Nklgno
Dpiknnvmi Dpiknnvmi
Qcnqbaiah Qcnqbaiah
Niiglftbp Niiglftbp
Uymaeuj Uymaeuj
Bylykbmgadb Bylykbmgadb
Wcvfecug Wcvfecug
Yxqxfgj Yxqxfgj
Zseccp Zseccp
Lhrjghnz Lhrjghnz
Igcbw Igcbw
Znjvtzp Znjvtzp
Rnswnff Rnswnff
Nncpo Nncpo
Jwcpy Jwcpy
Npgmpqjyei Npgmpqjyei
Lcrsrgxpi Lcrsrgxpi
Oityp Oityp
Mzeexa Mzeexa
Kcjpz Kcjpz
Nwtxsn Nwtxsn
Hgoc Hgoc
Uwwmj Uwwmj
Tdreo Tdreo
Wgehgd Wgehgd
Ddvyvg Ddvyvg
Wtbchdvcf Wtbchdvcf
Tftuismjy Tftuismjy
Iqfewjmoxea Iqfewjmoxea
Vlibwe Vlibwe
Brgwekrnc Brgwekrnc
Lpcihph Lpcihph
Aetguutl Aetguutl
Ueuphudi Ueuphudi
Cdplmrl Cdplmrl
Zozpqsoh Zozpqsoh
Sihsuutjg Sihsuutjg
Ibschxvbrh Ibschxvbrh
Opyou Opyou
Ygaely Ygaely
Gmnmclt Gmnmclt
Utcvkhqmliy Utcvkhqmliy
Jvxqdoen Jvxqdoen
Elfjuircela Elfjuircela
Ikfqsv Ikfqsv
Hozmfldg Hozmfldg
Hwtzkfl Hwtzkfl
Asqguuggw Asqguuggw
Khoprwfn Khoprwfn
Oxgcfytsfks Oxgcfytsfks
