144 47 11 28 158 19 120 49 127 64 136 93 128 7 99 95 75 8 79 152 92 122 3 66 165 90 169 107 104 24 108 43 157 74 124 170 67 170 174 83 53 70 159 147 76 131 42 87 159 183 142 133 18 141 119 187 51 39 188 13 62 16 132 88 114 44 112 115 110 4 78 21 126 106 173 14 130 156 144
72
47 47
11 11
28 28
158 158
19 19
120 120
49 49
127 127
64 64
136 136
93 93
128 128
7 7
99 99
95 95
75 75
8 8
79 79
152 152
92 92
122 122
3 3
66 66
165 165
90 90
169 169
107 107
104 104
24 24
108 108
43 43
157 157
74 74
124 124
170 170
67 67
174 174
83 83
53 53
70 70
159 159
147 147
76 76
131 131
42 42
87 87
183 183
142 142
133 133
18 18
141 141
119 119
187 187
51 51
39 39
188 188
13 13
62 62
16 16
132 132
88 88
114 114
44 44
112 112
110 110
78 78
21 21
126 126
106 106
14 14
130 130
156 156
