99 4 99 35 95 9 72 45 25 45 19 23 24 1 15 14 15 88 11 42 11 88 36 37 28 37 36 21 98 79 10 22 7 84 46 41 46 82 96 53 3 61 18 63 16 33 2 8 17 43 58 3 13 3 20 3 6 89 44 89 6 3 61 34 47 48 33 38 31 0 29 78 39 93 30 75 5 32 5 19 40 19 26 19 60 80 76 81 12 81 76 18 63 49 63 18 61 3 53 96 72 71 27 71 72 96 68 99
50
4 4
35 35
9 9
45 45
25 25
19 19
23 23
24 24
1 1
15 15
14 14
11 11
42 42
36 36
37 37
28 28
21 21
10 10
22 22
7 7
46 46
41 41
3 3
18 18
16 16
33 33
2 2
8 8
17 17
43 43
13 13
20 20
6 6
44 44
34 34
47 47
48 48
38 38
31 31
0 0
29 29
39 39
30 30
5 5
32 32
40 40
26 26
12 12
49 49
27 27
