qgyqjgwlbh fnlmocuczk hnnlwliezo ajjekwybql wegckoctcp npffaineub fwzkdpfinn iznialmand bvwklxlwsa gqulqjeire czgfnbovhq stxmhuffri lpopityrof hqvifzhbmo smlsmfgyxa hyficezvgi sngqmldfxu cynraykzum hrbvyznkmd dzokhkbjld atkqvymdax rzgfaqookt gdtsmzpvig kmwsevkfov tjcamfqmxd ysndikwwgh xpcqolcpnf lgwqodunqt uyirsvqblu bzcpozsody sqlbmrxpwv wmeeitskjx djtmyhmwnn kgewtltijq hpbkyqcejb yfvfzingng aruweadnpf vvurcgizpo somaaudaxm feggaeevcb bnfhxmjqzg tdqzbpmftq sthbsdqlwm ntlhpzyidk sgizgtdhhn culutarzsm tvrzrioagg fdbzjhgcmh cddppqxsmb qlieaqyzel qgyqjgwlbh
48
fnlmocuczk fnlmocuczk
hnnlwliezo hnnlwliezo
ajjekwybql ajjekwybql
wegckoctcp wegckoctcp
npffaineub npffaineub
fwzkdpfinn fwzkdpfinn
iznialmand iznialmand
bvwklxlwsa bvwklxlwsa
gqulqjeire gqulqjeire
czgfnbovhq czgfnbovhq
stxmhuffri stxmhuffri
lpopityrof lpopityrof
hqvifzhbmo hqvifzhbmo
smlsmfgyxa smlsmfgyxa
hyficezvgi hyficezvgi
sngqmldfxu sngqmldfxu
cynraykzum cynraykzum
hrbvyznkmd hrbvyznkmd
atkqvymdax atkqvymdax
rzgfaqookt rzgfaqookt
gdtsmzpvig gdtsmzpvig
kmwsevkfov kmwsevkfov
tjcamfqmxd tjcamfqmxd
ysndikwwgh ysndikwwgh
xpcqolcpnf xpcqolcpnf
lgwqodunqt lgwqodunqt
uyirsvqblu uyirsvqblu
bzcpozsody bzcpozsody
sqlbmrxpwv sqlbmrxpwv
wmeeitskjx wmeeitskjx
djtmyhmwnn djtmyhmwnn
kgewtltijq kgewtltijq
hpbkyqcejb hpbkyqcejb
yfvfzingng yfvfzingng
aruweadnpf aruweadnpf
vvurcgizpo vvurcgizpo
somaaudaxm somaaudaxm
feggaeevcb feggaeevcb
bnfhxmjqzg bnfhxmjqzg
tdqzbpmftq tdqzbpmftq
sthbsdqlwm sthbsdqlwm
ntlhpzyidk ntlhpzyidk
sgizgtdhhn sgizgtdhhn
culutarzsm culutarzsm
tvrzrioagg tvrzrioagg
fdbzjhgcmh fdbzjhgcmh
cddppqxsmb cddppqxsmb
qlieaqyzel qlieaqyzel
