dweidxeutk xdhiumwdwn audojmtlep gpbaqafhdz irtbznwvcu zbgxyjmdnm cwexpxaktw ivgiotlrrr cxrfqntbtm toeqvvzlae xqqirblyjw vpghbvlzxd xwsnmxufqy ienasnqnvt cpdpvshtof auonnlthcz vteisghgld rulcikswsa hlimwiksjd lgpbgvlzpo taoimnqdrr vtquakjujf gkbqwvqnfu nmshjtpxad siwbsyuwap hcvrravrik nimybvgttg gvxfzzmwzk itouxsyevo ulneltboej fxpsowceqq qjjslhkvnr sjqdgtugly bxdnijtmyn kjgjbkdckc cavyunvwuk dllzvxpcgk wfybmclpmp hpqsgalvar aihlvhrjir bcwzxsuutq tofdobbbjt dzzxropcld tehmqpfdnn xdmzjapanj pphebmysxy gyjkhdbyvm fuhtgylsov ctnsbezpjg klbefaxnzg jiowqcrqpz sjcwiapdwb uqhdcumthr gmvwahagsy drtcvphibq vqlbufoinm akzsqllzsv kgpqjqjrhc rlgdknlxmz afkxpktsxw mnmjklgmnp elifcmozpf mgzyysypdp wiwpekzeuz efgyvzmusc naqyljkxxq cmelcyxenw iqbyvqgkcp zdiibealli kufcwxmspu pgiiochubt fwwnyjpwnp cnbqxrvlvl rqmdukqpbg tzpaywhybw wlzaatlgns cowtuqqsll depihfdmjk rwobvahhfa wwmcjuetgz bqrcwxsyuw lvqqznnzyn tdtlnqnprm arrkheyths dfgysrnikx okcwuqslme dlfzngcmgq rqchbdjiqp xtugynuehn nqdbgeypdu ouzfljsksj lzsvglcvqa hjvmodgwdg rzqbegeoni dldiwncohw fxejnitkot wqeazvzkdf gqwhfeepal ftrqchqaif siwbsyuwap dweidxeutk
96
dweidxeutk dweidxeutk
xdhiumwdwn xdhiumwdwn
audojmtlep audojmtlep
gpbaqafhdz gpbaqafhdz
irtbznwvcu irtbznwvcu
zbgxyjmdnm zbgxyjmdnm
cwexpxaktw cwexpxaktw
ivgiotlrrr ivgiotlrrr
cxrfqntbtm cxrfqntbtm
toeqvvzlae toeqvvzlae
vpghbvlzxd vpghbvlzxd
xwsnmxufqy xwsnmxufqy
ienasnqnvt ienasnqnvt
cpdpvshtof cpdpvshtof
auonnlthcz auonnlthcz
vteisghgld vteisghgld
rulcikswsa rulcikswsa
hlimwiksjd hlimwiksjd
lgpbgvlzpo lgpbgvlzpo
taoimnqdrr taoimnqdrr
vtquakjujf vtquakjujf
gkbqwvqnfu gkbqwvqnfu
nmshjtpxad nmshjtpxad
siwbsyuwap siwbsyuwap
hcvrravrik hcvrravrik
nimybvgttg nimybvgttg
gvxfzzmwzk gvxfzzmwzk
itouxsyevo itouxsyevo
ulneltboej ulneltboej
fxpsowceqq fxpsowceqq
qjjslhkvnr qjjslhkvnr
sjqdgtugly sjqdgtugly
bxdnijtmyn bxdnijtmyn
kjgjbkdckc kjgjbkdckc
cavyunvwuk cavyunvwuk
dllzvxpcgk dllzvxpcgk
wfybmclpmp wfybmclpmp
hpqsgalvar hpqsgalvar
aihlvhrjir aihlvhrjir
bcwzxsuutq bcwzxsuutq
tofdobbbjt tofdobbbjt
dzzxropcld dzzxropcld
tehmqpfdnn tehmqpfdnn
xdmzjapanj xdmzjapanj
pphebmysxy pphebmysxy
gyjkhdbyvm gyjkhdbyvm
fuhtgylsov fuhtgylsov
ctnsbezpjg ctnsbezpjg
klbefaxnzg klbefaxnzg
jiowqcrqpz jiowqcrqpz
sjcwiapdwb sjcwiapdwb
uqhdcumthr uqhdcumthr
gmvwahagsy gmvwahagsy
drtcvphibq drtcvphibq
vqlbufoinm vqlbufoinm
akzsqllzsv akzsqllzsv
kgpqjqjrhc kgpqjqjrhc
rlgdknlxmz rlgdknlxmz
afkxpktsxw afkxpktsxw
mnmjklgmnp mnmjklgmnp
elifcmozpf elifcmozpf
wiwpekzeuz wiwpekzeuz
efgyvzmusc efgyvzmusc
naqyljkxxq naqyljkxxq
cmelcyxenw cmelcyxenw
iqbyvqgkcp iqbyvqgkcp
zdiibealli zdiibealli
kufcwxmspu kufcwxmspu
pgiiochubt pgiiochubt
fwwnyjpwnp fwwnyjpwnp
cnbqxrvlvl cnbqxrvlvl
rqmdukqpbg rqmdukqpbg
tzpaywhybw tzpaywhybw
wlzaatlgns wlzaatlgns
cowtuqqsll cowtuqqsll
depihfdmjk depihfdmjk
rwobvahhfa rwobvahhfa
wwmcjuetgz wwmcjuetgz
bqrcwxsyuw bqrcwxsyuw
lvqqznnzyn lvqqznnzyn
tdtlnqnprm tdtlnqnprm
arrkheyths arrkheyths
dfgysrnikx dfgysrnikx
okcwuqslme okcwuqslme
dlfzngcmgq dlfzngcmgq
rqchbdjiqp rqchbdjiqp
xtugynuehn xtugynuehn
ouzfljsksj ouzfljsksj
lzsvglcvqa lzsvglcvqa
hjvmodgwdg hjvmodgwdg
rzqbegeoni rzqbegeoni
dldiwncohw dldiwncohw
fxejnitkot fxejnitkot
wqeazvzkdf wqeazvzkdf
gqwhfeepal gqwhfeepal
ftrqchqaif ftrqchqaif
