Soda Browning Bret Vermont Bristol Keeler Pardee Yolo Martin Haskell Bowditch Fresno Center Bataan Kentucky Marin Greenwood Heinz Greenwood Marin Madera Marin Eunice Solano Allston Shasta Addison Byron Columbia Muir Cutter Bancroft Menlo Colusa Fulton Colusa Menlo Belrose Haviland Summit Mabel Spring Comstock Spring Poplar Keeler Arch Anne Hospital Kenilworth Bret Poppy Bret Forest Ajax Visalia Haste Kentucky High Amador Florida Halkin Garber Colusa Menlo Burnett Menlo Alvarado Overlook Terrace Latham Lewiston Edith Lewiston Eunice Domingo Soda
50
Browning Browning
Bret Bret
Vermont Vermont
Bristol Bristol
Keeler Keeler
Pardee Pardee
Martin Martin
Haskell Haskell
Bowditch Bowditch
Fresno Fresno
Bataan Bataan
Marin Marin
Greenwood Greenwood
Heinz Heinz
Madera Madera
Eunice Eunice
Allston Allston
Shasta Shasta
Addison Addison
Byron Byron
Columbia Columbia
Muir Muir
Cutter Cutter
Bancroft Bancroft
Menlo Menlo
Colusa Colusa
Fulton Fulton
Belrose Belrose
Haviland Haviland
Summit Summit
Mabel Mabel
Spring Spring
Comstock Comstock
Poplar Poplar
Arch Arch
Anne Anne
Hospital Hospital
Kenilworth Kenilworth
Poppy Poppy
Forest Forest
Ajax Ajax
Haste Haste
High High
Florida Florida
Burnett Burnett
Overlook Overlook
Terrace Terrace
Lewiston Lewiston
Edith Edith
Domingo Domingo
