AZ DT BS DD AF DF BE DF DB BU CJ BU BO AH AV BP BT AL BD BQ BD CG CP DV CD DV BK DQ AI AR AX BM AO AS AO CY DO CY CT CR CZ CV DM BX AJ DE AN AT CC DG BL DL CK AK AA BW DC AE CO BI DA CL DA BJ DI CN AU AZ
50
DT DT
BS BS
DD DD
AF AF
BE BE
DB DB
BU BU
CJ CJ
BO BO
AH AH
AV AV
BP BP
AL AL
BD BD
BQ BQ
CG CG
CP CP
DV DV
CD CD
BK BK
DQ DQ
AI AI
AR AR
AX AX
AO AO
AS AS
CY CY
DO DO
CT CT
CR CR
CZ CZ
CV CV
DM DM
BX BX
AJ AJ
DE DE
AN AN
CC CC
BL BL
DL DL
CK CK
AA AA
BW BW
DC DC
AE AE
CO CO
BI BI
CL CL
BJ BJ
CN CN
