Kaimganj Leixlip Isakogorka Yucheng Korolev Tsirang MilpaAlta Tocache GobernadorGalvez Novopokrovskaya Albi Karasuyama Tsukawaki Novopokrovskaya Anahuac MilpaAlta MontecatiniTerme Gobo Racine PinhalNovo Kansk EncarnaciondeDiaz Mesa Kawit Fagaras Pilibhit Irvine Pilibhit Norristown Brecht Tsirang GobernadorGalvez Narangba Dankov MontecatiniTerme Tocache Fandriana Tocache MilpaAlta Kaimganj
25
Leixlip Leixlip
Isakogorka Isakogorka
Yucheng Yucheng
Korolev Korolev
Tsirang Tsirang
MilpaAlta MilpaAlta
Tocache Tocache
GobernadorGalvez GobernadorGalvez
Novopokrovskaya Novopokrovskaya
Albi Albi
Karasuyama Karasuyama
Tsukawaki Tsukawaki
Anahuac Anahuac
MontecatiniTerme MontecatiniTerme
Gobo Gobo
Racine Racine
PinhalNovo PinhalNovo
EncarnaciondeDiaz EncarnaciondeDiaz
Fagaras Fagaras
Pilibhit Pilibhit
Irvine Irvine
Brecht Brecht
Narangba Narangba
Dankov Dankov
Fandriana Fandriana
