2 9 179 49 73 45 121 53 121 45 189 66 93 31 181 91 140 169 199 27 131 17 139 11 57 75 63 35 63 36 141 36 88 109 175 87 124 123 101 33 97 135 113 195 55 19 7 99 105 10 39 95 15 95 196 171 196 7 151 115 183 71 197 164 41 43 85 111 103 145 191 82 117 38 34 67 34 119 153 147 1 51 1 147 13 28 137 133 154 155 5 155 154 129 185 25 173 25 47 107 47 3 21 157 79 21 167 21 83 135 69 61 23 77 187 77 65 165 178 109 59 29 161 29 12 37 81 72 125 72 149 144 193 177 4 127 142 143 89 58 163 133 154 159 119 2
100
9 9
179 179
49 49
73 73
45 45
121 121
53 53
189 189
93 93
31 31
181 181
91 91
169 169
199 199
27 27
131 131
17 17
139 139
11 11
57 57
75 75
63 63
35 35
141 141
109 109
175 175
87 87
123 123
101 101
33 33
97 97
135 135
113 113
195 195
55 55
19 19
7 7
99 99
105 105
39 39
95 95
15 15
171 171
151 151
115 115
183 183
71 71
197 197
41 41
43 43
85 85
111 111
103 103
145 145
191 191
117 117
67 67
119 119
153 153
147 147
1 1
51 51
13 13
137 137
133 133
155 155
5 5
129 129
185 185
25 25
173 173
47 47
107 107
3 3
21 21
157 157
79 79
167 167
83 83
69 69
61 61
23 23
77 77
187 187
65 65
165 165
59 59
29 29
161 161
37 37
81 81
125 125
149 149
193 193
177 177
127 127
143 143
89 89
163 163
159 159
