74 31 7 15 47 38 21 4 3 62 1 60 0 22 9 57 43 45 5 53 61 24 20 6 49 19 46 52 65 50 54 48 14 56 26 37 18 16 44 30 63 36 11 12 28 39 64 41 29 51 34 32 25 27 10 55 58 59 40 2 35 33 23 13 42 8 17 74
66
31 31
7 7
15 15
47 47
38 38
21 21
4 4
3 3
62 62
1 1
60 60
0 0
22 22
9 9
57 57
43 43
45 45
5 5
53 53
61 61
24 24
20 20
6 6
49 49
19 19
46 46
52 52
65 65
50 50
54 54
48 48
14 14
56 56
26 26
37 37
18 18
16 16
44 44
30 30
63 63
36 36
11 11
12 12
28 28
39 39
64 64
41 41
29 29
51 51
34 34
32 32
25 25
27 27
10 10
55 55
58 58
59 59
40 40
2 2
35 35
33 33
23 23
13 13
42 42
8 8
17 17
