6 4 6 13 11 8 11 13 20 27 25 27 34 41 48 55 54 55 62 60 56 60 62 69 67 63 67 69 76 75 76 74 71 74 76 69 68 65 68 69 76 75 73 75 76 83 82 79 82 83 90 88 84 88 90 97 95 92 95 97 96 94 96 97 90 83 81 78 81 83 76 69 62 55 48 46 48 41 39 35 39 41 34 32 29 32 34 27 20 18 15 18 14 18 20 27 26 24 26 27 25 21 25 27 34 33 31 33 34 41 48 55 53 49 53 55 54 52 54 55 62 61 59 61 62 55 48 47 44 47 48 41 34 27 20 13 12 9 12 13 6 5 2 5 6
42
6 6
4 4
11 11
8 8
25 25
34 34
41 41
48 48
54 54
60 60
56 56
67 67
63 63
75 75
71 71
65 65
73 73
82 82
79 79
90 90
88 88
84 84
95 95
92 92
94 94
78 78
46 46
39 39
35 35
29 29
18 18
15 15
14 14
24 24
21 21
31 31
49 49
52 52
59 59
44 44
9 9
2 2
