pace voice financial respect bitter rob tablet cigarette demand pain class exclusive buffet guarantee king banana figure understand paper mystery gate circulation output autonomy glasses tool dialogue prison dialogue likely enhance dough linger vegetarian forge tolerate forge winner forge tolerate sign legislation enhance thumb nationalist shy title sunrise certain page fortune imposter throne stroke discriminate lake discriminate dip exclusive class disclose injury honor deposit swear other approval mystery enter mystery chair brake mature headline quality discriminate seize due guarantee king pace
50
voice voice
financial financial
bitter bitter
rob rob
tablet tablet
cigarette cigarette
demand demand
pain pain
class class
exclusive exclusive
buffet buffet
guarantee guarantee
king king
figure figure
paper paper
mystery mystery
circulation circulation
output output
autonomy autonomy
glasses glasses
tool tool
prison prison
likely likely
enhance enhance
dough dough
linger linger
vegetarian vegetarian
tolerate tolerate
winner winner
sign sign
legislation legislation
thumb thumb
nationalist nationalist
shy shy
title title
sunrise sunrise
page page
imposter imposter
throne throne
lake lake
dip dip
injury injury
honor honor
swear swear
other other
enter enter
brake brake
headline headline
quality quality
seize seize
