pace other quadruple ask enemy control enemy desk spoil desk injection gallon profound coast swear tool railcar attraction guarantee joystick swop electronics interface environment bleed curriculum bleed smile headline smile bleed pier pig straighten identity coincide dive view profound virgin blonde native development exempt buffet election lifestyle cotton dialogue home flag injury tolerate decisive greeting begin science mercy financial fortune notebook interactive error widen banana driver imposter tablet note deter terms thumb terms hospitality teacher excuse rob demand feature opposed dip exclusive vegetarian exile vegetarian linger physics dough linger vegetarian market country triple candle enemy illusion joint output structure throne boom quality autonomy paper viable likely comfortable likely viable atmosphere rent sunrise audience ignore shiver ignore due ignore liver swop nationalist acceptance nationalist page mature native development skeleton development confrontation forge confrontation development native blonde pipe joystick bowel brake scheme certain bitter rage bitter coffin bitter certain drawer chew offset chew curriculum bleed knot country throne respect chair pardon injection desk enemy stress enemy desk development native blonde virgin winner assignment winner virgin blonde native mercy mixture pace
100
pace pace
other other
quadruple quadruple
ask ask
enemy enemy
control control
spoil spoil
injection injection
profound profound
coast coast
swear swear
tool tool
railcar railcar
attraction attraction
guarantee guarantee
swop swop
electronics electronics
interface interface
environment environment
curriculum curriculum
smile smile
headline headline
pig pig
straighten straighten
identity identity
coincide coincide
dive dive
virgin virgin
native native
development development
exempt exempt
buffet buffet
election election
lifestyle lifestyle
cotton cotton
home home
flag flag
injury injury
decisive decisive
greeting greeting
begin begin
mercy mercy
financial financial
interactive interactive
error error
widen widen
driver driver
imposter imposter
tablet tablet
note note
deter deter
thumb thumb
teacher teacher
excuse excuse
rob rob
feature feature
dip dip
exclusive exclusive
exile exile
physics physics
dough dough
market market
country country
triple triple
candle candle
illusion illusion
output output
structure structure
throne throne
boom boom
autonomy autonomy
viable viable
likely likely
comfortable comfortable
atmosphere atmosphere
rent rent
audience audience
ignore ignore
shiver shiver
due due
liver liver
acceptance acceptance
page page
mature mature
skeleton skeleton
confrontation confrontation
forge forge
pipe pipe
bowel bowel
scheme scheme
rage rage
coffin coffin
drawer drawer
offset offset
knot knot
respect respect
chair chair
pardon pardon
stress stress
assignment assignment
