pace nationalist feature nationalist brake opposed thumb exempt thumb enter deposit approval king likely page guarantee thumb headline audience due excuse gate pier injury skeleton injury output exclusive throne exclusive market mixture voice write environment honor prison approval king likely circulation likely king opposed brake nationalist pace
25
nationalist nationalist
feature feature
brake brake
opposed opposed
exempt exempt
enter enter
deposit deposit
approval approval
king king
likely likely
page page
guarantee guarantee
headline headline
audience audience
excuse excuse
gate gate
injury injury
skeleton skeleton
output output
throne throne
market market
mixture mixture
voice voice
honor honor
circulation circulation
