Ilesa Foshan Aklera Bensheim Ventimiglia Sishui Polohy Mexborough Marburg Palm Memmingen WaltonontheNaze Milledgeville Tupelo Puducherry Valday Tupiza Malden Viewpark MitryMory Bogovinje Mouscron Uran Azrou Perth Niort Jagna Stupino Hermsdorf Aleshtar Alfenas Calauan Rhosllanerchrugog Milagro Alexandria PortVila Davis Jiangyan Brunswick Zeist Valletta Itacoatiara Sirsi Ponta MitryMory Onex Puerto Belper Guli Bon Landshut Meizhou Toledo Perth Tak Talipparamba Minas Dahlem Minas Bobigny Sillanwali Portogruaro Chacabuco Shaowu Sheoganj Ramla Yingkou Oschatz Barracas Aurora Liberia PointeClaire Bensheim Campobasso Bensheim Oulmes Bensheim Bang Shagamu Taebaek Sorsogon Oberhausen Hermsdorf Palafrugell Villaquilambre Aistala Tharu Aistala DehiwalaMount El Paredes Liberia Stuttgart Rutland Zaozhuang Belper Skalica Belper LonsleSaunier GernikaLumo Krymsk American Bavly Gariadhar Minas New Belper Jashpurnagar Magomeni MitryMory Lodwar MitryMory Claremont MitryMory Copperas Bensheim Resplendor Great Ada Krymsk Tiruppuvanam Krymsk An Bensheim UlanUde Perth Brzeg Kyzylorda Bensheim Lille Bensheim Sceaux Bensheim Clermont Perth Great Tyoply Great Perth Ilesa
100
Ilesa Ilesa
Foshan Foshan
Aklera Aklera
Bensheim Bensheim
Ventimiglia Ventimiglia
Sishui Sishui
Polohy Polohy
Mexborough Mexborough
Marburg Marburg
Palm Palm
Memmingen Memmingen
WaltonontheNaze WaltonontheNaze
Milledgeville Milledgeville
Tupelo Tupelo
Puducherry Puducherry
Valday Valday
Tupiza Tupiza
Malden Malden
Viewpark Viewpark
MitryMory MitryMory
Bogovinje Bogovinje
Mouscron Mouscron
Uran Uran
Azrou Azrou
Perth Perth
Niort Niort
Jagna Jagna
Stupino Stupino
Hermsdorf Hermsdorf
Aleshtar Aleshtar
Alfenas Alfenas
Calauan Calauan
Rhosllanerchrugog Rhosllanerchrugog
Milagro Milagro
Alexandria Alexandria
PortVila PortVila
Davis Davis
Jiangyan Jiangyan
Brunswick Brunswick
Valletta Valletta
Itacoatiara Itacoatiara
Sirsi Sirsi
Ponta Ponta
Onex Onex
Puerto Puerto
Guli Guli
Bon Bon
Landshut Landshut
Meizhou Meizhou
Toledo Toledo
Tak Tak
Talipparamba Talipparamba
Dahlem Dahlem
Bobigny Bobigny
Sillanwali Sillanwali
Chacabuco Chacabuco
Shaowu Shaowu
Ramla Ramla
Yingkou Yingkou
Barracas Barracas
Aurora Aurora
PointeClaire PointeClaire
Campobasso Campobasso
Oulmes Oulmes
Bang Bang
Shagamu Shagamu
Sorsogon Sorsogon
Oberhausen Oberhausen
Palafrugell Palafrugell
Villaquilambre Villaquilambre
Tharu Tharu
DehiwalaMount DehiwalaMount
Paredes Paredes
Stuttgart Stuttgart
Rutland Rutland
Zaozhuang Zaozhuang
Skalica Skalica
LonsleSaunier LonsleSaunier
GernikaLumo GernikaLumo
American American
Bavly Bavly
Gariadhar Gariadhar
New New
Jashpurnagar Jashpurnagar
Magomeni Magomeni
Lodwar Lodwar
Claremont Claremont
Copperas Copperas
Resplendor Resplendor
Great Great
Ada Ada
Tiruppuvanam Tiruppuvanam
An An
UlanUde UlanUde
Brzeg Brzeg
Kyzylorda Kyzylorda
Lille Lille
Sceaux Sceaux
Clermont Clermont
Tyoply Tyoply
