Lesnoy Visitacion Malaut Pingyi Gisborne Meerut Hudiksvall Hueytown Franceville Rutherglen Sungurlu Winsford Sun Hueytown Portogruaro Artur Beveren Stade Ishim Visitacion GatesNorth Beveren Zgorzelec Brentwood Hueytown Dharmapuri Gisborne Blackpool Beveren Kundla Beveren Yangambi Andijon Glogovac Visitacion Lesnoy
25
Lesnoy Lesnoy
Visitacion Visitacion
Malaut Malaut
Pingyi Pingyi
Gisborne Gisborne
Meerut Meerut
Hudiksvall Hudiksvall
Hueytown Hueytown
Franceville Franceville
Rutherglen Rutherglen
Sungurlu Sungurlu
Winsford Winsford
Sun Sun
Portogruaro Portogruaro
Artur Artur
Stade Stade
Ishim Ishim
GatesNorth GatesNorth
Zgorzelec Zgorzelec
Brentwood Brentwood
Dharmapuri Dharmapuri
Blackpool Blackpool
Kundla Kundla
Yangambi Yangambi
Glogovac Glogovac
