1 170 190 140 11 3 60 180 161 148 137 178 52 122 32 151 120 57 167 21 25 64 116 176 65 100 35 53 143 79 186 74 2 111 17 12 142 123 112 97 183 14 45 182 139 91 59 184 16 131 87 127 70 197 119 20 132 42 78 36 147 68 181 191 44 93 13 28 92 163 172 126 76 118 114 94 192 108 121 149 117 164 7 129 89 9 188 67 34 159 165 6 29 155 27 160 95 99 40 81 153 82 77 54 1
100
170 170
190 190
140 140
11 11
3 3
60 60
180 180
161 161
148 148
137 137
178 178
52 52
122 122
32 32
151 151
120 120
57 57
167 167
21 21
25 25
64 64
116 116
176 176
65 65
100 100
35 35
53 53
143 143
79 79
186 186
74 74
2 2
17 17
12 12
142 142
123 123
112 112
97 97
183 183
14 14
45 45
182 182
139 139
91 91
59 59
184 184
16 16
131 131
87 87
127 127
70 70
197 197
119 119
20 20
132 132
42 42
78 78
36 36
147 147
68 68
181 181
191 191
44 44
93 93
13 13
28 28
92 92
163 163
172 172
126 126
76 76
118 118
114 114
94 94
192 192
108 108
121 121
149 149
117 117
164 164
7 7
129 129
89 89
9 9
188 188
67 67
34 34
159 159
165 165
6 6
29 29
155 155
27 27
160 160
95 95
99 99
40 40
81 81
153 153
77 77
