Soda a b m ad l ax ac av ab k b a i j aa at as ar z aa j y ap ao an u v u x i a h ak r ak t al ak aj ak s g f g a e p q ah ag af p o n d a Soda A E Q U AG U Q E P E A C J I AF I C A D K AI AH AW AH AI AS AU AI T K D A G N AA AP AA N S AB H B A F M AC AM AN AO X O F A Soda A5 A9 A4 A3 A4 B7 B5 C1 D3 D6 A5 Soda a0 a5 d6 d3 c1 b5 b7 a4 a3 a4 a9 a5 a0 c5 e3 e4 e5 b1 e7 e6 b3 c7 b2 c5 a0 c9 d5 d7 c3 e1 c3 d8 b9 d9 d1 b8 a7 a1 a7 c9 a0 Soda C5 E3 E4 E5 B1 E7 E6 B3 C7 B2 C5 Soda C9 D5 D7 C3 E1 C3 D8 B9 D9 D1 B8 A7 A1 A7 C9 Soda
88
b b
ad ad
l l
ax ax
av av
ab ab
j j
at at
ar ar
z z
ap ap
an an
v v
x x
h h
r r
t t
al al
aj aj
f f
p p
ah ah
af af
n n
d d
Q Q
AG AG
P P
J J
AF AF
AW AW
AS AS
AU AU
T T
N N
AP AP
AB AB
H H
AC AC
AO AO
A5 A5
A9 A9
A3 A3
B7 B7
B5 B5
C1 C1
D3 D3
a5 a5
d3 d3
c1 c1
b5 b5
b7 b7
a3 a3
a9 a9
c5 c5
e3 e3
e5 e5
b1 b1
e7 e7
b3 b3
c7 c7
c9 c9
d5 d5
d7 d7
c3 c3
e1 e1
b9 b9
d9 d9
d1 d1
a7 a7
a1 a1
C5 C5
E3 E3
E5 E5
B1 B1
E7 E7
B3 B3
C7 C7
C9 C9
D5 D5
D7 D7
C3 C3
E1 E1
B9 B9
D9 D9
D1 D1
A7 A7
A1 A1
