SantaClarita Carrollton Lubbock Concord Victorville GardenGrove Victorville Shreveport Huntsville Thornton Beaumont NewportNews FortWorth Midland Thornton Yonkers Memphis Wichita Peoria Allentown Pomona Stockton Indianapolis Austin PembrokePines Frisco LexingtonFa Frisco LongBeach Hartford Boston Ontario Omaha Ontario LouisvilleJefferson Miami Cary Orlando LosAngeles OklahomaCity StPetersburg Newark Alexandria Garland Worcester Fontana Fayetteville Independence SiouxFalls Scottsdale Bellevue Davidson Milwaukee Lafayette Brownsville RanchoCucamonga Washington WestValleyCity Washington Lancaster Surprise Sunnyvale Visalia Portland Henderson SanDiego StLouis SanDiego Waco SanDiego Paterson Chandler Akron Berkeley Stamford FortCollins SantaClarita
50
Carrollton Carrollton
Concord Concord
Victorville Victorville
GardenGrove GardenGrove
Shreveport Shreveport
Huntsville Huntsville
Beaumont Beaumont
NewportNews NewportNews
Midland Midland
Yonkers Yonkers
Wichita Wichita
Allentown Allentown
Pomona Pomona
Stockton Stockton
Indianapolis Indianapolis
Austin Austin
PembrokePines PembrokePines
LexingtonFa LexingtonFa
LongBeach LongBeach
Hartford Hartford
Boston Boston
Ontario Ontario
Omaha Omaha
LouisvilleJefferson LouisvilleJefferson
Orlando Orlando
LosAngeles LosAngeles
OklahomaCity OklahomaCity
StPetersburg StPetersburg
Newark Newark
Alexandria Alexandria
Garland Garland
Worcester Worcester
Fayetteville Fayetteville
Independence Independence
SiouxFalls SiouxFalls
Scottsdale Scottsdale
Bellevue Bellevue
Lafayette Lafayette
Brownsville Brownsville
RanchoCucamonga RanchoCucamonga
Washington Washington
WestValleyCity WestValleyCity
Surprise Surprise
Sunnyvale Sunnyvale
Visalia Visalia
Henderson Henderson
StLouis StLouis
Waco Waco
Paterson Paterson
Stamford Stamford
