Soda li ruhi wyatt george chase krishnan greg annie erika barth sophia danyal singorahardjo hari srinivasan zhifei djajadi amanda mittal chen yip lebron olivia zhou king chung parham brett devesh kevin alvin doshi chloe sunny wong maniku logan patagonia rouzbahani gregory berit ashley caroline ritter du shah ishaan daniel franco hanlon ohio nichole william lewke wu singhal saurav angelis vilaythong subbaraj sun krista kanika umar vikram melissa ravi aanika ani ahluwalia gobears jacob winifred ellen massachusetts scott bears mack liang soman zou cal rob maya connor eshaan kaur emily andrew tyler weaver xin srivastava oscar celine grace adhikiari charles evan lindsey Soda
100
li li
ruhi ruhi
wyatt wyatt
george george
chase chase
krishnan krishnan
greg greg
annie annie
erika erika
barth barth
sophia sophia
danyal danyal
singorahardjo singorahardjo
hari hari
srinivasan srinivasan
zhifei zhifei
djajadi djajadi
amanda amanda
mittal mittal
chen chen
yip yip
lebron lebron
olivia olivia
zhou zhou
king king
chung chung
parham parham
brett brett
devesh devesh
kevin kevin
alvin alvin
doshi doshi
chloe chloe
sunny sunny
wong wong
maniku maniku
logan logan
patagonia patagonia
rouzbahani rouzbahani
gregory gregory
berit berit
ashley ashley
caroline caroline
ritter ritter
du du
shah shah
ishaan ishaan
daniel daniel
franco franco
hanlon hanlon
ohio ohio
nichole nichole
william william
lewke lewke
wu wu
singhal singhal
saurav saurav
angelis angelis
vilaythong vilaythong
subbaraj subbaraj
sun sun
krista krista
kanika kanika
umar umar
vikram vikram
melissa melissa
ravi ravi
aanika aanika
ani ani
ahluwalia ahluwalia
gobears gobears
jacob jacob
winifred winifred
ellen ellen
massachusetts massachusetts
scott scott
bears bears
mack mack
liang liang
soman soman
zou zou
cal cal
rob rob
maya maya
connor connor
eshaan eshaan
kaur kaur
emily emily
andrew andrew
tyler tyler
weaver weaver
xin xin
srivastava srivastava
oscar oscar
celine celine
grace grace
adhikiari adhikiari
charles charles
evan evan
lindsey lindsey
