Jingzhou Ghugus Veenendaal Rangae Shively Lysva Falun Crespo Khabarovsk Chegem Entroncamento Shizunaifurukawacho Shumen Ermelo Kheri Ibri Colachel FortLauderdale Depok Carouge Ouarzazat KrasnoyeSelo Kirovsk Srinagar Kiruna Tottori SanJosedeOcoa Ketrzyn Ronse AzZuwaytinah RioFormoso Jeypore Malnate Kheri Carmichael elCampello NiagaraFalls Chittaranjan BurgbeiMagdeburg Sagalo CoonRapids Tabatinga Kabarnet Sanaa Sarzedo Sanaa JabalosSaraj Frosinone SaintMichael MelitodiNapoli BeneBeraq Gangtok Rembangan Thamaga Bejucal TanahMerah LondonderryCountyBor Radnor Khangarh Manduria Ghugus Jingzhou
50
Ghugus Ghugus
Veenendaal Veenendaal
Rangae Rangae
Shively Shively
Lysva Lysva
Crespo Crespo
Khabarovsk Khabarovsk
Chegem Chegem
Entroncamento Entroncamento
Shizunaifurukawacho Shizunaifurukawacho
Shumen Shumen
Ermelo Ermelo
Kheri Kheri
Ibri Ibri
Colachel Colachel
FortLauderdale FortLauderdale
Depok Depok
Carouge Carouge
Ouarzazat Ouarzazat
Kirovsk Kirovsk
Srinagar Srinagar
Tottori Tottori
SanJosedeOcoa SanJosedeOcoa
Ketrzyn Ketrzyn
Ronse Ronse
AzZuwaytinah AzZuwaytinah
RioFormoso RioFormoso
Jeypore Jeypore
Malnate Malnate
Carmichael Carmichael
elCampello elCampello
Chittaranjan Chittaranjan
BurgbeiMagdeburg BurgbeiMagdeburg
Sagalo Sagalo
CoonRapids CoonRapids
Tabatinga Tabatinga
Kabarnet Kabarnet
Sanaa Sanaa
Sarzedo Sarzedo
JabalosSaraj JabalosSaraj
SaintMichael SaintMichael
BeneBeraq BeneBeraq
Gangtok Gangtok
Rembangan Rembangan
Thamaga Thamaga
Bejucal Bejucal
TanahMerah TanahMerah
LondonderryCountyBor LondonderryCountyBor
Radnor Radnor
Manduria Manduria
