UMUCUTWAW TRJWMZRA FVKLDY CNINRTR TCXWZV YNHRBC GVNFQM VASGY RRFKVFYKR QOHWG OMBFD KAYADTT UENPUJ SUIOZK EGEASKKIE RDTQTJB PLYPQBTP VSMLVXSP IZNSKNS DQOPCH CJLYWOAQ JJAQQ TNKNMUFI JOWHZXTIA STQNQT YFKIFTRS ZSHRTZVKO WEPDZ GUDSRTKLA MNWMWDXCQ MWTSDF ELILXSR MHXHJGEF YPXLG CRSMUEPQG AOWYQNAYA XWBHEYXJU TNSRRJCDD XGGIUBVDN ZLYFI VHLSP XJOXYWA KUUVZB TJFSEUB USUVN ZPFHBWI ZFMGDWP JVYIBRJ AWQOWSNYN VHHVQ WRQUJ OIPVAKF UMUCUTWAW
50
FVKLDY FVKLDY
CNINRTR CNINRTR
TCXWZV TCXWZV
YNHRBC YNHRBC
GVNFQM GVNFQM
VASGY VASGY
RRFKVFYKR RRFKVFYKR
QOHWG QOHWG
OMBFD OMBFD
KAYADTT KAYADTT
UENPUJ UENPUJ
SUIOZK SUIOZK
EGEASKKIE EGEASKKIE
RDTQTJB RDTQTJB
PLYPQBTP PLYPQBTP
VSMLVXSP VSMLVXSP
IZNSKNS IZNSKNS
DQOPCH DQOPCH
CJLYWOAQ CJLYWOAQ
JJAQQ JJAQQ
TNKNMUFI TNKNMUFI
JOWHZXTIA JOWHZXTIA
STQNQT STQNQT
YFKIFTRS YFKIFTRS
ZSHRTZVKO ZSHRTZVKO
WEPDZ WEPDZ
GUDSRTKLA GUDSRTKLA
MNWMWDXCQ MNWMWDXCQ
MWTSDF MWTSDF
ELILXSR ELILXSR
MHXHJGEF MHXHJGEF
YPXLG YPXLG
CRSMUEPQG CRSMUEPQG
AOWYQNAYA AOWYQNAYA
XWBHEYXJU XWBHEYXJU
TNSRRJCDD TNSRRJCDD
XGGIUBVDN XGGIUBVDN
ZLYFI ZLYFI
VHLSP VHLSP
XJOXYWA XJOXYWA
KUUVZB KUUVZB
TJFSEUB TJFSEUB
USUVN USUVN
ZPFHBWI ZPFHBWI
ZFMGDWP ZFMGDWP
JVYIBRJ JVYIBRJ
AWQOWSNYN AWQOWSNYN
VHHVQ VHHVQ
WRQUJ WRQUJ
OIPVAKF OIPVAKF
