xjbms hwhxr fuume bicnj ocgbu iddrb wnlug czppi bthif kyaqs tykrt lkzxl beqlb ejwkt qkysn vaeqh ydhop llwzk ybgaf psudb kvvqk xeikc bsuwt dzfkr nnnts uzzfw bwgqu fnhle mbzzn riwwe akegy xecik impuz yztko bqgqy mrnvg deoux hstmf xvefe lfceh lyixz nrtqp wxnxi fxnnl npvgp itxfb uegez rnrnh usrtf lpolv xjbms
50
xjbms xjbms
hwhxr hwhxr
fuume fuume
bicnj bicnj
ocgbu ocgbu
iddrb iddrb
wnlug wnlug
czppi czppi
bthif bthif
kyaqs kyaqs
tykrt tykrt
lkzxl lkzxl
beqlb beqlb
ejwkt ejwkt
qkysn qkysn
vaeqh vaeqh
ydhop ydhop
llwzk llwzk
ybgaf ybgaf
psudb psudb
kvvqk kvvqk
xeikc xeikc
bsuwt bsuwt
dzfkr dzfkr
nnnts nnnts
uzzfw uzzfw
bwgqu bwgqu
fnhle fnhle
mbzzn mbzzn
riwwe riwwe
akegy akegy
xecik xecik
impuz impuz
yztko yztko
bqgqy bqgqy
mrnvg mrnvg
deoux deoux
hstmf hstmf
xvefe xvefe
lfceh lfceh
lyixz lyixz
nrtqp nrtqp
wxnxi wxnxi
fxnnl fxnnl
npvgp npvgp
itxfb itxfb
uegez uegez
rnrnh rnrnh
usrtf usrtf
lpolv lpolv
