199 82 196 190 152 69 152 190 25 113 1 108 13 101 50 178 93 56 93 47 129 22 63 68 63 143 15 62 94 62 183 52 102 64 194 159 80 45 80 159 35 182 103 67 34 98 8 65 76 106 42 23 177 103 81 43 92 193 31 97 31 157 41 157 115 167 78 167 171 125 109 33 40 174 146 181 139 99 85 110 127 17 163 156 74 192 58 192 74 156 119 4 119 124 83 38 79 38 83 55 3 18 3 55 83 21 73 21 88 21 59 114 11 57 61 20 60 44 5 39 90 39 29 7 91 12 91 133 105 77 51 160 185 84 32 84 122 183 87 149 89 138 30 66 14 86 65 5 48 16 145 37 145 107 36 47 46 72 6 72 46 176 189 95 189 96 9 96 189 176 54 26 142 49 0 49 163 75 163 53 134 70 19 27 2 71 158 28 197 151 10 24 199
100
82 82
69 69
25 25
1 1
13 13
50 50
93 93
56 56
47 47
22 22
63 63
68 68
15 15
62 62
94 94
52 52
64 64
80 80
45 45
35 35
67 67
34 34
98 98
8 8
65 65
76 76
42 42
23 23
81 81
43 43
92 92
31 31
97 97
41 41
78 78
33 33
40 40
99 99
85 85
17 17
74 74
58 58
4 4
83 83
38 38
79 79
55 55
3 3
18 18
21 21
73 73
88 88
59 59
11 11
57 57
61 61
20 20
60 60
44 44
5 5
39 39
90 90
29 29
7 7
91 91
12 12
77 77
51 51
84 84
32 32
87 87
89 89
30 30
66 66
14 14
86 86
48 48
16 16
37 37
36 36
46 46
72 72
6 6
95 95
96 96
9 9
54 54
26 26
49 49
0 0
75 75
53 53
70 70
19 19
27 27
2 2
71 71
28 28
10 10
24 24
