SueJosephGarza JustinJavierToure ThomasAnnieRuiz BrianSarahCumming DarnellAliciaPeters PaulEvanRichard SueCourtneyOsgood HaleyKyleMurphy JohnDustinKenny JamesJaredGonzalez AlfredaKirstenMartin DonaldDoloresKelly BrianLuzArce AnnaKyleChang ChristinaDanaGrant CrystalShermanVida WilliamGeorgeWilliam IraJimmyYang AshleyWilliamClarke NathanKevinCorathers BrianRolandAli LauraPhilipWinkler KevinHaroldCyr KarenErmaJensen PaulShaneSoldner KennethShannonGardel MelindaKennethAzar PatriciaBernardBrock MarianLuluDiaz LeroySandraLewis FranciscoFrancesHarr JohnJoseJudd PamelaPageBullock JessicaJohnSpells MariaChristopherCast LucyBennyHaag WilburnDavidMiller LuisHelenHughes MaryLindaKirkland PhyllisJackWilson LillieKathleenCervan ElsieJosephPhelps OllieGeorgeSova SueJosephGarza
39
ThomasAnnieRuiz ThomasAnnieRuiz
DarnellAliciaPeters DarnellAliciaPeters
PaulEvanRichard PaulEvanRichard
SueCourtneyOsgood SueCourtneyOsgood
JohnDustinKenny JohnDustinKenny
JamesJaredGonzalez JamesJaredGonzalez
AlfredaKirstenMartin AlfredaKirstenMartin
DonaldDoloresKelly DonaldDoloresKelly
BrianLuzArce BrianLuzArce
AnnaKyleChang AnnaKyleChang
ChristinaDanaGrant ChristinaDanaGrant
CrystalShermanVida CrystalShermanVida
WilliamGeorgeWilliam WilliamGeorgeWilliam
IraJimmyYang IraJimmyYang
AshleyWilliamClarke AshleyWilliamClarke
NathanKevinCorathers NathanKevinCorathers
BrianRolandAli BrianRolandAli
LauraPhilipWinkler LauraPhilipWinkler
KevinHaroldCyr KevinHaroldCyr
KarenErmaJensen KarenErmaJensen
PaulShaneSoldner PaulShaneSoldner
KennethShannonGardel KennethShannonGardel
MelindaKennethAzar MelindaKennethAzar
PatriciaBernardBrock PatriciaBernardBrock
MarianLuluDiaz MarianLuluDiaz
LeroySandraLewis LeroySandraLewis
FranciscoFrancesHarr FranciscoFrancesHarr
JohnJoseJudd JohnJoseJudd
PamelaPageBullock PamelaPageBullock
JessicaJohnSpells JessicaJohnSpells
MariaChristopherCast MariaChristopherCast
LucyBennyHaag LucyBennyHaag
WilburnDavidMiller WilburnDavidMiller
LuisHelenHughes LuisHelenHughes
MaryLindaKirkland MaryLindaKirkland
PhyllisJackWilson PhyllisJackWilson
LillieKathleenCervan LillieKathleenCervan
ElsieJosephPhelps ElsieJosephPhelps
OllieGeorgeSova OllieGeorgeSova
