AZ AU CN BR DQ BK DV CD DV DC AE AN AT CC DG BL DL CK AK AA BW CO BI DA CL DA BJ DI AI AR AX BM AO AS AO CY DO CY CT CR CZ CV DM BX AJ DE CP CG BD BQ AL BT BP AV AH BO BU CJ DB DF BE DF AF DD BS DT AZ
50
CN CN
DQ DQ
BK BK
DV DV
CD CD
DC DC
AE AE
AN AN
CC CC
BL BL
DL DL
CK CK
AA AA
BW BW
CO CO
BI BI
CL CL
BJ BJ
AI AI
AR AR
AX AX
AO AO
AS AS
CY CY
DO DO
CT CT
CR CR
CZ CZ
CV CV
DM DM
BX BX
AJ AJ
DE DE
CP CP
CG CG
BD BD
BQ BQ
AL AL
BP BP
AV AV
AH AH
BO BO
BU BU
CJ CJ
DB DB
BE BE
AF AF
DD DD
BS BS
DT DT
