FD EF CU DI BG AU AF GO ES FI HF GC FA FM CW GF CI HP DB AJ BM FT EY DK AD BZ AK HR FX EO ED DH ED GR FB CT GZ FR BQ EW GM ET CQ BK AM FQ FS DQ CE AX CE HO EM GS GX CS GD AT EQ AV GP DF AZ BN AZ GA CL DC EJ BE FP EL FP GQ BC DZ DM DU FG CA GH AC FU AC BV CK CG CM BT CM HH EE GN BA CN CB CO EK FO EK DS EX EG BF DV HC FJ EZ FY HM FN HM DA ER DN CF EN FV CC GN BO DP GK AG DE AW HD HB CZ AR FD
100
CU CU
DI DI
BG BG
AU AU
AF AF
GO GO
ES ES
FI FI
HF HF
GC GC
FM FM
CW CW
GF GF
CI CI
HP HP
DB DB
AJ AJ
BM BM
FT FT
EY EY
DK DK
AD AD
BZ BZ
AK AK
HR HR
EO EO
DH DH
GR GR
CT CT
GZ GZ
FR FR
BQ BQ
EW EW
ET ET
BK BK
AM AM
FS FS
DQ DQ
AX AX
HO HO
EM EM
GS GS
GX GX
CS CS
GD GD
AT AT
AV AV
GP GP
DF DF
AZ AZ
BN BN
GA GA
CL CL
DC DC
EJ EJ
BE BE
FP FP
EL EL
GQ GQ
BC BC
DZ DZ
DM DM
DU DU
CA CA
FU FU
BV BV
CK CK
CG CG
BT BT
HH HH
EE EE
GN GN
BA BA
CB CB
CO CO
EK EK
FO FO
EX EX
EG EG
BF BF
HC HC
FJ FJ
EZ EZ
FY FY
FN FN
DA DA
ER ER
DN DN
CF CF
EN EN
FV FV
CC CC
BO BO
DP DP
GK GK
AG AG
DE DE
AW AW
HD HD
HB HB
