Warfield Cannerthorne Todtree Cicombe Falport Botherseyworth Falport Pendlewood Falport Soddlewick Hamsling Hannenmanswick Ashborne Tipwick Ashborne Fulbourne Southbasport Elcompbridge Chiphead Elcompbridge Southbasport Fulbourne Stainbrough Ciditch Northall Ciditch Stainbrough Worberbrook Dartseyworth Chedderrenswich Elmansham Sudsmith Burglebrough Chedtree Suddleover Chedtree Siringwang Whitchester Ketsmith Pendingbrook Suddlecastle Pendingbrook Ketsmith Leatherbleside Dribbingworth Worhall Barndberbrough Skellingden Dribblewick Windling Millendon Ashfield Horndlecompside Bastleseyham Emmerdown Bothingney Horstlescompstoke Suddlecombe Ashfield Ketport Ashfield Suddlecombe Basringney Suddlecombe Ellingreham Suddlecombe Chippingsted Suddlecombe Cambingstoke Wyborne Cammerrensmoor Suddleborne Skelling Hammerringey Chelmstanwell Brackcompwang Chilbury Warfield
50
Warfield Warfield
Todtree Todtree
Cicombe Cicombe
Falport Falport
Botherseyworth Botherseyworth
Pendlewood Pendlewood
Soddlewick Soddlewick
Hamsling Hamsling
Hannenmanswick Hannenmanswick
Ashborne Ashborne
Tipwick Tipwick
Southbasport Southbasport
Chiphead Chiphead
Stainbrough Stainbrough
Northall Northall
Worberbrook Worberbrook
Chedderrenswich Chedderrenswich
Elmansham Elmansham
Sudsmith Sudsmith
Burglebrough Burglebrough
Chedtree Chedtree
Suddleover Suddleover
Siringwang Siringwang
Whitchester Whitchester
Pendingbrook Pendingbrook
Suddlecastle Suddlecastle
Leatherbleside Leatherbleside
Dribbingworth Dribbingworth
Worhall Worhall
Barndberbrough Barndberbrough
Skellingden Skellingden
Windling Windling
Millendon Millendon
Ashfield Ashfield
Bastleseyham Bastleseyham
Horstlescompstoke Horstlescompstoke
Suddlecombe Suddlecombe
Ketport Ketport
Basringney Basringney
Ellingreham Ellingreham
Chippingsted Chippingsted
Cambingstoke Cambingstoke
Wyborne Wyborne
Cammerrensmoor Cammerrensmoor
Suddleborne Suddleborne
Skelling Skelling
Hammerringey Hammerringey
Chelmstanwell Chelmstanwell
Brackcompwang Brackcompwang
Chilbury Chilbury
