Whitgrove Sodberling Bursmith Chelmdenmoor Ketnell Wetwick Hampingbascombe Sirenshall Fulhampton Tipstoke Burlake Endleberey Dribberham Worford Rotherlow Worford Falderseythorne Durbrook Sodport Skelberden Hamscombe Stainbrough Wendleringdown Stainbrough Hamscombe Alfmere Leatherport Cireport Egbeck Skellenshot Cihead Skellenshot Wychcompwold Shaftborough Hannersmith Worhall Siey Redcombe Casbrook Toddenmerbrough Endingnell Toddenmerbrough Horstleover Warsmith Skellingover Barndlesborough Wychchester Prestwick Sundcompney Ketnell Toddenmoor Ketnell Staplow Ketchester Watchlake Farndlesover Watchlake Tippingbage Elfield Falworth Botshot Hurstdown Shaftwick Egmerhampton Suddenmoor Staincombe Suddenmoor Tippenbrook Marlbeck Enderbeck Sifield Abcester Shaftwick Dartden Cirerham Wolley Cirerham Reddensden Melwood Endleshall Candleswick Horsnell Siavon Abgleham Sundlethorne Shafthead Marlbrook Falderbrough Warsmith Wetsmith Elside Cannerthorne Waltbeck Hampingcastle Basditch Hampingworth Worhall Reddendeney Suddingover Chedworth Sundendford Whitringlake Milthorne Rothingcombe Faldenhall Wethampton Egsted Marlcester Nortwell Bassinghead Southbury Abglewold Farnditch Ribberrenston Southmere Chelmdenmoor Bothenton Redwich Blansbrook Hamwold Emmerley Bastlebury Rothendcombe Dribwold Reddingtree Eley Reddingtree Stapbrough Penby Ciringnell Hornsmercombe Ribbenhall Boothingmanstree Tippendham Warblestancester Basbage Bothenhall Worrenberwang Ellerbridge Boothingchester Wycastle Bootwick Todhampton Bootwick Wycastle Bromstanham Clereennell Botbeck Dribblecombe Whitgrove
100
Whitgrove Whitgrove
Sodberling Sodberling
Bursmith Bursmith
Ketnell Ketnell
Wetwick Wetwick
Hampingbascombe Hampingbascombe
Sirenshall Sirenshall
Tipstoke Tipstoke
Endleberey Endleberey
Dribberham Dribberham
Worford Worford
Rotherlow Rotherlow
Falderseythorne Falderseythorne
Durbrook Durbrook
Sodport Sodport
Skelberden Skelberden
Wendleringdown Wendleringdown
Alfmere Alfmere
Leatherport Leatherport
Skellenshot Skellenshot
Cihead Cihead
Wychcompwold Wychcompwold
Shaftborough Shaftborough
Worhall Worhall
Siey Siey
Redcombe Redcombe
Casbrook Casbrook
Endingnell Endingnell
Horstleover Horstleover
Skellingover Skellingover
Wychchester Wychchester
Prestwick Prestwick
Toddenmoor Toddenmoor
Staplow Staplow
Ketchester Ketchester
Watchlake Watchlake
Farndlesover Farndlesover
Tippingbage Tippingbage
Falworth Falworth
Egmerhampton Egmerhampton
Suddenmoor Suddenmoor
Staincombe Staincombe
Tippenbrook Tippenbrook
Enderbeck Enderbeck
Sifield Sifield
Abcester Abcester
Dartden Dartden
Wolley Wolley
Melwood Melwood
Candleswick Candleswick
Horsnell Horsnell
Siavon Siavon
Abgleham Abgleham
Sundlethorne Sundlethorne
Marlbrook Marlbrook
Wetsmith Wetsmith
Elside Elside
Cannerthorne Cannerthorne
Waltbeck Waltbeck
Hampingcastle Hampingcastle
Basditch Basditch
Hampingworth Hampingworth
Reddendeney Reddendeney
Suddingover Suddingover
Chedworth Chedworth
Sundendford Sundendford
Whitringlake Whitringlake
Milthorne Milthorne
Rothingcombe Rothingcombe
Faldenhall Faldenhall
Wethampton Wethampton
Egsted Egsted
Marlcester Marlcester
Nortwell Nortwell
Southbury Southbury
Abglewold Abglewold
Farnditch Farnditch
Ribberrenston Ribberrenston
Southmere Southmere
Bothenton Bothenton
Blansbrook Blansbrook
Hamwold Hamwold
Emmerley Emmerley
Bastlebury Bastlebury
Rothendcombe Rothendcombe
Eley Eley
Stapbrough Stapbrough
Penby Penby
Boothingmanstree Boothingmanstree
Tippendham Tippendham
Bothenhall Bothenhall
Worrenberwang Worrenberwang
Ellerbridge Ellerbridge
Wycastle Wycastle
Bootwick Bootwick
Todhampton Todhampton
Bromstanham Bromstanham
Clereennell Clereennell
Botbeck Botbeck
Dribblecombe Dribblecombe
