Clearnesse Ironshore Freyview Morwald Foxvale Marbleiron Foxhaven Courtwall Buttermead Newby Butterbush Morwall Oldmoor Eriwall Violetley Westvale Courtcastle Valhaven Woodice Corbank Ironriver Goldwyvern Esterfall Oakmere Dellwyn Clearnesse
25
Clearnesse Clearnesse
Ironshore Ironshore
Freyview Freyview
Morwald Morwald
Foxvale Foxvale
Marbleiron Marbleiron
Foxhaven Foxhaven
Courtwall Courtwall
Buttermead Buttermead
Newby Newby
Butterbush Butterbush
Morwall Morwall
Oldmoor Oldmoor
Eriwall Eriwall
Violetley Violetley
Westvale Westvale
Courtcastle Courtcastle
Valhaven Valhaven
Woodice Woodice
Corbank Corbank
Ironriver Ironriver
Goldwyvern Goldwyvern
Esterfall Esterfall
Oakmere Oakmere
Dellwyn Dellwyn
