129 99 145 99 31 88 1 88 115 197 107 82 107 197 51 34 109 184 85 133 106 178 47 36 74 127 74 160 37 196 154 193 154 110 157 4 2 55 2 46 25 16 25 90 152 91 152 77 69 167 130 167 69 61 100 10 28 5 148 153 151 21 67 21 182 190 95 11 96 70 96 11 95 68 89 172 145 180 86 188 179 35 179 76 97 101 52 101 170 73 136 73 170 58 170 121 192 175 192 103 98 18 84 7 19 43 72 79 112 12 122 142 8 181 169 181 32 187 32 145 171 49 162 119 163 119 64 173 3 40 165 27 94 139 45 22 45 118 166 118 13 92 124 137 129
66
145 145
31 31
88 88
1 1
115 115
82 82
34 34
109 109
184 184
85 85
133 133
106 106
178 178
127 127
160 160
37 37
196 196
154 154
193 193
157 157
4 4
55 55
46 46
25 25
16 16
91 91
130 130
61 61
100 100
10 10
28 28
148 148
151 151
67 67
190 190
70 70
172 172
76 76
97 97
52 52
73 73
136 136
58 58
121 121
175 175
103 103
7 7
19 19
43 43
79 79
112 112
142 142
181 181
169 169
187 187
49 49
163 163
64 64
40 40
94 94
139 139
22 22
118 118
166 166
13 13
124 124
