1 7 31 66 43 66 90 66 13 8 145 27 55 123 25 4 159 19 161 38 61 104 73 104 23 194 100 58 17 50 168 140 33 85 60 57 35 110 79 76 68 69 30 5 96 5 81 4 25 77 49 77 139 198 187 47 187 45 166 98 166 46 91 111 157 10 74 99 149 162 56 72 41 16 12 51 54 65 75 65 137 15 2 93 9 71 39 179 101 167 83 167 67 112 80 20 80 70 80 36 150 22 63 22 14 89 48 26 114 37 24 97 92 28 84 172 62 92 18 100 6 53 95 42 64 42 95 53 21 152 32 87 107 149 78 3 78 194 29 33 59 44 40 44 88 34 88 11 82 52 94 164 86 164 2 1
100
7 7
31 31
66 66
43 43
90 90
13 13
8 8
27 27
55 55
25 25
4 4
19 19
38 38
61 61
73 73
23 23
100 100
58 58
17 17
50 50
33 33
85 85
60 60
57 57
35 35
79 79
76 76
68 68
69 69
30 30
5 5
96 96
81 81
77 77
49 49
47 47
45 45
98 98
46 46
91 91
10 10
74 74
99 99
56 56
72 72
41 41
16 16
12 12
51 51
54 54
65 65
75 75
15 15
2 2
93 93
9 9
71 71
39 39
101 101
83 83
67 67
80 80
20 20
70 70
36 36
22 22
63 63
14 14
89 89
48 48
26 26
37 37
24 24
97 97
92 92
28 28
84 84
62 62
18 18
6 6
53 53
95 95
42 42
64 64
21 21
32 32
87 87
78 78
3 3
29 29
59 59
44 44
40 40
88 88
34 34
11 11
82 82
52 52
94 94
86 86
