AyBBdkPvTTt19wqt b817BTo6GdPc96ig2 wUtvmN9V14Vw0fcE01F ywj3aNhyxUH wUtvmN9V14Vw0fcE01F b817BTo6GdPc96ig2 AyBBdkPvTTt19wqt 9jWI53P36dh95 0b 3505 0b vRH6pA1I75N1 jxDm 4932 jxDm FKWv88jkw79me T8C17MZ6g69gmQ ymzG1qC7YsJFFmeog 7DmqFE KIOJyBXM922ydZA5 98E9ia5 gv3T5z4 98E9ia5 89ukpivGhdck21Krrh40 98E9ia5 2qbTYSv3J 659Cx 2qbTYSv3J EL5n1KQ3kn Ut7hqt9A p772t3OLqj Ut7hqt9A XQxkrBxnI bfYVB7M6I5 M40P0vmSkH961FtFpaR 9q06155efQSN DqfU93360y3I66U0 Tk46 XMV256fk iFF184 pwvBbQ870l3Io2K IEtn6zEV03H3 r9qUrqog71Fz9gx d5P0NXv8 r9qUrqog71Fz9gx nw566uv 1CYyNxk8m7fToc6XLW7T mmF 1wF6 5tQKcAo3 o 7d2Q05crlPi o A6gMJKsUfUSuEI76 6c1qFsEg9xI 2mk9O8P6 SdP9W8WRSw kg8257p31rTQvRWjGF NU7gnWcAs4nq66FS E76twn5gNBei01uh2PkH MEv16358FQ Rf0x16WtfDv T4EKg4Vc FR3SCSFtuk055ORI QqvW51K9Cm aCCE yd7324WTF MEv16358FQ Fe5xMwq0a8 MEv16358FQ L7Mfs3034VwaB7kd3Z Ja 1MHxxU Ja l hG8udpL53V 360B15fOiy1XBl 1utCvCS3yEzt0HBbKt I4640OD L46h8MG90TBpA8v9 I4640OD b6DdFnSk8qdk45 GXFdnTo0Mk JBYT6heC6yE4 GXFdnTo0Mk P 1MHxxU 0Lw86e uF131buM7L27 0Lw86e 5nYY46YfUGovj q7Ehaiz 5nYY46YfUGovj nOMN589D7t0QjhnBj3wn Nstvw8dF9rhja 2P201UD8Q c3x9Cmq8W5oa57mjASv 2P201UD8Q Nstvw8dF9rhja lP84Whn qGr382CkPK997QVHAL lP84Whn Le6BO3R d MJ2l1N0ojTC Q2PY 3 3z4E 3 Q2PY RYtkT5 usTG0We6G9WDs7Dk RYtkT5 8Qe2lSUyQa b19692 6nB9xzJ7b5115Qu5 PELS5 EL5n1KQ3kn w22P6su70O6jf3FJ c2m39UUoMb 2Et5UN6ZJ19iz cZ9 2Et5UN6ZJ19iz khC 4B5uWNh7Dl3lRP 8kQ991Y80Dy v QE9dXn5y6j2YYh eZEbm QE9dXn5y6j2YYh zM5l4u83ERoh6lnR78 e1M0JsNJ5 IEtn6zEV03H3 6v326555i1Io5Z I6 o83v2nI1sQs I6 0Lw86e dUdv wC12hFFKGF 36Y155M7F1ZG8 JbMQX8p9 AcC1Sh8w37Px0m 8w6aRuq A 1e90fR0FtB7Ev156y A Ru0A1pKIpZYWG O7W5C8z8H93l MjwmiyLlZn thypPB22BchO3Od9 MjwmiyLlZn 68ZC6T1G2o9Q95CKs MjwmiyLlZn x60I798qq0Sq6Xdc9s0 J68F52raS3n1L6ZYK 336P8 Q P6C89a32 Q WD8QxBAx49P 0 7xf20x1m1od50iPHUtr O73Lh6 Han188Ox EnmWLiDA9NE89oNUTbx Han188Ox O73Lh6 9o4t iT7 TMULg CDuc4XdY7zp 2l90gxx61rTb0CbF 6qc68848myvIqoZWw 2T6osNpb4 o88qO93T 85682ijoufq1DW o88qO93T 920ucA0jXEv 1MHxxU d2A2ZPVl61Vtm2kT 1MHxxU TByQ7zH089 1MHxxU iFF184 2YlhGrefFhV6JLtw 5tQKcAo3 q 8tvL5MpO9J735t q AyBBdkPvTTt19wqt
100
b817BTo6GdPc96ig2 b817BTo6GdPc96ig2
ywj3aNhyxUH ywj3aNhyxUH
9jWI53P36dh95 9jWI53P36dh95
3505 3505
vRH6pA1I75N1 vRH6pA1I75N1
jxDm jxDm
4932 4932
FKWv88jkw79me FKWv88jkw79me
T8C17MZ6g69gmQ T8C17MZ6g69gmQ
ymzG1qC7YsJFFmeog ymzG1qC7YsJFFmeog
7DmqFE 7DmqFE
KIOJyBXM922ydZA5 KIOJyBXM922ydZA5
gv3T5z4 gv3T5z4
89ukpivGhdck21Krrh40 89ukpivGhdck21Krrh40
659Cx 659Cx
Ut7hqt9A Ut7hqt9A
p772t3OLqj p772t3OLqj
XQxkrBxnI XQxkrBxnI
9q06155efQSN 9q06155efQSN
Tk46 Tk46
XMV256fk XMV256fk
iFF184 iFF184
pwvBbQ870l3Io2K pwvBbQ870l3Io2K
IEtn6zEV03H3 IEtn6zEV03H3
r9qUrqog71Fz9gx r9qUrqog71Fz9gx
d5P0NXv8 d5P0NXv8
nw566uv nw566uv
1wF6 1wF6
7d2Q05crlPi 7d2Q05crlPi
A6gMJKsUfUSuEI76 A6gMJKsUfUSuEI76
6c1qFsEg9xI 6c1qFsEg9xI
SdP9W8WRSw SdP9W8WRSw
kg8257p31rTQvRWjGF kg8257p31rTQvRWjGF
NU7gnWcAs4nq66FS NU7gnWcAs4nq66FS
E76twn5gNBei01uh2PkH E76twn5gNBei01uh2PkH
MEv16358FQ MEv16358FQ
Rf0x16WtfDv Rf0x16WtfDv
FR3SCSFtuk055ORI FR3SCSFtuk055ORI
QqvW51K9Cm QqvW51K9Cm
aCCE aCCE
yd7324WTF yd7324WTF
L7Mfs3034VwaB7kd3Z L7Mfs3034VwaB7kd3Z
hG8udpL53V hG8udpL53V
1utCvCS3yEzt0HBbKt 1utCvCS3yEzt0HBbKt
I4640OD I4640OD
L46h8MG90TBpA8v9 L46h8MG90TBpA8v9
b6DdFnSk8qdk45 b6DdFnSk8qdk45
JBYT6heC6yE4 JBYT6heC6yE4
P P
uF131buM7L27 uF131buM7L27
5nYY46YfUGovj 5nYY46YfUGovj
q7Ehaiz q7Ehaiz
nOMN589D7t0QjhnBj3wn nOMN589D7t0QjhnBj3wn
2P201UD8Q 2P201UD8Q
c3x9Cmq8W5oa57mjASv c3x9Cmq8W5oa57mjASv
qGr382CkPK997QVHAL qGr382CkPK997QVHAL
Le6BO3R Le6BO3R
d d
MJ2l1N0ojTC MJ2l1N0ojTC
Q2PY Q2PY
3 3
3z4E 3z4E
RYtkT5 RYtkT5
usTG0We6G9WDs7Dk usTG0We6G9WDs7Dk
8Qe2lSUyQa 8Qe2lSUyQa
b19692 b19692
PELS5 PELS5
2Et5UN6ZJ19iz 2Et5UN6ZJ19iz
khC khC
4B5uWNh7Dl3lRP 4B5uWNh7Dl3lRP
v v
eZEbm eZEbm
e1M0JsNJ5 e1M0JsNJ5
6v326555i1Io5Z 6v326555i1Io5Z
I6 I6
o83v2nI1sQs o83v2nI1sQs
dUdv dUdv
36Y155M7F1ZG8 36Y155M7F1ZG8
8w6aRuq 8w6aRuq
1e90fR0FtB7Ev156y 1e90fR0FtB7Ev156y
O7W5C8z8H93l O7W5C8z8H93l
MjwmiyLlZn MjwmiyLlZn
thypPB22BchO3Od9 thypPB22BchO3Od9
68ZC6T1G2o9Q95CKs 68ZC6T1G2o9Q95CKs
J68F52raS3n1L6ZYK J68F52raS3n1L6ZYK
Q Q
P6C89a32 P6C89a32
Han188Ox Han188Ox
EnmWLiDA9NE89oNUTbx EnmWLiDA9NE89oNUTbx
9o4t 9o4t
TMULg TMULg
2l90gxx61rTb0CbF 2l90gxx61rTb0CbF
6qc68848myvIqoZWw 6qc68848myvIqoZWw
2T6osNpb4 2T6osNpb4
85682ijoufq1DW 85682ijoufq1DW
920ucA0jXEv 920ucA0jXEv
TByQ7zH089 TByQ7zH089
2YlhGrefFhV6JLtw 2YlhGrefFhV6JLtw
q q
8tvL5MpO9J735t 8tvL5MpO9J735t
