0 11 44 37 29 98 32 98 37 9 43 94 89 75 96 31 96 8 96 28 12 28 19 2 3 5 45 40 4 57 35 18 33 18 78 25 6 25 78 85 13 45 11 68 39 68 73 16 23 42 88 47 27 47 34 69 17 69 48 63 10 14 30 71 1 41 15 41 21 56 7 56 50 24 46 97 36 74 0 38 0 20 0 26 0 49 22 49 0
50
0 0
11 11
44 44
37 37
29 29
32 32
9 9
43 43
31 31
8 8
28 28
12 12
19 19
2 2
3 3
5 5
45 45
40 40
4 4
35 35
18 18
33 33
25 25
6 6
13 13
39 39
16 16
23 23
42 42
47 47
27 27
34 34
17 17
48 48
10 10
14 14
30 30
1 1
41 41
15 15
21 21
7 7
24 24
46 46
36 36
38 38
20 20
26 26
49 49
22 22
