74 123 109 161 11 99 137 97 100 73 125 157 125 103 27 32 39 14 118 14 59 60 83 33 76 154 76 89 76 61 141 129 163 94 34 151 130 28 58 68 23 25 183 108 33 151 135 151 149 143 198 100 173 132 48 5 172 12 172 95 147 103 51 77 51 190 155 52 34 18 110 72 100 134 112 114 112 107 44 185 57 86 128 86 31 86 57 63 174 63 9 197 187 43 158 180 3 117 105 148 115 8 123 81 167 30 176 178 37 53 37 152 16 140 181 20 96 184 136 171 165 64 90 64 17 64 47 127 193 4 168 179 54 133 199 111 121 13 192 13 45 146 8 42 142 181 104 80 56 76 166 131 200 131 91 65 170 63 66 50 102 98 102 188 88 113 198 120 116 138 139 161 109 123 74
100
123 123
109 109
161 161
11 11
99 99
97 97
100 100
73 73
125 125
157 157
103 103
27 27
32 32
39 39
14 14
118 118
59 59
60 60
83 83
76 76
154 154
89 89
61 61
129 129
163 163
94 94
130 130
58 58
23 23
108 108
135 135
143 143
198 198
173 173
132 132
5 5
12 12
95 95
51 51
77 77
190 190
155 155
52 52
18 18
72 72
134 134
112 112
114 114
107 107
44 44
86 86
128 128
31 31
63 63
174 174
158 158
105 105
115 115
81 81
167 167
178 178
53 53
152 152
16 16
140 140
20 20
96 96
184 184
136 136
171 171
165 165
90 90
17 17
47 47
127 127
193 193
4 4
179 179
54 54
133 133
199 199
111 111
192 192
45 45
146 146
42 42
142 142
80 80
56 56
200 200
91 91
66 66
50 50
98 98
88 88
113 113
120 120
116 116
138 138
139 139
