0 91 104 92 51 189 60 23 65 46 155 38 155 46 87 46 72 29 14 73 52 64 67 25 15 3 58 97 31 55 76 33 85 16 85 6 96 7 54 57 22 50 147 82 135 113 80 63 24 34 1 11 59 40 69 26 101 75 68 53 49 27 39 27 99 86 99 78 9 78 32 4 66 95 79 90 77 36 41 42 28 12 19 30 2 10 43 74 37 47 83 10 93 71 13 21 71 94 70 17 5 62 17 89 45 176 44 18 48 100 61 88 8 88 98 158 84 81 20 35 56 0
100
91 91
92 92
51 51
60 60
23 23
65 65
46 46
38 38
87 87
72 72
29 29
14 14
73 73
52 52
64 64
67 67
25 25
15 15
3 3
58 58
97 97
31 31
55 55
76 76
33 33
85 85
16 16
6 6
96 96
7 7
54 54
57 57
22 22
50 50
82 82
80 80
63 63
24 24
34 34
1 1
11 11
59 59
40 40
69 69
26 26
75 75
68 68
53 53
49 49
27 27
39 39
99 99
86 86
78 78
9 9
32 32
4 4
66 66
95 95
79 79
90 90
77 77
36 36
41 41
42 42
28 28
12 12
19 19
30 30
2 2
10 10
43 43
74 74
37 37
47 47
83 83
93 93
71 71
13 13
21 21
94 94
70 70
17 17
5 5
62 62
89 89
45 45
44 44
18 18
48 48
100 100
61 61
88 88
8 8
98 98
84 84
81 81
20 20
35 35
56 56
