Greenhouse mlk Greenhouse MathSciencesRes Greenhouse maxwell Greenhouse McEnerneyHall Greenhouse McLaughlin Greenhouse MulfordHall Greenhouse AnthonyHall Greenhouse MosesHall Greenhouse BarrowsHall Greenhouse MorrisonHall Greenhouse MorganHall Greenhouse moffit Greenhouse MinorHallAdd Greenhouse BotanGarden Greenhouse MinorHall Greenhouse memorialpool Greenhouse BirgeHall Greenhouse nrl Greenhouse NorthField Greenhouse NorthGateHall Greenhouse BancroftLibrary Greenhouse McConeHall Greenhouse NAnimalFacil Greenhouse OBrienHall Greenhouse ObservHill Greenhouse BarkerHall Greenhouse AlumniHouse Greenhouse AndersenAud Greenhouse ArchsEngineers Greenhouse BanwayBldg Greenhouse BarrowLane Greenhouse BARTStation Greenhouse BechtelEngineering Greenhouse BerkeleyMuseum Greenhouse BerkeleyWest Greenhouse BlackwellHall Greenhouse BlumHall Greenhouse BoaltHall Greenhouse ImagingCenter Greenhouse StarrLibrary Greenhouse
40
mlk mlk
MathSciencesRes MathSciencesRes
maxwell maxwell
McEnerneyHall McEnerneyHall
McLaughlin McLaughlin
MulfordHall MulfordHall
AnthonyHall AnthonyHall
MosesHall MosesHall
BarrowsHall BarrowsHall
MorrisonHall MorrisonHall
MorganHall MorganHall
moffit moffit
MinorHallAdd MinorHallAdd
BotanGarden BotanGarden
MinorHall MinorHall
memorialpool memorialpool
BirgeHall BirgeHall
nrl nrl
NorthField NorthField
NorthGateHall NorthGateHall
BancroftLibrary BancroftLibrary
McConeHall McConeHall
NAnimalFacil NAnimalFacil
OBrienHall OBrienHall
ObservHill ObservHill
BarkerHall BarkerHall
AlumniHouse AlumniHouse
AndersenAud AndersenAud
ArchsEngineers ArchsEngineers
BanwayBldg BanwayBldg
BarrowLane BarrowLane
BARTStation BARTStation
BechtelEngineering BechtelEngineering
BerkeleyMuseum BerkeleyMuseum
BerkeleyWest BerkeleyWest
BlackwellHall BlackwellHall
BlumHall BlumHall
BoaltHall BoaltHall
ImagingCenter ImagingCenter
StarrLibrary StarrLibrary
