9iIwk 6EWVx jT5CK HOs1b qkJ6b 1xmtC XYzcU 1xmtC Mj2eQ ZzWHp iEXNY ZzWHp MA43U jYfXn Ew56P SgDk6 Ew56P LZomt QVYVG RhUVQ QVYVG 7G74f QVYVG 1uRw3 y89SK Ri2t4 1uRw3 knY3U vE0Pj WGJpQ aHGHb kmzhT jAwQw 1uRw3 1pxZM LJqKh 5VT1H WJNpN YH6mk 5ioW1 Be0ab XZKtP dw7aX XZKtP bXinH 5ioW1 YH6mk Y7IDR 4a0W8 Y7IDR YH6mk WJNpN AgYPL tnjfN WJNpN 5BDPJ jT5CK 6EWVx 9iIwk jASvw 0GdkR oqPYQ jASvw 9iIwk h2rea 0mah3 ChXAd 1eRkH 0mah3 rrNj1 Esl6u fS0W8 p9vQm fS0W8 k64Ok BnAjj ZgtaX iCgvV veOJ7 ZgtaX pXCjI ZgtaX JgjFI ZgtaX Vake4 ZgtaX k64Ok fS0W8 Esl6u rrNj1 5R5Xa 9iIwk
50
9iIwk 9iIwk
jT5CK jT5CK
qkJ6b qkJ6b
1xmtC 1xmtC
XYzcU XYzcU
Mj2eQ Mj2eQ
ZzWHp ZzWHp
iEXNY iEXNY
jYfXn jYfXn
SgDk6 SgDk6
LZomt LZomt
RhUVQ RhUVQ
7G74f 7G74f
1uRw3 1uRw3
y89SK y89SK
Ri2t4 Ri2t4
vE0Pj vE0Pj
WGJpQ WGJpQ
aHGHb aHGHb
kmzhT kmzhT
jAwQw jAwQw
1pxZM 1pxZM
5VT1H 5VT1H
YH6mk YH6mk
5ioW1 5ioW1
Be0ab Be0ab
XZKtP XZKtP
dw7aX dw7aX
bXinH bXinH
Y7IDR Y7IDR
4a0W8 4a0W8
AgYPL AgYPL
tnjfN tnjfN
5BDPJ 5BDPJ
jASvw jASvw
0GdkR 0GdkR
oqPYQ oqPYQ
h2rea h2rea
ChXAd ChXAd
1eRkH 1eRkH
fS0W8 fS0W8
p9vQm p9vQm
BnAjj BnAjj
ZgtaX ZgtaX
iCgvV iCgvV
veOJ7 veOJ7
pXCjI pXCjI
JgjFI JgjFI
Vake4 Vake4
5R5Xa 5R5Xa
