HAZtD 4Eg1F wnnBN Cg1yP J0OP0 iKwe0 J0OP0 F7CZj RN9nS 3NU9e CXkxa ED9em 5h4rt ED9em CXkxa Lusir CXkxa 3NU9e aWuHk GxQg8 lJnz7 1gvq4 rH3nx p3gJd DaieK uPUO1 DaieK p3gJd cpzS8 AwFdf kNG2j kjZGl UQeyk EgumV fWz4T iHR3J ZKvNM TzGS5 ZKvNM SE1WY fWz4T EgumV UQeyk kjZGl acHTt cpzS8 p3gJd cC0Rg gpbSj u60s4 Zxvdf Tp7uZ u60s4 9cp56 0F8yg 4PSW9 zcuSA jyRQW Xqwfz pLg86 Xqwfz 7kY28 fiXIW URrao 7kY28 IOpdQ BaYb3 1VA1I Zok18 1VA1I BaYb3 SxklZ VESmp SxklZ rVnMc OWqP4 6owsT GUEko 0moVI HAKlt 6sv9O HAKlt Pk19A HAKlt 0moVI GUEko iimZq qz2Of 8Qx0C iPRoT Q8lcd Jbr8u GaZ4O H1xt8 o2JtM e7SjH 2LhKB e7SjH DuU0x BIY9X DuU0x e7SjH E6pda xKTIz RkCLD SfSL1 bMhFI lF8gH bMhFI CHx6u rmW0U 9tf0w rmW0U HOuAL rmW0U GrnJ7 gNinx GrnJ7 UbqWX v9joy GrnJ7 iaaYU GrnJ7 iIQll p4kTx iIQll Vg6Sz iIQll 7ZJYA 4jcrD DmTRc GfIsc DmTRc tgL8p 0FMEI RWE9G 2GCiD sU69u 5EAEu 0FMEI R6NzB v0WXM Q5zY0 kvy7i Ia6ul eVDVP Ia6ul VG4na Agb0E WVEjT wVSYr 2zHfe fExZu v7hOX SEkfX v7hOX Mm2U8 15wtn ox9Gx 15wtn wedr3 zrVPv 69WZh mdIe6 69WZh jesVt 4AhmX cu5FB 93R2m C4biR aegld O8CwF TlJnt O8CwF XbFfE mJExt iqOI4 UqGfS NqBQW UqGfS Ssao4 UqGfS X2hjX vfAR8 bW6Ms vfAR8 EyMEe z82fM kPB79 4Tt2a kPB79 4PXv9 kPB79 6gp0A HAZtD
100
wnnBN wnnBN
Cg1yP Cg1yP
J0OP0 J0OP0
iKwe0 iKwe0
RN9nS RN9nS
ED9em ED9em
5h4rt 5h4rt
Lusir Lusir
aWuHk aWuHk
GxQg8 GxQg8
lJnz7 lJnz7
1gvq4 1gvq4
rH3nx rH3nx
p3gJd p3gJd
DaieK DaieK
uPUO1 uPUO1
cpzS8 cpzS8
AwFdf AwFdf
kNG2j kNG2j
EgumV EgumV
fWz4T fWz4T
iHR3J iHR3J
TzGS5 TzGS5
acHTt acHTt
cC0Rg cC0Rg
gpbSj gpbSj
u60s4 u60s4
Zxvdf Zxvdf
0F8yg 0F8yg
zcuSA zcuSA
pLg86 pLg86
7kY28 7kY28
fiXIW fiXIW
URrao URrao
IOpdQ IOpdQ
BaYb3 BaYb3
1VA1I 1VA1I
Zok18 Zok18
SxklZ SxklZ
VESmp VESmp
OWqP4 OWqP4
6owsT 6owsT
0moVI 0moVI
HAKlt HAKlt
Pk19A Pk19A
iimZq iimZq
8Qx0C 8Qx0C
Q8lcd Q8lcd
H1xt8 H1xt8
2LhKB 2LhKB
DuU0x DuU0x
BIY9X BIY9X
E6pda E6pda
xKTIz xKTIz
bMhFI bMhFI
lF8gH lF8gH
CHx6u CHx6u
9tf0w 9tf0w
HOuAL HOuAL
gNinx gNinx
UbqWX UbqWX
v9joy v9joy
iaaYU iaaYU
iIQll iIQll
p4kTx p4kTx
Vg6Sz Vg6Sz
4jcrD 4jcrD
DmTRc DmTRc
2GCiD 2GCiD
5EAEu 5EAEu
R6NzB R6NzB
Ia6ul Ia6ul
eVDVP eVDVP
VG4na VG4na
Agb0E Agb0E
WVEjT WVEjT
fExZu fExZu
v7hOX v7hOX
SEkfX SEkfX
ox9Gx ox9Gx
wedr3 wedr3
zrVPv zrVPv
69WZh 69WZh
mdIe6 mdIe6
jesVt jesVt
4AhmX 4AhmX
cu5FB cu5FB
aegld aegld
O8CwF O8CwF
TlJnt TlJnt
iqOI4 iqOI4
UqGfS UqGfS
NqBQW NqBQW
Ssao4 Ssao4
X2hjX X2hjX
vfAR8 vfAR8
bW6Ms bW6Ms
z82fM z82fM
4Tt2a 4Tt2a
4PXv9 4PXv9
