Abbey Alivia Alexus Ashley Aniya Aryana Natalee Jazmyn Leila Kristin Mireya Nia Zion Myah Mya Parker Zaria Neveah Lucille Mckinley Shyanne Rylee Kristina Mckayla Mira Matilda Kira Lainey Lilia Lilyana Kiley Juliette Kaydence Kenzie Lacey Kayden Kaley Madilynn Keyla Imani Lindsay Diana Janiya Jaden Jimena Haven Ingrid Ciara Kimberly Jasmin Melina Jade Jillian Claire Brooklyn Carlee Ariel Sophie Sharon Alexia Jamiya Maggie Zara Baylee Alia Riley Taniyah Kiana Laylah Sophia Dana Iyana Bryanna Carly Christine Carlie Camilla Dayami Avni Chasity Carleigh Arielle Emilie Emma Denisse Elianna Aubree Gillian Noelle Tara Ally Abbey
90
Abbey Abbey
Alivia Alivia
Alexus Alexus
Ashley Ashley
Aniya Aniya
Aryana Aryana
Natalee Natalee
Jazmyn Jazmyn
Leila Leila
Kristin Kristin
Mireya Mireya
Nia Nia
Zion Zion
Myah Myah
Mya Mya
Parker Parker
Zaria Zaria
Neveah Neveah
Lucille Lucille
Mckinley Mckinley
Shyanne Shyanne
Rylee Rylee
Kristina Kristina
Mckayla Mckayla
Mira Mira
Matilda Matilda
Kira Kira
Lainey Lainey
Lilia Lilia
Lilyana Lilyana
Kiley Kiley
Juliette Juliette
Kaydence Kaydence
Kenzie Kenzie
Lacey Lacey
Kayden Kayden
Kaley Kaley
Madilynn Madilynn
Keyla Keyla
Imani Imani
Lindsay Lindsay
Diana Diana
Janiya Janiya
Jaden Jaden
Jimena Jimena
Haven Haven
Ingrid Ingrid
Ciara Ciara
Kimberly Kimberly
Jasmin Jasmin
Melina Melina
Jade Jade
Jillian Jillian
Claire Claire
Brooklyn Brooklyn
Carlee Carlee
Ariel Ariel
Sophie Sophie
Sharon Sharon
Alexia Alexia
Jamiya Jamiya
Maggie Maggie
Zara Zara
Baylee Baylee
Alia Alia
Riley Riley
Taniyah Taniyah
Kiana Kiana
Laylah Laylah
Sophia Sophia
Dana Dana
Iyana Iyana
Bryanna Bryanna
Carly Carly
Christine Christine
Carlie Carlie
Camilla Camilla
Dayami Dayami
Avni Avni
Chasity Chasity
Carleigh Carleigh
Arielle Arielle
Emilie Emilie
Emma Emma
Denisse Denisse
Elianna Elianna
Aubree Aubree
Gillian Gillian
Noelle Noelle
Tara Tara
