Ilesa Foshan Aklera Jagna Stupino Villaquilambre Aistala Tharu Aistala PortVila Alexandria Memmingen WaltonontheNaze Milledgeville Tupelo Puducherry Lodwar MitryMory Claremont Hermsdorf Oberhausen Palm Marburg Lille Marburg Sorsogon Taebaek Shagamu Bang Bensheim Copperas MitryMory Ponta Sirsi Itacoatiara Valletta Sceaux Liberia Paredes El DehiwalaMount Ventimiglia Barracas Aurora Portogruaro Chacabuco Shaowu Sheoganj Ramla Yingkou Oschatz Viewpark Palafrugell Hermsdorf Aleshtar Alfenas Uran Landshut Bon An Bobigny Sillanwali Sishui Talipparamba Tak Perth Clermont Perth Resplendor Great Tyoply Great Ada Krymsk GernikaLumo LonsleSaunier Calauan Skalica Belper Guli Belper New Perth UlanUde Perth Toledo Meizhou Mexborough Polohy Bavly Gariadhar Bensheim PointeClaire Bensheim Kyzylorda Brzeg Perth Niort Zeist Brunswick Jiangyan Davis American Krymsk Tiruppuvanam Onex Puerto Belper Zaozhuang Rutland Stuttgart Malden Tupiza Valday Bogovinje Mouscron Minas Dahlem Minas Magomeni Jashpurnagar Rhosllanerchrugog Milagro Azrou Oulmes Bensheim Campobasso Ilesa
100
Ilesa Ilesa
Foshan Foshan
Aklera Aklera
Jagna Jagna
Stupino Stupino
Villaquilambre Villaquilambre
Tharu Tharu
PortVila PortVila
Alexandria Alexandria
Memmingen Memmingen
WaltonontheNaze WaltonontheNaze
Milledgeville Milledgeville
Tupelo Tupelo
Puducherry Puducherry
Lodwar Lodwar
MitryMory MitryMory
Claremont Claremont
Hermsdorf Hermsdorf
Oberhausen Oberhausen
Palm Palm
Marburg Marburg
Lille Lille
Sorsogon Sorsogon
Shagamu Shagamu
Bang Bang
Bensheim Bensheim
Copperas Copperas
Ponta Ponta
Sirsi Sirsi
Itacoatiara Itacoatiara
Valletta Valletta
Sceaux Sceaux
Paredes Paredes
DehiwalaMount DehiwalaMount
Ventimiglia Ventimiglia
Barracas Barracas
Aurora Aurora
Chacabuco Chacabuco
Shaowu Shaowu
Ramla Ramla
Yingkou Yingkou
Viewpark Viewpark
Palafrugell Palafrugell
Aleshtar Aleshtar
Alfenas Alfenas
Uran Uran
Landshut Landshut
Bon Bon
An An
Bobigny Bobigny
Sillanwali Sillanwali
Sishui Sishui
Talipparamba Talipparamba
Tak Tak
Perth Perth
Clermont Clermont
Resplendor Resplendor
Great Great
Tyoply Tyoply
Ada Ada
GernikaLumo GernikaLumo
LonsleSaunier LonsleSaunier
Calauan Calauan
Skalica Skalica
Guli Guli
New New
UlanUde UlanUde
Toledo Toledo
Meizhou Meizhou
Mexborough Mexborough
Polohy Polohy
Bavly Bavly
Gariadhar Gariadhar
PointeClaire PointeClaire
Kyzylorda Kyzylorda
Brzeg Brzeg
Niort Niort
Brunswick Brunswick
Jiangyan Jiangyan
Davis Davis
American American
Tiruppuvanam Tiruppuvanam
Onex Onex
Puerto Puerto
Zaozhuang Zaozhuang
Rutland Rutland
Stuttgart Stuttgart
Malden Malden
Tupiza Tupiza
Valday Valday
Bogovinje Bogovinje
Mouscron Mouscron
Dahlem Dahlem
Magomeni Magomeni
Jashpurnagar Jashpurnagar
Rhosllanerchrugog Rhosllanerchrugog
Milagro Milagro
Azrou Azrou
Oulmes Oulmes
Campobasso Campobasso
