Qatar Belarus Peru Mongolia Tajikistan Danzig Gabon Liberia Morocco UAE America Egypt DemofChina Mozambique Mali Kyrgyzstan Malta Guyana SanMarino Burundi Netherlands VaticanCity Lebanon Tuvalu SaintLucia Haiti CzechRepublic France Albania Nicaragua Andorra SierraLeone Uruguay Sweden GuineaBissau Macedonia Georgia Uzbekistan Tanzania Angola Tunisia Kosovo CostaRica Belgium Singapore Senegal RussianFederation Australia Estonia UnitedKingdom Armenia Montenegro Qatar
50
Belarus Belarus
Peru Peru
Mongolia Mongolia
Tajikistan Tajikistan
Danzig Danzig
Gabon Gabon
Liberia Liberia
Morocco Morocco
UAE UAE
America America
Egypt Egypt
DemofChina DemofChina
Mozambique Mozambique
Mali Mali
Kyrgyzstan Kyrgyzstan
Malta Malta
Guyana Guyana
SanMarino SanMarino
Burundi Burundi
Netherlands Netherlands
VaticanCity VaticanCity
Lebanon Lebanon
Tuvalu Tuvalu
SaintLucia SaintLucia
Haiti Haiti
CzechRepublic CzechRepublic
France France
Albania Albania
Nicaragua Nicaragua
Andorra Andorra
SierraLeone SierraLeone
Sweden Sweden
GuineaBissau GuineaBissau
Macedonia Macedonia
Georgia Georgia
Uzbekistan Uzbekistan
Tanzania Tanzania
Angola Angola
Tunisia Tunisia
Kosovo Kosovo
CostaRica CostaRica
Belgium Belgium
Singapore Singapore
Senegal Senegal
RussianFederation RussianFederation
Australia Australia
Estonia Estonia
UnitedKingdom UnitedKingdom
Armenia Armenia
Montenegro Montenegro
