Nepal Georgia Argentina Belarus Azerbaijan Ecuador Estonia UAE Vietnam Niger Serbia Panama Afghanistan Palau Mauritius Kuwait Belgium Fiji Botswana NewZealand Slovakia Tajikistan Suriname MarshallIslands TheGambia VaticanCity SaintLucia Liechtenstein Tanzania Nepal
25
Georgia Georgia
Argentina Argentina
Belarus Belarus
Azerbaijan Azerbaijan
Estonia Estonia
UAE UAE
Vietnam Vietnam
Niger Niger
Serbia Serbia
Panama Panama
Afghanistan Afghanistan
Palau Palau
Mauritius Mauritius
Kuwait Kuwait
Fiji Fiji
Botswana Botswana
NewZealand NewZealand
Slovakia Slovakia
Tajikistan Tajikistan
Suriname Suriname
MarshallIslands MarshallIslands
VaticanCity VaticanCity
SaintLucia SaintLucia
Liechtenstein Liechtenstein
Tanzania Tanzania
