129 19 92 197 137 9 161 80 101 84 3 11 4 81 158 66 107 109 98 32 29 157 195 85 6 51 56 99 156 95 59 71 194 23 192 105 100 46 122 30 184 30 111 142 111 13 50 13 180 25 196 25 60 163 26 126 68 69 14 55 31 10 110 73 21 73 39 178 26 128 64 190 177 65 27 160 28 15 145 0 82 135 152 79 61 188 16 54 91 20 191 53 171 150 121 144 189 48 8 57 17 155 49 123 63 97 76 96 87 149 88 44 168 183 47 62 47 58 86 174 5 40 5 33 2 125 108 114 94 140 151 7 175 45 103 12 89 130 36 83 129
100
92 92
197 197
137 137
9 9
161 161
101 101
84 84
11 11
4 4
81 81
158 158
66 66
107 107
109 109
98 98
29 29
157 157
195 195
85 85
6 6
51 51
56 56
99 99
156 156
95 95
59 59
194 194
23 23
192 192
105 105
100 100
122 122
184 184
142 142
13 13
50 50
180 180
25 25
196 196
163 163
26 26
126 126
14 14
55 55
110 110
21 21
39 39
178 178
128 128
64 64
190 190
177 177
65 65
160 160
15 15
145 145
0 0
82 82
152 152
61 61
188 188
16 16
91 91
191 191
53 53
171 171
150 150
121 121
189 189
48 48
8 8
57 57
17 17
155 155
49 49
123 123
63 63
97 97
76 76
96 96
87 87
88 88
44 44
183 183
62 62
58 58
174 174
5 5
40 40
33 33
2 2
125 125
108 108
114 114
151 151
175 175
103 103
89 89
130 130
36 36
