99 176 35 36 155 110 151 6 152 90 152 98 32 34 6 75 79 178 175 15 175 188 176 103 52 22 52 92 52 167 76 161 128 80 128 164 95 183 95 24 19 33 139 12 1 19 184 194 63 2 40 2 112 71 192 71 146 86 181 86 168 62 73 62 159 131 159 106 108 174 85 127 85 186 196 47 196 88 101 41 45 185 45 111 7 59 64 165 23 180 182 68 187 117 116 163 116 27 49 10 49 125 49 123 49 126 38 25 69 83 69 173 69 100 81 158 81 9 107 118 4 118 156 70 156 142 107 94 31 82 31 104 130 104 169 144 55 84 166 84 160 120 171 120 53 162 0 21 78 21 5 138 20 138 170 113 51 113 114 113 124 113 30 157 172 157 119 157 96 132 96 56 43 66 43 18 121 148 16 17 16 190 16 97 137 150 137 28 129 54 61 135 8 135 102 58 149 154 122 48 26 199 42 199 39 176 99
100
99 99
35 35
155 155
151 151
90 90
98 98
34 34
75 75
178 178
15 15
188 188
103 103
22 22
92 92
167 167
161 161
80 80
164 164
183 183
24 24
33 33
12 12
1 1
184 184
63 63
40 40
112 112
192 192
146 146
181 181
168 168
73 73
131 131
106 106
174 174
127 127
186 186
47 47
88 88
41 41
185 185
111 111
59 59
165 165
180 180
68 68
117 117
163 163
27 27
10 10
125 125
123 123
126 126
25 25
83 83
173 173
100 100
158 158
9 9
4 4
70 70
142 142
94 94
82 82
130 130
169 169
55 55
166 166
160 160
171 171
53 53
0 0
78 78
5 5
20 20
170 170
51 51
114 114
124 124
30 30
172 172
119 119
132 132
56 56
66 66
18 18
148 148
17 17
190 190
97 97
150 150
28 28
61 61
8 8
102 102
149 149
122 122
26 26
42 42
39 39
