destitute barnacle ripe Darwin Rio swingy diligent midget funny mediate extractor covariate Fisk anvil Curtis connubial schedule slowdown amateur minion Bleeker Dominican embassy Dominican Gilmore tate diligent Auberge jewel Injun stanza Injun illusion bifurcate Modesto Vega Andersen Halstead Elizabethan brook spill bobble McCall shroud choice fatten trill yogurt decor Hewlett swordfish septillion papal septillion creekside septillion transpiration septillion Isfahan balustrade MN Hindi Loomis destitute
50
ripe ripe
Darwin Darwin
Rio Rio
swingy swingy
diligent diligent
midget midget
funny funny
mediate mediate
extractor extractor
Fisk Fisk
anvil anvil
connubial connubial
schedule schedule
slowdown slowdown
amateur amateur
minion minion
Bleeker Bleeker
Dominican Dominican
embassy embassy
Gilmore Gilmore
tate tate
Auberge Auberge
jewel jewel
Injun Injun
stanza stanza
illusion illusion
Modesto Modesto
Vega Vega
Andersen Andersen
Halstead Halstead
Elizabethan Elizabethan
bobble bobble
McCall McCall
shroud shroud
choice choice
fatten fatten
trill trill
yogurt yogurt
decor decor
Hewlett Hewlett
swordfish swordfish
septillion septillion
papal papal
creekside creekside
transpiration transpiration
Isfahan Isfahan
balustrade balustrade
MN MN
Hindi Hindi
Loomis Loomis
