woebegone encumbrance woebegone plunder transonic funny McCall septillion jewel MN monotonous dreadnought monotonous sinh Durango bifurcate atom coarse embroil anvil softball car papal archive dull swingy Fisk mediate Fisk December Zorn MN exothermic MN update icon involuntary backplate involuntary slowdown involuntary mitre spill involuntary thirteen broil barnacle yearn funny Vega lexicon Modesto shroud noon inform secondary inform millennium funky swordfish Rodney Auberge Rodney Simon Goodrich Elizabethan Darwin Simon transfuse catenate transfuse illusion griddle illusion trimester yogurt tate felony casserole renaissance casserole felony equipping felony Isfahan thoroughfare balustrade babysat balustrade embassy cytolysis Durango Reilly Durango Hewlett Durango directory bat Winchester connubial confrontation midstream confrontation relaxation Irvin mack Irvin cowhand explosion cowhand Andersen archive sphalerite Curtis deduce postscript Wheller creekside taft Tucson extrovert Tucson limitate administer stanza numerology diligent numerology viscous bunch oriole PDP Sunday silage Sunday whatsoever PDP Stephen simulate Gilmore switchmen imperishable switchmen funny wingspread shovel choice shovel fulsome trill woebegone
100
transonic transonic
funny funny
McCall McCall
septillion septillion
monotonous monotonous
dreadnought dreadnought
sinh sinh
Durango Durango
bifurcate bifurcate
coarse coarse
embroil embroil
anvil anvil
softball softball
car car
papal papal
archive archive
dull dull
swingy swingy
Fisk Fisk
mediate mediate
December December
Zorn Zorn
exothermic exothermic
update update
icon icon
involuntary involuntary
backplate backplate
slowdown slowdown
mitre mitre
spill spill
thirteen thirteen
broil broil
barnacle barnacle
yearn yearn
Vega Vega
Modesto Modesto
noon noon
inform inform
secondary secondary
millennium millennium
funky funky
swordfish swordfish
Rodney Rodney
Auberge Auberge
Simon Simon
Goodrich Goodrich
Darwin Darwin
transfuse transfuse
catenate catenate
illusion illusion
griddle griddle
trimester trimester
yogurt yogurt
tate tate
felony felony
casserole casserole
renaissance renaissance
equipping equipping
Isfahan Isfahan
thoroughfare thoroughfare
babysat babysat
Reilly Reilly
Hewlett Hewlett
directory directory
bat bat
Winchester Winchester
connubial connubial
midstream midstream
relaxation relaxation
Irvin Irvin
mack mack
explosion explosion
Andersen Andersen
sphalerite sphalerite
Curtis Curtis
deduce deduce
postscript postscript
Wheller Wheller
Tucson Tucson
extrovert extrovert
limitate limitate
administer administer
stanza stanza
numerology numerology
diligent diligent
viscous viscous
bunch bunch
oriole oriole
PDP PDP
Sunday Sunday
silage silage
whatsoever whatsoever
Stephen Stephen
simulate simulate
Gilmore Gilmore
imperishable imperishable
wingspread wingspread
shovel shovel
choice choice
fulsome fulsome
