55 51 107 65 19 16 69 36 67 23 35 110 13 103 41 6 62 89 27 25 60 87 71 70 80 44 11 15 32 106 72 45 42 77 79 90 52 73 21 18 85 37 57 3 93 63 31 61 12 2 29 34 4 75 83 98 49 104 112 48 7 81 5 46 94 1 9 108 54 92 58 39 99 96 2 102 20 100 55
74
55 55
51 51
107 107
65 65
16 16
69 69
36 36
67 67
23 23
35 35
110 110
13 13
103 103
41 41
6 6
62 62
89 89
27 27
25 25
60 60
87 87
71 71
70 70
80 80
44 44
11 11
15 15
32 32
106 106
72 72
45 45
42 42
77 77
79 79
90 90
52 52
73 73
21 21
18 18
85 85
37 37
57 57
3 3
93 93
63 63
31 31
61 61
12 12
2 2
29 29
34 34
4 4
75 75
83 83
98 98
49 49
104 104
112 112
48 48
7 7
81 81
46 46
94 94
9 9
108 108
54 54
92 92
58 58
39 39
99 99
96 96
102 102
20 20
100 100
