Donner Providence Haas Phoenix Life Tallahassee Gilman Foothill Gayley Recreational Old Iowa North Topeka Illinois Ishi Minnesota Wurster Haste Cyclotron Juneau Optometry McCone Helena Santa Donner
25
Donner Donner
Providence Providence
Haas Haas
Phoenix Phoenix
Life Life
Tallahassee Tallahassee
Gilman Gilman
Foothill Foothill
Gayley Gayley
Recreational Recreational
Old Old
Iowa Iowa
North North
Topeka Topeka
Illinois Illinois
Ishi Ishi
Minnesota Minnesota
Wurster Wurster
Haste Haste
Cyclotron Cyclotron
Juneau Juneau
Optometry Optometry
McCone McCone
Helena Helena
Santa Santa
