Soda AnthonyHall BerkeleyArtMuseum DavisHall CalvinLaboratory ClarkKerrCampus ChouHall DonnerLab ChanShunAuditorium EtcheverryHall BancroftLibrary BoaltHall CyclotronRd BotanicalGarden CheitHall BlumHall BirgeHall BlackwellHall EshlemanHall Cory EvansDiamond BarrowLane BarrowsHall BARTStation BrainImagingCenter BerkeleyWayWest Campanile EastGate CampbellHall EastAsianLibrary Dwinelle VLSB CareerCenter AlumniHouse DoeMemorialLibrary BarkerHall BanwayBldg EdwardsStadium CaliforniaHall CNMAT DurantHall Soda
40
AnthonyHall AnthonyHall
BerkeleyArtMuseum BerkeleyArtMuseum
DavisHall DavisHall
CalvinLaboratory CalvinLaboratory
ClarkKerrCampus ClarkKerrCampus
ChouHall ChouHall
DonnerLab DonnerLab
ChanShunAuditorium ChanShunAuditorium
EtcheverryHall EtcheverryHall
BancroftLibrary BancroftLibrary
BoaltHall BoaltHall
CyclotronRd CyclotronRd
BotanicalGarden BotanicalGarden
CheitHall CheitHall
BlumHall BlumHall
BirgeHall BirgeHall
BlackwellHall BlackwellHall
EshlemanHall EshlemanHall
Cory Cory
EvansDiamond EvansDiamond
BarrowLane BarrowLane
BarrowsHall BarrowsHall
BARTStation BARTStation
BrainImagingCenter BrainImagingCenter
BerkeleyWayWest BerkeleyWayWest
Campanile Campanile
EastGate EastGate
CampbellHall CampbellHall
EastAsianLibrary EastAsianLibrary
Dwinelle Dwinelle
VLSB VLSB
CareerCenter CareerCenter
AlumniHouse AlumniHouse
DoeMemorialLibrary DoeMemorialLibrary
BarkerHall BarkerHall
BanwayBldg BanwayBldg
EdwardsStadium EdwardsStadium
CaliforniaHall CaliforniaHall
CNMAT CNMAT
DurantHall DurantHall
