1 93 45 14 183 159 34 165 6 158 184 16 42 132 76 118 114 122 38 32 151 92 163 77 172 28 13 178 52 137 148 161 180 60 3 11 79 143 65 64 116 176 134 29 155 27 164 117 149 121 56 182 59 91 139 91 167 41 95 160 82 153 81 40 99 192 108 110 12 142 123 2 74 186 4 44 120 57 147 47 191 181 68 94 25 21 112 97 78 36 67 188 9 131 87 127 70 7 129 89 197 119 20 17 126 35 100 53 140 190 170 1
100
93 93
45 45
14 14
183 183
159 159
34 34
165 165
6 6
184 184
16 16
42 42
132 132
76 76
118 118
114 114
122 122
32 32
151 151
92 92
163 163
77 77
172 172
28 28
13 13
178 178
52 52
137 137
148 148
161 161
180 180
60 60
3 3
11 11
79 79
143 143
65 65
64 64
116 116
176 176
29 29
155 155
27 27
164 164
117 117
149 149
121 121
182 182
59 59
91 91
139 139
167 167
95 95
160 160
153 153
81 81
40 40
99 99
192 192
108 108
12 12
142 142
123 123
2 2
74 74
186 186
44 44
120 120
57 57
147 147
191 191
181 181
68 68
94 94
25 25
21 21
112 112
97 97
78 78
36 36
67 67
188 188
9 9
131 131
87 87
127 127
70 70
7 7
129 129
89 89
197 197
119 119
20 20
17 17
126 126
35 35
100 100
53 53
140 140
190 190
170 170
