gc gk em cg fy db fa az cn br g er go ck ep cd am cr cp j bv df fh fw dy ds u fm et bn cz at a bq fe e ff fk fq p by bc ah ao cs cl ee el cj bi cv ag bf fn ey bt bb ap bx be cq dh en ae dq bp aw gg dj dp do fi bj ge cy eq d gi di gj ad an bl ft fo fd gh gn dx ga es y bu gq dn ai v b gm fr dw q dg cm ab co ac as gc
100
gk gk
em em
cg cg
fy fy
db db
fa fa
az az
cn cn
br br
g g
er er
go go
ck ck
ep ep
am am
cr cr
cp cp
j j
bv bv
fh fh
fw fw
dy dy
ds ds
u u
et et
bn bn
cz cz
at at
a a
bq bq
fe fe
e e
ff ff
fk fk
fq fq
p p
by by
bc bc
ah ah
ao ao
cs cs
cl cl
ee ee
el el
cj cj
bi bi
cv cv
fn fn
ey ey
bt bt
bb bb
ap ap
bx bx
cq cq
dh dh
en en
ae ae
dq dq
bp bp
aw aw
gg gg
dj dj
dp dp
do do
fi fi
bj bj
ge ge
eq eq
d d
gi gi
di di
gj gj
ad ad
an an
bl bl
ft ft
fo fo
fd fd
gh gh
gn gn
dx dx
ga ga
es es
y y
bu bu
gq gq
dn dn
ai ai
v v
b b
gm gm
fr fr
dw dw
q q
dg dg
cm cm
ab ab
co co
ac ac
as as
