equinox band clothes paint seller novel corpse mastermind tropical muggy method twitch dry houseplant aisle bark fish brick remark analyst chain funeral glove uncertainty jurisdiction essential prejudice wilderness farewell dollar disposition lamb photograph secretary referee explicit slice flow presidential hiccup union fibre orange equinox
43
equinox equinox
band band
clothes clothes
paint paint
seller seller
novel novel
corpse corpse
mastermind mastermind
tropical tropical
muggy muggy
method method
twitch twitch
dry dry
houseplant houseplant
aisle aisle
bark bark
fish fish
brick brick
remark remark
analyst analyst
chain chain
funeral funeral
glove glove
uncertainty uncertainty
jurisdiction jurisdiction
essential essential
prejudice prejudice
wilderness wilderness
farewell farewell
dollar dollar
disposition disposition
lamb lamb
photograph photograph
secretary secretary
referee referee
explicit explicit
slice slice
flow flow
presidential presidential
hiccup hiccup
union union
fibre fibre
orange orange
