0 45 21 45 42 40 42 6 58 73 58 71 58 74 58 53 50 52 56 67 56 65 94 65 96 65 95 65 56 66 97 66 98 66 56 52 50 54 59 78 59 77 59 54 50 0 8 48 26 44 33 39 33 31 20 31 10 70 10 31 41 29 12 32 90 32 34 32 23 25 37 25 2 25 19 25 11 14 25 15 35 15 25 55 63 55 60 55 62 87 62 55 61 83 61 84 61 55 64 93 64 92 64 55 25 23 0 5 13 49 13 5 0
50
45 45
21 21
42 42
40 40
73 73
71 71
74 74
52 52
67 67
94 94
96 96
95 95
66 66
97 97
98 98
54 54
59 59
78 78
77 77
48 48
26 26
33 33
39 39
31 31
20 20
10 10
70 70
41 41
12 12
32 32
90 90
34 34
23 23
25 25
37 37
2 2
19 19
11 11
14 14
35 35
55 55
63 63
60 60
62 62
87 87
83 83
84 84
93 93
92 92
49 49
