0 168 19 163 102 33 15 74 133 67 14 64 69 41 83 87 73 23 1 78 27 55 11 10 26 71 68 5 51 95 46 30 13 65 12 80 22 174 89 99 6 18 7 98 82 36 2 75 85 91 47 53 181 84 77 42 35 93 61 21 8 3 48 44 100 39 4 32 54 57 92 56 59 63 29 76 60 43 45 79 58 72 96 38 50 31 9 28 88 66 70 20 16 81 17 25 154 40 97 52 49 62 94 34 37 86 24 90 0
100
19 19
33 33
15 15
74 74
67 67
14 14
64 64
69 69
41 41
83 83
87 87
73 73
23 23
1 1
78 78
27 27
55 55
11 11
10 10
26 26
71 71
68 68
5 5
51 51
95 95
46 46
30 30
13 13
65 65
12 12
80 80
22 22
89 89
99 99
6 6
18 18
7 7
98 98
82 82
36 36
2 2
75 75
85 85
91 91
47 47
53 53
84 84
77 77
42 42
35 35
93 93
61 61
21 21
8 8
3 3
48 48
44 44
100 100
39 39
4 4
32 32
54 54
57 57
92 92
56 56
59 59
63 63
29 29
76 76
60 60
43 43
45 45
79 79
58 58
72 72
96 96
38 38
50 50
31 31
9 9
28 28
88 88
66 66
70 70
20 20
16 16
81 81
17 17
25 25
40 40
97 97
52 52
49 49
62 62
94 94
34 34
37 37
86 86
24 24
90 90
