Egsmith Waltditch Wenside Burbourne Wenside Alfchester Whittree Egsmith Barnton Ashbourne Stapbeck Ashbourne Sudwich Pemlow Blanworth Stainbrough Nortley Wetwick Sudwich Ashbourne Barnton Wywick Wychbeck Staplake Penborne Shaftbridge Burfield Wychnell Egtree Chelmden Horsmoor Egavon Shaftbage Edgey Shaftbage Ashdown Farnsmith Wychsmith Chelmwang Wychsmith Farnsmith Cookford Chelmbeck Cookford Wychbourne Sudtree Leathermere Sudtree Wenwold Stainby Brackbrough Wenbeck Watchcombe Pemlow Bromton Flitgrove Sudtree Wychbourne Barnton Egsmith
36
Waltditch Waltditch
Wenside Wenside
Burbourne Burbourne
Alfchester Alfchester
Barnton Barnton
Ashbourne Ashbourne
Stapbeck Stapbeck
Pemlow Pemlow
Stainbrough Stainbrough
Nortley Nortley
Wetwick Wetwick
Wywick Wywick
Wychbeck Wychbeck
Staplake Staplake
Penborne Penborne
Shaftbridge Shaftbridge
Wychnell Wychnell
Egtree Egtree
Chelmden Chelmden
Egavon Egavon
Shaftbage Shaftbage
Edgey Edgey
Ashdown Ashdown
Farnsmith Farnsmith
Wychsmith Wychsmith
Chelmwang Chelmwang
Cookford Cookford
Chelmbeck Chelmbeck
Wychbourne Wychbourne
Sudtree Sudtree
Leathermere Leathermere
Wenwold Wenwold
Stainby Stainby
Brackbrough Brackbrough
Wenbeck Wenbeck
Flitgrove Flitgrove
