0 68 62 89 85 41 95 24 22 21 97 87 26 56 81 50 11 50 84 35 4 10 75 10 86 7 58 80 79 32 37 31 74 65 16 65 3 51 63 51 1 36 13 12 57 99 1 72 92 2 78 42 71 42 93 64 83 20 34 30 48 90 48 30 54 47 33 60 98 39 98 39 59 68 0
50
62 62
89 89
41 41
95 95
24 24
22 22
87 87
56 56
81 81
50 50
11 11
84 84
35 35
4 4
10 10
75 75
86 86
7 7
80 80
79 79
32 32
74 74
16 16
3 3
51 51
63 63
1 1
36 36
13 13
12 12
99 99
72 72
2 2
42 42
71 71
93 93
64 64
83 83
20 20
34 34
30 30
48 48
90 90
54 54
47 47
33 33
60 60
98 98
39 39
59 59
