0 18 185 27 122 139 183 1 170 103 28 155 70 163 194 129 146 19 85 160 145 166 8 39 151 39 8 26 176 26 179 196 86 106 199 105 197 186 180 135 69 112 158 20 121 81 78 12 130 12 10 100 10 46 156 168 128 134 119 104 97 36 73 184 133 125 141 4 141 60 83 14 178 193 25 138 35 164 24 61 117 61 77 50 157 91 63 74 64 58 99 3 175 17 118 48 31 22 150 51 111 149 111 126 79 101 89 173 84 65 9 109 42 159 87 159 143 131 137 96 95 96 67 47 67 44 110 153 6 38 6 116 154 56 98 54 120 116 32 75 108 102 108 92 182 49 0
100
18 18
185 185
27 27
139 139
170 170
103 103
28 28
155 155
70 70
163 163
194 194
146 146
19 19
85 85
160 160
145 145
166 166
39 39
151 151
26 26
176 176
179 179
196 196
106 106
199 199
197 197
186 186
180 180
69 69
20 20
121 121
81 81
78 78
12 12
130 130
10 10
100 100
156 156
168 168
128 128
134 134
119 119
104 104
36 36
184 184
133 133
125 125
4 4
83 83
14 14
178 178
193 193
25 25
138 138
24 24
117 117
77 77
50 50
157 157
91 91
63 63
74 74
64 64
58 58
99 99
175 175
17 17
48 48
31 31
22 22
51 51
111 111
149 149
126 126
79 79
89 89
173 173
65 65
9 9
109 109
42 42
159 159
87 87
137 137
96 96
95 95
67 67
47 47
44 44
6 6
38 38
116 116
98 98
120 120
32 32
75 75
108 108
102 102
182 182
49 49
