SantaClarita Carrollton Lubbock Concord Victorville GardenGrove Victorville Shreveport Huntsville Thornton Beaumont NewportNews FortWorth Midland Thornton Yonkers Escondido Chesapeake Wichita StPetersburg OklahomaCity LosAngeles OklahomaCity Newark Garland Worcester Alexandria Bellevue Scottsdale SiouxFalls Independence Fayetteville Davidson Milwaukee Lafayette Brownsville Orlando Cary RanchoCucamonga Washington WestValleyCity Washington Lancaster Surprise Sunnyvale Visalia Portland Henderson FortWayne Torrance Hartford LouisvilleJefferson LongBeach Hartford Boston Ontario Omaha Allentown Pomona Stockton Indianapolis Austin PembrokePines Frisco LexingtonFa SanDiego StLouis SanDiego Waco SanDiego Paterson Chandler Akron Berkeley Stamford FortCollins SantaClarita
50
Carrollton Carrollton
Concord Concord
Victorville Victorville
GardenGrove GardenGrove
Shreveport Shreveport
Huntsville Huntsville
Beaumont Beaumont
NewportNews NewportNews
Midland Midland
Yonkers Yonkers
Wichita Wichita
StPetersburg StPetersburg
OklahomaCity OklahomaCity
LosAngeles LosAngeles
Newark Newark
Garland Garland
Worcester Worcester
Alexandria Alexandria
Bellevue Bellevue
Scottsdale Scottsdale
SiouxFalls SiouxFalls
Independence Independence
Fayetteville Fayetteville
Lafayette Lafayette
Brownsville Brownsville
Orlando Orlando
RanchoCucamonga RanchoCucamonga
Washington Washington
WestValleyCity WestValleyCity
Surprise Surprise
Sunnyvale Sunnyvale
Visalia Visalia
Henderson Henderson
Hartford Hartford
LouisvilleJefferson LouisvilleJefferson
LongBeach LongBeach
Boston Boston
Ontario Ontario
Omaha Omaha
Allentown Allentown
Pomona Pomona
Stockton Stockton
Indianapolis Indianapolis
Austin Austin
PembrokePines PembrokePines
LexingtonFa LexingtonFa
StLouis StLouis
Waco Waco
Paterson Paterson
Stamford Stamford
