Plano SantaClara Irving Pasadena Vancouver Beaumont Kent Oxnard Atlanta Cleveland Denver Hayward Topeka Mesa Montgomery Memphis Charleston Memphis OWO Chesapeake Wichita Waco Ontario Omaha Garland WestValleyCity Vallejo LasVegas Miami Olathe HuntingtonBeach SimiValley HuntingtonBeach Mobile Hartford Dallas Worcester Mesquite Joliet Thornton Anchorage Clarksville Frisco StLouis AnnArbor FortLauderdale Norfolk PembrokePines Lincoln PembrokePines Torrance Lafayette Huntsville Pikachu JerseyCity Anaheim Elizabeth Lancaster LosAngeles Escondido Akron Hollywood Glasses SanJose Killeen Allentown Stamford Allentown SantaAna LouisvilleJefferson Tulsa SantaAna SiouxFalls FortCollins SantaRosa Shreveport Laredo Tampa ThousandOaks McAllen GrandPrairie Portland Tampa Glendale Raleigh Denton Chicago Salinas GardenGrove CedarRapids Philadelphia Charlotte Davidson SanAntonio NewHaven ChulaVista Houston Pomona Spokane CorpusChristi SantaClarita Fremont Madison SanBernardino Knoxville Brownsville Corona Surprise Greensboro Surprise NewOrleans AugustaRichmond Fullerton Irvine LittleRock Irvine GrandRapids Cincinnati Tallahassee Hampton Cary OklahomaCity Rochester SanFrancisco Warren MorenoValley Sunnyvale Norman SantaClara Rockford Riverside Plano
100
SantaClara SantaClara
Irving Irving
Pasadena Pasadena
Vancouver Vancouver
Beaumont Beaumont
Oxnard Oxnard
Atlanta Atlanta
Denver Denver
Hayward Hayward
Mesa Mesa
Montgomery Montgomery
Memphis Memphis
Charleston Charleston
OWO OWO
Wichita Wichita
Waco Waco
Ontario Ontario
Omaha Omaha
Garland Garland
Vallejo Vallejo
LasVegas LasVegas
Miami Miami
Olathe Olathe
HuntingtonBeach HuntingtonBeach
SimiValley SimiValley
Mobile Mobile
Hartford Hartford
Dallas Dallas
Worcester Worcester
Mesquite Mesquite
Thornton Thornton
Anchorage Anchorage
StLouis StLouis
AnnArbor AnnArbor
FortLauderdale FortLauderdale
Norfolk Norfolk
Lincoln Lincoln
Torrance Torrance
Lafayette Lafayette
Huntsville Huntsville
Pikachu Pikachu
JerseyCity JerseyCity
Anaheim Anaheim
Elizabeth Elizabeth
Lancaster Lancaster
Escondido Escondido
Akron Akron
Hollywood Hollywood
Glasses Glasses
SanJose SanJose
Killeen Killeen
Allentown Allentown
Stamford Stamford
LouisvilleJefferson LouisvilleJefferson
Tulsa Tulsa
SiouxFalls SiouxFalls
FortCollins FortCollins
SantaRosa SantaRosa
Laredo Laredo
Tampa Tampa
ThousandOaks ThousandOaks
McAllen McAllen
GrandPrairie GrandPrairie
Portland Portland
Glendale Glendale
Raleigh Raleigh
Denton Denton
Chicago Chicago
Salinas Salinas
GardenGrove GardenGrove
Davidson Davidson
SanAntonio SanAntonio
NewHaven NewHaven
Houston Houston
Pomona Pomona
CorpusChristi CorpusChristi
SantaClarita SantaClarita
Fremont Fremont
Madison Madison
SanBernardino SanBernardino
Knoxville Knoxville
Brownsville Brownsville
Corona Corona
Surprise Surprise
Greensboro Greensboro
NewOrleans NewOrleans
AugustaRichmond AugustaRichmond
Irvine Irvine
LittleRock LittleRock
Cincinnati Cincinnati
Hampton Hampton
Cary Cary
OklahomaCity OklahomaCity
SanFrancisco SanFrancisco
Warren Warren
MorenoValley MorenoValley
Sunnyvale Sunnyvale
Norman Norman
Rockford Rockford
Riverside Riverside
