Waco SanAntonio MorenoValley OverlandPark AnnArbor SaltLakeCity Rochester Oski Irving SantaClara ChulaVista Lincoln Detroit Lincoln Newark Lincoln Birmingham Palmdale FortCollins Victorville StPaul Victorville SanBernardino Stamford Cary Stamford Clarksville Palmdale FortWayne Palmdale LexingtonFa OWO AthensClarkeCounty SanFrancisco Richmond SanFrancisco AthensClarkeCounty OWO SterlingHeights Henderson Omaha KansasCity OverlandPark Waco
25
SanAntonio SanAntonio
MorenoValley MorenoValley
AnnArbor AnnArbor
SaltLakeCity SaltLakeCity
Rochester Rochester
Irving Irving
ChulaVista ChulaVista
Lincoln Lincoln
Detroit Detroit
Newark Newark
Palmdale Palmdale
FortCollins FortCollins
StPaul StPaul
SanBernardino SanBernardino
Stamford Stamford
Cary Cary
Clarksville Clarksville
FortWayne FortWayne
LexingtonFa LexingtonFa
OWO OWO
AthensClarkeCounty AthensClarkeCounty
SanFrancisco SanFrancisco
Richmond Richmond
SterlingHeights SterlingHeights
Omaha Omaha
