13 182 192 157 183 71 123 115 167 175 110 152 184 197 193 174 99 166 126 131 161 159 165 140 180 50 172 154 134 150 169 156 168 138 170 21 178 147 62 124 100 122 121 118 109 191 119 139 153 144 101 137 111 145 117 129 105 112 179 151 171 185 127 108 8 160 173 181 114 130 133 162 103 155 177 142 146 143 120 125 102 135 176 187 188 158 195 190 186 107 149 128 194 141 113 49 136 196 189 164 116 148 106 163 198 18 132 199 104 91 13
100
182 182
192 192
157 157
183 183
123 123
115 115
167 167
175 175
110 110
152 152
184 184
197 197
193 193
174 174
166 166
126 126
131 131
161 161
159 159
165 165
140 140
180 180
172 172
154 154
134 134
150 150
169 169
156 156
168 168
138 138
170 170
178 178
147 147
124 124
100 100
122 122
121 121
118 118
109 109
191 191
119 119
139 139
153 153
144 144
101 101
137 137
111 111
145 145
117 117
129 129
105 105
112 112
179 179
151 151
171 171
185 185
127 127
108 108
160 160
173 173
181 181
114 114
130 130
133 133
162 162
103 103
155 155
177 177
142 142
146 146
143 143
120 120
125 125
102 102
135 135
176 176
187 187
188 188
158 158
195 195
190 190
186 186
107 107
149 149
128 128
194 194
141 141
113 113
136 136
196 196
189 189
164 164
116 116
148 148
106 106
163 163
198 198
132 132
199 199
104 104
