wNqlpYNsRbJEgiGpKxrU lbWonvEbeplndKguSTkk qfRRtdRbhYJBARMfPlZM lbWonvEbeplndKguSTkk oZXYedlbtBLmkfoVmgta svUOWvTJLneAqJGnExpc eiLPqIroFfCGzqSAlzAp twwHXGyTBfZUDOGVnCzA FWnudSYFvYQJHehOpEKf fpoTaBKmVdlDCxFwCFoz FWnudSYFvYQJHehOpEKf ktVPibAaeaNHuNYSLNYb kwPuYZgJgVVJfdBGUtPw mgNeYYUOPKpLeiVEFIXd NtyLZDOaSczVvOGdocUp NYdfLxXxFVvLEbDKzXWn GOKcLUIfVCLsdfLjyASo kwPuYZgJgVVJfdBGUtPw FYfGkhtzhjqJHqxmUsVx zHPSSEtFTQIbLYMdHqgP HeWrJOKsDjgdrcamgZLN aGPbLNWYAMujnfHCTCMo kyApsCeFkLoLFCdkazaE ihxEqMQIIvyQmtrtMjeO aGPbLNWYAMujnfHCTCMo YTwycpmzEWCqqTELtzXc ANDviqMIuFwdcboQDprt juzxSpUVuccJUMBOcJjO CWozbDsqFUhTlbxWhCmh shugRMnaHVqQSmKaNBgu NJZlnWyeJFrkOwoqHKtT xgBrJmdXVwtxgRuCBhMe edlAtPQdNXJQPCIzpkyX IvXQutSorlqOgnSVAIUd oKAKfpUUuLItChLyByFh IvXQutSorlqOgnSVAIUd jUSlIFtitQxyvVLJjiCc XPPBMlNyfVVeZGIzTCEW jUSlIFtitQxyvVLJjiCc IvXQutSorlqOgnSVAIUd NPSPGRTNRcKKVpsBRSwh QyXpliHSeQOPIsurIcpa DpztIuGTRpGuLsdlODJw lSJjEsqamUCgRZdCmdyI XvUPApTFkqaSSizYsCIr GMxGouyyndiUBMqMdOoc joWAhkfNqIEECnBeulGl qoaNjvaRghiMQXaVEoQe kqcEdfKLaRzxOhAIzchh syonLisTOSczosCwoILE aIuYyryCOUGVeCAqbqkg syonLisTOSczosCwoILE zNRhhVdMWUgTnnqmAfeY syonLisTOSczosCwoILE CvZkdIYtdeDHtwufupie oHoxoLeyDYnKZDzgMtxI clwzkzJtguIMBwKiZUKh gqsFUfkkQrlyYYdSXwmt gFUGYXSirCYiFTivWNah gcXUxTVUZWsOwtRNeDDa imEmCMbYEtZJJkwxkSDD bEfUXCTlwRBndElSbPGf UIlSMnVKIdNiXZNSiHsI fgzJCwocQniGlXAZHJId cinQsEbBpQAHgGdjBxaK FaWIqatYRYVcXfVhAFRN ZauPfhkpsGmhbvkhkltR FaWIqatYRYVcXfVhAFRN XtZHoAxqEyzvMChzPHpN WMWBpOSnHGywZjCgaYyY PZwTcKCPsEmpxetNZvef MBJqOYmxhUYbldNVEdRy NzDQJknJPDEkcwCHzzbF EmbDgEECbkHbfAfHCgwB NzDQJknJPDEkcwCHzzbF pzrGQEObzJGPnfATEYDc hLaNXBYgTzgUhvjmqUTu MBJqOYmxhUYbldNVEdRy CbGuHgZfQMmSOfHDFJnK eCBFrcppbiLzdGQubocl SitzoubgYFeTjmkLjVPz wlySPverjehsBxldyigf vIbIQYXZnmYrooTLYNtu bFmSeBrfNuxjYPUDCLYq TEPaiCedHTXapLxoBXMp eCBFrcppbiLzdGQubocl ZwvojvRdUOYNJXIwAqgC uUKZHvHmBrpBHjYWNaUL wfEFdNDcColoskjTjcLm QePOUWiXcAUCoHETxuGS gDYKDrbERUXTnCayjBrC QePOUWiXcAUCoHETxuGS iVjkcMenotYGMFEBTvoa VIPPawblKbhOVWrmrWBx JVONrXhhmtFWhFfDiOXW scpUkbcaYSAsHhSktebT JvFxbsySBAiFiOUrzrBi wuSVWJYvpiWaQAHXocSG cMYyKTXGNKnFzrpwnXUl vTbNxpVTEoFlSjvvVvfG cMYyKTXGNKnFzrpwnXUl wuSVWJYvpiWaQAHXocSG cwgJAHVpCCTmuckJkncL lIpVoDPUIfHCPpjswogJ twwHXGyTBfZUDOGVnCzA NIJaJxCurulNUdZZMxFk erZKLqpCZsYKDnOCaBGq ccdJRKiTXwIErdhSIxfh erZKLqpCZsYKDnOCaBGq gFUGYXSirCYiFTivWNah ayQgUwyRuQVKeyFLPNbQ ZXihCBEQBTdisqSlEMsj CvZkdIYtdeDHtwufupie szyiMlKhtyOynWjcoMsm nreoVgWrBhNXFZgTBlXO nCedHqGgdWAicwyuYWpg VRpSthoDcomqMDsGoVql qoaNjvaRghiMQXaVEoQe QjbdwbUnopENkiNyqirZ DZEpVGVXkxHljziwItaS ADVVlRLpnspleRTgeTdu oDgfEuAVpeOlkkTIMDLw UIlSMnVKIdNiXZNSiHsI eobSFtKBbBdcVrTOREdK UIlSMnVKIdNiXZNSiHsI yscsUFTNNyaVMKBztBdV EhDFVLWZueLOrdjEOzEQ yscsUFTNNyaVMKBztBdV UIlSMnVKIdNiXZNSiHsI oDgfEuAVpeOlkkTIMDLw eCBFrcppbiLzdGQubocl xlbpuxAjoVPJWPCWBEkJ eOfnBeTgmYCNEnRUhlEK UdSbtwxTqTJxOiUoxEqw wvSJDoqoPGAkYgSuPFPw QeYNNLpZMBxyiFbZMPFY umZXKcxkweEplHZdotgU oLMkSrYLQRLHmPiuLCTC pMOSpTzPTPLXHLOQMjnt jznspKyqlmxZtgfQUJVB RlHeRhvUOhGhZVGGJuED SiOEBWtHUiopSvDVOkjb efZntVbfQTvIUOiRNPSH EEeDJaHeajXXlwYcHTeJ scpUkbcaYSAsHhSktebT shaRjZRSPDzVXmetmolj lbWonvEbeplndKguSTkk igyeOiSdezmmXGTwMzLw KcrnMnFDTrBKaUaGpdLY igyeOiSdezmmXGTwMzLw lbWonvEbeplndKguSTkk wNqlpYNsRbJEgiGpKxrU
100
lbWonvEbeplndKguSTkk lbWonvEbeplndKguSTkk
qfRRtdRbhYJBARMfPlZM qfRRtdRbhYJBARMfPlZM
oZXYedlbtBLmkfoVmgta oZXYedlbtBLmkfoVmgta
svUOWvTJLneAqJGnExpc svUOWvTJLneAqJGnExpc
eiLPqIroFfCGzqSAlzAp eiLPqIroFfCGzqSAlzAp
FWnudSYFvYQJHehOpEKf FWnudSYFvYQJHehOpEKf
fpoTaBKmVdlDCxFwCFoz fpoTaBKmVdlDCxFwCFoz
kwPuYZgJgVVJfdBGUtPw kwPuYZgJgVVJfdBGUtPw
mgNeYYUOPKpLeiVEFIXd mgNeYYUOPKpLeiVEFIXd
NtyLZDOaSczVvOGdocUp NtyLZDOaSczVvOGdocUp
NYdfLxXxFVvLEbDKzXWn NYdfLxXxFVvLEbDKzXWn
zHPSSEtFTQIbLYMdHqgP zHPSSEtFTQIbLYMdHqgP
HeWrJOKsDjgdrcamgZLN HeWrJOKsDjgdrcamgZLN
aGPbLNWYAMujnfHCTCMo aGPbLNWYAMujnfHCTCMo
kyApsCeFkLoLFCdkazaE kyApsCeFkLoLFCdkazaE
ihxEqMQIIvyQmtrtMjeO ihxEqMQIIvyQmtrtMjeO
YTwycpmzEWCqqTELtzXc YTwycpmzEWCqqTELtzXc
ANDviqMIuFwdcboQDprt ANDviqMIuFwdcboQDprt
juzxSpUVuccJUMBOcJjO juzxSpUVuccJUMBOcJjO
shugRMnaHVqQSmKaNBgu shugRMnaHVqQSmKaNBgu
NJZlnWyeJFrkOwoqHKtT NJZlnWyeJFrkOwoqHKtT
xgBrJmdXVwtxgRuCBhMe xgBrJmdXVwtxgRuCBhMe
edlAtPQdNXJQPCIzpkyX edlAtPQdNXJQPCIzpkyX
IvXQutSorlqOgnSVAIUd IvXQutSorlqOgnSVAIUd
oKAKfpUUuLItChLyByFh oKAKfpUUuLItChLyByFh
jUSlIFtitQxyvVLJjiCc jUSlIFtitQxyvVLJjiCc
XPPBMlNyfVVeZGIzTCEW XPPBMlNyfVVeZGIzTCEW
NPSPGRTNRcKKVpsBRSwh NPSPGRTNRcKKVpsBRSwh
QyXpliHSeQOPIsurIcpa QyXpliHSeQOPIsurIcpa
DpztIuGTRpGuLsdlODJw DpztIuGTRpGuLsdlODJw
lSJjEsqamUCgRZdCmdyI lSJjEsqamUCgRZdCmdyI
XvUPApTFkqaSSizYsCIr XvUPApTFkqaSSizYsCIr
GMxGouyyndiUBMqMdOoc GMxGouyyndiUBMqMdOoc
joWAhkfNqIEECnBeulGl joWAhkfNqIEECnBeulGl
kqcEdfKLaRzxOhAIzchh kqcEdfKLaRzxOhAIzchh
syonLisTOSczosCwoILE syonLisTOSczosCwoILE
aIuYyryCOUGVeCAqbqkg aIuYyryCOUGVeCAqbqkg
zNRhhVdMWUgTnnqmAfeY zNRhhVdMWUgTnnqmAfeY
CvZkdIYtdeDHtwufupie CvZkdIYtdeDHtwufupie
oHoxoLeyDYnKZDzgMtxI oHoxoLeyDYnKZDzgMtxI
gcXUxTVUZWsOwtRNeDDa gcXUxTVUZWsOwtRNeDDa
imEmCMbYEtZJJkwxkSDD imEmCMbYEtZJJkwxkSDD
bEfUXCTlwRBndElSbPGf bEfUXCTlwRBndElSbPGf
UIlSMnVKIdNiXZNSiHsI UIlSMnVKIdNiXZNSiHsI
fgzJCwocQniGlXAZHJId fgzJCwocQniGlXAZHJId
ZauPfhkpsGmhbvkhkltR ZauPfhkpsGmhbvkhkltR
XtZHoAxqEyzvMChzPHpN XtZHoAxqEyzvMChzPHpN
WMWBpOSnHGywZjCgaYyY WMWBpOSnHGywZjCgaYyY
PZwTcKCPsEmpxetNZvef PZwTcKCPsEmpxetNZvef
MBJqOYmxhUYbldNVEdRy MBJqOYmxhUYbldNVEdRy
NzDQJknJPDEkcwCHzzbF NzDQJknJPDEkcwCHzzbF
EmbDgEECbkHbfAfHCgwB EmbDgEECbkHbfAfHCgwB
pzrGQEObzJGPnfATEYDc pzrGQEObzJGPnfATEYDc
hLaNXBYgTzgUhvjmqUTu hLaNXBYgTzgUhvjmqUTu
CbGuHgZfQMmSOfHDFJnK CbGuHgZfQMmSOfHDFJnK
SitzoubgYFeTjmkLjVPz SitzoubgYFeTjmkLjVPz
wlySPverjehsBxldyigf wlySPverjehsBxldyigf
vIbIQYXZnmYrooTLYNtu vIbIQYXZnmYrooTLYNtu
bFmSeBrfNuxjYPUDCLYq bFmSeBrfNuxjYPUDCLYq
TEPaiCedHTXapLxoBXMp TEPaiCedHTXapLxoBXMp
ZwvojvRdUOYNJXIwAqgC ZwvojvRdUOYNJXIwAqgC
wfEFdNDcColoskjTjcLm wfEFdNDcColoskjTjcLm
QePOUWiXcAUCoHETxuGS QePOUWiXcAUCoHETxuGS
gDYKDrbERUXTnCayjBrC gDYKDrbERUXTnCayjBrC
VIPPawblKbhOVWrmrWBx VIPPawblKbhOVWrmrWBx
JVONrXhhmtFWhFfDiOXW JVONrXhhmtFWhFfDiOXW
scpUkbcaYSAsHhSktebT scpUkbcaYSAsHhSktebT
JvFxbsySBAiFiOUrzrBi JvFxbsySBAiFiOUrzrBi
wuSVWJYvpiWaQAHXocSG wuSVWJYvpiWaQAHXocSG
cMYyKTXGNKnFzrpwnXUl cMYyKTXGNKnFzrpwnXUl
vTbNxpVTEoFlSjvvVvfG vTbNxpVTEoFlSjvvVvfG
cwgJAHVpCCTmuckJkncL cwgJAHVpCCTmuckJkncL
NIJaJxCurulNUdZZMxFk NIJaJxCurulNUdZZMxFk
erZKLqpCZsYKDnOCaBGq erZKLqpCZsYKDnOCaBGq
ccdJRKiTXwIErdhSIxfh ccdJRKiTXwIErdhSIxfh
ayQgUwyRuQVKeyFLPNbQ ayQgUwyRuQVKeyFLPNbQ
ZXihCBEQBTdisqSlEMsj ZXihCBEQBTdisqSlEMsj
szyiMlKhtyOynWjcoMsm szyiMlKhtyOynWjcoMsm
nreoVgWrBhNXFZgTBlXO nreoVgWrBhNXFZgTBlXO
nCedHqGgdWAicwyuYWpg nCedHqGgdWAicwyuYWpg
VRpSthoDcomqMDsGoVql VRpSthoDcomqMDsGoVql
QjbdwbUnopENkiNyqirZ QjbdwbUnopENkiNyqirZ
DZEpVGVXkxHljziwItaS DZEpVGVXkxHljziwItaS
ADVVlRLpnspleRTgeTdu ADVVlRLpnspleRTgeTdu
eobSFtKBbBdcVrTOREdK eobSFtKBbBdcVrTOREdK
yscsUFTNNyaVMKBztBdV yscsUFTNNyaVMKBztBdV
EhDFVLWZueLOrdjEOzEQ EhDFVLWZueLOrdjEOzEQ
xlbpuxAjoVPJWPCWBEkJ xlbpuxAjoVPJWPCWBEkJ
eOfnBeTgmYCNEnRUhlEK eOfnBeTgmYCNEnRUhlEK
UdSbtwxTqTJxOiUoxEqw UdSbtwxTqTJxOiUoxEqw
wvSJDoqoPGAkYgSuPFPw wvSJDoqoPGAkYgSuPFPw
QeYNNLpZMBxyiFbZMPFY QeYNNLpZMBxyiFbZMPFY
oLMkSrYLQRLHmPiuLCTC oLMkSrYLQRLHmPiuLCTC
pMOSpTzPTPLXHLOQMjnt pMOSpTzPTPLXHLOQMjnt
jznspKyqlmxZtgfQUJVB jznspKyqlmxZtgfQUJVB
RlHeRhvUOhGhZVGGJuED RlHeRhvUOhGhZVGGJuED
efZntVbfQTvIUOiRNPSH efZntVbfQTvIUOiRNPSH
EEeDJaHeajXXlwYcHTeJ EEeDJaHeajXXlwYcHTeJ
igyeOiSdezmmXGTwMzLw igyeOiSdezmmXGTwMzLw
KcrnMnFDTrBKaUaGpdLY KcrnMnFDTrBKaUaGpdLY
