oUyBZvEHNPOWtAsHANHU ikjgYLaZRolSrbIYyKBd CXrruomvXfADUrHxMwZi ikjgYLaZRolSrbIYyKBd NBTlGJqSnWahMvuDlXAm hpQFeVriPZmwKZcYFAWN PojKKQvEDmFOnJinujFi DsLevMWgWFWOQXFMbaQy gUlgGYCPZjsRiFLqnVun JGmrlhNqKarRJZMikIzR fDAbzsYfiXDxOIsITcQl NVPacTSrBMpDkMBotiWB fDAbzsYfiXDxOIsITcQl IuNNJvHSmYKpVBzmzuJX znYRMYifzQwyixuIXDnz IuNNJvHSmYKpVBzmzuJX rqqedkokePZFdhDbMNpX IUJDEWwYxhQimsCqnrFH rqqedkokePZFdhDbMNpX CcspnGXfrmzZRWjdMjLd oMKDNkBacLxexXKHqXfF CcspnGXfrmzZRWjdMjLd XZRBuctXhYPbWardFSZS QMnEKXGwZYUlreveNjwA UgaWwXBplvlUJzfeuZdN eqwycKZriorIAbsUBjxu WNtREfXrntZpJjBWrnBQ CCYBPFZgoOONzoEeTKzC MeohNnftDTzllMTGwxnG eqwycKZriorIAbsUBjxu VVzvLIOwARaWwhQTKPrx OWCblOtQanZakRLMqMxz eWVKeYegIFOJxvfRkjek QFaSXENOfunmdZIBqDsS UMfDYlvFlUVuogMRkWNG lPMfQyVLDIZczBuDgsVQ UMfDYlvFlUVuogMRkWNG QFaSXENOfunmdZIBqDsS JKNUHFrXPStBWMuUOVkj tItiZloipgPmLuONrNnZ cAvnOxZJtanpVvcAxJHM tItiZloipgPmLuONrNnZ eqwycKZriorIAbsUBjxu hNRcEeFjmsmOnuOdNAXl eWGFHgdBASXJbxQbYrCG oUyBZvEHNPOWtAsHANHU
25
oUyBZvEHNPOWtAsHANHU oUyBZvEHNPOWtAsHANHU
CXrruomvXfADUrHxMwZi CXrruomvXfADUrHxMwZi
NBTlGJqSnWahMvuDlXAm NBTlGJqSnWahMvuDlXAm
hpQFeVriPZmwKZcYFAWN hpQFeVriPZmwKZcYFAWN
PojKKQvEDmFOnJinujFi PojKKQvEDmFOnJinujFi
gUlgGYCPZjsRiFLqnVun gUlgGYCPZjsRiFLqnVun
NVPacTSrBMpDkMBotiWB NVPacTSrBMpDkMBotiWB
IuNNJvHSmYKpVBzmzuJX IuNNJvHSmYKpVBzmzuJX
znYRMYifzQwyixuIXDnz znYRMYifzQwyixuIXDnz
IUJDEWwYxhQimsCqnrFH IUJDEWwYxhQimsCqnrFH
CcspnGXfrmzZRWjdMjLd CcspnGXfrmzZRWjdMjLd
oMKDNkBacLxexXKHqXfF oMKDNkBacLxexXKHqXfF
QMnEKXGwZYUlreveNjwA QMnEKXGwZYUlreveNjwA
eqwycKZriorIAbsUBjxu eqwycKZriorIAbsUBjxu
CCYBPFZgoOONzoEeTKzC CCYBPFZgoOONzoEeTKzC
MeohNnftDTzllMTGwxnG MeohNnftDTzllMTGwxnG
VVzvLIOwARaWwhQTKPrx VVzvLIOwARaWwhQTKPrx
OWCblOtQanZakRLMqMxz OWCblOtQanZakRLMqMxz
eWVKeYegIFOJxvfRkjek eWVKeYegIFOJxvfRkjek
UMfDYlvFlUVuogMRkWNG UMfDYlvFlUVuogMRkWNG
lPMfQyVLDIZczBuDgsVQ lPMfQyVLDIZczBuDgsVQ
JKNUHFrXPStBWMuUOVkj JKNUHFrXPStBWMuUOVkj
cAvnOxZJtanpVvcAxJHM cAvnOxZJtanpVvcAxJHM
hNRcEeFjmsmOnuOdNAXl hNRcEeFjmsmOnuOdNAXl
eWGFHgdBASXJbxQbYrCG eWGFHgdBASXJbxQbYrCG
