0 44 60 58 52 87 9 32 42 17 28 47 61 35 70 37 16 71 53 144 30 2 185 80 41 45 5 18 33 50 8 43 59 13 74 69 23 6 14 4 86 19 36 132 26 81 64 11 34 68 88 92 102 29 72 66 39 139 40 24 83 49 22 21 89 77 82 31 65 99 76 12 63 51 78 10 57 85 73 100 79 118 55 90 84 38 67 54 56 96 91 166 25 46 7 1 48 105 98 3 97 27 62 95 15 94 75 20 93 0
100
44 44
60 60
58 58
52 52
87 87
9 9
32 32
42 42
17 17
28 28
47 47
61 61
35 35
70 70
37 37
16 16
71 71
53 53
30 30
2 2
80 80
41 41
45 45
5 5
18 18
33 33
50 50
8 8
43 43
59 59
13 13
74 74
69 69
23 23
6 6
14 14
4 4
86 86
19 19
36 36
26 26
81 81
64 64
11 11
34 34
68 68
88 88
92 92
29 29
72 72
66 66
39 39
40 40
24 24
83 83
49 49
22 22
21 21
89 89
77 77
82 82
31 31
65 65
99 99
76 76
12 12
63 63
51 51
78 78
10 10
57 57
85 85
73 73
100 100
79 79
55 55
90 90
84 84
38 38
67 67
54 54
56 56
96 96
91 91
25 25
46 46
7 7
1 1
48 48
98 98
3 3
97 97
27 27
62 62
95 95
15 15
94 94
75 75
20 20
93 93
