Jingzhou Lysva Malnate Jeypore Entroncamento Srinagar Kirovsk Sapele Ermelo Kheri Carouge Colachel Ibri Chittaranjan BurgbeiMagdeburg Shively Rangae SaintMichael MelitodiNapoli BeneBeraq Gangtok Rembangan Thamaga Tottori Thamaga Bejucal Ronse AzZuwaytinah RioFormoso AzZuwaytinah Khabarovsk Chegem Khabarovsk Crespo Carmichael Huauchinango Sagalo CoonRapids Tabatinga Kabarnet Sanaa Sarzedo Sanaa JabalosSaraj Jinotega LondonderryCountyBor TanahMerah FortLauderdale Depok Carouge Carmichael elCampello Shumen Shizunaifurukawacho Veenendaal Ouarzazat Ketrzyn SanJosedeOcoa Khangarh Radnor Veenendaal Ghugus Manduria Ghugus Jingzhou
50
Lysva Lysva
Malnate Malnate
Jeypore Jeypore
Entroncamento Entroncamento
Srinagar Srinagar
Kirovsk Kirovsk
Ermelo Ermelo
Kheri Kheri
Carouge Carouge
Colachel Colachel
Ibri Ibri
Chittaranjan Chittaranjan
BurgbeiMagdeburg BurgbeiMagdeburg
Shively Shively
Rangae Rangae
SaintMichael SaintMichael
BeneBeraq BeneBeraq
Gangtok Gangtok
Rembangan Rembangan
Thamaga Thamaga
Tottori Tottori
Bejucal Bejucal
Ronse Ronse
AzZuwaytinah AzZuwaytinah
RioFormoso RioFormoso
Khabarovsk Khabarovsk
Chegem Chegem
Crespo Crespo
Carmichael Carmichael
Sagalo Sagalo
CoonRapids CoonRapids
Tabatinga Tabatinga
Kabarnet Kabarnet
Sanaa Sanaa
Sarzedo Sarzedo
JabalosSaraj JabalosSaraj
LondonderryCountyBor LondonderryCountyBor
TanahMerah TanahMerah
FortLauderdale FortLauderdale
Depok Depok
elCampello elCampello
Shumen Shumen
Shizunaifurukawacho Shizunaifurukawacho
Veenendaal Veenendaal
Ouarzazat Ouarzazat
Ketrzyn Ketrzyn
SanJosedeOcoa SanJosedeOcoa
Radnor Radnor
Ghugus Ghugus
Manduria Manduria
