LesLilas AinBessem Mondlo Kineshma SpanishTown Lloydminster Khulm Anjarah Khulm Haripur Pozzuoli Escada Sorada Oerlinghausen Belalcazar Pezinok Angleton SantanadoLivramento CapimGrosso Turek PriegodeCordoba Bury Braila Morwa Ortaca Itororo Shchekino Espiye Shchekino AshtonunderLyne MineralnyeVody TagbilaranCity Arzamas Hirosaki Kotka BlueIsland ChalcodeDiazCovarrub Kambove MonteAlegre Kambove Prostejov Skelmersdale Tabou Winnipeg Vaniyambadi Hangu Mabopane Rhondda Johnston Kairouan Johnston Wenchi Johnston Sobue Garbsen FetestiGara PortoVelho Kondrovo Kaifeng Butuan Wachtberg WestIslip Embu Battambang AinArnat Mondlo Korsakov Shobara MadinatHamad BlueIsland UlanBator Vyazniki Skelmersdale FortWorth Langenhorn Acireale Ontinyent Acireale Baramula Fuxin Nagar Shimofurano Malpe Shieli Yafo Shieli Malpe KotRadhaKishan Izhevsk KotRadhaKishan HaciendaLaCalera Sosnovka Daokou Hangu Gowurdak Shurugwi Manacapuru Chelles Wangon Magdeburg Haora SaintCyrlEcole NahiyatashShinafiyah Gorgan EastLongmeadow Mocoa Akcaabat Acarau SenadorPompeu Protaras NorthAurora VillaPauladeSarmient NorthAurora Rivas Twante SenaMadureira Sasovo NoblePark SanJuandelaMaguana Andrychow GuaMusang Andrychow SanJuandelaMaguana Gunzenhausen SouthSaintPaul Ibirataia SouthSaintPaul Kemise Aracuai Zhaodong Aracuai AinBessem LesLilas
100
AinBessem AinBessem
Kineshma Kineshma
SpanishTown SpanishTown
Lloydminster Lloydminster
Khulm Khulm
Anjarah Anjarah
Haripur Haripur
Pozzuoli Pozzuoli
Escada Escada
Sorada Sorada
Oerlinghausen Oerlinghausen
Belalcazar Belalcazar
Pezinok Pezinok
Angleton Angleton
SantanadoLivramento SantanadoLivramento
CapimGrosso CapimGrosso
Turek Turek
PriegodeCordoba PriegodeCordoba
Bury Bury
Braila Braila
Morwa Morwa
Ortaca Ortaca
Itororo Itororo
Shchekino Shchekino
Espiye Espiye
AshtonunderLyne AshtonunderLyne
MineralnyeVody MineralnyeVody
TagbilaranCity TagbilaranCity
Arzamas Arzamas
Hirosaki Hirosaki
Kotka Kotka
BlueIsland BlueIsland
ChalcodeDiazCovarrub ChalcodeDiazCovarrub
Kambove Kambove
MonteAlegre MonteAlegre
Prostejov Prostejov
Skelmersdale Skelmersdale
Tabou Tabou
Vaniyambadi Vaniyambadi
Hangu Hangu
Mabopane Mabopane
Rhondda Rhondda
Johnston Johnston
Kairouan Kairouan
Wenchi Wenchi
Sobue Sobue
Garbsen Garbsen
FetestiGara FetestiGara
PortoVelho PortoVelho
Kaifeng Kaifeng
Butuan Butuan
WestIslip WestIslip
Embu Embu
Battambang Battambang
AinArnat AinArnat
Korsakov Korsakov
MadinatHamad MadinatHamad
Vyazniki Vyazniki
FortWorth FortWorth
Langenhorn Langenhorn
Acireale Acireale
Ontinyent Ontinyent
Baramula Baramula
Fuxin Fuxin
Nagar Nagar
Shimofurano Shimofurano
Shieli Shieli
Yafo Yafo
KotRadhaKishan KotRadhaKishan
Izhevsk Izhevsk
HaciendaLaCalera HaciendaLaCalera
Sosnovka Sosnovka
Daokou Daokou
Gowurdak Gowurdak
Shurugwi Shurugwi
Manacapuru Manacapuru
Wangon Wangon
Haora Haora
SaintCyrlEcole SaintCyrlEcole
NahiyatashShinafiyah NahiyatashShinafiyah
Gorgan Gorgan
EastLongmeadow EastLongmeadow
Mocoa Mocoa
Akcaabat Akcaabat
Acarau Acarau
SenadorPompeu SenadorPompeu
VillaPauladeSarmient VillaPauladeSarmient
Rivas Rivas
Twante Twante
SenaMadureira SenaMadureira
NoblePark NoblePark
SanJuandelaMaguana SanJuandelaMaguana
Andrychow Andrychow
GuaMusang GuaMusang
Gunzenhausen Gunzenhausen
SouthSaintPaul SouthSaintPaul
Ibirataia Ibirataia
Kemise Kemise
Aracuai Aracuai
Zhaodong Zhaodong
