lyenDXSN wKxe hU 4c BR s KtvQaJqCJTRpXM8ZI vJxAK1LaHyuu4yFNeul NgQY7 m CmV 7Q zI 7Q L 61 fzp vAIBd1Ae A67f S8DQEZtWlk6ka46PO hVfqebryM4wN f9euNCVEF2WwHc0CWSy5 nqeGwct f l hjCFXN9kbqn0UCNsZ G50hiUpVStHCMrd ZDtYWltAxD3Y HwQeXpOEZHQ3s K0A9bbVLm9atwTf uy3ouNIxumu7jEuoP1 MBLHuIgjJIXs uy3ouNIxumu7jEuoP1 2AR73oQdnbYqnDCGMFS EJDqk Plmj0j VqPxGiIZmFgz8XR frNA534JEvY4f nWkakNi6Qt9d4g o3refHnx4qioqHztqMYE 8LlDxR2Epx2J VNvsbB7eWJcAK0fU C8PRtY0wMczFLQQYxa zzYmU5YFhvp1 2FvJIR5cRPGGLqP jvdVvQ 1ds7sqHhanMKkMy M1PxrOPSNUVpc akZmiQ7tmX llx2p lt1a5E0H JyObTOXbOI cYPTdnJWL wcmx8dhmsO GPeb ImSpax cHKeh1 6DVIvuGfPs2BU Mu 6yeW7sat9rvd wBJRoqVxn1t lyenDXSN
40
hU hU
BR BR
KtvQaJqCJTRpXM8ZI KtvQaJqCJTRpXM8ZI
vJxAK1LaHyuu4yFNeul vJxAK1LaHyuu4yFNeul
CmV CmV
7Q 7Q
zI zI
L L
61 61
vAIBd1Ae vAIBd1Ae
A67f A67f
hVfqebryM4wN hVfqebryM4wN
nqeGwct nqeGwct
f f
l l
hjCFXN9kbqn0UCNsZ hjCFXN9kbqn0UCNsZ
G50hiUpVStHCMrd G50hiUpVStHCMrd
HwQeXpOEZHQ3s HwQeXpOEZHQ3s
K0A9bbVLm9atwTf K0A9bbVLm9atwTf
MBLHuIgjJIXs MBLHuIgjJIXs
2AR73oQdnbYqnDCGMFS 2AR73oQdnbYqnDCGMFS
Plmj0j Plmj0j
frNA534JEvY4f frNA534JEvY4f
nWkakNi6Qt9d4g nWkakNi6Qt9d4g
o3refHnx4qioqHztqMYE o3refHnx4qioqHztqMYE
VNvsbB7eWJcAK0fU VNvsbB7eWJcAK0fU
zzYmU5YFhvp1 zzYmU5YFhvp1
jvdVvQ jvdVvQ
M1PxrOPSNUVpc M1PxrOPSNUVpc
akZmiQ7tmX akZmiQ7tmX
llx2p llx2p
lt1a5E0H lt1a5E0H
cYPTdnJWL cYPTdnJWL
wcmx8dhmsO wcmx8dhmsO
GPeb GPeb
ImSpax ImSpax
6DVIvuGfPs2BU 6DVIvuGfPs2BU
Mu Mu
6yeW7sat9rvd 6yeW7sat9rvd
wBJRoqVxn1t wBJRoqVxn1t
