0 187 22 21 188 19 7 183 148 20 10 14 32 35 64 52 163 25 39 40 121 116 0 43 48 196 100 97 125 190 171 30 81 23 5 195 88 0 71 68 70 1 58 77 6 160 126 107 37 38 55 169 59 3 78 166 5 56 119 83 84 86 168 174 176 185 144 53 146 151 159 42 51 60 2 65 76 62 175 182 93 26 8 162 191 66 67 72 1 41 96 102 103 173 85 105 109 110 114 115 172 113 57 104 132 134 24 0
100
0 0
187 187
22 22
21 21
188 188
19 19
183 183
148 148
20 20
10 10
14 14
32 32
35 35
64 64
52 52
163 163
25 25
39 39
40 40
121 121
116 116
43 43
48 48
196 196
100 100
97 97
125 125
190 190
171 171
30 30
81 81
23 23
5 5
195 195
88 88
71 71
68 68
70 70
58 58
77 77
6 6
160 160
126 126
107 107
37 37
38 38
55 55
169 169
59 59
3 3
78 78
166 166
56 56
119 119
83 83
84 84
86 86
168 168
174 174
176 176
185 185
144 144
53 53
146 146
151 151
159 159
42 42
51 51
60 60
65 65
76 76
62 62
175 175
182 182
93 93
26 26
8 8
162 162
191 191
66 66
67 67
72 72
41 41
96 96
102 102
103 103
173 173
85 85
105 105
109 109
110 110
114 114
115 115
172 172
113 113
57 57
104 104
132 132
134 134
24 24
