0 68 18 136 18 160 18 147 18 157 18 139 18 155 18 140 18 20 166 20 198 20 199 176 197 165 171 132 18 164 18 141 18 161 18 163 18 152 18 148 137 133 144 193 173 145 156 130 194 158 138 134 175 143 183 191 196 185 150 153 177 146 151 142 168 179 135 154 159 186 162 131 149 174 188 20 172 20 180 20 184 20 190 20 178 20 182 20 192 20 181 20 195 20 187 20 169 20 189 20 170 20 167 20 68 0
70
136 136
160 160
147 147
157 157
139 139
155 155
140 140
166 166
198 198
199 199
176 176
197 197
165 165
171 171
132 132
164 164
141 141
161 161
163 163
152 152
148 148
137 137
133 133
144 144
193 193
173 173
145 145
156 156
130 130
194 194
158 158
138 138
134 134
175 175
143 143
183 183
191 191
196 196
185 185
150 150
153 153
177 177
146 146
151 151
142 142
168 168
179 179
135 135
154 154
159 159
186 186
162 162
131 131
149 149
174 174
188 188
172 172
180 180
184 184
190 190
178 178
182 182
192 192
181 181
195 195
187 187
169 169
189 189
170 170
167 167
