2 76 161 29 161 76 27 131 17 199 16 11 139 14 35 63 36 141 36 88 109 75 57 75 115 110 175 87 124 123 124 59 130 106 6 7 151 99 105 10 39 95 15 95 196 171 183 71 195 55 19 55 195 113 69 135 197 164 41 43 97 33 101 61 23 77 187 28 13 147 1 51 1 153 26 165 181 67 181 169 140 91 140 65 31 93 66 189 45 121 53 121 166 37 174 148 149 72 125 72 81 72 4 127 142 143 142 193 177 89 137 78 159 25 173 25 185 3 47 107 47 5 155 154 129 154 133 111 46 83 21 167 21 157 79 52 163 58 42 103 145 85 191 82 117 38 34 119 73 49 179 9 2
100
161 161
29 29
27 27
131 131
17 17
199 199
11 11
139 139
35 35
63 63
141 141
109 109
75 75
57 57
115 115
175 175
87 87
123 123
59 59
7 7
151 151
99 99
105 105
39 39
95 95
15 15
171 171
183 183
71 71
195 195
55 55
19 19
113 113
69 69
135 135
197 197
41 41
43 43
97 97
33 33
101 101
61 61
23 23
77 77
187 187
13 13
147 147
1 1
51 51
153 153
165 165
181 181
67 67
169 169
91 91
65 65
31 31
93 93
189 189
45 45
121 121
53 53
37 37
149 149
125 125
81 81
127 127
143 143
193 193
177 177
89 89
137 137
159 159
25 25
173 173
185 185
3 3
47 47
107 107
5 5
155 155
129 129
133 133
111 111
83 83
21 21
167 167
157 157
79 79
163 163
103 103
145 145
85 85
191 191
117 117
119 119
73 73
49 49
179 179
9 9
