0 49 50 46 48 47 46 52 51 54 51 57 56 61 63 62 61 67 68 66 72 71 76 78 76 79 80 76 81 83 82 81 86 89 86 91 92 93 91 94 95 91 86 88 86 81 84 81 76 71 73 72 66 70 66 67 61 64 65 61 56 58 57 51 53 52 46 41 45 44 41 43 42 41 36 39 40 36 38 36 31 34 31 33 32 26 27 28 26 21 25 21 23 22 16 17 18 16 19 20 16 11 15 11 6 9 6 1 4 1 3 1 0
50
49 49
50 50
48 48
47 47
54 54
57 57
63 63
62 62
67 67
68 68
72 72
78 78
79 79
80 80
83 83
82 82
89 89
92 92
93 93
94 94
95 95
88 88
84 84
73 73
70 70
64 64
65 65
58 58
53 53
45 45
44 44
43 43
42 42
39 39
40 40
38 38
34 34
33 33
27 27
28 28
25 25
23 23
17 17
18 18
19 19
20 20
15 15
9 9
4 4
3 3
