0 1 3 1 6 11 14 11 13 12 11 16 19 16 21 22 21 26 27 26 32 31 37 38 36 42 41 44 41 46 47 48 46 51 57 58 56 61 64 65 61 66 71 73 72 71 76 80 79 76 78 76 81 84 81 82 83 81 87 86 92 93 91 96 97 98 96 100 99 96 101 106 108 107 106 109 106 112 111 114 111 116 121 122 121 127 126 131 135 131 136 139 140 136 141 145 144 141 146 151 153 152 151 156 162 163 161 165 164 161 162 156 159 156 151 155 151 146 149 146 141 143 142 141 136 138 137 136 131 126 130 129 126 128 127 121 116 118 116 111 113 112 106 101 102 103 101 104 105 101 96 91 95 94 91 92 86 90 86 87 81 76 71 75 74 71 66 70 66 68 66 61 63 62 61 56 59 60 56 57 51 53 52 51 46 41 42 36 39 36 37 31 35 34 31 33 32 26 29 30 26 21 24 25 21 16 17 16 11 6 7 6 1 0 198 197 196 191 195 191 192 186 181 176 171 166 169 170 166 171 173 171 176 179 180 176 181 183 181 186 187 186 181 185 184 181 186 189 186 192 193 191 196 197 198 0
100
3 3
14 14
13 13
12 12
19 19
22 22
27 27
32 32
38 38
42 42
44 44
47 47
48 48
58 58
64 64
65 65
73 73
72 72
80 80
79 79
78 78
84 84
82 82
83 83
87 87
93 93
97 97
98 98
100 100
99 99
108 108
107 107
109 109
112 112
114 114
122 122
127 127
135 135
139 139
140 140
145 145
144 144
153 153
152 152
162 162
163 163
165 165
164 164
159 159
155 155
149 149
143 143
142 142
138 138
137 137
130 130
129 129
128 128
118 118
113 113
102 102
103 103
104 104
105 105
95 95
94 94
90 90
75 75
74 74
70 70
68 68
63 63
62 62
59 59
60 60
53 53
52 52
39 39
35 35
34 34
33 33
29 29
30 30
24 24
25 25
17 17
7 7
195 195
192 192
169 169
170 170
173 173
179 179
180 180
183 183
187 187
185 185
184 184
189 189
193 193
