Acton Carlsbad Bellflower Bolinas Angwin Atascadero Bonsall Atascadero Antioch Carson Bishop Clearlake Cobb Clearlake Ashland Alhambra Belden Arcata Clayton Alhambra Burlingame Alhambra Brawley Biggs Folsom Caribou Eureka Concow Fremont Fruitdale Byron Fruitdale Escondido Atwater Escondido Albany Bayview Dinuba Banning Alamo Avalon Columbia Alpine Fontana Canyondam Encinitas Armona Danville Blythe Arbuckle Biola Brentwood Calabasas Beaumont Benicia Alpaugh Bell Alpaugh Escalon Calipatria Crockett Campbell Coachella Freedom Carmichael Duarte Burney Bakersfield Bradbury Adelanto Colusa Coronado Boron Cotati August Castroville August Fresno Banning Fresno August Cotati Bodfish Cartago Covelo Farmersville Carpinteria Columbia Alpine Columbia Fortuna Calwa Anaheim Calistoga Anaheim Brisbane Belmont Arcadia Burbank Camarillo Burbank Arcadia Belvedere Bonita Fallbrook Artesia Fallbrook Carson Bloomington Cupertino Auberry Corona Aptos Cerritos Anderson Calexico Florin Alturas Florin Calexico Blairsden Atherton Blairsden Calexico Anderson Cerritos Bluewater Cerritos Broadmoor Amesti Cabazon Cobb Barstow Capitola Avery Chowchilla Avenal Chowchilla Avery Capitola Bradley Caruthers Bradley Arnold Bradley Capitola Barstow Calimesa Davis Aromas Bootjack Cloverdale Altadena Cloverdale Bootjack Aromas Bystrom Buttonwillow Bowles Buttonwillow Boronda Beckwourth Azusa Brea Bishop Arvin Cayucos Cambria Alhambra Cambria Almanor Farmersville Ceres Auburn Berkeley Alameda Carrick Concow Carlsbad Acton
100
Carlsbad Carlsbad
Bellflower Bellflower
Bolinas Bolinas
Angwin Angwin
Atascadero Atascadero
Bonsall Bonsall
Antioch Antioch
Carson Carson
Bishop Bishop
Ashland Ashland
Alhambra Alhambra
Belden Belden
Arcata Arcata
Burlingame Burlingame
Brawley Brawley
Biggs Biggs
Caribou Caribou
Byron Byron
Atwater Atwater
Albany Albany
Bayview Bayview
Banning Banning
Alamo Alamo
Avalon Avalon
Alpine Alpine
Canyondam Canyondam
Armona Armona
Blythe Blythe
Arbuckle Arbuckle
Biola Biola
Brentwood Brentwood
Calabasas Calabasas
Beaumont Beaumont
Benicia Benicia
Alpaugh Alpaugh
Bell Bell
Calipatria Calipatria
Campbell Campbell
Carmichael Carmichael
Burney Burney
Bakersfield Bakersfield
Bradbury Bradbury
Adelanto Adelanto
Boron Boron
August August
Castroville Castroville
Bodfish Bodfish
Cartago Cartago
Carpinteria Carpinteria
Calwa Calwa
Anaheim Anaheim
Calistoga Calistoga
Brisbane Brisbane
Belmont Belmont
Arcadia Arcadia
Burbank Burbank
Camarillo Camarillo
Belvedere Belvedere
Bonita Bonita
Artesia Artesia
Bloomington Bloomington
Auberry Auberry
Aptos Aptos
Cerritos Cerritos
Anderson Anderson
Calexico Calexico
Alturas Alturas
Blairsden Blairsden
Atherton Atherton
Bluewater Bluewater
Broadmoor Broadmoor
Amesti Amesti
Cabazon Cabazon
Barstow Barstow
Capitola Capitola
Avery Avery
Avenal Avenal
Bradley Bradley
Caruthers Caruthers
Arnold Arnold
Calimesa Calimesa
Aromas Aromas
Bootjack Bootjack
Altadena Altadena
Bystrom Bystrom
Buttonwillow Buttonwillow
Bowles Bowles
Boronda Boronda
Beckwourth Beckwourth
Azusa Azusa
Brea Brea
Arvin Arvin
Cayucos Cayucos
Cambria Cambria
Almanor Almanor
Ceres Ceres
Auburn Auburn
Berkeley Berkeley
Alameda Alameda
Carrick Carrick
