Acadia Capitol Acadia Biscayne Cuyahoga Channel Indiana Haleakala Shenandoah Clark Cuyahoga Congaree Everglades Caverns Rocky Biscayne Acadia Guadalupe Isle Teton Gateway Saguaro Voyageurs Smoky Voyageurs Bend Yosemite Denali Yosemite Kings Arches Olympic Crater Badlands Basin Gunnison Glacier Brycecanyon Canyonlands Cascades Acadia Tortugas Acadia
25
Capitol Capitol
Biscayne Biscayne
Cuyahoga Cuyahoga
Channel Channel
Indiana Indiana
Haleakala Haleakala
Congaree Congaree
Everglades Everglades
Caverns Caverns
Guadalupe Guadalupe
Isle Isle
Teton Teton
Gateway Gateway
Smoky Smoky
Bend Bend
Denali Denali
Arches Arches
Crater Crater
Badlands Badlands
Basin Basin
Gunnison Gunnison
Glacier Glacier
Brycecanyon Brycecanyon
Canyonlands Canyonlands
Tortugas Tortugas
