6 4 6 13 12 9 12 13 20 27 26 24 26 27 34 41 48 46 48 55 62 60 56 60 62 61 59 61 62 55 54 52 54 55 53 49 53 55 48 47 44 47 48 41 39 35 39 41 34 32 29 32 34 33 31 33 34 27 25 21 25 27 20 18 15 18 14 18 20 13 11 8 11 13 6 97 96 94 96 97 90 88 84 88 90 83 81 78 81 83 82 79 82 83 76 75 73 75 76 74 71 74 76 69 68 65 68 69 67 63 67 69 76 83 90 97 95 92 95 97 6 5 2 5 6
42
6 6
4 4
9 9
24 24
34 34
41 41
48 48
46 46
60 60
56 56
59 59
54 54
52 52
49 49
44 44
39 39
35 35
29 29
31 31
25 25
21 21
18 18
15 15
14 14
11 11
8 8
94 94
90 90
88 88
84 84
78 78
82 82
79 79
75 75
73 73
71 71
65 65
67 67
63 63
95 95
92 92
2 2
