0 20 30 40 31 41 51 80 90 91 92 82 73 64 75 85 84 94 95 105 104 115 126 135 124 114 123 112 111 132 143 162 161 151 150 160 171 180 172 173 192 193 184 174 175 185 196 186 188 178 168 167 157 156 155 147 137 138 148 158 159 149 139 119 89 107 97 87 77 67 76 66 56 57 47 58 48 28 19 8 17 27 26 36 35 45 46 55 54 63 62 52 43 33 24 15 6 5 4 3 13 22 12 11 0
97
20 20
30 30
40 40
31 31
51 51
80 80
90 90
91 91
92 92
82 82
73 73
64 64
75 75
85 85
84 84
94 94
95 95
105 105
104 104
115 115
126 126
135 135
124 124
114 114
123 123
112 112
111 111
132 132
143 143
162 162
161 161
151 151
150 150
171 171
180 180
172 172
173 173
192 192
193 193
184 184
174 174
175 175
185 185
196 196
186 186
188 188
178 178
168 168
167 167
157 157
156 156
155 155
147 147
137 137
138 138
148 148
158 158
159 159
149 149
139 139
119 119
89 89
107 107
87 87
77 77
76 76
66 66
56 56
57 57
47 47
58 58
28 28
19 19
8 8
17 17
27 27
26 26
36 36
35 35
45 45
46 46
55 55
54 54
63 63
62 62
52 52
43 43
33 33
24 24
15 15
6 6
4 4
3 3
13 13
22 22
12 12
11 11
