pace other likely viable likely comfortable likely other shy single joint output joint mixture mercy mixture chair respect structure throne boom quality autonomy quality boom throne country knot country triple candle enemy stress circulation approval rent atmosphere rent swear coast swear rent sunrise audience ignore due ignore shiver ignore liver swop electronics swop nationalist acceptance nationalist swop joystick bowel brake scheme brake bowel joystick guarantee attraction excuse attraction coffin bitter rage bitter coffin attraction railcar tool illusion enemy desk injection pardon notebook fortune financial fortune notebook profound virgin winner assignment winner virgin profound view dive coincide identity straighten pig pier interactive error widen banana driver banana widen native mature page mature native development skeleton development confrontation forge confrontation development exempt dramatic opposed dip exclusive dip opposed dramatic exempt buffet pipe buffet election lifestyle cotton lifestyle election buffet exempt development feature demand rob demand feature write lake begin greeting decisive tolerate injury flag home error interactive pier bleed environment interface environment bleed curriculum chew offset chew drawer smile headline smile bleed pier identity deter note tablet imposter tablet note deter linger vegetarian market vegetarian exile vegetarian linger dough physics linger deter terms thumb terms hospitality teacher ex spoil desk enemy control enemy ask quadruple other pace
100
pace pace
other other
likely likely
viable viable
comfortable comfortable
output output
mercy mercy
chair chair
respect respect
structure structure
throne throne
boom boom
autonomy autonomy
country country
knot knot
triple triple
candle candle
enemy enemy
stress stress
rent rent
atmosphere atmosphere
swear swear
coast coast
audience audience
ignore ignore
due due
shiver shiver
liver liver
swop swop
electronics electronics
acceptance acceptance
bowel bowel
scheme scheme
guarantee guarantee
attraction attraction
excuse excuse
coffin coffin
rage rage
railcar railcar
tool tool
illusion illusion
injection injection
pardon pardon
financial financial
profound profound
virgin virgin
assignment assignment
dive dive
coincide coincide
identity identity
straighten straighten
pig pig
interactive interactive
error error
widen widen
driver driver
native native
mature mature
page page
development development
skeleton skeleton
confrontation confrontation
forge forge
exempt exempt
dip dip
exclusive exclusive
buffet buffet
pipe pipe
election election
lifestyle lifestyle
cotton cotton
feature feature
rob rob
begin begin
greeting greeting
decisive decisive
injury injury
flag flag
home home
environment environment
interface interface
curriculum curriculum
offset offset
drawer drawer
smile smile
headline headline
deter deter
note note
tablet tablet
imposter imposter
market market
exile exile
dough dough
physics physics
thumb thumb
teacher teacher
spoil spoil
control control
ask ask
quadruple quadruple
