pace nationalist feature nationalist brake headline brake opposed thumb exempt thumb enter deposit enter prison honor prison approval king approval tablet gate audience due excuse due voice write output injury mixture market likely circulation likely page guarantee page likely pier injury skeleton injury output exclusive throne exclusive pace
25
nationalist nationalist
feature feature
brake brake
headline headline
opposed opposed
exempt exempt
enter enter
deposit deposit
honor honor
approval approval
king king
gate gate
audience audience
excuse excuse
voice voice
output output
injury injury
mixture mixture
market market
likely likely
circulation circulation
page page
guarantee guarantee
skeleton skeleton
throne throne
