CH BW DI CF CW CF BG CM BC CS BL DD BY DN AK CQ DU CN AJ AF AJ BR DO BD AY CP BV AD AT BJ AU AV DV DQ BT DP BI DL BA DC BA DF BP CJ CV AP DN DA BF CU AX BS CB DB CB DM CL CD CZ DR CA BU DS DG DS BQ AM BZ AN AL BN AZ CH
50
DI DI
CF CF
CW CW
BG BG
BC BC
CS CS
BL BL
DD DD
BY BY
CQ CQ
DU DU
CN CN
AJ AJ
AF AF
DO DO
BD BD
AY AY
CP CP
BV BV
AT AT
AU AU
AV AV
DV DV
DQ DQ
DP DP
BI BI
DL DL
DC DC
DF DF
BP BP
CV CV
AP AP
BF BF
CU CU
BS BS
CB CB
DB DB
DM DM
CL CL
CD CD
CZ CZ
CA CA
BU BU
DG DG
AM AM
BZ BZ
AN AN
AL AL
BN BN
AZ AZ
