Liam Evan Liam Jordan Leonardo Xander Oscar Levi Oscar Dawson Alejandro Ian Alejandro Dawson Declan Brayden Asher Brayden Jonathan Preston Richard Easton Richard Zachary Jude Theodore Rowan Austin Rowan Theodore Jude Jace Jude Joseph Robert Joseph Jude Zachary Hunter Thomas Hunter Isaiah Hunter Steven James Isaac James Steven Sawyer Eli Sawyer Steven Xavier Ryan Nolan Elijah Adrian Elijah Nolan Logan Nolan Miles Luke Kingston Dean Patrick Oliver Andrew Dylan Lincoln Max Grant Antonio Owen Antonio Grant Cooper Grant Ashton Jose Ezra Jackson Ezra Ezekiel Jeremiah Ezekiel Ezra Jose Preston Richard Aiden Tucker Charles Mason Charles Tucker Aiden Mateo Miguel Messiah Zion Rhett Christian Rhett Zion Hayden Bennett Landon William Beau Dean Chase Aaron Michael Aaron Amir Miguel Messiah John Matthew Jayce Henry Malachi Bryson Leo Bryson Malachi Adam Colton Adam Malachi Henry Jayce Gabriel Victor Dominic Victor Gabriel Cameron Caleb Elliott Carter Elliott Caleb Nicholas Daniel Jameson Benjamin Jaxon Waylon Marcus Parker Marcus Waylon Gavin Dawson Gael Wyatt Edward Sebastian Edward Wyatt Gael Emmanuel Samuel Eric Greyson Eric Matteo Julian Josiah Julian Matteo Jameson Hudson Ivan Juan Ethan Brantley Kai Carson Kai Christopher Kai Brantley Ethan George Brody David Brody Elliot Grayson Alexander Grayson Elliot Jasper Alan Santiago Kaleb Elias Kaleb Jesse Harrison Jaxson Weston Kevin Finn Jacob Finn Kevin Nathan Connor Nathan Kevin Weston Jaxson Angel Anthony Maverick Camden Bentley Jayden Bentley Camden Maverick Noah Lucas Joshua Jack Jordan Liam
90
Liam Liam
Evan Evan
Jordan Jordan
Levi Levi
Ian Ian
Brayden Brayden
Asher Asher
Jonathan Jonathan
Easton Easton
Theodore Theodore
Austin Austin
Jace Jace
Joseph Joseph
Robert Robert
Hunter Hunter
Thomas Thomas
Isaiah Isaiah
James James
Isaac Isaac
Eli Eli
Xavier Xavier
Ryan Ryan
Nolan Nolan
Elijah Elijah
Adrian Adrian
Logan Logan
Luke Luke
Oliver Oliver
Andrew Andrew
Dylan Dylan
Lincoln Lincoln
Owen Owen
Cooper Cooper
Jose Jose
Ezra Ezra
Jackson Jackson
Ezekiel Ezekiel
Jeremiah Jeremiah
Aiden Aiden
Charles Charles
Mason Mason
Mateo Mateo
Christian Christian
Landon Landon
William William
Aaron Aaron
Michael Michael
John John
Matthew Matthew
Henry Henry
Bryson Bryson
Leo Leo
Adam Adam
Colton Colton
Gabriel Gabriel
Dominic Dominic
Cameron Cameron
Caleb Caleb
Carter Carter
Nicholas Nicholas
Daniel Daniel
Benjamin Benjamin
Jaxon Jaxon
Parker Parker
Wyatt Wyatt
Sebastian Sebastian
Samuel Samuel
Greyson Greyson
Julian Julian
Josiah Josiah
Hudson Hudson
Ethan Ethan
Carson Carson
Christopher Christopher
David David
Grayson Grayson
Alexander Alexander
Elias Elias
Jaxson Jaxson
Jacob Jacob
Nathan Nathan
Connor Connor
Angel Angel
Anthony Anthony
Maverick Maverick
Jayden Jayden
Noah Noah
Lucas Lucas
Joshua Joshua
Jack Jack
