0 20 79 12 36 196 8 10 88 3 95 3 127 40 57 91 1 61 162 49 77 188 14 38 25 197 116 60 116 130 64 73 105 67 47 87 44 107 35 42 99 32 53 15 150 92 182 70 182 89 59 115 190 13 17 6 51 6 78 33 84 121 9 72 24 56 65 153 50 153 19 80 54 16 96 21 74 52 71 58 81 58 39 18 39 184 7 76 97 27 97 55 30 41 69 163 22 148 180 23 180 68 26 93 26 37 68 29 75 62 85 11 66 176 45 176 34 179 48 46 2 4 31 5 173 63 82 94 144 43 144 28 90 98 83 135 86 106 109 0
100
0 0
20 20
79 79
12 12
36 36
8 8
10 10
88 88
3 3
95 95
40 40
57 57
91 91
1 1
61 61
49 49
77 77
14 14
38 38
25 25
60 60
64 64
73 73
67 67
47 47
87 87
44 44
35 35
42 42
99 99
32 32
53 53
15 15
92 92
70 70
89 89
59 59
13 13
17 17
6 6
51 51
78 78
33 33
84 84
9 9
72 72
24 24
56 56
65 65
50 50
19 19
80 80
54 54
16 16
96 96
21 21
74 74
52 52
71 71
58 58
81 81
39 39
18 18
7 7
76 76
97 97
27 27
55 55
30 30
41 41
69 69
22 22
23 23
68 68
26 26
93 93
37 37
29 29
75 75
62 62
85 85
11 11
66 66
45 45
34 34
48 48
46 46
2 2
4 4
31 31
5 5
63 63
82 82
94 94
43 43
28 28
90 90
98 98
83 83
86 86
