0 3 117 191 140 104 138 178 113 179 113 12 132 102 131 102 133 102 2 107 155 107 2 102 132 12 114 180 109 161 109 162 109 163 109 164 142 150 106 148 106 149 106 151 106 152 106 153 158 108 156 108 157 108 159 108 160 108 194 118 195 118 196 118 98 36 125 101 124 101 126 101 127 101 128 101 129 101 130 101 68 33 28 13 58 115 186 115 187 115 108 158 153 106 154 175 112 172 112 177 112 173 112 174 112 176 112 116 189 116 188 116 190 116 103 137 103 134 103 136 103 135 103 41 50 7 119 171 119 197 119 199 119 198 119 7 106 147 106 150 142 105 141 105 146 105 143 105 144 105 145 105 142 164 109 167 109 165 109 45 95 100 121 100 122 100 123 100 120 100 95 45 109 166 109 180 114 181 114 182 114 184 114 185 114 183 114 12 113 78 110 168 110 169 110 170 110 78 113 178 138 104 139 104 140 191 117 192 117 193 117 3 0
80
191 191
140 140
138 138
178 178
179 179
132 132
131 131
133 133
155 155
180 180
161 161
162 162
163 163
164 164
142 142
150 150
148 148
149 149
151 151
152 152
153 153
158 158
156 156
157 157
159 159
160 160
194 194
195 195
196 196
125 125
124 124
126 126
127 127
128 128
129 129
130 130
186 186
187 187
154 154
175 175
172 172
177 177
173 173
174 174
176 176
189 189
188 188
190 190
137 137
134 134
136 136
135 135
171 171
197 197
199 199
198 198
147 147
141 141
146 146
143 143
144 144
145 145
167 167
165 165
121 121
122 122
123 123
120 120
166 166
181 181
182 182
184 184
185 185
183 183
168 168
169 169
170 170
139 139
192 192
193 193
