Djibouti Afghanistan Albania Afghanistan Algeria Afghanistan Andorra Afghanistan Angola Afghanistan Djibouti Antigu Argentina Antigu Armenia Antigu Australia Antigu Austria Antigu Djibouti Austrian Azerbaijan Austrian Baden Austrian Bahrain Austrian Bangladesh Austrian Djibouti Barbados Belarus Barbados Bavaria Barbados Belgium Barbados Belize Barbados Djibouti Benin Bosnia Benin Bolivia Benin Botswana Benin Brazil Benin Djibouti
25
Afghanistan Afghanistan
Albania Albania
Algeria Algeria
Andorra Andorra
Angola Angola
Antigu Antigu
Argentina Argentina
Armenia Armenia
Australia Australia
Austria Austria
Austrian Austrian
Azerbaijan Azerbaijan
Baden Baden
Bahrain Bahrain
Bangladesh Bangladesh
Barbados Barbados
Belarus Belarus
Bavaria Bavaria
Belgium Belgium
Belize Belize
Benin Benin
Bosnia Bosnia
Bolivia Bolivia
Botswana Botswana
Brazil Brazil
