7FD578 1AC5CE 7FD578 AA2C70 66B94B AA2C70 4BCD0B F4C859 4BCD0B 7B7BDE 4BCD0B 61D740 342A3C EEEA40 9F01C8 C03738 719360 E27C41 719360 981760 FF39A5 981760 B40756 9B7F16 6CAF19 E5D023 2C376F 3E0BDD 283373 877D0E CE97C4 1BD5F4 2E60FC 1EE680 01684B 859C0E 01684B 853F1A 1176C9 853F1A A085DD F94356 6C7BF0 7CDA20 7FD578
25
1AC5CE 1AC5CE
66B94B 66B94B
F4C859 F4C859
7B7BDE 7B7BDE
61D740 61D740
EEEA40 EEEA40
9F01C8 9F01C8
E27C41 E27C41
981760 981760
FF39A5 FF39A5
B40756 B40756
9B7F16 9B7F16
6CAF19 6CAF19
E5D023 E5D023
2C376F 2C376F
3E0BDD 3E0BDD
877D0E 877D0E
1BD5F4 1BD5F4
2E60FC 2E60FC
1EE680 1EE680
01684B 01684B
859C0E 859C0E
1176C9 1176C9
A085DD A085DD
6C7BF0 6C7BF0
