context soil bit thanks state ability recognition wood currency anxiety store satisfaction construction road reality fat attempt fun interaction construction while departure price care teaching aspect bread farmer bedroom context
25
context context
soil soil
bit bit
thanks thanks
state state
ability ability
wood wood
currency currency
anxiety anxiety
store store
satisfaction satisfaction
construction construction
road road
reality reality
fat fat
attempt attempt
interaction interaction
while while
departure departure
care care
teaching teaching
aspect aspect
bread bread
farmer farmer
bedroom bedroom
