S Q BA AN CJ AN CO AW CU AW BN AN BT AN AP M CN GJ AM AW BB Q AK Q BM Q BQ AN AV A AT P CF J Y N BE AN BW V BD AW BH Q BC AW BX Q AX Q AA AB BS AN AJ AN CH AN BI AN BO AN CW AN CE CB CR C BV C CA B AR K CL AN BJ Q CQ AN AF E AZ D U O CV D BP L AQ J Z AY W AI T R CS H CK AC CC AW CM F CD G BL AN BY AN AL CT AO AN BU AN AE AN CI AN AH AN AG Q AS AW BZ AW AU I BG Q CP AW BF AW AD BR X BK S
100
S S
Q Q
BA BA
AN AN
CJ CJ
CO CO
AW AW
CU CU
BN BN
BT BT
AP AP
M M
CN CN
AM AM
BB BB
AK AK
BM BM
BQ BQ
AV AV
A A
AT AT
P P
CF CF
J J
Y Y
N N
BE BE
BW BW
V V
BD BD
BH BH
BC BC
BX BX
AX AX
AA AA
AB AB
BS BS
AJ AJ
CH CH
BI BI
BO BO
CW CW
CE CE
CB CB
CR CR
C C
BV BV
CA CA
B B
AR AR
K K
CL CL
BJ BJ
CQ CQ
AF AF
E E
AZ AZ
D D
U U
O O
CV CV
BP BP
L L
AQ AQ
Z Z
AY AY
W W
AI AI
T T
R R
CS CS
H H
CK CK
AC AC
CC CC
CM CM
F F
CD CD
G G
BL BL
BY BY
AL AL
CT CT
AO AO
BU BU
AE AE
CI CI
AH AH
AG AG
AS AS
BZ BZ
AU AU
I I
BG BG
CP CP
BF BF
AD AD
BR BR
X X
BK BK
