3 6 79 1 78 9 84 45 84 13 17 13 42 13 2 40 2 36 79 31 55 57 35 52 34 50 78 27 55 85 93 88 61 25 61 88 93 85 55 68 79 70 38 90 10 21 86 98 86 7 48 22 83 58 83 67 81 24 91 43 48 49 48 8 97 56 89 14 35 15 35 66 4 19 80 29 80 33 65 11 41 44 46 69 63 20 64 71 64 6 80 73 80 6 64 75 86 76 54 94 35 23 72 53 69 32 69 96 69 100 77 12 3 87 3 60 3
50
6 6
1 1
9 9
45 45
17 17
42 42
40 40
36 36
31 31
57 57
52 52
50 50
27 27
25 25
68 68
70 70
90 90
21 21
98 98
7 7
22 22
58 58
67 67
24 24
43 43
49 49
8 8
56 56
14 14
15 15
66 66
19 19
29 29
33 33
41 41
46 46
63 63
71 71
73 73
75 75
76 76
94 94
23 23
53 53
32 32
96 96
100 100
12 12
87 87
60 60
