state purple controversial mortgagor begot mortgagor knick McDonald wrack McDonald Cinderella McDonald watery McDonald scriptwriter McDonald border McDonald eidetic McDonald driveway peacock Calkins voltmeter motet Jennifer Zellerbach catnip dumpling voltmeter jackass Jennifer scaup peacock serge voltmeter value catnip whirligig catnip rocky catnip joke catnip Evans mortgagor infuse peacock anatomy peacock stingy Jennifer Albert voltmeter lonesome voltmeter his versatec Adler limbic Darwin actinic cocaine mortgagor knurl purple hyphen purple sanatoria McDonald lobby catnip omicron McDonald Arden peacock complacent kitty pairwise maidservant supremum servile rent mortgagor registrant peacock Protista catnip heifer servile cache servile bald McDonald uptown catnip grade kitty hypothetic carouse ash McDonald fireplace McDonald cohere McDonald gavotte purple Della purple whatsoever mortgagor dame catnip Eva catnip gun catnip backgammon Jennifer shrugging versatec charcoal McDonald sepulchral McDonald Augean McDonald hallelujah voltmeter Yaounde voltmeter regal peacock athletic purple curbside McDonald foursome peacock flexural catnip texture catnip trivium catnip huge catnip turnout purple Steiner peacock Waterbury peacock opossum catnip Lizzie catnip bloc catnip monk purple compunction Jennifer Edmonds voltmeter Whelan purple circumstantial McDonald stereography McDonald firebug purple eggplant carouse retardation impure harrow servile debenture catnip octane catnip Ridgway catnip Adamson catnip clasp catnip hungry maidservant freehold purple fleawort catnip presto catnip bibliophile voltmeter exhortation voltmeter state
100
controversial controversial
begot begot
knick knick
wrack wrack
Cinderella Cinderella
watery watery
scriptwriter scriptwriter
border border
eidetic eidetic
driveway driveway
Calkins Calkins
motet motet
Zellerbach Zellerbach
dumpling dumpling
jackass jackass
scaup scaup
serge serge
value value
whirligig whirligig
rocky rocky
joke joke
Evans Evans
infuse infuse
anatomy anatomy
stingy stingy
Albert Albert
lonesome lonesome
his his
Adler Adler
Darwin Darwin
cocaine cocaine
knurl knurl
hyphen hyphen
sanatoria sanatoria
lobby lobby
omicron omicron
Arden Arden
complacent complacent
pairwise pairwise
supremum supremum
rent rent
registrant registrant
Protista Protista
heifer heifer
cache cache
bald bald
uptown uptown
grade grade
hypothetic hypothetic
ash ash
fireplace fireplace
cohere cohere
gavotte gavotte
Della Della
whatsoever whatsoever
dame dame
Eva Eva
gun gun
backgammon backgammon
shrugging shrugging
charcoal charcoal
sepulchral sepulchral
Augean Augean
hallelujah hallelujah
Yaounde Yaounde
regal regal
athletic athletic
curbside curbside
foursome foursome
flexural flexural
texture texture
trivium trivium
huge huge
turnout turnout
Steiner Steiner
Waterbury Waterbury
opossum opossum
Lizzie Lizzie
bloc bloc
monk monk
compunction compunction
Edmonds Edmonds
Whelan Whelan
circumstantial circumstantial
stereography stereography
firebug firebug
eggplant eggplant
retardation retardation
harrow harrow
debenture debenture
octane octane
Ridgway Ridgway
Adamson Adamson
clasp clasp
hungry hungry
freehold freehold
fleawort fleawort
presto presto
bibliophile bibliophile
exhortation exhortation
