clod phonic callus lever stateroom presto sign Yankton Kingsbury Yankton decrease Yankton vicious Yankton bauble Yankton salmon mortgagee Hyde blackberry walrus agronomy Saskatchewan phonic collateral phonic foxglove presto servicemen conductance objector brainchild twirly presto coincide presto ferrite phonic Levitt Yankton aide Yankton anchor sagittal Stratton lever Illinois presto sneaky presto Lethe presto Dunlap scrounge pole mortgagee syllogistic Yankton cur presto Gloria presto post phonic abridge phonic Brooklyn lever behalf lever perennial phonic pundit Yankton furlough phonic bowline phonic disseminate presto Spaulding presto spit lever linger lever axon lever shriek lever Dunbar presto resurrect Yankton officious Yankton onomatopoeia Yankton Barnet Yankton ambiguity conductance clod
50
callus callus
stateroom stateroom
sign sign
Kingsbury Kingsbury
decrease decrease
vicious vicious
bauble bauble
salmon salmon
Hyde Hyde
walrus walrus
Saskatchewan Saskatchewan
collateral collateral
foxglove foxglove
servicemen servicemen
objector objector
twirly twirly
coincide coincide
ferrite ferrite
Levitt Levitt
aide aide
anchor anchor
Stratton Stratton
Illinois Illinois
sneaky sneaky
Lethe Lethe
Dunlap Dunlap
pole pole
syllogistic syllogistic
cur cur
Gloria Gloria
post post
abridge abridge
Brooklyn Brooklyn
behalf behalf
perennial perennial
pundit pundit
furlough furlough
bowline bowline
disseminate disseminate
Spaulding Spaulding
spit spit
linger linger
axon axon
shriek shriek
Dunbar Dunbar
resurrect resurrect
officious officious
onomatopoeia onomatopoeia
Barnet Barnet
ambiguity ambiguity
