A0 X4 S2 Y4 G3 Q5 I0 Q4 G0 E5 W4 C3 X0 P0 S1 X2 D7 M5 J5 T6 Y3 D3 S6 P5 E3 R5 D0 C0 R4 G1 Z6 X1 P6 G6 F3 T5 R3 K4 D2 F6 J0 X3 A4 T2 M0 E1 N2 L0 A5 J1 T3 K2 E4 O4 I3 V2 O3 C7 I1 W5 V6 C4 Y0 Y6 N1 B2 U6 U2 Z1 A2 I5 A1 K1 G4 Z4 J6 F4 L5 W6 B5 M4 M1 P2 C6 W2 Z3 Q6 F0 H6 M3 B4 X6 R6 A7 Z5 O5 Q0 H0 M6 A6 A0
100
A0 A0
X4 X4
S2 S2
Y4 Y4
G3 G3
Q5 Q5
I0 I0
Q4 Q4
G0 G0
E5 E5
W4 W4
C3 C3
X0 X0
P0 P0
S1 S1
X2 X2
D7 D7
M5 M5
J5 J5
T6 T6
Y3 Y3
D3 D3
S6 S6
P5 P5
E3 E3
R5 R5
D0 D0
C0 C0
R4 R4
G1 G1
Z6 Z6
X1 X1
P6 P6
G6 G6
F3 F3
T5 T5
R3 R3
K4 K4
D2 D2
F6 F6
J0 J0
X3 X3
A4 A4
T2 T2
M0 M0
E1 E1
N2 N2
L0 L0
A5 A5
J1 J1
T3 T3
K2 K2
E4 E4
O4 O4
I3 I3
V2 V2
O3 O3
C7 C7
I1 I1
W5 W5
V6 V6
C4 C4
Y0 Y0
Y6 Y6
N1 N1
B2 B2
U6 U6
U2 U2
Z1 Z1
A2 A2
I5 I5
A1 A1
K1 K1
G4 G4
Z4 Z4
J6 J6
F4 F4
L5 L5
W6 W6
B5 B5
M4 M4
M1 M1
P2 P2
C6 C6
W2 W2
Z3 Z3
Q6 Q6
F0 F0
H6 H6
M3 M3
B4 B4
X6 X6
R6 R6
A7 A7
Z5 Z5
O5 O5
Q0 Q0
H0 H0
M6 M6
A6 A6
