142 121 58 121 137 188 39 115 39 188 137 135 171 63 149 22 149 63 131 35 131 63 171 140 129 140 30 139 154 1 100 34 100 163 8 31 8 45 159 151 167 151 93 118 190 183 190 118 38 197 38 118 93 151 144 151 181 18 103 6 103 85 89 85 103 18 181 153 23 153 139 145 72 27 179 141 99 150 21 157 21 150 192 68 152 41 133 33 9 14 134 52 172 90 143 77 160 108 148 46 4 174 3 91 78 60 124 60 78 186 55 186 17 6 128 122 64 69 158 195 178 52 134 14 9 136 47 7 47 136 9 28 9 92 70 92 16 177 126 164 97 135 137 48 76 48 137 66 106 127 106 66 44 66 137 121 142
60
121 121
58 58
137 137
39 39
115 115
63 63
22 22
35 35
140 140
129 129
30 30
34 34
31 31
159 159
151 151
167 167
93 93
183 183
38 38
197 197
144 144
181 181
89 89
23 23
145 145
141 141
150 150
21 21
157 157
41 41
133 133
33 33
14 14
90 90
77 77
108 108
46 46
4 4
174 174
3 3
91 91
60 60
124 124
186 186
55 55
64 64
69 69
158 158
195 195
178 178
7 7
70 70
16 16
177 177
97 97
48 48
76 76
106 106
127 127
44 44
