5 4 31 39 88 168 88 39 8 95 121 95 1 70 105 70 1 0 51 0 1 177 1 21 32 50 32 91 90 23 103 23 14 63 14 196 14 5 33 68 155 68 33 19 169 19 20 54 96 59 118 126 118 59 45 37 25 43 183 43 25 12 150 191 150 12 18 178 18 12 9 10 15 163 15 10 160 10 9 12 17 36 82 179 82 36 40 92 22 9 77 7 35 7 77 9 22 58 86 109 130 109 86 41 27 64 57 87 53 123 131 140 131 123 53 27 11 85 11 113 11 44 106 44 37 45 152 45 59 76 59 127 59 101 111 101 104 101 59 96 54 20 19 69 145 69 19 52 56 102 56 52 143 144 176 180 194 180 176 144 143 52 80 52 19 5
52
31 31
168 168
121 121
105 105
51 51
177 177
21 21
32 32
50 50
91 91
23 23
103 103
63 63
196 196
68 68
155 155
169 169
54 54
96 96
126 126
45 45
183 183
191 191
178 178
9 9
163 163
160 160
179 179
92 92
77 77
35 35
58 58
109 109
130 130
27 27
57 57
140 140
85 85
113 113
106 106
152 152
76 76
127 127
101 101
111 111
104 104
145 145
102 102
176 176
180 180
194 194
80 80
