Encanto City Moccasin Meyers Ramona Beach Foothills Riverside Los Homestead Garden Quail Santa Green Vernon Cypress Forest Yurok Jane Woffard Laguna Kentfield Pumpkin Merced Delta Rossmoor Warner Cabbage Two Carnelian Granite Woodbridge Willow Chinese All Welden McAuley Glencoe Costa Smoke Mount Shafter Vista Ames Alpaugh Elmira Banning Kern Richvale Bonita Cherokee Clayton Presidio Sherman Encanto
50
Encanto Encanto
City City
Moccasin Moccasin
Ramona Ramona
Beach Beach
Foothills Foothills
Riverside Riverside
Los Los
Homestead Homestead
Garden Garden
Quail Quail
Santa Santa
Green Green
Vernon Vernon
Cypress Cypress
Forest Forest
Yurok Yurok
Jane Jane
Woffard Woffard
Laguna Laguna
Kentfield Kentfield
Pumpkin Pumpkin
Delta Delta
Warner Warner
Cabbage Cabbage
Two Two
Granite Granite
Woodbridge Woodbridge
Willow Willow
Chinese Chinese
All All
Welden Welden
McAuley McAuley
Glencoe Glencoe
Costa Costa
Smoke Smoke
Mount Mount
Shafter Shafter
Vista Vista
Ames Ames
Alpaugh Alpaugh
Elmira Elmira
Banning Banning
Kern Kern
Richvale Richvale
Bonita Bonita
Cherokee Cherokee
Clayton Clayton
Presidio Presidio
Sherman Sherman
