1 5 4 3 2 1 98 97 96 95 94 93 92 91 90 89 88 87 86 85 84 83 77 82 77 78 77 79 77 80 77 81 77 76 75 74 73 72 71 70 69 63 68 63 67 63 66 63 65 63 64 63 62 61 60 59 58 57 56 55 49 54 49 52 49 50 49 51 49 53 49 48 47 48 44 45 41 40 39 40 36 37 33 32 31 32 28 29 25 24 23 24 20 21 17 16 15 14 13 9 8 7 8 9 10 11 12 16 17 18 19 20 24 25 26 27 28 32 33 34 35 36 40 41 42 43 6 5 1
44
5 5
4 4
2 2
96 96
95 95
94 94
93 93
92 92
82 82
78 78
79 79
80 80
81 81
68 68
67 67
66 66
65 65
64 64
54 54
52 52
50 50
51 51
53 53
47 47
44 44
45 45
39 39
36 36
37 37
31 31
28 28
29 29
23 23
20 20
21 21
15 15
13 13
7 7
10 10
12 12
18 18
26 26
34 34
42 42
