1 5 4 8 7 8 9 13 12 16 15 16 17 21 20 24 23 24 25 29 28 32 31 32 33 37 36 40 41 42 43 44 48 49 50 51 52 56 57 58 59 60 64 65 66 67 68 72 73 74 75 76 80 81 82 83 84 88 89 90 91 92 96 97 98 99 100 104 105 106 107 108 112 113 114 115 116 120 121 122 123 124 128 129 130 131 132 136 137 138 139 140 144 145 146 147 148 152 153 154 155 156 160 161 162 163 164 168 169 170 171 172 176 177 178 179 180 184 185 186 187 188 192 191 192 188 189 185 184 183 184 180 181 177 176 175 176 172 173 169 168 167 168 164 165 161 160 159 160 156 157 153 152 151 152 148 149 145 144 143 144 140 141 137 136 135 136 132 133 129 128 127 128 124 125 121 120 119 120 116 117 113 112 111 112 108 109 105 104 103 104 100 101 97 96 95 96 92 93 89 88 87 88 84 85 81 80 79 80 76 77 73 72 71 72 68 69 65 64 63 64 60 61 57 56 55 56 52 53 49 48 47 48 44 45 41 40 39 40 36 35 34 33 32 28 27 26 25 24 20 19 18 17 16 12 11 10 9 8 4 3 2 1 200 199 198 197 193 194 193 197 196 200 1
100
5 5
4 4
7 7
13 13
12 12
15 15
21 21
20 20
23 23
29 29
28 28
31 31
37 37
36 36
42 42
44 44
50 50
52 52
58 58
60 60
66 66
68 68
74 74
76 76
82 82
84 84
90 90
92 92
98 98
100 100
106 106
108 108
114 114
116 116
122 122
124 124
130 130
132 132
138 138
140 140
146 146
148 148
154 154
156 156
162 162
164 164
170 170
172 172
178 178
180 180
186 186
188 188
191 191
189 189
183 183
181 181
175 175
173 173
167 167
165 165
159 159
157 157
151 151
149 149
143 143
141 141
135 135
133 133
127 127
125 125
119 119
117 117
111 111
109 109
103 103
101 101
95 95
93 93
87 87
85 85
79 79
77 77
71 71
69 69
63 63
61 61
55 55
53 53
47 47
45 45
39 39
34 34
26 26
18 18
10 10
2 2
199 199
197 197
194 194
196 196
