Evans Cory Evans WursterHall Cornerstone ZellerbachHall Cornerstone SutardjaDai Plentea Soda Plentea Doe Plentea LatimerHall MLK HildebrandHall MLK Dwinelle ThaiNoodle ClarkKerr DavisHall ClarkKerr BotanicalGardens Gilman Marugame Campanile Cornerstone Firewings CaliforniaHall InternationalHouse CaliforniaHall Firewings RSF Underhill Blackwell ImmThai AlumniHouse BerkeleyWayWest Yifang Raretea Wheeler UniversityVillage Yifang BerkeleyWayWest AlumniHouse ImmThai AshaTeaHouse HilgardHall Bowles KroeberHall Barrows Unit2 Stern Unit2 Barrows KroeberHall Etcheverry KroeberHall Bowles LeConte Moffit SouthHall HesseHall SouthHall Moffit HappyLemon LawrenceHall BancroftLibrary HavilandHall VLSB HearstMining MulfordHall MemorialStadium HortonHall Barrows BAMPFA HAAS Foothill HAAS Unit1 StrawberryCreek MemorialGlade Kresge MemorialGlade StrawberryCreek GreekTheatre CanyonPool GreekTheatre SatherGate GiauqueHall SatherGate ZellerbachHall Bowles Unit3 Spats Boalt Spats Unit3 Milkbomb Pappys Unit2 DurantHall Campbell Eshelman Campbell WursterHall Evans
50
Cory Cory
ZellerbachHall ZellerbachHall
SutardjaDai SutardjaDai
Soda Soda
Doe Doe
MLK MLK
HildebrandHall HildebrandHall
Dwinelle Dwinelle
ThaiNoodle ThaiNoodle
DavisHall DavisHall
BotanicalGardens BotanicalGardens
Gilman Gilman
Campanile Campanile
CaliforniaHall CaliforniaHall
InternationalHouse InternationalHouse
RSF RSF
Blackwell Blackwell
AlumniHouse AlumniHouse
BerkeleyWayWest BerkeleyWayWest
Wheeler Wheeler
UniversityVillage UniversityVillage
HilgardHall HilgardHall
Bowles Bowles
Barrows Barrows
Unit2 Unit2
Stern Stern
Etcheverry Etcheverry
LeConte LeConte
Moffit Moffit
SouthHall SouthHall
HesseHall HesseHall
LawrenceHall LawrenceHall
BancroftLibrary BancroftLibrary
HavilandHall HavilandHall
VLSB VLSB
HearstMining HearstMining
MemorialStadium MemorialStadium
BAMPFA BAMPFA
HAAS HAAS
Foothill Foothill
Unit1 Unit1
Kresge Kresge
GreekTheatre GreekTheatre
CanyonPool CanyonPool
GiauqueHall GiauqueHall
Unit3 Unit3
Boalt Boalt
DurantHall DurantHall
Campbell Campbell
Eshelman Eshelman
