hdpxs osxbc cihba wnelr bsvth htkwy frhgc amfiz rchbw lmwpk cqsby yqtob glrpy dbjxw ahnds wotiq bwknx vgwoi crlfe hwmzn nqtru rlumh mlibf tmwdy sxdiu dkjro ohzfn iyuas xnpwq ktzce uiogl gstwp pytwh ehqyk rjuxc wdquv qckjp uklga zqjxb jhlus ymcfp yazqf lnjxt btwzv ypdnb bdevm ebwcp yqfdk zcjqx fjdqi oxuqn ayrgb rzvtg tjake mhuad oewcd cxdes oewcd osvgp hulpb stflc syoxf lpudv gdnim evsbm yvbse wajol qbdwz maqho pgqva olqfv bkfuc armnk tkwle gufvs mhekz syoxv kjihy wkbuf qpbmc xcvow kzwah mujil pihld aedvq cxajk evtgj joztf jcwpu kscoz xlrzc drojn qhvsb vobqh wcjeg zntkr tndwl rjdai qhibx mtcsd oaeyh gdovn utdhx qsmkj vcwfj oxitr hdpxs
100
osxbc osxbc
cihba cihba
wnelr wnelr
bsvth bsvth
htkwy htkwy
frhgc frhgc
amfiz amfiz
rchbw rchbw
lmwpk lmwpk
cqsby cqsby
yqtob yqtob
dbjxw dbjxw
ahnds ahnds
wotiq wotiq
bwknx bwknx
vgwoi vgwoi
hwmzn hwmzn
nqtru nqtru
rlumh rlumh
mlibf mlibf
tmwdy tmwdy
sxdiu sxdiu
dkjro dkjro
ohzfn ohzfn
iyuas iyuas
xnpwq xnpwq
ktzce ktzce
uiogl uiogl
gstwp gstwp
pytwh pytwh
ehqyk ehqyk
rjuxc rjuxc
wdquv wdquv
qckjp qckjp
uklga uklga
zqjxb zqjxb
jhlus jhlus
ymcfp ymcfp
yazqf yazqf
lnjxt lnjxt
btwzv btwzv
ypdnb ypdnb
bdevm bdevm
ebwcp ebwcp
yqfdk yqfdk
zcjqx zcjqx
fjdqi fjdqi
oxuqn oxuqn
ayrgb ayrgb
rzvtg rzvtg
tjake tjake
mhuad mhuad
oewcd oewcd
cxdes cxdes
osvgp osvgp
stflc stflc
syoxf syoxf
lpudv lpudv
gdnim gdnim
evsbm evsbm
yvbse yvbse
wajol wajol
qbdwz qbdwz
maqho maqho
pgqva pgqva
bkfuc bkfuc
armnk armnk
tkwle tkwle
gufvs gufvs
mhekz mhekz
syoxv syoxv
kjihy kjihy
wkbuf wkbuf
qpbmc qpbmc
xcvow xcvow
kzwah kzwah
mujil mujil
pihld pihld
aedvq aedvq
cxajk cxajk
evtgj evtgj
joztf joztf
jcwpu jcwpu
kscoz kscoz
xlrzc xlrzc
drojn drojn
qhvsb qhvsb
vobqh vobqh
wcjeg wcjeg
zntkr zntkr
tndwl tndwl
rjdai rjdai
qhibx qhibx
mtcsd mtcsd
oaeyh oaeyh
gdovn gdovn
utdhx utdhx
qsmkj qsmkj
vcwfj vcwfj
oxitr oxitr
