Hayward SantaClara Hayward CedarRapids Asheville Durham Bloomington Newark LakeCharles Washington Wilmington Winston Murrieta Tampa Murrieta Winston Memphis Winston Tucson Aurora Bakersfield Aurora NewBedford York BelAir Monroe BelAir SaintLouis Harlingen Waco Corona Springdale McHenry Torrance PalmBay Tucson Bradenton Huntsville Yonkers Waterloo NewOrleans Burbank Chicago Burbank Huntsville KansasCity McAllen KansasCity Huntsville Bradenton SaintPaul PuntaGorda Omaha Topeka Montgomery ThousandOaks Montgomery SantaCruz Fontana Howell Downey Abilene GrandRapids Abilene Atlanta Danbury Atlanta Sebastian Kennewick Barnstable Kennewick NewYorkCity Kennewick Tyler Hickory HuntingtonBeach Hickory Charlotte RichmondCounty Hampton Modesto Corona Deltona Durham Asheville Hayward
50
SantaClara SantaClara
CedarRapids CedarRapids
Asheville Asheville
Durham Durham
Bloomington Bloomington
Newark Newark
LakeCharles LakeCharles
Tampa Tampa
Memphis Memphis
Tucson Tucson
Aurora Aurora
Bakersfield Bakersfield
NewBedford NewBedford
York York
BelAir BelAir
Monroe Monroe
Harlingen Harlingen
Waco Waco
Springdale Springdale
McHenry McHenry
Torrance Torrance
PalmBay PalmBay
Bradenton Bradenton
Huntsville Huntsville
Yonkers Yonkers
Waterloo Waterloo
Burbank Burbank
Chicago Chicago
McAllen McAllen
SaintPaul SaintPaul
PuntaGorda PuntaGorda
Omaha Omaha
Topeka Topeka
ThousandOaks ThousandOaks
SantaCruz SantaCruz
Downey Downey
GrandRapids GrandRapids
Atlanta Atlanta
Danbury Danbury
Kennewick Kennewick
Barnstable Barnstable
NewYorkCity NewYorkCity
Tyler Tyler
Hickory Hickory
HuntingtonBeach HuntingtonBeach
Charlotte Charlotte
RichmondCounty RichmondCounty
Hampton Hampton
Modesto Modesto
Deltona Deltona
