Hayward Shreveport Hartford NorthLasVegas Hartford Downey Burlington Downey Topeka Henderson NewYorkCity Cincinnati NewportNews SimiValley Aberdeen SantaClara VeroBeach PembrokePines SanBernardino Pueblo Youngstown SouthBend Bakersfield SouthBend Youngstown Barnstable Youngstown Fullerton Flint Fullerton Plano Hagerstown PalmBay VeroBeach PembrokePines Racine PembrokePines VeroBeach OverlandPark Greenville OverlandPark Trenton Louisville Trenton OverlandPark Savannah StPaul CathedralCity StPaul CorpusChristi KansasCity SantaClarita Newburgh Waterbury Lafayette GreenBay Duluth Detroit Duluth SaintPaul GrandRapids Vancouver Torrance Albuquerque Hialeah Marina NewportNews Bethlehem Orem NewBedford Orem Fresno Anchorage Boulder LakeCharles Spartanburg Springfield Harlingen Springfield SterlingHeights Champaign Charlotte Champaign York Warren York Reno Ogden Sarasota HuntingtonBeach Sarasota Scranton Arvada Tyler Nashua LasVegas Stamford Marysville Layton Marysville Stamford OverlandPark Anchorage Utica Norwich SanBuenaventura Hemet Mobile Hemet PuntaGorda Hemet SanBuenaventura Anaheim Eugene Boise Eugene MyrtleBeach Carrollton SiouxFalls Carrollton Visalia Columbus Anaheim SanBuenaventura Oxnard Brighton Torrance Melbourne Lubbock Bryan Hampton Newark Hampton Gastonia Laredo Gastonia CapeCoral Bloomington CapeCoral Huntsville ThousandOaks PortSaintLucie Olympia PortSaintLucie ThousandOaks Huntsville Kissimmee Marina Frederick Marina PortArthur Lacey PortArthur RichmondCounty PortArthur Marina Fargo Birmingham Bryan HavredeGrace Bryan Hampton Salem Deltona Tucson NewYork Monroe Escondido Mesquite Escondido Independence RoundLakeBeach Lorain Scottsdale Omaha Scottsdale DesMoines StLouis Sacramento Escondido Monroe NewYork Kalamazoo SanAntonio JohnsonCity SanAntonio ElPaso ElMonte Tuscaloosa ElMonte McAllen Elkhart Modesto Worcester Seaside Shreveport Hayward
100
Hartford Hartford
NorthLasVegas NorthLasVegas
Downey Downey
Burlington Burlington
Topeka Topeka
Henderson Henderson
NewYorkCity NewYorkCity
Cincinnati Cincinnati
NewportNews NewportNews
Aberdeen Aberdeen
SantaClara SantaClara
Pueblo Pueblo
Bakersfield Bakersfield
Barnstable Barnstable
Fullerton Fullerton
Flint Flint
Plano Plano
Hagerstown Hagerstown
PalmBay PalmBay
Racine Racine
OverlandPark OverlandPark
Greenville Greenville
Louisville Louisville
Savannah Savannah
CathedralCity CathedralCity
CorpusChristi CorpusChristi
Newburgh Newburgh
Waterbury Waterbury
GreenBay GreenBay
Duluth Duluth
Detroit Detroit
SaintPaul SaintPaul
GrandRapids GrandRapids
Vancouver Vancouver
Torrance Torrance
Albuquerque Albuquerque
Hialeah Hialeah
Marina Marina
Bethlehem Bethlehem
NewBedford NewBedford
Fresno Fresno
Anchorage Anchorage
LakeCharles LakeCharles
Spartanburg Spartanburg
Harlingen Harlingen
Champaign Champaign
Charlotte Charlotte
York York
Ogden Ogden
HuntingtonBeach HuntingtonBeach
Scranton Scranton
Arvada Arvada
Tyler Tyler
Nashua Nashua
LasVegas LasVegas
Stamford Stamford
Marysville Marysville
Layton Layton
Utica Utica
Norwich Norwich
SanBuenaventura SanBuenaventura
Hemet Hemet
Mobile Mobile
PuntaGorda PuntaGorda
Anaheim Anaheim
Eugene Eugene
Boise Boise
SiouxFalls SiouxFalls
Columbus Columbus
Oxnard Oxnard
Melbourne Melbourne
Lubbock Lubbock
Newark Newark
Laredo Laredo
CapeCoral CapeCoral
Bloomington Bloomington
Huntsville Huntsville
ThousandOaks ThousandOaks
Olympia Olympia
Kissimmee Kissimmee
Frederick Frederick
Lacey Lacey
RichmondCounty RichmondCounty
Birmingham Birmingham
HavredeGrace HavredeGrace
Salem Salem
Deltona Deltona
Tucson Tucson
Monroe Monroe
Mesquite Mesquite
RoundLakeBeach RoundLakeBeach
Scottsdale Scottsdale
Omaha Omaha
StLouis StLouis
Kalamazoo Kalamazoo
JohnsonCity JohnsonCity
ElPaso ElPaso
McAllen McAllen
Elkhart Elkhart
Modesto Modesto
