Aberdeen Reno Springdale Reno Hampton Pensacola Elkhart Carrollton Columbia GreenBay McAllen Marina Henderson StPetersburg Lewisville Gainesville Lewisville StPetersburg Henderson WestValleyCity Henderson Austin Winston Tuscaloosa Hampton Lowell Chattanooga SaltLakeCity Redding SanAntonio ChulaVista Racine Montgomery Kennewick Norwalk Miramar Newburgh Hartford SanBernardino Modesto Frederick SouthLyon Reno Aberdeen
25
Reno Reno
Springdale Springdale
Hampton Hampton
Pensacola Pensacola
GreenBay GreenBay
Marina Marina
Henderson Henderson
StPetersburg StPetersburg
Lewisville Lewisville
Gainesville Gainesville
WestValleyCity WestValleyCity
Austin Austin
Winston Winston
Tuscaloosa Tuscaloosa
Lowell Lowell
Chattanooga Chattanooga
SaltLakeCity SaltLakeCity
SanAntonio SanAntonio
Racine Racine
Montgomery Montgomery
Miramar Miramar
Newburgh Newburgh
SanBernardino SanBernardino
Modesto Modesto
SouthLyon SouthLyon
