AndyandZeyu h g j f i c AndyandZeyu g14 h14 i14 f14 AndyandZeyu f7 b7 h7 g7 j6 i7 AndyandZeyu i8 g8 f8 h8 j7 j8 AndyandZeyu g4 h4 i4 f4 AndyandZeyu j18 j17 h18 f18 g18 i18 AndyandZeyu j13 j12 h13 f13 g13 i13 AndyandZeyu i12 j11 g12 h12 b12 f12 AndyandZeyu f9 i9 h9 g9 AndyandZeyu i17 j16 g17 h17 b17 f17 AndyandZeyu g1 h1 i1 b1 f1 j1 AndyandZeyu f6 g6 j5 AndyandZeyu6 h6 i6 AndyandZeyu f11 g11 j10 AndyandZeyu11 h11 i11 AndyandZeyu f3 j3 g3 h3 i3 AndyandZeyu i5 f5 j4 h5 g5 e5 AndyandZeyu g16 f16 j15 AndyandZeyu16 h16 i16 AndyandZeyu f0 h0 i0 AndyandZeyu0 g0 j0 AndyandZeyu e15 g15 h15 j14 f15 i15 AndyandZeyu e10 g10 h10 j9 f10 i10 AndyandZeyu j2 f2 h2 i2 c2 g2 AndyandZeyu
100
h h
g g
j j
f f
i i
g14 g14
h14 h14
i14 i14
f14 f14
f7 f7
h7 h7
g7 g7
j6 j6
i7 i7
i8 i8
g8 g8
f8 f8
h8 h8
j7 j7
j8 j8
g4 g4
h4 h4
i4 i4
f4 f4
j18 j18
j17 j17
h18 h18
f18 f18
g18 g18
i18 i18
j13 j13
j12 j12
h13 h13
f13 f13
g13 g13
i13 i13
i12 i12
j11 j11
g12 g12
h12 h12
f12 f12
f9 f9
i9 i9
h9 h9
g9 g9
i17 i17
j16 j16
g17 g17
h17 h17
f17 f17
g1 g1
h1 h1
i1 i1
f1 f1
j1 j1
f6 f6
g6 g6
j5 j5
h6 h6
i6 i6
f11 f11
g11 g11
j10 j10
h11 h11
i11 i11
f3 f3
j3 j3
g3 g3
h3 h3
i3 i3
i5 i5
f5 f5
j4 j4
h5 h5
g5 g5
g16 g16
f16 f16
j15 j15
h16 h16
i16 i16
f0 f0
h0 h0
i0 i0
g0 g0
j0 j0
g15 g15
h15 h15
j14 j14
f15 f15
i15 i15
g10 g10
h10 h10
j9 j9
f10 f10
i10 i10
j2 j2
f2 f2
h2 h2
i2 i2
g2 g2
