MfdzFvsdGbvl AGbRQRBgaOdX MkUBuIisCVpZ UVLyMXgqTFaJ pkzKsTORVYro buqjmAINqGzN PnbamVANEguC hLGIbMiwjPgd arcJTkwUqbUy axLiuEEXvnsQ GuSSYBNHDbKE TbekQRoKcInv RICmsRCgzRsB FCrKCfVsEsBk SgyAcloZDNJV GKWfMfVZxbJi VyXrTLUcizAa noaMakAlHdwq plKUVNXwKfVb dFUHctNjrywb tywOQDwDhjwZ jBrNTBMPxyQD MOpktZzuQRCH QHpWWcCYavdw mFYKjQfCsRtT QifLRRQkbeZy deJmWrylVSGK rVqgoVgUmLRB hCxjbMrSlUJQ PUcvIgREsriS MLnLJmQHwuOS IHnRSACwPeSd PQTqeEtJjrHq ZjfLZjjegWJT SojgLCNtJNvq ymJllvoAiAsf pWbJtVdThhym rrRAqFcoDYfk uFHfCerNFIme DFscNnuMhxUC DvRTDyBMOCbT VARFNCcqfgIc AMizjBPjmCZd PvZWLvSzyZfH pQCFwcmaYfTN EoEdLMroSPNp dDFWxTbuPymh NlmuUUVQUbgI BkcPMTugAswL mtRsLIzrlNLu GemeldahvdVv lFgwKopYqWSC BbyhqvohDUZK MfdzFvsdGbvl
50
AGbRQRBgaOdX AGbRQRBgaOdX
MkUBuIisCVpZ MkUBuIisCVpZ
UVLyMXgqTFaJ UVLyMXgqTFaJ
pkzKsTORVYro pkzKsTORVYro
buqjmAINqGzN buqjmAINqGzN
PnbamVANEguC PnbamVANEguC
hLGIbMiwjPgd hLGIbMiwjPgd
arcJTkwUqbUy arcJTkwUqbUy
axLiuEEXvnsQ axLiuEEXvnsQ
GuSSYBNHDbKE GuSSYBNHDbKE
TbekQRoKcInv TbekQRoKcInv
RICmsRCgzRsB RICmsRCgzRsB
FCrKCfVsEsBk FCrKCfVsEsBk
SgyAcloZDNJV SgyAcloZDNJV
GKWfMfVZxbJi GKWfMfVZxbJi
VyXrTLUcizAa VyXrTLUcizAa
noaMakAlHdwq noaMakAlHdwq
plKUVNXwKfVb plKUVNXwKfVb
dFUHctNjrywb dFUHctNjrywb
tywOQDwDhjwZ tywOQDwDhjwZ
jBrNTBMPxyQD jBrNTBMPxyQD
MOpktZzuQRCH MOpktZzuQRCH
QHpWWcCYavdw QHpWWcCYavdw
mFYKjQfCsRtT mFYKjQfCsRtT
QifLRRQkbeZy QifLRRQkbeZy
deJmWrylVSGK deJmWrylVSGK
rVqgoVgUmLRB rVqgoVgUmLRB
hCxjbMrSlUJQ hCxjbMrSlUJQ
PUcvIgREsriS PUcvIgREsriS
MLnLJmQHwuOS MLnLJmQHwuOS
IHnRSACwPeSd IHnRSACwPeSd
PQTqeEtJjrHq PQTqeEtJjrHq
ZjfLZjjegWJT ZjfLZjjegWJT
SojgLCNtJNvq SojgLCNtJNvq
ymJllvoAiAsf ymJllvoAiAsf
rrRAqFcoDYfk rrRAqFcoDYfk
uFHfCerNFIme uFHfCerNFIme
DFscNnuMhxUC DFscNnuMhxUC
DvRTDyBMOCbT DvRTDyBMOCbT
VARFNCcqfgIc VARFNCcqfgIc
AMizjBPjmCZd AMizjBPjmCZd
PvZWLvSzyZfH PvZWLvSzyZfH
pQCFwcmaYfTN pQCFwcmaYfTN
EoEdLMroSPNp EoEdLMroSPNp
dDFWxTbuPymh dDFWxTbuPymh
NlmuUUVQUbgI NlmuUUVQUbgI
BkcPMTugAswL BkcPMTugAswL
mtRsLIzrlNLu mtRsLIzrlNLu
GemeldahvdVv GemeldahvdVv
BbyhqvohDUZK BbyhqvohDUZK
