SabrinaSiriPrince50 aHwNY UBrR9 52PwN H8qqB 0kSSC Ms6jj plb6L UBrR9 aHwNY M7N2p 7QUXg nannc 7QUXg M7N2p rFWcq M7N2p cwf5o M7N2p V7iEC M7N2p gInwM X9US9 i3qsm X9US9 gInwM M7N2p bXm0A nMJpi bXm0A M7N2p HVYtd Bjd2k HVYtd M7N2p X8iWp duKKu 11x30 WcEcU EZqNK OSLHQ 11x30 YgbLl Wutnl 5X0EW vmJdf YgbLl duKKu cRUJh SVxWg nbohZ d2ZYh SVxWg DrLs7 4MOkB yJVF4 9HL6t DrLs7 cRUJh X8iWp SabrinaSiriPrince50
25
aHwNY aHwNY
UBrR9 UBrR9
52PwN 52PwN
H8qqB H8qqB
0kSSC 0kSSC
Ms6jj Ms6jj
plb6L plb6L
nannc nannc
rFWcq rFWcq
cwf5o cwf5o
V7iEC V7iEC
i3qsm i3qsm
nMJpi nMJpi
Bjd2k Bjd2k
WcEcU WcEcU
EZqNK EZqNK
OSLHQ OSLHQ
Wutnl Wutnl
5X0EW 5X0EW
vmJdf vmJdf
nbohZ nbohZ
d2ZYh d2ZYh
4MOkB 4MOkB
yJVF4 yJVF4
9HL6t 9HL6t
