Florges Bergmite Wormadam Wailmer Primarina Wailmer Scolipede Nuzleaf Delibird Cascoon Cherrim Toxapex Ralts Doublade Carracosta Aurorus Dialga Pichu Dialga Volbeat Buzzwole Hakamoo Lillipup Infernape Bouffalant Omastar Flaaffy Palkia Girafarig Claydol Zubat Manectric Bidoof Machoke Timburr Machoke Bidoof Piloswine Bidoof Celebi Moltres Gastrodon Shaymin Snorlax Bewear Togetic Bewear Snorlax Celesteela Dusknoir Kricketot Genesect Drapion Poliwrath Zapdos Shieldon Regice Chansey Tentacruel Delibird Purrloin Poliwag Purrloin Sentret Hitmonlee Yanmega Cradily Tsareena Weepinbell Vespiquen Persian Furfrou Bayleef Bisharp Masquerain Florges Stufful Florges
50
Bergmite Bergmite
Wormadam Wormadam
Wailmer Wailmer
Primarina Primarina
Scolipede Scolipede
Delibird Delibird
Cascoon Cascoon
Cherrim Cherrim
Ralts Ralts
Carracosta Carracosta
Aurorus Aurorus
Dialga Dialga
Pichu Pichu
Volbeat Volbeat
Buzzwole Buzzwole
Hakamoo Hakamoo
Lillipup Lillipup
Infernape Infernape
Bouffalant Bouffalant
Omastar Omastar
Girafarig Girafarig
Zubat Zubat
Manectric Manectric
Bidoof Bidoof
Machoke Machoke
Timburr Timburr
Piloswine Piloswine
Celebi Celebi
Moltres Moltres
Gastrodon Gastrodon
Shaymin Shaymin
Togetic Togetic
Celesteela Celesteela
Dusknoir Dusknoir
Kricketot Kricketot
Poliwrath Poliwrath
Zapdos Zapdos
Regice Regice
Tentacruel Tentacruel
Purrloin Purrloin
Poliwag Poliwag
Sentret Sentret
Hitmonlee Hitmonlee
Yanmega Yanmega
Tsareena Tsareena
Weepinbell Weepinbell
Persian Persian
Bayleef Bayleef
Bisharp Bisharp
Stufful Stufful
