Liam Benjamin Wyatt Benjamin Liam Jaxon Sebastian Mason William Carter William Elijah Mason Noah Logan Ethan Jackson Lucas Andrew Charles Oliver Luke Michael Lincoln Daniel Joseph Matthew Joseph Jacob Joseph Mateo Alexander Henry Alexander Samuel James David Jaxon Aiden Liam
25
Liam Liam
Benjamin Benjamin
Wyatt Wyatt
Sebastian Sebastian
Mason Mason
William William
Carter Carter
Elijah Elijah
Noah Noah
Logan Logan
Ethan Ethan
Jackson Jackson
Lucas Lucas
Oliver Oliver
Michael Michael
Daniel Daniel
Joseph Joseph
Matthew Matthew
Jacob Jacob
Alexander Alexander
Henry Henry
Samuel Samuel
James James
David David
Aiden Aiden
