zero two three four eleven eighteen twentyfive thirtytwo thirtynine fortysix fiftythree sixty sixtyone sixtytwo sixtythree fiftyseven fiftyeight sixtyfive sixtysix sixtyseven sixtyeight sixtynine seventy seventyseven seventyone seventyseven seventysix seventyfive eightytwo eightyone eighty seventynine seventyeight eightyfour eightythree eightytwo eightynine eightyeight eightyseven eightyeight ninetyfive eightyeight eightyone seventyfour sixtyseven sixty fiftythree fiftytwo fiftyone fifty fiftysix fiftyfive fortyeight fortyseven fortysix fortyfive fortyfour fortyfive thirtyeight thirtyseven thirtysix thirtyseven thirty twentynine thirtyfive thirtyfour thirtythree twentysix twentyfive twentyfour twentythree twentytwo fifteen twentyone twenty twentyone fifteen eight fourteen eight nine ten eleven twelve five six zero
50
two two
three three
four four
twentyfive twentyfive
thirtynine thirtynine
fiftythree fiftythree
sixty sixty
sixtyone sixtyone
sixtytwo sixtytwo
fiftyseven fiftyseven
sixtyfive sixtyfive
sixtysix sixtysix
sixtyseven sixtyseven
sixtyeight sixtyeight
seventy seventy
seventyseven seventyseven
seventyone seventyone
seventyfive seventyfive
eightytwo eightytwo
eightyone eightyone
seventynine seventynine
seventyeight seventyeight
eightyfour eightyfour
eightynine eightynine
eightyeight eightyeight
eightyseven eightyseven
ninetyfive ninetyfive
fiftyone fiftyone
fifty fifty
fiftyfive fiftyfive
fortyeight fortyeight
fortyseven fortyseven
fortyfive fortyfive
fortyfour fortyfour
thirtyseven thirtyseven
thirtysix thirtysix
thirty thirty
twentynine twentynine
thirtyfive thirtyfive
thirtyfour thirtyfour
thirtythree thirtythree
twentyfour twentyfour
twentytwo twentytwo
fifteen fifteen
twenty twenty
fourteen fourteen
ten ten
twelve twelve
five five
six six
