7FD578 1AC5CE 283373 ED0989 283373 3E0BDD 2C376F E5D023 6CAF19 9B7F16 57CBDE C03738 9F01C8 EEEA40 342A3C 61D740 19E454 719360 E27C41 719360 981760 FF39A5 981760 B40756 17BEF0 859C0E 01684B 853F1A 1176C9 853F1A 01684B 1EE680 2E60FC 1BD5F4 CE97C4 877D0E CE97C4 66B94B F4C859 4BCD0B 7B7BDE 4BCD0B 7CDA20 6C7BF0 F94356 A085DD 853F1A 7FD578
25
1AC5CE 1AC5CE
3E0BDD 3E0BDD
2C376F 2C376F
E5D023 E5D023
6CAF19 6CAF19
9B7F16 9B7F16
9F01C8 9F01C8
EEEA40 EEEA40
61D740 61D740
E27C41 E27C41
981760 981760
FF39A5 FF39A5
B40756 B40756
859C0E 859C0E
01684B 01684B
1176C9 1176C9
1EE680 1EE680
2E60FC 2E60FC
1BD5F4 1BD5F4
877D0E 877D0E
66B94B 66B94B
F4C859 F4C859
7B7BDE 7B7BDE
6C7BF0 6C7BF0
A085DD A085DD
