context bedroom thanks bank attempt fun satisfaction soil ability state anxiety departure aspect teaching bread farmer store fat interaction construction while reality wood currency care bit part road context
25
context context
bedroom bedroom
thanks thanks
attempt attempt
satisfaction satisfaction
soil soil
ability ability
state state
anxiety anxiety
departure departure
aspect aspect
teaching teaching
bread bread
farmer farmer
store store
fat fat
interaction interaction
construction construction
while while
reality reality
wood wood
currency currency
care care
bit bit
road road
