S Q BT AB CO AN AD BR AA AN CI AN AJ AW BW CB CH AN BV AN CL K AR AN BB Q AK AN AH AN BQ Q AO Q BS AW AM D CV AW CU G CD F CM A BU AN AS N BE AW CJ Q CQ AW BF AW BC Q BM AN BI Q CP Q AG AN AQ L U O CF J Y CT AT P AF E BP AW BX AN AV AN BL AN BO AW BZ AW BG AN AX Q AE AN BH Q CN M AP AW BY AW CC AW BJ AN AZ I CR Q BA AN AL AN AU C CA Q CE V T R CS H CK AC BK W B BD AN BN AN CW GJ Z AY X AI S
100
S S
Q Q
BT BT
AB AB
CO CO
AN AN
AD AD
BR BR
AA AA
CI CI
AJ AJ
AW AW
BW BW
CB CB
CH CH
BV BV
CL CL
K K
AR AR
BB BB
AK AK
AH AH
BQ BQ
AO AO
BS BS
AM AM
D D
CV CV
CU CU
G G
CD CD
F F
CM CM
A A
BU BU
AS AS
N N
BE BE
CJ CJ
CQ CQ
BF BF
BC BC
BM BM
BI BI
CP CP
AG AG
AQ AQ
L L
U U
O O
CF CF
J J
Y Y
CT CT
AT AT
P P
AF AF
E E
BP BP
BX BX
AV AV
BL BL
BO BO
BZ BZ
BG BG
AX AX
AE AE
BH BH
CN CN
M M
AP AP
BY BY
CC CC
BJ BJ
AZ AZ
I I
CR CR
BA BA
AL AL
AU AU
C C
CA CA
CE CE
V V
T T
R R
CS CS
H H
CK CK
AC AC
BK BK
W W
B B
BD BD
BN BN
CW CW
Z Z
AY AY
X X
AI AI
