cure coralberry hypotonic Verdi swoop Britannica marquess salary roost periphery item coralberry upheld bear indignity St Brillouin tick Muscat coralberry reflectance periphery obfuscate periphery ineducable coralberry Delphi St Negroid St Vichy St stupor St latch St Blackman St logjam St seem bear Moe loop belch tick lint Verdi greet coralberry Bridgeport coralberry cure
25
hypotonic hypotonic
swoop swoop
marquess marquess
roost roost
item item
upheld upheld
indignity indignity
Brillouin Brillouin
Muscat Muscat
reflectance reflectance
obfuscate obfuscate
ineducable ineducable
Delphi Delphi
Negroid Negroid
Vichy Vichy
stupor stupor
latch latch
Blackman Blackman
logjam logjam
seem seem
Moe Moe
belch belch
lint lint
greet greet
Bridgeport Bridgeport
