142 121 137 66 44 66 106 127 106 66 137 107 62 47 7 47 62 107 137 48 76 24 37 172 90 143 77 160 108 148 46 4 174 3 91 181 151 144 151 93 151 167 151 159 45 8 31 8 163 100 34 100 1 154 139 153 23 153 181 18 103 6 17 186 55 186 78 60 124 60 193 16 177 126 12 197 38 118 190 183 0 26 149 22 185 5 115 39 132 187 85 89 79 75 128 122 64 69 158 195 178 52 134 14 9 28 9 92 70 92 9 33 133 41 152 68 192 150 21 157 21 150 99 141 65 130 58 147 27 72 145 139 30 140 129 140 171 63 131 35 131 63 171 135 97 135 137 121 142
60
121 121
137 137
44 44
106 106
127 127
7 7
48 48
76 76
90 90
77 77
108 108
46 46
4 4
174 174
3 3
91 91
181 181
151 151
144 144
93 93
167 167
159 159
31 31
34 34
23 23
186 186
55 55
60 60
124 124
16 16
177 177
197 197
38 38
183 183
22 22
115 115
39 39
89 89
64 64
69 69
158 158
195 195
178 178
14 14
70 70
33 33
133 133
41 41
150 150
21 21
157 157
141 141
58 58
145 145
30 30
140 140
129 129
63 63
35 35
97 97
