89 65 82 92 24 25 24 13 24 5 24 11 27 23 17 48 74 44 21 44 74 36 30 32 26 86 75 38 52 45 52 38 7 15 73 9 73 3 79 34 2 28 2 0 37 6 8 43 8 40 95 53 10 95 16 95 33 95 40 4 40 8 57 47 57 66 55 42 31 42 19 42 55 66 41 12 41 49 41 66 57 29 46 29 57 68 22 68 14 94 1 94 80 50 39 50 35 20 18 65 89
50
24 24
25 25
13 13
5 5
11 11
27 27
23 23
17 17
48 48
44 44
21 21
36 36
30 30
32 32
26 26
38 38
45 45
7 7
15 15
9 9
3 3
34 34
2 2
28 28
37 37
6 6
8 8
43 43
40 40
10 10
16 16
33 33
4 4
47 47
42 42
31 31
19 19
41 41
12 12
49 49
29 29
46 46
22 22
14 14
1 1
50 50
39 39
35 35
20 20
18 18
