7FWNmYu1sEzp7YpjhNM0 A9DFzQyemv4Vrp2lXMgz W2denTwXnWz4qrXL3aFw 9l9bqgsSEgsSkszLK4O4 AzIG5crlJuxKgwAi8EiY nAg8OEdqlYhSIX9nv2SQ uKBUiyynqpfTFP93OJ0w scUa5QdkUC7khfk1TYEx pPWJrH430fABR0NcoPKV ZPdVSQmUt7J8A3Rehp7D goJftIzc5FBlw9j9PMfL qUHIoJ8btUij9h8nDU8R lDAnOMVYOYXzMCtINEX8 PyIlH9YicODghA6KwJUV 1foAom0YUla8ad6rygWf B46pe0ii1rn1dcGCmje6 CdlE2FMHtE23wbpleKPr Hp324dioHwKLfiZ19twT g2g8WLVxe9HOQYy10Bok RIFDgOYLizqUpmzvNX0Y 6uJmr1C0tkMcbasOZ8YR IcKzxr7CcACAPE40T0L0 6uYVEZNStGwGBaOTSZJ3 LEf0huj6HzVDaAZAnsYH kgMLDXb5R3ORIfTilNFP 5yzYewNOjD4D1V8ZP8q1 7FWNmYu1sEzp7YpjhNM0
25
A9DFzQyemv4Vrp2lXMgz A9DFzQyemv4Vrp2lXMgz
W2denTwXnWz4qrXL3aFw W2denTwXnWz4qrXL3aFw
9l9bqgsSEgsSkszLK4O4 9l9bqgsSEgsSkszLK4O4
AzIG5crlJuxKgwAi8EiY AzIG5crlJuxKgwAi8EiY
nAg8OEdqlYhSIX9nv2SQ nAg8OEdqlYhSIX9nv2SQ
uKBUiyynqpfTFP93OJ0w uKBUiyynqpfTFP93OJ0w
scUa5QdkUC7khfk1TYEx scUa5QdkUC7khfk1TYEx
pPWJrH430fABR0NcoPKV pPWJrH430fABR0NcoPKV
ZPdVSQmUt7J8A3Rehp7D ZPdVSQmUt7J8A3Rehp7D
goJftIzc5FBlw9j9PMfL goJftIzc5FBlw9j9PMfL
qUHIoJ8btUij9h8nDU8R qUHIoJ8btUij9h8nDU8R
lDAnOMVYOYXzMCtINEX8 lDAnOMVYOYXzMCtINEX8
PyIlH9YicODghA6KwJUV PyIlH9YicODghA6KwJUV
1foAom0YUla8ad6rygWf 1foAom0YUla8ad6rygWf
B46pe0ii1rn1dcGCmje6 B46pe0ii1rn1dcGCmje6
CdlE2FMHtE23wbpleKPr CdlE2FMHtE23wbpleKPr
Hp324dioHwKLfiZ19twT Hp324dioHwKLfiZ19twT
g2g8WLVxe9HOQYy10Bok g2g8WLVxe9HOQYy10Bok
RIFDgOYLizqUpmzvNX0Y RIFDgOYLizqUpmzvNX0Y
6uJmr1C0tkMcbasOZ8YR 6uJmr1C0tkMcbasOZ8YR
IcKzxr7CcACAPE40T0L0 IcKzxr7CcACAPE40T0L0
6uYVEZNStGwGBaOTSZJ3 6uYVEZNStGwGBaOTSZJ3
LEf0huj6HzVDaAZAnsYH LEf0huj6HzVDaAZAnsYH
kgMLDXb5R3ORIfTilNFP kgMLDXb5R3ORIfTilNFP
5yzYewNOjD4D1V8ZP8q1 5yzYewNOjD4D1V8ZP8q1
