Soda Doe UniversityVillage Bowles UniversityVillage Doe GreekTheatre LawrenceHall MemorialStadium InternationalHouse AlumniHouse GiauqueHall Etcheverry Unit2 BancroftLibrary Unit2 DurantHall Blackwell Cory Campbell Unit3 Barrows CaliforniaHall HildebrandHall Gilman ZellerbachHall DavisHall SouthHall Unit1 SouthHall Moffit DavisHall Stern DavisHall Wheeler LeConte Foothill HavilandHall Dwinelle HearstMining BotanicalGardens Evans BAMPFA Evans Campanile BerkeleyWayWest Soda
25
Doe Doe
Bowles Bowles
GreekTheatre GreekTheatre
LawrenceHall LawrenceHall
InternationalHouse InternationalHouse
Unit2 Unit2
BancroftLibrary BancroftLibrary
DurantHall DurantHall
Campbell Campbell
Unit3 Unit3
CaliforniaHall CaliforniaHall
Gilman Gilman
SouthHall SouthHall
Unit1 Unit1
Moffit Moffit
Stern Stern
Wheeler Wheeler
LeConte LeConte
Foothill Foothill
Dwinelle Dwinelle
HearstMining HearstMining
Evans Evans
BAMPFA BAMPFA
Campanile Campanile
BerkeleyWayWest BerkeleyWayWest
