ROck Know ROck maKe ROck MOld ROck cool ROck AND bundled AND Didn AND getting AND U AND you in you bored THat bored mYself bored tool plAy Live up But like But wait But told But stop But they COuld me COuld wrong COuld gEts COuld gas shine gas said gas gold gas re gas thin uSe thin live thin To thin myself know myself staR myself well myself Hey myself dumb this dumb Star dumb OnLY dumb coming geTS coming shootinG coming On coming aLl differ aLl forehead aLl yep use yep I men water men break men skate men meteor men I with I head I rules I GO I yep of yep about yep Well yep aLl runningj aLl stAr aLl coming shape coming dumb glitters dumb myself thin back thin gas COuld now COuld they sense they t they running they get they But up might up For up tHat up way up Live Didnt Live sharpest Live noW Live youre Live plAy her plAy strEEts plAy And plAy fRom plAy tool OnLy tool coNcept tool So tool years tool bored YoULL bored the bored you brain you YouLL you roll you AND ROck little GEt little doNt little Judging little till satellite till gOld till HEY till YOURE till You dONt You Only You GeT You play see play Fed play all play ground play if gliTTers if thumb if ice if shoW if play You need You till little Your little ROck
100
Know Know
maKe maKe
MOld MOld
cool cool
bundled bundled
Didn Didn
getting getting
U U
in in
THat THat
mYself mYself
like like
wait wait
told told
stop stop
me me
wrong wrong
gEts gEts
shine shine
said said
gold gold
re re
uSe uSe
live live
To To
know know
staR staR
well well
Hey Hey
this this
Star Star
OnLY OnLY
geTS geTS
shootinG shootinG
On On
differ differ
forehead forehead
use use
water water
break break
skate skate
meteor meteor
with with
head head
rules rules
GO GO
of of
about about
Well Well
runningj runningj
stAr stAr
shape shape
glitters glitters
back back
now now
sense sense
t t
running running
get get
might might
For For
tHat tHat
way way
Didnt Didnt
sharpest sharpest
noW noW
youre youre
her her
strEEts strEEts
And And
fRom fRom
OnLy OnLy
coNcept coNcept
So So
years years
YoULL YoULL
the the
brain brain
YouLL YouLL
roll roll
GEt GEt
doNt doNt
Judging Judging
satellite satellite
gOld gOld
HEY HEY
YOURE YOURE
dONt dONt
Only Only
GeT GeT
see see
Fed Fed
all all
ground ground
gliTTers gliTTers
thumb thumb
ice ice
shoW shoW
need need
Your Your
