Hayward CedarRapids Memphis CedarRapids Burbank Chicago Burbank Danbury Atlanta Abilene GrandRapids Abilene Downey Rochester AtlanticCity SaintPaul SimiValley NewBedford Aurora Bakersfield Aurora Tucson Bradenton Tucson SantaCruz Montgomery ThousandOaks Montgomery Topeka Omaha PuntaGorda Kennewick Tyler Hickory HuntingtonBeach Hickory Winston Murrieta Tampa Murrieta Winston Wilmington Washington LakeCharles Newark NewYorkCity York BelAir Monroe BelAir McAllen KansasCity Huntsville Yonkers Waterloo Springdale McHenry Torrance PalmBay Modesto Hampton RichmondCounty Charlotte Barnstable Medford SaintLouis Harlingen Waco Corona Deltona Bryan Deltona Durham Bloomington Durham Asheville Hayward SantaClara Hayward
50
CedarRapids CedarRapids
Memphis Memphis
Burbank Burbank
Chicago Chicago
Danbury Danbury
Atlanta Atlanta
GrandRapids GrandRapids
Downey Downey
SaintPaul SaintPaul
NewBedford NewBedford
Aurora Aurora
Bakersfield Bakersfield
Tucson Tucson
Bradenton Bradenton
SantaCruz SantaCruz
ThousandOaks ThousandOaks
Topeka Topeka
Omaha Omaha
PuntaGorda PuntaGorda
Kennewick Kennewick
Tyler Tyler
Hickory Hickory
HuntingtonBeach HuntingtonBeach
Tampa Tampa
LakeCharles LakeCharles
Newark Newark
NewYorkCity NewYorkCity
York York
BelAir BelAir
Monroe Monroe
McAllen McAllen
Huntsville Huntsville
Yonkers Yonkers
Waterloo Waterloo
Springdale Springdale
McHenry McHenry
Torrance Torrance
PalmBay PalmBay
Modesto Modesto
Hampton Hampton
RichmondCounty RichmondCounty
Charlotte Charlotte
Barnstable Barnstable
Harlingen Harlingen
Waco Waco
Deltona Deltona
Durham Durham
Bloomington Bloomington
Asheville Asheville
SantaClara SantaClara
