5 185 20 170 79 58 16 159 102 122 177 66 8 50 78 69 27 82 182 196 108 106 91 115 92 198 147 97 117 157 164 124 190 93 112 55 168 35 130 137 197 46 100 83 103 149 38 89 42 188 1 5
50
185 185
20 20
170 170
79 79
58 58
16 16
159 159
102 102
122 122
177 177
66 66
8 8
50 50
78 78
69 69
27 27
82 82
182 182
196 196
108 108
106 106
91 91
115 115
92 92
198 198
147 147
97 97
117 117
157 157
164 164
124 124
190 190
93 93
112 112
55 55
168 168
35 35
130 130
137 137
197 197
46 46
100 100
83 83
103 103
149 149
38 38
89 89
42 42
188 188
1 1
