Jason Jeremy Ashley Melissa Timothy Tommy Juan Karen Lauren Charles Sabrina Joseph Adam Misty Dylan Shane Tristan Brian Gabriel Laura Johnathan Megan Bryan Jacqueline Jeffrey Robert Samantha Shannon April Robin Randy Melinda Dustin Michelle Paul Scott Jane Mary Kathy Jennifer Amanda Carol Kelsey Wendy Susan Kristen Tammy Kara Cheryl Joshua Claire David Kyle Brittany Evan Brad Stephen Jordan Jeffery Ricky Derek Wayne Elizabeth Ronnie Stacie Carrie Christina Mercedes Grace Kari Rebecca Brett Rebekah Crystal Monica Rachel Andrew Gregory Roy Nathaniel Heather Adrian Katelyn James Mario Shawn Mark Regina Kayla John Nicole Jose William Cristian Logan Jill Edwin Dana Kimberly Alexandra Nicholas Jason
100
Jeremy Jeremy
Ashley Ashley
Melissa Melissa
Timothy Timothy
Tommy Tommy
Juan Juan
Karen Karen
Lauren Lauren
Charles Charles
Sabrina Sabrina
Joseph Joseph
Adam Adam
Misty Misty
Dylan Dylan
Shane Shane
Tristan Tristan
Brian Brian
Gabriel Gabriel
Laura Laura
Johnathan Johnathan
Megan Megan
Bryan Bryan
Jacqueline Jacqueline
Jeffrey Jeffrey
Robert Robert
Samantha Samantha
Shannon Shannon
April April
Robin Robin
Randy Randy
Melinda Melinda
Dustin Dustin
Michelle Michelle
Paul Paul
Scott Scott
Jane Jane
Mary Mary
Kathy Kathy
Jennifer Jennifer
Amanda Amanda
Carol Carol
Kelsey Kelsey
Wendy Wendy
Susan Susan
Kristen Kristen
Tammy Tammy
Kara Kara
Cheryl Cheryl
Joshua Joshua
Claire Claire
David David
Kyle Kyle
Brittany Brittany
Evan Evan
Brad Brad
Stephen Stephen
Jordan Jordan
Jeffery Jeffery
Ricky Ricky
Derek Derek
Wayne Wayne
Elizabeth Elizabeth
Ronnie Ronnie
Stacie Stacie
Carrie Carrie
Christina Christina
Mercedes Mercedes
Grace Grace
Kari Kari
Rebecca Rebecca
Brett Brett
Rebekah Rebekah
Crystal Crystal
Monica Monica
Rachel Rachel
Andrew Andrew
Gregory Gregory
Roy Roy
Nathaniel Nathaniel
Heather Heather
Adrian Adrian
Katelyn Katelyn
James James
Mario Mario
Shawn Shawn
Mark Mark
Regina Regina
Kayla Kayla
John John
Nicole Nicole
Jose Jose
William William
Cristian Cristian
Logan Logan
Jill Jill
Edwin Edwin
Dana Dana
Kimberly Kimberly
Alexandra Alexandra
Nicholas Nicholas
