1 50 84 50 17 81 50 29 50 62 0 50 67 71 95 40 50 46 50 33 87 97 2 99 37 58 50 61 50 20 42 50 83 50 92 50 80 50 18 50 51 50 44 93 64 85 32 50 35 50 86 21 5 28 91 74 50 8 50 19 50 49 4 78 50 38 50 79 50 31 54 50 65 50 66 50 63 50 1
50
84 84
17 17
81 81
29 29
62 62
0 0
67 67
71 71
95 95
40 40
46 46
33 33
87 87
97 97
2 2
99 99
37 37
58 58
61 61
20 20
42 42
83 83
92 92
80 80
18 18
51 51
44 44
93 93
64 64
85 85
32 32
35 35
86 86
21 21
5 5
28 28
91 91
74 74
8 8
19 19
49 49
4 4
78 78
38 38
79 79
31 31
54 54
65 65
66 66
63 63
