AAA AAB ABB ABC AAC AAD ABD ACD ADD ACD ACC ACB ACA ADA BAA BAB BBB BBC BAC BAD BBD BCD BDD BCD BCC BCB BCA BDA CAA CBA CCA CDA DAA DBA DCA DDA EAA EBA ECA EDA FAA FAB FBB FCB FCC FCD FDD FCD FBD FAD FAC FBC FBB FAB FAA EDA ECA ECB ECC ECD EDD ECD EBD EAD EAC EBC EBB EAB EAA DDA DCA DCB DCC DCD DDD DCD DBD DAD DAC DBC DBB DAB DAA CDA CCA CCB CCC CCD CDD CCD CBD CAD CAC CBC CBB CAB CAA BDA BCA BBA BAA ADA ACA ABA AAA
36
ABB ABB
ABC ABC
AAD AAD
ACD ACD
ADD ADD
ACB ACB
BBB BBB
BBC BBC
BAD BAD
BCD BCD
BDD BDD
BCB BCB
FBB FBB
FCB FCB
FCD FCD
FDD FDD
FAD FAD
FBC FBC
ECB ECB
ECD ECD
EDD EDD
EAD EAD
EBC EBC
EBB EBB
DCB DCB
DCD DCD
DDD DDD
DAD DAD
DBC DBC
DBB DBB
CCB CCB
CCD CCD
CDD CDD
CAD CAD
CBC CBC
CBB CBB
