144 133 18 141 119 187 51 39 188 16 62 13 110 115 112 132 88 114 44 4 78 21 126 106 173 14 107 169 90 165 66 3 122 92 152 79 8 75 95 99 7 128 93 136 53 83 174 124 74 157 170 67 104 130 156 24 108 43 87 42 131 76 147 159 70 183 142 64 49 127 120 19 158 28 11 47 144
72
133 133
18 18
141 141
119 119
187 187
51 51
39 39
188 188
16 16
62 62
13 13
110 110
112 112
132 132
88 88
114 114
44 44
78 78
21 21
126 126
106 106
14 14
107 107
169 169
90 90
165 165
66 66
3 3
122 122
92 92
152 152
79 79
8 8
75 75
95 95
99 99
7 7
128 128
93 93
136 136
53 53
83 83
174 174
124 124
74 74
157 157
170 170
67 67
104 104
130 130
156 156
24 24
108 108
43 43
87 87
42 42
131 131
76 76
147 147
159 159
70 70
183 183
142 142
64 64
49 49
127 127
120 120
19 19
158 158
28 28
11 11
47 47
