destitute encumbrance anvil Fisk mediate extractor combine extractor Modesto Auberge jewel Injun stanza Injun illusion bifurcate embassy Halstead Elizabethan yogurt trill fatten choice millennium choice shroud McCall Andersen Vega bobble Dominican Bleeker minion slowdown amateur slowdown schedule connubial Hindi MN Isfahan balustrade midget funny Gilmore tate diligent swingy Hewlett decor swordfish septillion creekside septillion transpiration septillion papal ripe Darwin Rio Loomis destitute
50
anvil anvil
Fisk Fisk
mediate mediate
extractor extractor
Modesto Modesto
Auberge Auberge
jewel jewel
Injun Injun
stanza stanza
illusion illusion
embassy embassy
Halstead Halstead
Elizabethan Elizabethan
yogurt yogurt
trill trill
fatten fatten
choice choice
shroud shroud
McCall McCall
Andersen Andersen
Vega Vega
bobble bobble
Dominican Dominican
Bleeker Bleeker
minion minion
slowdown slowdown
amateur amateur
schedule schedule
connubial connubial
Hindi Hindi
MN MN
Isfahan Isfahan
balustrade balustrade
midget midget
funny funny
Gilmore Gilmore
tate tate
diligent diligent
swingy swingy
Hewlett Hewlett
decor decor
swordfish swordfish
septillion septillion
creekside creekside
transpiration transpiration
papal papal
ripe ripe
Darwin Darwin
Rio Rio
Loomis Loomis
