1 1bH 1dS 1bG 1bR 1bQ 1bV 1dY 1cV 1dI 1dJ 1eG 1cP 1cZ 1eE 1dV 1cR 1cG 1aR 1aI 1dD 1bA 1aW 1dC 1cO 1aY 1bK 1cN 1dK 1eF 1cK 1aT 1dA 1dR 1dT 1bJ 1cW 1bN 1cC 1cH K 1aK 1aX 1cY 1bY 1cF 1dG 1bW 1cD 1bE 1dF 1bO 1cT 1bX 1bS 1eX 1eD 1bC 1aV 1cJ 1cQ 1aE 1bU 1aJ 1cS 1cX 1aQ 1dH 1bB 1cU 1aU 1eH 1aM 1cB 1aA 1aZ 1bL 1cI 1dM 1aN 1cE 1aB 1bM 1dO 1bP 1bF 1bD 1eJ 1eC 1eO 1aC 1bT 1dN 1dW 1eB 1dE 1dP 1eI 1aS 1eA 1aP 1dZ 1aL 1
100
1 1
1bH 1bH
1dS 1dS
1bG 1bG
1bR 1bR
1bQ 1bQ
1bV 1bV
1dY 1dY
1cV 1cV
1dI 1dI
1dJ 1dJ
1eG 1eG
1cP 1cP
1cZ 1cZ
1eE 1eE
1dV 1dV
1cR 1cR
1cG 1cG
1aR 1aR
1aI 1aI
1dD 1dD
1bA 1bA
1aW 1aW
1dC 1dC
1cO 1cO
1aY 1aY
1bK 1bK
1cN 1cN
1dK 1dK
1eF 1eF
1cK 1cK
1aT 1aT
1dA 1dA
1dR 1dR
1dT 1dT
1bJ 1bJ
1cW 1cW
1bN 1bN
1cC 1cC
1cH 1cH
1aK 1aK
1aX 1aX
1cY 1cY
1bY 1bY
1cF 1cF
1dG 1dG
1bW 1bW
1cD 1cD
1bE 1bE
1dF 1dF
1bO 1bO
1cT 1cT
1bX 1bX
1bS 1bS
1eD 1eD
1bC 1bC
1aV 1aV
1cJ 1cJ
1cQ 1cQ
1aE 1aE
1bU 1bU
1aJ 1aJ
1cS 1cS
1cX 1cX
1aQ 1aQ
1dH 1dH
1bB 1bB
1cU 1cU
1aU 1aU
1eH 1eH
1aM 1aM
1cB 1cB
1aA 1aA
1aZ 1aZ
1bL 1bL
1cI 1cI
1dM 1dM
1aN 1aN
1cE 1cE
1aB 1aB
1bM 1bM
1dO 1dO
1bP 1bP
1bF 1bF
1bD 1bD
1eJ 1eJ
1eC 1eC
1aC 1aC
1bT 1bT
1dN 1dN
1dW 1dW
1eB 1eB
1dE 1dE
1dP 1dP
1eI 1eI
1aS 1aS
1eA 1eA
1aP 1aP
1dZ 1dZ
1aL 1aL
