Donner Haas Providence Wurster Haste Cyclotron Helena Gayley Foothill Gilman Recreational Phoenix Life Tallahassee Ishi Minnesota Old Iowa Illinois Topeka North Juneau Optometry McCone Santa Donner
25
Donner Donner
Haas Haas
Providence Providence
Wurster Wurster
Haste Haste
Cyclotron Cyclotron
Helena Helena
Gayley Gayley
Foothill Foothill
Gilman Gilman
Recreational Recreational
Phoenix Phoenix
Life Life
Tallahassee Tallahassee
Ishi Ishi
Minnesota Minnesota
Old Old
Iowa Iowa
Illinois Illinois
Topeka Topeka
North North
Juneau Juneau
Optometry Optometry
McCone McCone
Santa Santa
