Soda RSF MorganHall MorrisonHall MorganHall RSF SatherRd SatherTower SatherGate NorthField MulfordHall NorthField SatherGate SatherTower Soda Campanile BarrowLane BarkerHall Dwinelle BarrowLane AlumniHouse BarrowsHall CampbellHall CareerCenter CampbellHall BarrowsHall AlumniHouse Soda SeniorHall TangCenter SproulPlaza SutardjaDaiHall Unit1 SutardjaDaiHall TangCenter WursterHall SeniorHall Soda Jacobs HaasPavilion GreekTheatre EshlemanHall LeConteHall MemorialGlade MLK Lawrence MLK LeConteHall EyeCenter EshlemanHall Soda
18
MorganHall MorganHall
MorrisonHall MorrisonHall
SatherRd SatherRd
MulfordHall MulfordHall
Campanile Campanile
BarkerHall BarkerHall
Dwinelle Dwinelle
CareerCenter CareerCenter
SproulPlaza SproulPlaza
SutardjaDaiHall SutardjaDaiHall
Unit1 Unit1
WursterHall WursterHall
Jacobs Jacobs
LeConteHall LeConteHall
MemorialGlade MemorialGlade
MLK MLK
Lawrence Lawrence
EyeCenter EyeCenter
