pump reflection packet ground float sentiment range depressed overlook freedom sticky button guideline descent pipe anger mouse plug unanimous performance literature exercise lemon ensure survival reject judicial minor fairy lot appearance admiration attractive title distributor park sit forest parallel ghost diagram privilege gloom innovation hierarchy affect nominate pursuit row aspect tip feign hallway polish separate brain wear pray sweet formulate sacrifice line consideration engineer rock valley prospect pedestrian genetic wage physical impound linger category mud leadership preoccupation need pump
78
pump pump
reflection reflection
packet packet
ground ground
float float
sentiment sentiment
range range
depressed depressed
overlook overlook
freedom freedom
sticky sticky
button button
guideline guideline
descent descent
pipe pipe
anger anger
mouse mouse
plug plug
unanimous unanimous
performance performance
literature literature
exercise exercise
lemon lemon
ensure ensure
survival survival
reject reject
judicial judicial
minor minor
fairy fairy
lot lot
appearance appearance
admiration admiration
attractive attractive
title title
distributor distributor
park park
sit sit
forest forest
parallel parallel
ghost ghost
diagram diagram
privilege privilege
gloom gloom
innovation innovation
hierarchy hierarchy
affect affect
nominate nominate
pursuit pursuit
row row
aspect aspect
tip tip
feign feign
hallway hallway
polish polish
separate separate
brain brain
wear wear
pray pray
sweet sweet
formulate formulate
sacrifice sacrifice
line line
consideration consideration
engineer engineer
rock rock
valley valley
prospect prospect
pedestrian pedestrian
genetic genetic
wage wage
physical physical
impound impound
linger linger
category category
mud mud
leadership leadership
preoccupation preoccupation
need need
