paint imported thumb fetch ambiguous indicate finish nutty measure diligent floor ice same slam route blade rake inherit desire ray glamorous determine learning complain stink wooden paint
25
paint paint
imported imported
thumb thumb
ambiguous ambiguous
indicate indicate
finish finish
nutty nutty
measure measure
diligent diligent
floor floor
ice ice
same same
slam slam
route route
blade blade
rake rake
inherit inherit
desire desire
ray ray
glamorous glamorous
determine determine
learning learning
complain complain
stink stink
wooden wooden
