Chelmbourne Shaftwich Chelmbourne Edgwich Staintree Stafthorne Stapwell Alfby Leatherlake Alfby Leatherlow Sudgrove Leatherlow Bracklow Pemwood Bracklow Hartbage Maidenden Enlow Cleredon Wyhead Sodside Brainbridge Southstoke Barngrove Prestdon Stainden Casford Alfwell Aldhall Alfwell Marlton Stapwold Wenwang Sudworth Wenwang Edgchester Horncester Enbage Prestey Sudwich Prestey Wenborough Elgrove Staflow Bursted Staflow Rocktree Whitborough Horndown Whitborough Rocktree Cookbridge Rocktree Hurstworth Waltbrook Hornley Durditch Barnden Shrivlow Flitham Kingsley Flitham Enbage Stainside Whitover Stainhall Southmere Shrivside Edglow Dartsted Clerethorne Barnside Clerethorne Stapthorne Stapmoor Barnham Alfcastle Egborne Cookton Hornley Pemwold Melborne Egcastle Nortcastle Whitavon Elside Stainfield Wenden Kingsbrook Wenden Elgrove Chelmbourne
59
Shaftwich Shaftwich
Edgwich Edgwich
Staintree Staintree
Stapwell Stapwell
Alfby Alfby
Leatherlake Leatherlake
Leatherlow Leatherlow
Bracklow Bracklow
Pemwood Pemwood
Hartbage Hartbage
Enlow Enlow
Cleredon Cleredon
Wyhead Wyhead
Sodside Sodside
Brainbridge Brainbridge
Prestdon Prestdon
Casford Casford
Alfwell Alfwell
Aldhall Aldhall
Marlton Marlton
Wenwang Wenwang
Sudworth Sudworth
Edgchester Edgchester
Horncester Horncester
Enbage Enbage
Prestey Prestey
Sudwich Sudwich
Wenborough Wenborough
Elgrove Elgrove
Staflow Staflow
Bursted Bursted
Rocktree Rocktree
Whitborough Whitborough
Horndown Horndown
Cookbridge Cookbridge
Hurstworth Hurstworth
Waltbrook Waltbrook
Hornley Hornley
Durditch Durditch
Shrivlow Shrivlow
Flitham Flitham
Kingsley Kingsley
Stainside Stainside
Whitover Whitover
Stainhall Stainhall
Southmere Southmere
Shrivside Shrivside
Dartsted Dartsted
Barnside Barnside
Stapthorne Stapthorne
Stapmoor Stapmoor
Barnham Barnham
Egborne Egborne
Cookton Cookton
Pemwold Pemwold
Egcastle Egcastle
Whitavon Whitavon
Elside Elside
Wenden Wenden
