Plano Rockford Riverside SantaClara Amarillo Chandler Miami Hampton Tallahassee Cincinnati Olathe Irvine LittleRock Irvine Fullerton AugustaRichmond NewOrleans HuntingtonBeach SimiValley HuntingtonBeach Mobile Hartford Dallas Worcester Mesquite Joliet Thornton Anchorage Clarksville Frisco StLouis AnnArbor FortLauderdale Norfolk Reno LouisvilleJefferson Tulsa SantaAna SiouxFalls FortCollins SantaRosa Springfield Chicago Salinas GardenGrove CedarRapids Philadelphia Charlotte Davidson Teemo Greensboro Surprise Corona Brownsville Knoxville SanBernardino Madison Fremont SantaClarita CorpusChristi Spokane Pomona NewHaven SanAntonio Houston Glendale Raleigh Denton Hialeah Portland GrandPrairie McAllen ThousandOaks Tampa Laredo Shreveport Stamford Allentown Killeen SanJose Glasses Hollywood Fontana Akron Escondido LosAngeles Lancaster Torrance Elizabeth Anaheim JerseyCity Pikachu Huntsville Lafayette PembrokePines Lincoln VirginiaBeach Ontario Waco Wichita Topeka OWO Mesa Charleston Memphis Montgomery BatonRouge Miramar Buffalo Hayward Denver Beaumont Vancouver Atlanta Oxnard Omaha Garland KansasCity Vallejo Clyde LasVegas Cary OklahomaCity Rochester SanFrancisco Warren MorenoValley Norman Sunnyvale Pasadena Irving SantaClara Plano
100
Rockford Rockford
Riverside Riverside
SantaClara SantaClara
Miami Miami
Hampton Hampton
Cincinnati Cincinnati
Olathe Olathe
Irvine Irvine
LittleRock LittleRock
AugustaRichmond AugustaRichmond
NewOrleans NewOrleans
HuntingtonBeach HuntingtonBeach
SimiValley SimiValley
Mobile Mobile
Hartford Hartford
Dallas Dallas
Worcester Worcester
Mesquite Mesquite
Thornton Thornton
Anchorage Anchorage
StLouis StLouis
AnnArbor AnnArbor
FortLauderdale FortLauderdale
Norfolk Norfolk
LouisvilleJefferson LouisvilleJefferson
Tulsa Tulsa
SiouxFalls SiouxFalls
FortCollins FortCollins
SantaRosa SantaRosa
Chicago Chicago
Salinas Salinas
GardenGrove GardenGrove
Davidson Davidson
Greensboro Greensboro
Surprise Surprise
Corona Corona
Brownsville Brownsville
Knoxville Knoxville
SanBernardino SanBernardino
Madison Madison
Fremont Fremont
SantaClarita SantaClarita
CorpusChristi CorpusChristi
Pomona Pomona
NewHaven NewHaven
SanAntonio SanAntonio
Houston Houston
Glendale Glendale
Raleigh Raleigh
Denton Denton
Portland Portland
GrandPrairie GrandPrairie
McAllen McAllen
ThousandOaks ThousandOaks
Tampa Tampa
Laredo Laredo
Stamford Stamford
Allentown Allentown
Killeen Killeen
SanJose SanJose
Glasses Glasses
Hollywood Hollywood
Akron Akron
Escondido Escondido
Lancaster Lancaster
Torrance Torrance
Elizabeth Elizabeth
Anaheim Anaheim
JerseyCity JerseyCity
Pikachu Pikachu
Huntsville Huntsville
Lafayette Lafayette
Lincoln Lincoln
Ontario Ontario
Waco Waco
Wichita Wichita
OWO OWO
Mesa Mesa
Charleston Charleston
Memphis Memphis
Montgomery Montgomery
Hayward Hayward
Denver Denver
Beaumont Beaumont
Vancouver Vancouver
Atlanta Atlanta
Oxnard Oxnard
Omaha Omaha
Garland Garland
Vallejo Vallejo
LasVegas LasVegas
Cary Cary
OklahomaCity OklahomaCity
SanFrancisco SanFrancisco
Warren Warren
MorenoValley MorenoValley
Norman Norman
Sunnyvale Sunnyvale
Pasadena Pasadena
Irving Irving
