93 37 20 169 155 8 101 105 101 172 124 27 129 74 130 75 102 46 146 165 43 87 164 168 14 99 11 66 65 126 98 107 24 4 76 16 90 34 121 176 147 26 19 154 47 78 72 110 91 40 116 128 84 82 63 163 52 151 51 103 171 41 22 56 122 140 64 170 108 39 97 136 177 53 125 141 81 35 61 79 1 119 86 111 86 57 132 67 132 115 131 38 131 36 109 33 95 2 73 161 137 49 117 77 143 174 70 62 80 94 138 157 18 93
91
20 20
169 169
155 155
101 101
105 105
172 172
124 124
27 27
129 129
74 74
130 130
75 75
102 102
46 46
146 146
165 165
43 43
87 87
168 168
14 14
99 99
66 66
65 65
98 98
24 24
4 4
76 76
90 90
34 34
121 121
176 176
147 147
26 26
19 19
154 154
47 47
72 72
110 110
91 91
40 40
116 116
84 84
82 82
63 63
163 163
52 52
151 151
51 51
171 171
56 56
122 122
140 140
64 64
170 170
108 108
39 39
136 136
177 177
53 53
125 125
141 141
81 81
61 61
79 79
1 1
119 119
86 86
111 111
57 57
67 67
115 115
131 131
38 38
36 36
109 109
95 95
2 2
73 73
161 161
137 137
49 49
117 117
77 77
143 143
174 174
70 70
62 62
80 80
138 138
157 157
18 18
