Dannemora Hamburg Flower Hamburg DeRuyter Frankfort Flanders Odessa Frewsburg Delhi Freeville Farnham Freeville Delhi Franklin Haviland Fishers Forest Fishers Deferiet Noyack Dunkirk Noyack Deferiet Germantown Dexter Fairmount Dexter Hermon Franklinville Norwich Fabius Fonda Fleischmanns Fonda Freeport Ghent Depauville Fredonia Harbor Fayetteville Herkimer Hicksville Depew Geneva Fairport Fulton Nyack Fulton Gardiner Friendship Gardiner Falconer Gasport Oceanside Fair Oceanside Freeport Forestville Davis Fishkill Mills Fairview Hewlett Hempstead Deposit Herricks Delmar Germantown Galeville Delevan Dansville Delanson Deer Florida Farmingville Highland Firthcliffe Earlville Fire Dannemora
50
Flower Flower
DeRuyter DeRuyter
Frankfort Frankfort
Flanders Flanders
Frewsburg Frewsburg
Delhi Delhi
Freeville Freeville
Farnham Farnham
Franklin Franklin
Fishers Fishers
Forest Forest
Deferiet Deferiet
Dunkirk Dunkirk
Germantown Germantown
Dexter Dexter
Fairmount Fairmount
Franklinville Franklinville
Fabius Fabius
Fonda Fonda
Fleischmanns Fleischmanns
Freeport Freeport
Ghent Ghent
Depauville Depauville
Fredonia Fredonia
Fayetteville Fayetteville
Depew Depew
Geneva Geneva
Fairport Fairport
Fulton Fulton
Gardiner Gardiner
Friendship Friendship
Falconer Falconer
Gasport Gasport
Fair Fair
Forestville Forestville
Davis Davis
Fishkill Fishkill
Fairview Fairview
Deposit Deposit
Delmar Delmar
Galeville Galeville
Delevan Delevan
Dansville Dansville
Delanson Delanson
Deer Deer
Florida Florida
Farmingville Farmingville
Firthcliffe Firthcliffe
Earlville Earlville
Fire Fire
