Acadia Capitol Acadia Tortugas Acadia Biscayne Rocky Caverns Congaree Everglades Mammoth Voyageurs Smoky Voyageurs Bend Yosemite Denali Teddy Haleakala Shenandoah Isle Teton Gateway Saguaro Olympic Arches Sequoia Guadalupe Isle Brycecanyon Canyonlands Brycecanyon Glacier Gunnison Basin Badlands Crater Indiana Channel Cuyahoga Biscayne Acadia
25
Capitol Capitol
Tortugas Tortugas
Biscayne Biscayne
Caverns Caverns
Congaree Congaree
Everglades Everglades
Smoky Smoky
Bend Bend
Denali Denali
Haleakala Haleakala
Isle Isle
Teton Teton
Gateway Gateway
Arches Arches
Guadalupe Guadalupe
Brycecanyon Brycecanyon
Canyonlands Canyonlands
Glacier Glacier
Gunnison Gunnison
Basin Basin
Badlands Badlands
Crater Crater
Indiana Indiana
Channel Channel
Cuyahoga Cuyahoga
