pace other quadruple ask candle triple country knot bleed smile headline smile bleed pier pig straighten identity coincide dive view profound gallon profound coast swear tool railcar attraction guarantee joystick swop nationalist acceptance nationalist page mature native blonde science begin greeting decisive tolerate injury flag home dialogue cotton lifestyle election buffet exempt buffet pipe blonde virgin winner assignment winner virgin blonde native development skeleton development confrontation forge confrontation mixture joint output joint illusion enemy control enemy stress enemy desk spoil desk injection pardon chair respect structure bowel brake scheme certain bitter rage bitter coffin bitter certain drawer chew offset chew curriculum bleed environment interface electronics swop liver ignore due ignore shiver ignore audience sunrise rent atmosphere viable likely comfortable likely viable paper autonomy quality boom throne country market vegetarian linger dough physics linger vegetarian exile vegetarian exclusive dip opposed feature demand rob excuse teacher hospitality terms thumb terms deter note tablet imposter driver banana widen error interactive notebook fortune financial mercy mixture pace
100
pace pace
other other
quadruple quadruple
ask ask
candle candle
triple triple
country country
knot knot
smile smile
headline headline
pig pig
straighten straighten
identity identity
coincide coincide
dive dive
profound profound
coast coast
swear swear
tool tool
railcar railcar
attraction attraction
guarantee guarantee
swop swop
acceptance acceptance
page page
mature mature
native native
begin begin
greeting greeting
decisive decisive
injury injury
flag flag
home home
cotton cotton
lifestyle lifestyle
election election
buffet buffet
exempt exempt
pipe pipe
virgin virgin
assignment assignment
development development
skeleton skeleton
confrontation confrontation
forge forge
output output
illusion illusion
enemy enemy
control control
stress stress
spoil spoil
injection injection
pardon pardon
chair chair
respect respect
structure structure
bowel bowel
scheme scheme
rage rage
coffin coffin
drawer drawer
offset offset
curriculum curriculum
environment environment
interface interface
electronics electronics
liver liver
ignore ignore
due due
shiver shiver
audience audience
rent rent
atmosphere atmosphere
viable viable
likely likely
comfortable comfortable
autonomy autonomy
boom boom
throne throne
market market
dough dough
physics physics
exile exile
exclusive exclusive
dip dip
feature feature
rob rob
excuse excuse
teacher teacher
thumb thumb
deter deter
note note
tablet tablet
imposter imposter
driver driver
widen widen
error error
interactive interactive
financial financial
mercy mercy
