129 15 41 157 110 154 196 37 65 123 103 174 103 98 48 97 101 170 101 52 101 170 73 170 121 192 175 192 121 92 13 118 10 118 45 118 10 100 10 118 143 35 179 76 179 92 71 90 152 90 3 90 25 84 7 96 11 95 68 89 68 95 11 108 11 95 93 131 184 109 34 109 31 99 145 180 145 32 181 106 181 8 142 122 69 167 69 61 112 79 72 21 101 170 99 129
51
15 46
41 97 157 193
157 4
110 10 154
154 196
196 37
37 160
65 175
123 103
174 13 124
98 184
48 34 181
97 76 88
101 52 148
170 58 73 121
52 145
73 136 163
121 43
175 127
92 67
13 118 133
118 166
10 22 28 100
45 94 139
100 61
143 31
35 55
76 49
71 64
90 25
152 91
3 40
25 16 70
84 7
7 19
95 190
89 172
108 115
131 109
184 85
34 1
31 169
99 142
180 82
32 187
181 106
106 178
167 130
61 112
112 79
21 151
