1 15 177 123 55 53 95 42 64 41 72 147 61 2 164 86 164 94 52 166 190 160 172 62 92 28 84 172 62 196 109 155 87 107 168 140 33 59 178 41 67 112 80 36 150 31 66 13 23 104 165 149 162 185 163 105 15 1
38
1 2 7 15 26 49 65 81 94
15 42 99
177 4 9 17 22 76
123 6 12 25 40 41 53 55 67 68
55 3 19 24 27 79
53 10 21 85 95
95 16 96
42 13 64 100
64 51 69
41 56 72 74 86
72 43 52 82
147 61 70
61 37 38 39 44 48 93
2 32 36 89
164 29 59
86 18 50
94 11 46 66 71 87
52 57 97 98
166 45 91 92 101
190 35 58
160 63 90
172 62 84
62 60
92 28 34
28 83
84 8 88
196 75
109 30 80
155 23 54
87 47
140 33
178 14
67 78
80 20
150 31
13 5
104 73
185 77
