159 77 140 149 76 184 165 65 98 32 189 92 158 74 129 78 129 41 20 104 25 101 1 101 137 127 109 180 193 8 189 117 7 117 124 31 156 52 6 164 81 138 69 171 10 66 36 141 142 46 49 136 195 152 172 126 172 152 173 27 166 121 63 13 175 29 50 108 83 44 107 134 107 189 59 100 59 147 59 189 32 79 57 64 177 111 177 5 102 158 92 114 31 156 56 93 154 93 153 182 153 93 56 96 162 96 56 14 140 149 23 194 23 149 140 77 159
70
159 22 77 109
77 140 190
140 14
149 4 76
76 137
184 165
165 65
65 26 51 93 98
98 32
32 79
189 59 107
92 114 116 158
158 74 99 102
74 185
129 15 41 86
78 96
41 148
20 24 87
104 11
25 45 101 138
101 132
1 167
137 53 85
127 61 146
109 180
180 122 193
8 178
117 7 48
7 72
124 31
31 156
156 52 64
52 6
164 43
81 28
69 155
171 10 133
10 200
66 36
36 17
142 46
46 37 192
136 71
195 157
152 172
172 126
126 97
27 145 169
166 121
121 63
63 13
13 106
29 88
108 38
44 60
107 134
134 120
59 100
100 139 181 199
147 40
79 3
177 111 174
111 34 128
102 82 123
114 35
93 154
154 2
182 47
162 191
194 21
