Home141 Home15 Home141 Home109 Home18 Home129 Home131 Home159 Home2 Home134 Home62 Home152 Home62 Home93 Home14 Home158 Home29 Home37 Home29 Home48 Home29 Home154 Home88 Home11 Home49 Home11 Home10 Home150 Home28 Home73 Home106 Home73 Home114 Home73 Home28 Home35 Home17 Home146 Home66 Home52 Home21 Home96 Home30 Home96 Home21 Home104 Home123 Home16 Home41 Home16 Home60 Home119 Home89 Home32 Home42 Home67 Home100 Home170 Home101 Home87 Home101 Home162 Home157 Home109 Home141
42
Home141 Home15 Home154
Home15 Home53 Home171
Home109 Home13 Home20 Home97 Home157
Home18 Home75 Home92 Home134
Home129 Home131 Home144 Home173
Home131 Home16 Home48 Home120 Home143
Home159 Home32 Home43 Home66 Home177
Home2 Home26 Home64 Home132
Home134 Home27 Home37 Home62 Home122 Home149 Home161
Home62 Home7 Home127 Home152
Home152 Home1 Home105
Home93 Home89 Home147
Home14 Home50 Home170
Home158 Home35 Home76 Home165
Home29 Home96
Home37 Home114
Home48 Home47 Home100 Home125
Home154 Home88 Home128
Home88 Home11 Home103
Home11 Home74 Home106 Home156
Home49 Home4 Home82 Home136
Home10 Home83
Home150 Home36 Home63
Home28 Home3 Home67 Home86 Home126
Home106 Home34
Home114 Home55
Home35 Home5
Home17 Home25
Home146 Home110 Home172
Home66 Home91
Home52 Home176
Home96 Home44
Home30 Home51 Home112
Home123 Home164
Home16 Home60
Home41 Home111
Home60 Home45 Home69 Home167
Home89 Home81
Home32 Home124
Home67 Home31
Home101 Home87
Home87 Home135
