AyBBdkPvTTt19wqt 9jWI53P36dh95 0b 3505 0b 4932 jxDm QE9dXn5y6j2YYh jxDm vRH6pA1I75N1 jxDm s8xx0T2h 5op72W0VS69N oyti0PDcb6jz nOMN589D7t0QjhnBj3wn Nstvw8dF9rhja lP84Whn c9i08aXpBX5L7Y9g 9Ge7Sge1bnha0Jm 360B15fOiy1XBl 1utCvCS3yEzt0HBbKt bfYVB7M6I5 M40P0vmSkH961FtFpaR 9q06155efQSN DqfU93360y3I66U0 WD8QxBAx49P Q 2mk9O8P6 SdP9W8WRSw kg8257p31rTQvRWjGF SdP9W8WRSw 2mk9O8P6 Ut7hqt9A EL5n1KQ3kn Q2PY wC12hFFKGF Q2PY P 1MHxxU 0Lw86e 1MHxxU P GXFdnTo0Mk b6DdFnSk8qdk45 GXFdnTo0Mk 7DmqFE KIOJyBXM922ydZA5 9jWI53P36dh95 AyBBdkPvTTt19wqt
30
AyBBdkPvTTt19wqt b817BTo6GdPc96ig2 9jWI53P36dh95 q Le6BO3R khC KIOJyBXM922ydZA5 3 XMV256fk 8tvL5MpO9J735t
9jWI53P36dh95 4B5uWNh7Dl3lRP 2Et5UN6ZJ19iz P6C89a32 J68F52raS3n1L6ZYK 7DmqFE 3z4E Q2PY vRH6pA1I75N1 4932 3505
0b pwvBbQ870l3Io2K jxDm QqvW51K9Cm gv3T5z4 89ukpivGhdck21Krrh40 JBYT6heC6yE4 1e90fR0FtB7Ev156y
3505 8w6aRuq
4932 6c1qFsEg9xI FKWv88jkw79me eZEbm hG8udpL53V Rf0x16WtfDv aCCE FR3SCSFtuk055ORI
jxDm d MEv16358FQ A6gMJKsUfUSuEI76 v T8C17MZ6g69gmQ
QE9dXn5y6j2YYh MJ2l1N0ojTC 9o4t O7W5C8z8H93l TMULg 2l90gxx61rTb0CbF EnmWLiDA9NE89oNUTbx e1M0JsNJ5
vRH6pA1I75N1 P 1wF6 TByQ7zH089 920ucA0jXEv yd7324WTF Ut7hqt9A IEtn6zEV03H3 iFF184
s8xx0T2h 2P201UD8Q PELS5
5op72W0VS69N nOMN589D7t0QjhnBj3wn
oyti0PDcb6jz 5nYY46YfUGovj ymzG1qC7YsJFFmeog
nOMN589D7t0QjhnBj3wn q7Ehaiz L46h8MG90TBpA8v9 SdP9W8WRSw RYtkT5 E76twn5gNBei01uh2PkH
Nstvw8dF9rhja 6v326555i1Io5Z c3x9Cmq8W5oa57mjASv r9qUrqog71Fz9gx b6DdFnSk8qdk45 XQxkrBxnI MjwmiyLlZn p772t3OLqj dUdv 36Y155M7F1ZG8 Tk46 qGr382CkPK997QVHAL 2T6osNpb4
lP84Whn 6qc68848myvIqoZWw kg8257p31rTQvRWjGF
c9i08aXpBX5L7Y9g 1utCvCS3yEzt0HBbKt
9Ge7Sge1bnha0Jm Q uF131buM7L27
360B15fOiy1XBl L7Mfs3034VwaB7kd3Z 8Qe2lSUyQa I4640OD
1utCvCS3yEzt0HBbKt Han188Ox ywj3aNhyxUH
bfYVB7M6I5 nw566uv 9q06155efQSN
DqfU93360y3I66U0 68ZC6T1G2o9Q95CKs thypPB22BchO3Od9
Q d5P0NXv8
SdP9W8WRSw NU7gnWcAs4nq66FS
kg8257p31rTQvRWjGF 2YlhGrefFhV6JLtw
Ut7hqt9A b19692
EL5n1KQ3kn 659Cx
Q2PY usTG0We6G9WDs7Dk
wC12hFFKGF 7d2Q05crlPi
1MHxxU I6
0Lw86e o83v2nI1sQs
b6DdFnSk8qdk45 85682ijoufq1DW
