0 43 0 90 79 138 89 73 96 51 6 58 68 85 75 164 77 125 34 76 7 33 2 36 2 65 3 65 61 14 122 21 17 13 5 109 22 46 41 161 71 67 8 128 53 57 18 42 145 95 147 97 84 24 54 24 63 55 107 9 64 141 105 173 97 147 99 32 99 124 93 124 35 100 40 184 35 100 134 100 40 49 121 153 167 175 167 149 7 33 72 28 41 161 71 148 71 191 112 0 123 0 137 0 140 143 154 199 154 143 140 0
68
0 43 59 62 86 90
43 0
90 79
79 4
138 89
89 23 26 73
73 96 99
96 51
51 6 30 42 47
6 58
58 68
68 85
85 75 87
75 11
164 77
125 34
34 76
76 7
7 33
33 2 17 72 74
2 27 36 65 78
36 56
65 3 61
3 12
61 14 70
14 29
122 10 21
17 13 92
13 5
109 22 31
22 46
46 41
41 28
161 71
71 67
67 8
128 45 53
53 20 57
57 1 16 18
18 82
42 48
145 95
147 97
97 84
84 24
24 54 63
54 98
63 55
107 9 81
9 50 64 80
141 60
105 19
173 88
99 32
32 25
124 35 93
93 38
100 40
40 49
184 69
134 44
153 66
175 91
72 83
148 94
123 15
137 37 52
199 39
