loc0 loc58 loc158 loc103 loc12 loc26 loc25 loc138 loc32 loc138 loc118 loc79 loc83 loc186 loc72 loc176 loc72 loc68 loc179 loc41 loc9 loc64 loc191 loc161 loc39 loc28 loc88 loc128 loc138 loc25 loc0
23
loc0 loc25 loc39 loc82 loc167
loc58 loc17 loc31 loc78 loc92 loc100 loc130 loc150 loc179 loc185 loc192 loc196
loc158 loc20 loc36 loc47 loc49 loc69 loc83 loc105 loc109 loc168 loc184
loc103 loc10 loc42 loc113 loc120 loc122
loc12 loc45 loc75 loc85 loc118 loc162 loc172 loc197 loc198
loc26 loc52 loc67 loc144 loc188
loc25 loc46 loc96 loc129 loc138 loc183
loc138 loc32 loc93 loc187
loc32 loc14 loc116 loc186
loc118 loc27 loc28 loc157 loc164 loc191
loc79 loc84 loc106 loc112 loc165
loc83 loc15 loc97 loc131 loc182
loc186 loc89
loc176 loc57
loc68 loc54
loc179 loc11 loc41
loc41 loc119
loc9 loc8 loc156
loc64 loc66
loc161 loc37
loc39 loc147 loc177
loc28 loc134
loc128 loc160
