AA DT AA AC AA DT CX AN CY AN AD DN CT AM CW AM CV AM CT DN AD AA AB AE AO AE AB AG BC AG BB AG BA AG AZ AG BC BK FE DZ EC EB EA EI EA EB EC DX EC EE ED EE EF EL EW EX EW EL EF EE EC DZ FE BK BC AG AB AH BM BP CE BW CE BP BM AH BN BS BN AH AB AG BC BK FE DZ EC EE EF EN EQ EN EF EH EJ EH EF EE EC DZ FE BK BC AG AB AA
30
AA AB AC AD DT
DT AA
AC AJ
CX AN DS DU
CY DV DW
AD AK AL
CT AM
CW DP DQ
CV DR
AB AE AF AG AH
AE AO
AO AP AQ
BC BJ BK
BB BH BI
BA BE BF BG
AZ BD
FE DZ
EC DX
EA FC
EI FB
DX DY
ED EP
EF EN
EW EX
EX EY
BW AI
BS FF
EQ EO
EH FA
EJ EZ
