Soda loc3 loc64 loc199 loc179 loc92 loc151 loc104 loc163 loc42 loc163 loc104 loc129 loc168 loc43 loc27 loc180 loc133 loc111 loc77 loc141 loc115 loc99 loc115 loc60 loc68 loc192 loc170 loc196 loc170 loc192 loc87 loc47 loc164 loc27 loc43 loc50 loc83 loc94 loc34 loc13 loc74 loc23 loc17 loc129 loc179 loc53 loc179 loc43 loc27 loc169 loc111 loc30 loc111 loc31 loc111 loc164 loc47 loc87 loc192 loc170 loc196 loc51 loc196 loc113 loc196 loc170 loc192 loc87 loc47 loc164 loc27 loc43 loc82 loc129 loc17 loc23 loc74 loc13 loc34 loc14 loc34 loc84 loc34 loc13 loc74 loc23 loc17 loc129 loc92 loc57 loc157 loc59 loc157 loc57 loc75 loc137 loc75 loc92 loc43 loc27 loc77 loc173 loc107 loc173 loc77 loc111 loc30 loc39 loc198 loc166 loc198 loc39 loc30 loc111 loc169 loc27 loc43 loc179 loc53 loc25 loc106 loc36 loc172 loc36 loc145 loc36 loc106 Soda
44
Soda loc3 loc106
loc3 Soda loc64
loc64 loc199
loc199 loc80
loc179 loc45 loc53 loc58 loc65 loc82 loc90 loc151
loc92 loc57 loc75
loc104 loc163
loc163 loc42 loc154
loc42 loc171
loc129 loc17
loc43 loc50
loc27 loc8 loc10 loc15 loc22 loc26 loc35 loc37 loc38 loc41 loc55 loc77 loc100 loc101 loc114 loc122 loc131 loc141 loc147 loc180 loc181 loc183 loc193
loc180 loc79 loc95 loc111 loc165 loc188
loc133 loc194
loc111 loc11 loc30 loc128
loc77 loc173
loc99 loc9
loc68 loc126 loc192
loc192 loc170
loc196 loc51 loc61 loc142 loc185
loc50 loc74 loc83
loc83 loc94
loc94 loc23 loc34
loc34 loc13 loc14 loc32 loc84 loc88 loc118 loc138 loc189
loc53 loc25 loc140
loc30 loc39 loc136
loc31 loc24
loc51 loc103 loc155
loc113 loc7
loc14 loc121
loc84 loc97 loc167
loc57 loc72 loc157
loc157 loc59
loc59 loc20
loc75 loc137
loc137 loc40
loc173 loc107
loc107 loc146
loc198 loc28
loc166 loc109
loc106 loc36 loc172
loc36 loc145
loc172 loc6
loc145 loc156
