48 68 14 116 146 157 114 80 148 21 79 11 6 106 133 100 172 91 135 147 38 165 175 140 94 182 144 171 73 174 125 143 155 199 138 78 185 168 46 10 159 96 158 42 25 90 30 60 57 103 98 193 194 129 136 72 86 1 86 176 196 141 2 124 77 164 77 81 35 173 75 92 149 104 180 51 84 47 84 171 73 48
67
48 20 73
68 48
14 154
116 155
146 53 157
157 194
114 123
80 118 148
148 21
21 79
79 11
6 109
106 64 133 170
133 93 107
100 147
172 110
91 135 180
135 84 181
147 36 38
38 98 117 165
165 34 175
175 7
140 149
94 126 182
182 113
144 171
171 25 163
73 66 186
174 125 179
125 143
143 137 167
155 3 199
199 138 141
138 78 176
78 119 185
185 39 190
168 46
46 10 196
10 115
159 120 197
96 29 158 191
158 42 177
42 9
25 90
90 87
30 60
57 103 151
98 16 67 101 193
193 52
194 129
129 136
136 152
72 108
1 19
176 40
141 2
2 23
124 56
77 69 164
164 58
81 35
173 88 145
92 85
149 74
180 156
51 5
47 55
