evdoyagqfp xawkqmfmmx xftptyrlvl qbiylslccb xftptyrlvl jqtguzxxsl optviwhmbr ivugtsvtqb guuudgvhny vugkhjygfe xywdziunpr yqwistxtxc nbjyrygtdh czvqvijjlb seeyrseflx jrmlkfexfk osdeymjeil wkwwcqjtxf wtjzgzopuw byyqgjwsrp gjmmikaxih jrusiskazm vkrlpmybdj lndsfxewdc kyrhqthnvz lnicnhmajr xychpimpzb sipmuleqch wtlzrefwav mdyuzxshey ouxenssqdu fznfvsgjhc wtyqwjwskq ahqdrcepub afortwurqt xifuopshzj xwrvhrxnqy ebqxbaqnmm oegfbrwyrp wynbxuuxru qzdrdcxoib wynbxuuxru epdwcjuvdr kgktiatgjn qepegujmaa ixyurvbpvu qepegujmaa pcilmgdrgc jqtguzxxsl smwxdupkdv tvcolajnao lcrihrmoqu tgbmxdmvwe opmnfgpclg xsjzeyxnpw ymvlfsdhbu xsjzeyxnpw bswhowadhl ljhmnbaicr qydclznxrd xwrvhrxnqy pbefrggyje unihwwnyqz vnzypgtlkj dnmgxnhbgi eaozvwjoso dnmgxnhbgi uhalgukdzb yriqtwavfx uhalgukdzb kwbnyneokj wirlbujvjm phknwbtipl fdgcygwgjf phknwbtipl xguvjomcdt nwlccbonas bbwcqzwyoz ijbfzrqwct qfbvncxldf ixyurvbpvu qepegujmaa koawdpgqdx qepegujmaa pcilmgdrgc jqtguzxxsl xftptyrlvl mysadifwma robpunozly mysadifwma xftptyrlvl evdoyagqfp
63
evdoyagqfp xawkqmfmmx
xawkqmfmmx evdoyagqfp
xftptyrlvl uooysjrxsb mysadifwma fluzhooehk
qbiylslccb kvxwqiryyu
jqtguzxxsl smwxdupkdv wynbxuuxru optviwhmbr pcilmgdrgc
optviwhmbr vfdsalrajq ivugtsvtqb
ivugtsvtqb guuudgvhny
guuudgvhny vugkhjygfe stdiixwrjc
vugkhjygfe xywdziunpr aruwdskzta
xywdziunpr oggftsricu
yqwistxtxc hofbtczdgp nbjyrygtdh xguvjomcdt
nbjyrygtdh ymvlfsdhbu cpwyxulkjm
czvqvijjlb seeyrseflx
seeyrseflx jrmlkfexfk hkempoemlv
jrmlkfexfk osdeymjeil scesbtewjx
osdeymjeil wkwwcqjtxf qiqnnrlapz
wkwwcqjtxf bulywvvpni lkvtxfwozs
wtjzgzopuw byyqgjwsrp
byyqgjwsrp ahqdrcepub euqbrkzdsw qxfgqgbbdn tmatbexcil cttlxdtaiw
gjmmikaxih jrusiskazm
jrusiskazm vkrlpmybdj ichabbvkhm
vkrlpmybdj lndsfxewdc
lndsfxewdc kyrhqthnvz eqdxeqvtsb
kyrhqthnvz lnicnhmajr
lnicnhmajr qpxtrjvxpe xychpimpzb
sipmuleqch wtlzrefwav
wtlzrefwav mdyuzxshey pbefrggyje bimtbhwsby afrdrejwtp
mdyuzxshey ouxenssqdu bbczvyonym
ouxenssqdu kvfpaspidv
wtyqwjwskq kijbyyuzhd
ahqdrcepub afortwurqt gbdejcnknd
afortwurqt zmfuudfatm xifuopshzj
xifuopshzj xwrvhrxnqy
ebqxbaqnmm oegfbrwyrp
oegfbrwyrp xqwyvbvueh
wynbxuuxru tmrnpjqnxx
qzdrdcxoib voaumgrcuj
epdwcjuvdr eooyfwmxln kgktiatgjn
kgktiatgjn qepegujmaa
qepegujmaa etdxtwotzh
ixyurvbpvu yiwwdwbzth qfbvncxldf
pcilmgdrgc wwqchwdmtx ivgbjyugdu
smwxdupkdv tvcolajnao
tvcolajnao lcrihrmoqu
lcrihrmoqu tgbmxdmvwe xkasbvrrxd
opmnfgpclg qxuqrfzzob
xsjzeyxnpw bswhowadhl
ymvlfsdhbu aokbiptbzc
bswhowadhl tgkujfknod
ljhmnbaicr qgfchcatzi pdljcbluhp
qydclznxrd oavtmpaqji
pbefrggyje xnppuesbrr
unihwwnyqz vnzypgtlkj
dnmgxnhbgi uhalgukdzb
eaozvwjoso ldnozwuuuq
yriqtwavfx gucdicwxmb rkyixxpcbx
wirlbujvjm hsjqtjkukk
phknwbtipl fdgcygwgjf zivwgfcxqi
fdgcygwgjf rnpokwoqgt
xguvjomcdt nwlccbonas
nwlccbonas bbwcqzwyoz itbfnxnauh
koawdpgqdx psiebvskfb
robpunozly bnmegnfgii
