6Zg7j6t8kt ka4cgDWgq7 HpRVhY9Btb OF1HL5xl4P KpPj50fAfy zG9cl6Gy30 7cteJXIZM1 YrPP1U1r20 I1RTFIGWhc NULo72dPyj OGWcs2X8pk 8pgnfE3xKu wXTrLT9dUx 1aPtXDhYtV ESDdDChkYw 1iUrZ2N0MA s8EkvbOYAX 79JJ9GZF8c fhmE7A9rVl 0gqiqztWgj 4ViGHxfdlc dyS1o5lQHD J6nn6V6pVr GSDEYlNcCM 97dvK2Az7S eQGeDFyUBy OND9LnuOus cqCbnI2bkr GwtnXYfCts oQb2PqTM8x bc4pLp9tiD pm1Yq2dCLL 1iUrZ2N0MA ReGEuwhnqY ZZt4oj1N7Y 4RZs4XFvF9 G05S6XZiBa 1koyFI8rlU Octagmmhko TH1GgoG5GU I1RTFIGWhc YrPP1U1r20 ckEVpwA8CD YrPP1U1r20 7cteJXIZM1 zG9cl6Gy30 dojrtYXceT wXTrLT9dUx 6Zg7j6t8kt
32
6Zg7j6t8kt ka4cgDWgq7 wXTrLT9dUx lrFRnKniRv
ka4cgDWgq7 GSDEYlNcCM M9d0z6OccV
HpRVhY9Btb zH4Z0p0Ftj VWD9Yy5Xrg YZKJeBb8Pe
OF1HL5xl4P KpPj50fAfy TH1GgoG5GU
KpPj50fAfy fbxiHLAsv4 vCSWEyz4PC EZQ9HUGjRN
zG9cl6Gy30 dojrtYXceT 7cteJXIZM1
7cteJXIZM1 YrPP1U1r20
YrPP1U1r20 Iroa6leixY ckEVpwA8CD I1RTFIGWhc
I1RTFIGWhc NgxnYo41LY
NULo72dPyj OGWcs2X8pk
OGWcs2X8pk 8pgnfE3xKu
8pgnfE3xKu oRs9wR3IGE vD4d0BZ03p
wXTrLT9dUx 1aPtXDhYtV
1aPtXDhYtV ESDdDChkYw
1iUrZ2N0MA s8EkvbOYAX UgxUR9jKcJ
s8EkvbOYAX 79JJ9GZF8c
79JJ9GZF8c fhmE7A9rVl
fhmE7A9rVl 0gqiqztWgj
0gqiqztWgj 4ViGHxfdlc
4ViGHxfdlc MpRNDD0glq
dyS1o5lQHD OpwMnuSGmp
J6nn6V6pVr 1koyFI8rlU 4lUeyqYb0U
GSDEYlNcCM 97dvK2Az7S 4JtfcKJvHu
97dvK2Az7S Dkc5CxJ6RV
OND9LnuOus cqCbnI2bkr
cqCbnI2bkr b3jUAAPOlA
oQb2PqTM8x H0NdoJawvz N08DpqDewo tvKOOMQ7Sv
pm1Yq2dCLL iyQiEnpG35 uXkvSfF7Kv
ZZt4oj1N7Y 4RZs4XFvF9
4RZs4XFvF9 G05S6XZiBa
1koyFI8rlU Octagmmhko
ckEVpwA8CD YQKcyMibnc
