ctUVEJSyNR Z82QDWb0Pr T3o9dNVbcG TDmNOuGJBk pxgZ5VHtpD 6lpxgUxCxO jKpmFoejPZ gLI8ArV2Ui N4DMbR59L3 HEqjxwCWnl UphA2uAaYC vzXeZbLrSW f91pUtm9EZ MuYreynm57 VbPBW7rmhF BtCEVbHoQI HG8olhhcTZ oWdH0Xcxwv VBTKstUXwG HTp005294X Z82QDWb0Pr 7d3UA4fKWz Z82QDWb0Pr ctUVEJSyNR
19
ctUVEJSyNR T3o9dNVbcG Z82QDWb0Pr
Z82QDWb0Pr 7d3UA4fKWz U5XdtBFGOe I4iTN5KXjB
T3o9dNVbcG TDmNOuGJBk BtCEVbHoQI RLF9v27sOQ
TDmNOuGJBk MzId8uwrPz
pxgZ5VHtpD 6lpxgUxCxO
6lpxgUxCxO oPQmRUijH5
jKpmFoejPZ gLI8ArV2Ui
gLI8ArV2Ui osdKgXyg1e
N4DMbR59L3 qg08r1Pg6g
HEqjxwCWnl UphA2uAaYC zUWT7uduzq
UphA2uAaYC vzXeZbLrSW
vzXeZbLrSW f91pUtm9EZ
f91pUtm9EZ MuYreynm57
VbPBW7rmhF QwY2G6aX6c
BtCEVbHoQI HG8olhhcTZ
oWdH0Xcxwv VBTKstUXwG
VBTKstUXwG 8UaR4YpZys
HTp005294X IU0Ia8127Z
7d3UA4fKWz 8Jejdr7ynm
