dldkilltnmhfepsteins msddkilllthepsteinfn dlfdkilltepsteinhnms killmdshdtnflepstein fdskillndtmepsteinlh killmdshdtnflepstein sdndhepsteinltkillfm dkillfepsteinnhdmtls depsteinlfnmkilldsht tldkillhsfnmepsteind depsteinlfnmkilldsht tsmdepsteinkillhfdln lkilldtnmsepsteindfh tdnfmdhepsteinslkill epsteintfhndkilllmsd tdkillepsteinsmhdfnl shepsteinnkillftlddm tepsteinhsdkillmldfn sldhnfmtdkillepstein msepsteintlhnfkilldd hmdkilllnepsteinfsdt killhtdmdlnsfepstein nfltdmkillsdepsteinh mkilldlshdtfepsteinn epsteinhnkillsldfdmt dflhnepsteinsmdtkill epsteinhnkillsldfdmt tmfdhepsteinnslkilld smkillnepsteinfldthd thnkillmddsepsteinfl fthlkillnepsteindsdm killfhdndtlepsteinsm lepsteindnhstfdmkill fhnmkillepsteinsdltd dftkillhmldnepsteins hmndfkillslepsteintd nmkilllepsteintdsdfh dnldkillhmfstepstein killdldepsteinmfsthn shfnmltepsteindkilld nkillddfthsmepsteinl killtepsteinddhlmnsf hnddkilltslmfepstein thdlskillnfdmepstein hnddkilltslmfepstein lkillfthdsepsteindnm nsepsteinfmdkillhldt fdmtdepsteinkilllsnh mdkilllfdnstepsteinh fkillepsteinndmdlhts dtsmdnlhfepsteinkill fmhlnkilldepsteindst sdnmepsteinkilldfhlt dkillldfepsteintsmnh sdnmepsteinkilldfhlt dsftepsteindhkillmnl mfndlsdepsteinhkillt smtepsteinkilldfnhdl sepsteindhmnltkillfd killdepsteinmfltdshn sepsteindhmnltkillfd killhtdmdlnsfepstein ltfnsdhepsteinkilldm dkillfepsteinnhdmtls depsteinlfnmkilldsht tldkillhsfnmepsteind msddkilllthepsteinfn dldkilltnmhfepsteins
49
dldkilltnmhfepsteins lmkillepsteintsndfhd msddkilllthepsteinfn
msddkilllthepsteinfn tldkillhsfnmepsteind dlfdkilltepsteinhnms killthsepsteindmlfdn
dlfdkilltepsteinhnms epsteinfthkilldnslmd hsepsteinfkillnmddtl killhdfnsepsteinmltd lkilldtnmsepsteindfh fhnmkillepsteinsdltd
killmdshdtnflepstein tsmdepsteinkillhfdln ndshkilldmlepsteinft fdskillndtmepsteinlh sndldftmkillepsteinh hnsepsteinmkillfddtl sdndhepsteinltkillfm
fdskillndtmepsteinlh dkillnmsfhtlepsteind ldepsteindhkilltsmfn
sdndhepsteinltkillfm mdkillntepsteindfhsl tdkillepsteinsmhdfnl fhdmnepsteindkillslt ntmdhepsteinsdkillfl shfnmltepsteindkilld epsteindkilltlmnhsfd dfkilllepsteinsnmhtd lhsntdepsteindkillmf mdkilllfdnstepsteinh mhdskillldftnepstein
dkillfepsteinnhdmtls ltfnsdhepsteinkilldm depsteinlfnmkilldsht
depsteinlfnmkilldsht slepsteinkillfmddhtn lhepsteintndkilldsmf mhkillepsteinddlfsnt
tldkillhsfnmepsteind depsteinftndhmkillsl killmfndshdtepsteinl
tsmdepsteinkillhfdln killfthnmsdlepsteind killdepsteinmfltdshn fsepsteindkillhmtdln dmtlsfhnkilldepstein fdmtdepsteinkilllsnh
lkilldtnmsepsteindfh hepsteinnfdmlsdtkill dhmkillfdltnsepstein mkillldnhepsteinstfd
tdnfmdhepsteinslkill dlshdtepsteinnkillfm lepsteindnhstfdmkill epsteintfhndkilllmsd fmtnkilldepsteindhsl dtnkillsepsteinmdfhl
epsteintfhndkilllmsd fmltddhnepsteinskill epsteinsnmflhtdkilld
tdkillepsteinsmhdfnl dhtepsteinkillsdflmn
shepsteinnkillftlddm msepsteintlhnfkilldd dflstmkillepsteindhn tepsteinhsdkillmldfn
tepsteinhsdkillmldfn sldhnfmtdkillepstein epsteinldtnfmshdkill
sldhnfmtdkillepstein tdfkillslepsteinhdmn
msepsteintlhnfkilldd hmdkilllnepsteinfsdt
hmdkilllnepsteinfsdt lsmftnepsteinkillhdd killhtdmdlnsfepstein
killhtdmdlnsfepstein nfltdmkillsdepsteinh mkilldlshdtfepsteinn dtsmdnlhfepsteinkill
nfltdmkillsdepsteinh hepsteinntdkillsdmfl
mkilldlshdtfepsteinn epsteinhnkillsldfdmt dkillnmhldstfepstein thnkillmddsepsteinfl epsteinhdkillltsmfdn dfdepsteintlnskillhm
epsteinhnkillsldfdmt nmdhepsteinkilltfsld thdlskillnfdmepstein
dflhnepsteinsmdtkill fddsmepsteintnkillhl
tmfdhepsteinnslkilld skillmfepsteinthddnl
smkillnepsteinfldthd epsteinlmkillfshnddt
thnkillmddsepsteinfl killtdslhfdepsteinnm
fthlkillnepsteindsdm nftmskilldldepsteinh
killfhdndtlepsteinsm killdldepsteinmfsthn
lepsteindnhstfdmkill dhsepsteintlkillmfnd mkillthfdlnepsteinds
fhnmkillepsteinsdltd killtepsteinddhlmnsf
dftkillhmldnepsteins mndtkillepsteindlfhs ndkillthdepsteinlsmf hmndfkillslepsteintd
hmndfkillslepsteintd epsteindmshtfldnkill
nmkilllepsteintdsdfh dnldkillhmfstepstein
dnldkillhmfstepstein killtdmsdfhnepsteinl
shfnmltepsteindkilld depsteintkilllnmsfdh
nkillddfthsmepsteinl depsteinslkillhdftmn
killtepsteinddhlmnsf tndskilldfepsteinmhl
thdlskillnfdmepstein lepsteinkilldhfmstnd
lkillfthdsepsteindnm dmldfhskillntepstein
nsepsteinfmdkillhldt hnskillepsteintfdmld
fdmtdepsteinkilllsnh nepsteindhkillltmsfd
mdkilllfdnstepsteinh lkillepsteintdshmfnd
fkillepsteinndmdlhts skillthlfndepsteindm
fmhlnkilldepsteindst mdkillnlsdtepsteinhf
dkillldfepsteintsmnh ldfsmnepsteinkilltdh
dsftepsteindhkillmnl sdlhfnmdepsteintkill
killdepsteinmfltdshn tsdnhkilllmepsteindf
ltfnsdhepsteinkilldm tepsteinmdfldhnskill
