149 100 105 109 105 100 107 116 117 126 122 121 125 140 119 120 104 102 101 100 149 060 062 054 053 056 053 054 063 090 063 072 073 072 084 086 087 086 074 075 076 077 078 079 063 090 099 090 063 054 062 070 071 070 062 060 149 000 001 002 013 024 015 024 025 035 027 028 038 037 036 041 030 020 010 000 149
27
149 060
105 103
109 111
116 115
117 126
122 123
140 142
120 104
062 054
054 053 059
053 050 056
056 066
063 064 065 079
090 091 097
073 085 086
084 088
087 089
076 080 081
077 078
078 083
099 096
070 067 069
071 068
024 031
015 006
025 026
038 037 048
