0 92 45 197 198 152 51 11 26 133 185 33 186 33 179 180 125 97 8 195 148 88 2 164 163 100 43 12 178 12 21 109 169 36 169 109 23 15 144 60 96 140 96 139 5 93 14 177 47 187 188 187 136 30 104 59 103 34 30 65 1 24 80 145 80 147 18 147 22 183 46 100 43 0
48
0 160 161 162
92 157 158 159
45 117 118 127 131 151 197
197 198
198 152
51 153
11 123 138 149 170 194 196
26 115 124 128 133 145 182
133 185
33 103 114 119 156 179 186 189
186 134
179 180
180 125
97 126
8 111 167 175 191 195
195 148
88 150
2 122 163 164 168 176 192
164 101
163 100
43 102
12 130 174 178
178 177
21 109 154 171 173
109 110 169
36 141 165
23 184
15 144
60 142 143
96 139 140
140 190
5 108 129
93 155
14 107 116
177 121
47 112 187
187 136 188
188 137
30 104 135 166
59 105
34 146
1 181
24 132
80 147
145 193
18 113 120 172
22 183
46 106
