0 1 4 10 22 46 93 46 22 45 91 45 22 10 4 1 3 7 15 31 63 31 64 31 15 32 65 32 15 7 3 1 4 9 19 40 81 40 19 9 4 10 22 46 94 46 22 10 4 9 20 42 86 42 20 41 84 41 83 41 20 42 85 42 20 9 4 10 21 43 87 43 88 43 21 44 89 44 90 44 21 10 4 1 3 8 17 35 72 35 71 35 17 36 74 36 73 36 17 8 18 38 78 38 77 38 18 37 75 37 76 37 18 8 3 1 4 10 22 45 92 45 22 10 4 1 3 7 15 32 66 32 15 7 16 34 69 34 70 34 16 33 68 33 67 33 16 7 3 1 4 9 19 40 82 40 19 39 80 39 79 39 19 9 4 1 0 2 5 11 24 50 24 11 5 12 25 52 25 51 25 12 5 2 6 14 29 59 29 60 29 14 30 61 30 62 30 14 6 13 28 57 28 58 28 13 27 55 27 56 27 13 6 2 5 11 23 48 97 48 98 48 23 11 24 49 99 49 24 11 23 47 95 47 96 47 23 11 5 12 26 53 26 54 26 12 5 2 0
51
93 187 188
91 183 184
63 127 128
64 129 130
65 131 132
81 163 164
94 189 190
86 173 174
84 169 170
83 167 168
85 171 172
87 175 176
88 177 178
89 179 180
90 181 182
72 145 146
71 143 144
74 149 150
73 147 148
78 157 158
77 155 156
75 151 152
76 153 154
92 185 186
66 133 134
69 139 140
70 141 142
68 137 138
67 135 136
82 165 166
80 161 162
79 159 160
50 101 102
52 105 106
51 103 104
59 119 120
60 121 122
61 123 124
62 125 126
57 115 116
58 117 118
55 111 112
56 113 114
97 195 196
98 197 198
49 100
99 199
95 191 192
96 193 194
53 107 108
54 109 110
