5 4 33 137 42 165 7 165 63 127 71 119 192 18 192 109 84 109 94 20 35 188 110 35 135 86 93 190 16 74 191 150 91 36 62 34 138 69 153 69 138 34 133 68 133 120 158 2 98 2 27 0 27 82 171 112 82 109 94 5
39
5 58 103 157 159
4 9 33 91 137
33 18 43 46 76 77 164 174 187 199
137 14 25 39 42 61 75 146 156 183 184
42 22 44 80 122 123 149 152
165 11 51 56 63 154 162 168 173 193
7 2 133
63 26 71 196
127 96 138
71 31 178
119 1 67 192
192 55 100
18 41 53 68 85 177
109 151 179
84 99 104
94 20
20 83 189
35 110 116 135 188
188 48
110 28 81
135 10 180
93 50
190 16
16 47 92
74 170
191 52 64 153 194
150 171
36 32
62 34
34 17
138 69
153 101
68 143
120 158
158 102
2 140
98 78
0 37
171 105
