COM MDG IDN COL SJM IDN SHN SGS NZL SGS SLB SGS LBR SGS MUS DJI MUS MYT NER COM REU SDN MEX POL PYF COD PRK NIU PRT ATG MWI MYS IRN NIU PRY BIH AZE BIH BOL BLZ RUS SGP QAT PRK NIU CZE NGA FSM FIN GAB ETH EGY GGY ESP FSM NGA GMB COM
39
COM SGS REU PSE PAN NRU NIC NER LIE KWT HRV HND HMD HKG GUM GMB CPV COL COK CAN
MDG MEX IDN
IDN SHN RUS MMR MLI MDA MAC LTU LBN KOR KNA KHM HTI GNQ CAF
COL LAO
SJM RWA PRY MAR GRC
SHN SDN HUN CHN
SGS PAK NZL LBR KAZ
NZL NIU
SLB NFK
LBR LUX JPN
MUS MYT DJI
DJI DMA
MYT POL ARM
NER PNG MTQ ABW
REU AFG
MEX NPL
POL COG ARE
PYF LKA COD
COD CIV
NIU IRN
PRT ATG
ATG AUS
MWI ITA CXR
MYS EGY DZA
IRN IRL IOT
PRY MOZ
BIH BHS AZE
AZE BMU BLM BDI
BOL BHR BEN
SGP ALA
QAT ALB
CZE DEU CYP
NGA JEY FSM
FSM GIN FIN ESP
FIN GAB
GAB GEO GBR
ETH GIB ESH
EGY GHA ECU
GGY FRA
