139 18 11 85 2 38 39 55 1 47 32 62 33 67 19 26 3 17 36 25 31 15 14 23 37 5 35 45 60 12 43 13 30 21 4 6 125 22 41 167 79 87 5 54 140 181 53 16 77 139
46
139 18 21 58 77 85 141 157 173 176 198
18 11 15 57 84 134
11 101 106 127 147
85 2 16 122 158
2 72 98 153 161
38 39 44 74 78 138
39 60 156
55 1 37 43 118 165 188
1 47 89 172 178
47 32 96 191
32 148 152
62 33 81 91 144
33 67 104
67 82 128
19 26 35
26 48 71
3 111
17 64 69 142 187
36 8 25 130
25 31
31 131
15 14
14 23 27
23 146 182
37 5 109
5 95
35 65
45 184
60 7
12 105
43 13
13 30
30 113
21 79
4 75 145
6 125
125 22
22 41
41 112
167 189
79 114
87 123
54 108
140 186
181 119
53 9
