Loc1 Loc165 Loc5 Loc93 Loc63 Loc81 Loc85 Loc128 Loc151 Loc10 Loc103 Loc0 Loc91 Loc16 Loc127 Loc104 Loc17 Loc68 Loc82 Loc154 Loc175 Loc120 Loc191 Loc156 Loc37 Loc140 Loc39 Loc6 Loc78 Loc83 Loc168 Loc165 Loc1
30
Loc1 Loc12 Loc97 Loc128 Loc132 Loc145 Loc164 Loc169
Loc165 Loc1 Loc5 Loc13 Loc37 Loc63 Loc113 Loc121 Loc153 Loc157 Loc161 Loc180
Loc5 Loc73 Loc76 Loc89 Loc152 Loc192
Loc93 Loc3 Loc55 Loc112 Loc156
Loc63 Loc18 Loc69 Loc92
Loc81 Loc15 Loc19 Loc29 Loc85 Loc160 Loc172
Loc85 Loc33 Loc39 Loc51 Loc144 Loc196
Loc128 Loc131 Loc183 Loc198
Loc151 Loc28 Loc38 Loc44 Loc50 Loc62 Loc68 Loc104 Loc114
Loc10 Loc83 Loc87 Loc102 Loc123 Loc154 Loc155 Loc199
Loc103 Loc4 Loc22 Loc82 Loc177 Loc188
Loc0 Loc91 Loc106 Loc135 Loc150 Loc175
Loc91 Loc58 Loc70 Loc72
Loc16 Loc59 Loc66 Loc127 Loc130 Loc187
Loc127 Loc122
Loc104 Loc31 Loc111 Loc171
Loc17 Loc45
Loc68 Loc99
Loc82 Loc8 Loc36 Loc178
Loc154 Loc6 Loc64
Loc175 Loc110 Loc126
Loc120 Loc167 Loc186
Loc191 Loc166
Loc156 Loc194
Loc37 Loc117
Loc140 Loc119
Loc39 Loc26
Loc6 Loc115
Loc78 Loc98
Loc83 Loc60
