Liam Elias Isaiah Joseph Mateo Alexander Mason Ezra Thomas Aaron Nathan Ryan Cameron Jace Gavin Parker Aiden William Logan Austin Charles Joseph Jaxson Colton Levi Evan Josiah Eli Dominic Eli Josiah Evan Chase Adam Ian Adam Chase Levi Colton Leo Isaiah Liam
20
Elias Liam
Isaiah Daniel Joseph
Mateo Alexander Sebastian
Alexander Mason Elijah Oliver
Mason Jayden
Ezra Michael
Thomas James Owen Dylan
Ryan Logan Aiden
Cameron Henry Samuel John
Gavin Luke
Aiden William
William Jacob
Logan Ethan
Austin David
Jaxson Noah
Levi Jackson
Josiah Benjamin
Eli Lucas Wyatt
Dominic Carter
Ian Matthew
