zero three four five zero seven one eight nine ten eleven twelve thirteen twenty nineteen eighteen seventeen sixteen fifteen twentytwo twentyeight twentyseven twentysix twentyfive twentyfour thirtyone thirty thirtyseven thirtysix fortytwo thirtysix thirtyseven thirtyeight fortyfive fortysix fortyseven fortyeight fortynine fortythree fifty fiftyone fiftytwo fiftythree sixty fiftynine fiftyeight fiftyseven sixtythree sixtytwo sixtyone sixtyeight sixtynine seventy sixtyfour sixtyfive seventytwo seventyone seventyseven seventysix seventyfive seventyfour seventythree eighty seventynine seventyeight eightyfour ninetyone eightyfive ninetytwo ninetythree ninetyfour onehunone onehuntwo onehunthree onehunfour onehuneleven onehunten onehunnine onehuneight onehunseven onehunsix onehuntwelve onehunnineteen onehunthirteen onehunfourteen onehunfifteen onehunsixteen onehunseventeen onehunsixteen onehuntwentythree onehuntwentytwo onehuntwentyone onehuntwenty onehuntwentyone onehuntwentyeight onehuntwentyseven onehunthirtythree onehunthirtytwo onehunthirtynine onehunthirtyeight onehunthirtyseven onehunthirtysix onehunfortythree onehunfortytwo onehunfortyone onehunfortyseven onehunfiftyfour onehunfiftythree onehunfiftytwo onehunfiftyone onehunfifty onehunfiftyseven onehunfiftysix onehunfiftyseven onehunfiftyeight onehunfiftynine onehunsixtysix onehunsixtyseven onehunsixtyeight onehunsixtytwo onehunsixtythree onehunsixtyfour onehunseventyone onehunseventy onehunsixtynine onehunseventyfive onehunseventyfour onehunseventythree onehuneighty onehunseventynine onehunseventyeight onehunseventyseven onehuneightyfour onehuneightythree onehuneightyfour onehuneightyfive onehuneightysix onehuneightyseven onehuneighty onehunseventythree onehunsixtysix onehunfiftynine onehunfiftytwo onehunfortyfive onehunthirtyeight onehunthirtyone onehuntwentyfour onehunseventeen onehunten onehunthree ninetysix eightynine eightytwo seventyfive sixtyeight sixtyone fiftyfour fortyseven forty thirtythree twentysix nineteen twelve five zero
96
zero one two three six seven
three ten
four eleven
five twelve
seven fourteen
eight fifteen
nine sixteen
ten seventeen
thirteen twenty
twenty twentyseven
nineteen twentysix
eighteen twentyfive
sixteen twentythree
twentytwo twentynine
twentyseven thirtyfour
twentysix thirtythree
thirtyone thirtyeight
thirty thirtyseven
thirtyseven fortyfour
thirtysix fortythree
fortytwo fortynine
thirtyeight fortyfive
fortyfive fiftytwo
fortysix fiftythree
fortyeight fiftyfive
fifty fiftyseven
fiftyone fiftyeight
fiftythree sixty
sixty sixtyseven
fiftynine sixtysix
fiftyseven sixtyfour
sixtythree seventy
sixtytwo sixtynine
sixtyeight seventyfive
seventy seventyseven
sixtyfour seventyone
sixtyfive seventytwo
seventytwo seventynine
seventyone seventyeight
seventyseven eightyfour
seventysix eightythree
seventyfive eightytwo
eighty eightyseven
ninetyone ninetyeight
ninetytwo ninetynine
ninetyfour onehunone
onehunone onehuneight
onehunthree onehunten
onehunfour onehuneleven
onehuneleven onehuneighteen
onehunten onehunseventeen
onehunnine onehunsixteen
onehunsix onehunthirteen
onehuntwelve onehunnineteen
onehunnineteen onehuntwentysix
onehunfourteen onehuntwentyone
onehunsixteen onehuntwentythree
onehunseventeen onehuntwentyfour
onehuntwentythree onehunthirty
onehuntwentyone onehuntwentyeight
onehuntwenty onehuntwentyseven
onehuntwentyeight onehunthirtyfive
onehunthirtythree onehunforty
onehunthirtynine onehunfortysix
onehunthirtyeight onehunfortyfive
onehunthirtyseven onehunfortyfour
onehunthirtysix onehunfortythree
onehunfortythree onehunfifty
onehunfortytwo onehunfortynine
onehunfortyseven onehunfiftyfour
onehunfiftyfour onehunsixtyone
onehunfiftythree onehunsixty
onehunfiftytwo onehunfiftynine
onehunfifty onehunfiftyseven
onehunfiftyseven onehunsixtyfour
onehunfiftysix onehunsixtythree
onehunfiftyeight onehunsixtyfive
onehunfiftynine onehunsixtysix
onehunsixtysix onehunseventythree
onehunsixtyseven onehunseventyfour
onehunsixtyeight onehunseventyfive
onehunsixtytwo onehunsixtynine
onehunsixtythree onehunseventy
onehunsixtyfour onehunseventyone
onehunseventyone onehunseventyeight
onehunsixtynine onehunseventysix
onehunseventyfive onehuneightytwo
onehunseventyfour onehuneightyone
onehunseventythree onehuneighty
onehuneighty onehuneightyseven
onehunseventyseven onehuneightyfour
onehuneightyfour onehunninetyone
onehuneightythree onehunninety
onehuneightyfive onehunninetytwo
onehuneightysix onehunninetythree
onehuneightyseven onehunninetyfour
