0 24 25 27 25 24 0 17 0 49 0 33 0 78 0 41 0 17 13 19 14 15 11 16 18 16 11 15 14 19 13 17 0 51 52 53 54 3 55 56 2 56 55 3 54 53 52 51 0 4 57 58 10 9 8 5 6 5 8 9 10 58 57 4 0 24 25 27 26 28 23 74 30 74 23 28 26 27 25 24 0 49 50 87 47 88 48 89 48 88 47 87 50 49 0 59 60 61 21 62 63 62 21 61 60 59 0 66 67 68 69 70 71 72 71 70 69 68 67 66 0 78 38 79 40 37 80 81 82 81 80 37 40 79 38 78 0 33 34 75 76 35 32 77 36 77 32 35 76 75 34 33 0 41 42 83 84 85 44 45 86 45 44 85 84 83 42 41 0
45
0 4 17 24 33 41 49
24 25
25 27
27 26
17 13
49 50
33 34
78 38
41 42
13 19
19 14
14 15
15 11
11 16
16 18
18 12
54 3
56 2
2 1
58 10
10 9
9 8
8 5
5 6
6 7
26 28
28 23
74 30
30 29
87 47
88 48
89 46
61 21
63 20
72 22
79 40
40 37
82 39
76 35
35 32
77 36
36 31
85 44
44 45
86 43
