0 3 117 191 140 104 138 178 113 12 114 180 109 164 142 105 21 103 116 112 175 154 106 153 158 108 115 108 194 118 98 36 125 101 125 36 61 89 97 100 95 45 109 180 114 12 132 102 2 107 4 90 171 119 171 111 24 93 104 138 178 113 78 110 78 113 178 138 104 140 191 117 3 0
28
117 191 192 193
191 140
104 138 139
138 178
113 179
12 132
114 180 181 182 183 184 185
109 161 162 163 164 165 166 167
164 142
142 150
105 141 143 144 145 146
103 134 135 136 137
116 188 189 190
112 172 173 174 175 176 177
175 154
106 147 148 149 151 152 153
153 158
108 156 157 159 160 194
115 186 187
118 195 196
36 125
101 124 126 127 128 129 130
100 120 121 122 123
102 131 133
107 155
90 171
119 197 198 199
110 168 169 170
