a1 a2 a3 a4 a5 a6 a22 a21 a20 a24 a25 a26 a27 a11 a43 a59 a75 a91 a90 a89 a88 a84 a85 a86 a38 a37 a36 a40 a41 a45 a44 a48 a49 a50 a51 a52 a56 a57 a61 a60 a64 a65 a66 a67 a68 a72 a73 a77 a76 a75 a11 a10 a9 a13 a12 a11 a27 a28 a29 a28 a27 a91 a92 a93 a92 a96 a1
36
a2 a1 a3
a3 a4
a5 a6
a6 a22 a38 a54 a70 a86
a21 a17 a20
a20 a19
a24 a25
a26 a27
a27 a11 a28 a43 a59 a75 a91
a11 a12
a43 a44
a59 a60
a75 a76
a91 a92
a90 a89
a88 a84
a84 a83
a85 a81
a37 a33 a36
a36 a35
a40 a41
a45 a46
a48 a49
a50 a51
a51 a52
a56 a57
a61 a62
a64 a65
a66 a67
a67 a68
a72 a73
a77 a78
a10 a9
a13 a14
a29 a30
a93 a94
