Wheeler Doe Campanile LeConte Campbell Haviland Memorial Minor Maxwell MemorialStadium Maxwell Minor Haas Faculty FSM Baker McCone BigC Pavilion Simons Koja LaNote Simons Pavilion BigC Bongo FallRush Bongo NorthGate Ippuku WayWest Warren Hearst Davis Kresge Normandy Cheit Pimentel Morgan CVStarr Moffitt VLSB Moffitt Soda Sather Soda Etcheverry Latimer Stanley Latimer Evans Morrison Hertz Kroeber Wurster Kroeber Lewis Greek Cory Greek Morrison Evans Wheeler Doe Campanile LeConte Campbell Haviland Wellman Haviland Memorial McLaughlin South Stephens HearstAnnex Unit1 Faculty FSM Baker CZ Baker FSM Faculty Haas Minor Memorial Haviland Campbell LeConte Campanile Doe Wheeler
28
Wheeler Dwinelle Sproul
LeConte Birge
Memorial IHouse McLaughlin
Minor Haas Stonefire
MemorialStadium Hargrove
FSM Baker
McCone CKerr
Pavilion PeoplePark
Koja Legends TriDelta
LaNote Unit2
FallRush Metropolitan
WayWest Warren Cloyne
Warren Hearst
Hearst Davis
Normandy Cheit
Pimentel Anthony
CVStarr Moffitt
VLSB Etcheverry
Sather Martinez Barker Unit3 OCF
Stanley Foothill
Evans Morrison
Hertz Kroeber
Wurster Boalt
Greek Bechtel
Cory Jacobs
Wellman RSF
Stephens Moses
CZ Fiji
