86 67 114 29 85 29 108 34 47 18 15 32 25 46 200 77 43 58 23 7 171 9 60 40 3 37 151 80 151 88 143 63 70 111 142 4 142 12 62 98 115 68 55 133 186 172 131 78 71 61 79 187 20 36 70 180 165 99 167 65 167 130 115 182 96 182 108 61 104 24 168 24 104 61 71 67 86
50
86 120 125 150 169
67 2 22 54 71 93 140 192 198
114 1 8 52 94 105
29 121
85 129
108 44 149 184
34 122
47 41 139
18 51 84 177
15 36 199
32 126 157 159 175 181
25 64 153 154 158 183
46 117
200 100
77 19 48
43 92 185
58 26 28 73 97 116
23 66
7 45 57 101 145 163
171 10 75
9 13 110
60 87
40 38
3 5 11
37 156
151 17 160
80 194
88 27
143 6
63 74
70 107
111 76 113
4 179
12 123 138
62 89
98 91 148 173
115 53
68 35 90
55 132
133 152
186 72 196
172 56
78 14
61 30 69
79 21 137
20 82
180 106
65 146
96 174
168 189
