Soda Doe UniversityVillage Doe Soda BerkeleyWayWest Campanile Evans BotanicalGardens HearstMining Dwinelle HavilandHall Dwinelle HearstMining HilgardHall Unit1 SouthHall DavisHall Cory Blackwell BancroftLibrary Blackwell Cory Campbell GiauqueHall AlumniHouse GiauqueHall Etcheverry LeConte Soda
18
Soda Doe LeConte BerkeleyWayWest
Doe GreekTheatre LawrenceHall
UniversityVillage Bowles
BerkeleyWayWest Wheeler Campanile
Campanile Evans
Evans BAMPFA
BotanicalGardens HearstMining
HearstMining Dwinelle
HavilandHall Foothill
HilgardHall Gilman CaliforniaHall Unit1
Unit1 SouthHall
SouthHall Moffit
DavisHall Stern
Cory Campbell
Blackwell BancroftLibrary DurantHall
BancroftLibrary Unit2
Campbell Unit3
AlumniHouse InternationalHouse
