Evans WursterHall Campbell Morrisonhall Gongcha LeConte Moffit HappyLemon LawrenceHall BancroftLibrary HavilandHall VLSB NorthHall SouthHall Milkbomb MemorialGlade StrawberryCreek GreekTheatre SatherGate InternationalHouse CaliforniaHall Firewings RSF Underhill Blackwell ImmThai AlumniHouse BerkeleyWayWest Yifang UniversityVillage HortonHall Barrows KroeberHall Barrows Unit2 Pappys SproulHall LewisHall DavisHall ClarkKerr ThaiNoodle Dwinelle MLK LatimerHall Plentea StrawberryCreek Unit1 StrawberryCreek MemorialGlade Milkbomb Unit3 Spats Unit3 Bowles KroeberHall WursterHall Evans
35
Evans Cory
WursterHall Moffit Campbell
Campbell DurantHall Unit3 Eshelman
Morrisonhall Dwinelle
Gongcha LeConte
LeConte Bowles
Moffit SouthHall
HappyLemon LawrenceHall HavilandHall
LawrenceHall BancroftLibrary
HavilandHall VLSB
VLSB HearstMining
SouthHall HesseHall
MemorialGlade Kresge
StrawberryCreek GreekTheatre Unit1
GreekTheatre CanyonPool
SatherGate Doe InternationalHouse ZellerbachHall GiauqueHall
InternationalHouse CaliforniaHall
Firewings RSF HilgardHall
Underhill Campanile Foothill Blackwell
ImmThai AlumniHouse
AlumniHouse BerkeleyWayWest
Yifang UniversityVillage
UniversityVillage Wheeler
HortonHall Barrows MemorialStadium
Barrows BAMPFA Unit2
KroeberHall Etcheverry
Unit2 Stern
LewisHall DavisHall
DavisHall Gilman
ClarkKerr BotanicalGardens ThaiNoodle
Dwinelle MLK
MLK HildebrandHall
Plentea Soda SutardjaDai
Unit1 HAAS
Spats Boalt
