Hayward Shreveport Hartford Shreveport Seaside CapeCoral Gastonia Hampton Bryan Lubbock CostaMesa VeroBeach SantaClara VeroBeach PembrokePines LasVegas Stamford Murfreesboro Stamford Marysville Layton Pittsburgh Utica Lexington Utica Anchorage OverlandPark Trenton Anaheim SanBuenaventura Oxnard Brighton Torrance Melbourne Arvada Harrisburg BoiseCity Detroit Duluth SaintPaul SanAntonio ElPaso ElMonte Boston SterlingHeights Champaign SterlingHeights Springfield Spartanburg Springfield SterlingHeights Lafayette SanJose DalyCity Roseville Fullerton Paterson Victorville Kissimmee Huntsville Norwalk SouthLyon NewBedford Orem NewYork Tucson York Reno PortArthur RichmondCounty Seaside Shreveport Hayward
52
Hayward Norwich Waterbury
Shreveport Hartford
Hartford HavredeGrace Downey NorthLasVegas Modesto
Seaside CapeCoral Anchorage RichmondCounty Elkhart
CapeCoral PalmBay Mesquite Huntsville Bloomington
Gastonia Laredo Scranton
Hampton Salem CorpusChristi ElPaso Newark
Bryan Birmingham Lubbock Layton Aberdeen
Lubbock Pueblo Charlotte Melbourne
CostaMesa Bakersfield Kissimmee Plano
VeroBeach OverlandPark Stamford Monroe SantaClara
SantaClara Fullerton Columbus
PembrokePines Racine Deltona LasVegas Frederick Oxnard
LasVegas Nashua Burlington
Stamford Marysville
Murfreesboro Flint
Marysville Omaha Boise Torrance
Layton SanBuenaventura
Pittsburgh Utica Henderson NewYorkCity
Utica Tucson Champaign
Lexington NewBedford SaintPaul
Anchorage ThousandOaks Fresno Spartanburg
OverlandPark Greenville Savannah
Trenton Vancouver Louisville Anaheim
Anaheim Eugene
SanBuenaventura NewportNews Hemet
Oxnard Albuquerque
Torrance Newburgh Bethlehem
Melbourne Arvada
Arvada Tyler RoundLakeBeach
Harrisburg HuntingtonBeach Scottsdale
BoiseCity Detroit
Detroit Hagerstown Duluth Mobile
Duluth GreenBay
SaintPaul GrandRapids
SanAntonio JohnsonCity Kalamazoo
ElMonte McAllen
Boston Hialeah
Champaign York
Springfield Harlingen
Spartanburg LakeCharles
Lafayette Barnstable
DalyCity Cincinnati
Roseville Topeka
Paterson Lacey
Kissimmee Marina
Norwalk StLouis
NewBedford CathedralCity
Orem Olympia
Tucson PuntaGorda
Reno Ogden
RichmondCounty SiouxFalls
