AndyandZeyu c AndyandZeyu b4 AndyandZeyu AndyandZeyu7 j6 c7 AndyandZeyu7 AndyandZeyu i8 AndyandZeyu b9 AndyandZeyu AndyandZeyu12 j11 c12 AndyandZeyu12 AndyandZeyu i13 AndyandZeyu b14 AndyandZeyu AndyandZeyu17 j16 c17 AndyandZeyu17 AndyandZeyu i18 AndyandZeyu g1 AndyandZeyu j8 AndyandZeyu j13 AndyandZeyu j18 AndyandZeyu f0 AndyandZeyu b2 AndyandZeyu2 d2 b2 AndyandZeyu e5 AndyandZeyu e10 AndyandZeyu e15 AndyandZeyu
27
AndyandZeyu f g h i f0 g0 i0 j0 g1 h1 i1 j1 f2 g2 j2 f3 g3 h3 i3 j3 f4 g4 h4 f5 h5 i5 j5 f6 g6 h6 i6 f7 i7 f8 g8 i8 j8 f9 g9 h9 f10 h10 i10 j10 f11 g11 h11 i11 f12 i12 f13 g13 i13 j13 f14 g14 h14 f15 h15 i15 j15 f16 g16 h16 i16 f17 i17 f18 g18 i18 j18
c j
b4 i4
AndyandZeyu7 j6
j6 g7
c7 h7
i8 h8
b9 i9
AndyandZeyu12 j11
j11 g12
c12 h12
i13 h13
b14 i14
AndyandZeyu17 j16
j16 g17
c17 h17
i18 h18
g1 f1
j8 j7
j13 j12
j18 j17
f0 h0
AndyandZeyu2 h2
d2 i2
e5 j4 g5
e10 j9 g10
e15 j14 g15
