0 1 0 199 190 197 198 191 189 174 173 157 156 155 156 150 149 148 147 138 137 139 144 143 144 139 137 130 129 128 125 124 123 122 121 112 111 110 109 108 104 90 88 75 73 65 73 74 82 74 88 89 100 89 88 75 73 69 68 67 66 62 52 51 43 51 41 51 45 51 50 49 50 51 43 42 32 21 31 21 27 26 27 21 19 1 0
33
1 2 4 7 15 17
190 192 194
197 198
174 176 178 182 186
157 158 163 168 172
155 154
149 148
137 130 136
139 146
143 142
128 127
125 124
112 114 120
109 108
104 105
90 99
75 86 87
73 72
65 64
74 76
82 83
89 91 94
100 101
68 67
52 53 54 56
43 42
41 40
45 44
49 48
32 33
21 23
31 30
26 25
