Essos Toffingburg Jakku Alethkar WesternAirTemple ZhaoFu Duskhollow Millingburg Yunkai LeakyCauldron KoralReef Winterfell Chrofall Peridrift TheEyrie Urubaen TheFae Toperhagen Imre Grayburn Atlantas TheHogsHead ShriekingShack Naboo MountOlympus Valyria Ramshorn HighGarden TheWhompingWillow MenoaTree Vintas Prongdale FogofLostSouls Millhagen IslesofElysium Mordor Rohan Astapor Westeros Riverrun Steeltown Glimthain LeakyCauldron Dubwall Toffingburg Essos
42
Essos Toffingburg TheSpiritWorld TheRiverStyx JarrensOutpost
Toffingburg Jakku Riverrun Lorien JahKeved Dubwall Aerodenn Essos Carvahall
Jakku Alethkar WesternAirTemple TheWhompingWillow Alderaan TheUnderworld CaveofTwoLovers
Alethkar Vintas Penketh TheBoilingRock WitheredHeath Arkham Arcwallow BeyondtheWall ShatteredPlains
WesternAirTemple TheEyrie Winterfell FleaBottom Blackwater Omashu
ZhaoFu Duskhollow BaSingSe DuWeldenvarden Westeros
Duskhollow TheKrustyKrab Boatwright Neddingtown TheReshiIsles
Millingburg TheSpine Azir Braavos
Yunkai Trebon Barkamsted SatishVille
LeakyCauldron Helgrind Astapor TheGreatDivide
KoralReef Hogsmead Ellesmera Arrowcave
Winterfell Chrofall Severen
Chrofall Peridrift Castamere FlourishBlotts Batcave
Peridrift GooLagoon Newarre
TheEyrie Urubaen DiagonAlley Neddington
Urubaen TheFae FireNation
TheFae Toperhagen Atlantas Accrington
Toperhagen RepublicCity Lockinge TheVale
Imre Bobbingbourne
Grayburn Yll Tarbean
Atlantas Soda
TheHogsHead ShriekingShack
ShriekingShack Valyria
Naboo MountOlympus Ademre
MountOlympus CastleBlack
Valyria Dragonstone Ivormere
Ramshorn HighGarden KnifesEdge
HighGarden TheCommonwealth TheGodswood
TheWhompingWillow Karth
MenoaTree Meereen Gizton
Vintas TheChumBucket
Prongdale Sanlow
FogofLostSouls Shinovar
Millhagen BikiniBottom
IslesofElysium ProBendingArena
Mordor Keld
Rohan Tartarus
Astapor Netherfort
Riverrun Steeltown
Steeltown Grimbarrow
Glimthain Hogwarts
Dubwall Endor
