s l30 l21 l22 l77 l20 l59 h159 h112 l62 l43 h162 l29 h148 h153 h114 h135 h105 h131 l64 h125 h195 h104 l78 h123 h181 l42 l13 l95 l39 s
29
s h100 h101 h118 h124 h129 h134 h138 h140 h146 h157 h167 h187
l30 h104 h127 h159 h178 h184 h186
l21 h110 h112 h113 h117 h122 h135 h141 h142 h144 h171 h199
l22 h126 h161 h165 h166 h185 h192 h194
l77 h106 h108 h188 h189 h190 h198
l20 h114 h131 h137 h148 h149 h164 h176 h191
l59 h155 h168 h195 h197
h159 h102 h119 h153 h156
h112 h109 h139 h193
l62 h162 h163 h175
l43 h143 h174 h182
h162 h125 h147 h160 h179
l29 h132 h196
h148 h105 h115 h120 h169
h153 h123 h154 h180
h114 h103
h135 h133
h105 h181
h131 h150
l64 h116 h128 h172
h125 h111 h151 h183
h195 h177
h104 h121 h130 h152
l78 h170
h123 h158
h181 h173
l42 h145
l13 h136
l95 h107
