8 97 105 152 141 125 98 145 108 74 118 110 102 149 90 88 40 42 28 22 38 36 55 69 51 48 34 107 167 159 192 159 146 145 98 8
28
8 2 3 4 5 6 29 30 33 79 80 82 83 97
97 49 52 105 123 125 126 142 144 152 153
105 65 66 68 113 164 165
152 185
141 173 174
125 120 121 124 127 172
98 54 99 145
145 88 100
108 38 40 70 72 109 115 116 147 167 168 169
74 55 59 71 73 118
118 78 160 171
110 42 102
102 24 45 90 95 136
149 179 181 182 183 188
90 19 23 87 89 91 135 137
88 85
40 22 26 39
42 61
28 21 25 93
22 17
38 35 53
36 51
55 69
51 64
48 47 63
167 190
159 191 192
192 193
