0 1 19 3 13 3 19 1 0 7 2 7 0 8 4 10 4 16 4 8 11 8 0 80 81 82 83 84 85 86 87 88 89 90 91 92 93 94 95 96 97 98 99 100 101 102 103 104 105 106 107 108 109 110 111 112 113 114 115 116 117 118 119 80 0 1 12 26 120 121 122 123 124 125 126 127 126 125 124 123 122 121 120 26 12 1 0
31
0 1 7 8 14 29 30 33 44 52 60 66 71 79 80 12 18 19 21 28 45 58 2 25 4 11 51 57 65 75
1 26 63 62 3
19 9 13 27 41 49 54
3 35 48 68 17
13 32
7 5 23 42 55 56 67 70 72 77 59
2 37 39 50 78
8 10 15 16 38 43 69 22 46 64
4 6 36 40 74 47 24
10 20 31 34 53 73
16 61
11 76
80 82 118
82 84
84 86
86 88
88 90
90 92
92 94
94 96
96 98
98 100
100 102
102 104
104 106
106 108
108 110
110 112
112 114
114 116
127 129
