140 153 164 116 123 28 108 28 123 147 57 83 142 83 180 184 85 163 144 24 151 198 151 29 145 154 131 107 16 124 33 161 186 148 77 15 77 152 77 148 2 111 2 88 2 55 185 133 80 42 134 59 62 137 61 177 61 34 38 99 67 140
47
140 22 32 94 96 135 139 151 153 193
153 10 19 56 84 123 128 179
164 41 49 127
116 21 27 45
123 77 125 176
28 5 61 108 133 159
108 186
147 47 57 59 73
57 8 12 83 166 173 178
83 6 18 44 55 142
142 4 102 196
180 7 65
184 50 85 115
85 14
163 36 117 158
144 25
24 154
151 29 93
198 39 53
29 168
145 185
154 40 177
131 79 167
16 160
124 35
33 182 190
161 130
186 132 146 170
148 134
77 112
15 175
152 103 169
2 95
111 104 150
88 76
55 51
133 80 114
80 42
134 101
59 62
62 97
137 197
61 9
177 89
38 13
99 82
67 11
