TA0 TA10 TA9 TA8 TA7 TA18 TA90 TA41 TA40 TA39 TA38 TA12 TA11 TA85 TA24 TA25 TA26 TA27 TA79 TA80 TA79 TA78 TA77 TA35 TA34 TA33 TA32 TA61 TA62 TA63 TA64 TA65 TA20 TA46 TA47 TA48 TA93 TA48 TA49 TA37 TA36 TA0
29
TA0 TA1 TA10 TA36 TA99
TA10 TA9 TA54 TA59
TA9 TA8 TA35 TA62
TA8 TA7 TA49 TA92
TA7 TA6 TA18 TA73
TA18 TA19 TA90
TA90 TA89
TA41 TA40 TA42
TA40 TA39
TA39 TA38
TA38 TA12 TA47
TA12 TA33
TA11 TA85
TA85 TA24 TA84 TA86
TA24 TA23 TA25
TA25 TA26
TA26 TA21 TA27
TA27 TA28 TA56
TA79 TA80
TA80 TA81
TA77 TA76
TA35 TA71
TA33 TA32
TA32 TA58 TA61
TA62 TA63
TA63 TA64
TA20 TA46
TA47 TA48 TA50
TA93 TA94
