AAA AAB AAC AAB ABB ABC ABD ACD ACC ACB ACA ADA BAA BAB BAC BAB BBB BBC BBD BCD BCC BCB BCA BDA CAA CAB CAC CAB CBB CBC CBD CCD CCC CCB CCA CDA DAA DAB DAC DAB DBB DBC DBD DCD DCC DCB DCA DDA EAA EAB EAC EAB EBB EBC EBD ECD ECC ECB ECA EDA FAA FAB FAC FAB FBB FBC FBD FCD FCC FCB FCA FDA GAA GAB GAC GAB GBB GBC GBD GCD GCC GCB GCA GDA HAA HAB HAC HAB HBB HBC HBD HCD HCC HCB HCA HDA IAA IAB IAC IAB IBB IBC IBD ICD ICC ICB ICA IDA JAA JAB JAC JAB JBB JBC JBD JCD JCC JCB JCA JDA KAA KAB KAC KAB KBB KBC KBD KCD KCC KCB KCA KDA LAA LAB LAC LAB LBB LBC LBD LCD LBD LAD LAC LAB LAA KDA KCA KBA KAA JDA JCA JBA JAA IDA ICA IBA IAA HDA HCA HBA HAA GDA GCA GBA GAA FDA FCA FBA FAA EDA ECA EBA EAA DDA DCA DBA DAA CDA CCA CBA CAA BDA BCA BBA BAA ADA ACA ABA AAA
60
AAB ABB
AAC AAD ABC
ABB ACB
ABD ACD
ACD ADD
BAB BBB
BAC BAD BBC
BBB BCB
BBD BCD
BCD BDD
CAB CBB
CAC CAD CBC
CBB CCB
CBD CCD
CCD CDD
DAB DBB
DAC DAD DBC
DBB DCB
DBD DCD
DCD DDD
EAB EBB
EAC EAD EBC
EBB ECB
EBD ECD
ECD EDD
FAB FBB
FAC FAD FBC
FBB FCB
FBD FCD
FCD FDD
GAB GBB
GAC GAD GBC
GBB GCB
GBD GCD
GCD GDD
HAB HBB
HAC HAD HBC
HBB HCB
HBD HCD
HCD HDD
IAB IBB
IAC IAD IBC
IBB ICB
IBD ICD
ICD IDD
JAB JBB
JAC JAD JBC
JBB JCB
JBD JCD
JCD JDD
KAB KBB
KAC KAD KBC
KBB KCB
KBD KCD
KCD KDD
LAB LBB
LAC LAD LBC
LBB LCB
LBD LCD
LCD LDD
