Soda Location46 Location26 Location46 Location50 Location14 Location16 Location48 Location44 Location7 Location11 Location40 Location22 Location20 Location49 Location32 Location12 Location36 Location61 Location29 Location58 Location34 Location18 Location34 Location76 Location8 Location45 Location2 Location57 Location74 Location19 Location72 Location79 Location70 Location32 Location67 Location4 Location42 Location92 Location42 Location37 Location94 Location81 Soda
29
Soda Location46
Location46 Location26
Location26 Location0
Location50 Location93
Location14 Location16 Location38
Location16 Location72
Location48 Location1 Location44
Location44 Location7 Location58
Location7 Location94
Location11 Location5 Location80
Location40 Location70
Location22 Location20 Location82
Location20 Location31 Location57
Location49 Location32
Location32 Location12 Location66
Location12 Location3
Location36 Location28
Location61 Location29
Location58 Location56 Location77
Location34 Location76
Location18 Location10
Location76 Location17 Location74
Location8 Location45
Location45 Location2 Location39
Location57 Location9
Location72 Location41 Location79
Location70 Location35
Location4 Location42
Location92 Location23
