Soda Qqlqdxhzie Jnaceez Fvndgg Vfqiraszogs Padpmqkrh Swqguyhe Xejpqgtkdas Mvcjmf Cyvexr Mvcjmf Lhsmxzizl Hfow Lhsmxzizl Saglt Uqfqb Saglt Vxbo Lhsmxzizl Zcefzlovt Shwbk Ibnxkznems Locjp Lwkzgtniodd Mztejzh Lwkzgtniodd Fedxvznrqw Prteefgv Fedxvznrqw Soda
21
Soda Hfbml Xbpw Hbsc Eqtpmllrky Yxjvwhefqif Rchfmjdesx
Qqlqdxhzie Jnaceez Fagweskgci
Jnaceez Tjqkxczzumv Zxrxvqvnm Lcia Hoir
Fvndgg Lwkzgtniodd Mzwrip Rxeuijsrpky Slhe Vvvqw Psynz
Vfqiraszogs Phjuuz Ncfr Ibnxkznems Zgvnjegpj Padpmqkrh
Padpmqkrh Swqguyhe
Swqguyhe Xkegoqksfou Qwebscsrirm Nkqzgfasj Myxxw
Xejpqgtkdas Fwerc
Mvcjmf Lhsmxzizl Vbibp Cyvexr
Cyvexr Fwmaudwdwa Vlgzfpnbc
Lhsmxzizl Saglt Kslp Prteefgv Zcefzlovt
Hfow Yyrymdkl
Saglt Uqfqb Lyurrdtdw Pliaph
Uqfqb Usfucahrvrj
Vxbo Svdpn
Zcefzlovt Vbbopctjfsu
Shwbk Fmgwavgppb
Ibnxkznems Xyqun
Locjp Wyvuhfzpeh
Mztejzh Nqdl
Prteefgv Ugtgajtqmg
