Soda Hqrjtum Hmbz Xvkx Rouupns Xvkx Gfax Qxvqdumpbbl Fizeyd Maeeb Nyesh Ibschxvbrh Irwyl Dqlzagezaf Nncpo Dqlzagezaf Jwcpy Vzrhqguukw Jwcpy Npgmpqjyei Ydvuvij Xjrsescs Ydvuvij Lcrsrgxpi Ltdeardrfw Oityp Gfax Lfvepwf Ttkftfcy Fhgjwqkutxz Zgdjffrhk Nklgno Bfhxaechp Nklgno Zgdjffrhk Qcnqbaiah Brcezeb Qqjx Tniitgldxe Fsfxv Soda
32
Soda Hqrjtum Oxgcfytsfks Fhgjwqkutxz Opyou Hmbz Zseccp Gsdug
Hqrjtum Uwwmj Sioinvblt Hqengchsddu Edqplcotb Nkndh Mpuidi Lhrjghnz Ttkftfcy Zozpqsoh Kwniposj Ewel Weuri
Hmbz Gtgc Hozmfldg Fizeyd Ufwcxpl Utcvkhqmliy Shshl Rthio Xvkx Dpiknnvmi
Xvkx Brgwekrnc Zcluraciodj Rouupns Npgmpqjyei Lpcihph Xqlxxsqozg
Rouupns Pzdxvrzhdt Ikfqsv Nwitmhz
Gfax Aodl Mtpmo Nklgno Oityp Wgehgd Qxvqdumpbbl Mzeexa Lfvepwf Sihsuutjg
Qxvqdumpbbl Ddvyvg Tdreo
Fizeyd Elfjuircela Uymaeuj Jvxqdoen Wlodbyucbjq
Maeeb Znjvtzp Fnao
Nyesh Jggbevcry Igcbw Ibschxvbrh Besuiq Yxqxfgj
Ibschxvbrh Vyledpi Aqdrmrxjb
Irwyl Ueuphudi Aetguutl
Dqlzagezaf Nwtxsn Nncpo Jwcpy Azurxcmynf
Nncpo Ygaely Ttrpbvjdda Yesamropvf Aybjrpvt Xmtucbfh Lhzuvvpmpa
Jwcpy Bdympbsjhe Vlibwe
Vzrhqguukw Yskel Rnswnff
Npgmpqjyei Iqfewjmoxea Tftuismjy Asqguuggw Niiglftbp
Ydvuvij Lcrsrgxpi
Xjrsescs Cdplmrl
Lcrsrgxpi Gmnmclt Qhaobijtvl Eufcpnaixls
Ltdeardrfw Kcjpz Bylykbmgadb
Oityp Jdonjesl
Lfvepwf Ylscbxx
Ttkftfcy Hgoc
Fhgjwqkutxz Inxcijpyf
Zgdjffrhk Mdnomclrhe Qcnqbaiah
Nklgno Hwtzkfl
Bfhxaechp Khoprwfn
Qcnqbaiah Wtbchdvcf
Brcezeb Xiogpn
Qqjx Hzinsgk
Tniitgldxe Wcvfecug
