aa0 aa1 aa0 gd9 aa0 aa1 aa5 aa8 aa2 aa8 aa9 ab0 ab1 ab5 ab8 ab7 ab8 ab9 ac0 ac5 ac0 ac4 ac7 ac3 ac7 ac4 ac9 ad0 ad9 ga0 ga1 ga3 ga1 ga5 ga8 ga9 gb0 gb3 gb1 gb6 gb9 gc0 gc6 gc0 gc7 gc0 gc3 gc4 gc9 gd0 gd1 gd0 gd2 gd5 gd2 gd0 gc9 gc4 gc3 gc0 gc1 gc0 gc3 gc4 gc9 gd0 gd2 gd5 gd6 gd9 aa0 aa1 aa2 aa4 aa2 aa8 aa9 ab0 ab2 ab4 ab7 ab8 ab9 ac0 ac5 ac9 ad0 ad9 ad1 ad2 ad3 ad2 ad1 ad9 ga0 ga1 ga5 ga8 ga9 gb0 gb1 gb6 gb9 gc0 gc3 gc4 gc9 gd0 gd2 gd5 gd6 gd9 aa0
29
aa0 gd9
aa1 aa5
gd9 gd7 gd8
aa5 aa6
aa2 aa4
ab0 ab2
ab1 ab5
ab5 ab8
ab8 ab7
ab7 ab4
ac5 ac8
ac4 ac2 ac7
ac7 ac3
ac3 ac6
ga1 ga2 ga3
ga3 ga4
ga5 ga6
ga8 ga7
gb0 gb2 gb3
gb3 gb4
gb1 gb6 gb7
gc0 gc1 gc3
gc6 gc5
gc7 gc8
gd1 gd4
gd5 gd3
gc1 gc2
aa4 aa3 aa7
ad3 ad4 ad5 ad6 ad7 ad8
