aa0 aa1 aa0 kd9 kd8 kd7 kd1 kd0 kc9 kc8 kc7 kc6 kc4 kc2 kc0 kb9 kb6 kb2 kb5 kb2 kb0 ka9 ka6 ka4 ka2 ka0 gd9 ka0 ka2 ka4 ka7 ka4 ka2 ka0 gd9 gd6 gd4 gd3 gd5 gd2 gd0 gc9 gc4 gc3 gc0 gb9 gc0 gc7 gc0 gb9 gb7 gb1 gb0 ga9 ga8 ga4 ga8 ga5 ga1 ga0 ad9 ad0 ac9 ac4 ac7 ac3 ac6 ac3 ac7 ac4 ac0 ab9 ab8 ab7 ab4 ab2 ab0 aa9 aa8 aa2 aa8 aa5 aa8 aa2 aa4 aa2 aa8 aa9 ab0 ab2 ab4 ab7 ab8 ab9 ac0 ac5 ac9 ad0 ad9 ga0 ga1 ga5 ga8 ga9 gb0 gb1 gb6 gb9 gc0 gc1 gc0 gc3 gc4 gc9 gd0 gd2 gd5 gd6 gd9 ka0 ka2 ka4 ka6 ka9 kb0 kb1 kb3 kb1 kb0 ka9 ka6 ka4 ka2 ka0 gd9 gd6 gd5 gd2 gd0 gc9 gc4 gc3 gc0 gb9 gb6 gb1 gb0 ga9 ga8 ga5 ga1 ga0 ad9 ad1 ad2 ad3 ad2 ad1 ad9 ad0 ac9 ac4 ac0 ab9 ab8 ab7 ab4 ab2 ab0 aa9 aa8 aa2 aa1 aa0
44
aa1 aa5
kd9 kd8
kd8 kd1 kd5
kd7 kd3 kd4
kc9 kc6 kc8
kc8 kc1
kc7 kc5
kc4 kc2
kb9 kb5 kb6
kb6 kb2
kb5 kb8
ka9 ka6 ka7
ka4 ka2
ka2 ka5
ka0 gd9
gd9 gd7 gd8
ka7 ka8
gd6 gd4
gd4 gd3
gc9 gc5
gc4 gc3
gc0 gc1
gb9 gb6 gb7
gc7 gc8
gb7 gb4
gb1 gb2 gb3
ga8 ga4 ga7
ga4 ga3
ga5 ga6
ga1 ga2
ac4 ac2 ac7
ac7 ac3
ac3 ac6
ac6 ac8
ab9 ab8
ab8 ab5 ab7
ab7 ab4
ab4 ab2
aa2 aa4
aa5 aa6
aa4 aa3 aa7
gc1 gc2
kb3 kb7
ad3 ad4 ad5 ad6 ad7 ad8
