0 84 0 55 57 55 178 55 92 55 57 112 2 140 116 180 116 52 128 3 128 99 128 153 82 153 184 124 183 125 195 70 114 103 114 1 15 167 189 36 144 185 35 32 69 12 69 161 151 152 88 34 97 186 150 58 31 58 56 77 21 169 141 65 148 64 81 179 191 181 61 188 112 120 130 120 112 57 55 178 132 145 100 145 86 175 96 143 121 79 13 84 0
58
0 55 86 198
84 13
55 57 92
57 73 108 112 138
178 20 132
92 59 94 129
112 2 16 139 188 195
140 14 56
116 38 52
180 77
52 167
128 3 99 119 123
3 170
99 137
153 24 82
82 29 83
184 124 164
124 23 26 45 90 157
183 125
125 169
195 1
70 143
114 12 39 103
103 166
15 35
167 10 85 100 189
189 11 71
36 41 160
144 185
35 182
32 9 50 69 147
69 142 161
12 176
151 152
152 19
88 46 102
34 67 97
97 186
186 49 89 150
150 72
58 43
31 196
77 21
21 148
169 66 141
141 95
65 104
148 64
81 101 107
179 27
191 106
181 68
120 172
130 197
132 74
100 51
86 175
96 105
