2 41 85 9 60 70 177 90 62 139 55 50 42 103 116 103 172 103 116 67 134 94 57 15 57 94 28 174 180 174 99 165 140 149 171 179 16 179 171 18 14 22 76 51 176 192 0 186 38 83 73 83 38 186 136 119 68 53 157 2 41 143 19 129 50 1 50 42 145 52 56 195 199 121 7 121 196 155 178 82 110 158 163 5 59 173 59 20 27 98 27 20 59 5 169 63 131 109 161 4 65 86 37 25 81 12 127 150 101 93 101 150 185 70 100 198 147 198 100 114 126 175 87 8 13 138 164 117 102 45 181 34 181 45 102 117 182 189 182 67 116 103 42 108 105 21 105 108 42 188 35 199 97 144 97 199 195 56 44 104 115 147 198 100 114 107 43 71 6 118 80 43 107 114 100 70 60 9 85 41 2
81
2 157
41 2 85
60 35 142
70 100 177
177 90
90 95
62 14 94 96 139
139 55
55 50 130
50 42 193
42 145 188
103 116
116 28 67
172 61 98 113
67 182
57 15
15 30
28 174
180 126
99 165
140 149
149 3 171
171 179
16 133
22 76
76 51
176 192
192 0
186 38 136
38 46
83 73
73 58
136 119
68 53
157 49
129 48
1 187
145 52
52 56
56 44
199 97 121
121 7 196
7 79
155 178
178 82
82 110
110 158
158 112
5 59 125
59 173
173 128
20 27
27 141
98 36
169 63
63 26 131
131 156
109 161
161 4
65 86
37 25
81 12
101 93
93 194
100 114
147 32 115
87 8
8 13
13 138
138 164
45 181
181 34
34 23
182 189
189 122
21 92
144 106
43 80
71 6
6 118
80 54
