Egsmith Barnton Ashbourne Sudwich Aldover Ashdown Shaftbage Edgey Hurstlow Marlover Wyborne Sunsted Waltditch Wenside Burbourne Leathermere Sudtree Flitgrove Chelmbeck Whithall Shaftsted Barnton Egsmith
18
Egsmith Barnton Wywick Waltditch Stainby
Barnton Wychbourne Ashbourne Wetwick
Ashbourne Brackbrough Stapbeck Wychnell
Sudwich Nortley Pemlow
Aldover Chelmden Ashdown Egtree Edgey
Ashdown Chelmbeck Shaftbage Farnsmith
Shaftbage Egavon Cookford
Edgey Staplake
Hurstlow Chelmwang
Wyborne Penborne
Sunsted Wychsmith Flitgrove
Waltditch Wenside
Wenside Alfchester Burbourne
Burbourne Leathermere
Leathermere Sudtree
Sudtree Stainbrough Wenwold
Chelmbeck Shaftbridge Wychbeck
Shaftsted Wenbeck
