Whitgrove Worberney Egwick Pemnell Penddenchester Botbage Bursted Botbage Botwick Endingrensby Shaftborough Hannersmith Worhall Alddleringworth Reddendeney Bromssmith Wenton Marlbeck Tippenbrook Suddenmoor Egmerhampton Shaftwick Hurstdown Botshot Hurstdown Tippingtree Enderbeck Sifield Sundcompney Prestwick Wychchester Barndlesborough Wychchester Barndlesthorne Warsmith Falderbrough Marlbrook Shafthead Sundlethorne Fullensborne Endlenell Maidendstoke Basbage Worberney Whitgrove
33
Whitgrove Dribblecombe Ribberrenston Hampingbascombe Siey Sodberling
Worberney Sirenshall Alfmere Falderseythorne Tippenbrook Durbrook Hampingcastle Whitgrove Cihead Cannerthorne Bursmith Melwood
Egwick Staplow Endleberey Hamwold Whitringlake Bootwick Redcombe
Pemnell Blansbrook Rothingcombe Sundlethorne Suddenmoor Egsted Worford
Penddenchester Boothingmanstree Skellenshot Rothendcombe Nortwell Tipstoke Reddendeney Siavon Wychchester Suddingover Marlcester
Botbage Bromstanham Botbeck Milthorne
Bursted Chedworth Watchlake Ketchester Rotherlow
Botwick Sifield Elside Farnditch Wendleringdown Skelberden Waltbeck Tippingbage Faldenhall
Endingrensby Eley Worrenberwang Candleswick Shaftborough Ellerbridge Toddenmoor
Shaftborough Penby Wychcompwold
Hannersmith Worhall Tippendham Dribberham
Worhall Hampingworth
Alddleringworth Horsnell Leatherport Basditch Bothenhall Southmere Abgleham Bothenton
Reddendeney Prestwick Wycastle
Bromssmith Horstleover
Wenton Marlbrook
Marlbeck Enderbeck
Tippenbrook Casbrook
Suddenmoor Egmerhampton Staincombe
Egmerhampton Clereennell
Shaftwick Emmerley Abcester Dartden Ketnell
Botshot Wetsmith Falworth
Tippingtree Stapbrough Abglewold Sundendford
Enderbeck Sodport
Sifield Endingnell
Wychchester Southbury
Barndlesborough Skellingover
Barndlesthorne Wolley
Falderbrough Farndlesover
Marlbrook Wethampton
Shafthead Todhampton
Fullensborne Bastlebury
Maidendstoke Wetwick
