0 1 2 3 4 19 4 5 6 7 8 9 10 11 12 11 10 25 41 56 71 70 85 84 99 98 82 81 80 65 50 36 52 36 20 5 4 19 18 33 48 63 47 31 45 60 75 76 77 92 93 94 79 80 95 80 79 94 93 108 123 108 92 91 107 122 106 90 75 76 77 78 79 80 81 82 83 84 85 86 87 86 85 100 85 86 87 103 104 89 59 58 43 27 12 11 10 9 8 7 6 5 4 3 2 1 0
46
0 15
1 0
2 3 18
4 5
19 34
5 20
6 7
7 8 23
9 10
10 25
12 13 28
25 40 41
41 55 56 57
56 71
71 70
70 85
85 100
84 83
99 98
81 80
80 95
65 50
50 36
36 51 52
52 68
20 35
48 63
63 47
47 31
31 45 46
45 30
60 75
75 76 90
77 78 93
92 108
94 109
95 110 111
123 124
107 122
122 106
106 120 121
90 105
87 88 103
100 115 116
104 119
58 73
