location0 location99 location89 location92 location98 location55 location74 location15 location31 location79 location37 location22 location86 location38 location51 location48 location72 location12 location9 location31 location50 location17 location0
20
location0 location7 location17 location32 location33 location47 location48
location99 location19
location89 location3 location9 location10 location11 location13 location24 location29 location36 location39
location92 location26 location28 location44
location98 location4 location21 location37
location55 location2 location5 location41 location50
location74 location14 location15 location40 location43 location46
location15 location31 location49
location31 location6 location42
location79 location20 location25 location38
location37 location22 location27 location35
location22 location34
location86 location8
location38 location23
location51 location16
location48 location18
location72 location12
location12 location1
location9 location30
location50 location45
