SantaClarita Carrollton Lubbock Concord Reno FortCollins Murfreesboro Victorville Shreveport Thornton Midland Escondido Chesapeake Wichita Omaha Ontario Boston Hartford LouisvilleJefferson Lancaster Tempe Washington RanchoCucamonga Cary Miami Madison Miami SanBernardino SanDiego Lubbock Carrollton SantaClarita
23
SantaClarita Carrollton OklahomaCity
Carrollton Stockton Huntsville GardenGrove
Lubbock Concord
Concord Victorville Washington RanchoCucamonga
Reno PembrokePines
FortCollins Midland Stamford Waco Austin
Victorville Shreveport
Shreveport Beaumont Wichita
Thornton Yonkers NewportNews
Midland Independence
Escondido Ontario Allentown Fayetteville Indianapolis Omaha StLouis Pomona Henderson
Wichita Boston Bellevue LexingtonFa StPetersburg SiouxFalls Hartford
Ontario LouisvilleJefferson
Boston Alexandria
Hartford Sunnyvale Visalia LongBeach
LouisvilleJefferson WestValleyCity
Lancaster Surprise
Tempe Brownsville
Washington LosAngeles Lafayette
Cary Orlando
Miami Worcester Scottsdale Newark
Madison Garland
SanDiego Paterson
