Plano SantaClara Rockford Riverside Tallahassee Hampton Honolulu Tallahassee Cincinnati Miami LasVegas Clyde OklahomaCity Amarillo Chandler Rochester SanFrancisco Warren MorenoValley Pasadena Washington Memphis Mesa Topeka Hayward WinstonSalem VirginiaBeach KansasCity Jackson AnnArbor Frisco Murfreesboro Salinas SanAntonio NewHaven Yonkers Hialeah Murfreesboro Frisco OklahomaCity Amarillo SantaClara Plano
32
Plano Rockford Riverside SantaClara Pasadena Lafayette HuntingtonBeach SantaRosa
SantaClara Irving Norman SanFrancisco Hampton MorenoValley
Rockford LasVegas Salinas
Riverside OklahomaCity Cary
Tallahassee Cincinnati Miami SanAntonio
Hampton Olathe
Honolulu LittleRock Irvine
Cincinnati Fremont
Miami Vancouver Mobile AugustaRichmond Montgomery SimiValley Vallejo Dallas Beaumont Surprise Worcester
LasVegas Warren
Clyde Thornton
OklahomaCity Mesa
Chandler Elizabeth
SanFrancisco Omaha
Warren Sunnyvale Atlanta
MorenoValley Charleston
Pasadena StLouis Oxnard Corona Denver Hartford
Washington Memphis
Memphis OWO Hayward Waco
Mesa FortLauderdale Garland Ontario
Topeka Huntsville Wichita Lancaster
WinstonSalem Pikachu
VirginiaBeach Anchorage JerseyCity Tulsa Lincoln Torrance Norfolk
KansasCity SanJose Pomona Mesquite Escondido Chicago Killeen
Jackson AnnArbor NewHaven
AnnArbor Anaheim LouisvilleJefferson
Frisco GardenGrove Laredo Greensboro NewOrleans
Murfreesboro Houston
Salinas SantaClarita GrandPrairie Davidson Portland Stamford Denton Brownsville Glendale Madison McAllen Glasses FortCollins SanBernardino
SanAntonio Allentown CorpusChristi ThousandOaks Hollywood Raleigh
NewHaven SiouxFalls Tampa Knoxville
Hialeah Akron
