0 185 23 153 162 156 175 117 41 72 184 122 195 29 90 124 96 17 114 154 163 190 21 43 87 49 155 128 155 152 24 64 0
28
0 1 2 15 56 66 67 84 94 193
185 0 23 115 130
23 22 39 93 143 153 166 167
153 24 33 111 154 172
162 16 18 27 42 47 50 68 74 158 190
156 38 100 107 133 184
175 5 70 96 98 125 128 173
117 14 86 134 141
41 65 69 72 103 151
72 17 28 78
184 8 138
122 20 101 120 164
195 160 182
29 3 31 157
90 9 83 102 114 116 152
124 183
96 51 89
17 43 71 137 177 199
114 59
154 4 11 52 80 159 174 187
163 146
190 21
21 129
43 13
49 35
128 81
152 197
24 26
