vLeODpVlYSBeYNDYoXha biqCAetglYuANrTRzMiX DDEuYWXXufMefzDjgEFm CfkBzkPETvagyIDCsLTD oCvaAQKOXXWgeSNnUmae OVoYVQPnlYoZBBKtyuLk TCAkluAESUWAMGFeNcGN FqdjKgdpEanmCnmxJMFA fPxvnMVMFwhJbNBURdgD VhDSPHxolLkNxxDnpUyx mevvwcZLudaokctOWvKe iBYHAWUhqeQPjphQzpdN QVieqcaFouOCsTOizGRp fvEcAuRDdfuHEPLNpaTz fHcdXnOxSadpKeCUwNYm CmbFyJmcvVqyCmJgQxeI gMqbbwopmbxmOomqZjfm ZjjqpiSiaWnmxJgUtucv aCucdhmWbhlrgfstQigR ZbyHJLmoTqNpTnlUVJZC uyPyJzKFqWxgSNmpkDrB zxeoSbTqbWPpSzalAtBI JfHUEGGyknWmebdthZai mlipOrSnGcxXtoXBbRyl LOMgYipCQQXQnRqEqRwO qbmGewAditsWkTFHdxjP QQSjCkgLAWAPObYQvNsB RjKEHTlRvtaVBbyqZVAw ubTtmhAXQixwuFvQluYa LeLGVrNGvkwLbzIWTNFP aWvnTxwRCeZSoCnPnhDt DWWCMAjZQQIEKOIiHFQN cZgmtoPGHxdozTaDMiyf TwgqMzgExFHTIfcwfBnr xQaDpDGAXhDYzSMnMWvb TwgqMzgExFHTIfcwfBnr AdXveYSBaneNwCQzrdSw gMqbbwopmbxmOomqZjfm gIttwvzcgONwFblnGIqq gzxzakmqbxbsOczuQVLG wRjMmrpRuknxqunJrMAE DqUxIMslnixWfmkjQTmS ajvbaFpYiEBJySPsSLaI FqdjKgdpEanmCnmxJMFA ybrQlUhznqOhsvndWAbl uyPyJzKFqWxgSNmpkDrB vLeODpVlYSBeYNDYoXha
36
vLeODpVlYSBeYNDYoXha uyPyJzKFqWxgSNmpkDrB
biqCAetglYuANrTRzMiX pdXCnKagnvEntNTuPHdK
DDEuYWXXufMefzDjgEFm CfkBzkPETvagyIDCsLTD gzxzakmqbxbsOczuQVLG
CfkBzkPETvagyIDCsLTD iDucfyZGMCbCQbXjbQqM
oCvaAQKOXXWgeSNnUmae OVoYVQPnlYoZBBKtyuLk
OVoYVQPnlYoZBBKtyuLk CPszTohYUHARNedzFlDK
TCAkluAESUWAMGFeNcGN MlwlINEFqmyzZNPXRLJF FcEsyaTmqpoyvbDrHjlc
FqdjKgdpEanmCnmxJMFA ybrQlUhznqOhsvndWAbl fPxvnMVMFwhJbNBURdgD
fPxvnMVMFwhJbNBURdgD VhDSPHxolLkNxxDnpUyx
VhDSPHxolLkNxxDnpUyx jwIBHKkXHTPVsOJwBOsr PLDOWRIeaCSVLMyDadzC
mevvwcZLudaokctOWvKe mlipOrSnGcxXtoXBbRyl iBYHAWUhqeQPjphQzpdN
iBYHAWUhqeQPjphQzpdN jzQJaGLLiuQLhhyqBagr
QVieqcaFouOCsTOizGRp fvEcAuRDdfuHEPLNpaTz
fvEcAuRDdfuHEPLNpaTz sXfgLMwoysnMazVSWnhc fHcdXnOxSadpKeCUwNYm
fHcdXnOxSadpKeCUwNYm NAHeKyyhAObyyUEUSkSU CmbFyJmcvVqyCmJgQxeI
CmbFyJmcvVqyCmJgQxeI NciLXNPTvMoXdbTDZmlg gMqbbwopmbxmOomqZjfm
gMqbbwopmbxmOomqZjfm AdXveYSBaneNwCQzrdSw QkAjrUUuVdzSMnlfJLcO gIttwvzcgONwFblnGIqq UgFPXEAdAfcfHGIbNTsq
ZjjqpiSiaWnmxJgUtucv aCucdhmWbhlrgfstQigR
aCucdhmWbhlrgfstQigR BXzACdzjLITNgbmDPlEu
ZbyHJLmoTqNpTnlUVJZC tVzUgXVoBYxBMnkkwFmk
uyPyJzKFqWxgSNmpkDrB zxeoSbTqbWPpSzalAtBI
zxeoSbTqbWPpSzalAtBI dyUDfEGgAoSshTRjMZZg
JfHUEGGyknWmebdthZai QQSjCkgLAWAPObYQvNsB TwgqMzgExFHTIfcwfBnr
mlipOrSnGcxXtoXBbRyl NVEtShKeuxpaFIOiyVqE
qbmGewAditsWkTFHdxjP cvlwIwajcIlbhZbyFgmq
QQSjCkgLAWAPObYQvNsB RjKEHTlRvtaVBbyqZVAw
LeLGVrNGvkwLbzIWTNFP ASXwCgVTXDdhSXJwFovC
aWvnTxwRCeZSoCnPnhDt DWWCMAjZQQIEKOIiHFQN
DWWCMAjZQQIEKOIiHFQN cZgmtoPGHxdozTaDMiyf
TwgqMzgExFHTIfcwfBnr xQaDpDGAXhDYzSMnMWvb
xQaDpDGAXhDYzSMnMWvb WCCOEUYmDvzZlrkDAqoi
AdXveYSBaneNwCQzrdSw ruLqpYqEzGGiKysvsarb
gzxzakmqbxbsOczuQVLG gEufXNuuWhnlbNYaoQFJ
wRjMmrpRuknxqunJrMAE DqUxIMslnixWfmkjQTmS iBjjCWwkYToOKfrrLnny
DqUxIMslnixWfmkjQTmS TqyFrXuGvuBuqnpYbjKc
ajvbaFpYiEBJySPsSLaI fToHwimUqLsKcKLZHiUX sBkAYRISjTYinLFSNcKW
