oUyBZvEHNPOWtAsHANHU eWGFHgdBASXJbxQbYrCG hNRcEeFjmsmOnuOdNAXl eqwycKZriorIAbsUBjxu tItiZloipgPmLuONrNnZ ikjgYLaZRolSrbIYyKBd JOFEBwAKkbqhkHCsIrdY WNtREfXrntZpJjBWrnBQ eqwycKZriorIAbsUBjxu VVzvLIOwARaWwhQTKPrx UcwddMmmNJxPoUiuiyvm UgaWwXBplvlUJzfeuZdN hpQFeVriPZmwKZcYFAWN rqqedkokePZFdhDbMNpX IuNNJvHSmYKpVBzmzuJX fDAbzsYfiXDxOIsITcQl JGmrlhNqKarRJZMikIzR oUyBZvEHNPOWtAsHANHU ikjgYLaZRolSrbIYyKBd vUAlnOQiiNflifusqsxz eWVKeYegIFOJxvfRkjek QFaSXENOfunmdZIBqDsS UMfDYlvFlUVuogMRkWNG QFaSXENOfunmdZIBqDsS JKNUHFrXPStBWMuUOVkj tItiZloipgPmLuONrNnZ ikjgYLaZRolSrbIYyKBd oUyBZvEHNPOWtAsHANHU
19
oUyBZvEHNPOWtAsHANHU eWGFHgdBASXJbxQbYrCG
eWGFHgdBASXJbxQbYrCG oUyBZvEHNPOWtAsHANHU hNRcEeFjmsmOnuOdNAXl
hNRcEeFjmsmOnuOdNAXl eqwycKZriorIAbsUBjxu
eqwycKZriorIAbsUBjxu MeohNnftDTzllMTGwxnG VVzvLIOwARaWwhQTKPrx
tItiZloipgPmLuONrNnZ cAvnOxZJtanpVvcAxJHM JKNUHFrXPStBWMuUOVkj
ikjgYLaZRolSrbIYyKBd CXrruomvXfADUrHxMwZi NBTlGJqSnWahMvuDlXAm
JOFEBwAKkbqhkHCsIrdY CcspnGXfrmzZRWjdMjLd
WNtREfXrntZpJjBWrnBQ CCYBPFZgoOONzoEeTKzC
VVzvLIOwARaWwhQTKPrx OWCblOtQanZakRLMqMxz
UcwddMmmNJxPoUiuiyvm oMKDNkBacLxexXKHqXfF
UgaWwXBplvlUJzfeuZdN hpQFeVriPZmwKZcYFAWN QMnEKXGwZYUlreveNjwA
hpQFeVriPZmwKZcYFAWN PojKKQvEDmFOnJinujFi
rqqedkokePZFdhDbMNpX IuNNJvHSmYKpVBzmzuJX IUJDEWwYxhQimsCqnrFH
IuNNJvHSmYKpVBzmzuJX znYRMYifzQwyixuIXDnz
fDAbzsYfiXDxOIsITcQl NVPacTSrBMpDkMBotiWB
JGmrlhNqKarRJZMikIzR gUlgGYCPZjsRiFLqnVun
vUAlnOQiiNflifusqsxz eWVKeYegIFOJxvfRkjek
QFaSXENOfunmdZIBqDsS UMfDYlvFlUVuogMRkWNG
UMfDYlvFlUVuogMRkWNG lPMfQyVLDIZczBuDgsVQ
