ZtfcEeD9 6MPulFAv nFqouQp3 rbWYBihd nFqouQp3 6MPulFAv ZtfcEeD9 lwKMUcFL lWuh5cH8 uEOMgmS6 7VEdC8Bn KZzTlcqA KbQF6Z1I VgwgAKMz FqE4GP0Y Wznv2rRv tKnzhLx5 pDb2VAD0 SqpsWXRw NvpMZWSs HTyyntxa yptfWPBC aDGqWHym 4FNIiWtX Fj27Gybu WOQy49Fo TNblhkGK bKTzHQn4 uEOMgmS6 lWuh5cH8 lwKMUcFL ZtfcEeD9 6MPulFAv nFqouQp3 rbWYBihd NBKhkccj oqraQ3aF yWlzbESz CIF8DWXL BkhTgoaJ W7b2i2pG PMzcqvQL IdGLl1to WvzZeqnS O5yBujnu v654W2Kr xI4hMIxA w0QWGw2L n0riP8Jl 0MyIUMFM KcGXxWyr u2ZI4Bp6 b850DFfF ciNFdHxl 9FVeC0va mSd4Nw6v 7Xy44hse YXHt7Frx T2a0VXcz CTlg3xsv VDai7XkI iJuLSUhp WOCLylig ZmF2u9Cy mrK2EXuk ca785uLx EB4WBsTV aACN5TTZ h4MzKYRp iF2sCG7R kMauNR5Y gmal2HHS zvH4AKmS 43ehQX6O YWqBlkAs eJJL3lWa CxnbNU8s 4pgwpiHi 6MPulFAv ZtfcEeD9
41
ZtfcEeD9 J2tz5Jy2 ZS8CQaI7
6MPulFAv ZtfcEeD9 nFqouQp3
nFqouQp3 rbWYBihd Q7hUKAHQ d5gzYuse xzWL2Pp8 tCAdUY4B
rbWYBihd SG64DwCC YWqBlkAs
lwKMUcFL lWuh5cH8
lWuh5cH8 CxnbNU8s mrK2EXuk
7VEdC8Bn BOlNhFGU jKNn1ZQ1 CBKWpDQv KZzTlcqA
KbQF6Z1I VgwgAKMz NpH6Hpsr gX4kBNm4
VgwgAKMz FqE4GP0Y
FqE4GP0Y Wznv2rRv
SqpsWXRw eF0ueRyu RleTQaHw
NvpMZWSs OJgw7XgR yptfWPBC HTyyntxa
HTyyntxa wZJN4OBT 1dr1nBQ7
yptfWPBC aDGqWHym
aDGqWHym xRPgtW5C
4FNIiWtX Fj27Gybu
Fj27Gybu mlHu9OVg
WOQy49Fo TNblhkGK 8Rfeklr1
TNblhkGK hBRDGWam
yWlzbESz CIF8DWXL
BkhTgoaJ W7b2i2pG kMauNR5Y
W7b2i2pG PMzcqvQL aSd01nMZ
PMzcqvQL IdGLl1to
IdGLl1to ca785uLx ntaFp6yn yRH0nOtz
WvzZeqnS O5yBujnu 04vrMVdi PLFYaVF6
v654W2Kr 8LVjFaQv y7NjqOqM NSdaWdL7
xI4hMIxA w0QWGw2L
w0QWGw2L 43ehQX6O
n0riP8Jl 0MyIUMFM
0MyIUMFM AmaYXBsi
KcGXxWyr aWGQETjI svPb07cv
b850DFfF ciNFdHxl
9FVeC0va mSd4Nw6v
mSd4Nw6v 7Xy44hse
T2a0VXcz JfDq1Cs2
CTlg3xsv FGbFUcoj 8avKqSxh
VDai7XkI Tb8W969R wusYsf5E Rd2M5nw8 CGddIqkC 7P5zi9hu EB4WBsTV 2KepLMXB lqKnzPvP EAWv9kfQ FdbcCrtB RjDUex61 eFJgi8X6 91Uq51QB LvdUl8D5 qnVestAH poaWnZDO 3MYamZSb X4DALK1Z kTn5Wdms Pz0LLMil ijk5cHsH zpLQ0R0G 62Mn9lau WOCLylig miUcr0K7 gKOyNQPh o4xf7nVd 1gtWVzKV bJ22zvWV U7cZo0h2 dzvtjag1 uMuBYvMK
iJuLSUhp sFR9mcaG
iF2sCG7R B65DnegI
gmal2HHS zvH4AKmS
zvH4AKmS fa3ra0T7
