pace voice financial respect audience respect bitter rob stroke throne interactive feature honor deposit swear tablet cigarette demand joint shiver joint dip exclusive class chair mystery gate circulation output judicial banana assignment banana king pace
26
pace king voice honor
voice financial
financial dough swear
respect title bitter enhance
audience injury output class
bitter guarantee legislation rob
rob circulation tablet headline lake
stroke throne
throne quality mystery shy imposter vegetarian
interactive prison exclusive sign
feature glasses
honor nationalist
deposit paper sunrise
swear other
tablet cigarette
cigarette tolerate demand
demand page seize pain
joint dip
shiver likely
exclusive buffet
chair brake linger
mystery enter
circulation tool
output thumb autonomy
banana figure
assignment winner
