9iIwk 6EWVx jT5CK 6EWVx 9iIwk jASvw 9iIwk 6EWVx jT5CK q0lus 1uRw3 1pxZM LJqKh 1pxZM 1uRw3 knY3U jAwQw aHGHb 1uRw3 WJNpN AgYPL WJNpN Y7IDR YH6mk 5ioW1 XZKtP 5ioW1 vrNke k6V9L pXCjI ZgtaX k64Ok fS0W8 Esl6u rrNj1 5R5Xa 9iIwk
19
9iIwk Mj2eQ XYzcU 1xmtC qkJ6b jASvw 5R5Xa h2rea ChXAd 1eRkH
6EWVx jT5CK 9iIwk 5VT1H
jT5CK 5BDPJ
jASvw ZzWHp iEXNY oqPYQ 0GdkR
q0lus 1uRw3 1pxZM
1uRw3 7G74f y89SK Ri2t4 jAwQw aHGHb kmzhT WGJpQ
LJqKh LZomt jYfXn
knY3U vE0Pj
aHGHb SgDk6 RhUVQ
WJNpN Y7IDR YH6mk AgYPL tnjfN
AgYPL 5ioW1
Y7IDR 4a0W8
5ioW1 Be0ab XZKtP bXinH
XZKtP dw7aX
k6V9L pXCjI
pXCjI ZgtaX
ZgtaX Vake4 JgjFI veOJ7 BnAjj iCgvV
k64Ok fS0W8
fS0W8 p9vQm
