HAZtD 4Eg1F HAZtD 6gp0A kPB79 6gp0A HAZtD 4Eg1F wnnBN F7CZj RN9nS 3NU9e CXkxa 3NU9e aWuHk XbFfE mJExt XbFfE O8CwF XbFfE p3gJd cpzS8 p3gJd cC0Rg u60s4 9cp56 sU69u RWE9G 0FMEI tgL8p DmTRc GfIsc DmTRc tgL8p 0FMEI R6NzB v0WXM Q5zY0 kvy7i Q5zY0 69WZh 15wtn Mm2U8 v7hOX fExZu wVSYr WVEjT Agb0E b9v0q 15wtn p3gJd mJExt iqOI4 UqGfS iqOI4 mJExt aWuHk 3NU9e CXkxa ED9em CXkxa 3NU9e aWuHk mJExt cC0Rg u60s4 jyRQW Xqwfz pLg86 7kY28 fiXIW URrao qz2Of 6sv9O ejBhY Vg6Sz iIQll GrnJ7 rmW0U CHx6u SfSL1 RkCLD E6pda e7SjH DuU0x o2JtM 8x5TS ejBhY 6sv9O HAKlt 0moVI SxklZ Xqwfz jyRQW u60s4 9cp56 sU69u RWE9G 0FMEI R6NzB ZKvNM SE1WY fWz4T EgumV UQeyk p3gJd aWuHk 3NU9e RN9nS F7CZj HAZtD
51
4Eg1F wnnBN J0OP0 iKwe0
6gp0A z82fM
kPB79 4Tt2a UqGfS Ssao4 4PXv9
wnnBN Cg1yP
F7CZj RN9nS
RN9nS ED9em bW6Ms
3NU9e GxQg8 aWuHk vfAR8
CXkxa Lusir
aWuHk lJnz7 1gvq4 p3gJd DaieK uPUO1
XbFfE O8CwF
mJExt iqOI4 cC0Rg
O8CwF aegld TlJnt
p3gJd 4AhmX jesVt rH3nx cpzS8 kNG2j
cpzS8 cu5FB acHTt AwFdf
cC0Rg zcuSA 0F8yg u60s4 gpbSj
u60s4 Zxvdf
sU69u 5EAEu 2GCiD
0FMEI R6NzB
tgL8p DmTRc
DmTRc v9joy gNinx 4jcrD
GfIsc CHx6u bMhFI
R6NzB 69WZh fWz4T
v0WXM mdIe6 iHR3J
Q5zY0 VG4na
kvy7i Ia6ul
69WZh wedr3 zrVPv ox9Gx EgumV
Mm2U8 v7hOX fExZu
v7hOX SEkfX
wVSYr WVEjT
WVEjT Agb0E
Agb0E eVDVP
UqGfS X2hjX NqBQW
ED9em 5h4rt
Xqwfz pLg86 7kY28 IOpdQ BaYb3 1VA1I SxklZ Zok18
pLg86 0moVI
7kY28 fiXIW URrao iimZq HAKlt Pk19A
fiXIW OWqP4 6owsT
qz2Of 8Qx0C
6sv9O Q8lcd
ejBhY Vg6Sz
Vg6Sz iIQll
iIQll p4kTx
GrnJ7 UbqWX iaaYU
rmW0U HOuAL 9tf0w
CHx6u lF8gH
RkCLD E6pda xKTIz
e7SjH DuU0x 2LhKB
DuU0x BIY9X
o2JtM H1xt8
SxklZ VESmp
ZKvNM TzGS5
