0 1 2 3 4 5 6 7 8 18 28 27 37 38 48 57 67 76 86 85 74 64 53 43 32 22 21 22 23 24 34 33 32 42 51 61 62 71 70 71 72 82 91 92 93 94 104 113 112 122 121 130 140 141 142 132 143 144 134 135 126 116 107 97 88 89 98 108 118 129 138 137 148 157 156 155 154 165 166 175 174 173 172 162 161 170 171 172 173 174 175 176 177 178 188 187 188 189 178 168 157 147 136 126 115 105 94 84 73 63 52 42 31 21 10 0
83
1 2
2 12
3 4
4 5
5 15
6 16
7 8 17
8 9 18
18 29
28 37
27 26
37 48
38 39
57 67 68
67 76 77
76 86 87
86 95 96
85 94
74 64 73
64 53
53 43
43 33 42
32 22 31
22 21
21 20
23 24
34 45
42 51
51 61
61 70 71
62 72
71 81 82
70 80
72 83
91 101 102
92 103
93 104
94 105
104 114
113 123
112 111 122
122 132
121 120 130
130 140
140 150
141 151
142 152
132 133
143 153
144 154
134 125
135 146
126 116 127
116 107
107 108
97 98
88 89
89 99
108 118
118 129
129 139
138 149
137 147
148 158
157 167
156 155 166
155 165
154 164
165 175
166 176
175 186
174 184
173 183
172 182
162 161
161 160
170 181
176 187
177 178 188
178 189
188 198
187 196
189 199
