BU FF DU AL HQ AU HM HP EF GR ET HA AT BB AA GB DL FN HI BW AO CR BN CK GJ DS GF DE FY DE GO AD FW EO BZ FF BU
31
BU AE BF BY DL FF FP GO HF HG
FF AX BH BU BZ CX DR DU DV FN
DU AN BK BM BW EC ES FS GA GH GS GT HP
AL AY BQ CK CV ET
HQ AR CA ER FL FR FW HH
AU CO CS DZ EL EN HM
HM AT CR DD FG
HP AQ CM CW CY DK EY
EF BA GK HA HJ
GR AV BG DJ EH GN
ET CT
HA FY
AT CI DE DP EQ GM
BB BE CZ
AA GQ
GB FI
DL AP DI
FN DT
HI EK
BW CD CQ
AO AF DX EG
CR BN DM
BN GE
CK FD
GJ DS FU
DS EV
GF FB GY
FY HC
AD DQ
FW EO
EO GP
