Shoreburn Silverlea Butterway Esterash Newley Redwell Erilyn Blackbush Clearnesse Bushgate Westerlight Bluewyn Violetley Springfox Starryhill Ostwynne Fairice Freymere Northwynne Eriwall Wolflea Flowerfield Courtwall Clearland Morwald Butterhill Lochmage Irondeer Freyview Snowsage Goldwyvern Southpine Greenshore Bluedell Corbank Greensummer Oakmere Orfort Bluedale Ironriver Newmill Stoneglass Dellwyn Mistshore Butterbush Orbarrow Rosegate Esterfall Wellmage Flowermill Westvale Silverbarrow Snowshore Fogland Wildemarsh Brightmere Fieldedge Greyice Mallowness Woodice Mallowway Valhaven Wellbank Fairsage Strongfall Stonefair Goldcrest Lightmere Applecastle Violetfay Morwall Bluelake Redlake Eastcastle Courtedge Coldville Windbridge Oldmoor Wooddell Marbleiron Janholt Highmont Southwheat Icenesse Rosemill Deephedge Westmill Silverwitch Ironshore Brightrock Buttermead Foxvale Northriver Verthedge Newby Summermage Courtcastle Seamoor Mallowbridge Foxhaven Shoreburn
100
Shoreburn Shoreburn
Silverlea Silverlea
Butterway Butterway
Esterash Esterash
Newley Newley
Redwell Redwell
Erilyn Erilyn
Blackbush Blackbush
Clearnesse Clearnesse
Bushgate Bushgate
Westerlight Westerlight
Bluewyn Bluewyn
Violetley Violetley
Springfox Springfox
Starryhill Starryhill
Ostwynne Ostwynne
Fairice Fairice
Freymere Freymere
Northwynne Northwynne
Eriwall Eriwall
Wolflea Wolflea
Flowerfield Flowerfield
Courtwall Courtwall
Clearland Clearland
Morwald Morwald
Butterhill Butterhill
Lochmage Lochmage
Irondeer Irondeer
Freyview Freyview
Snowsage Snowsage
Goldwyvern Goldwyvern
Southpine Southpine
Greenshore Greenshore
Bluedell Bluedell
Corbank Corbank
Greensummer Greensummer
Oakmere Oakmere
Orfort Orfort
Bluedale Bluedale
Ironriver Ironriver
Newmill Newmill
Stoneglass Stoneglass
Dellwyn Dellwyn
Mistshore Mistshore
Butterbush Butterbush
Orbarrow Orbarrow
Rosegate Rosegate
Esterfall Esterfall
Wellmage Wellmage
Flowermill Flowermill
Westvale Westvale
Silverbarrow Silverbarrow
Snowshore Snowshore
Fogland Fogland
Wildemarsh Wildemarsh
Brightmere Brightmere
Fieldedge Fieldedge
Greyice Greyice
Mallowness Mallowness
Woodice Woodice
Mallowway Mallowway
Valhaven Valhaven
Wellbank Wellbank
Fairsage Fairsage
Strongfall Strongfall
Stonefair Stonefair
Goldcrest Goldcrest
Lightmere Lightmere
Applecastle Applecastle
Violetfay Violetfay
Morwall Morwall
Bluelake Bluelake
Redlake Redlake
Eastcastle Eastcastle
Courtedge Courtedge
Coldville Coldville
Windbridge Windbridge
Oldmoor Oldmoor
Wooddell Wooddell
Marbleiron Marbleiron
Janholt Janholt
Highmont Highmont
Southwheat Southwheat
Icenesse Icenesse
Rosemill Rosemill
Deephedge Deephedge
Westmill Westmill
Silverwitch Silverwitch
Ironshore Ironshore
Brightrock Brightrock
Buttermead Buttermead
Foxvale Foxvale
Northriver Northriver
Verthedge Verthedge
Newby Newby
Summermage Summermage
Courtcastle Courtcastle
Seamoor Seamoor
Mallowbridge Mallowbridge
Foxhaven Foxhaven
