129 137 124 92 110 154 196 154 193 154 110 157 4 2 46 25 84 7 19 43 72 79 72 21 67 21 182 190 182 85 184 109 34 48 97 101 52 101 170 73 136 73 170 58 170 121 192 175 192 103 192 121 92 124 92 13 118 10 100 10 22 45 94 139 94 27 165 40 3 173 64 119 163 119 162 49 76 179 92 13 133 106 181 8 142 122 69 61 31 88 1 88 115 108 11 96 70 96 11 108 160 37 160 74 127 113 86 180 145 32 187 32 181 169 181 106 178 47 166 118 10 28 5 148 153 151 21 72 79 112 61 69 167 130 167 69 77 152 91 152 90 25 16 11 95 68 89 172 145 180 82 180 86 188 179 35 55 35 179 92 124 137 129
66
196 196
154 154
193 193
157 157
4 4
46 46
25 25
7 7
19 19
43 43
79 79
67 67
190 190
85 85
184 184
109 109
34 34
97 97
52 52
73 73
136 136
58 58
121 121
175 175
103 103
124 124
13 13
118 118
10 10
100 100
22 22
94 94
139 139
40 40
64 64
163 163
49 49
76 76
133 133
106 106
181 181
142 142
61 61
31 31
88 88
1 1
115 115
70 70
160 160
37 37
127 127
145 145
187 187
169 169
178 178
166 166
28 28
148 148
151 151
112 112
130 130
91 91
16 16
172 172
82 82
55 55
