FacultyClub Manville Pimentel Manville Hilgard Wheeler Durham MartinezCommons SproulPlaza Cheit CareerCenter Unit3 Spieker Warren Mulford Morrison BrainImagingCenter StudentUnion LawrenceofScience PacificFilmArchive OBrien Library Etcheverry HearstGym BioscienceLibrary EarthquakeLibrary ArtHistoryLibrary UniversityHouse FPF SutardjaDai FacultyClub
25
FacultyClub FacultyClub
Manville Manville
Pimentel Pimentel
Hilgard Hilgard
Wheeler Wheeler
Durham Durham
SproulPlaza SproulPlaza
Cheit Cheit
CareerCenter CareerCenter
Spieker Spieker
Mulford Mulford
Morrison Morrison
BrainImagingCenter BrainImagingCenter
StudentUnion StudentUnion
LawrenceofScience LawrenceofScience
PacificFilmArchive PacificFilmArchive
OBrien OBrien
Library Library
Etcheverry Etcheverry
HearstGym HearstGym
BioscienceLibrary BioscienceLibrary
EarthquakeLibrary EarthquakeLibrary
UniversityHouse UniversityHouse
FPF FPF
SutardjaDai SutardjaDai
