33 86 60 31 16 94 25 94 47 94 16 31 60 67 69 88 50 35 7 82 40 82 7 35 5 43 26 14 63 12 63 17 27 23 27 17 85 95 100 11 86 64 3 9 10 90 68 90 10 9 80 20 15 20 89 14 97 8 97 14 50 19 99 36 79 37 51 98 13 98 83 42 93 22 2 22 31 16 29 16 31 60 67 57 67 54 30 54 67 69 34 69 38 52 65 18 36 53 71 48 71 53 36 79 37 38 32 6 81 61 81 6 32 38 98 91 46 75 46 91 98 51 33
50
25 25
94 94
47 47
31 31
60 60
67 67
69 69
88 88
50 50
35 35
7 7
82 82
40 40
5 5
26 26
63 63
12 12
17 17
23 23
95 95
100 100
11 11
86 86
64 64
9 9
10 10
68 68
80 80
20 20
15 15
89 89
97 97
8 8
19 19
79 79
51 51
13 13
42 42
22 22
2 2
29 29
57 57
54 54
30 30
34 34
52 52
65 65
48 48
61 61
75 75
