Satish NSBI OXWYDF BBFYA9B PTL1QU VFRT26 1BZLEM YXBMACC ZRYV5F 9XFF FS1RWBVR7 BVNZ 399VM5PU6 UVP4WIKK KRM4B PYD9SISJI 92R432 WZ1MC3189 KSHB2KG TBFPZEBP ICTGXV R6VBAVZ0B PTWCQ ZY9VPYMXA PZMGYZL 4INC2D8SDN Z6H98 ER2YSPML1C Satish
25
NSBI NSBI
OXWYDF OXWYDF
BBFYA9B BBFYA9B
PTL1QU PTL1QU
VFRT26 VFRT26
1BZLEM 1BZLEM
YXBMACC YXBMACC
ZRYV5F ZRYV5F
9XFF 9XFF
FS1RWBVR7 FS1RWBVR7
399VM5PU6 399VM5PU6
UVP4WIKK UVP4WIKK
KRM4B KRM4B
PYD9SISJI PYD9SISJI
92R432 92R432
WZ1MC3189 WZ1MC3189
KSHB2KG KSHB2KG
ICTGXV ICTGXV
R6VBAVZ0B R6VBAVZ0B
PTWCQ PTWCQ
ZY9VPYMXA ZY9VPYMXA
PZMGYZL PZMGYZL
4INC2D8SDN 4INC2D8SDN
Z6H98 Z6H98
ER2YSPML1C ER2YSPML1C
