845LWU7Kg6167HQY i7lmV5iDIgl5f 3i80K09a 672Pt4Ytw8LW J 7L J X6SrYf57mSUQQ28C J ElUTL D FL4V06094CU0zO3gJava H6pXAnE0KypnExX SmI7f 48783322I5q9PFVPT TU76UjE52906 4 KpBvy 4l4aqvNKB k 3k k r ICQxh0Q58799CUd2 B4mQOl023dn1 y 0CwgepgS85xC4gx KKUFV29x8iO 122gt O58T 95fufpL7BuUW8Mng00jE O41Muu YKpC4gQmPKaU311w9eOT TBk5Pt5vt5SInt 77yN7eHZwfF99R2 11l6P71DgEau1baEX4 xaM1q4jQi3efYb0 2qgWbB40Ya16 MY3aL96Y u3Qv 42U0k6JhTQxPvUw8 u3Qv EnhLq7BgTj8IN3Z2m fgM12T WMY0xVk9j8T6Ly eqYzN7b19UgNo1K WMY0xVk9j8T6Ly fgM12T 6RiHvQ4xTN5 9vq8gscs7dz1 eDv5MBdo 5Qkzz260R7 eDv5MBdo MVvh DUiYDuR9yYFD5 u3Qv 95E0752p51t ZT3 y Uyj5raM7C9SGCHQGUC 96Ta5ZXc8I5gnTIcF8 1 5 1 i7lmV5iDIgl5f 8M2OK8Px58 geUO1h r k 3k 3 5CCl0n2r5512 5Ll49ySSWT043CtCd2 NQ3vX6W6H74aK53np SpXOzJq05hvQH12ugJr5 HDLHc5Kdk SL88w66v7 HDLHc5Kdk N8191M9E9v 9 7qu 3i80K09a pbE3R4QsB76l YLKBD54k nd5qDM7kw618Hh0d4048 ftk2 KKUFV29x8iO 0CwgepgS85xC4gx Uyj5raM7C9SGCHQGUC 845LWU7Kg6167HQY
50
845LWU7Kg6167HQY 845LWU7Kg6167HQY
672Pt4Ytw8LW 672Pt4Ytw8LW
7L 7L
X6SrYf57mSUQQ28C X6SrYf57mSUQQ28C
ElUTL ElUTL
D D
H6pXAnE0KypnExX H6pXAnE0KypnExX
SmI7f SmI7f
48783322I5q9PFVPT 48783322I5q9PFVPT
TU76UjE52906 TU76UjE52906
4 4
KpBvy KpBvy
4l4aqvNKB 4l4aqvNKB
3k 3k
r r
ICQxh0Q58799CUd2 ICQxh0Q58799CUd2
B4mQOl023dn1 B4mQOl023dn1
y y
KKUFV29x8iO KKUFV29x8iO
122gt 122gt
O58T O58T
O41Muu O41Muu
YKpC4gQmPKaU311w9eOT YKpC4gQmPKaU311w9eOT
TBk5Pt5vt5SInt TBk5Pt5vt5SInt
11l6P71DgEau1baEX4 11l6P71DgEau1baEX4
xaM1q4jQi3efYb0 xaM1q4jQi3efYb0
2qgWbB40Ya16 2qgWbB40Ya16
MY3aL96Y MY3aL96Y
u3Qv u3Qv
42U0k6JhTQxPvUw8 42U0k6JhTQxPvUw8
EnhLq7BgTj8IN3Z2m EnhLq7BgTj8IN3Z2m
fgM12T fgM12T
eqYzN7b19UgNo1K eqYzN7b19UgNo1K
6RiHvQ4xTN5 6RiHvQ4xTN5
eDv5MBdo eDv5MBdo
5Qkzz260R7 5Qkzz260R7
MVvh MVvh
DUiYDuR9yYFD5 DUiYDuR9yYFD5
95E0752p51t 95E0752p51t
ZT3 ZT3
5 5
8M2OK8Px58 8M2OK8Px58
geUO1h geUO1h
3 3
5CCl0n2r5512 5CCl0n2r5512
NQ3vX6W6H74aK53np NQ3vX6W6H74aK53np
SL88w66v7 SL88w66v7
9 9
YLKBD54k YLKBD54k
ftk2 ftk2
