73 96 38 88 100 88 22 29 83 27 88 45 77 1 19 18 76 37 86 47 13 48 15 79 15 96 38 5 38 8 38 5 55 34 12 62 65 62 99 46 75 49 44 57 9 71 50 53 94 53 34 58 74 25 90 68 92 33 11 33 82 41 32 1 77 14 17 93 17 10 45 98 21 80 7 84 81 91 78 91 28 40 16 85 16 40 13 47 86 31 66 74 4 68 1 5 38 96 73
50
100 100
22 22
29 29
83 83
27 27
77 77
1 1
19 19
18 18
76 76
86 86
13 13
48 48
15 15
79 79
96 96
5 5
8 8
34 34
12 12
65 65
99 99
46 46
75 75
49 49
44 44
57 57
9 9
71 71
50 50
53 53
94 94
74 74
25 25
90 90
68 68
33 33
11 11
82 82
14 14
93 93
10 10
98 98
21 21
84 84
81 81
91 91
78 78
85 85
66 66
