AA AB AH BN BS FF BS BN AH AB AE AO AP AO AE AB AG BC BJ BC AG BB BI BB BH BB AG BA BF BA BG BA BE BA AG AZ BD AZ AG BC BK FE DZ EC DX DY DX EC EB EA FC EA EI FB EI EA EB EC EE ED EP ED EE EF EL EW EX EY EX EW EL EF EE EC DZ FE BK BC AG AB AE AO AQ AO AE AB AA DT AA AC AJ AC AA DT CX DU CX AN AD AK AD AL AD AN CY DW CY AN CX DS CX AN AD DN CT AM CW DQ CW AM CV DR CV AM CW DP CW AM CT DN AD AN CY DV CY AN CX DT AA AB AF AB AH BM BP CE BW AI BW CE BP BM AH AB AG BC BK FE DZ EC EE EF EN EQ EO EQ EN EF EH FA EH EJ EZ EJ EH EF EE EC DZ FE BK BC AG AB AA
46
AA AA
FF FF
AH AH
AB AB
AE AE
AO AO
AP AP
AG AG
BJ BJ
BI BI
BH BH
BF BF
BG BG
BE BE
BD BD
BK BK
DZ DZ
DX DX
DY DY
FC FC
FB FB
EP EP
EX EX
EY EY
AQ AQ
DT DT
AC AC
AJ AJ
DU DU
AN AN
AD AD
AK AK
AL AL
DW DW
DS DS
AM AM
DQ DQ
DR DR
DP DP
DV DV
AF AF
AI AI
EN EN
EO EO
FA FA
EZ EZ
