0 31 4 19 50 27 2 26 18 11 18 12 70 17 70 35 28 33 86 40 49 83 65 46 65 25 24 51 31 4 19 39 45 39 19 4 47 4 21 89 34 44 34 42 48 42 16 8 95 9 89 5 15 69 38 77 36 77 68 22 29 20 2 32 1 10 1 7 6 84 0 31 43 76 23 83 41 70 35 28 30 13 14 52 97 37 3 37 97 4 31 0
50
50 50
27 27
2 2
26 26
18 18
11 11
12 12
17 17
35 35
28 28
33 33
40 40
49 49
46 46
25 25
24 24
31 31
4 4
19 19
39 39
45 45
47 47
21 21
34 34
44 44
42 42
48 48
16 16
8 8
9 9
5 5
15 15
38 38
36 36
22 22
29 29
20 20
32 32
1 1
10 10
7 7
6 6
43 43
23 23
41 41
30 30
13 13
14 14
37 37
3 3
