75 89 32 71 26 92 82 94 81 64 47 4 52 25 9 59 68 21 5 73 96 74 36 74 7 87 7 13 18 76 41 31 86 48 84 32 42 97 80 29 43 83 77 44 56 98 69 99 90 99 64 12 91 63 46 55 49 79 65 30 89 75 27 34 19 77 62 77 88 48 58 67 57 23 54 28 3 24 59 68 55 75
50
75 75
26 26
92 92
82 82
94 94
81 81
64 64
47 47
4 4
52 52
25 25
9 9
59 59
21 21
73 73
96 96
74 74
36 36
7 7
87 87
13 13
76 76
31 31
86 86
48 48
84 84
32 32
42 42
97 97
80 80
29 29
43 43
77 77
44 44
56 56
98 98
69 69
90 90
12 12
91 91
46 46
55 55
49 49
65 65
89 89
34 34
62 62
58 58
57 57
3 3
