48 153 37 133 121 120 159 10 115 154 53 154 7 78 185 190 8 119 126 94 182 113 69 77 164 58 118 145 173 163 171 73 186 72 108 47 55 36 147 135 84 60 57 103 98 67 98 101 98 38 165 34 61 197 130 9 42 25 90 87 107 66 74 149 104 180 156 52 193 194 129 136 152 29 152 85 39 23 2 141 196 46 168 20 13 93 133 121 40 176 138 199 155 3 170 106 64 32 0 143 167 143 125 174 179 102 110 102 99 5 99 15 137 143 12 21 148 21 79 11 6 109 139 116 146 157 114 123 162 189 117 189 178 177 158 96 191 45 151 121 19 77 81 35 173 88 173 62 16 98 38 165 175 7 78 113 181 113 69 77 124 56 124 77 81 59 153 48
100
48 48
120 120
10 10
115 115
154 154
53 53
7 7
78 78
185 185
190 190
119 119
126 126
182 182
113 113
69 69
164 164
58 58
118 118
145 145
163 163
171 171
73 73
186 186
108 108
55 55
36 36
147 147
135 135
84 84
60 60
103 103
98 98
67 67
101 101
38 38
165 165
34 34
197 197
9 9
42 42
25 25
90 90
87 87
107 107
66 66
74 74
149 149
180 180
156 156
52 52
193 193
194 194
129 129
136 136
152 152
29 29
85 85
39 39
23 23
2 2
141 141
196 196
46 46
20 20
93 93
133 133
40 40
176 176
138 138
199 199
155 155
3 3
170 170
64 64
143 143
167 167
125 125
179 179
110 110
5 5
137 137
21 21
148 148
79 79
11 11
109 109
157 157
123 123
117 117
177 177
158 158
191 191
151 151
19 19
35 35
88 88
16 16
175 175
181 181
56 56
