mdyuzxshey vkrlpmybdj tvcolajnao ouxenssqdu qydclznxrd psiebvskfb zpybghfdbe cmdqzmgvfi qydclznxrd cmdqzmgvfi qfbvncxldf cmdqzmgvfi zpybghfdbe lndsfxewdc mswyvpdrsy lndsfxewdc bulywvvpni zjbarjhmau kdujdjjwot ebqxbaqnmm zumetrybth jatkaoyfxb bnmegnfgii jatkaoyfxb vkrlpmybdj zmfuudfatm vkrlpmybdj mdyuzxshey mysadifwma mdyuzxshey vkrlpmybdj tvcolajnao qcktwemqbm pymtnhypxd xkasbvrrxd yhpfnjjqmm fznfvsgjhc lkvobxyfca oggftsricu lnicnhmajr owusjcmdkp ljhmnbaicr owusjcmdkp oewptytlja knfzsnhzvx xftptyrlvl jedsthbmzo oewptytlja nwlccbonas oewptytlja knfzsnhzvx xftptyrlvl yiwwdwbzth jqtguzxxsl hadchvmijq wynbxuuxru epdwcjuvdr wtlzrefwav jrmlkfexfk gllungmori rkyixxpcbx eooyfwmxln rkyixxpcbx optviwhmbr ixyurvbpvu gwnccktgki ixyurvbpvu siatqqydwf ahqdrcepub lazlsvgukx idfvjoquhh lbuiysostx oegfbrwyrp tgbmxdmvwe oegfbrwyrp bswhowadhl wtyqwjwskq bswhowadhl zpybghfdbe lndsfxewdc wtjzgzopuw euqbrkzdsw oggftsricu qgfchcatzi syxecaxosc ixyurvbpvu uooysjrxsb seeyrseflx vugkhjygfe seeyrseflx uooysjrxsb ixyurvbpvu optviwhmbr rkyixxpcbx gllungmori jrmlkfexfk wtlzrefwav hsjqtjkukk smwxdupkdv aokbiptbzc koawdpgqdx unihwwnyqz qepegujmaa xtvbrolacp qepegujmaa unihwwnyqz koawdpgqdx smwxdupkdv hsjqtjkukk wtlzrefwav tmrnpjqnxx cmdqzmgvfi qydclznxrd ouxenssqdu tvcolajnao vkrlpmybdj mdyuzxshey
49
mdyuzxshey mdyuzxshey
psiebvskfb psiebvskfb
cmdqzmgvfi cmdqzmgvfi
qydclznxrd qydclznxrd
qfbvncxldf qfbvncxldf
lndsfxewdc lndsfxewdc
mswyvpdrsy mswyvpdrsy
bulywvvpni bulywvvpni
zjbarjhmau zjbarjhmau
kdujdjjwot kdujdjjwot
ebqxbaqnmm ebqxbaqnmm
zumetrybth zumetrybth
jatkaoyfxb jatkaoyfxb
bnmegnfgii bnmegnfgii
vkrlpmybdj vkrlpmybdj
zmfuudfatm zmfuudfatm
mysadifwma mysadifwma
qcktwemqbm qcktwemqbm
fznfvsgjhc fznfvsgjhc
lkvobxyfca lkvobxyfca
lnicnhmajr lnicnhmajr
owusjcmdkp owusjcmdkp
ljhmnbaicr ljhmnbaicr
oewptytlja oewptytlja
knfzsnhzvx knfzsnhzvx
xftptyrlvl xftptyrlvl
jedsthbmzo jedsthbmzo
nwlccbonas nwlccbonas
jqtguzxxsl jqtguzxxsl
hadchvmijq hadchvmijq
wynbxuuxru wynbxuuxru
wtlzrefwav wtlzrefwav
gllungmori gllungmori
rkyixxpcbx rkyixxpcbx
eooyfwmxln eooyfwmxln
optviwhmbr optviwhmbr
gwnccktgki gwnccktgki
ahqdrcepub ahqdrcepub
lazlsvgukx lazlsvgukx
lbuiysostx lbuiysostx
tgbmxdmvwe tgbmxdmvwe
wtyqwjwskq wtyqwjwskq
euqbrkzdsw euqbrkzdsw
seeyrseflx seeyrseflx
vugkhjygfe vugkhjygfe
aokbiptbzc aokbiptbzc
koawdpgqdx koawdpgqdx
qepegujmaa qepegujmaa
xtvbrolacp xtvbrolacp
