0 127 100 48 3 58 97 31 55 76 28 42 41 36 77 84 81 20 35 56 7 96 6 96 17 89 17 70 62 5 87 46 38 46 72 29 14 73 52 32 4 66 95 93 10 43 2 10 83 10 93 71 21 13 43 74 37 47 37 68 49 27 99 78 9 78 86 54 57 22 67 25 15 25 67 64 11 1 11 59 40 69 26 50 60 23 65 92 51 30 80 63 24 91 61 88 8 88 98 74 75 79 90 12 33 85 16 83 94 53 44 176 45 18 99 27 39 11 34 19 146 82 0
100
100 100
48 48
3 3
58 58
97 97
31 31
55 55
76 76
28 28
42 42
41 41
36 36
77 77
84 84
81 81
20 20
35 35
56 56
7 7
96 96
6 6
17 17
89 89
70 70
62 62
5 5
87 87
46 46
38 38
72 72
29 29
14 14
73 73
52 52
32 32
4 4
66 66
95 95
93 93
10 10
43 43
2 2
83 83
71 71
21 21
13 13
74 74
37 37
47 47
68 68
49 49
27 27
99 99
78 78
9 9
86 86
54 54
57 57
22 22
67 67
25 25
15 15
64 64
11 11
1 1
59 59
40 40
69 69
26 26
50 50
60 60
23 23
65 65
92 92
51 51
30 30
80 80
63 63
24 24
91 91
61 61
88 88
8 8
98 98
75 75
79 79
90 90
12 12
33 33
85 85
16 16
94 94
53 53
44 44
45 45
18 18
39 39
34 34
19 19
82 82
