0 1 2 5 6 9 11 14 33 38 42 44 49 50 52 54 58 62 63 75 76 77 78 79 81 83 86 83 81 80 82 90 17 19 18 17 90 82 81 79 78 77 76 74 75 63 62 70 71 64 73 64 62 58 59 60 61 58 56 54 55 54 53 51 49 48 47 46 44 42 43 42 41 40 39 37 36 35 34 33 14 13 16 15 14 11 9 8 7 6 5 4 3 2 5 6 9 10 12 11 14 33 38 42 44 49 50 52 54 58 62 63 75 76 77 78 79 81 82 90 17 21 20 32 23 25 26 28 30 28 27 28 0
34
86 86
80 80
19 19
18 18
78 78
74 74
63 63
70 70
71 71
73 73
59 59
60 60
56 56
55 55
53 53
48 48
47 47
42 42
43 43
37 37
36 36
35 35
13 13
15 15
8 8
7 7
4 4
3 3
10 10
21 21
20 20
25 25
30 30
27 27
