0 1 2 5 6 9 11 14 92 93 95 97 120 101 102 105 107 ViksNode 112 116 117 33 37 36 35 36 37 39 40 41 42 43 42 44 46 47 48 49 51 53 54 58 59 60 61 58 56 54 55 54 58 62 63 62 70 71 64 73 75 74 76 77 78 77 76 75 63 62 58 54 52 50 49 44 42 38 33 118 116 112 115 113 114 115 112 ViksNode 128 129 130 129 128 ViksNode 107 106 102 101 104 101 100 99 100 122 121 122 123 122 100 102 105 108 105 102 101 120 97 95 94 92 14 13 16 15 14 11 9 8 7 6 5 4 3 2 5 6 9 10 12 11 14 92 93 95 97 120 101 102 105 107 ViksNode 112 116 117 33 38 42 44 49 50 52 54 58 62 63 75 76 77 78 79 80 81 83 86 85 17 19 18 17 21 20 32 23 25 26 28 30 28 27 28 0
45
117 117
37 37
36 36
35 35
42 42
43 43
47 47
48 48
53 53
59 59
60 60
56 56
55 55
63 63
70 70
71 71
73 73
74 74
78 78
113 113
114 114
130 130
106 106
104 104
99 99
121 121
123 123
108 108
94 94
13 13
15 15
8 8
7 7
4 4
3 3
10 10
80 80
86 86
19 19
18 18
21 21
20 20
25 25
30 30
27 27
