woebegone felony equipping yogurt trimester Curtis illusion griddle illusion transfuse trimester deduce Tucson extrovert Andersen cowhand explosion archive dull archive papal car softball archive swingy Fisk mediate funky millennium inform secondary inform limitate PDP oriole bunch midstream noon MN exothermic MN casserole renaissance casserole felony equipping felony Isfahan thoroughfare balustrade babysat funny McCall diligent numerology stanza administer trill fulsome embroil septillion PDP Sunday silage Sunday whatsoever Winchester connubial Winchester bat directory Durango Reilly Durango sinh monotonous dreadnought monotonous MN Zorn December Hewlett hamper sphalerite archive postscript relaxation Irvin mack clout involuntary spill mitre lexicon Vega lexicon choice shovel wingspread funny switchmen imperishable switchmen Gilmore simulate Stephen PDP limitate Simon Goodrich Elizabethan Darwin catenate thirteen broil barnacle yearn slowdown involuntary backplate involuntary icon update bifurcate atom coarse atom transonic atom tate felony trill Palo Auberge Rodney swordfish Modesto anvil stanza numerology viscous numerology hamper Wheller combine woebegone
100
yogurt yogurt
trimester trimester
Curtis Curtis
illusion illusion
griddle griddle
transfuse transfuse
deduce deduce
Tucson Tucson
extrovert extrovert
Andersen Andersen
explosion explosion
archive archive
dull dull
papal papal
car car
softball softball
swingy swingy
Fisk Fisk
mediate mediate
funky funky
millennium millennium
inform inform
secondary secondary
limitate limitate
PDP PDP
oriole oriole
bunch bunch
midstream midstream
noon noon
exothermic exothermic
casserole casserole
renaissance renaissance
felony felony
equipping equipping
Isfahan Isfahan
thoroughfare thoroughfare
babysat babysat
funny funny
McCall McCall
diligent diligent
numerology numerology
stanza stanza
administer administer
fulsome fulsome
embroil embroil
septillion septillion
Sunday Sunday
silage silage
whatsoever whatsoever
Winchester Winchester
connubial connubial
bat bat
directory directory
Durango Durango
Reilly Reilly
sinh sinh
monotonous monotonous
dreadnought dreadnought
Zorn Zorn
December December
Hewlett Hewlett
sphalerite sphalerite
postscript postscript
relaxation relaxation
Irvin Irvin
mack mack
involuntary involuntary
spill spill
mitre mitre
Vega Vega
choice choice
shovel shovel
wingspread wingspread
imperishable imperishable
Gilmore Gilmore
simulate simulate
Stephen Stephen
Simon Simon
Goodrich Goodrich
Darwin Darwin
catenate catenate
thirteen thirteen
broil broil
barnacle barnacle
yearn yearn
slowdown slowdown
backplate backplate
icon icon
update update
bifurcate bifurcate
coarse coarse
transonic transonic
tate tate
Auberge Auberge
Rodney Rodney
swordfish swordfish
Modesto Modesto
anvil anvil
viscous viscous
Wheller Wheller
