1 46 144 46 54 46 33 67 33 127 33 15 85 15 103 15 12 59 12 116 12 11 65 11 142 11 23 55 23 108 23 14 75 14 105 14 25 80 25 86 25 13 79 13 109 13 21 82 21 138 21 47 113 47 141 47 20 115 20 124 20 36 110 36 130 36 18 63 18 69 18 7 107 7 120 7 28 83 28 131 28 6 119 6 126 6 37 99 37 125 37 19 53 19 98 19 27 78 27 140 27 43 64 43 136 43 30 95 30 101 30 17 60 17 66 17 44 102 44 114 44 31 70 31 143 31 38 61 38 111 38 9 72 9 73 9 1 49 1 128 1 8 56 8 123 8 22 71 22 94 22 16 91 16 133 16 3 97 3 112 3 34 50 34 77 34 41 106 41 137 41 29 96 29 129 29 5 90 5 93 5 48 58 48 68 48 39 52 39 57 39 32 135 32 139 32 24 88 24 134 24 10 76 10 132 10 42 89 42 104 42 26 100 26 121 26 4 51 4 118 4 35 84 35 92 35 45 74 45 122 45 2 62 2 81 2 40 87 40 117 40 1
96
144 144
54 54
67 67
127 127
85 85
103 103
59 59
116 116
65 65
142 142
55 55
108 108
75 75
105 105
80 80
86 86
79 79
109 109
82 82
138 138
113 113
141 141
115 115
124 124
110 110
130 130
63 63
69 69
107 107
120 120
83 83
131 131
119 119
126 126
99 99
125 125
53 53
98 98
78 78
140 140
64 64
136 136
95 95
101 101
60 60
66 66
102 102
114 114
70 70
143 143
61 61
111 111
72 72
73 73
49 49
128 128
56 56
123 123
71 71
94 94
91 91
133 133
97 97
112 112
50 50
77 77
106 106
137 137
96 96
129 129
90 90
93 93
58 58
68 68
52 52
57 57
135 135
139 139
88 88
134 134
76 76
132 132
89 89
104 104
100 100
121 121
51 51
118 118
84 84
92 92
74 74
122 122
62 62
81 81
87 87
117 117
