1 11 bvxxxl 11 dfkzik 11 4 aiahrn 4 adnqny 4 6 htnufq 6 bdkbsl 6 10 itizxl 10 atjnbp 10 9 dgndkq 9 eaxqgg 9 5 jjhfbf 5 xzpwqp 5 7 zfpeyb 7 obygpx 7 3 fncbor 3 dwtmye 3 2 wdukvg 2 hkmvzs 2 8 qmrpna 8 qmdppc 8 1 eecyyi 1 mxfjog 1
22
bvxxxl bvxxxl
dfkzik dfkzik
aiahrn aiahrn
adnqny adnqny
htnufq htnufq
bdkbsl bdkbsl
itizxl itizxl
atjnbp atjnbp
dgndkq dgndkq
eaxqgg eaxqgg
jjhfbf jjhfbf
xzpwqp xzpwqp
zfpeyb zfpeyb
obygpx obygpx
fncbor fncbor
dwtmye dwtmye
wdukvg wdukvg
hkmvzs hkmvzs
qmrpna qmrpna
qmdppc qmdppc
eecyyi eecyyi
mxfjog mxfjog
