1 17 96 17 27 63 27 19 54 19 37 68 37 6 56 6 30 95 30 43 50 43 28 60 28 7 74 7 18 70 18 36 83 36 44 77 44 31 91 31 38 90 38 9 84 9 1 79 1 8 66 8 22 81 22 16 49 16 3 92 3 23 55 23 11 78 11 12 52 12 15 85 15 33 72 33 46 82 46 40 71 40 20 64 20 47 93 47 21 61 21 13 58 13 25 86 25 14 89 14 34 62 34 41 94 41 29 73 29 5 76 5 48 88 48 39 69 39 32 80 32 24 53 24 10 65 10 42 59 42 26 51 26 4 67 4 35 87 35 45 75 45 2 57 2 1
48
96 96
63 63
54 54
68 68
56 56
95 95
50 50
60 60
74 74
70 70
83 83
77 77
91 91
90 90
84 84
79 79
66 66
81 81
49 49
92 92
55 55
78 78
52 52
85 85
72 72
82 82
71 71
64 64
93 93
61 61
58 58
86 86
89 89
62 62
94 94
73 73
76 76
88 88
69 69
80 80
53 53
65 65
59 59
51 51
67 67
87 87
75 75
57 57
