ctUVEJSyNR T3o9dNVbcG BtCEVbHoQI VbPBW7rmhF UphA2uAaYC vzXeZbLrSW f91pUtm9EZ MuYreynm57 osdKgXyg1e gLI8ArV2Ui oPQmRUijH5 6lpxgUxCxO pxgZ5VHtpD MzId8uwrPz TDmNOuGJBk T3o9dNVbcG Z82QDWb0Pr 7d3UA4fKWz 8Jejdr7ynm QwY2G6aX6c VbPBW7rmhF BtCEVbHoQI I4iTN5KXjB BtCEVbHoQI HG8olhhcTZ oWdH0Xcxwv VBTKstUXwG 8UaR4YpZys VBTKstUXwG uVIshS2g8a qg08r1Pg6g uVIshS2g8a zUWT7uduzq uVIshS2g8a U5XdtBFGOe Z82QDWb0Pr T3o9dNVbcG RLF9v27sOQ T3o9dNVbcG Z82QDWb0Pr HTp005294X IU0Ia8127Z HTp005294X Z82QDWb0Pr ctUVEJSyNR
25
UphA2uAaYC UphA2uAaYC
vzXeZbLrSW vzXeZbLrSW
f91pUtm9EZ f91pUtm9EZ
MuYreynm57 MuYreynm57
osdKgXyg1e osdKgXyg1e
gLI8ArV2Ui gLI8ArV2Ui
oPQmRUijH5 oPQmRUijH5
6lpxgUxCxO 6lpxgUxCxO
MzId8uwrPz MzId8uwrPz
TDmNOuGJBk TDmNOuGJBk
T3o9dNVbcG T3o9dNVbcG
Z82QDWb0Pr Z82QDWb0Pr
7d3UA4fKWz 7d3UA4fKWz
8Jejdr7ynm 8Jejdr7ynm
QwY2G6aX6c QwY2G6aX6c
BtCEVbHoQI BtCEVbHoQI
I4iTN5KXjB I4iTN5KXjB
HG8olhhcTZ HG8olhhcTZ
VBTKstUXwG VBTKstUXwG
8UaR4YpZys 8UaR4YpZys
qg08r1Pg6g qg08r1Pg6g
zUWT7uduzq zUWT7uduzq
U5XdtBFGOe U5XdtBFGOe
RLF9v27sOQ RLF9v27sOQ
IU0Ia8127Z IU0Ia8127Z
