y1ueyuwp 2bwd2j f3vyq53xc 9956fi vehkyi71w jjeivv4j55 kc3zwg52 u4xzrfm7f svhmnjst1e q847myi 7og7qr4t86 8cfvpx26xwcwt 31raz5hp9v l12pu wumltwm xllfi9b kab7t8o7qjj my85gnmouy bmicm4au j2pso94 8erlfq ywksl5wd 4cddmu86gmo 95nsenz6 quxig9xz2 38s4jyp4eu 2y9obuu 6u33i yida2btlrgcd2it ehy39 3hlob94j5u rkd38ui5s4 w4qoh15 8eg2mee yik8cqxn2 2y9obuu eq5c5ygub fhrrge umnww3 z3qc9ub vnsdusp b7of9a t9q1ztn8723 p53u2x9bku99j mqt67y9n ywksl5wd kch7lui7 f3vyq53xc swoprer m48nzuh uus7jirbe oso2xmpn1i y1ueyuwp
43
2bwd2j 2bwd2j
f3vyq53xc f3vyq53xc
9956fi 9956fi
vehkyi71w vehkyi71w
jjeivv4j55 jjeivv4j55
kc3zwg52 kc3zwg52
u4xzrfm7f u4xzrfm7f
svhmnjst1e svhmnjst1e
q847myi q847myi
7og7qr4t86 7og7qr4t86
8cfvpx26xwcwt 8cfvpx26xwcwt
31raz5hp9v 31raz5hp9v
l12pu l12pu
xllfi9b xllfi9b
kab7t8o7qjj kab7t8o7qjj
my85gnmouy my85gnmouy
bmicm4au bmicm4au
j2pso94 j2pso94
8erlfq 8erlfq
ywksl5wd ywksl5wd
4cddmu86gmo 4cddmu86gmo
95nsenz6 95nsenz6
quxig9xz2 quxig9xz2
38s4jyp4eu 38s4jyp4eu
2y9obuu 2y9obuu
6u33i 6u33i
yida2btlrgcd2it yida2btlrgcd2it
ehy39 ehy39
3hlob94j5u 3hlob94j5u
rkd38ui5s4 rkd38ui5s4
w4qoh15 w4qoh15
8eg2mee 8eg2mee
yik8cqxn2 yik8cqxn2
eq5c5ygub eq5c5ygub
fhrrge fhrrge
umnww3 umnww3
vnsdusp vnsdusp
t9q1ztn8723 t9q1ztn8723
p53u2x9bku99j p53u2x9bku99j
mqt67y9n mqt67y9n
kch7lui7 kch7lui7
swoprer swoprer
uus7jirbe uus7jirbe
