M2S9flVUcYP2sJdh8LXf Pqf0Sn4UvsBLaxz7WO4n 0uvEfLgT4s8ImTk9VWBt dKH5OdpmJKCU83bbXVxZ Kfu1pc3YPMGebW7Iu8ex dKH5OdpmJKCU83bbXVxZ S8uMGvUglWyhnfV5Wzdp EtrZREkmL456viQQJ9Rb Pqf0Sn4UvsBLaxz7WO4n nbZglhhmYQAPQz4eETaj MtQDjkLToWj4d53MMhKG vodEvdIApqt0N3TZsbxN cdaizmjQrCe5Vnwy3JQF tVhIJJgs0kEFaQx1hdWm Jjat3uJ5XboI9kZe0522 L8bxdxuDa5issn2PiN3u Jjat3uJ5XboI9kZe0522 Dc1wEVV3kuOZotG6pNlL LNMZej67uy0Whvqp5OR1 Dc1wEVV3kuOZotG6pNlL k7k4sHxeh1pR4sOjcVuj i2zuTkgDKtYA8Q9KejMN Dt5YfbjQq6VoKnyw6Zav JajH9BPb1gw5kQ2oTRnP dOKaHsIcDX32wPXAX2Gt uy6RcQAYd3ATM1Icq3my LxEzX08MG9T8knIYbul0 uy6RcQAYd3ATM1Icq3my ECCnzlgsMEvTYjNwAlfM Eu0wGcDBBrgvePzHfqrS oWxP87H6AXwFzF0dpB9d yHMPX8vHctuUweyLluyz 5gumrx48u1yPpF6ivPOI vxiwkV1b5fV2sGCBFsRQ zdtRVpQ9lVyEhNj9Evpp 9Jr76N4fnNot7SNYqBKG 9GrchmlNCDIapQ9OnEYh 4bQwji0D4wyEDLd54MWv 8KfYYXeMqM0D4nShLOzi v0QJIKD4q7sFXrzFSb6J 8KfYYXeMqM0D4nShLOzi tUowOUG1V7iCXBCMR0AT 9Jr76N4fnNot7SNYqBKG jgcWqrcniA4q9WNs9xkc zD7ErBenXxsG4D9b5TEV 48nWZMVqWDxfH9uMf2U3 PZrpdQAa8H8tkrajh08J tuE7UekaxGUib4idWtYa 93aDiM8K0XhtiVcCVKi2 tuE7UekaxGUib4idWtYa sH3pvLOfMUrEGUrmsHCu C1CVSQIxudgISqBvCOoA M7SD6FC2BzrEV1z9ajVv H59EihDjhfpS7ToXFM3L X9TJsvmT50zYeG0q6XSG Bc6dudheE3WGLxP0iDdK E84Fbb1fDMRXU6XgwbS0 Z0DuoZMcx6oyDPWFznMK 5jhNGHh0Et1Lidy4vCpq Z8MZ2JfftjeVVnGFSOQe fmFrd4vggNac5TkiFJAd m1IYiQsUBuvvpTv7yWXO Dt5YfbjQq6VoKnyw6Zav pNXWB5geApaSjbsCCT4J W4IxjYZtRN88GGSV9Uoc PbYOO88SokShsv7XrgBm NMTjl1jsvrb7y2ggdCSc XmlH4l2BXG35TF70bZqZ ag5vZ07KPwCr1Lpz8zM0 gZVNRDm5p6aX5QEEX8UG lOEjyrMvpa6QONpUJC0R yZPIHwySFuIdRJCMzjnz M2S9flVUcYP2sJdh8LXf
50
M2S9flVUcYP2sJdh8LXf M2S9flVUcYP2sJdh8LXf
0uvEfLgT4s8ImTk9VWBt 0uvEfLgT4s8ImTk9VWBt
dKH5OdpmJKCU83bbXVxZ dKH5OdpmJKCU83bbXVxZ
Kfu1pc3YPMGebW7Iu8ex Kfu1pc3YPMGebW7Iu8ex
S8uMGvUglWyhnfV5Wzdp S8uMGvUglWyhnfV5Wzdp
EtrZREkmL456viQQJ9Rb EtrZREkmL456viQQJ9Rb
Pqf0Sn4UvsBLaxz7WO4n Pqf0Sn4UvsBLaxz7WO4n
nbZglhhmYQAPQz4eETaj nbZglhhmYQAPQz4eETaj
vodEvdIApqt0N3TZsbxN vodEvdIApqt0N3TZsbxN
cdaizmjQrCe5Vnwy3JQF cdaizmjQrCe5Vnwy3JQF
tVhIJJgs0kEFaQx1hdWm tVhIJJgs0kEFaQx1hdWm
Jjat3uJ5XboI9kZe0522 Jjat3uJ5XboI9kZe0522
L8bxdxuDa5issn2PiN3u L8bxdxuDa5issn2PiN3u
LNMZej67uy0Whvqp5OR1 LNMZej67uy0Whvqp5OR1
k7k4sHxeh1pR4sOjcVuj k7k4sHxeh1pR4sOjcVuj
Dt5YfbjQq6VoKnyw6Zav Dt5YfbjQq6VoKnyw6Zav
dOKaHsIcDX32wPXAX2Gt dOKaHsIcDX32wPXAX2Gt
uy6RcQAYd3ATM1Icq3my uy6RcQAYd3ATM1Icq3my
LxEzX08MG9T8knIYbul0 LxEzX08MG9T8knIYbul0
ECCnzlgsMEvTYjNwAlfM ECCnzlgsMEvTYjNwAlfM
Eu0wGcDBBrgvePzHfqrS Eu0wGcDBBrgvePzHfqrS
oWxP87H6AXwFzF0dpB9d oWxP87H6AXwFzF0dpB9d
yHMPX8vHctuUweyLluyz yHMPX8vHctuUweyLluyz
5gumrx48u1yPpF6ivPOI 5gumrx48u1yPpF6ivPOI
vxiwkV1b5fV2sGCBFsRQ vxiwkV1b5fV2sGCBFsRQ
zdtRVpQ9lVyEhNj9Evpp zdtRVpQ9lVyEhNj9Evpp
9Jr76N4fnNot7SNYqBKG 9Jr76N4fnNot7SNYqBKG
9GrchmlNCDIapQ9OnEYh 9GrchmlNCDIapQ9OnEYh
4bQwji0D4wyEDLd54MWv 4bQwji0D4wyEDLd54MWv
8KfYYXeMqM0D4nShLOzi 8KfYYXeMqM0D4nShLOzi
v0QJIKD4q7sFXrzFSb6J v0QJIKD4q7sFXrzFSb6J
tUowOUG1V7iCXBCMR0AT tUowOUG1V7iCXBCMR0AT
jgcWqrcniA4q9WNs9xkc jgcWqrcniA4q9WNs9xkc
zD7ErBenXxsG4D9b5TEV zD7ErBenXxsG4D9b5TEV
48nWZMVqWDxfH9uMf2U3 48nWZMVqWDxfH9uMf2U3
PZrpdQAa8H8tkrajh08J PZrpdQAa8H8tkrajh08J
93aDiM8K0XhtiVcCVKi2 93aDiM8K0XhtiVcCVKi2
sH3pvLOfMUrEGUrmsHCu sH3pvLOfMUrEGUrmsHCu
H59EihDjhfpS7ToXFM3L H59EihDjhfpS7ToXFM3L
Bc6dudheE3WGLxP0iDdK Bc6dudheE3WGLxP0iDdK
Z0DuoZMcx6oyDPWFznMK Z0DuoZMcx6oyDPWFznMK
Z8MZ2JfftjeVVnGFSOQe Z8MZ2JfftjeVVnGFSOQe
fmFrd4vggNac5TkiFJAd fmFrd4vggNac5TkiFJAd
m1IYiQsUBuvvpTv7yWXO m1IYiQsUBuvvpTv7yWXO
pNXWB5geApaSjbsCCT4J pNXWB5geApaSjbsCCT4J
W4IxjYZtRN88GGSV9Uoc W4IxjYZtRN88GGSV9Uoc
NMTjl1jsvrb7y2ggdCSc NMTjl1jsvrb7y2ggdCSc
XmlH4l2BXG35TF70bZqZ XmlH4l2BXG35TF70bZqZ
gZVNRDm5p6aX5QEEX8UG gZVNRDm5p6aX5QEEX8UG
yZPIHwySFuIdRJCMzjnz yZPIHwySFuIdRJCMzjnz
