Chattanooga Boise Sunnyvale SanDiego FortLauderdale Savannah FortLauderdale Indianapolis Riverside Scottsdale Tempe Scottsdale OverlandPark Surprise Anchorage Phoenix LittleRock Shreveport LittleRock CapeCoral Oceanside Bakersfield BatonRouge Detroit Vancouver Austin Plano Fresno GrandRapids Fresno Worcester Fresno Corona Lubbock Corona FortWorth Fayetteville Aurora Orange Frisco KansasCity Jackson Brownsville Boston Salem Ontario TianamenSquare RanchoCucamonga Akron Hayward SantaClarita Hayward Raleigh Norfolk Irvine Syracuse Irvine OklahomaCity Lincoln Madison Joliet SanBernardino Boise SanBernardino Fremont Honolulu Huntsville Tacoma Oxnard Memphis SanAntonio Cleveland NewOrleans ElPaso Knoxville Berkeley Springfield Spokane Alexandria NewportNews DesMoines Cincinnati LongBeach GrandPrairie LongBeach Waco Albuquerque LosAngeles Albuquerque Orlando Naperville Chicago Atlanta Toledo Henderson MorenoValley Anaheim ChulaVista Anaheim MorenoValley Tallahassee Buffalo Pomona Fontana OklahomaCity SantaAna Killeen Jacksonville SanJose Denton Lexington Baltimore Aurora Fayetteville Richmond Fayetteville Wichita Carrollton Surprise Anchorage Midland Dayton Plano Yonkers Durham MorenoValley Anaheim NewYork SantaClarita RanchoCucamonga Newark McAllen ElkGrove Murfreesboro Charlotte Murfreesboro Salinas GardenGrove Salinas Bakersfield BatonRouge Detroit Vancouver PortStLucie Chandler Washington SaintPaul Portland Glendale Portland JerseyCity Paterson Cincinnati LongBeach Omaha Louisville Lubbock Corona Olathe Mobile SanFrancisco ElkGrove Plano Dayton ElPaso Chattanooga
100
SanDiego SanDiego
FortLauderdale FortLauderdale
Savannah Savannah
Indianapolis Indianapolis
Riverside Riverside
Scottsdale Scottsdale
Tempe Tempe
Surprise Surprise
Anchorage Anchorage
Phoenix Phoenix
LittleRock LittleRock
Shreveport Shreveport
CapeCoral CapeCoral
Oceanside Oceanside
Bakersfield Bakersfield
BatonRouge BatonRouge
Vancouver Vancouver
Austin Austin
Plano Plano
GrandRapids GrandRapids
Worcester Worcester
Corona Corona
Lubbock Lubbock
FortWorth FortWorth
Fayetteville Fayetteville
Aurora Aurora
Orange Orange
Frisco Frisco
KansasCity KansasCity
Jackson Jackson
Brownsville Brownsville
Boston Boston
Salem Salem
Ontario Ontario
Akron Akron
Hayward Hayward
SantaClarita SantaClarita
Raleigh Raleigh
Irvine Irvine
Syracuse Syracuse
Lincoln Lincoln
Madison Madison
Joliet Joliet
SanBernardino SanBernardino
Boise Boise
Fremont Fremont
Honolulu Honolulu
Tacoma Tacoma
Oxnard Oxnard
Memphis Memphis
SanAntonio SanAntonio
Cleveland Cleveland
ElPaso ElPaso
Knoxville Knoxville
Berkeley Berkeley
Springfield Springfield
Spokane Spokane
Alexandria Alexandria
NewportNews NewportNews
DesMoines DesMoines
Cincinnati Cincinnati
GrandPrairie GrandPrairie
Waco Waco
LosAngeles LosAngeles
Orlando Orlando
Naperville Naperville
Chicago Chicago
Toledo Toledo
Henderson Henderson
Anaheim Anaheim
ChulaVista ChulaVista
Tallahassee Tallahassee
Buffalo Buffalo
Pomona Pomona
Fontana Fontana
SantaAna SantaAna
Jacksonville Jacksonville
SanJose SanJose
Denton Denton
Lexington Lexington
Baltimore Baltimore
Richmond Richmond
Wichita Wichita
Midland Midland
Yonkers Yonkers
Durham Durham
NewYork NewYork
Newark Newark
McAllen McAllen
Murfreesboro Murfreesboro
Charlotte Charlotte
GardenGrove GardenGrove
PortStLucie PortStLucie
Washington Washington
SaintPaul SaintPaul
Glendale Glendale
Paterson Paterson
Louisville Louisville
Olathe Olathe
SanFrancisco SanFrancisco
