0 99 92 54 49 33 15 194 61 28 75 5 12 62 134 44 85 84 76 34 57 4 60 79 26 65 98 91 98 77 36 78 14 56 67 39 50 64 48 139 63 88 23 19 42 45 8 30 72 21 80 3 43 69 1 58 82 177 89 24 6 9 52 83 40 2 31 97 59 32 41 10 71 94 11 17 87 95 87 18 7 93 21 74 70 16 22 51 13 47 77 68 140 86 66 53 20 81 35 38 46 29 177 96 27 55 90 85 37 73 25 0
100
0 0
99 99
92 92
54 54
49 49
33 33
15 15
61 61
28 28
75 75
5 5
12 12
62 62
44 44
85 85
84 84
76 76
34 34
57 57
4 4
60 60
79 79
26 26
65 65
98 98
91 91
77 77
36 36
78 78
14 14
56 56
67 67
39 39
50 50
64 64
48 48
63 63
88 88
23 23
19 19
42 42
45 45
8 8
30 30
72 72
21 21
80 80
3 3
43 43
69 69
1 1
58 58
82 82
89 89
24 24
6 6
9 9
52 52
83 83
40 40
2 2
31 31
97 97
59 59
32 32
41 41
10 10
71 71
94 94
11 11
17 17
87 87
95 95
18 18
7 7
93 93
74 74
70 70
16 16
22 22
51 51
13 13
47 47
68 68
86 86
66 66
53 53
20 20
81 81
35 35
38 38
46 46
29 29
96 96
27 27
55 55
90 90
37 37
73 73
25 25
