89 9 48 27 78 101 169 127 4 49 111 128 199 100 87 61 122 102 143 114 70 192 179 190 39 149 145 33 121 25 73 133 194 141 79 36 173 86 94 38 81 41 37 124 59 110 104 188 21 197 142 172 5 16 118 1 58 148 13 82 65 147 11 83 144 160 109 193 97 98 32 96 156 51 189 139 3 136 64 31 6 140 31 18 85 146 125 132 195 132 145 80 12 69 183 112 130 173 86 56 86 29 151 45 135 99 44 155 178 187 88 23 107 191 75 89
100
9 9
48 48
27 27
78 78
101 101
169 169
127 127
4 4
49 49
111 111
128 128
199 199
100 100
61 61
122 122
102 102
114 114
70 70
192 192
179 179
190 190
39 39
149 149
33 33
121 121
25 25
73 73
133 133
194 194
141 141
79 79
36 36
173 173
86 86
94 94
38 38
81 81
41 41
37 37
124 124
59 59
188 188
21 21
197 197
172 172
5 5
16 16
118 118
1 1
58 58
148 148
13 13
82 82
65 65
147 147
11 11
83 83
144 144
160 160
109 109
193 193
97 97
98 98
32 32
96 96
156 156
51 51
189 189
3 3
136 136
64 64
31 31
6 6
140 140
18 18
85 85
146 146
125 125
132 132
195 195
80 80
12 12
69 69
183 183
112 112
130 130
56 56
29 29
151 151
135 135
99 99
44 44
155 155
178 178
187 187
88 88
23 23
107 107
191 191
75 75
