dldkilltnmhfepsteins msddkilllthepsteinfn dlfdkilltepsteinhnms killmdshdtnflepstein fthlkillnepsteindsdm thnkillmddsepsteinfl fthlkillnepsteindsdm depsteinftndhmkillsl tldkillhsfnmepsteind depsteinlfnmkilldsht tsmdepsteinkillhfdln lkilldtnmsepsteindfh dhmkillfdltnsepstein mhdskillldftnepstein killtdslhfdepsteinnm shfnmltepsteindkilld killdldepsteinmfsthn epsteinfthkilldnslmd ntmdhepsteinsdkillfl fddsmepsteintnkillhl dhsepsteintlkillmfnd epsteinhdkillltsmfdn mkilldlshdtfepsteinn epsteinhnkillsldfdmt nmdhepsteinkilltfsld hsepsteinfkillnmddtl epsteindmshtfldnkill hmndfkillslepsteintd dkillldfepsteintsmnh dlshdtepsteinnkillfm tdnfmdhepsteinslkill epsteintfhndkilllmsd tdkillepsteinsmhdfnl sdndhepsteinltkillfm killmdshdtnflepstein fdskillndtmepsteinlh killmdshdtnflepstein dlfdkilltepsteinhnms msddkilllthepsteinfn killthsepsteindmlfdn depsteinslkillhdftmn killmfndshdtepsteinl hmdkilllnepsteinfsdt killhtdmdlnsfepstein nfltdmkillsdepsteinh lsmftnepsteinkillhdd dflstmkillepsteindhn killdepsteinmfltdshn tsdnhkilllmepsteindf tdfkillslepsteinhdmn sldhnfmtdkillepstein tepsteinhsdkillmldfn shepsteinnkillftlddm msepsteintlhnfkilldd mdkillntepsteindfhsl tndskilldfepsteinmhl dkillnmsfhtlepsteind ndkillthdepsteinlsmf lkillfthdsepsteindnm hnddkilltslmfepstein thdlskillnfdmepstein dmtlsfhnkilldepstein dnldkillhmfstepstein fdmtdepsteinkilllsnh mdkilllfdnstepsteinh fkillepsteinndmdlhts dtsmdnlhfepsteinkill epsteinsnmflhtdkilld mhkillepsteinddlfsnt hdntepsteinkilllsdfm dkillnmhldstfepstein fsepsteindkillhmtdln epsteinlmkillfshnddt fsepsteindkillhmtdln skillthlfndepsteindm mkillthfdlnepsteinds killfsdndhtmepsteinl hnsepsteinmkillfddtl dhtepsteinkillsdflmn killepsteinfdlhdtnms skillmfepsteinthddnl dkillnmhldstfepstein epsteinshlkilldmnfdt dfdepsteintlnskillhm ldepsteindhkilltsmfn lepsteindnhstfdmkill fhnmkillepsteinsdltd depsteinftndhmkillsl hepsteinnfdmlsdtkill depsteinftndhmkillsl epsteindkilltlmnhsfd sdndhepsteinltkillfm dfkilllepsteinsnmhtd sdndhepsteinltkillfm lmkillepsteintsndfhd hepsteinntdkillsdmfl depsteintkilllnmsfdh hepsteinntdkillsdmfl lmkillepsteintsndfhd lhsntdepsteindkillmf tepsteinkilldflhnmsd nftmskilldldepsteinh mdkillnlsdtepsteinhf nftmskilldldepsteinh fhdmnepsteindkillslt fmtnkilldepsteindhsl mkillldnhepsteinstfd fmtnkilldepsteindhsl killtdslhfdepsteinnm slepsteinkillfmddhtn depsteinlfnmkilldsht lhepsteintndkilldsmf depsteinlfnmkilldsht tsmdepsteinkillhfdln killfthnmsdlepsteind killtepsteinddhlmnsf ltfnsdhepsteinkilldm killtdmsdfhnepsteinl dhkillldsepsteintnmf epsteinfsltkillnhddm fmltddhnepsteinskill epsteinfsltkillnhddm killhdfnsepsteinmltd fdmtdepsteinkilllsnh epsteinldtnfmshdkill lepsteindsmnhftdkill hnddkilltslmfepstein thdlskillnfdmepstein lepsteinkilldhfmstnd thdlskillnfdmepstein hnddkilltslmfepstein lkillfthdsepsteindnm nsepsteinfmdkillhldt hnskillepsteintfdmld nsepsteinfmdkillhldt lkillfthdsepsteindnm dtnkillsepsteinmdfhl lkillfthdsepsteindnm dmldfhskillntepstein mfndlsdepsteinhkillt dsftepsteindhkillmnl sdlhfnmdepsteintkill dsftepsteindhkillmnl mfndlsdepsteinhkillt fdmtdepsteinkilllsnh mdkilllfdnstepsteinh lkillepsteintdshmfnd hdmndfepsteinstkilll nepsteindhkillltmsfd sndldftmkillepsteinh killhtdmdlnsfepstein ltfnsdhepsteinkilldm tepsteinmdfldhnskill ltfnsdhepsteinkilldm nmkilldepsteinhtldsf mhdskillldftnepstein killtdslhfdepsteinnm shfnmltepsteindkilld ndshkilldmlepsteinft dftkillhmldnepsteins mndtkillepsteindlfhs ldfsmnepsteinkilltdh hepsteinnfmtlkilldds hsepsteinfkillnmddtl dlfdkilltepsteinhnms msddkilllthepsteinfn dldkilltnmhfepsteins
100
thnkillmddsepsteinfl thnkillmddsepsteinfl
depsteinftndhmkillsl depsteinftndhmkillsl
tldkillhsfnmepsteind tldkillhsfnmepsteind
depsteinlfnmkilldsht depsteinlfnmkilldsht
tsmdepsteinkillhfdln tsmdepsteinkillhfdln
lkilldtnmsepsteindfh lkilldtnmsepsteindfh
dhmkillfdltnsepstein dhmkillfdltnsepstein
mhdskillldftnepstein mhdskillldftnepstein
killtdslhfdepsteinnm killtdslhfdepsteinnm
shfnmltepsteindkilld shfnmltepsteindkilld
killdldepsteinmfsthn killdldepsteinmfsthn
epsteinfthkilldnslmd epsteinfthkilldnslmd
ntmdhepsteinsdkillfl ntmdhepsteinsdkillfl
fddsmepsteintnkillhl fddsmepsteintnkillhl
dhsepsteintlkillmfnd dhsepsteintlkillmfnd
epsteinhdkillltsmfdn epsteinhdkillltsmfdn
mkilldlshdtfepsteinn mkilldlshdtfepsteinn
epsteinhnkillsldfdmt epsteinhnkillsldfdmt
nmdhepsteinkilltfsld nmdhepsteinkilltfsld
hsepsteinfkillnmddtl hsepsteinfkillnmddtl
epsteindmshtfldnkill epsteindmshtfldnkill
hmndfkillslepsteintd hmndfkillslepsteintd
dlshdtepsteinnkillfm dlshdtepsteinnkillfm
epsteintfhndkilllmsd epsteintfhndkilllmsd
tdkillepsteinsmhdfnl tdkillepsteinsmhdfnl
sdndhepsteinltkillfm sdndhepsteinltkillfm
fdskillndtmepsteinlh fdskillndtmepsteinlh
dlfdkilltepsteinhnms dlfdkilltepsteinhnms
msddkilllthepsteinfn msddkilllthepsteinfn
killthsepsteindmlfdn killthsepsteindmlfdn
depsteinslkillhdftmn depsteinslkillhdftmn
killmfndshdtepsteinl killmfndshdtepsteinl
hmdkilllnepsteinfsdt hmdkilllnepsteinfsdt
killhtdmdlnsfepstein killhtdmdlnsfepstein
nfltdmkillsdepsteinh nfltdmkillsdepsteinh
lsmftnepsteinkillhdd lsmftnepsteinkillhdd
dflstmkillepsteindhn dflstmkillepsteindhn
killdepsteinmfltdshn killdepsteinmfltdshn
tsdnhkilllmepsteindf tsdnhkilllmepsteindf
tdfkillslepsteinhdmn tdfkillslepsteinhdmn
sldhnfmtdkillepstein sldhnfmtdkillepstein
tepsteinhsdkillmldfn tepsteinhsdkillmldfn
msepsteintlhnfkilldd msepsteintlhnfkilldd
mdkillntepsteindfhsl mdkillntepsteindfhsl
tndskilldfepsteinmhl tndskilldfepsteinmhl
dkillnmsfhtlepsteind dkillnmsfhtlepsteind
ndkillthdepsteinlsmf ndkillthdepsteinlsmf
thdlskillnfdmepstein thdlskillnfdmepstein
dmtlsfhnkilldepstein dmtlsfhnkilldepstein
dnldkillhmfstepstein dnldkillhmfstepstein
fdmtdepsteinkilllsnh fdmtdepsteinkilllsnh
mdkilllfdnstepsteinh mdkilllfdnstepsteinh
dtsmdnlhfepsteinkill dtsmdnlhfepsteinkill
epsteinsnmflhtdkilld epsteinsnmflhtdkilld
mhkillepsteinddlfsnt mhkillepsteinddlfsnt
dkillnmhldstfepstein dkillnmhldstfepstein
fsepsteindkillhmtdln fsepsteindkillhmtdln
epsteinlmkillfshnddt epsteinlmkillfshnddt
skillthlfndepsteindm skillthlfndepsteindm
mkillthfdlnepsteinds mkillthfdlnepsteinds
hnsepsteinmkillfddtl hnsepsteinmkillfddtl
dhtepsteinkillsdflmn dhtepsteinkillsdflmn
skillmfepsteinthddnl skillmfepsteinthddnl
dfdepsteintlnskillhm dfdepsteintlnskillhm
ldepsteindhkilltsmfn ldepsteindhkilltsmfn
lepsteindnhstfdmkill lepsteindnhstfdmkill
fhnmkillepsteinsdltd fhnmkillepsteinsdltd
hepsteinnfdmlsdtkill hepsteinnfdmlsdtkill
epsteindkilltlmnhsfd epsteindkilltlmnhsfd
dfkilllepsteinsnmhtd dfkilllepsteinsnmhtd
lmkillepsteintsndfhd lmkillepsteintsndfhd
hepsteinntdkillsdmfl hepsteinntdkillsdmfl
depsteintkilllnmsfdh depsteintkilllnmsfdh
lhsntdepsteindkillmf lhsntdepsteindkillmf
nftmskilldldepsteinh nftmskilldldepsteinh
mdkillnlsdtepsteinhf mdkillnlsdtepsteinhf
fhdmnepsteindkillslt fhdmnepsteindkillslt
fmtnkilldepsteindhsl fmtnkilldepsteindhsl
mkillldnhepsteinstfd mkillldnhepsteinstfd
slepsteinkillfmddhtn slepsteinkillfmddhtn
lhepsteintndkilldsmf lhepsteintndkilldsmf
killfthnmsdlepsteind killfthnmsdlepsteind
killtepsteinddhlmnsf killtepsteinddhlmnsf
ltfnsdhepsteinkilldm ltfnsdhepsteinkilldm
killtdmsdfhnepsteinl killtdmsdfhnepsteinl
fmltddhnepsteinskill fmltddhnepsteinskill
killhdfnsepsteinmltd killhdfnsepsteinmltd
epsteinldtnfmshdkill epsteinldtnfmshdkill
lepsteinkilldhfmstnd lepsteinkilldhfmstnd
hnskillepsteintfdmld hnskillepsteintfdmld
dtnkillsepsteinmdfhl dtnkillsepsteinmdfhl
dmldfhskillntepstein dmldfhskillntepstein
sdlhfnmdepsteintkill sdlhfnmdepsteintkill
lkillepsteintdshmfnd lkillepsteintdshmfnd
nepsteindhkillltmsfd nepsteindhkillltmsfd
sndldftmkillepsteinh sndldftmkillepsteinh
tepsteinmdfldhnskill tepsteinmdfldhnskill
ndshkilldmlepsteinft ndshkilldmlepsteinft
mndtkillepsteindlfhs mndtkillepsteindlfhs
ldfsmnepsteinkilltdh ldfsmnepsteinkilltdh
