149 100 107 116 121 125 140 142 140 125 121 122 126 117 115 116 107 100 149 060 149 100 101 102 104 103 105 109 111 109 105 100 107 116 121 124 123 124 121 116 107 100 149 060 062 054 053 050 053 056 066 056 053 054 059 054 063 065 063 079 078 077 076 081 076 080 076 075 074 085 074 086 084 088 087 089 087 086 074 075 076 077 078 083 078 079 063 090 091 092 097 096 099 090 063 064 063 054 062 070 071 068 071 070 069 067 070 062 060 149 000 001 002 013 024 015 006 015 024 025 026 025 024 031 044 036 037 038 048 038 037 036 041 030 020 010 000 149
36
142 142
126 126
115 115
060 060
104 104
103 103
111 111
123 123
054 054
053 053
050 050
056 056
066 066
059 059
065 065
079 079
078 078
081 081
080 080
085 085
086 086
088 088
089 089
083 083
091 091
097 097
096 096
064 064
068 068
069 069
067 067
006 006
026 026
031 031
037 037
048 048
