BatonRouge Cambridge Bradenton Burbank Buffalo AtlanticCity Bloomington AnnArbor Birmingham Bryan Beaumont Albuquerque Abilene Aurora Aberdeen BoiseCity Amarillo BonitaSprings Bethlehem Barnstable Baltimore Atlanta Berkeley Arvada Albuquerque Boston Boulder Albany Augusta Anchorage Bellevue BatonRouge
25
BatonRouge BatonRouge
Cambridge Cambridge
Bradenton Bradenton
Burbank Burbank
Buffalo Buffalo
AtlanticCity AtlanticCity
AnnArbor AnnArbor
Birmingham Birmingham
Bryan Bryan
Beaumont Beaumont
Albuquerque Albuquerque
Abilene Abilene
Aurora Aurora
Aberdeen Aberdeen
BoiseCity BoiseCity
Amarillo Amarillo
Bethlehem Bethlehem
Barnstable Barnstable
Atlanta Atlanta
Berkeley Berkeley
Arvada Arvada
Boston Boston
Boulder Boulder
Albany Albany
Anchorage Anchorage
