152 62 0 66 171 87 142 36 139 65 139 101 119 179 0 95 184 50 153 183 51 2 78 123 170 58 45 160 175 160 157 121 104 12 104 143 24 173 94 173 24 149 41 143 151 143 24 130 180 130 172 75 27 97 79 169 134 165 116 147 84 56 161 4 113 5 182 5 4 53 59 115 54 115 129 108 8 136 108 89 60 85 14 6 144 6 38 13 42 76 140 105 74 166 81 166 35 95 9 183 185 111 168 73 21 92 90 163 91 41 126 37 31 112 181 102 147 28 145 179 184 7 96 7 184 152
73
66 66
171 171
87 87
142 142
139 139
65 65
101 101
0 0
95 95
184 184
50 50
153 153
183 183
51 51
2 2
78 78
170 170
58 58
45 45
175 175
157 157
121 121
12 12
143 143
94 94
149 149
41 41
151 151
130 130
180 180
172 172
75 75
27 27
97 97
79 79
169 169
134 134
165 165
116 116
56 56
113 113
5 5
182 182
53 53
54 54
8 8
136 136
89 89
60 60
85 85
144 144
38 38
13 13
42 42
105 105
166 166
81 81
35 35
9 9
111 111
168 168
73 73
92 92
90 90
163 163
126 126
37 37
31 31
112 112
181 181
28 28
145 145
96 96
