WNYCV 18R1B UUOP5 XTUSM UGOIO 7CXN0 ULCTZ H8ZPW CUG55 BMC9X ZA57Z 1BUOS V11OW 5I6U4 2KYXC XRQ65 F5YBY 91RFG TG5ZG X2AM4 KB443 YMTTJ XPFOM WH9QK HHCET 65TK9 1ACIU B8UZ8 KR27P 42QVU QTZLJ EYREL GXYLV HR8IA OE5TB RFDQ4 BO3AW K1ZSD WNYCV URMBF XBRKQ HZ80H EQWAL XDKMD 1NBGE KRLTG 77EY5 2FT0Z CHXFM GAXPM 9HVLF F07YB QSI1X 1UWW5 H7R17 XD7IR WJHGG H212X WNYCV
50
18R1B 18R1B
UUOP5 UUOP5
XTUSM XTUSM
UGOIO UGOIO
7CXN0 7CXN0
ULCTZ ULCTZ
H8ZPW H8ZPW
CUG55 CUG55
BMC9X BMC9X
ZA57Z ZA57Z
1BUOS 1BUOS
V11OW V11OW
5I6U4 5I6U4
2KYXC 2KYXC
XRQ65 XRQ65
F5YBY F5YBY
91RFG 91RFG
TG5ZG TG5ZG
X2AM4 X2AM4
KB443 KB443
YMTTJ YMTTJ
XPFOM XPFOM
HHCET HHCET
65TK9 65TK9
1ACIU 1ACIU
B8UZ8 B8UZ8
42QVU 42QVU
QTZLJ QTZLJ
EYREL EYREL
GXYLV GXYLV
HR8IA HR8IA
OE5TB OE5TB
BO3AW BO3AW
K1ZSD K1ZSD
URMBF URMBF
XBRKQ XBRKQ
HZ80H HZ80H
EQWAL EQWAL
XDKMD XDKMD
1NBGE 1NBGE
KRLTG KRLTG
77EY5 77EY5
2FT0Z 2FT0Z
GAXPM GAXPM
9HVLF 9HVLF
F07YB F07YB
QSI1X QSI1X
1UWW5 1UWW5
XD7IR XD7IR
H212X H212X
