fab8g fr0Bd cDkiZ 7J90B PpZP8 iy8Ty guI5B Nbb6U LBzlR bD2TR 8PY0r G944F gwQSf Gt2w1 Flgse Bw1D7 cm8oa wiGnS 8tK4L 1pNjr 015ql GHmnJ BWyM2 KzS0e TQZik HaHFT Vjk2Z lJJK2 b4E7v eDWES 3XMfZ RgC1Q mgHYN 2Z0oU 4GEPG bepE0 G91ym tEdSo Q0oXi FW6DI n9AEE BJ1iC AGorf 1SvIs aiycm 0YoJb VIl39 CT8M8 l0HDP yM9nQ KWmhW g1WJz lJfgZ pesnn HKgVO obqW1 DHhK9 cQMFl nScgp 5Ix1v O1QPI lcarA kCdcu H6HgM XDGuI o4F0A ciJ7c adW6k 1OpM2 TtUXd qchZ3 nRTkO F7m3U RhMSo tQXF5 RnwlC 4ORRk L54Jg sF84c 9u8oD dAx9s BybTG rzyrR ZlgGe KB016 c17Qf wKKkJ 4b2sA uQK8T fhc2k 9ZatH f5Qx2 8xyrX B3NSd P5ucv ciJ7c 3FUsL Lqz0g x8KLa VUKiE 1xx4U fab8g
100
fab8g fab8g
fr0Bd fr0Bd
cDkiZ cDkiZ
7J90B 7J90B
PpZP8 PpZP8
iy8Ty iy8Ty
guI5B guI5B
Nbb6U Nbb6U
LBzlR LBzlR
bD2TR bD2TR
8PY0r 8PY0r
G944F G944F
gwQSf gwQSf
Gt2w1 Gt2w1
Flgse Flgse
Bw1D7 Bw1D7
cm8oa cm8oa
wiGnS wiGnS
8tK4L 8tK4L
1pNjr 1pNjr
015ql 015ql
GHmnJ GHmnJ
BWyM2 BWyM2
KzS0e KzS0e
TQZik TQZik
HaHFT HaHFT
Vjk2Z Vjk2Z
lJJK2 lJJK2
b4E7v b4E7v
eDWES eDWES
3XMfZ 3XMfZ
RgC1Q RgC1Q
mgHYN mgHYN
2Z0oU 2Z0oU
4GEPG 4GEPG
bepE0 bepE0
G91ym G91ym
tEdSo tEdSo
Q0oXi Q0oXi
FW6DI FW6DI
n9AEE n9AEE
BJ1iC BJ1iC
AGorf AGorf
1SvIs 1SvIs
aiycm aiycm
0YoJb 0YoJb
VIl39 VIl39
CT8M8 CT8M8
l0HDP l0HDP
yM9nQ yM9nQ
KWmhW KWmhW
g1WJz g1WJz
lJfgZ lJfgZ
pesnn pesnn
HKgVO HKgVO
obqW1 obqW1
DHhK9 DHhK9
cQMFl cQMFl
nScgp nScgp
5Ix1v 5Ix1v
O1QPI O1QPI
lcarA lcarA
kCdcu kCdcu
H6HgM H6HgM
XDGuI XDGuI
o4F0A o4F0A
ciJ7c ciJ7c
adW6k adW6k
1OpM2 1OpM2
TtUXd TtUXd
qchZ3 qchZ3
nRTkO nRTkO
F7m3U F7m3U
RhMSo RhMSo
tQXF5 tQXF5
RnwlC RnwlC
4ORRk 4ORRk
L54Jg L54Jg
sF84c sF84c
9u8oD 9u8oD
dAx9s dAx9s
BybTG BybTG
rzyrR rzyrR
ZlgGe ZlgGe
KB016 KB016
c17Qf c17Qf
wKKkJ wKKkJ
4b2sA 4b2sA
uQK8T uQK8T
fhc2k fhc2k
9ZatH 9ZatH
f5Qx2 f5Qx2
8xyrX 8xyrX
B3NSd B3NSd
P5ucv P5ucv
3FUsL 3FUsL
Lqz0g Lqz0g
x8KLa x8KLa
VUKiE VUKiE
1xx4U 1xx4U
