55 1 112 7 4 3 6 12 2 18 15 9 23 11 20 16 29 21 35 13 25 27 36 37 48 31 34 32 44 49 42 45 46 52 54 57 58 39 61 51 62 63 41 65 72 60 69 83 71 67 70 75 80 81 73 85 89 90 79 77 92 87 93 99 96 102 103 94 98 108 104 107 100 20 106 110 1 55
74
55 55
112 112
7 7
4 4
3 3
6 6
12 12
2 2
18 18
15 15
9 9
23 23
11 11
20 20
16 16
29 29
21 21
35 35
13 13
25 25
27 27
36 36
37 37
48 48
31 31
34 34
32 32
44 44
49 49
42 42
45 45
46 46
52 52
54 54
57 57
58 58
39 39
61 61
51 51
62 62
63 63
41 41
65 65
72 72
60 60
69 69
83 83
71 71
67 67
70 70
75 75
80 80
81 81
73 73
85 85
89 89
90 90
79 79
77 77
92 92
87 87
93 93
99 99
96 96
102 102
103 103
94 94
98 98
108 108
104 104
107 107
100 100
106 106
110 110
