Soda Sibley ChezPanisse SigmaKappa ChiOmega BerkeleyHigh AlphaChi Mars InternationalHouse DeltaDelta Venus BerkeleyHillel Jupiter Pomona Saturn AlphaCentauri BayStreet Gregoire Perris Ashby Compton Whittier Emeryville Upland Fontana SouthGate SanBernardino Tijuana Chino SanDiego SanMiguel MexicoCity Guadalajara Tuxcacuesco Talpa Jalisco TripleRock ElGrullo Myto Tuhuamixtel Kips Tang Rasputin DKingGallery CREAM Tako BAMPFA Cancun Platano FantasticComics SantaBarbara LosAngeles CafeTibet Sacramento VictoryPoint Irvine Bechtel Riverside LeConte Soda
55
ChezPanisse ChezPanisse
SigmaKappa SigmaKappa
ChiOmega ChiOmega
BerkeleyHigh BerkeleyHigh
AlphaChi AlphaChi
Mars Mars
InternationalHouse InternationalHouse
DeltaDelta DeltaDelta
Venus Venus
BerkeleyHillel BerkeleyHillel
Jupiter Jupiter
Pomona Pomona
Saturn Saturn
AlphaCentauri AlphaCentauri
BayStreet BayStreet
Gregoire Gregoire
Perris Perris
Ashby Ashby
Compton Compton
Whittier Whittier
Emeryville Emeryville
Upland Upland
Fontana Fontana
SouthGate SouthGate
SanBernardino SanBernardino
Tijuana Tijuana
Chino Chino
SanDiego SanDiego
SanMiguel SanMiguel
MexicoCity MexicoCity
Guadalajara Guadalajara
Tuxcacuesco Tuxcacuesco
Talpa Talpa
Jalisco Jalisco
TripleRock TripleRock
ElGrullo ElGrullo
Myto Myto
Tuhuamixtel Tuhuamixtel
Kips Kips
Tang Tang
Rasputin Rasputin
DKingGallery DKingGallery
CREAM CREAM
Tako Tako
BAMPFA BAMPFA
Cancun Cancun
Platano Platano
FantasticComics FantasticComics
SantaBarbara SantaBarbara
LosAngeles LosAngeles
CafeTibet CafeTibet
Sacramento Sacramento
VictoryPoint VictoryPoint
Irvine Irvine
Riverside Riverside
