2 84 96 84 7 72 7 6 87 41 25 35 76 16 40 16 79 78 2 67 2 78 79 81 3 71 18 20 34 61 69 42 69 60 0 19 47 66 62 29 11 29 14 86 14 78 63 43 38 44 38 43 24 31 24 89 30 22 83 22 88 4 88 22 83 13 77 50 70 17 70 41 65 41 87 6 7 72 5 23 68 59 52 47 58 94 19 78 1 49 15 10 93 99 37 28 70 41 87 74 87 6 98 72 7 84 2
50
96 96
7 7
72 72
41 41
25 25
35 35
76 76
16 16
40 40
67 67
81 81
3 3
71 71
34 34
61 61
69 69
42 42
60 60
0 0
47 47
66 66
62 62
29 29
11 11
14 14
86 86
63 63
38 38
44 44
24 24
31 31
30 30
83 83
88 88
4 4
13 13
50 50
70 70
17 17
65 65
5 5
23 23
59 59
58 58
94 94
1 1
10 10
28 28
74 74
98 98
