DZA DMA BLR BES BLM BFA BHS DOM CUW DNK ARE CYM CXR CYM GRD GNQ GTM COG CCK CAN BRB CAN CIV CHE COD BRN BEL BDI BGR GLP GNB HND GEO FRO FRA GBR ECU FSM GHA GAB FIN FLK FIN ERI GGY BVT CAF COG GTM HMD GUY GRC GUY CUB CYP ESP AND ALB ARG ALB ARE DNK DJI DMA ATA ATF ASM DOM AUS GUY HKG BGD CYM CZE CYP AFG ABW AFG FIN ERI AUT BEN BLR DMA DZA
50
BLR BLR
BES BES
BLM BLM
BFA BFA
BHS BHS
DOM DOM
CUW CUW
DNK DNK
ARE ARE
CYM CYM
CXR CXR
GRD GRD
GNQ GNQ
COG COG
CCK CCK
CAN CAN
BRB BRB
CHE CHE
COD COD
BRN BRN
BDI BDI
GLP GLP
HND HND
GEO GEO
FRO FRO
FRA FRA
GBR GBR
ECU ECU
FSM FSM
GHA GHA
FIN FIN
FLK FLK
ERI ERI
BVT BVT
CAF CAF
HMD HMD
GRC GRC
CUB CUB
AND AND
ALB ALB
ARG ARG
DJI DJI
ATA ATA
ATF ATF
AUS AUS
HKG HKG
BGD BGD
CZE CZE
ABW ABW
BEN BEN
