Soda 198 108 111 139 104 176 148 149 159 123 117 115 147 133 107 102 132 131 157 143 103 175 119 124 161 116 174 106 184 180 173 191 185 168 179 183 154 121 155 99 167 196 136 166 194 142 172 134 144 170 110 141 151 114 130 113 160 192 169 177 165 128 156 171 140 105 112 126 152 138 129 197 193 158 125 153 162 118 109 187 127 163 145 101 146 120 135 100 186 150 122 190 181 164 137 182 195 189 178 188 68 Soda
100
198 198
108 108
111 111
139 139
104 104
176 176
148 148
149 149
159 159
123 123
117 117
115 115
147 147
133 133
107 107
102 102
132 132
131 131
157 157
143 143
103 103
175 175
119 119
124 124
161 161
116 116
174 174
106 106
184 184
180 180
173 173
191 191
185 185
168 168
179 179
183 183
154 154
121 121
155 155
99 99
167 167
196 196
136 136
166 166
194 194
142 142
172 172
134 134
144 144
170 170
110 110
141 141
151 151
114 114
130 130
113 113
160 160
192 192
169 169
177 177
165 165
128 128
156 156
171 171
140 140
105 105
112 112
126 126
152 152
138 138
129 129
197 197
193 193
158 158
125 125
153 153
162 162
118 118
109 109
187 187
127 127
163 163
145 145
101 101
146 146
120 120
135 135
100 100
186 186
150 150
122 122
190 190
181 181
164 164
137 137
182 182
195 195
189 189
178 178
188 188
