Soda 101 5 90 28 9 54 89 13 29 95 44 71 72 81 73 76 63 47 84 85 59 69 18 82 70 32 34 77 49 96 87 100 98 22 80 24 33 99 37 42 25 10 41 52 75 40 74 55 66 51 78 86 64 88 83 17 27 43 60 21 79 65 46 15 36 2 67 45 57 16 26 20 14 68 58 35 56 39 8 30 31 91 62 50 4 3 53 19 11 6 7 94 12 97 93 61 23 48 38 92 113 Soda
100
101 101
5 5
90 90
28 28
9 9
54 54
89 89
13 13
29 29
95 95
44 44
71 71
72 72
81 81
73 73
76 76
63 63
47 47
84 84
85 85
59 59
69 69
18 18
82 82
70 70
32 32
34 34
77 77
49 49
96 96
87 87
100 100
98 98
22 22
80 80
24 24
33 33
99 99
37 37
42 42
25 25
10 10
41 41
52 52
75 75
40 40
74 74
55 55
66 66
51 51
78 78
86 86
64 64
88 88
83 83
17 17
27 27
43 43
60 60
21 21
79 79
65 65
46 46
15 15
36 36
2 2
67 67
45 45
57 57
16 16
26 26
20 20
14 14
68 68
58 58
35 35
56 56
39 39
8 8
30 30
31 31
91 91
62 62
50 50
4 4
3 3
53 53
19 19
11 11
6 6
7 7
94 94
12 12
97 97
93 93
61 61
23 23
48 48
38 38
92 92
