Wurster Observatory Honolulu Frank Sutardja Florida Gilman Silver Montgomery Tennessee Boston Alabama Sather Hazardous Class Hilgard Barrows Vermont Simpson Oregon Raleigh Juneau Idaho Cory Nevada North Pitzer McLaughlin Optometry Stanley Massachusetts Hesse Salem Indianapolis Pennsylvania Chan Parking Blackwell Anthony Moffitt Spieker Kleeberger Simon Maxwell Brain Recreational California Moses Goldman Visitor Wurster
50
Wurster Wurster
Observatory Observatory
Honolulu Honolulu
Frank Frank
Sutardja Sutardja
Florida Florida
Gilman Gilman
Silver Silver
Montgomery Montgomery
Tennessee Tennessee
Boston Boston
Alabama Alabama
Sather Sather
Hazardous Hazardous
Class Class
Hilgard Hilgard
Barrows Barrows
Vermont Vermont
Simpson Simpson
Oregon Oregon
Raleigh Raleigh
Juneau Juneau
Idaho Idaho
Cory Cory
Nevada Nevada
North North
Pitzer Pitzer
McLaughlin McLaughlin
Optometry Optometry
Stanley Stanley
Massachusetts Massachusetts
Hesse Hesse
Salem Salem
Indianapolis Indianapolis
Pennsylvania Pennsylvania
Chan Chan
Parking Parking
Blackwell Blackwell
Anthony Anthony
Moffitt Moffitt
Spieker Spieker
Kleeberger Kleeberger
Simon Simon
Maxwell Maxwell
Brain Brain
Recreational Recreational
California California
Moses Moses
Goldman Goldman
Visitor Visitor
