Rhode Cleary Energy Hearst Wisconsin Observatory Insectary Jacobs Hertz Clark CNMAT BART Montana Haste Morrison Moffitt McLaughlin West Simon Illinois Topeka Maryland Little Durant Jones Hartford Salt Providence Richmond Boalt International Barrows Nashville Utah Columbia Edwards Class Trenton Etcheverry Heating Durham Foothill Birge Campanile LeConte Blackwell Chou Hawaii Police Tennessee Chvez Bowles Tang Jefferson Sproul Lower Concord Maxwell Mathematical Minnesota Columbus Florida Pennsylvania Stadium Montgomery Bancroft Moses Cory Annapolis Baton Kentucky Krutch Brain Lansing Oregon Warren Berkeley Santa Madison Austin Springer Hargrove Harrisburg Silver Simpson Nevada Mulford Grinnell University Michigan Mississippi Cheyenne East Olympia McEnerney Donner Valley Life Hellman Martin Rhode
100
Rhode Rhode
Cleary Cleary
Energy Energy
Hearst Hearst
Wisconsin Wisconsin
Observatory Observatory
Insectary Insectary
Jacobs Jacobs
Hertz Hertz
Clark Clark
CNMAT CNMAT
BART BART
Montana Montana
Haste Haste
Morrison Morrison
Moffitt Moffitt
McLaughlin McLaughlin
West West
Simon Simon
Illinois Illinois
Topeka Topeka
Maryland Maryland
Little Little
Durant Durant
Jones Jones
Hartford Hartford
Salt Salt
Providence Providence
Richmond Richmond
Boalt Boalt
International International
Barrows Barrows
Nashville Nashville
Utah Utah
Columbia Columbia
Edwards Edwards
Class Class
Trenton Trenton
Etcheverry Etcheverry
Heating Heating
Durham Durham
Foothill Foothill
Birge Birge
Campanile Campanile
LeConte LeConte
Blackwell Blackwell
Chou Chou
Hawaii Hawaii
Police Police
Tennessee Tennessee
Chvez Chvez
Bowles Bowles
Tang Tang
Jefferson Jefferson
Sproul Sproul
Lower Lower
Concord Concord
Maxwell Maxwell
Mathematical Mathematical
Minnesota Minnesota
Columbus Columbus
Florida Florida
Pennsylvania Pennsylvania
Stadium Stadium
Montgomery Montgomery
Bancroft Bancroft
Moses Moses
Cory Cory
Annapolis Annapolis
Baton Baton
Kentucky Kentucky
Krutch Krutch
Brain Brain
Lansing Lansing
Oregon Oregon
Warren Warren
Berkeley Berkeley
Santa Santa
Madison Madison
Austin Austin
Springer Springer
Hargrove Hargrove
Harrisburg Harrisburg
Silver Silver
Simpson Simpson
Nevada Nevada
Mulford Mulford
Grinnell Grinnell
University University
Michigan Michigan
Mississippi Mississippi
Cheyenne Cheyenne
East East
Olympia Olympia
McEnerney McEnerney
Donner Donner
Valley Valley
Life Life
Hellman Hellman
Martin Martin
