AY AZ AG BC BD BW BX BE CT BE AM BF BG CA BG CB BG BF AI S AI BD BA BD BC AG AK AJ Q R P O P R T R P O J H N F G F D X B A B E D F I F N M N K N F D AC Y AE AD AX AY AW AV AW AU AS AP AQ AO AQ BL BK BJ BI BJ BK BN BK BJ CD CC CD BJ BK BL AQ AP V AP AS AU AW AV BM BS CL CN CJ CK CJ CN CQ CP CS CQ CN CM CO CM CN CL BS BM AV AW AY
40
CT CT
AM AM
BF BF
BG BG
CA CA
CB CB
S S
BA BA
AG AG
AJ AJ
P P
O O
T T
H H
F F
G G
D D
X X
B B
A A
I I
M M
K K
Y Y
AD AD
AX AX
AV AV
AS AS
AQ AQ
AO AO
BJ BJ
BI BI
BN BN
CC CC
V V
CN CN
CK CK
CP CP
CS CS
CO CO
