YuhuaEast Geylang Chatsworth InstitutionHill Chatsworth Commonwealth KentRidge Commonwealth SungeiRoad WaterwayEast SungeiRoad Kranji PangSua DairyFarm PeiChun JurongPort JooSengPayaLebar SenokoWest SerangoonCentral PasirPanjang2 BukitBatokSouth WoodlandsWest Northland Mountbatten ClementiNorth OneTreeHill SembawangStraits Shipyard PasirRisPark Trafalgar Serangoon ClementiCentral Mandai PasirRis Mandai ChengSan BoonLayPlace LowerSeletar PearlsHill Sentosa TelokBlangahRise KampongUbi Brickworks ChinaSquare Sennett SerangoonGarden SingaporeRiver SerangoonGarden Sennett TelokBlangahDrive CityHall BedokNorth IstanaNegara ClementiWest JurongWestCentral OneNorth Anson AngMoKioTownCentre ChangiPoint BedokSouth Matilda Geylang OrangeGrove PeoplesPark BayfrontSubzone Punggol TagoreSindo SerangoonNorth TagoreSindo Sembawang EastCoast TampinesNorth TuasNorthPioneer WestCoast SouthernIslands HongKahNorth KeatHong Dunearn SembawangHills Dunearn UluPandan YioChuKangEast PulauPunggolTimor ReservoirView EvertonPark PasirRisDrive TohGuan PayaLebarEast Museum GeylangEast MountEmily KebunBahru Tampines PengSiang BukitBatokWest DhobyGhaut Cairnhill WoodlandsSouth Port Khatib SimpangNorth Paterson SimpangNorth AlexandraNorth SimpangNorth JurongRiver Saujana BoatQuay Saujana HougangCentral DefuIndustrialPark ChoaChuKang HongKah UpperThomson Kembangan LoyangEast Aljunied YioChuKang BenoiSector Moulmein Tanglin TuasPromenade SembawangEast TuasBay TiongBahru TuasBay PunggolField SungeiKadut MandaiEast Boulevard RochorCanal ChangiWest PotongPasir YuhuaEast
100
Chatsworth Chatsworth
InstitutionHill InstitutionHill
Commonwealth Commonwealth
KentRidge KentRidge
SungeiRoad SungeiRoad
WaterwayEast WaterwayEast
PangSua PangSua
DairyFarm DairyFarm
PeiChun PeiChun
JurongPort JurongPort
JooSengPayaLebar JooSengPayaLebar
SerangoonCentral SerangoonCentral
BukitBatokSouth BukitBatokSouth
WoodlandsWest WoodlandsWest
Northland Northland
Mountbatten Mountbatten
ClementiNorth ClementiNorth
OneTreeHill OneTreeHill
SembawangStraits SembawangStraits
Shipyard Shipyard
PasirRisPark PasirRisPark
Trafalgar Trafalgar
Serangoon Serangoon
Mandai Mandai
PasirRis PasirRis
BoonLayPlace BoonLayPlace
LowerSeletar LowerSeletar
PearlsHill PearlsHill
Sentosa Sentosa
TelokBlangahRise TelokBlangahRise
Brickworks Brickworks
ChinaSquare ChinaSquare
Sennett Sennett
SerangoonGarden SerangoonGarden
SingaporeRiver SingaporeRiver
CityHall CityHall
BedokNorth BedokNorth
IstanaNegara IstanaNegara
JurongWestCentral JurongWestCentral
OneNorth OneNorth
AngMoKioTownCentre AngMoKioTownCentre
ChangiPoint ChangiPoint
BedokSouth BedokSouth
Matilda Matilda
Geylang Geylang
OrangeGrove OrangeGrove
PeoplesPark PeoplesPark
BayfrontSubzone BayfrontSubzone
Punggol Punggol
TagoreSindo TagoreSindo
SerangoonNorth SerangoonNorth
Sembawang Sembawang
EastCoast EastCoast
TampinesNorth TampinesNorth
TuasNorthPioneer TuasNorthPioneer
SouthernIslands SouthernIslands
HongKahNorth HongKahNorth
KeatHong KeatHong
SembawangHills SembawangHills
UluPandan UluPandan
YioChuKangEast YioChuKangEast
PulauPunggolTimor PulauPunggolTimor
ReservoirView ReservoirView
EvertonPark EvertonPark
PasirRisDrive PasirRisDrive
TohGuan TohGuan
PayaLebarEast PayaLebarEast
Museum Museum
GeylangEast GeylangEast
KebunBahru KebunBahru
Tampines Tampines
BukitBatokWest BukitBatokWest
DhobyGhaut DhobyGhaut
Cairnhill Cairnhill
Port Port
Khatib Khatib
SimpangNorth SimpangNorth
Paterson Paterson
AlexandraNorth AlexandraNorth
Saujana Saujana
BoatQuay BoatQuay
HougangCentral HougangCentral
DefuIndustrialPark DefuIndustrialPark
ChoaChuKang ChoaChuKang
HongKah HongKah
UpperThomson UpperThomson
Kembangan Kembangan
Aljunied Aljunied
YioChuKang YioChuKang
BenoiSector BenoiSector
Moulmein Moulmein
Tanglin Tanglin
TuasPromenade TuasPromenade
TuasBay TuasBay
TiongBahru TiongBahru
PunggolField PunggolField
SungeiKadut SungeiKadut
MandaiEast MandaiEast
RochorCanal RochorCanal
ChangiWest ChangiWest
