Qwilfish Tropius Drapion Taillow Wartortle Zekrom Conkeldurr Zekrom Wartortle Magmar Phanpy Skiddo Noibat Simisear Sandile Meloetta Porygon2 Vullaby Drapion Tropius Slowbro Dewpider Politoed Terrakion Metang Slurpuff Inkay Metapod Gengar Drampa Shellos Nincada Whismur Tsareena Scatterbug Taillow Paras Vullaby Volcarona Steenee Jumpluff Xerneas Seaking Honedge Skorupi Lotad Amoonguss Crawdaunt Weezing Vespiquen Shellder Bastiodon Seaking Munna Swadloon Magnemite Froakie Bounsweet Yungoos Stufful Woobat Escavalier Weepinbell Lumineon Kakuna Tornadus Gengar Tauros Wailord Plusle Jumpluff Xerneas Seaking Treecko Kakuna Lumineon Comfey Nincada Slowbro Tropius Qwilfish
64
Qwilfish Qwilfish
Conkeldurr Conkeldurr
Zekrom Zekrom
Wartortle Wartortle
Magmar Magmar
Phanpy Phanpy
Skiddo Skiddo
Noibat Noibat
Simisear Simisear
Sandile Sandile
Meloetta Meloetta
Porygon2 Porygon2
Vullaby Vullaby
Drapion Drapion
Tropius Tropius
Slowbro Slowbro
Dewpider Dewpider
Politoed Politoed
Terrakion Terrakion
Metang Metang
Slurpuff Slurpuff
Inkay Inkay
Metapod Metapod
Gengar Gengar
Drampa Drampa
Shellos Shellos
Nincada Nincada
Whismur Whismur
Tsareena Tsareena
Scatterbug Scatterbug
Taillow Taillow
Paras Paras
Volcarona Volcarona
Steenee Steenee
Jumpluff Jumpluff
Xerneas Xerneas
Seaking Seaking
Honedge Honedge
Skorupi Skorupi
Lotad Lotad
Amoonguss Amoonguss
Crawdaunt Crawdaunt
Weezing Weezing
Vespiquen Vespiquen
Shellder Shellder
Bastiodon Bastiodon
Munna Munna
Swadloon Swadloon
Magnemite Magnemite
Froakie Froakie
Bounsweet Bounsweet
Yungoos Yungoos
Stufful Stufful
Woobat Woobat
Escavalier Escavalier
Weepinbell Weepinbell
Lumineon Lumineon
Kakuna Kakuna
Tornadus Tornadus
Tauros Tauros
Wailord Wailord
Plusle Plusle
Treecko Treecko
Comfey Comfey
