Myrtle Moreno Nashua Kissimmee Harlingen Lorain Brownsville Hollywood Cedar Hartford Abilene GreenBay Corpus Bradenton Albuquerque Cary Champaign Kansas Joliet Deltona Alexandria Minneapolis Lexington Macon Barnstable Mobile Appleton Leominster Houma Merced Lansing Chicago Miramar Davidson Montgomery Cathedral Bridgeport Albany Huntington Muskegon Bloomington Medford Erie Huntsville Dallas Chandler Grays Aribel Baltimore Montgomery Plen Hemet Alexandria Myrtle
50
Moreno Moreno
Nashua Nashua
Kissimmee Kissimmee
Harlingen Harlingen
Lorain Lorain
Brownsville Brownsville
Hollywood Hollywood
Cedar Cedar
Hartford Hartford
Abilene Abilene
GreenBay GreenBay
Corpus Corpus
Bradenton Bradenton
Albuquerque Albuquerque
Cary Cary
Champaign Champaign
Kansas Kansas
Joliet Joliet
Deltona Deltona
Alexandria Alexandria
Minneapolis Minneapolis
Lexington Lexington
Macon Macon
Barnstable Barnstable
Mobile Mobile
Appleton Appleton
Leominster Leominster
Houma Houma
Merced Merced
Lansing Lansing
Chicago Chicago
Miramar Miramar
Davidson Davidson
Montgomery Montgomery
Cathedral Cathedral
Bridgeport Bridgeport
Albany Albany
Huntington Huntington
Muskegon Muskegon
Bloomington Bloomington
Medford Medford
Erie Erie
Huntsville Huntsville
Dallas Dallas
Chandler Chandler
Grays Grays
Aribel Aribel
Baltimore Baltimore
Plen Plen
Hemet Hemet
