Burlington Greenville Amarillo Hayward Buffalo Cambridge Honolulu Davenport Merced Denver Rapids Cedar Columbus Clarke Miramar Bridgeport Naperville Independence Prairie Killeen Myrtle Hampton McAllen Louisville Chicago Chattanooga Frederick Burlington
25
Greenville Greenville
Amarillo Amarillo
Hayward Hayward
Buffalo Buffalo
Cambridge Cambridge
Honolulu Honolulu
Davenport Davenport
Merced Merced
Denver Denver
Rapids Rapids
Cedar Cedar
Columbus Columbus
Clarke Clarke
Miramar Miramar
Bridgeport Bridgeport
Naperville Naperville
Independence Independence
Prairie Prairie
Killeen Killeen
Myrtle Myrtle
Hampton Hampton
McAllen McAllen
Louisville Louisville
Chicago Chicago
Chattanooga Chattanooga
