LegendsAquaticCenter SoutheastAsianStudie GolbousPlace DurantHall LegendsAquaticCenter ValleyLifeSciencesBu MemorialGlade EucalyptusGrove LewisHall CITRIS NorthGateHall SodaHall LeConteHall LevineFrickeSoftball GoldmanField EllsworthParkingStru StarrEastAsianLibrar NorthField LawSchool InvestigativeReporti SatherTower LegendsAquaticCenter
20
LegendsAquaticCenter LegendsAquaticCenter
SoutheastAsianStudie SoutheastAsianStudie
GolbousPlace GolbousPlace
DurantHall DurantHall
ValleyLifeSciencesBu ValleyLifeSciencesBu
MemorialGlade MemorialGlade
EucalyptusGrove EucalyptusGrove
LewisHall LewisHall
CITRIS CITRIS
NorthGateHall NorthGateHall
SodaHall SodaHall
LeConteHall LeConteHall
LevineFrickeSoftball LevineFrickeSoftball
GoldmanField GoldmanField
EllsworthParkingStru EllsworthParkingStru
StarrEastAsianLibrar StarrEastAsianLibrar
NorthField NorthField
LawSchool LawSchool
InvestigativeReporti InvestigativeReporti
SatherTower SatherTower
