Pantheon Graves Lucian Jax Phoenix Galio CentaurWarrunner Ziggs ChaosKnight Lich Kled Jhin Skarner Bard CrystalMaiden KogMaw Disruptor Anivia Talon NightStalker Magnus Tailyah Bristleback Maokai LoneDruid Oracle Ashe Shyvana Jayce SpiritBreaker Rumble WraithKing Nunu Ezreal Spectre Lux Draven Jinx Morgana BountyHunter Heimerdinger Akali Tiny Malphite Xerath Ahri ArcWarden MasterYi TrollWarlord Slark Pantheon
48
Lucian Lucian
Jax Jax
Phoenix Phoenix
Galio Galio
CentaurWarrunner CentaurWarrunner
Ziggs Ziggs
ChaosKnight ChaosKnight
Lich Lich
Kled Kled
Jhin Jhin
Skarner Skarner
Bard Bard
CrystalMaiden CrystalMaiden
KogMaw KogMaw
Disruptor Disruptor
Anivia Anivia
Talon Talon
NightStalker NightStalker
Magnus Magnus
Tailyah Tailyah
Bristleback Bristleback
Maokai Maokai
LoneDruid LoneDruid
Oracle Oracle
Ashe Ashe
Shyvana Shyvana
Jayce Jayce
SpiritBreaker SpiritBreaker
Rumble Rumble
WraithKing WraithKing
Nunu Nunu
Ezreal Ezreal
Spectre Spectre
Lux Lux
Draven Draven
Jinx Jinx
Morgana Morgana
BountyHunter BountyHunter
Heimerdinger Heimerdinger
Akali Akali
Tiny Tiny
Malphite Malphite
Xerath Xerath
Ahri Ahri
ArcWarden ArcWarden
MasterYi MasterYi
TrollWarlord TrollWarlord
Slark Slark
