5 179 173 167 161 155 149 143 137 131 125 119 113 107 106 102 103 104 105 107 101 96 97 98 99 100 101 95 90 91 92 93 94 95 89 84 85 86 87 88 89 83 78 79 80 81 82 83 77 72 73 74 75 76 77 71 66 67 68 69 70 71 65 60 61 62 63 64 65 59 54 55 56 57 58 59 53 48 49 50 51 52 53 47 42 43 44 45 46 47 41 36 37 38 39 40 41 35 30 31 32 33 34 35 29 24 25 26 27 28 29 23 18 19 20 21 22 23 17 12 13 14 15 16 17 11 6 7 8 9 10 11 5 0 1 2 3 4 5
90
106 106
102 102
103 103
104 104
105 105
96 96
97 97
98 98
99 99
100 100
90 90
91 91
92 92
93 93
94 94
84 84
85 85
86 86
87 87
88 88
78 78
79 79
80 80
81 81
82 82
72 72
73 73
74 74
75 75
76 76
66 66
67 67
68 68
69 69
70 70
60 60
61 61
62 62
63 63
64 64
54 54
55 55
56 56
57 57
58 58
48 48
49 49
50 50
51 51
52 52
42 42
43 43
44 44
45 45
46 46
36 36
37 37
38 38
39 39
40 40
30 30
31 31
32 32
33 33
34 34
24 24
25 25
26 26
27 27
28 28
18 18
19 19
20 20
21 21
22 22
12 12
13 13
14 14
15 15
16 16
6 6
7 7
8 8
9 9
10 10
0 0
1 1
2 2
3 3
4 4
