0 23 125 123 119 80 82 86 81 73 68 64 56 60 19 18 11 15 127 122 120 114 118 40 36 31 32 29 76 104 110 109 24 25 28 85 78 77 70 67 65 66 69 75 132 128 105 108 111 117 101 96 98 93 95 97 89 84 83 90 143 135 131 142 138 133 9 8 10 4 12 7 13 16 23 141 137 145 146 62 55 49 30 33 27 26 34 39 44 45 42 43 51 47 53 50 5 148 144 134 139 22 29 35 40 118 113 106 99 94 90 2 0
100
0 0
125 125
123 123
119 119
80 80
82 82
86 86
81 81
73 73
68 68
64 64
56 56
60 60
19 19
18 18
11 11
15 15
127 127
122 122
120 120
114 114
118 118
40 40
36 36
31 31
32 32
29 29
76 76
104 104
110 110
109 109
24 24
25 25
28 28
85 85
78 78
77 77
70 70
67 67
65 65
66 66
69 69
75 75
132 132
128 128
105 105
108 108
111 111
117 117
101 101
96 96
98 98
93 93
95 95
97 97
89 89
84 84
83 83
143 143
135 135
131 131
142 142
138 138
133 133
9 9
8 8
10 10
4 4
12 12
7 7
13 13
16 16
23 23
141 141
137 137
145 145
146 146
62 62
55 55
49 49
30 30
33 33
27 27
26 26
34 34
39 39
44 44
45 45
42 42
43 43
51 51
47 47
53 53
5 5
148 148
134 134
22 22
35 35
113 113
94 94
