0 199 151 175 117 99 141 59 133 125 35 45 23 139 161 147 89 87 61 103 181 111 25 37 51 95 83 183 153 71 197 187 43 195 101 157 189 93 135 179 105 131 159 97 27 91 137 107 21 173 53 129 165 149 191 79 73 171 167 57 143 81 119 15 1 65 145 67 163 29 177 69 109 13 49 39 7 155 3 115 47 77 121 123 17 11 55 19 185 9 63 5 113 41 193 75 127 169 33 31 85 0
100
199 199
151 151
175 175
117 117
99 99
141 141
59 59
133 133
125 125
35 35
45 45
23 23
139 139
161 161
147 147
89 89
87 87
61 61
103 103
181 181
111 111
25 25
37 37
51 51
95 95
83 83
183 183
153 153
71 71
197 197
187 187
43 43
195 195
101 101
157 157
189 189
93 93
135 135
179 179
105 105
131 131
159 159
97 97
27 27
91 91
137 137
107 107
21 21
173 173
53 53
129 129
165 165
149 149
191 191
79 79
73 73
171 171
167 167
57 57
143 143
81 81
119 119
15 15
1 1
65 65
145 145
67 67
163 163
29 29
177 177
69 69
109 109
13 13
49 49
39 39
7 7
155 155
3 3
115 115
47 47
77 77
121 121
123 123
17 17
11 11
55 55
19 19
185 185
9 9
63 63
5 5
113 113
41 41
193 193
75 75
127 127
169 169
33 33
31 31
85 85
