61 2 25 2 67 31 47 83 1 57 60 57 51 76 60 91 8 91 70 98 54 38 80 14 92 58 68 36 97 85 3 32 26 11 28 65 28 79 30 90 82 17 82 90 42 40 74 6 34 22 39 69 86 51 33 63 29 15 37 10 35 49 5 22 72 98 54 14 48 59 4 44 33 7 73 61
50
25 25
2 2
67 67
31 31
83 83
1 1
57 57
60 60
51 51
76 76
91 91
8 8
70 70
98 98
80 80
14 14
92 92
58 58
36 36
97 97
85 85
3 3
32 32
26 26
11 11
28 28
65 65
30 30
90 90
82 82
17 17
42 42
40 40
74 74
6 6
39 39
69 69
86 86
33 33
63 63
15 15
37 37
10 10
35 35
5 5
72 72
48 48
4 4
44 44
73 73
