gc bu gq v ai dn b bn et ds u dg cm ab dy fw bv df fh j cp cr cz gm fr q co as ac gk em di gi gj ad bx ap bb bt ey fn cq dh en dh d eq fa db az fy cg br er go am cd ep ck z g cn ge bj fi dq bp aw h dj gg dp do ae an bl fo fd ft gh gn dx by bc ah p fq fk ff e fe bq a es y m dw du ga at ao cv cl ee cj bi el cs gc
100
bu bu
gq gq
v v
ai ai
dn dn
b b
bn bn
et et
ds ds
u u
dg dg
cm cm
ab ab
dy dy
fw fw
bv bv
fh fh
j j
cp cp
cr cr
cz cz
gm gm
fr fr
q q
co co
as as
ac ac
gk gk
em em
di di
gi gi
gj gj
ad ad
bx bx
ap ap
bb bb
bt bt
ey ey
fn fn
cq cq
dh dh
en en
d d
eq eq
fa fa
db db
az az
fy fy
cg cg
br br
er er
go go
am am
ep ep
ck ck
g g
cn cn
ge ge
bj bj
fi fi
dq dq
bp bp
aw aw
dj dj
gg gg
dp dp
do do
ae ae
an an
bl bl
fo fo
fd fd
ft ft
gh gh
gn gn
dx dx
by by
bc bc
ah ah
p p
fq fq
fk fk
ff ff
e e
fe fe
bq bq
a a
es es
y y
dw dw
ga ga
at at
ao ao
cv cv
cl cl
ee ee
cj cj
bi bi
el el
cs cs
