Liam Benjamin Wyatt Benjamin Liam Aiden Jaxon David James Samuel Alexander Henry Alexander Samuel Mason William Carter William Elijah Mason Noah Joseph Matthew Joseph Jacob Joseph Michael Luke Oliver Charles Andrew Lucas Jackson Ethan Logan Jayden Daniel Mateo Alexander Samuel Sebastian Jaxon Liam
25
Liam Liam
Wyatt Wyatt
Benjamin Benjamin
Aiden Aiden
David David
James James
Samuel Samuel
Alexander Alexander
Henry Henry
Mason Mason
William William
Carter Carter
Elijah Elijah
Noah Noah
Joseph Joseph
Matthew Matthew
Jacob Jacob
Michael Michael
Oliver Oliver
Lucas Lucas
Jackson Jackson
Ethan Ethan
Logan Logan
Daniel Daniel
Sebastian Sebastian
