Liam Jordan Leonardo Xander Oscar Dawson Marcus Parker Marcus Aaron Michael Aaron Amir Miguel Mateo Aiden Richard Easton Richard Preston Jonathan Preston Jose Ezra Jackson August Zayden Grant Cooper Joshua Lucas Joshua Jack Jordan Leonardo George Ethan Brantley Kai Christopher Kai Carson Emmanuel Samuel Eric Messiah John Matthew Jayce Gabriel Jayce Henry Malachi Bryson Malachi Adam Colton Adam Malachi Bryson Leo Alexander Grayson Elliot Jasper Connor Nathan Kevin Weston Jaxson Weston Kevin Finn Jacob Finn Luke Miles Nolan Elijah Adrian Harrison Bentley Jayden Bentley Camden Maverick Noah Maverick Anthony Angel Anthony Maxwell Dean Patrick Oliver Andrew Dylan Lincoln Chase Greyson Eric Messiah Zion Rhett Christian Brody David Brody Dawson Gael Wyatt Gael Dawson Alejandro Ian Alejandro Dawson Declan Brayden Asher Brayden Ayden Giovanni Robert Joseph Jude Zachary Hunter Thomas Hunter Steven James Isaac Kaleb Santiago Carter Elliott Caleb Cameron Gabriel Victor Dominic Victor Aiden Tucker Charles Mason Charles Tucker Aiden Richard Zachary Jude Theodore Rowan Austin Hayden Bennett Landon William Landon Bennett Justin Josiah Julian Matteo Jameson Benjamin Jameson Hudson Jameson Benjamin Jaxon Waylon Tyler Eli Sawyer Steven Xavier Ryan Nolan Logan Andrew Isaiah Hunter Zachary Jude Evan Jude Jace Jude Zachary Dean Patrick Alan Santiago Kaleb Elias Kaleb Antonio Owen Antonio Grant Ashton Jose Ezra Ezekiel Jeremiah Ezekiel Maddox Kaiden Daniel Nicholas Waylon Gavin Dawson Edward Sebastian Bryce Oscar Levi Oscar Xander Leonardo Jordan Liam
90
Liam Liam
Parker Parker
Aaron Aaron
Michael Michael
Mateo Mateo
Aiden Aiden
Easton Easton
Jonathan Jonathan
Jose Jose
Ezra Ezra
Jackson Jackson
Cooper Cooper
Joshua Joshua
Lucas Lucas
Jack Jack
Jordan Jordan
Ethan Ethan
Christopher Christopher
Carson Carson
Samuel Samuel
John John
Matthew Matthew
Gabriel Gabriel
Henry Henry
Bryson Bryson
Adam Adam
Colton Colton
Leo Leo
Alexander Alexander
Grayson Grayson
Connor Connor
Nathan Nathan
Jaxson Jaxson
Jacob Jacob
Luke Luke
Nolan Nolan
Elijah Elijah
Adrian Adrian
Jayden Jayden
Maverick Maverick
Noah Noah
Anthony Anthony
Angel Angel
Oliver Oliver
Andrew Andrew
Dylan Dylan
Lincoln Lincoln
Greyson Greyson
Christian Christian
David David
Wyatt Wyatt
Ian Ian
Brayden Brayden
Asher Asher
Robert Robert
Joseph Joseph
Hunter Hunter
Thomas Thomas
James James
Isaac Isaac
Carter Carter
Caleb Caleb
Cameron Cameron
Dominic Dominic
Charles Charles
Mason Mason
Theodore Theodore
Austin Austin
Landon Landon
William William
Josiah Josiah
Julian Julian
Benjamin Benjamin
Hudson Hudson
Jaxon Jaxon
Eli Eli
Xavier Xavier
Ryan Ryan
Logan Logan
Isaiah Isaiah
Evan Evan
Jace Jace
Elias Elias
Owen Owen
Ezekiel Ezekiel
Jeremiah Jeremiah
Daniel Daniel
Nicholas Nicholas
Sebastian Sebastian
Levi Levi
