zero four eleven eighteen twentyfive thirtytwo thirtynine fortysix fiftythree sixty sixtyseven seventyfour eightyone eightyeight ninetyfive eightyeight eightyseven eightyeight eightynine eightytwo eightyone eighty seventynine seventyeight eightyfour seventyseven seventyone seventyseven seventysix seventyfive sixtyeight sixtyseven sixtysix sixtyfive sixtyfour seventy sixtyfour fiftyseven sixtythree sixtytwo sixtyone sixty fiftythree fiftytwo fiftyone fifty fiftysix fiftyfive fortyeight fortyseven fortysix fortyfive fortyfour thirtyseven thirtysix thirtyseven thirtyeight thirtynine forty thirtythree thirtyfour thirtyfive twentynine thirty twentynine twentytwo twentythree twentyfour twentyfive twentysix twentyseven twenty twentyone fifteen twentyone fourteen thirteen twelve five four three two zero six zero three ten three zero
50
ninetyfive ninetyfive
eightyeight eightyeight
eightyseven eightyseven
eightynine eightynine
eightytwo eightytwo
eightyone eightyone
seventynine seventynine
seventyeight seventyeight
eightyfour eightyfour
seventyseven seventyseven
seventyone seventyone
seventyfive seventyfive
sixtyeight sixtyeight
sixtyseven sixtyseven
sixtysix sixtysix
sixtyfive sixtyfive
seventy seventy
fiftyseven fiftyseven
sixtytwo sixtytwo
sixtyone sixtyone
sixty sixty
fiftythree fiftythree
fiftyone fiftyone
fifty fifty
fiftyfive fiftyfive
fortyeight fortyeight
fortyseven fortyseven
fortyfive fortyfive
fortyfour fortyfour
thirtyseven thirtyseven
thirtysix thirtysix
thirtynine thirtynine
thirtythree thirtythree
thirtyfour thirtyfour
thirtyfive thirtyfive
twentynine twentynine
thirty thirty
twentytwo twentytwo
twentyfour twentyfour
twentyfive twentyfive
twenty twenty
fifteen fifteen
fourteen fourteen
twelve twelve
five five
four four
three three
two two
six six
ten ten
