0 52 91 26 12 24 21 22 92 16 17 7 29 42 18 36 18 48 10 43 8 78 2 47 28 52 58 38 9 38 46 19 35 19 31 44 25 34 25 13 97 1 40 45 49 68 11 70 15 56 25 69 3 82 64 39 64 94 93 32 65 63 33 14 58 52 27 52 0 23 6 41 20 4 20 78 30 37 30 78 5 0
50
0 0
26 26
12 12
24 24
21 21
22 22
16 16
17 17
7 7
29 29
42 42
18 18
36 36
48 48
10 10
43 43
8 8
2 2
47 47
28 28
38 38
9 9
46 46
19 19
35 35
31 31
44 44
25 25
34 34
13 13
1 1
40 40
45 45
49 49
11 11
15 15
3 3
39 39
32 32
33 33
14 14
27 27
23 23
6 6
41 41
20 20
4 4
30 30
37 37
5 5
