0 167 88 3 95 122 73 64 54 80 19 153 50 68 37 26 93 62 75 11 85 144 94 144 28 90 28 84 121 9 72 22 71 52 74 21 96 16 55 97 27 97 76 7 184 39 18 81 58 38 14 188 77 49 1 91 40 57 10 8 35 42 99 32 12 79 20 53 15 86 44 183 120 98 83 89 59 70 182 92 150 6 51 6 78 17 33 47 87 47 67 116 60 76 43 29 2 5 31 4 34 176 45 176 66 134 132 69 41 30 68 180 23 153 65 56 24 100 25 61 1 196 36 177 13 63 82 179 48 46 51 0
100
0 0
88 88
3 3
95 95
73 73
64 64
54 54
80 80
19 19
50 50
68 68
37 37
26 26
93 93
62 62
75 75
11 11
85 85
94 94
28 28
90 90
84 84
9 9
72 72
22 22
71 71
52 52
74 74
21 21
96 96
16 16
55 55
97 97
27 27
76 76
7 7
39 39
18 18
81 81
58 58
38 38
14 14
77 77
49 49
1 1
91 91
40 40
57 57
10 10
8 8
35 35
42 42
99 99
32 32
12 12
79 79
20 20
53 53
15 15
86 86
44 44
98 98
83 83
89 89
59 59
70 70
92 92
6 6
51 51
78 78
17 17
33 33
47 47
87 87
67 67
60 60
43 43
29 29
2 2
5 5
31 31
4 4
34 34
45 45
66 66
69 69
41 41
30 30
23 23
65 65
56 56
24 24
25 25
61 61
36 36
13 13
63 63
82 82
48 48
46 46
