Djibouti Benin Brazil Benin Bolivia Benin Bosnia Benin Botswana Benin Djibouti Afghanistan Albania Afghanistan Algeria Afghanistan Andorra Afghanistan Angola Afghanistan Djibouti Antigu Argentina Antigu Armenia Antigu Australia Antigu Austria Antigu Djibouti Austrian Azerbaijan Austrian Baden Austrian Bahrain Austrian Bangladesh Austrian Djibouti Barbados Bavaria Barbados Belarus Barbados Belgium Barbados Belize Barbados Djibouti
25
Brazil Brazil
Benin Benin
Bolivia Bolivia
Bosnia Bosnia
Botswana Botswana
Afghanistan Afghanistan
Albania Albania
Algeria Algeria
Andorra Andorra
Angola Angola
Antigu Antigu
Argentina Argentina
Armenia Armenia
Australia Australia
Austria Austria
Austrian Austrian
Azerbaijan Azerbaijan
Baden Baden
Bahrain Bahrain
Bangladesh Bangladesh
Barbados Barbados
Bavaria Bavaria
Belarus Belarus
Belgium Belgium
Belize Belize
