Afghanistan Djibouti Denmark Congo Czechoslovakia Czechi Cyprus Cuba Croatia CotedIvoire Costarica Comoros Colombia China Chile Chad Canada Cameroon Cambodia Cabo Burundi Burma Burkina Bulgaria Brunswick Brunei Brazil Botswana Bosnia Bolivia Benin Belize Belgium Belarus Bavaria Barbados Bangladesh Bahrain Baden Azerbaijan Austrian Austria Australia Armenia Argentina Antigu Angola Andorra Algeria Albania Afghanistan
50
Afghanistan Afghanistan
Djibouti Djibouti
Denmark Denmark
Congo Congo
Czechoslovakia Czechoslovakia
Czechi Czechi
Cyprus Cyprus
Cuba Cuba
Croatia Croatia
CotedIvoire CotedIvoire
Costarica Costarica
Comoros Comoros
Colombia Colombia
China China
Chile Chile
Chad Chad
Canada Canada
Cameroon Cameroon
Cambodia Cambodia
Cabo Cabo
Burundi Burundi
Burma Burma
Burkina Burkina
Bulgaria Bulgaria
Brunswick Brunswick
Brunei Brunei
Brazil Brazil
Botswana Botswana
Bosnia Bosnia
Bolivia Bolivia
Benin Benin
Belize Belize
Belgium Belgium
Belarus Belarus
Bavaria Bavaria
Barbados Barbados
Bangladesh Bangladesh
Bahrain Bahrain
Baden Baden
Azerbaijan Azerbaijan
Austrian Austrian
Austria Austria
Australia Australia
Armenia Armenia
Argentina Argentina
Antigu Antigu
Angola Angola
Andorra Andorra
Algeria Algeria
Albania Albania
