pump survival reject judicial preoccupation need tip feign hallway formulate sweet pray ensure lemon exercise distributor impound privilege depressed range sentiment packet ground forest parallel ghost diagram wage genetic pedestrian prospect valley rock separate sticky button guideline descent pipe anger mouse plug unanimous performance polish gloom innovation hierarchy affect nominate pursuit sit freedom consideration line sacrifice wear brain attractive admiration title fairy minor aspect row linger category mud leadership lot appearance engineer reflection overlook park physical float literature pump
78
pump pump
survival survival
reject reject
judicial judicial
preoccupation preoccupation
need need
tip tip
feign feign
hallway hallway
formulate formulate
sweet sweet
pray pray
ensure ensure
lemon lemon
exercise exercise
distributor distributor
impound impound
privilege privilege
depressed depressed
range range
sentiment sentiment
packet packet
ground ground
forest forest
parallel parallel
ghost ghost
diagram diagram
wage wage
genetic genetic
pedestrian pedestrian
prospect prospect
valley valley
rock rock
separate separate
sticky sticky
button button
guideline guideline
descent descent
pipe pipe
anger anger
mouse mouse
plug plug
unanimous unanimous
performance performance
polish polish
gloom gloom
innovation innovation
hierarchy hierarchy
affect affect
nominate nominate
pursuit pursuit
sit sit
freedom freedom
consideration consideration
line line
sacrifice sacrifice
wear wear
brain brain
attractive attractive
admiration admiration
title title
fairy fairy
minor minor
aspect aspect
row row
linger linger
category category
mud mud
leadership leadership
lot lot
appearance appearance
engineer engineer
reflection reflection
overlook overlook
park park
physical physical
float float
literature literature
