paint wooden stink same floor diligent measure nutty indicate imported thumb glamorous ray desire inherit rake blade route slam complain learning determine finish ice fetch ambiguous paint
25
paint paint
wooden wooden
stink stink
same same
floor floor
diligent diligent
measure measure
nutty nutty
indicate indicate
imported imported
thumb thumb
glamorous glamorous
ray ray
desire desire
inherit inherit
rake rake
blade blade
route route
slam slam
complain complain
learning learning
determine determine
finish finish
ice ice
ambiguous ambiguous
