188645 31D332 7BF2B5 37F745 7BF2B5 784F83 7BF2B5 09A4FD 8D0852 B86446 4FBDE1 B86446 31D332 DD2694 31D332 B0C7A5 E09D29 C98FE7 A5CCB5 DBDC9A 94D700 DBDC9A A7E9D9 B7B073 657F93 B833F0 FA567E 0FB66D CEAE00 539A92 EC05F7 FD1783 EC05F7 29B2A4 724A76 ACB11D D01E6B ACB11D 800641 35FF16 500783 35FF16 E0E349 B3243F 1276AF B3243F 628AB2 D04F40 9B9BDD 2F1AB5 2EA2EE E954F7 2EA2EE 84EBFF 0FBCDC 0A5C0E 0FBCDC 7E5598 3B1041 7E5598 AFF8D1 36D08C 6D778A 36D08C 567883 44716B 143B88 07D80A C0766C 3AA8C5 EF4D57 CB09C0 2C101C 35F60D 61EDA9 3ADA02 D5356A 3ADA02 61EDA9 4B39CA 19FFAB 0801CC 9B0EC2 0801CC D443EB D7CAF9 825884 48C2D5 298FDD FF8D45 298FDD 410DA1 70146D 7E18E9 70146D 35F60D AA8E14 35F60D 35FF16 A5CCB5 DBDC9A 994F93 DBDC9A A7E9D9 0D7DE7 467AB7 0D7DE7 FA567E 0FB66D 188645
50
188645 188645
37F745 37F745
784F83 784F83
8D0852 8D0852
4FBDE1 4FBDE1
DD2694 DD2694
E09D29 E09D29
C98FE7 C98FE7
A5CCB5 A5CCB5
DBDC9A DBDC9A
94D700 94D700
A7E9D9 A7E9D9
B7B073 B7B073
B833F0 B833F0
0FB66D 0FB66D
539A92 539A92
FD1783 FD1783
29B2A4 29B2A4
724A76 724A76
D01E6B D01E6B
800641 800641
500783 500783
1276AF 1276AF
628AB2 628AB2
D04F40 D04F40
9B9BDD 9B9BDD
E954F7 E954F7
84EBFF 84EBFF
0FBCDC 0FBCDC
0A5C0E 0A5C0E
3B1041 3B1041
AFF8D1 AFF8D1
6D778A 6D778A
44716B 44716B
07D80A 07D80A
EF4D57 EF4D57
CB09C0 CB09C0
2C101C 2C101C
3ADA02 3ADA02
D5356A D5356A
19FFAB 19FFAB
9B0EC2 9B0EC2
D443EB D443EB
D7CAF9 D7CAF9
48C2D5 48C2D5
FF8D45 FF8D45
7E18E9 7E18E9
AA8E14 AA8E14
994F93 994F93
467AB7 467AB7
