engine guest flight drawer light volume promotion member business space office standard understanding situation secretary piano speech meal teaching model chapter politics beginning worker time teacher beer card choice machine reputation tax leadership departure preparation birth aspect class emphasis age significance money grandmother satisfaction failure interaction two view performance difficulty eye accident editor data mind step moment fact sympathy country funeral engineering director area problem buyer section song figure measurement error source energy war tooth process tension ear clothes answer singer police tool education variation drawing side ratio analyst delivery town idea engine menu bus material dirt sport series girl temperature dealer work engine
100
engine engine
flight flight
drawer drawer
light light
volume volume
promotion promotion
member member
business business
space space
office office
standard standard
understanding understanding
situation situation
secretary secretary
piano piano
speech speech
meal meal
teaching teaching
model model
chapter chapter
politics politics
beginning beginning
worker worker
time time
teacher teacher
beer beer
card card
choice choice
machine machine
reputation reputation
tax tax
leadership leadership
departure departure
preparation preparation
birth birth
aspect aspect
class class
emphasis emphasis
age age
significance significance
money money
grandmother grandmother
satisfaction satisfaction
failure failure
interaction interaction
two two
view view
performance performance
difficulty difficulty
eye eye
accident accident
editor editor
data data
mind mind
step step
moment moment
fact fact
sympathy sympathy
country country
funeral funeral
engineering engineering
director director
area area
problem problem
buyer buyer
section section
song song
figure figure
measurement measurement
error error
source source
energy energy
war war
tooth tooth
process process
tension tension
ear ear
clothes clothes
answer answer
singer singer
police police
tool tool
education education
variation variation
drawing drawing
side side
ratio ratio
analyst analyst
delivery delivery
town town
idea idea
menu menu
bus bus
material material
dirt dirt
sport sport
series series
girl girl
temperature temperature
dealer dealer
