S GJ CW AN X AW W B E C D Q J O U L AF P AT CT Y AY Z V F CD G BF CB BW M AP A N R T BK AC CK H CP I AZ K CL AB AA BR AD AN AE Q AG AN AH AN AI AN AJ AN AK AN AL AN AM AN AO Q AQ Q AR Q AS Q AU AN AV AN AX Q BA Q BB Q BC AN BD AN BE AN BG Q BH Q BI Q BJ Q BL Q BM AN BN AN BO AN BP AN BQ Q BS Q BT AN BU AN BV Q BX AN BY AW BZ AW CA AW CC AW CE AN CF AN CH AN CI AN CJ AW CM AW CN AN CO AN CQ Q CR AW CS AW CU AW CV GJ S
100
S S
CW CW
AN AN
X X
AW AW
W W
B B
E E
C C
D D
Q Q
J J
O O
U U
L L
AF AF
P P
AT AT
CT CT
Y Y
AY AY
Z Z
V V
F F
CD CD
G G
BF BF
CB CB
BW BW
M M
AP AP
A A
N N
R R
T T
BK BK
AC AC
CK CK
H H
CP CP
I I
AZ AZ
K K
CL CL
AB AB
AA AA
BR BR
AD AD
AE AE
AG AG
AH AH
AI AI
AJ AJ
AK AK
AL AL
AM AM
AO AO
AQ AQ
AR AR
AS AS
AU AU
AV AV
AX AX
BA BA
BB BB
BC BC
BD BD
BE BE
BG BG
BH BH
BI BI
BJ BJ
BL BL
BM BM
BN BN
BO BO
BP BP
BQ BQ
BS BS
BT BT
BU BU
BV BV
BX BX
BY BY
BZ BZ
CA CA
CC CC
CE CE
CF CF
CH CH
CI CI
CJ CJ
CM CM
CN CN
CO CO
CQ CQ
CR CR
CS CS
CU CU
CV CV
