Wheeler Doe Campanile LeConte Campbell Haviland Memorial McLaughlin South Stephens Moses Stephens HearstAnnex Anthony GBC WayWest Warren Hearst Davis Hearst Cafe3 Cloyne WayWest Ippuku Metropolitan FallRush Bongo BigC Pavilion PeoplePark Pavilion Simons Koja Legends Koja TriDelta Koja LaNote Unit2 LaNote Simons Pavilion BigC McCone Baker FSM Faculty Haas Stonefire Koshland RSF Koshland Haviland Memorial McLaughlin Memorial IHouse Memorial Haviland Campbell Birge LeConte Dwinelle Wheeler Sproul Wheeler Evans Morrison Hertz Kroeber Wurster Boalt Wurster Kroeber Lewis Greek Bechtel Jacobs Cory Greek Morrison Evans Latimer Etcheverry VLSB Moffitt Soda Sather Martinez Sather Unit3 Sather Barker Sather OCF Sather Soda Cheit Soda Etcheverry Latimer Stanley Foothill Stanley Latimer Evans Wheeler Doe Campanile LeConte Campbell Haviland Memorial Minor Maxwell MemorialStadium Hargrove MemorialStadium Maxwell Minor Haas Faculty FSM Baker McCone CKerr McCone Baker CZ Fiji CZ Baker FSM Faculty Haas Minor Memorial Haviland Campbell LeConte Campanile Doe Wheeler
36
Moses Moses
Anthony Anthony
Warren Warren
Hearst Hearst
Davis Davis
Cloyne Cloyne
Metropolitan Metropolitan
PeoplePark PeoplePark
Legends Legends
TriDelta TriDelta
Unit2 Unit2
Baker Baker
Haas Haas
Stonefire Stonefire
RSF RSF
McLaughlin McLaughlin
IHouse IHouse
Birge Birge
Dwinelle Dwinelle
Sproul Sproul
Morrison Morrison
Kroeber Kroeber
Boalt Boalt
Bechtel Bechtel
Jacobs Jacobs
Etcheverry Etcheverry
Moffitt Moffitt
Martinez Martinez
Unit3 Unit3
Barker Barker
OCF OCF
Cheit Cheit
Foothill Foothill
Hargrove Hargrove
CKerr CKerr
Fiji Fiji
