Bowles Birge Bechtel Cory Stanley LeConte ALS LeConte VLSB Boalt VLSB LeConte RSF LeConte Campanile Bongo ShengKee Bongo Artichokes Cheeseboard Artichokes Bongo Campanile LeConte Stanley Moses Wellman Sutardja Wellman Moses Greek Unit2 Wolf StrawberryCreek Wilde Bechtel Birge Bechtel Baker Daiso Baker Simons Baker Strada RoseGarden Strada Baker Bechtel Cory Extension Cory Stanley Campbell Doe Campbell Koshland Campbell Stanley LeConte VLSB Boalt Kresge PeoplesPark Kresge Castro Kresge Boalt VLSB Chez NorthGate Chez VLSB LeConte Campanile Wurster Zellerbach Wurster McCone Spats Stonefire PiLambda PiAlphaPhi PiLambda Stonefire Spats McCone Wurster Campanile LeConte Stanley Moses RareTea Gypsys RareTea Moses Greek Stebbins Safeway Warren Tan Hargrove BearFoodCourt SigmaPhiOmega Evan Blackwell McLaughlin GenPlantBio McLaughlin Blackwell Evan Moffitt Cloyne Moffitt Evan Jacob Foothill Davis Browns Davis Hildebrand YogurtPark Hildebrand Davis Foothill Unit1 Foothill Dwinelle Haas Crossroads Haas Pavilion Haas Crossroads Lawrence UCTheatre NCEM UCTheatre Lawrence Crossroads Haas Dwinelle HearstAnnex Lothlorien HearstAnnex Dwinelle Foothill Haviland Morgan Martinez Morgan Haviland Foothill Jacob TopDog GammaPhiBeta TopDog Starbucks Chipotle MFoundry Chipotle Starbucks TopDog Fenwick Barker Fenwick TopDog Jacob Hertz CVStarr Unit3 CKerr WayWest CKerr Ridge CKerr Unit3 CVStarr Hertz Jacob Hearst MLK Latimer Mulford Crescent Mulford Latimer Edwards Easterly Edwards Latimer MLK Rochdale MLK Latimer Mulford Bowles Calvin Etcheverry Calvin Bowles LaVals Bowles Calvin Graduate Calvin Bowles Birge Bechtel Minor Memorial TacoBell Memorial Maxwell Barrows Maxwell Memorial AlphaSigmaPhi Memorial Marugame SigmaOmicronPi Moses Pimentel Stacks Sherman Stacks Pimentel Moses Greek Unit2 Milano IndianRock Milano Unit2 Greek Moses Stanley Cory Bechtel Birge Bowles
80
ALS ALS
VLSB VLSB
Boalt Boalt
RSF RSF
Campanile Campanile
Bongo Bongo
ShengKee ShengKee
Cheeseboard Cheeseboard
Moses Moses
Wellman Wellman
Sutardja Sutardja
Greek Greek
Unit2 Unit2
Wolf Wolf
StrawberryCreek StrawberryCreek
Wilde Wilde
Birge Birge
Baker Baker
Daiso Daiso
Simons Simons
Strada Strada
RoseGarden RoseGarden
Extension Extension
Campbell Campbell
Doe Doe
Koshland Koshland
Kresge Kresge
PeoplesPark PeoplesPark
Castro Castro
NorthGate NorthGate
Wurster Wurster
Zellerbach Zellerbach
Spats Spats
PiLambda PiLambda
PiAlphaPhi PiAlphaPhi
Gypsys Gypsys
Safeway Safeway
BearFoodCourt BearFoodCourt
Evan Evan
Blackwell Blackwell
GenPlantBio GenPlantBio
Cloyne Cloyne
Foothill Foothill
Browns Browns
Hildebrand Hildebrand
YogurtPark YogurtPark
Unit1 Unit1
Haas Haas
Crossroads Crossroads
Pavilion Pavilion
UCTheatre UCTheatre
NCEM NCEM
HearstAnnex HearstAnnex
Lothlorien Lothlorien
Morgan Morgan
Martinez Martinez
GammaPhiBeta GammaPhiBeta
Chipotle Chipotle
MFoundry MFoundry
Barker Barker
Unit3 Unit3
CKerr CKerr
WayWest WayWest
Ridge Ridge
Mulford Mulford
Crescent Crescent
Edwards Edwards
Easterly Easterly
Rochdale Rochdale
Calvin Calvin
Etcheverry Etcheverry
LaVals LaVals
Graduate Graduate
TacoBell TacoBell
Maxwell Maxwell
Barrows Barrows
AlphaSigmaPhi AlphaSigmaPhi
Stacks Stacks
Sherman Sherman
IndianRock IndianRock
