0 8 31 20 31 10 70 58 74 58 71 58 53 50 54 59 77 59 78 59 54 50 52 56 66 98 66 97 66 56 65 95 65 96 65 94 65 56 67 56 52 50 0 45 42 45 21 45 0 8 48 26 44 33 39 33 23 25 55 62 55 63 55 60 55 62 87 62 55 61 84 61 83 61 55 64 90 32 34 32 90 64 92 64 93 64 55 25 14 11 25 15 35 15 25 19 25 2 25 37 12 29 41 42 40 42 6 58 73 58 53 50 0 5 13 49 13 5 0
50
31 31
20 20
10 10
70 70
74 74
71 71
54 54
59 59
77 77
78 78
52 52
66 66
98 98
97 97
95 95
96 96
94 94
67 67
45 45
42 42
21 21
48 48
26 26
33 33
39 39
23 23
25 25
55 55
62 62
63 63
60 60
87 87
84 84
83 83
90 90
32 32
34 34
92 92
93 93
14 14
11 11
35 35
19 19
2 2
37 37
12 12
41 41
40 40
73 73
49 49
