0 100 101 112 179 112 182 112 180 112 101 117 101 100 105 138 105 100 0 17 68 17 13 17 70 65 70 17 77 22 77 17 35 31 53 89 26 89 1 89 31 25 24 25 59 25 31 3 4 96 4 63 4 14 11 58 11 55 11 3 51 3 29 75 18 75 28 75 54 3 4 87 4 49 4 3 56 3 0 100 104 136 104 100 103 128 103 130 103 127 103 100 102 124 102 118 102 123 102 121 102 100 106 145 106 146 106 147 106 149 106 142 106 144 106 100 107 152 107 153 107 151 107 100 101 113 189 113 188 113 101 109 167 109 101 116 198 116 101 115 196 115 194 115 101 110 169 110 168 110 172 110 171 110 175 110 173 110 101 111 177 111 178 111 101 108 158 108 156 108 160 108 154 108 101 100 0 17 68 44 68 17 5 42 5 86 90 86 10 83 10 99 10 20 43 20 86 85 98 86 81 82 81 62 12 57 21 57 31 64 72 64 7 35 17 80 66 80 17 0
100
179 179
112 112
182 182
180 180
101 101
117 117
100 100
105 105
138 138
17 17
68 68
13 13
70 70
65 65
77 77
22 22
35 35
31 31
53 53
89 89
26 26
1 1
25 25
24 24
59 59
4 4
96 96
63 63
14 14
58 58
55 55
51 51
29 29
75 75
18 18
28 28
54 54
87 87
49 49
56 56
104 104
136 136
128 128
130 130
127 127
102 102
124 124
118 118
123 123
121 121
106 106
145 145
146 146
147 147
149 149
142 142
144 144
152 152
153 153
151 151
113 113
189 189
188 188
109 109
167 167
198 198
196 196
194 194
169 169
168 168
172 172
171 171
175 175
173 173
177 177
178 178
158 158
156 156
160 160
154 154
44 44
5 5
42 42
86 86
90 90
10 10
83 83
99 99
20 20
43 43
85 85
98 98
81 81
82 82
62 62
57 57
21 21
72 72
7 7
66 66
