86 128 42 199 42 1 60 8 78 14 78 71 67 2 171 10 103 5 3 11 3 19 180 26 9 13 9 110 9 181 143 6 143 48 61 30 79 21 79 137 79 187 35 68 22 102 38 20 36 134 44 108 94 114 52 114 54 171 75 63 74 63 145 7 45 180 53 180 66 60 87 127 72 95 57 7 101 147 73 58 28 58 93 190 64 103 117 70 107 61 51 61 69 61 15 122 49 125 86 120 186 139 47 41 47 20 82 20 38 135 76 111 113 147 91 136 89 62 84 88 27 88 151 17 151 160 131 121 131 126 37 97 127 92 182 100 68 90 68 159 111 129 118 55 132 167 140 147 138 12 123 12 149 166 154 180 106 180 161 150 95 148 78 116 133 152 133 39 156 39 177 39 172 56 172 81 157 32 175 166 183 25 153 25 158 147 169 147 184 161 163 7 23 185 43 192 67 198 67 114 105 114 29 186 196 99 167 65 146 65 167 130 4 179 4 31 115 98 173 98 115 182 96 174 96 182 92 127 151 80 194 80 151 192 62 104 24 168 189 168 24 104 61 71 67 86
100
199 199
1 1
8 8
14 14
71 71
2 2
10 10
5 5
11 11
19 19
26 26
13 13
110 110
181 181
6 6
48 48
30 30
21 21
137 137
35 35
22 22
38 38
36 36
44 44
94 94
52 52
54 54
75 75
74 74
145 145
45 45
53 53
66 66
87 87
72 72
57 57
101 101
73 73
28 28
93 93
64 64
117 117
107 107
51 51
69 69
122 122
125 125
120 120
139 139
41 41
82 82
76 76
113 113
91 91
89 89
84 84
27 27
17 17
160 160
121 121
126 126
97 97
92 92
100 100
90 90
159 159
129 129
132 132
140 140
138 138
123 123
149 149
154 154
106 106
150 150
148 148
116 116
152 152
156 156
177 177
56 56
157 157
175 175
183 183
153 153
158 158
169 169
184 184
163 163
185 185
192 192
198 198
105 105
196 196
146 146
179 179
173 173
174 174
194 194
189 189
