110 40 30 170 14 193 123 43 101 121 140 6 131 51 141 83 5 161 56 50 96 53 52 19 165 22 18 182 85 87 66 60 100 124 81 159 38 142 13 160 189 178 148 74 172 92 169 197 54 73 47 45 76 94 20 41 25 192 98 11 176 171 39 55 138 3 127 122 190 145 67 15 163 132 91 195 77 168 44 72 64 152 199 103 26 90 28 29 154 0 107 147 126 149 79 36 1 175 99 181 110
100
110 110
40 40
30 30
170 170
14 14
193 193
123 123
43 43
101 101
121 121
140 140
6 6
131 131
51 51
141 141
83 83
5 5
161 161
56 56
50 50
96 96
53 53
52 52
19 19
165 165
22 22
18 18
182 182
85 85
87 87
66 66
60 60
100 100
124 124
81 81
159 159
38 38
142 142
13 13
160 160
189 189
178 178
148 148
74 74
172 172
92 92
169 169
197 197
54 54
73 73
47 47
45 45
76 76
94 94
20 20
41 41
25 25
192 192
98 98
11 11
176 176
171 171
39 39
55 55
138 138
3 3
127 127
122 122
190 190
145 145
67 67
15 15
163 163
132 132
91 91
195 195
77 77
168 168
44 44
72 72
64 64
152 152
199 199
103 103
26 26
90 90
28 28
29 29
154 154
0 0
107 107
147 147
126 126
149 149
79 79
36 36
1 1
175 175
99 99
181 181
