1 198 200 33 21 31 49 20 6 26 8 2 44 37 9 41 47 16 3 13 34 42 84 10 51 55 35 50 27 36 75 68 61 57 88 56 58 81 53 60 74 86 69 59 82 70 89 87 99 102 92 77 101 83 80 126 110 131 140 106 85 111 129 144 95 159 130 137 151 116 138 97 143 162 124 127 169 103 176 171 136 156 141 165 164 167 150 184 182 189 157 174 161 133 139 198 56 177 193 8 1
97
1 1
200 200
33 33
21 21
31 31
49 49
20 20
6 6
26 26
8 8
2 2
44 44
37 37
9 9
41 41
47 47
16 16
3 3
13 13
34 34
42 42
84 84
10 10
51 51
55 55
35 35
50 50
27 27
36 36
75 75
68 68
61 61
57 57
88 88
56 56
58 58
81 81
53 53
60 60
74 74
86 86
69 69
59 59
82 82
70 70
89 89
87 87
99 99
102 102
92 92
77 77
101 101
83 83
80 80
126 126
110 110
131 131
140 140
106 106
85 85
111 111
129 129
144 144
95 95
159 159
130 130
137 137
151 151
116 116
138 138
97 97
143 143
162 162
124 124
127 127
169 169
103 103
176 176
171 171
136 136
156 156
141 141
165 165
164 164
167 167
150 150
184 184
182 182
189 189
157 157
174 174
161 161
133 133
139 139
198 198
177 177
193 193
