142 121 137 66 44 66 137 121 137 135 97 135 171 140 171 63 131 35 131 63 171 140 129 140 30 139 153 181 91 181 153 23 153 181 151 144 151 93 118 38 197 12 126 177 16 193 60 124 60 78 186 55 186 17 6 103 28 9 33 133 41 152 68 192 150 21 157 21 150 99 141 65 130 58 147 27 72 145 139 153 181 18 70 92 9 14 134 52 178 195 158 69 64 122 128 75 79 89 85 187 132 39 115 5 185 22 149 26 0 183 190 118 93 151 167 151 159 45 8 31 8 163 100 34 175 130 58 121 137 66 106 127 106 111 90 143 77 160 108 148 46 4 174 3 91 181 18 103 28 9 136 47 7 47 62 107 137 48 76 48 137 121 142
60
44 44
137 137
121 121
97 97
140 140
63 63
35 35
129 129
30 30
181 181
91 91
23 23
151 151
144 144
93 93
38 38
197 197
177 177
16 16
60 60
124 124
186 186
55 55
33 33
133 133
41 41
150 150
21 21
157 157
141 141
58 58
145 145
70 70
14 14
178 178
195 195
158 158
69 69
64 64
89 89
39 39
115 115
22 22
183 183
167 167
159 159
31 31
34 34
106 106
127 127
90 90
77 77
108 108
46 46
4 4
174 174
3 3
7 7
48 48
76 76
