149 100 76 96 16 59 75 68 14 24 97 48 36 42 69 72 57 63 60 19 41 67 50 30 62 95 91 82 77 98 86 15 27 93 94 31 39 87 54 88 71 61 9 46 73 58 12 65 40 3 26 49 52 13 56 90 10 5 25 6 11 28 33 66 64 7 79 29 43 23 99 74 51 20 80 45 2 4 18 37 44 55 38 22 84 47 8 35 17 78 53 81 70 92 32 85 21 34 83 1 89 149
100
100 100
76 76
96 96
16 16
59 59
75 75
68 68
14 14
24 24
97 97
48 48
36 36
42 42
69 69
72 72
57 57
63 63
60 60
19 19
41 41
67 67
50 50
30 30
62 62
95 95
91 91
82 82
77 77
98 98
86 86
15 15
27 27
93 93
94 94
31 31
39 39
87 87
54 54
88 88
71 71
61 61
9 9
46 46
73 73
58 58
12 12
65 65
40 40
3 3
26 26
49 49
52 52
13 13
56 56
90 90
10 10
5 5
25 25
6 6
11 11
28 28
33 33
66 66
64 64
7 7
79 79
29 29
43 43
23 23
99 99
74 74
51 51
20 20
80 80
45 45
2 2
4 4
18 18
37 37
44 44
55 55
38 38
22 22
84 84
47 47
8 8
35 35
17 17
78 78
53 53
81 81
70 70
92 92
32 32
85 85
21 21
34 34
83 83
1 1
89 89
