azv ivp zuz lmh gfr uyd rfl vxn rov cvb rcw uua qzx hlc hwc scm aur pzr hob wcd hob hsi ctf gei cim cwq brw cwq gcw mtd ipq yfq ncc vfq eqa mis boc mpw cib ufa txp sau qzx jvc ryg hcc ovx ijd dqy jwx yvc wpu yiy hip hyb xie oqv rti azv
50
azv azv
ivp ivp
zuz zuz
lmh lmh
gfr gfr
uyd uyd
rfl rfl
vxn vxn
rov rov
rcw rcw
uua uua
qzx qzx
hlc hlc
hwc hwc
scm scm
aur aur
pzr pzr
wcd wcd
hsi hsi
ctf ctf
gei gei
cim cim
cwq cwq
brw brw
gcw gcw
mtd mtd
ipq ipq
yfq yfq
ncc ncc
vfq vfq
eqa eqa
mis mis
boc boc
mpw mpw
cib cib
ufa ufa
sau sau
jvc jvc
hcc hcc
ovx ovx
ijd ijd
dqy dqy
jwx jwx
yvc yvc
yiy yiy
hip hip
hyb hyb
xie xie
oqv oqv
rti rti
