Potrero Woffard Merced Oceanside Chinese Fremont Clayton Calaveras Meyers All 18th Smoke Balsdon Fiorini Carmel Richvale Ames Santa Warner Linden Banning Boulevard Laguna Hume Richvale Ida Meyers Potrero
25
Potrero Potrero
Woffard Woffard
Merced Merced
Oceanside Oceanside
Chinese Chinese
Fremont Fremont
Clayton Clayton
Calaveras Calaveras
Meyers Meyers
All All
18th 18th
Smoke Smoke
Balsdon Balsdon
Fiorini Fiorini
Carmel Carmel
Richvale Richvale
Ames Ames
Santa Santa
Warner Warner
Linden Linden
Banning Banning
Boulevard Boulevard
Laguna Laguna
Hume Hume
Ida Ida
