Ippudo Platano Soda HildebrandHall TPTea Campanile Cornerstone UrbanOutfitters AndrewsApartment Flavia UCafe UniversityVillage Fengcha Ikes Eureka Ikes Gongcha Ikes Fengcha UniversityVillage TToust BobaNinja TennisCourts TPTea TennisCourts BancroftLibrary Cheeseboard BancroftLibrary TennisCourts BobaNinja TToust Crossroads SouthHall Ucha YogurtPark OptometryBuilding LaBurrita Chipotle HearstMining Campbell MemorialGlade Campbell EastAsianLibrary LittleCampanile EastAsianLibrary Campbell HearstMining Chipotle Yifang NorthHall DavisHall TukTukThai BSC ClarkKerr Stern HortonHall Underhill Homeroom TheHabit FireTrails MulfordHall FireTrails BrandyMelville ThaiBasil HesseHall EastBaySpiceCompany HesseHall Kips Muraccis Kips HesseHall EastBaySpiceCompany GSPP Wheeler Bonchon HavilandHall UdupiPalace GrizzlyPeak AmoebaMusic SnackShack Artichokes LowerSproul Shengkee HortonHall Underhill SteamTrains JambaJuice SteamTrains KroeberHall SteamTrains JambaJuice Doe ThaiNoodle Cafe3 LeConte AshaTeaHouse Bowles Namaste StrawberryCreek Morganhall Jupiter TopDog Jupiter LatimerHall Tilden Gather TraderJoes YogurtPark GreatChina SatherGate GreatChina YogurtPark LaVals Target LaVals YogurtPark Toss LaNote TacoBell LaNote ExtremePizza Cafe3 LewisHall SmokesPoutinerie TheDwight SmokesPoutinerie Flavia AndrewsApartment UrbanOutfitters Cornerstone Campanile ChezPanisse Campanile LeConte Wikiwiki NoodleGirl Teazone NoodleGirl Unit3 LaBurrita BerkeleyBart HappyLemon BerkeleyBart SproulHall BerkeleyBart BigC TenderGreens BigC BerkeleyBart Barrows Safeway BerkeleyThaiHouse SutardjaDai Rachas NatApartment BetaLounge Ikes Fengcha UniversityVillage TToust ImmThai BobbyGPizza InternationalHouse Raretea InternationalHouse BobbyGPizza Marugame Gadani HalalGuys Gadani CaliforniaHall HearstGym WursterHall Spats WursterHall HearstGym Flavia PurpleKow PeoplesCafe SweetheartCafe Ikes Eureka Ikea Milkbomb Blackwell SuperDuperBurgers Pappys HearstAnnex McDonalds Morrisonhall McDonalds ZellerbachHall Tzone Moffit Mezzo BerkeleyArtStudio SaturnCafe BerkeleyArtStudio Quicklys Firewings TopDog Jupiter LatimerHall Tilden Cinnaholic TripleRock Cinnaholic Slivers Cinnaholic DavisHall TukTukThai Venus TukTukThai BSC ClarkKerr Plentea PokeBar WindmillCoffee LittleCampanile EastAsianLibrary Gypsys Platano Soda HildebrandHall NatApartment Rachas LiKaShing BanshoRamen LiKaShing Rachas NatApartment HildebrandHall Soda Platano Ippudo
100
UrbanOutfitters UrbanOutfitters
AndrewsApartment AndrewsApartment
UCafe UCafe
Fengcha Fengcha
Ikes Ikes
Eureka Eureka
Gongcha Gongcha
BobaNinja BobaNinja
TPTea TPTea
Cheeseboard Cheeseboard
Crossroads Crossroads
Ucha Ucha
OptometryBuilding OptometryBuilding
LaBurrita LaBurrita
Chipotle Chipotle
MemorialGlade MemorialGlade
EastAsianLibrary EastAsianLibrary
LittleCampanile LittleCampanile
Yifang Yifang
NorthHall NorthHall
TukTukThai TukTukThai
BSC BSC
ClarkKerr ClarkKerr
HortonHall HortonHall
Underhill Underhill
Homeroom Homeroom
TheHabit TheHabit
MulfordHall MulfordHall
ThaiBasil ThaiBasil
EastBaySpiceCompany EastBaySpiceCompany
Kips Kips
Muraccis Muraccis
Wheeler Wheeler
Bonchon Bonchon
GrizzlyPeak GrizzlyPeak
AmoebaMusic AmoebaMusic
SnackShack SnackShack
Artichokes Artichokes
LowerSproul LowerSproul
Shengkee Shengkee
JambaJuice JambaJuice
KroeberHall KroeberHall
ThaiNoodle ThaiNoodle
Cafe3 Cafe3
AshaTeaHouse AshaTeaHouse
Namaste Namaste
StrawberryCreek StrawberryCreek
Morganhall Morganhall
Jupiter Jupiter
TopDog TopDog
LatimerHall LatimerHall
Gather Gather
TraderJoes TraderJoes
GreatChina GreatChina
SatherGate SatherGate
Target Target
LaNote LaNote
TacoBell TacoBell
ExtremePizza ExtremePizza
LewisHall LewisHall
SmokesPoutinerie SmokesPoutinerie
TheDwight TheDwight
Cornerstone Cornerstone
ChezPanisse ChezPanisse
Wikiwiki Wikiwiki
Teazone Teazone
HappyLemon HappyLemon
SproulHall SproulHall
BigC BigC
TenderGreens TenderGreens
Safeway Safeway
Rachas Rachas
BetaLounge BetaLounge
ImmThai ImmThai
Raretea Raretea
Marugame Marugame
Gadani Gadani
HalalGuys HalalGuys
WursterHall WursterHall
Spats Spats
PeoplesCafe PeoplesCafe
SweetheartCafe SweetheartCafe
Milkbomb Milkbomb
SuperDuperBurgers SuperDuperBurgers
Pappys Pappys
McDonalds McDonalds
Morrisonhall Morrisonhall
Mezzo Mezzo
BerkeleyArtStudio BerkeleyArtStudio
SaturnCafe SaturnCafe
Quicklys Quicklys
Firewings Firewings
TripleRock TripleRock
Slivers Slivers
Venus Venus
Plentea Plentea
PokeBar PokeBar
Gypsys Gypsys
Platano Platano
BanshoRamen BanshoRamen
