Evans WursterHall KroeberHall Bowles HilgardHall Bowles Unit3 Bowles ZellerbachHall Bowles KroeberHall Barrows HortonHall MemorialStadium HortonHall UniversityVillage Yifang BerkeleyWayWest AlumniHouse ImmThai Blackwell Underhill RSF Firewings CaliforniaHall InternationalHouse SatherGate GreekTheatre CanyonPool GreekTheatre SatherGate GiauqueHall SatherGate Doe Plentea Soda Plentea SutardjaDai Plentea LatimerHall MLK Dwinelle ThaiNoodle Marugame Campanile Marugame Gilman BotanicalGardens ClarkKerr DavisHall LewisHall SproulHall Pappys Unit2 Stern Unit2 DurantHall Campbell Eshelman Campbell WursterHall Evans Cory Evans WursterHall Moffit LeConte Moffit SouthHall HesseHall SouthHall Milkbomb MemorialGlade Kresge MemorialGlade StrawberryCreek Unit1 HAAS Foothill HAAS BAMPFA Barrows KroeberHall Etcheverry KroeberHall Bowles Unit3 Spats Boalt Spats Unit3 NorthHall VLSB HavilandHall BancroftLibrary LawrenceHall BancroftLibrary HavilandHall VLSB HearstMining StrawberryCreek Plentea LatimerHall MLK HildebrandHall MLK Dwinelle ThaiNoodle Chipotle UCafe Yifang Raretea Wheeler UniversityVillage HortonHall Barrows KroeberHall WursterHall Evans
50
HilgardHall HilgardHall
Bowles Bowles
Unit3 Unit3
ZellerbachHall ZellerbachHall
Barrows Barrows
MemorialStadium MemorialStadium
UniversityVillage UniversityVillage
BerkeleyWayWest BerkeleyWayWest
AlumniHouse AlumniHouse
Blackwell Blackwell
RSF RSF
CaliforniaHall CaliforniaHall
InternationalHouse InternationalHouse
GreekTheatre GreekTheatre
CanyonPool CanyonPool
GiauqueHall GiauqueHall
Doe Doe
Soda Soda
SutardjaDai SutardjaDai
MLK MLK
Dwinelle Dwinelle
ThaiNoodle ThaiNoodle
Campanile Campanile
Gilman Gilman
BotanicalGardens BotanicalGardens
DavisHall DavisHall
Unit2 Unit2
Stern Stern
DurantHall DurantHall
Campbell Campbell
Eshelman Eshelman
Cory Cory
Moffit Moffit
LeConte LeConte
SouthHall SouthHall
HesseHall HesseHall
Kresge Kresge
Unit1 Unit1
HAAS HAAS
Foothill Foothill
BAMPFA BAMPFA
Etcheverry Etcheverry
Boalt Boalt
VLSB VLSB
HavilandHall HavilandHall
BancroftLibrary BancroftLibrary
LawrenceHall LawrenceHall
HearstMining HearstMining
HildebrandHall HildebrandHall
Wheeler Wheeler
