Horse0 Printer53 Mail88 Robot9 Mail88 Printer53 Whale59 Shower11 Settings5 Ring45 Breakfast74 Breakfast19 Soda57 Towel16 Breakfast42 Running77 Ring97 Allergies3 Flowers98 Solar58 Allergies3 Towel35 Water52 Cat13 Ice30 Allergies4 Ice30 Prints23 Website29 Shelf25 Whale22 Bird82 Dislike51 Plus62 Post61 Comics49 Dislike21 Shower15 Rollers34 Websites17 Leash89 Ice38 Male84 Leash68 Kitty14 Leash27 Monster39 Rollers48 Book41 Ice10 Toilet20 Bird93 Water66 BBQ86 Monster71 Websites81 Water83 Dislike70 Towel37 Shower11 Horse55 Allergies4 Floppy63 Horse0
50
Horse0 Horse0
Mail88 Mail88
Robot9 Robot9
Printer53 Printer53
Whale59 Whale59
Shower11 Shower11
Settings5 Settings5
Ring45 Ring45
Breakfast74 Breakfast74
Breakfast19 Breakfast19
Soda57 Soda57
Towel16 Towel16
Running77 Running77
Ring97 Ring97
Allergies3 Allergies3
Flowers98 Flowers98
Solar58 Solar58
Towel35 Towel35
Water52 Water52
Cat13 Cat13
Ice30 Ice30
Allergies4 Allergies4
Prints23 Prints23
Shelf25 Shelf25
Whale22 Whale22
Bird82 Bird82
Dislike51 Dislike51
Plus62 Plus62
Post61 Post61
Comics49 Comics49
Shower15 Shower15
Rollers34 Rollers34
Websites17 Websites17
Ice38 Ice38
Male84 Male84
Leash68 Leash68
Kitty14 Kitty14
Monster39 Monster39
Rollers48 Rollers48
Book41 Book41
Ice10 Ice10
Toilet20 Toilet20
Bird93 Bird93
Water66 Water66
BBQ86 BBQ86
Monster71 Monster71
Websites81 Websites81
Towel37 Towel37
Horse55 Horse55
Floppy63 Floppy63
