L glow cool hole re roll re years re hole game hole get hole shooting hole re shine re GeT re gAme Somebody gAme away gAme smart gAme Hey gAme doNt start doNt as doNt To doNt L YouLL L some L but L glow use glow cool COuld cool of cool it cool glow your glow skate glow L staR L doNt bundled doNt L
25
roll roll
years years
game game
get get
shooting shooting
shine shine
GeT GeT
Somebody Somebody
away away
smart smart
Hey Hey
start start
as as
To To
YouLL YouLL
some some
but but
use use
COuld COuld
of of
it it
your your
skate skate
staR staR
bundled bundled
