0 29 69 188 189 190 191 192 193 194 195 196 197 198 199 198 197 196 195 194 193 192 191 190 189 188 69 2 3 19 7 60 5 43 22 31 13 51 24 44 36 12 68 28 54 34 62 72 35 47 59 65 53 102 61 66 77 101 83 80 56 112 67 120 129 143 94 95 73 135 122 86 121 118 153 140 107 155 124 133 148 145 160 151 157 146 159 142 20 161 162 163 164 165 166 167 168 169 170 171 172 173 174 175 176 177 178 179 180 181 182 183 184 185 186 187 186 185 184 183 182 181 180 179 178 177 176 175 174 173 172 171 170 169 168 167 166 165 164 163 162 161 0
100
199 199
198 198
197 197
196 196
195 195
194 194
193 193
192 192
191 191
190 190
189 189
188 188
69 69
2 2
3 3
19 19
7 7
60 60
5 5
43 43
22 22
31 31
13 13
51 51
24 24
44 44
36 36
12 12
68 68
28 28
54 54
34 34
62 62
72 72
35 35
47 47
59 59
65 65
53 53
102 102
61 61
66 66
77 77
101 101
83 83
80 80
56 56
112 112
67 67
120 120
129 129
143 143
94 94
95 95
73 73
135 135
122 122
86 86
121 121
118 118
153 153
140 140
107 107
155 155
124 124
133 133
148 148
145 145
160 160
151 151
157 157
146 146
159 159
142 142
162 162
163 163
164 164
165 165
166 166
167 167
168 168
169 169
170 170
171 171
172 172
173 173
174 174
175 175
176 176
177 177
178 178
179 179
180 180
181 181
182 182
183 183
184 184
185 185
186 186
187 187
