hutmk rlfxc ijofp ywion ijvuq xeljy misyc lsnhz mlfbi oscrv xintv coubd tyuep cursl xnysi zsehb tiyfv lcghr yzaje ugyls vmgxh artvi abupm mzlsn spuoi vczkh ugamb lnfiu rlfxc ablxw yaxts dowbf omjfc gxdqt bcrwj otirh yiodb aeomh axmwy aqzce tejxc qdzgs hopbn urlkt hutmk
40
ijofp ijofp
ywion ywion
ijvuq ijvuq
xeljy xeljy
misyc misyc
lsnhz lsnhz
mlfbi mlfbi
oscrv oscrv
xintv xintv
coubd coubd
tyuep tyuep
cursl cursl
xnysi xnysi
zsehb zsehb
lcghr lcghr
yzaje yzaje
ugyls ugyls
vmgxh vmgxh
artvi artvi
mzlsn mzlsn
spuoi spuoi
vczkh vczkh
ugamb ugamb
lnfiu lnfiu
rlfxc rlfxc
ablxw ablxw
yaxts yaxts
dowbf dowbf
omjfc omjfc
gxdqt gxdqt
bcrwj bcrwj
otirh otirh
yiodb yiodb
aeomh aeomh
axmwy axmwy
aqzce aqzce
tejxc tejxc
qdzgs qdzgs
hopbn hopbn
urlkt urlkt
