Hayward Shreveport Reno Ogden Reno York Champaign Charlotte Lubbock Melbourne Torrance Brighton Oxnard SanBuenaventura Norwich Utica Anchorage OverlandPark Trenton Louisville Trenton Anaheim Columbus SantaClara VeroBeach Stamford Marysville Layton Marysville Stamford LasVegas Nashua Tyler Arvada Wilmington Vancouver GrandRapids SaintPaul Duluth Fullerton Flint Fullerton Youngstown SouthBend Bakersfield SouthBend Fresno Topeka Downey Burlington ElPaso ElMonte McAllen Elkhart Modesto PuntaGorda Hemet Mobile SanBernardino Pueblo SanBernardino PembrokePines Racine SantaClarita KansasCity CorpusChristi StPaul CathedralCity StPaul Savannah Lacey PortArthur RichmondCounty PortArthur Marina Frederick Marina Kissimmee Huntsville ThousandOaks PortSaintLucie Olympia PortSaintLucie ThousandOaks Cambridge PalmBay Hagerstown Plano Greenville OverlandPark Anchorage Mesquite Escondido Monroe Escondido Independence RoundLakeBeach Kalamazoo NewYork Tucson Deltona Salem Hampton Newark Hampton Gastonia CapeCoral Seaside Shreveport Hartford NorthLasVegas SterlingHeights Lafayette GreenBay Laredo Roseville Hialeah Albuquerque Torrance Eugene Boise Tacoma Merced Detroit BoiseCity Harrisburg HuntingtonBeach Sarasota Scranton Fairfield SantaBarbara NewYorkCity Henderson NewYorkCity Omaha Scottsdale Victorville Waterbury Newburgh Carrollton SiouxFalls Carrollton Visalia Concord NewportNews SimiValley Aberdeen Bryan HavredeGrace JohnsonCity HavredeGrace Bryan Birmingham Barnstable Youngstown Bethlehem Orem NewBedford SouthLyon Norwalk StLouis Sacramento Escondido Independence Cincinnati Murrieta Harlingen Springfield Spartanburg LakeCharles Boulder Louisville Bloomington CapeCoral Seaside Shreveport Hayward
100
Ogden Ogden
York York
Champaign Champaign
Charlotte Charlotte
Lubbock Lubbock
Melbourne Melbourne
Torrance Torrance
Oxnard Oxnard
SanBuenaventura SanBuenaventura
Norwich Norwich
Utica Utica
Anchorage Anchorage
OverlandPark OverlandPark
Louisville Louisville
Anaheim Anaheim
Columbus Columbus
SantaClara SantaClara
Stamford Stamford
Marysville Marysville
Layton Layton
LasVegas LasVegas
Nashua Nashua
Tyler Tyler
Arvada Arvada
Vancouver Vancouver
GrandRapids GrandRapids
SaintPaul SaintPaul
Duluth Duluth
Fullerton Fullerton
Flint Flint
Bakersfield Bakersfield
Fresno Fresno
Topeka Topeka
Downey Downey
Burlington Burlington
ElPaso ElPaso
McAllen McAllen
Elkhart Elkhart
Modesto Modesto
PuntaGorda PuntaGorda
Hemet Hemet
Mobile Mobile
Pueblo Pueblo
Racine Racine
CorpusChristi CorpusChristi
CathedralCity CathedralCity
Savannah Savannah
Lacey Lacey
RichmondCounty RichmondCounty
Marina Marina
Frederick Frederick
Kissimmee Kissimmee
Huntsville Huntsville
ThousandOaks ThousandOaks
Olympia Olympia
PalmBay PalmBay
Hagerstown Hagerstown
Plano Plano
Greenville Greenville
Mesquite Mesquite
Monroe Monroe
RoundLakeBeach RoundLakeBeach
Kalamazoo Kalamazoo
Tucson Tucson
Deltona Deltona
Salem Salem
Newark Newark
CapeCoral CapeCoral
Hartford Hartford
NorthLasVegas NorthLasVegas
GreenBay GreenBay
Laredo Laredo
Hialeah Hialeah
Albuquerque Albuquerque
Eugene Eugene
Boise Boise
Detroit Detroit
HuntingtonBeach HuntingtonBeach
Scranton Scranton
NewYorkCity NewYorkCity
Henderson Henderson
Omaha Omaha
Scottsdale Scottsdale
Waterbury Waterbury
Newburgh Newburgh
SiouxFalls SiouxFalls
NewportNews NewportNews
Aberdeen Aberdeen
HavredeGrace HavredeGrace
JohnsonCity JohnsonCity
Birmingham Birmingham
Barnstable Barnstable
Bethlehem Bethlehem
NewBedford NewBedford
StLouis StLouis
Cincinnati Cincinnati
Harlingen Harlingen
Spartanburg Spartanburg
LakeCharles LakeCharles
Bloomington Bloomington
