0 199 191 198 197 190 192 190 194 190 199 0 1 2 1 17 1 4 5 6 7 1 15 1 19 21 23 21 32 33 32 42 43 51 52 56 52 54 53 52 62 63 64 65 73 72 73 75 86 75 87 74 76 74 82 83 82 74 88 89 91 89 100 101 100 89 94 89 98 99 90 104 108 104 105 106 107 111 112 114 112 120 112 121 126 127 128 129 130 129 128 125 124 125 128 129 130 137 136 137 139 146 139 144 143 142 141 140 138 147 148 147 151 152 153 154 155 156 157 172 157 168 157 158 157 163 157 173 174 176 174 178 174 186 174 182 174 189 190 199 0 1 19 20 24 25 24 20 32 44 45 51 41 40 41 51 50 49 48 49 50 51 52 62 66 67 66 62 52 51 43 42 32 21 31 30 31 21 19 1 0
50
198 198
192 192
194 194
2 2
17 17
4 4
7 7
15 15
23 23
33 33
42 42
56 56
54 54
53 53
64 64
72 72
86 86
87 87
76 76
83 83
91 91
101 101
94 94
99 99
108 108
105 105
114 114
120 120
127 127
130 130
124 124
136 136
146 146
142 142
148 148
154 154
172 172
168 168
158 158
163 163
176 176
178 178
186 186
182 182
25 25
44 44
40 40
48 48
67 67
30 30
