MHnVCXOJJwOI GJubAWGDHDpt GoPPViXuIoMW phTlHtTwrYOU FhVNapbaoZOZ svpVoYHpEpjH crcFIKqbaYTC GLfJulJDWdHA SJPfUQrbAbqM jmWqilJNXyuV cXYRsTNMJDHO RWoTZCNhceUR NkzUoyRYPnbb KKNtdnAHmUpc SPoMbAzxrqrj ltlOmMSvjmIL bVDkAfQbeTmx YbGvPudTcbyh ilCjMogPnNTK NmmqQKqzdERM MlFqcqjWiUdI AZrILCuGwbtV YfpLHnDpSXzc UvfnFwkwYqFk oClepMbylsqk PCNGxUSnzrYJ JCPkGQQBkgge jUXDlSgJaReC MHnVCXOJJwOI
25
GoPPViXuIoMW GoPPViXuIoMW
phTlHtTwrYOU phTlHtTwrYOU
FhVNapbaoZOZ FhVNapbaoZOZ
svpVoYHpEpjH svpVoYHpEpjH
crcFIKqbaYTC crcFIKqbaYTC
GLfJulJDWdHA GLfJulJDWdHA
SJPfUQrbAbqM SJPfUQrbAbqM
jmWqilJNXyuV jmWqilJNXyuV
cXYRsTNMJDHO cXYRsTNMJDHO
RWoTZCNhceUR RWoTZCNhceUR
NkzUoyRYPnbb NkzUoyRYPnbb
KKNtdnAHmUpc KKNtdnAHmUpc
SPoMbAzxrqrj SPoMbAzxrqrj
ltlOmMSvjmIL ltlOmMSvjmIL
bVDkAfQbeTmx bVDkAfQbeTmx
YbGvPudTcbyh YbGvPudTcbyh
ilCjMogPnNTK ilCjMogPnNTK
NmmqQKqzdERM NmmqQKqzdERM
MlFqcqjWiUdI MlFqcqjWiUdI
AZrILCuGwbtV AZrILCuGwbtV
YfpLHnDpSXzc YfpLHnDpSXzc
UvfnFwkwYqFk UvfnFwkwYqFk
oClepMbylsqk oClepMbylsqk
PCNGxUSnzrYJ PCNGxUSnzrYJ
JCPkGQQBkgge JCPkGQQBkgge
