MfdzFvsdGbvl TNZEyWBHGREz EoEdLMroSPNp dDFWxTbuPymh NlmuUUVQUbgI QifLRRQkbeZy VyXrTLUcizAa GKWfMfVZxbJi FCrKCfVsEsBk pkzKsTORVYro UVLyMXgqTFaJ MLnLJmQHwuOS dFUHctNjrywb SojgLCNtJNvq ymJllvoAiAsf hCxjbMrSlUJQ noaMakAlHdwq pQCFwcmaYfTN uFHfCerNFIme GuSSYBNHDbKE rVqgoVgUmLRB deJmWrylVSGK mFYKjQfCsRtT MkUBuIisCVpZ AGbRQRBgaOdX ZjfLZjjegWJT PUcvIgREsriS QHpWWcCYavdw MOpktZzuQRCH jBrNTBMPxyQD tywOQDwDhjwZ arcJTkwUqbUy SgyAcloZDNJV AMizjBPjmCZd VARFNCcqfgIc DvRTDyBMOCbT DFscNnuMhxUC BkcPMTugAswL mtRsLIzrlNLu GemeldahvdVv buqjmAINqGzN PnbamVANEguC hLGIbMiwjPgd IHnRSACwPeSd PQTqeEtJjrHq axLiuEEXvnsQ RICmsRCgzRsB TbekQRoKcInv PvZWLvSzyZfH rrRAqFcoDYfk BbyhqvohDUZK aHWPEwFhStur plKUVNXwKfVb MfdzFvsdGbvl
50
EoEdLMroSPNp EoEdLMroSPNp
dDFWxTbuPymh dDFWxTbuPymh
NlmuUUVQUbgI NlmuUUVQUbgI
QifLRRQkbeZy QifLRRQkbeZy
VyXrTLUcizAa VyXrTLUcizAa
GKWfMfVZxbJi GKWfMfVZxbJi
FCrKCfVsEsBk FCrKCfVsEsBk
pkzKsTORVYro pkzKsTORVYro
UVLyMXgqTFaJ UVLyMXgqTFaJ
MLnLJmQHwuOS MLnLJmQHwuOS
dFUHctNjrywb dFUHctNjrywb
SojgLCNtJNvq SojgLCNtJNvq
ymJllvoAiAsf ymJllvoAiAsf
hCxjbMrSlUJQ hCxjbMrSlUJQ
noaMakAlHdwq noaMakAlHdwq
pQCFwcmaYfTN pQCFwcmaYfTN
uFHfCerNFIme uFHfCerNFIme
GuSSYBNHDbKE GuSSYBNHDbKE
rVqgoVgUmLRB rVqgoVgUmLRB
deJmWrylVSGK deJmWrylVSGK
mFYKjQfCsRtT mFYKjQfCsRtT
MkUBuIisCVpZ MkUBuIisCVpZ
AGbRQRBgaOdX AGbRQRBgaOdX
ZjfLZjjegWJT ZjfLZjjegWJT
PUcvIgREsriS PUcvIgREsriS
QHpWWcCYavdw QHpWWcCYavdw
MOpktZzuQRCH MOpktZzuQRCH
jBrNTBMPxyQD jBrNTBMPxyQD
tywOQDwDhjwZ tywOQDwDhjwZ
arcJTkwUqbUy arcJTkwUqbUy
SgyAcloZDNJV SgyAcloZDNJV
AMizjBPjmCZd AMizjBPjmCZd
VARFNCcqfgIc VARFNCcqfgIc
DvRTDyBMOCbT DvRTDyBMOCbT
DFscNnuMhxUC DFscNnuMhxUC
BkcPMTugAswL BkcPMTugAswL
mtRsLIzrlNLu mtRsLIzrlNLu
GemeldahvdVv GemeldahvdVv
buqjmAINqGzN buqjmAINqGzN
PnbamVANEguC PnbamVANEguC
hLGIbMiwjPgd hLGIbMiwjPgd
IHnRSACwPeSd IHnRSACwPeSd
PQTqeEtJjrHq PQTqeEtJjrHq
axLiuEEXvnsQ axLiuEEXvnsQ
RICmsRCgzRsB RICmsRCgzRsB
TbekQRoKcInv TbekQRoKcInv
PvZWLvSzyZfH PvZWLvSzyZfH
rrRAqFcoDYfk rrRAqFcoDYfk
BbyhqvohDUZK BbyhqvohDUZK
plKUVNXwKfVb plKUVNXwKfVb
