IvOdahrtFwzZ DiKlonktcqTP EwXugPkGUVkm nyTRNDRCsANl xXoCKkdkKAne hLCSOZLNEdhX YGzazHdyrGCd RGYiIUdVAiVL sTgUExIipvWV PFpQuVVRxbvV gkTmCiZxFrJw NMSHhfMtAJZb WWtfhwMSzfGW gJMLzBkWmUoV cpNycWVdmzHJ mZUBOQTZyXOM vkOqMvrCUWYf fiHhqLtPfdZy tARvBeqQDqSY HEwqlaeMfSzl oOIjuHJcVRiV yHOsEGOhjOLt sFSBpaJxLpBT TZmWJenJbEsV ZPYnROAizafx wHeDieHMYzAK oKIKkmsSWzmH nxbMBCPhfQij yFQWQWtUUMle lznMKRYSMheH XwPJYwaGcHxO uzYTzVwixczQ qFGlIHDqKyPA mgKEFEWheOqk yVSfaizVeLPT zCWezcJmUGqs KtoZVrQmJWki hPSXtHMMyKAK NxxrxPgsnMqG EOKLHvbbCToE dXlgwkdKhUmB EKWhDcEeEkGK nschEYWjrAsr ypApeqMQPnQA QxNjgiXciQma ybLCwZqVZKud WUqhotrexTBp JpwDMOwQmqOp YvLRANdegrdA qxhFFIUEfnzV ctZWqndwhbJm mvdksSctoMVi AoaIXEzdsCrm QFfSmYtuSTPl TTwdgXpOLyxF TglqUXfjbefC PKHkuTHeRXhO WRiugWLCujBI zcAOlsVDUDkc qlMzHEurfTvO WHSGrQQrrotE WnABnktZDxMx evRMhyiHKGXv gXcuqckdTdIP WsLfQLsirtHk wXjNgGRCXYRl cQFNlImsTWTM lRgeGnDJBtMa OIjApACwnyqG ppfBOAvWYXyJ pjemGRILnFei RQBxIsRWzmfl ocysUjOwnenm aXlcDzbXwAJW FkNlSGMBOUbz SKbQkQUhqQEt jXOmYlZmvqnI nKmMbiEuiffc UYTxhnOtiPHB zOkfhFVfOKVi AQgpWBullbIi touUfboeiIya quZcTYtpBjSn cRekprdsHHWw nlzJUuBrsbXD jXgKDXnEJsra IfTQNEFsiTgr IQvKLYGCcCbd fblrDraNAUxK aSpDrTbKBytW LNoKVqXhLEzn AhJBAeSEuUkL HVwGkspnDHbf IcNVObbuvzWY zypYDSZfKAvD ubtvaUeVUfmV QDhUZstsJKtV UGahWpWtmUQn GvyjKkGcUdcI QZQElPdcHxru JNoAmCxHcsYw IvOdahrtFwzZ
100
DiKlonktcqTP DiKlonktcqTP
EwXugPkGUVkm EwXugPkGUVkm
nyTRNDRCsANl nyTRNDRCsANl
xXoCKkdkKAne xXoCKkdkKAne
hLCSOZLNEdhX hLCSOZLNEdhX
YGzazHdyrGCd YGzazHdyrGCd
RGYiIUdVAiVL RGYiIUdVAiVL
sTgUExIipvWV sTgUExIipvWV
PFpQuVVRxbvV PFpQuVVRxbvV
gkTmCiZxFrJw gkTmCiZxFrJw
NMSHhfMtAJZb NMSHhfMtAJZb
WWtfhwMSzfGW WWtfhwMSzfGW
gJMLzBkWmUoV gJMLzBkWmUoV
cpNycWVdmzHJ cpNycWVdmzHJ
mZUBOQTZyXOM mZUBOQTZyXOM
vkOqMvrCUWYf vkOqMvrCUWYf
fiHhqLtPfdZy fiHhqLtPfdZy
tARvBeqQDqSY tARvBeqQDqSY
HEwqlaeMfSzl HEwqlaeMfSzl
oOIjuHJcVRiV oOIjuHJcVRiV
yHOsEGOhjOLt yHOsEGOhjOLt
sFSBpaJxLpBT sFSBpaJxLpBT
TZmWJenJbEsV TZmWJenJbEsV
ZPYnROAizafx ZPYnROAizafx
wHeDieHMYzAK wHeDieHMYzAK
oKIKkmsSWzmH oKIKkmsSWzmH
nxbMBCPhfQij nxbMBCPhfQij
yFQWQWtUUMle yFQWQWtUUMle
lznMKRYSMheH lznMKRYSMheH
XwPJYwaGcHxO XwPJYwaGcHxO
uzYTzVwixczQ uzYTzVwixczQ
qFGlIHDqKyPA qFGlIHDqKyPA
mgKEFEWheOqk mgKEFEWheOqk
yVSfaizVeLPT yVSfaizVeLPT
zCWezcJmUGqs zCWezcJmUGqs
KtoZVrQmJWki KtoZVrQmJWki
hPSXtHMMyKAK hPSXtHMMyKAK
NxxrxPgsnMqG NxxrxPgsnMqG
EOKLHvbbCToE EOKLHvbbCToE
dXlgwkdKhUmB dXlgwkdKhUmB
EKWhDcEeEkGK EKWhDcEeEkGK
nschEYWjrAsr nschEYWjrAsr
ypApeqMQPnQA ypApeqMQPnQA
QxNjgiXciQma QxNjgiXciQma
ybLCwZqVZKud ybLCwZqVZKud
WUqhotrexTBp WUqhotrexTBp
JpwDMOwQmqOp JpwDMOwQmqOp
YvLRANdegrdA YvLRANdegrdA
qxhFFIUEfnzV qxhFFIUEfnzV
ctZWqndwhbJm ctZWqndwhbJm
mvdksSctoMVi mvdksSctoMVi
AoaIXEzdsCrm AoaIXEzdsCrm
QFfSmYtuSTPl QFfSmYtuSTPl
TTwdgXpOLyxF TTwdgXpOLyxF
TglqUXfjbefC TglqUXfjbefC
PKHkuTHeRXhO PKHkuTHeRXhO
WRiugWLCujBI WRiugWLCujBI
zcAOlsVDUDkc zcAOlsVDUDkc
qlMzHEurfTvO qlMzHEurfTvO
WHSGrQQrrotE WHSGrQQrrotE
WnABnktZDxMx WnABnktZDxMx
evRMhyiHKGXv evRMhyiHKGXv
gXcuqckdTdIP gXcuqckdTdIP
WsLfQLsirtHk WsLfQLsirtHk
wXjNgGRCXYRl wXjNgGRCXYRl
cQFNlImsTWTM cQFNlImsTWTM
lRgeGnDJBtMa lRgeGnDJBtMa
OIjApACwnyqG OIjApACwnyqG
ppfBOAvWYXyJ ppfBOAvWYXyJ
pjemGRILnFei pjemGRILnFei
RQBxIsRWzmfl RQBxIsRWzmfl
ocysUjOwnenm ocysUjOwnenm
aXlcDzbXwAJW aXlcDzbXwAJW
FkNlSGMBOUbz FkNlSGMBOUbz
SKbQkQUhqQEt SKbQkQUhqQEt
jXOmYlZmvqnI jXOmYlZmvqnI
nKmMbiEuiffc nKmMbiEuiffc
UYTxhnOtiPHB UYTxhnOtiPHB
zOkfhFVfOKVi zOkfhFVfOKVi
AQgpWBullbIi AQgpWBullbIi
touUfboeiIya touUfboeiIya
quZcTYtpBjSn quZcTYtpBjSn
cRekprdsHHWw cRekprdsHHWw
nlzJUuBrsbXD nlzJUuBrsbXD
jXgKDXnEJsra jXgKDXnEJsra
IfTQNEFsiTgr IfTQNEFsiTgr
IQvKLYGCcCbd IQvKLYGCcCbd
fblrDraNAUxK fblrDraNAUxK
aSpDrTbKBytW aSpDrTbKBytW
LNoKVqXhLEzn LNoKVqXhLEzn
AhJBAeSEuUkL AhJBAeSEuUkL
HVwGkspnDHbf HVwGkspnDHbf
IcNVObbuvzWY IcNVObbuvzWY
zypYDSZfKAvD zypYDSZfKAvD
ubtvaUeVUfmV ubtvaUeVUfmV
QDhUZstsJKtV QDhUZstsJKtV
UGahWpWtmUQn UGahWpWtmUQn
GvyjKkGcUdcI GvyjKkGcUdcI
QZQElPdcHxru QZQElPdcHxru
JNoAmCxHcsYw JNoAmCxHcsYw
