Leah Jon Brian Russell Amanda Vicki Paula Kelly Jade Jordan Dylan Ruth Lisa David Javier Carol Jennifer Rachel April Gary Ryan Anthony Adrian Connie Alexander Megan Paula Michael Leah
25
Jon Jon
Brian Brian
Russell Russell
Amanda Amanda
Vicki Vicki
Paula Paula
Kelly Kelly
Jade Jade
Jordan Jordan
Dylan Dylan
Ruth Ruth
Lisa Lisa
David David
Javier Javier
Carol Carol
Jennifer Jennifer
Rachel Rachel
April April
Gary Gary
Ryan Ryan
Anthony Anthony
Adrian Adrian
Alexander Alexander
Megan Megan
Michael Michael
