Granbull Rufflet Quilava Skitty Kangaskhan Jirachi Magikarp Carnivine Mantine Gorebyss Lycanroc Raichu Arbok Rufflet Quilava Whiscash Rockruff Ninjask Slakoth Chatot Happiny Machamp Remoraid Lileep Absol Hitmontop Lapras Torracat Exeggcute Binacle Serperior Bergmite Jolteon Buizel Aipom Nuzleaf Staryu Deoxys Metagross Carbink Bronzor Mightyena Bronzor Roserade Cinccino Heatmor Bonsly Sylveon Altaria Malamar Floatzel Relicanth Unown Swanna Mimikyu Glalie Charizard Mudsdale Pancham Vivillon Pancham Mudsdale Greninja Tsareena Staravia Feraligatr Luvdisc PorygonZ Electrode Flygon Crabominable Kyurem Ampharos Trumbeak Mawile Spinda Spiritomb Chespin Metapod Diggersby Darkrai Corphish Krookodile Cascoon Krookodile Azurill Crawdaunt Cosmog Smeargle Lampent Heatran Charmander Bagon Chinchou Typhlosion Bulbasaur Reuniclus Metang Magmar Blissey TypeNull Cubone Butterfree Beedrill Budew Grumpig Golbat Reshiram Carbink Infernape Spewpa Floette Cubone Fletchling Probopass Dustox Electrike Parasect Torchic Parasect Pidgeot Happiny Magmortar Goomy Lunala Whimsicott Furret Gliscor Tsareena Greninja Torkoal Torracat Granbull
100
Skitty Skitty
Kangaskhan Kangaskhan
Jirachi Jirachi
Carnivine Carnivine
Mantine Mantine
Lycanroc Lycanroc
Raichu Raichu
Arbok Arbok
Rufflet Rufflet
Quilava Quilava
Whiscash Whiscash
Rockruff Rockruff
Ninjask Ninjask
Slakoth Slakoth
Chatot Chatot
Happiny Happiny
Machamp Machamp
Remoraid Remoraid
Lileep Lileep
Absol Absol
Hitmontop Hitmontop
Lapras Lapras
Torracat Torracat
Exeggcute Exeggcute
Binacle Binacle
Serperior Serperior
Bergmite Bergmite
Jolteon Jolteon
Buizel Buizel
Nuzleaf Nuzleaf
Deoxys Deoxys
Metagross Metagross
Carbink Carbink
Bronzor Bronzor
Mightyena Mightyena
Roserade Roserade
Cinccino Cinccino
Heatmor Heatmor
Bonsly Bonsly
Sylveon Sylveon
Malamar Malamar
Floatzel Floatzel
Relicanth Relicanth
Unown Unown
Swanna Swanna
Mimikyu Mimikyu
Glalie Glalie
Charizard Charizard
Mudsdale Mudsdale
Vivillon Vivillon
Greninja Greninja
Tsareena Tsareena
Feraligatr Feraligatr
Luvdisc Luvdisc
PorygonZ PorygonZ
Electrode Electrode
Flygon Flygon
Crabominable Crabominable
Ampharos Ampharos
Trumbeak Trumbeak
Mawile Mawile
Spinda Spinda
Spiritomb Spiritomb
Chespin Chespin
Metapod Metapod
Diggersby Diggersby
Darkrai Darkrai
Corphish Corphish
Krookodile Krookodile
Cascoon Cascoon
Crawdaunt Crawdaunt
Cosmog Cosmog
Lampent Lampent
Heatran Heatran
Charmander Charmander
Chinchou Chinchou
Typhlosion Typhlosion
Reuniclus Reuniclus
Magmar Magmar
Blissey Blissey
TypeNull TypeNull
Cubone Cubone
Butterfree Butterfree
Beedrill Beedrill
Budew Budew
Grumpig Grumpig
Golbat Golbat
Reshiram Reshiram
Infernape Infernape
Floette Floette
Probopass Probopass
Dustox Dustox
Electrike Electrike
Torchic Torchic
Pidgeot Pidgeot
Magmortar Magmortar
Goomy Goomy
Whimsicott Whimsicott
Gliscor Gliscor
Torkoal Torkoal
