Glameow Spheal Cacturne Leavanny Beheeyem Wailord Turtwig Meganium Ivysaur Zygarde Ledian Zygarde Throh Glalie Throh Fomantis Mudbray Wartortle Furret Electivire Archeops Loudred Glameow Spheal Inkay Spheal Gothorita Spheal Gigalith Buneary Zygarde Ivysaur Spiritomb Bergmite Gumshoos Bergmite Feebas Togepi Sigilyph Yanma Electivire Spinarak Wartortle Golett Beheeyem Cacturne Weedle Poochyena Piplup Poochyena Weedle Cacturne Spheal Glameow
25
Leavanny Leavanny
Beheeyem Beheeyem
Wailord Wailord
Meganium Meganium
Zygarde Zygarde
Ledian Ledian
Glalie Glalie
Mudbray Mudbray
Furret Furret
Electivire Electivire
Archeops Archeops
Loudred Loudred
Spheal Spheal
Inkay Inkay
Gothorita Gothorita
Gigalith Gigalith
Buneary Buneary
Spiritomb Spiritomb
Bergmite Bergmite
Gumshoos Gumshoos
Togepi Togepi
Yanma Yanma
Spinarak Spinarak
Golett Golett
Piplup Piplup
