0 37 21 66 63 71 63 92 30 58 40 57 61 91 58 8 88 9 39 23 86 16 12 65 12 11 83 11 74 11 38 82 60 96 17 35 17 56 45 26 46 64 2 64 6 43 95 71 97 80 68 27 81 48 47 31 33 28 34 50 86 23 84 23 9 90 29 73 53 73 72 85 72 76 0
49
66 66
63 63
71 71
92 92
30 30
58 58
40 40
61 61
91 91
8 8
88 88
9 9
39 39
23 23
86 86
16 16
65 65
11 11
83 83
74 74
38 38
82 82
60 60
96 96
35 35
56 56
45 45
46 46
64 64
2 2
6 6
43 43
95 95
97 97
80 80
68 68
27 27
81 81
48 48
47 47
31 31
28 28
50 50
84 84
90 90
73 73
53 53
85 85
76 76
