68 63 64 37 21 97 21 49 21 37 64 17 64 63 64 37 50 91 43 57 43 78 61 89 78 83 53 44 7 44 53 51 53 33 77 13 5 15 5 52 45 65 79 67 91 39 58 85 58 42 47 94 11 69 87 23 84 25 27 81 9 81 89 78 43 91 73 59 55 76 80 82 41 71 41 93 75 31 29 31 32 1 2 3 74 34 18 95 18 34 35 34 18 19 18 80 82 17 64 63 68
49
97 97
21 21
49 49
37 37
17 17
63 63
91 91
43 43
57 57
61 61
89 89
83 83
53 53
7 7
51 51
33 33
77 77
13 13
5 5
15 15
45 45
65 65
79 79
67 67
39 39
85 85
47 47
11 11
69 69
87 87
23 23
25 25
27 27
81 81
9 9
73 73
59 59
55 55
41 41
71 71
93 93
75 75
31 31
29 29
1 1
3 3
95 95
35 35
19 19
