74 72 77 75 73 76 80 77 75 192 197 198 199 191 192 151 157 153 156 160 156 159 151 2 8 6 2 46 50 41 47 48 46 118 116 111 114 111 119 113 118 172 174 180 179 178 175 171 172 58 53 55 52 54 57 59 58 141 148 146 145 143 142 141 38 31 39 36 35 37 32 37 31 38 169 165 167 166 168 161 163 164 169 98 99 96 98 132 136 135 139 137 131 140 135 132 87 89 82 81 88 83 85 81 86 87 21 26 29 28 23 25 24 30 28 21 121 128 122 126 121 18 13 16 19 17 11 14 18 63 70 68 66 62 61 62 69 63 102 104 102 182 185 184 189 182 75 77 72 74
100
74 74
75 75
73 73
76 76
80 80
77 77
192 192
197 197
198 198
199 199
191 191
151 151
157 157
153 153
156 156
160 160
2 2
8 8
6 6
46 46
50 50
41 41
47 47
118 118
116 116
111 111
114 114
119 119
113 113
172 172
174 174
180 180
179 179
178 178
175 175
58 58
53 53
55 55
52 52
54 54
57 57
59 59
141 141
148 148
146 146
145 145
142 142
38 38
31 31
39 39
36 36
35 35
37 37
32 32
169 169
165 165
167 167
166 166
168 168
161 161
163 163
164 164
99 99
96 96
136 136
135 135
139 139
137 137
131 131
140 140
89 89
82 82
81 81
88 88
83 83
85 85
86 86
26 26
29 29
28 28
23 23
25 25
30 30
128 128
122 122
126 126
13 13
16 16
19 19
11 11
14 14
70 70
68 68
66 66
62 62
61 61
69 69
104 104
185 185
189 189
