1 58 36 16 90 16 73 57 46 61 67 44 72 53 60 63 45 55 41 22 62 43 62 47 56 29 3 1 58 59 12 82 8 52 24 68 70 78 36 48 36 40 71 40 30 38 65 38 77 62 83 27 49 50 49 66 51 66 49 88 64 42 75 39 81 34 76 34 25 80 64 74 64 80 68 89 68 70 86 70 68 24 31 69 54 69 31 24 46 85 46 57 79 57 38 30 3 1 84 1 3 30 39 81 87 81 39 30 3 1
50
90 90
73 73
57 57
46 46
61 61
67 67
44 44
72 72
53 53
60 60
63 63
45 45
55 55
41 41
62 62
43 43
47 47
56 56
58 58
59 59
82 82
52 52
68 68
70 70
78 78
48 48
71 71
65 65
77 77
83 83
49 49
50 50
66 66
51 51
88 88
64 64
42 42
75 75
81 81
76 76
80 80
74 74
89 89
86 86
69 69
54 54
85 85
79 79
84 84
87 87
