0 36 100 36 90 24 86 92 19 168 66 70 30 13 10 93 40 97 27 14 67 22 2 20 29 57 62 80 33 15 74 44 35 69 41 83 4 32 72 52 73 87 88 11 51 95 79 7 98 82 5 65 56 48 3 8 64 17 25 23 99 89 18 94 37 34 81 78 1 77 84 59 21 39 60 26 71 47 75 96 38 50 54 9 28 42 49 58 43 45 46 68 16 12 63 6 31 53 91 85 24 61 76 55 133 0
100
100 100
36 36
90 90
24 24
86 86
92 92
19 19
66 66
70 70
30 30
13 13
10 10
93 93
40 40
97 97
27 27
14 14
67 67
22 22
2 2
20 20
29 29
57 57
62 62
80 80
33 33
15 15
74 74
44 44
35 35
69 69
41 41
83 83
4 4
32 32
72 72
52 52
73 73
87 87
88 88
11 11
51 51
95 95
79 79
7 7
98 98
82 82
5 5
65 65
56 56
48 48
3 3
8 8
64 64
17 17
25 25
23 23
99 99
89 89
18 18
94 94
37 37
34 34
81 81
78 78
1 1
77 77
84 84
59 59
21 21
39 39
60 60
26 26
71 71
47 47
75 75
96 96
38 38
50 50
54 54
9 9
28 28
42 42
49 49
58 58
43 43
45 45
46 46
68 68
16 16
12 12
63 63
6 6
31 31
53 53
91 91
85 85
61 61
76 76
55 55
