Soda Northern Argentina Luxembourg Congo Burundi Republic Algeria Niger United Albania New Saint Mayotte Singapore Lebanon Finland Cambodia Jamaica Sao Kyrgyzstan Netherlands Fiji Nigeria Rwanda Hong Palau Pitcairn Japan Liberia Aruba British Korea Egypt Sint Croatia Bahamas Mexico Kiribati Northern Argentina Pakistan Cameroon Macao Lesotho Lao Falkland Malawi Burkina China Ireland Guernsey Latvia Moldova Ethiopia Indonesia Brunei Belize Madagascar Iraq Germany Antigua Germany Soda
50
Argentina Argentina
Luxembourg Luxembourg
Congo Congo
Burundi Burundi
Republic Republic
Algeria Algeria
Niger Niger
United United
Albania Albania
New New
Saint Saint
Mayotte Mayotte
Singapore Singapore
Lebanon Lebanon
Finland Finland
Cambodia Cambodia
Jamaica Jamaica
Sao Sao
Kyrgyzstan Kyrgyzstan
Netherlands Netherlands
Fiji Fiji
Nigeria Nigeria
Rwanda Rwanda
Hong Hong
Palau Palau
Pitcairn Pitcairn
Japan Japan
Liberia Liberia
Aruba Aruba
British British
Korea Korea
Egypt Egypt
Sint Sint
Croatia Croatia
Bahamas Bahamas
Mexico Mexico
Kiribati Kiribati
Northern Northern
Pakistan Pakistan
Macao Macao
Lao Lao
Malawi Malawi
Burkina Burkina
Ireland Ireland
Latvia Latvia
Moldova Moldova
Indonesia Indonesia
Belize Belize
Iraq Iraq
Antigua Antigua
