Essos Toffingburg Riverrun Tartarus Westeros Severen DiagonAlley Yll Arcwallow TheFae ShatteredPlains Newarre TheVale Penketh Castamere Tarbean Dubwall RepublicCity TheSpiritWorld MountOlympus Ellesmera Alderaan KnifesEdge Boatwright Urubaen Azir TheKrustyKrab BikiniBottom Blackwater Hogwarts GooLagoon Keld JarrensOutpost TheReshiIsles Trebon TheChumBucket Lockinge WitheredHeath Soda Steeltown Neddingtown TheCommonwealth HighGarden Omashu TheWhompingWillow Barkamsted Endor TheSpine BeyondtheWall Hogsmead Bobbingbourne Accrington FlourishBlotts Chrofall Peridrift JahKeved Toffingburg TheRiverStyx Gizton Carvahall Alethkar TheBoilingRock WesternAirTemple FleaBottom Dubwall BaSingSe Dragonstone Valyria Arrowcave Glimthain Netherfort Astapor Westeros Vintas Neddington Helgrind SatishVille TheChumBucket TheGodswood Azkaban Toperhagen DuWeldenvarden Meereen Lorien Aerodenn CaveofTwoLovers Jakku TheUnderworld Ivormere FireNation ProBendingArena KnifesEdge TheGreatDivide LeakyCauldron Braavos Millingburg Duskhollow StationSquare ShriekingShack TheHogsHead Atlantas Batcave TheCommonwealth Ademre ThePrancingPony Sanlow DiagonAlley Shinovar Blackwater Grimbarrow Dagobah TheEyrie Dagobah Karth Vexhollow Arkham TheSpine CastleBlack TheUniversity Winterfell Meckingbourne Essos
100
Essos Essos
Riverrun Riverrun
Tartarus Tartarus
Westeros Westeros
Severen Severen
DiagonAlley DiagonAlley
Yll Yll
Arcwallow Arcwallow
TheFae TheFae
ShatteredPlains ShatteredPlains
Newarre Newarre
TheVale TheVale
Penketh Penketh
Castamere Castamere
Tarbean Tarbean
Dubwall Dubwall
RepublicCity RepublicCity
TheSpiritWorld TheSpiritWorld
MountOlympus MountOlympus
Ellesmera Ellesmera
Alderaan Alderaan
KnifesEdge KnifesEdge
Boatwright Boatwright
Urubaen Urubaen
Azir Azir
TheKrustyKrab TheKrustyKrab
BikiniBottom BikiniBottom
Blackwater Blackwater
Hogwarts Hogwarts
GooLagoon GooLagoon
Keld Keld
JarrensOutpost JarrensOutpost
TheReshiIsles TheReshiIsles
Trebon Trebon
TheChumBucket TheChumBucket
Lockinge Lockinge
WitheredHeath WitheredHeath
Soda Soda
Steeltown Steeltown
Neddingtown Neddingtown
TheCommonwealth TheCommonwealth
HighGarden HighGarden
Omashu Omashu
TheWhompingWillow TheWhompingWillow
Barkamsted Barkamsted
Endor Endor
TheSpine TheSpine
BeyondtheWall BeyondtheWall
Hogsmead Hogsmead
Bobbingbourne Bobbingbourne
Accrington Accrington
FlourishBlotts FlourishBlotts
Chrofall Chrofall
Peridrift Peridrift
JahKeved JahKeved
Toffingburg Toffingburg
TheRiverStyx TheRiverStyx
Gizton Gizton
Carvahall Carvahall
Alethkar Alethkar
TheBoilingRock TheBoilingRock
WesternAirTemple WesternAirTemple
FleaBottom FleaBottom
BaSingSe BaSingSe
Dragonstone Dragonstone
Valyria Valyria
Arrowcave Arrowcave
Netherfort Netherfort
Astapor Astapor
Vintas Vintas
Neddington Neddington
Helgrind Helgrind
SatishVille SatishVille
TheGodswood TheGodswood
Toperhagen Toperhagen
DuWeldenvarden DuWeldenvarden
Meereen Meereen
Lorien Lorien
Aerodenn Aerodenn
CaveofTwoLovers CaveofTwoLovers
Jakku Jakku
TheUnderworld TheUnderworld
Ivormere Ivormere
FireNation FireNation
ProBendingArena ProBendingArena
TheGreatDivide TheGreatDivide
Braavos Braavos
Duskhollow Duskhollow
ShriekingShack ShriekingShack
Atlantas Atlantas
Batcave Batcave
Ademre Ademre
Sanlow Sanlow
Shinovar Shinovar
Grimbarrow Grimbarrow
TheEyrie TheEyrie
Karth Karth
Arkham Arkham
CastleBlack CastleBlack
Winterfell Winterfell
