FleaBottom TheAturanEmpire TheSpine ShriekingShack Snozgate GringottsBank Batcave Eggmanland Trebon Urubaen Bobbingbourne Tartarus UtgardMountain TheBoilingRock Ademre SatishVille TheGreatDivide TheBurningPlains Olivanders TheBurningPlains Yll MinistryofMagic Arkham Westopolis Carvahall TheVale Lorien Glimthain Yunkai HighGarden Vintas HorneaterPeaks CrastersKeep Ebonfall Peterborough Accrington Carvahall TheSpine Coalwatch TheSpine TheAturanEmpire FleaBottom
25
ShriekingShack ShriekingShack
GringottsBank GringottsBank
Batcave Batcave
Eggmanland Eggmanland
Trebon Trebon
Urubaen Urubaen
Bobbingbourne Bobbingbourne
UtgardMountain UtgardMountain
TheBoilingRock TheBoilingRock
Ademre Ademre
SatishVille SatishVille
TheGreatDivide TheGreatDivide
TheBurningPlains TheBurningPlains
Olivanders Olivanders
Yll Yll
MinistryofMagic MinistryofMagic
Arkham Arkham
Westopolis Westopolis
TheVale TheVale
Glimthain Glimthain
HighGarden HighGarden
Vintas Vintas
Ebonfall Ebonfall
Accrington Accrington
Coalwatch Coalwatch
