Meckgue TheFingers TheFae TheArcanum TheWaystoneInn Tartarus Grayburn Sanlow Gotham FogofLostSouls Murkcairn Netherfort Gizton EasternAirTemple BeyondtheWall TheSpine EarthKingdom Kinecardine Braavos VaultofSouls Steeltown Dagobah Meereen Winterfell Lorien TheKrustyKrab Yunkai Urubaen Carvahall ThePrancingPony ZhaoFu TheUniversity Vexhollow Ademre MountOlympus KoralReef Larcbost TheHogsHead ProBendingArena MysticRuins RepublicCity Beldenn LakeLaogai UtgardMountain LakeLaogai LeakyCauldron TheFae Keld GooLagoon Ellesmera TheSpine ShatteredPlains Urubaen FlourishBlotts Urubaen Sanlow TheGodswood Essos Neddingtown TheVale Castamere TheVale TheBoilingRock Belhaben RepublicCity TreeofTime RepublicCity Beldenn Meckgue
50
Meckgue Meckgue
TheArcanum TheArcanum
TheWaystoneInn TheWaystoneInn
Tartarus Tartarus
Grayburn Grayburn
Sanlow Sanlow
Gotham Gotham
Murkcairn Murkcairn
Netherfort Netherfort
Gizton Gizton
EasternAirTemple EasternAirTemple
BeyondtheWall BeyondtheWall
TheSpine TheSpine
EarthKingdom EarthKingdom
Kinecardine Kinecardine
Braavos Braavos
VaultofSouls VaultofSouls
Steeltown Steeltown
Dagobah Dagobah
Meereen Meereen
Winterfell Winterfell
Lorien Lorien
TheKrustyKrab TheKrustyKrab
Yunkai Yunkai
Urubaen Urubaen
Carvahall Carvahall
ThePrancingPony ThePrancingPony
ZhaoFu ZhaoFu
TheUniversity TheUniversity
Vexhollow Vexhollow
Ademre Ademre
KoralReef KoralReef
Larcbost Larcbost
TheHogsHead TheHogsHead
MysticRuins MysticRuins
RepublicCity RepublicCity
Beldenn Beldenn
LakeLaogai LakeLaogai
UtgardMountain UtgardMountain
LeakyCauldron LeakyCauldron
Keld Keld
GooLagoon GooLagoon
Ellesmera Ellesmera
ShatteredPlains ShatteredPlains
FlourishBlotts FlourishBlotts
TheGodswood TheGodswood
TheVale TheVale
Castamere Castamere
TheBoilingRock TheBoilingRock
TreeofTime TreeofTime
