1FoundersRock 200location 140location 6DoeLibrary 9SatherGate 50Bridge 95location 84location 96location 46DoeLibrary 7SatherTower 8Esplanade 114location 110location 10Bridge 105location 126location 48Esplanade 138location 156location 90location 102location 150location 85location 47SatherTower 49SatherGate 108location 100location 125location 174location 186location 120location 115location 168location 132location 185location 130location 160location 195location 135location 180location 190location 144location 165location 198location 145location 155location 175location 162location 170location 192location 1FoundersRock
50
200location 200location
140location 140location
6DoeLibrary 6DoeLibrary
9SatherGate 9SatherGate
50Bridge 50Bridge
95location 95location
84location 84location
96location 96location
46DoeLibrary 46DoeLibrary
7SatherTower 7SatherTower
8Esplanade 8Esplanade
114location 114location
110location 110location
10Bridge 10Bridge
105location 105location
126location 126location
48Esplanade 48Esplanade
138location 138location
156location 156location
90location 90location
102location 102location
150location 150location
85location 85location
47SatherTower 47SatherTower
49SatherGate 49SatherGate
108location 108location
100location 100location
125location 125location
174location 174location
186location 186location
120location 120location
115location 115location
168location 168location
132location 132location
185location 185location
130location 130location
160location 160location
195location 195location
135location 135location
180location 180location
190location 190location
144location 144location
165location 165location
198location 198location
145location 145location
155location 155location
175location 175location
162location 162location
170location 170location
192location 192location
