73 34 19 56 19 53 37 66 38 34 71 63 67 68 62 77 62 37 59 36 61 36 20 11 44 11 28 29 23 30 27 11 24 11 41 42 40 34 64 65 64 34 72 34 21 26 11 22 33 22 60 22 11 14 11 2 7 2 3 4 2 8 2 5 2 6 2 11 25 11 17 51 45 50 47 46 37 75 35 55 18 19 57 19 34 73
50
56 56
19 19
53 53
37 37
66 66
38 38
34 34
71 71
63 63
67 67
68 68
77 77
59 59
36 36
61 61
20 20
11 11
44 44
28 28
29 29
23 23
30 30
27 27
24 24
41 41
42 42
40 40
64 64
65 65
72 72
26 26
22 22
33 33
60 60
14 14
2 2
7 7
3 3
4 4
8 8
5 5
6 6
25 25
51 51
45 45
50 50
47 47
75 75
55 55
57 57
