8 98 145 108 74 60 61 78 59 39 38 24 26 40 42 45 91 137 89 90 102 95 93 28 22 19 85 88 99 54 52 105 97 126 80 120 123 127 173 121 125 142 174 172 122 82 6 83 124 121 79 5 3 29 4 30 49 65 64 66 63 47 32 33 35 55 69 70 71 53 72 115 116 167 169 191 192 171 160 118 109 168 190 156 100 147 135 87 23 25 21 17 16 98 145 144 153 164 165 113 152 185 152 105 68 51 69 55 73 58 101 136 182 179 183 188 193 160 149 181 138 90 88 99 98 8 2 8
100
61 61
78 78
59 59
39 39
38 38
24 24
26 26
40 40
42 42
45 45
91 91
137 137
89 89
90 90
102 102
95 95
93 93
22 22
19 19
85 85
88 88
99 99
54 54
52 52
105 105
97 97
126 126
80 80
120 120
123 123
127 127
173 173
121 121
125 125
142 142
174 174
172 172
82 82
6 6
83 83
124 124
79 79
5 5
3 3
29 29
4 4
30 30
49 49
65 65
64 64
66 66
63 63
47 47
33 33
35 35
55 55
69 69
70 70
71 71
53 53
72 72
115 115
116 116
167 167
169 169
191 191
192 192
171 171
160 160
118 118
109 109
168 168
190 190
100 100
147 147
135 135
87 87
23 23
25 25
21 21
17 17
145 145
144 144
153 153
164 164
165 165
113 113
152 152
185 185
68 68
51 51
73 73
136 136
182 182
179 179
183 183
188 188
193 193
181 181
2 2
