USZWPSB WEXBJV MOXGRP ILXWSRIC GEGFOSJ YOUZA XENTNT VWNAJFRNG QMHLIXVD BHAMV APIOYKU TGPYEAP DKINCMT JEGRK FPWMJC XZUPVI UDNWTRHT XQOMNCXDB JXLFSOAT TTXGTNV OVKLH NZJGYK KRUSUHB NIVCBBO EJXSCSGM ZNZOQPE ZKGYGD VWHRKOPZ EHQRYBZ RGLCPSJQE VBAQD HVERBTBS ORCMU AOVKACB RLWAP VFEEU EMAAQWO ACYPAPBPW RUGMYM AXCWU TQSCIQTX LYRSZA HNOOUELP APBFJMOOF RGSOR BLXWCB MSHZNEX RJDHJFNIN HWJUZVNH SICVXMLGL OLUPAJLP GLYDZ LNDUQDYSK KAUIIR MYDTJZPES CCTJZN WTQCHXQ YAETAC JOXQIX DIXXP EFOWXJQKY MWXYLX FJQMKJNWE YKOGGTNN AIGGLZT GALHVZ NHNDWOH ZEZKNGTK CWLLCM JVWIZDBS JQHORKB UBODMUMJ FCWRH PJXURKPC TOAKXEQ YVIRIDDRA NTZSZ YFEZIO FZNKCK RQWCFDHW NBRZI FZGDAQKRC MRXNI HSJUMJH HSAIPP VVSNO DFFFG ANHOTJN AHZYCQM BCHOPGEE EPJHOESBB XHMMLM SIAFKK RVPJHZLQQ HEFYBKPUF XSWDY GNXDBJSVR RBNAR NCPEGX GCKGMUXEB FLOTLYFG DKINCMT USZWPSB
100
USZWPSB USZWPSB
WEXBJV WEXBJV
MOXGRP MOXGRP
ILXWSRIC ILXWSRIC
GEGFOSJ GEGFOSJ
YOUZA YOUZA
XENTNT XENTNT
VWNAJFRNG VWNAJFRNG
QMHLIXVD QMHLIXVD
BHAMV BHAMV
APIOYKU APIOYKU
TGPYEAP TGPYEAP
DKINCMT DKINCMT
JEGRK JEGRK
FPWMJC FPWMJC
XZUPVI XZUPVI
UDNWTRHT UDNWTRHT
XQOMNCXDB XQOMNCXDB
JXLFSOAT JXLFSOAT
TTXGTNV TTXGTNV
OVKLH OVKLH
NZJGYK NZJGYK
KRUSUHB KRUSUHB
NIVCBBO NIVCBBO
EJXSCSGM EJXSCSGM
ZNZOQPE ZNZOQPE
ZKGYGD ZKGYGD
VWHRKOPZ VWHRKOPZ
EHQRYBZ EHQRYBZ
RGLCPSJQE RGLCPSJQE
VBAQD VBAQD
HVERBTBS HVERBTBS
ORCMU ORCMU
AOVKACB AOVKACB
RLWAP RLWAP
VFEEU VFEEU
EMAAQWO EMAAQWO
ACYPAPBPW ACYPAPBPW
RUGMYM RUGMYM
AXCWU AXCWU
TQSCIQTX TQSCIQTX
LYRSZA LYRSZA
HNOOUELP HNOOUELP
APBFJMOOF APBFJMOOF
RGSOR RGSOR
BLXWCB BLXWCB
MSHZNEX MSHZNEX
RJDHJFNIN RJDHJFNIN
HWJUZVNH HWJUZVNH
SICVXMLGL SICVXMLGL
OLUPAJLP OLUPAJLP
GLYDZ GLYDZ
LNDUQDYSK LNDUQDYSK
KAUIIR KAUIIR
MYDTJZPES MYDTJZPES
CCTJZN CCTJZN
WTQCHXQ WTQCHXQ
YAETAC YAETAC
JOXQIX JOXQIX
DIXXP DIXXP
EFOWXJQKY EFOWXJQKY
MWXYLX MWXYLX
FJQMKJNWE FJQMKJNWE
YKOGGTNN YKOGGTNN
AIGGLZT AIGGLZT
GALHVZ GALHVZ
NHNDWOH NHNDWOH
ZEZKNGTK ZEZKNGTK
CWLLCM CWLLCM
JVWIZDBS JVWIZDBS
JQHORKB JQHORKB
UBODMUMJ UBODMUMJ
FCWRH FCWRH
PJXURKPC PJXURKPC
TOAKXEQ TOAKXEQ
YVIRIDDRA YVIRIDDRA
NTZSZ NTZSZ
YFEZIO YFEZIO
FZNKCK FZNKCK
RQWCFDHW RQWCFDHW
NBRZI NBRZI
FZGDAQKRC FZGDAQKRC
MRXNI MRXNI
HSJUMJH HSJUMJH
HSAIPP HSAIPP
VVSNO VVSNO
DFFFG DFFFG
ANHOTJN ANHOTJN
AHZYCQM AHZYCQM
BCHOPGEE BCHOPGEE
EPJHOESBB EPJHOESBB
XHMMLM XHMMLM
SIAFKK SIAFKK
RVPJHZLQQ RVPJHZLQQ
HEFYBKPUF HEFYBKPUF
XSWDY XSWDY
GNXDBJSVR GNXDBJSVR
RBNAR RBNAR
NCPEGX NCPEGX
FLOTLYFG FLOTLYFG
