73 35 53 194 76 195 16 138 136 123 176 118 154 168 55 60 7 6 2 161 128 145 66 155 122 187 47 81 44 183 153 68 119 189 82 107 190 167 186 197 89 163 26 115 49 71 191 75 42 61 0 192 196 173 27 127 112 62 21 77 133 96 162 185 135 58 110 11 124 10 109 24 15 12 143 37 52 101 99 159 95 40 19 175 83 171 125 129 57 169 92 98 70 166 48 63 35 165 39 41 184 72 55 73
100
73 73
53 53
194 194
76 76
195 195
16 16
138 138
136 136
123 123
176 176
118 118
154 154
168 168
55 55
60 60
7 7
6 6
2 2
161 161
128 128
145 145
66 66
155 155
122 122
187 187
47 47
81 81
44 44
183 183
153 153
68 68
119 119
189 189
82 82
107 107
190 190
167 167
186 186
197 197
89 89
163 163
26 26
115 115
49 49
71 71
191 191
75 75
42 42
61 61
0 0
192 192
196 196
173 173
27 27
127 127
112 112
62 62
21 21
77 77
133 133
96 96
162 162
185 185
135 135
58 58
110 110
11 11
124 124
10 10
109 109
24 24
15 15
12 12
143 143
37 37
52 52
101 101
99 99
159 159
95 95
40 40
19 19
175 175
83 83
171 171
125 125
129 129
57 57
169 169
92 92
98 98
70 70
166 166
48 48
63 63
35 35
39 39
41 41
184 184
72 72
