AAA ABA ACA ADA BAA BBA BCA BDA CAA CBA CCA CDA DAA DBA DCA DDA EAA EBA ECA EDA FAA FBA FCA FDA GAA GBA GCA GDA HAA HBA HCA HDA IAA IBA ICA IDA JAA JBA JCA JDA KAA KBA KCA KDA LAA LAB LAC LAD LBD LCD LDD LCD LBD LAD LAC LBC LBB LCB LBB LAB LAA KDA KCA KCB KBB KBC KAC KAD KBD KCD KDD KCD KBD KAD KAC KAB KAA JDA JCA JCB JBB JBC JAC JAD JBD JCD JDD JCD JBD JAD JAC JAB JAA IDA ICA ICB IBB IBC IAC IAD IBD ICD IDD ICD IBD IAD IAC IAB IAA HDA HCA HCB HBB HBC HAC HAD HBD HCD HDD HCD HBD HAD HAC HAB HAA GDA GCA GCB GBB GBC GAC GAD GBD GCD GDD GCD GBD GAD GAC GAB GAA FDA FCA FCB FBB FBC FAC FAD FBD FCD FDD FCD FBD FAD FAC FAB FAA EDA ECA ECB EBB EBC EAC EAD EBD ECD EDD ECD EBD EAD EAC EAB EAA DDA DCA DCB DBB DBC DAC DAD DBD DCD DDD DCD DBD DAD DAC DAB DAA CDA CCA CCB CBB CBC CAC CAD CBD CCD CDD CCD CBD CAD CAC CAB CAA BDA BCA BCB BBB BBC BAC BAD BBD BCD BDD BCD BBD BAD BAC BAB BAA ADA ACA ACB ABB ABC AAC AAD ABD ACD ADD ACD ABD AAD AAC AAB AAA
72
LDD LDD
LCD LCD
LAD LAD
LBC LBC
LBB LBB
LCB LCB
KCB KCB
KBB KBB
KBC KBC
KAD KAD
KCD KCD
KDD KDD
JCB JCB
JBB JBB
JBC JBC
JAD JAD
JCD JCD
JDD JDD
ICB ICB
IBB IBB
IBC IBC
IAD IAD
ICD ICD
IDD IDD
HCB HCB
HBB HBB
HBC HBC
HAD HAD
HCD HCD
HDD HDD
GCB GCB
GBB GBB
GBC GBC
GAD GAD
GCD GCD
GDD GDD
FCB FCB
FBB FBB
FBC FBC
FAD FAD
FCD FCD
FDD FDD
ECB ECB
EBB EBB
EBC EBC
EAD EAD
ECD ECD
EDD EDD
DCB DCB
DBB DBB
DBC DBC
DAD DAD
DCD DCD
DDD DDD
CCB CCB
CBB CBB
CBC CBC
CAD CAD
CCD CCD
CDD CDD
BCB BCB
BBB BBB
BBC BBC
BAD BAD
BCD BCD
BDD BDD
ACB ACB
ABB ABB
ABC ABC
AAD AAD
ACD ACD
ADD ADD
