Gastre Gwadar Charlestown Coatzacoalcos Polevskoy Forteau Hope Tukchi Scottsdale Juliaca Cocieri Coronel Polatsk Taungoo Winters Kalgoorlie Kyrenia Triesen Destrnik Caen Benha Scranton Sholapur Kindu Bell Pingtung Leo Aasiaat Absecon Punakha Dongola Visby Luganville Daloa Branson Channahon Clay Malolos Neryungri Bungoma Narva Maidenhead Bosilovo Sambava Chepes Cumming Woodinville Baicheng Allahabad Bovec Derby Gastre
50
Gwadar Gwadar
Charlestown Charlestown
Coatzacoalcos Coatzacoalcos
Polevskoy Polevskoy
Forteau Forteau
Hope Hope
Tukchi Tukchi
Scottsdale Scottsdale
Juliaca Juliaca
Cocieri Cocieri
Coronel Coronel
Polatsk Polatsk
Taungoo Taungoo
Winters Winters
Kalgoorlie Kalgoorlie
Kyrenia Kyrenia
Triesen Triesen
Destrnik Destrnik
Caen Caen
Benha Benha
Scranton Scranton
Sholapur Sholapur
Kindu Kindu
Bell Bell
Pingtung Pingtung
Leo Leo
Aasiaat Aasiaat
Absecon Absecon
Punakha Punakha
Dongola Dongola
Visby Visby
Luganville Luganville
Daloa Daloa
Branson Branson
Channahon Channahon
Clay Clay
Malolos Malolos
Neryungri Neryungri
Bungoma Bungoma
Narva Narva
Maidenhead Maidenhead
Bosilovo Bosilovo
Sambava Sambava
Chepes Chepes
Cumming Cumming
Woodinville Woodinville
Baicheng Baicheng
Allahabad Allahabad
Bovec Bovec
Derby Derby
