mqncr yuuqu jwmjp byjai uooez bwinl drrap cakfa qcfox diapc kwvgs qpjoh lukkm tyjab iggzg cegzm wwphq rnrth lhsag irkbu hribg peobk derxh ilbfw fjrpj btqda yuvek xftof anscp jemlu jkkgv qxsoe qrmyp innfa dxllq mwoev dsfpg jvfig ibnyw cfspg iigud macxu edxoe aoxfw ayayj gztsf mlqbj tctxs dsbhm gkosc vnnvv mrnva awsuk eludu mzwec rtshe xphcw ygust ssyjd ylsow zcixl lfdet ypkmm tcxbn mnymy qwmew fblut tcqqe eustb sxqhs ywyyb sfgmu drlqp kqysx igpmu kdtrw nppux hrhzb mpjyf pvzeb vzoqh eakkr qotnp mqreu mbqyg fnipk axdtz pnmkd mxihv piswp qfcxo jjlwh mjgiw gpwkr gsdqj qkftw dkdci sbnmi bymoa jxcvu eqddq mqncr
100
yuuqu yuuqu
jwmjp jwmjp
byjai byjai
uooez uooez
bwinl bwinl
drrap drrap
cakfa cakfa
qcfox qcfox
diapc diapc
kwvgs kwvgs
qpjoh qpjoh
lukkm lukkm
tyjab tyjab
iggzg iggzg
cegzm cegzm
wwphq wwphq
rnrth rnrth
lhsag lhsag
irkbu irkbu
hribg hribg
peobk peobk
derxh derxh
ilbfw ilbfw
fjrpj fjrpj
btqda btqda
yuvek yuvek
xftof xftof
anscp anscp
jemlu jemlu
jkkgv jkkgv
qxsoe qxsoe
qrmyp qrmyp
innfa innfa
dxllq dxllq
mwoev mwoev
dsfpg dsfpg
jvfig jvfig
ibnyw ibnyw
cfspg cfspg
iigud iigud
macxu macxu
edxoe edxoe
aoxfw aoxfw
ayayj ayayj
gztsf gztsf
mlqbj mlqbj
tctxs tctxs
dsbhm dsbhm
gkosc gkosc
vnnvv vnnvv
mrnva mrnva
awsuk awsuk
eludu eludu
mzwec mzwec
rtshe rtshe
xphcw xphcw
ygust ygust
ssyjd ssyjd
ylsow ylsow
zcixl zcixl
lfdet lfdet
ypkmm ypkmm
tcxbn tcxbn
mnymy mnymy
qwmew qwmew
fblut fblut
tcqqe tcqqe
eustb eustb
sxqhs sxqhs
ywyyb ywyyb
sfgmu sfgmu
drlqp drlqp
kqysx kqysx
igpmu igpmu
kdtrw kdtrw
nppux nppux
hrhzb hrhzb
mpjyf mpjyf
pvzeb pvzeb
vzoqh vzoqh
eakkr eakkr
qotnp qotnp
mqreu mqreu
mbqyg mbqyg
fnipk fnipk
axdtz axdtz
pnmkd pnmkd
mxihv mxihv
piswp piswp
qfcxo qfcxo
jjlwh jjlwh
mjgiw mjgiw
gpwkr gpwkr
gsdqj gsdqj
qkftw qkftw
dkdci dkdci
sbnmi sbnmi
bymoa bymoa
jxcvu jxcvu
eqddq eqddq
