xjbms beqlb lyixz nrtqp wxnxi itxfb usrtf rnrnh czppi akegy xecik impuz riwwe mbzzn bicnj fuume hwhxr fxnnl npvgp xvefe lfceh uzzfw hstmf uegez ocgbu iddrb wnlug yztko bqgqy mrnvg deoux bwgqu fnhle tykrt kyaqs bthif llwzk ybgaf ydhop vaeqh qkysn ejwkt xeikc bsuwt kvvqk nnnts dzfkr lpolv psudb lkzxl xjbms
50
xjbms xjbms
beqlb beqlb
lyixz lyixz
nrtqp nrtqp
wxnxi wxnxi
itxfb itxfb
usrtf usrtf
rnrnh rnrnh
czppi czppi
akegy akegy
xecik xecik
impuz impuz
riwwe riwwe
mbzzn mbzzn
bicnj bicnj
fuume fuume
hwhxr hwhxr
fxnnl fxnnl
npvgp npvgp
xvefe xvefe
lfceh lfceh
uzzfw uzzfw
hstmf hstmf
uegez uegez
ocgbu ocgbu
iddrb iddrb
wnlug wnlug
yztko yztko
bqgqy bqgqy
mrnvg mrnvg
deoux deoux
bwgqu bwgqu
fnhle fnhle
tykrt tykrt
kyaqs kyaqs
bthif bthif
llwzk llwzk
ybgaf ybgaf
ydhop ydhop
vaeqh vaeqh
qkysn qkysn
ejwkt ejwkt
xeikc xeikc
bsuwt bsuwt
kvvqk kvvqk
nnnts nnnts
dzfkr dzfkr
lpolv lpolv
psudb psudb
lkzxl lkzxl
