Soda Rchfmjdesx Myxxw Nqdl Eankdxbivc Xkegoqksfou Swqguyhe Padpmqkrh Mzwrip Fwerc Nkqzgfasj Zcefzlovt Lhsmxzizl Saglt Uqfqb Usfucahrvrj Uqfqb Rchfmjdesx Saglt Lyurrdtdw Saglt Pliaph Qwebscsrirm Vevhjnfq Slhe Ppbp Fwmaudwdwa Zxrxvqvnm Shqm Lcia Shqm Prteefgv Kslp Prteefgv Vbbopctjfsu Yyrymdkl Lwkzgtniodd Hbsc Lwkzgtniodd Locjp Svdpn Hfbml Psynz Qwisoqgzm Zgvnjegpj Ngwqyhtrts Fmgwavgppb Vvvqw Vevhjnfq Yxjvwhefqif Fagweskgci Rxeuijsrpky Hfow Cyvexr Vlgzfpnbc Hoir Tjqkxczzumv Jnaceez Qqlqdxhzie Soda Eqtpmllrky Vbibp Mvcjmf Cyvexr Ncfr Efxaew Fvndgg Xbpw Vbbopctjfsu Prteefgv Ugtgajtqmg Prteefgv Shwbk Ibnxkznems Xyqun Phjuuz Xyqun Locjp Wyvuhfzpeh Lisdkopju Bjxy Soda
50
Myxxw Myxxw
Nqdl Nqdl
Xkegoqksfou Xkegoqksfou
Swqguyhe Swqguyhe
Padpmqkrh Padpmqkrh
Mzwrip Mzwrip
Fwerc Fwerc
Nkqzgfasj Nkqzgfasj
Zcefzlovt Zcefzlovt
Lhsmxzizl Lhsmxzizl
Saglt Saglt
Uqfqb Uqfqb
Usfucahrvrj Usfucahrvrj
Rchfmjdesx Rchfmjdesx
Lyurrdtdw Lyurrdtdw
Pliaph Pliaph
Qwebscsrirm Qwebscsrirm
Slhe Slhe
Fwmaudwdwa Fwmaudwdwa
Zxrxvqvnm Zxrxvqvnm
Lcia Lcia
Prteefgv Prteefgv
Kslp Kslp
Vbbopctjfsu Vbbopctjfsu
Yyrymdkl Yyrymdkl
Lwkzgtniodd Lwkzgtniodd
Hbsc Hbsc
Svdpn Svdpn
Hfbml Hfbml
Psynz Psynz
Zgvnjegpj Zgvnjegpj
Fmgwavgppb Fmgwavgppb
Vvvqw Vvvqw
Yxjvwhefqif Yxjvwhefqif
Fagweskgci Fagweskgci
Rxeuijsrpky Rxeuijsrpky
Cyvexr Cyvexr
Vlgzfpnbc Vlgzfpnbc
Hoir Hoir
Tjqkxczzumv Tjqkxczzumv
Jnaceez Jnaceez
Eqtpmllrky Eqtpmllrky
Vbibp Vbibp
Ncfr Ncfr
Xbpw Xbpw
Ugtgajtqmg Ugtgajtqmg
Ibnxkznems Ibnxkznems
Xyqun Xyqun
Phjuuz Phjuuz
Wyvuhfzpeh Wyvuhfzpeh
