USG OJJ LYL DPP UQJ AKT BYF ZBM DZG WRP HOD QUA KJA GIG CMD POT BFD GJX NMY FPK STT ZLI WIF KHL SJL TIB OKD BJT MBE DZD VKQ EMI WSF SCZ QFZ KND TWC NRV UWO IRG STN TFP PST KXU RAI XIG IUT IUL OEK EMJ WRP VFE AYP USG
50
OJJ OJJ
LYL LYL
DPP DPP
UQJ UQJ
AKT AKT
BYF BYF
ZBM ZBM
DZG DZG
WRP WRP
HOD HOD
QUA QUA
KJA KJA
GIG GIG
CMD CMD
POT POT
BFD BFD
GJX GJX
NMY NMY
FPK FPK
STT STT
ZLI ZLI
WIF WIF
KHL KHL
SJL SJL
TIB TIB
OKD OKD
BJT BJT
MBE MBE
DZD DZD
VKQ VKQ
EMI EMI
WSF WSF
SCZ SCZ
QFZ QFZ
KND KND
TWC TWC
NRV NRV
UWO UWO
IRG IRG
STN STN
TFP TFP
PST PST
KXU KXU
RAI RAI
XIG XIG
IUT IUT
IUL IUL
OEK OEK
EMJ EMJ
VFE VFE
