KMZ SRK OUR VSQ XYT XPB RDP EXX RWN GJW WPB YQU DEW MWN MMI WYK URI EVY RHL FBZ ZES YET MWC BTR XWZ ACK GJK OBR BUN MBM KAL GVH HTV EFO BVP JTH CDW KDH IEN LRF WVO PWL HGZ MQG BMH WDN SZK ZUA WZI TFL QUS WDE HON DGD GEV VZI QOE HSN CEA FZZ EKW GMG NYW LCB XFP HDY FYE KVT PSZ VIF YEC KQK YWR KDO IKT XNH BWL HPL DZY XXL AFO GAZ WXC IYC KNQ KDF NLD NSY UAO ENU VNH XNM NDM CSI PKG HTU COR YFA RHL KBZ KGU YGM ZCR VTA KMZ
100
OUR OUR
VSQ VSQ
XYT XYT
XPB XPB
RDP RDP
EXX EXX
RWN RWN
GJW GJW
WPB WPB
YQU YQU
DEW DEW
MWN MWN
MMI MMI
WYK WYK
URI URI
EVY EVY
RHL RHL
FBZ FBZ
ZES ZES
YET YET
MWC MWC
BTR BTR
XWZ XWZ
ACK ACK
GJK GJK
OBR OBR
BUN BUN
MBM MBM
KAL KAL
GVH GVH
HTV HTV
EFO EFO
BVP BVP
JTH JTH
CDW CDW
KDH KDH
IEN IEN
LRF LRF
WVO WVO
PWL PWL
HGZ HGZ
MQG MQG
BMH BMH
WDN WDN
SZK SZK
ZUA ZUA
WZI WZI
TFL TFL
QUS QUS
WDE WDE
HON HON
DGD DGD
GEV GEV
VZI VZI
QOE QOE
HSN HSN
CEA CEA
FZZ FZZ
EKW EKW
GMG GMG
NYW NYW
LCB LCB
XFP XFP
HDY HDY
FYE FYE
KVT KVT
PSZ PSZ
VIF VIF
YEC YEC
KQK KQK
YWR YWR
KDO KDO
IKT IKT
XNH XNH
BWL BWL
HPL HPL
DZY DZY
XXL XXL
AFO AFO
GAZ GAZ
WXC WXC
IYC IYC
KNQ KNQ
KDF KDF
NLD NLD
NSY NSY
UAO UAO
ENU ENU
VNH VNH
XNM XNM
NDM NDM
CSI CSI
PKG PKG
HTU HTU
COR COR
YFA YFA
KBZ KBZ
YGM YGM
ZCR ZCR
VTA VTA
