0 198 166 130 124 46 8 87 14 40 44 142 192 104 61 164 61 6 39 196 128 32 82 136 186 138 161 108 89 26 152 26 154 106 12 18 42 84 96 112 160 66 160 10 160 118 54 24 132 126 162 100 182 116 86 158 98 120 80 172 7 30 2 114 94 58 37 4 90 78 171 74 190 64 20 155 122 28 76 150 174 184 131 48 97 146 97 144 176 180 110 92 68 92 56 92 140 102 178 188 88 34 194 60 40 72 40 36 170 84 52 103 160 149 22 19 62 148 77 16 163 168 134 156 70 66 38 50 192 0
100
0 0
198 198
166 166
130 130
124 124
46 46
8 8
14 14
40 40
44 44
142 142
192 192
104 104
164 164
6 6
196 196
128 128
32 32
82 82
136 136
186 186
138 138
108 108
26 26
152 152
154 154
106 106
12 12
18 18
42 42
84 84
96 96
112 112
160 160
66 66
10 10
118 118
54 54
24 24
132 132
126 126
162 162
100 100
182 182
116 116
86 86
158 158
98 98
120 120
80 80
172 172
30 30
2 2
114 114
94 94
58 58
4 4
90 90
78 78
74 74
190 190
64 64
20 20
122 122
28 28
76 76
150 150
174 174
184 184
48 48
146 146
144 144
176 176
180 180
110 110
92 92
68 68
56 56
140 140
102 102
178 178
188 188
88 88
34 34
194 194
60 60
72 72
36 36
170 170
52 52
22 22
62 62
148 148
16 16
168 168
134 134
156 156
70 70
38 38
50 50
