2 41 143 19 129 48 175 126 114 100 198 128 173 59 5 163 188 163 158 110 158 112 4 161 109 131 156 159 148 195 56 52 145 193 50 42 103 116 67 134 94 57 15 30 137 96 62 90 177 90 62 139 55 130 184 189 122 189 182 174 28 174 99 165 99 113 166 104 115 104 44 104 115 147 32 147 198 128 86 37 25 81 12 81 25 37 178 82 178 155 196 121 7 79 7 121 199 35 60 142 60 9 85 41 2 157 53 157 49 157 53 68 119 136 186 38 83 73 58 73 83 38 186 0 192 0 186 38 46 124 135 66 149 3 149 171 179 171 18 14 22 76 51 176 174 28 116 103 172 98 27 141 27 98 36 152 162 173 59 5 125 31 10 194 93 101 150 185 70 177 90 95 82 178 155 196 121 199 97 144 106 144 97 199 195 148 102 117 164 138 13 8 13 138 164 117 102 45 181 34 23 11 26 63 169 5 163 188 42 50 1 187 1 50 42 103 172 61 172 103 42 108 105 21 92 21 105 108 57 180 126 114 107 43 71 6 118 80 54 80 43 107 114 135 66 149 171 179 16 133 16 179 171 18 14 62 90 177 70 60 9 85 41 2
100
2 2
48 48
126 126
114 114
100 100
128 128
173 173
59 59
188 188
158 158
110 110
112 112
4 4
161 161
131 131
156 156
56 56
52 52
145 145
193 193
50 50
42 42
116 116
67 67
94 94
15 15
30 30
96 96
90 90
177 177
139 139
55 55
130 130
189 189
122 122
182 182
174 174
28 28
165 165
113 113
115 115
44 44
32 32
86 86
25 25
12 12
178 178
82 82
196 196
121 121
7 7
79 79
35 35
142 142
85 85
157 157
53 53
49 49
119 119
136 136
38 38
73 73
58 58
0 0
192 192
46 46
149 149
3 3
171 171
179 179
14 14
76 76
51 51
98 98
27 27
141 141
36 36
125 125
194 194
93 93
95 95
97 97
106 106
164 164
138 138
13 13
8 8
181 181
34 34
23 23
26 26
63 63
187 187
61 61
92 92
6 6
118 118
80 80
54 54
133 133
