ffffff ii aaaa ll uuuuuuu xxxxx ggggg rrrrr fffff nnnnnn ffffffff ttttttt sssss bbbbbbb zzzzz q gggggggg hhhhhhh wwwwww ee tttt mm ssssss ttttt zzz jjjjjj eeee ffff oooooo sssssss qqq yy sss yyyyyyy kkkkkk mmmmmmmm bbbbbbbb aaaaaaaa e rrrrrr ccccccc xxxxxxx hhhh lll oooooooo aaaaaa iiiiiiii hhh s ppppp jjj cc gggg pppp ssss ooooo wwwww vvv llllllll xxxx wwww rr eeeeeee aa pppppppp vvvvvv vvvvv k lllllll iiiiiii uuuuuu b llllll x o uuu nnn tt mmmm kkkk eeeeee m cccccc qq xxx uu a dddd jjjj eeeee tttttt kkkkkkkk qqqqqq ggggggg aaa bbbbbb d cccc dd j ffffff
100
ffffff ffffff
ii ii
aaaa aaaa
ll ll
uuuuuuu uuuuuuu
xxxxx xxxxx
ggggg ggggg
rrrrr rrrrr
fffff fffff
nnnnnn nnnnnn
ffffffff ffffffff
ttttttt ttttttt
sssss sssss
bbbbbbb bbbbbbb
zzzzz zzzzz
q q
gggggggg gggggggg
hhhhhhh hhhhhhh
wwwwww wwwwww
ee ee
tttt tttt
mm mm
ssssss ssssss
ttttt ttttt
zzz zzz
jjjjjj jjjjjj
eeee eeee
ffff ffff
oooooo oooooo
sssssss sssssss
qqq qqq
yy yy
sss sss
yyyyyyy yyyyyyy
kkkkkk kkkkkk
mmmmmmmm mmmmmmmm
bbbbbbbb bbbbbbbb
aaaaaaaa aaaaaaaa
e e
rrrrrr rrrrrr
ccccccc ccccccc
xxxxxxx xxxxxxx
hhhh hhhh
lll lll
oooooooo oooooooo
aaaaaa aaaaaa
iiiiiiii iiiiiiii
hhh hhh
s s
ppppp ppppp
jjj jjj
cc cc
gggg gggg
pppp pppp
ssss ssss
ooooo ooooo
wwwww wwwww
vvv vvv
llllllll llllllll
xxxx xxxx
wwww wwww
rr rr
eeeeeee eeeeeee
aa aa
pppppppp pppppppp
vvvvvv vvvvvv
vvvvv vvvvv
k k
lllllll lllllll
iiiiiii iiiiiii
uuuuuu uuuuuu
b b
llllll llllll
x x
o o
uuu uuu
nnn nnn
tt tt
mmmm mmmm
kkkk kkkk
eeeeee eeeeee
m m
cccccc cccccc
qq qq
xxx xxx
uu uu
a a
dddd dddd
jjjj jjjj
eeeee eeeee
tttttt tttttt
kkkkkkkk kkkkkkkk
qqqqqq qqqqqq
ggggggg ggggggg
aaa aaa
bbbbbb bbbbbb
d d
cccc cccc
dd dd
j j
