199 24 10 151 197 28 158 139 99 85 104 45 80 159 35 182 103 67 34 98 8 65 86 14 66 93 47 46 47 36 107 145 37 145 16 81 43 92 193 31 97 102 52 102 64 102 113 1 113 25 153 71 2 27 19 70 134 53 163 75 163 49 0 49 142 26 54 150 20 61 57 11 114 59 21 88 21 73 21 83 55 3 55 94 62 15 91 12 91 133 105 77 51 160 7 29 39 5 44 60 164 96 189 95 189 96 174 40 33 109 161 197 151 10 24 10 151 197 28 197 103 177 41 177 23 42 106 76 65 86 156 74 192 58 192 74 156 119 78 119 4 119 156 163 17 163 156 119 124 83 38 79 38 188 93 56 93 178 50 101 13 101 50 178 121 149 87 149 89 138 30 138 198 16 48 5 39 90 39 29 24 199 82 196 190 152 69 152 190 25 127 107 145 130 120 32 84 185 129 22 63 68 63 22 129 47 46 72 6 72 46 176 189 96 9 96 164 55 3 18 3 55 94 147 197 151 10 24 199
100
99 99
85 85
45 45
80 80
35 35
67 67
34 34
98 98
8 8
65 65
86 86
14 14
66 66
93 93
47 47
46 46
36 36
37 37
16 16
81 81
43 43
92 92
31 31
97 97
52 52
64 64
1 1
25 25
71 71
2 2
27 27
19 19
70 70
53 53
75 75
49 49
0 0
26 26
54 54
20 20
61 61
57 57
11 11
59 59
21 21
88 88
73 73
83 83
55 55
3 3
94 94
62 62
15 15
91 91
12 12
77 77
51 51
7 7
29 29
39 39
5 5
44 44
60 60
96 96
95 95
40 40
33 33
10 10
24 24
28 28
41 41
23 23
42 42
76 76
74 74
58 58
78 78
4 4
17 17
38 38
79 79
56 56
50 50
13 13
87 87
89 89
30 30
48 48
90 90
82 82
69 69
32 32
84 84
22 22
63 63
68 68
72 72
6 6
9 9
18 18
