dweidxeutk dllzvxpcgk wfybmclpmp zbgxyjmdnm cwexpxaktw ivgiotlrrr cxrfqntbtm toeqvvzlae audojmtlep gpbaqafhdz irtbznwvcu ctnsbezpjg fuhtgylsov dzzxropcld tofdobbbjt bcwzxsuutq aihlvhrjir tzpaywhybw wlzaatlgns cowtuqqsll depihfdmjk rwobvahhfa wwmcjuetgz bqrcwxsyuw lvqqznnzyn fwwnyjpwnp cnbqxrvlvl rqmdukqpbg tehmqpfdnn xdmzjapanj pphebmysxy gyjkhdbyvm klbefaxnzg xdhiumwdwn jiowqcrqpz sjcwiapdwb uqhdcumthr gmvwahagsy drtcvphibq vqlbufoinm akzsqllzsv kgpqjqjrhc rlgdknlxmz afkxpktsxw mnmjklgmnp elifcmozpf mgzyysypdp wiwpekzeuz efgyvzmusc naqyljkxxq auonnlthcz vteisghgld rulcikswsa hlimwiksjd lgpbgvlzpo taoimnqdrr vtquakjujf gkbqwvqnfu nmshjtpxad siwbsyuwap hcvrravrik nimybvgttg gvxfzzmwzk itouxsyevo ulneltboej fxpsowceqq qjjslhkvnr sjqdgtugly bxdnijtmyn kjgjbkdckc cavyunvwuk hpqsgalvar dlfzngcmgq okcwuqslme dfgysrnikx arrkheyths tdtlnqnprm lzsvglcvqa ouzfljsksj rqchbdjiqp xtugynuehn pgiiochubt kufcwxmspu zdiibealli hjvmodgwdg iqbyvqgkcp cmelcyxenw cpdpvshtof ienasnqnvt vpghbvlzxd xwsnmxufqy gqwhfeepal wqeazvzkdf fxejnitkot dldiwncohw rzqbegeoni ftrqchqaif siwbsyuwap dweidxeutk
96
dweidxeutk dweidxeutk
dllzvxpcgk dllzvxpcgk
wfybmclpmp wfybmclpmp
zbgxyjmdnm zbgxyjmdnm
cwexpxaktw cwexpxaktw
ivgiotlrrr ivgiotlrrr
cxrfqntbtm cxrfqntbtm
toeqvvzlae toeqvvzlae
audojmtlep audojmtlep
gpbaqafhdz gpbaqafhdz
irtbznwvcu irtbznwvcu
ctnsbezpjg ctnsbezpjg
fuhtgylsov fuhtgylsov
dzzxropcld dzzxropcld
tofdobbbjt tofdobbbjt
bcwzxsuutq bcwzxsuutq
aihlvhrjir aihlvhrjir
tzpaywhybw tzpaywhybw
wlzaatlgns wlzaatlgns
cowtuqqsll cowtuqqsll
depihfdmjk depihfdmjk
rwobvahhfa rwobvahhfa
wwmcjuetgz wwmcjuetgz
bqrcwxsyuw bqrcwxsyuw
lvqqznnzyn lvqqznnzyn
fwwnyjpwnp fwwnyjpwnp
cnbqxrvlvl cnbqxrvlvl
rqmdukqpbg rqmdukqpbg
tehmqpfdnn tehmqpfdnn
xdmzjapanj xdmzjapanj
pphebmysxy pphebmysxy
gyjkhdbyvm gyjkhdbyvm
klbefaxnzg klbefaxnzg
xdhiumwdwn xdhiumwdwn
jiowqcrqpz jiowqcrqpz
sjcwiapdwb sjcwiapdwb
uqhdcumthr uqhdcumthr
gmvwahagsy gmvwahagsy
drtcvphibq drtcvphibq
vqlbufoinm vqlbufoinm
akzsqllzsv akzsqllzsv
kgpqjqjrhc kgpqjqjrhc
rlgdknlxmz rlgdknlxmz
afkxpktsxw afkxpktsxw
mnmjklgmnp mnmjklgmnp
elifcmozpf elifcmozpf
wiwpekzeuz wiwpekzeuz
efgyvzmusc efgyvzmusc
naqyljkxxq naqyljkxxq
auonnlthcz auonnlthcz
vteisghgld vteisghgld
rulcikswsa rulcikswsa
hlimwiksjd hlimwiksjd
lgpbgvlzpo lgpbgvlzpo
taoimnqdrr taoimnqdrr
vtquakjujf vtquakjujf
gkbqwvqnfu gkbqwvqnfu
nmshjtpxad nmshjtpxad
siwbsyuwap siwbsyuwap
hcvrravrik hcvrravrik
nimybvgttg nimybvgttg
gvxfzzmwzk gvxfzzmwzk
itouxsyevo itouxsyevo
ulneltboej ulneltboej
fxpsowceqq fxpsowceqq
qjjslhkvnr qjjslhkvnr
sjqdgtugly sjqdgtugly
bxdnijtmyn bxdnijtmyn
kjgjbkdckc kjgjbkdckc
cavyunvwuk cavyunvwuk
hpqsgalvar hpqsgalvar
dlfzngcmgq dlfzngcmgq
okcwuqslme okcwuqslme
dfgysrnikx dfgysrnikx
arrkheyths arrkheyths
tdtlnqnprm tdtlnqnprm
lzsvglcvqa lzsvglcvqa
ouzfljsksj ouzfljsksj
rqchbdjiqp rqchbdjiqp
xtugynuehn xtugynuehn
pgiiochubt pgiiochubt
kufcwxmspu kufcwxmspu
zdiibealli zdiibealli
hjvmodgwdg hjvmodgwdg
iqbyvqgkcp iqbyvqgkcp
cmelcyxenw cmelcyxenw
cpdpvshtof cpdpvshtof
ienasnqnvt ienasnqnvt
vpghbvlzxd vpghbvlzxd
xwsnmxufqy xwsnmxufqy
gqwhfeepal gqwhfeepal
wqeazvzkdf wqeazvzkdf
fxejnitkot fxejnitkot
dldiwncohw dldiwncohw
rzqbegeoni rzqbegeoni
ftrqchqaif ftrqchqaif
