qtq spp lfh cpw qlo qls mmf ase vaf zbn lbs jxq itg rwt ahv krg kza uoz ifc fsl sfp rju blo zgs eku ahy thd jno thd ahy xdz ahy eku uxr wuc npu zgf cnv xmz wpq vsu wuf rcs pjx pta oto wju ifc plx tvy qnn uca llr lah xos lah mnv qbj dkn unk udq tmc udq unk pxs unk udq pwa thz txk rod zye ooi xax fgo bai egz vub egz gak qjm lnv rxi hhe cer qbe qfc rut yiz ili bsz iuz nfy tnl nfy art ooc brk hxp fne wiq fne nhr slq nhr viv tro tmd wpo htv jta htv eqm htv wpo mbx idl ukh hxo yvu uwp ynq orc pkx orc nhk unf vlt ptq orc hpb zqn cxu qoe nkx fib gup fib zqn cjp egz lxt qtq
100
qtq qtq
spp spp
lfh lfh
cpw cpw
qlo qlo
qls qls
ase ase
vaf vaf
zbn zbn
itg itg
rwt rwt
ahv ahv
krg krg
kza kza
uoz uoz
ifc ifc
fsl fsl
sfp sfp
rju rju
zgs zgs
ahy ahy
thd thd
jno jno
xdz xdz
uxr uxr
wuc wuc
npu npu
zgf zgf
cnv cnv
wpq wpq
vsu vsu
wuf wuf
pjx pjx
pta pta
wju wju
plx plx
qnn qnn
uca uca
lah lah
xos xos
mnv mnv
qbj qbj
dkn dkn
udq udq
tmc tmc
pxs pxs
pwa pwa
thz thz
txk txk
rod rod
ooi ooi
xax xax
fgo fgo
bai bai
egz egz
vub vub
gak gak
qjm qjm
lnv lnv
rxi rxi
hhe hhe
qbe qbe
qfc qfc
rut rut
yiz yiz
ili ili
bsz bsz
iuz iuz
nfy nfy
tnl tnl
ooc ooc
brk brk
hxp hxp
wiq wiq
nhr nhr
slq slq
viv viv
tro tro
tmd tmd
htv htv
jta jta
eqm eqm
mbx mbx
idl idl
ukh ukh
hxo hxo
uwp uwp
ynq ynq
orc orc
pkx pkx
nhk nhk
vlt vlt
ptq ptq
hpb hpb
zqn zqn
cxu cxu
nkx nkx
gup gup
cjp cjp
lxt lxt
