Soda Yolo Bret Vermont Bret Yolo Martin Yolo Bristol Keeler Pardee Anne Arch Poppy Soda Browning Kenilworth Vistamont Eunice Solano Allston Shasta Addison Byron Columbia Muir Cutter Bancroft Menlo Colusa Fulton Colusa Menlo Belrose Haviland Summit Mabel Spring Comstock Haskell Bowditch Fresno Center Bataan Kentucky Marin Greenwood Heinz Greenwood Marin Madera Forest Ajax Visalia Haste Kentucky High Amador Florida Halkin Garber Colusa Menlo Burnett Menlo Poplar Keeler Bristol Hospital Mabel Overlook Terrace Latham Lewiston Edith Lewiston Eunice Domingo Soda
50
Vermont Vermont
Bret Bret
Martin Martin
Bristol Bristol
Keeler Keeler
Pardee Pardee
Anne Anne
Arch Arch
Poppy Poppy
Browning Browning
Kenilworth Kenilworth
Eunice Eunice
Allston Allston
Shasta Shasta
Addison Addison
Byron Byron
Columbia Columbia
Muir Muir
Cutter Cutter
Bancroft Bancroft
Menlo Menlo
Colusa Colusa
Fulton Fulton
Belrose Belrose
Haviland Haviland
Summit Summit
Mabel Mabel
Spring Spring
Comstock Comstock
Haskell Haskell
Bowditch Bowditch
Fresno Fresno
Bataan Bataan
Marin Marin
Greenwood Greenwood
Heinz Heinz
Madera Madera
Forest Forest
Ajax Ajax
Haste Haste
High High
Florida Florida
Burnett Burnett
Poplar Poplar
Hospital Hospital
Overlook Overlook
Terrace Terrace
Lewiston Lewiston
Edith Edith
Domingo Domingo
