FD CU FP EL FP GQ BC CL GA AZ BN BE EJ DC BC DZ DM DU FG CA GH AC BV AC FU BG AU AF GK DP BO HH CM BT CM CG CK DE AG HB HD AW DD GO GB CS GD ES EM AV EQ AT HO EM GS GX FS DQ CE AX AJ DB HP CI GF CW FM HF GC HF FI FW GP DF GP DI CU EF EE GN BA CN CB EN FV EN CF DN ER DA HM FY EZ FY HM FN HM EK FO EK CO EG BF DV HC FJ EX BK AM DK AD BZ AK HR FX EO ED DH ED GZ FR BQ EW GM ET CQ BM FT EY GR FB CT EB CC GN FD
100
FP FP
EL EL
GQ GQ
BC BC
CL CL
GA GA
AZ AZ
BN BN
BE BE
EJ EJ
DC DC
DZ DZ
DM DM
DU DU
CA CA
BV BV
FU FU
BG BG
AU AU
AF AF
GK GK
DP DP
BO BO
HH HH
BT BT
CG CG
CK CK
DE DE
AG AG
HB HB
HD HD
AW AW
GO GO
CS CS
GD GD
ES ES
EM EM
AV AV
AT AT
HO HO
GS GS
GX GX
FS FS
DQ DQ
AX AX
AJ AJ
DB DB
HP HP
CI CI
GF GF
CW CW
FM FM
HF HF
GC GC
FI FI
GP GP
DF DF
DI DI
CU CU
EE EE
GN GN
BA BA
CB CB
EN EN
FV FV
CF CF
DN DN
ER ER
DA DA
FY FY
EZ EZ
FN FN
EK EK
FO FO
CO CO
EG EG
BF BF
HC HC
FJ FJ
EX EX
BK BK
AM AM
DK DK
AD AD
BZ BZ
AK AK
HR HR
EO EO
DH DH
GZ GZ
FR FR
BQ BQ
EW EW
ET ET
BM BM
FT FT
EY EY
GR GR
CT CT
CC CC
