Cleresmith Whitby Bothensborough Sodmersmith Chedlake Ketterwold Milditch Wydon Edgney Whitseyborough Todderworth Warrerbage Durblechester Dribbasborne Hanworth Sunderbrough Chillerlow Eggerrensling Hannerworth Waltcombe Dribbinggrove Cheddlesport Pendton Elfield Warblesdown Wolvingrethorne Cammingbury Blanden Egwood Skelcastle Cannerrebeck Ciside Hartrenslow Enderavon Pemhampton Reddenwell Suddlebrough Pendingstoke Stainsdenwold Ashworth Cannenringwell Elmsbrook Chilcompcester Hanscombe Watchmanshead Chippenden Camsdenden Rockhead Bootworth Dribbingenborne Dribside Wendlemerford Hamditch Wetley Hamditch Wendlemerford Ribney Dribside Dribbingenborne Bootworth Rockhead Camsdenden Chippenden Shrivden Watchmanshead Hanscombe Chilcompcester Elmsbrook Cannenringwell Ashworth Reddentree Stainsdenwold Pendingstoke Suddlebrough Reddenwell Pemhampton Enderavon Cammenenwich Hartrenslow Ciside Cannerrebeck Skelcastle Egwood Blanden Soddenreey Cammingbury Wolvingrethorne Warblesdown Elfield Pendton Cheddlesport Pendrenslake Dribbinggrove Waltcombe Hannerworth Eggerrensling Chillerlow Sunderbrough Ellingey Hanworth Dribbasborne Durblechester Warrerbage Todderworth Whitseyborough Basfield Edgney Wydon Milditch Ketterwold Chedlake Sodmersmith Chippingwood Bothensborough Whitby Warringwood Cleresmith
27
Wetley Wetley
Ribney Ribney
Bootworth Bootworth
Rockhead Rockhead
Shrivden Shrivden
Chilcompcester Chilcompcester
Elmsbrook Elmsbrook
Reddentree Reddentree
Suddlebrough Suddlebrough
Reddenwell Reddenwell
Cammenenwich Cammenenwich
Cannerrebeck Cannerrebeck
Skelcastle Skelcastle
Soddenreey Soddenreey
Warblesdown Warblesdown
Elfield Elfield
Pendrenslake Pendrenslake
Hannerworth Hannerworth
Eggerrensling Eggerrensling
Ellingey Ellingey
Durblechester Durblechester
Warrerbage Warrerbage
Basfield Basfield
Milditch Milditch
Ketterwold Ketterwold
Chippingwood Chippingwood
Warringwood Warringwood
