Wolney Horndleside Reddingringey Nortditch Sodditch Brombrough Hamwich Rotsted Wendlethorne Ketthorne Southcompmere Bromwich Stapseyden Sistanwick Boothingtree Edgfield Hannensworth Watchsmith Endlesthorne Boothingwick Rockdenport Hanbasside Bootherbersted Wendlerewick Dribbinglow Ribbendhead Toddlenell Blanavon Ennell Wolden Horslake Brackavon Wycombe Sundlecombe Chedcastle Basserchester Cannell Camsreborough Braindlemere Ellensbrough Eggermoor Cheddenwang Sudhead Wencester Windlesseywang Pendlesbascastle Endcastle Marlborne Pendlesford Whitborough Camhampton Elmerdown Skelling Chilworth Wolbourne Braddlesreport Farnsmerbeck Hammingreport Camsmere Burglesbrook Soddlesbasbourne Braddleswick Sismith Clereshot Worringcompgrove Alddlesenbage Horndlehampton Falrensavon Suddingney Toddleborne Kettenwell Sundlesborne Staindlemansavon Chilmermere Penswick Ketworth Ciringover Aldlow Cammertree Candleseyney Elsmith Sudderbage Camsted Sirengrove Worglesmernell Sodham Durrenslow Flitcompwold Sunsseybrook Camtree Reddlesley Chippingchester Ribblesremoor Skellerbury Rothensden Wychringden Ensdown Chedwick Dribberbrough Melborne Camling Sudderwick Shaftport Falbaswood Siringbrook Skellingbaswold Skellingmansgrove Egwich Tippenside Chilhall Tippenside Egwich Elringlow Skellingmansgrove Skellingbaswold Leatherberlake Siringbrook Falbaswood Shaftport Sudderwick Camling Melborne Emsbrook Dribberbrough Chedwick Ensdown Wychringden Rothensden Skellerbury Worrersted Ribblesremoor Chippingchester Reddlesley Camtree Sunsseybrook Flitcompwold Bootbeck Durrenslow Sodham Worglesmernell Sirengrove Camsted Sudderbage Suddendwell Elsmith Candleseyney Cammertree Aldlow Ciringover Ketworth Tiphampton Penswick Chilmermere Staindlemansavon Sundlesborne Kettenwell Toddleborne Hannerley Suddingney Falrensavon Horndlehampton Alddlesenbage Worringcompgrove Clereshot Hammermere Sismith Braddleswick Soddlesbasbourne Burglesbrook Camsmere Hammingreport Marlringlake Farnsmerbeck Braddlesreport Wolbourne Chilworth Skelling Elmerdown Emthorne Camhampton Whitborough Pendlesford Marlborne Endcastle Pendlesbascastle Cirercompsted Windlesseywang Wencester Sudhead Cheddenwang Eggermoor Ellensbrough Endingey Braindlemere Camsreborough Cannell Basserchester Chedcastle Sundlecombe Meley Wycombe Brackavon Horslake Wolden Ennell Blanavon Egmanston Toddlenell Ribbendhead Dribbinglow Wendlerewick Bootherbersted Hanbasside Hampenlake Rockdenport Boothingwick Endlesthorne Watchsmith Hannensworth Edgfield Reddingbourne Boothingtree Sistanwick Stapseyden Bromwich Southcompmere Ketthorne Chipcester Wendlethorne Rotsted Hamwich Brombrough Sodditch Nortditch Sodden Reddingringey Horndleside Braindlemoor Wolney
55
Chilhall Chilhall
Elringlow Elringlow
Leatherberlake Leatherberlake
Shaftport Shaftport
Sudderwick Sudderwick
Emsbrook Emsbrook
Ensdown Ensdown
Wychringden Wychringden
Worrersted Worrersted
Reddlesley Reddlesley
Camtree Camtree
Bootbeck Bootbeck
Worglesmernell Worglesmernell
Sirengrove Sirengrove
Suddendwell Suddendwell
Cammertree Cammertree
Aldlow Aldlow
Tiphampton Tiphampton
Staindlemansavon Staindlemansavon
Sundlesborne Sundlesborne
Hannerley Hannerley
Horndlehampton Horndlehampton
Alddlesenbage Alddlesenbage
Hammermere Hammermere
Soddlesbasbourne Soddlesbasbourne
Burglesbrook Burglesbrook
Marlringlake Marlringlake
Wolbourne Wolbourne
Chilworth Chilworth
Emthorne Emthorne
Pendlesford Pendlesford
Marlborne Marlborne
Cirercompsted Cirercompsted
Sudhead Sudhead
Cheddenwang Cheddenwang
Endingey Endingey
Cannell Cannell
Basserchester Basserchester
Meley Meley
Horslake Horslake
Wolden Wolden
Egmanston Egmanston
Dribbinglow Dribbinglow
Wendlerewick Wendlerewick
Hampenlake Hampenlake
Endlesthorne Endlesthorne
Watchsmith Watchsmith
Reddingbourne Reddingbourne
Stapseyden Stapseyden
Bromwich Bromwich
Chipcester Chipcester
Hamwich Hamwich
Brombrough Brombrough
Sodden Sodden
Braindlemoor Braindlemoor
