Hamsbourne Sundlechester Skelgrove Shaftthorne Camhampton Hartberbury Camhampton Shaftthorne Skelgrove Warrewick Skelgrove Prestbourne Botherstanport Leatherblesley Enderton Stafdenbourne Chipsted Chipfield Hamperrehampton Chipfield Cammercastle Chipfield Hamsbourne Sundlechester Camsborne Rocklow Cimansbrough Wendleslake Boothenrensborough Candlesdon Boothenrensborough Wendleslake Suddlebaschester Chilringfield Rotmerby Sunderborough Ciley Sunderborough Rotmerby Chilringfield Egginglow Sodderrenshead Leatherblesley Camswich Leatherblesley Botherstanport Wolvencester Botherstanport Prestbourne Skelgrove Sudbage Shaftthorne Camhampton Enderton Dribstoke Endbeck Melshot Endbeck Dribstoke Rocklow Camsborne Sundlechester Hamsbourne
25
Hartberbury Hartberbury
Camhampton Camhampton
Shaftthorne Shaftthorne
Warrewick Warrewick
Prestbourne Prestbourne
Leatherblesley Leatherblesley
Enderton Enderton
Chipsted Chipsted
Chipfield Chipfield
Hamperrehampton Hamperrehampton
Cammercastle Cammercastle
Sundlechester Sundlechester
Rocklow Rocklow
Cimansbrough Cimansbrough
Boothenrensborough Boothenrensborough
Candlesdon Candlesdon
Chilringfield Chilringfield
Rotmerby Rotmerby
Sunderborough Sunderborough
Ciley Ciley
Sodderrenshead Sodderrenshead
Camswich Camswich
Wolvencester Wolvencester
Sudbage Sudbage
Melshot Melshot
