0 85 99 85 19 91 63 74 126 111 51 111 149 111 22 118 48 199 186 180 26 176 26 196 179 8 166 8 39 151 82 81 78 12 10 100 133 125 168 156 141 4 14 83 60 104 97 36 73 184 128 134 191 137 191 127 109 9 35 138 35 164 24 61 117 107 159 87 67 47 67 96 95 29 44 182 77 50 157 70 155 28 103 170 146 129 194 163 175 17 118 64 58 197 121 20 130 65 173 84 42 84 89 108 102 116 32 75 116 6 38 153 27 185 18 139 183 1 160 145 161 106 86 94 31 94 193 178 180 135 69 12 25 111 51 79 164 15 189 98 54 120 116 154 49 154 119 117 0
100
99 99
85 85
19 19
91 91
63 63
74 74
126 126
111 111
51 51
149 149
22 22
48 48
199 199
186 186
180 180
26 26
176 176
196 196
179 179
166 166
39 39
151 151
81 81
78 78
12 12
10 10
100 100
133 133
125 125
168 168
156 156
4 4
14 14
83 83
104 104
36 36
184 184
128 128
134 134
137 137
109 109
9 9
138 138
24 24
117 117
159 159
87 87
67 67
47 47
96 96
95 95
44 44
182 182
77 77
50 50
157 157
70 70
155 155
28 28
103 103
170 170
146 146
194 194
163 163
175 175
17 17
64 64
58 58
197 197
121 121
20 20
130 130
65 65
173 173
42 42
89 89
108 108
102 102
116 116
32 32
75 75
6 6
38 38
27 27
185 185
18 18
139 139
160 160
145 145
106 106
31 31
193 193
178 178
69 69
25 25
79 79
98 98
120 120
49 49
119 119
