SantaClarita Carrollton Lubbock Frisco Torrance Surprise Sunnyvale Visalia Portland Henderson FortWayne Torrance Hartford Boston Ontario Omaha Allentown Pomona Stockton Indianapolis Austin PembrokePines Frisco LexingtonFa Frisco Lubbock Concord Lubbock Carrollton GardenGrove Victorville Shreveport Huntsville Thornton Midland Thornton Beaumont NewportNews Thornton Yonkers Memphis Wichita Bellevue Alexandria Worcester Garland Newark OklahomaCity LosAngeles Orlando Brownsville Lafayette OklahomaCity StPetersburg RanchoCucamonga Washington WestValleyCity LouisvilleJefferson LongBeach SanDiego StLouis SanDiego Waco SanDiego Stamford Berkeley Akron Chandler Paterson SanDiego Frisco Pomona Irvine Scottsdale SiouxFalls Independence Fayetteville Escondido SantaClarita
50
Surprise Surprise
Sunnyvale Sunnyvale
Visalia Visalia
Henderson Henderson
Hartford Hartford
Boston Boston
Ontario Ontario
Omaha Omaha
Allentown Allentown
Pomona Pomona
Stockton Stockton
Indianapolis Indianapolis
Austin Austin
PembrokePines PembrokePines
LexingtonFa LexingtonFa
Concord Concord
Carrollton Carrollton
GardenGrove GardenGrove
Victorville Victorville
Shreveport Shreveport
Huntsville Huntsville
Midland Midland
Beaumont Beaumont
NewportNews NewportNews
Yonkers Yonkers
Wichita Wichita
Bellevue Bellevue
Alexandria Alexandria
Worcester Worcester
Garland Garland
Newark Newark
OklahomaCity OklahomaCity
LosAngeles LosAngeles
Orlando Orlando
Brownsville Brownsville
Lafayette Lafayette
StPetersburg StPetersburg
RanchoCucamonga RanchoCucamonga
Washington Washington
WestValleyCity WestValleyCity
LouisvilleJefferson LouisvilleJefferson
LongBeach LongBeach
StLouis StLouis
Waco Waco
Stamford Stamford
Paterson Paterson
Scottsdale Scottsdale
SiouxFalls SiouxFalls
Independence Independence
Fayetteville Fayetteville
