Waco OverlandPark Newark Lincoln Detroit SaltLakeCity Rochester Oski Irving SantaClara ChulaVista SantaClara Irving SaltLakeCity AnnArbor Palmdale AthensClarkeCounty OWO SterlingHeights OWO LexingtonFa OWO AthensClarkeCounty SanFrancisco Richmond Aurora KansasCity Omaha Palmdale FortWayne Palmdale StPaul Victorville SanBernardino Stamford Cary Stamford Clarksville Palmdale FortCollins Palmdale SterlingHeights OverlandPark Waco SanAntonio MorenoValley Waco
25
Newark Newark
Lincoln Lincoln
Detroit Detroit
SaltLakeCity SaltLakeCity
Rochester Rochester
Irving Irving
ChulaVista ChulaVista
AnnArbor AnnArbor
Palmdale Palmdale
AthensClarkeCounty AthensClarkeCounty
OWO OWO
SterlingHeights SterlingHeights
LexingtonFa LexingtonFa
SanFrancisco SanFrancisco
Richmond Richmond
Omaha Omaha
FortWayne FortWayne
StPaul StPaul
SanBernardino SanBernardino
Stamford Stamford
Cary Cary
Clarksville Clarksville
FortCollins FortCollins
SanAntonio SanAntonio
MorenoValley MorenoValley
