Soda berit chloe danyal winifred woolf singhal castro meghan grace patagonia garbers davis shen sunny lewke tamara jarrett vilaythong djajadi alvin yip rabie sarina sriram daniel caroline rob noor martinez golden garcia krishnan amanda massachusetts ruhi eshaan annie rosen shah ashley ritter juliann kevin lo roshan andrew ian walsh aidan connor Soda
50
berit berit
chloe chloe
danyal danyal
winifred winifred
woolf woolf
singhal singhal
castro castro
meghan meghan
grace grace
patagonia patagonia
garbers garbers
davis davis
shen shen
sunny sunny
lewke lewke
tamara tamara
jarrett jarrett
vilaythong vilaythong
djajadi djajadi
alvin alvin
yip yip
rabie rabie
sarina sarina
sriram sriram
daniel daniel
caroline caroline
rob rob
noor noor
martinez martinez
golden golden
garcia garcia
krishnan krishnan
amanda amanda
massachusetts massachusetts
ruhi ruhi
eshaan eshaan
annie annie
rosen rosen
shah shah
ashley ashley
ritter ritter
juliann juliann
kevin kevin
lo lo
roshan roshan
andrew andrew
ian ian
walsh walsh
aidan aidan
connor connor
