LesLilas SantanadoLivramento SaintCyrlEcole Haora Skelmersdale FortWorth Acireale Baramula Sorada SouthSaintPaul Kemise Shurugwi Manacapuru Gorgan Shimofurano Arzamas Sobue Johnston Wenchi Hangu Daokou Sosnovka HaciendaLaCalera KotRadhaKishan Izhevsk Ibirataia Hirosaki TagbilaranCity MineralnyeVody BlueIsland ChalcodeDiazCovarrub Kambove MonteAlegre CapimGrosso Turek Andrychow SanJuandelaMaguana NoblePark Kotka PortoVelho FetestiGara Embu Tabou EastLongmeadow Mocoa Fuxin Nagar Escada Pozzuoli Haripur Khulm Lloydminster SpanishTown Kineshma Pezinok Belalcazar Oerlinghausen Anjarah Rhondda Mabopane Prostejov Braila Bury PriegodeCordoba Banting GuaMusang Banting Shchekino Itororo Ortaca Morwa Acarau Akcaabat Mauban WestIslip Djelfa Rivas Twante SenaMadureira NahiyatashShinafiyah Korsakov Mondlo AinArnat Battambang Mandan Butuan Kaifeng Aringay Garbsen Angleton SenadorPompeu Gunzenhausen Aracuai AinBessem Kairouan Acireale Ontinyent Vyazniki UlanBator Razam Wangon EastLongmeadow Gowurdak Hangu Vaniyambadi Yafo Shieli Malpe GongdanglegiKulon VillaPauladeSarmient GongdanglegiKulon Espiye Shchekino AshtonunderLyne MineralnyeVody MadinatHamad MineralnyeVody Langenhorn Haripur Geiro Zhaodong Aracuai AinBessem LesLilas
100
SantanadoLivramento SantanadoLivramento
SaintCyrlEcole SaintCyrlEcole
Haora Haora
Skelmersdale Skelmersdale
FortWorth FortWorth
Acireale Acireale
Baramula Baramula
Sorada Sorada
SouthSaintPaul SouthSaintPaul
Kemise Kemise
Shurugwi Shurugwi
Manacapuru Manacapuru
Gorgan Gorgan
Shimofurano Shimofurano
Arzamas Arzamas
Sobue Sobue
Johnston Johnston
Wenchi Wenchi
Hangu Hangu
Daokou Daokou
Sosnovka Sosnovka
HaciendaLaCalera HaciendaLaCalera
KotRadhaKishan KotRadhaKishan
Izhevsk Izhevsk
Ibirataia Ibirataia
Hirosaki Hirosaki
TagbilaranCity TagbilaranCity
MineralnyeVody MineralnyeVody
BlueIsland BlueIsland
ChalcodeDiazCovarrub ChalcodeDiazCovarrub
Kambove Kambove
MonteAlegre MonteAlegre
CapimGrosso CapimGrosso
Turek Turek
Andrychow Andrychow
SanJuandelaMaguana SanJuandelaMaguana
NoblePark NoblePark
Kotka Kotka
PortoVelho PortoVelho
FetestiGara FetestiGara
Embu Embu
Tabou Tabou
EastLongmeadow EastLongmeadow
Mocoa Mocoa
Fuxin Fuxin
Nagar Nagar
Escada Escada
Pozzuoli Pozzuoli
Haripur Haripur
Khulm Khulm
Lloydminster Lloydminster
SpanishTown SpanishTown
Kineshma Kineshma
Pezinok Pezinok
Belalcazar Belalcazar
Oerlinghausen Oerlinghausen
Anjarah Anjarah
Rhondda Rhondda
Mabopane Mabopane
Prostejov Prostejov
Braila Braila
Bury Bury
PriegodeCordoba PriegodeCordoba
GuaMusang GuaMusang
Shchekino Shchekino
Itororo Itororo
Ortaca Ortaca
Morwa Morwa
Acarau Acarau
Akcaabat Akcaabat
WestIslip WestIslip
Rivas Rivas
Twante Twante
SenaMadureira SenaMadureira
NahiyatashShinafiyah NahiyatashShinafiyah
Korsakov Korsakov
AinArnat AinArnat
Battambang Battambang
Butuan Butuan
Kaifeng Kaifeng
Garbsen Garbsen
Angleton Angleton
SenadorPompeu SenadorPompeu
Gunzenhausen Gunzenhausen
Aracuai Aracuai
AinBessem AinBessem
Kairouan Kairouan
Ontinyent Ontinyent
Vyazniki Vyazniki
Wangon Wangon
Gowurdak Gowurdak
Vaniyambadi Vaniyambadi
Yafo Yafo
Shieli Shieli
VillaPauladeSarmient VillaPauladeSarmient
Espiye Espiye
AshtonunderLyne AshtonunderLyne
MadinatHamad MadinatHamad
Langenhorn Langenhorn
Zhaodong Zhaodong
