Kaimganj MilpaAlta Anahuac MilpaAlta Tocache GobernadorGalvez Novopokrovskaya Albi Karasuyama Tsukawaki Yucheng Isakogorka Leixlip MontecatiniTerme Tsirang Korolev Fandriana Tocache Gobo Racine PinhalNovo Kansk EncarnaciondeDiaz Mesa Kawit Fagaras Pilibhit Irvine Pilibhit Norristown Brecht Tsirang GobernadorGalvez Narangba Dankov Leixlip Kaimganj
25
Anahuac Anahuac
MilpaAlta MilpaAlta
Tocache Tocache
GobernadorGalvez GobernadorGalvez
Novopokrovskaya Novopokrovskaya
Albi Albi
Karasuyama Karasuyama
Tsukawaki Tsukawaki
Yucheng Yucheng
Isakogorka Isakogorka
Leixlip Leixlip
MontecatiniTerme MontecatiniTerme
Tsirang Tsirang
Korolev Korolev
Fandriana Fandriana
Gobo Gobo
Racine Racine
PinhalNovo PinhalNovo
EncarnaciondeDiaz EncarnaciondeDiaz
Fagaras Fagaras
Pilibhit Pilibhit
Irvine Irvine
Brecht Brecht
Narangba Narangba
Dankov Dankov
