yqRn7pcv mpBvpan0 Wvomb2LC 2XMfF8YA Tv0Ngo2a hC2ZPbzA fsgAjhrq 1JmiRMy2 i4M5A6hw yqRn7pcv mpBvpan0 RKTqv0lO xaYYL0Xr ne5PzSYX zcy1X765 XlaUIvCb mmiVeCrf o5fxSomz rJm7nPd7 mB6fiF0u 5Zo9R33z fMhFZEQj LQU5lyru rKjRBwvM 7xyYvlir 6XOrbPEm hcJG54h4 uzY67sfN lRFv66dO hcJG54h4 dYz0v5Rl mpBvpan0 yqRn7pcv
25
yqRn7pcv yqRn7pcv
Wvomb2LC Wvomb2LC
2XMfF8YA 2XMfF8YA
Tv0Ngo2a Tv0Ngo2a
hC2ZPbzA hC2ZPbzA
fsgAjhrq fsgAjhrq
1JmiRMy2 1JmiRMy2
i4M5A6hw i4M5A6hw
RKTqv0lO RKTqv0lO
xaYYL0Xr xaYYL0Xr
ne5PzSYX ne5PzSYX
zcy1X765 zcy1X765
XlaUIvCb XlaUIvCb
mmiVeCrf mmiVeCrf
o5fxSomz o5fxSomz
rJm7nPd7 rJm7nPd7
mB6fiF0u mB6fiF0u
5Zo9R33z 5Zo9R33z
LQU5lyru LQU5lyru
rKjRBwvM rKjRBwvM
7xyYvlir 7xyYvlir
6XOrbPEm 6XOrbPEm
hcJG54h4 hcJG54h4
uzY67sfN uzY67sfN
lRFv66dO lRFv66dO
