74 65 52 48 54 50 2 6 20 34 60 1 62 3 4 21 38 41 64 44 16 13 0 22 9 57 43 45 5 53 61 24 32 25 49 19 46 31 7 15 47 14 56 26 37 18 28 39 12 11 36 63 10 27 51 29 55 58 59 40 30 42 8 23 33 35 77 17 74
66
65 65
52 52
48 48
54 54
50 50
2 2
6 6
20 20
34 34
60 60
1 1
62 62
3 3
4 4
21 21
38 38
41 41
64 64
44 44
16 16
13 13
0 0
22 22
9 9
57 57
43 43
45 45
5 5
53 53
61 61
24 24
32 32
25 25
49 49
19 19
46 46
31 31
7 7
15 15
47 47
14 14
56 56
26 26
37 37
18 18
28 28
39 39
12 12
11 11
36 36
63 63
10 10
27 27
51 51
29 29
55 55
58 58
59 59
40 40
30 30
42 42
8 8
23 23
33 33
35 35
17 17
