Acadia Guadalupe Isle Brycecanyon Glacier Gunnison Basin Badlands Crater Indiana Channel Cuyahoga Biscayne Acadia Capitol Acadia Guadalupe Sequoia Arches Olympic Saguaro Gateway Teton Isle Brycecanyon Canyonlands Clark Shenandoah Haleakala Teddy Denali Yosemite Bend Tortugas Bend Voyageurs Smoky Voyageurs Mammoth Everglades Congaree Caverns Rocky Biscayne Acadia
25
Isle Isle
Brycecanyon Brycecanyon
Glacier Glacier
Gunnison Gunnison
Basin Basin
Badlands Badlands
Crater Crater
Indiana Indiana
Channel Channel
Cuyahoga Cuyahoga
Biscayne Biscayne
Capitol Capitol
Guadalupe Guadalupe
Arches Arches
Gateway Gateway
Teton Teton
Canyonlands Canyonlands
Haleakala Haleakala
Denali Denali
Bend Bend
Tortugas Tortugas
Smoky Smoky
Everglades Everglades
Congaree Congaree
Caverns Caverns
