pace king banana sign legislation enhance dough linger vegetarian forge tolerate forge winner solve prison dialogue guarantee king banana figure understand paper mystery gate circulation output autonomy glasses tool dialogue likely skeleton disclose injury disclose class exclusive buffet exclusive dip joint demand pain demand cigarette tablet swear other excuse thumb nationalist shy title sunrise certain page fortune imposter throne stroke discriminate lake rob bitter respect financial voice pace honor feature interactive throne quality headline mature brake chair mystery enter mystery paper understand seize due guarantee king pace
50
sign sign
legislation legislation
enhance enhance
dough dough
linger linger
vegetarian vegetarian
tolerate tolerate
winner winner
prison prison
guarantee guarantee
king king
figure figure
paper paper
mystery mystery
circulation circulation
output output
autonomy autonomy
glasses glasses
tool tool
likely likely
injury injury
class class
exclusive exclusive
buffet buffet
dip dip
demand demand
pain pain
cigarette cigarette
tablet tablet
swear swear
other other
thumb thumb
nationalist nationalist
shy shy
title title
sunrise sunrise
page page
imposter imposter
throne throne
lake lake
rob rob
bitter bitter
financial financial
voice voice
honor honor
quality quality
headline headline
brake brake
enter enter
seize seize
