pace mixture mercy native blonde pipe buffet exempt development native development skeleton profound coast swear tool railcar attraction guarantee joystick swop electronics interface environment bleed curriculum bleed smile headline smile bleed pier pig straighten identity coincide dive view profound gallon injection financial mercy mixture chair respect throne country triple candle ask enemy control enemy desk spoil ex teacher hospitality terms deter note tablet imposter quadruple other likely comfortable likely viable atmosphere rent sunrise audience ignore shiver ignore due ignore liver swop nationalist acceptance nationalist page mature native development confrontation forge excuse rob demand feature demand injury flag home error interactive election lifestyle cotton dialogue rage bitter coffin attraction guarantee joystick bowel brake scheme brake profound virgin winner assignment winner boom quality autonomy ward lake begin greeting decisive linger physics dough linger vegetarian exile vegetarian market banana widen banana driver mystery deter terms thumb terms deter linger vegetarian pardon vegetarian exclusive dip understand railcar tool illusion joint output structure throne country knot bleed pier approval circulation stress circulation approval pier bleed smile drawer chew offset chew curriculum bleed sign speaker pace
100
pace pace
pipe pipe
buffet buffet
exempt exempt
development development
native native
skeleton skeleton
profound profound
coast coast
swear swear
tool tool
railcar railcar
attraction attraction
guarantee guarantee
swop swop
electronics electronics
interface interface
environment environment
curriculum curriculum
smile smile
headline headline
pig pig
straighten straighten
identity identity
coincide coincide
dive dive
injection injection
financial financial
mercy mercy
chair chair
respect respect
throne throne
country country
triple triple
candle candle
ask ask
enemy enemy
control control
spoil spoil
teacher teacher
deter deter
note note
tablet tablet
imposter imposter
quadruple quadruple
other other
likely likely
comfortable comfortable
viable viable
atmosphere atmosphere
rent rent
audience audience
ignore ignore
shiver shiver
due due
liver liver
acceptance acceptance
page page
mature mature
confrontation confrontation
forge forge
excuse excuse
rob rob
feature feature
injury injury
flag flag
home home
error error
interactive interactive
election election
lifestyle lifestyle
cotton cotton
rage rage
coffin coffin
bowel bowel
scheme scheme
virgin virgin
assignment assignment
boom boom
autonomy autonomy
begin begin
greeting greeting
decisive decisive
physics physics
dough dough
exile exile
market market
widen widen
driver driver
thumb thumb
pardon pardon
exclusive exclusive
dip dip
illusion illusion
output output
structure structure
knot knot
stress stress
drawer drawer
offset offset
