pace exclusive output injury skeleton injury output exclusive throne view excuse due audience headline brake nationalist feature nationalist brake opposed thumb exempt thumb enter deposit approval king likely page guarantee page likely market mixture voice due gate pier likely circulation likely king approval prison honor prison view winner exclusive pace
25
skeleton skeleton
injury injury
output output
throne throne
excuse excuse
audience audience
headline headline
brake brake
nationalist nationalist
feature feature
opposed opposed
exempt exempt
enter enter
deposit deposit
approval approval
king king
likely likely
page page
guarantee guarantee
market market
mixture mixture
voice voice
gate gate
circulation circulation
honor honor
