HAZtD F7CZj RN9nS 3NU9e aWuHk mJExt cC0Rg u60s4 gpbSj cC0Rg p3gJd mJExt iqOI4 mJExt aWuHk XbFfE O8CwF DaieK uPUO1 DaieK p3gJd cpzS8 acHTt cpzS8 AwFdf 2zHfe fExZu v7hOX Mm2U8 15wtn ox9Gx 69WZh mdIe6 69WZh jesVt 4AhmX cu5FB 93R2m C4biR aegld C4biR 93R2m 4AhmX jesVt 69WZh zrVPv wedr3 69WZh Q5zY0 kvy7i Ia6ul eVDVP Agb0E WVEjT Agb0E VG4na b9v0q SEkfX v7hOX fExZu 2zHfe AwFdf kNG2j kjZGl UQeyk EgumV fWz4T iHR3J v0WXM R6NzB 0FMEI tgL8p DmTRc 4jcrD Vg6Sz iIQll GrnJ7 v9joy UbqWX GrnJ7 gNinx GrnJ7 iaaYU GrnJ7 rmW0U CHx6u bMhFI lF8gH bMhFI rmW0U HOuAL rmW0U 9tf0w rmW0U GrnJ7 iIQll p4kTx iIQll Vg6Sz iPRoT Q8lcd 6sv9O HAKlt 0moVI GUEko iimZq 6owsT OWqP4 rVnMc SxklZ BaYb3 IOpdQ 1VA1I Zok18 7kY28 URrao fiXIW 7kY28 pLg86 Xqwfz jyRQW zcuSA 4PSW9 0F8yg 9cp56 p3gJd rH3nx 1gvq4 lJnz7 GxQg8 3NU9e RN9nS F7CZj J0OP0 iKwe0 Cg1yP J0OP0 F7CZj z82fM EyMEe vfAR8 bW6Ms vfAR8 zg9rt UqGfS Ssao4 UqGfS X2hjX UqGfS NqBQW UqGfS iqOI4 mJExt XbFfE O8CwF TlJnt O8CwF XbFfE aWuHk 3NU9e CXkxa Lusir CXkxa ED9em 5h4rt ED9em RN9nS F7CZj wnnBN 4Eg1F HAZtD 6gp0A kPB79 4Tt2a kPB79 4PXv9 kPB79 UqGfS iqOI4 mJExt p3gJd 9cp56 sU69u 2GCiD RWE9G 5EAEu sU69u 9cp56 u60s4 Zxvdf jyRQW Xqwfz SxklZ VESmp SxklZ 0moVI Pk19A iimZq qz2Of 8Qx0C iPRoT Q8lcd GaZ4O H1xt8 o2JtM DuU0x BIY9X DuU0x e7SjH E6pda xKTIz E6pda e7SjH 2LhKB e7SjH o2JtM 8x5TS ejBhY Vg6Sz iIQll GrnJ7 DmTRc tgL8p 0FMEI R6NzB ZKvNM TzGS5 ZKvNM SE1WY fWz4T EgumV UQeyk p3gJd aWuHk 3NU9e RN9nS F7CZj HAZtD
100
u60s4 u60s4
gpbSj gpbSj
cC0Rg cC0Rg
p3gJd p3gJd
iqOI4 iqOI4
aWuHk aWuHk
O8CwF O8CwF
DaieK DaieK
uPUO1 uPUO1
cpzS8 cpzS8
acHTt acHTt
AwFdf AwFdf
fExZu fExZu
v7hOX v7hOX
ox9Gx ox9Gx
69WZh 69WZh
mdIe6 mdIe6
jesVt jesVt
4AhmX 4AhmX
cu5FB cu5FB
aegld aegld
zrVPv zrVPv
wedr3 wedr3
Ia6ul Ia6ul
eVDVP eVDVP
Agb0E Agb0E
WVEjT WVEjT
VG4na VG4na
SEkfX SEkfX
kNG2j kNG2j
EgumV EgumV
fWz4T fWz4T
iHR3J iHR3J
R6NzB R6NzB
DmTRc DmTRc
4jcrD 4jcrD
Vg6Sz Vg6Sz
iIQll iIQll
v9joy v9joy
UbqWX UbqWX
gNinx gNinx
iaaYU iaaYU
CHx6u CHx6u
bMhFI bMhFI
lF8gH lF8gH
HOuAL HOuAL
9tf0w 9tf0w
p4kTx p4kTx
Q8lcd Q8lcd
HAKlt HAKlt
0moVI 0moVI
iimZq iimZq
6owsT 6owsT
OWqP4 OWqP4
SxklZ SxklZ
BaYb3 BaYb3
IOpdQ IOpdQ
1VA1I 1VA1I
Zok18 Zok18
7kY28 7kY28
URrao URrao
fiXIW fiXIW
pLg86 pLg86
zcuSA zcuSA
0F8yg 0F8yg
rH3nx rH3nx
1gvq4 1gvq4
lJnz7 lJnz7
GxQg8 GxQg8
RN9nS RN9nS
J0OP0 J0OP0
iKwe0 iKwe0
Cg1yP Cg1yP
z82fM z82fM
vfAR8 vfAR8
bW6Ms bW6Ms
UqGfS UqGfS
Ssao4 Ssao4
X2hjX X2hjX
NqBQW NqBQW
TlJnt TlJnt
Lusir Lusir
ED9em ED9em
5h4rt 5h4rt
wnnBN wnnBN
4Tt2a 4Tt2a
4PXv9 4PXv9
2GCiD 2GCiD
5EAEu 5EAEu
Zxvdf Zxvdf
VESmp VESmp
Pk19A Pk19A
8Qx0C 8Qx0C
H1xt8 H1xt8
DuU0x DuU0x
BIY9X BIY9X
E6pda E6pda
xKTIz xKTIz
2LhKB 2LhKB
TzGS5 TzGS5
