Abbey Yoselin Dana Alexia Ayanna Harley Beatrice Isabella Avni Eden Haven Kristina Lana Carlee Jamiya Helen Karma Kimberly Lillie Kayley Lilia Jordin Marisol Maeve Liberty Kiera Mckinley Mira Shannon Lisa Riley Vivian Tanya Matilda Rebecca Rayna Tara Ruth Presley Christine Nora Christine Sophia Camilla Abbey
40
Yoselin Yoselin
Dana Dana
Alexia Alexia
Ayanna Ayanna
Harley Harley
Beatrice Beatrice
Isabella Isabella
Avni Avni
Eden Eden
Haven Haven
Kristina Kristina
Lana Lana
Carlee Carlee
Jamiya Jamiya
Helen Helen
Karma Karma
Kimberly Kimberly
Lillie Lillie
Kayley Kayley
Lilia Lilia
Jordin Jordin
Marisol Marisol
Maeve Maeve
Liberty Liberty
Kiera Kiera
Mckinley Mckinley
Mira Mira
Shannon Shannon
Lisa Lisa
Riley Riley
Vivian Vivian
Tanya Tanya
Matilda Matilda
Rebecca Rebecca
Rayna Rayna
Tara Tara
Ruth Ruth
Presley Presley
Nora Nora
Sophia Sophia
