Ilesa Perth GernikaLumo Hermsdorf Aleshtar Jagna Stupino Milledgeville Tupelo Memmingen WaltonontheNaze Polohy Mexborough Marburg Palm Sishui Ventimiglia Bensheim Aklera Foshan Sirsi Calauan Rhosllanerchrugog Malden Tupiza Valday Bogovinje MitryMory Onex Puerto Perth Niort Uran Azrou Milagro Alexandria PortVila Puducherry American Davis Jiangyan Brunswick Zeist Valletta Itacoatiara Valletta Sceaux Liberia Bobigny Sillanwali Portogruaro Chacabuco Shaowu Sheoganj Ramla Yingkou Oschatz Viewpark Palafrugell Villaquilambre Aistala Tharu Aistala DehiwalaMount El Paredes Liberia PointeClaire Bensheim Campobasso Bensheim Oulmes Bensheim Bang Shagamu GatesNorth Barracas Aurora Morningside Talipparamba Meizhou Toledo Perth Tak Perth Jashpurnagar Magomeni Minas Mouscron Minas Dahlem Minas New Belper Guli Bon Landshut Uran Alfenas Rafaela Sorsogon Oberhausen Hermsdorf LonsleSaunier Belper Skalica Belper Zaozhuang Rutland Stuttgart Liberia Bavly Gariadhar Bensheim Resplendor Great Ada Krymsk Tiruppuvanam MitryMory Lodwar MitryMory Ponta MitryMory Claremont MitryMory Copperas Bensheim An Bensheim UlanUde Perth Brzeg Kyzylorda Bensheim Lille Bensheim Clermont Perth Great Tyoply Great Perth Ilesa
100
Ilesa Ilesa
GernikaLumo GernikaLumo
Hermsdorf Hermsdorf
Aleshtar Aleshtar
Jagna Jagna
Stupino Stupino
Milledgeville Milledgeville
Tupelo Tupelo
Memmingen Memmingen
WaltonontheNaze WaltonontheNaze
Polohy Polohy
Mexborough Mexborough
Marburg Marburg
Palm Palm
Sishui Sishui
Ventimiglia Ventimiglia
Bensheim Bensheim
Aklera Aklera
Foshan Foshan
Sirsi Sirsi
Calauan Calauan
Rhosllanerchrugog Rhosllanerchrugog
Malden Malden
Tupiza Tupiza
Valday Valday
Bogovinje Bogovinje
MitryMory MitryMory
Onex Onex
Puerto Puerto
Perth Perth
Niort Niort
Uran Uran
Azrou Azrou
Milagro Milagro
Alexandria Alexandria
PortVila PortVila
Puducherry Puducherry
American American
Davis Davis
Jiangyan Jiangyan
Brunswick Brunswick
Valletta Valletta
Itacoatiara Itacoatiara
Sceaux Sceaux
Bobigny Bobigny
Sillanwali Sillanwali
Chacabuco Chacabuco
Shaowu Shaowu
Ramla Ramla
Yingkou Yingkou
Viewpark Viewpark
Palafrugell Palafrugell
Villaquilambre Villaquilambre
Tharu Tharu
DehiwalaMount DehiwalaMount
Paredes Paredes
PointeClaire PointeClaire
Campobasso Campobasso
Oulmes Oulmes
Bang Bang
Shagamu Shagamu
Barracas Barracas
Aurora Aurora
Talipparamba Talipparamba
Meizhou Meizhou
Toledo Toledo
Tak Tak
Jashpurnagar Jashpurnagar
Magomeni Magomeni
Mouscron Mouscron
Dahlem Dahlem
New New
Guli Guli
Bon Bon
Landshut Landshut
Alfenas Alfenas
Sorsogon Sorsogon
Oberhausen Oberhausen
LonsleSaunier LonsleSaunier
Skalica Skalica
Zaozhuang Zaozhuang
Rutland Rutland
Stuttgart Stuttgart
Bavly Bavly
Gariadhar Gariadhar
Resplendor Resplendor
Great Great
Ada Ada
Tiruppuvanam Tiruppuvanam
Lodwar Lodwar
Ponta Ponta
Claremont Claremont
Copperas Copperas
An An
UlanUde UlanUde
Brzeg Brzeg
Kyzylorda Kyzylorda
Lille Lille
Clermont Clermont
Tyoply Tyoply
