create mosaic line colon mechanism bracket breakin tin absorption hide cancel scrap top perception nationalism community ballot accessible farewell pupil fuss magnitude steward predict suffer childish company appear feign deck pride creation pastel celebration basketball minimize adult skip merit belief dose contract battery concern prove think direct exotic linear maze crew transmission create
50
line line
colon colon
mechanism mechanism
bracket bracket
breakin breakin
tin tin
absorption absorption
hide hide
cancel cancel
scrap scrap
top top
perception perception
nationalism nationalism
community community
ballot ballot
accessible accessible
farewell farewell
pupil pupil
fuss fuss
magnitude magnitude
steward steward
predict predict
suffer suffer
childish childish
company company
appear appear
feign feign
deck deck
pride pride
creation creation
pastel pastel
celebration celebration
basketball basketball
minimize minimize
adult adult
skip skip
merit merit
belief belief
dose dose
contract contract
battery battery
concern concern
prove prove
think think
direct direct
exotic exotic
linear linear
maze maze
crew crew
transmission transmission
