pride offensive fortune hide loud celebration integrated mosaic company vote transaction thank equinox partnership pupil shelter homosexual wrong lobby dramatic community minimize fuss ballot bracket glide creation rabbit work colon traction mechanism tribe top domestic accessible perception cancel crew car merit dose inhibition present formation salmon linear knit feign direct create line gift mind tin basketball bring dialect desk steward seller skip battery pastel huge farewell absorption trance snap contract belief transmission magnetic nationalism deck valid childish maze leash predict scrap berry prove appear deter dedicate magnitude makeup suffer breakin denial concern whole thread east dilemma think adult exotic contract craftsman plug pride
100
pride pride
offensive offensive
fortune fortune
hide hide
loud loud
celebration celebration
integrated integrated
mosaic mosaic
company company
vote vote
transaction transaction
thank thank
equinox equinox
partnership partnership
pupil pupil
shelter shelter
homosexual homosexual
wrong wrong
lobby lobby
dramatic dramatic
community community
minimize minimize
fuss fuss
ballot ballot
bracket bracket
glide glide
creation creation
rabbit rabbit
work work
colon colon
traction traction
mechanism mechanism
tribe tribe
top top
domestic domestic
accessible accessible
perception perception
cancel cancel
crew crew
car car
merit merit
dose dose
inhibition inhibition
present present
formation formation
salmon salmon
linear linear
knit knit
feign feign
direct direct
create create
line line
gift gift
mind mind
tin tin
basketball basketball
bring bring
dialect dialect
desk desk
steward steward
seller seller
skip skip
battery battery
pastel pastel
huge huge
farewell farewell
absorption absorption
trance trance
snap snap
contract contract
belief belief
transmission transmission
magnetic magnetic
nationalism nationalism
deck deck
valid valid
childish childish
maze maze
leash leash
predict predict
scrap scrap
berry berry
prove prove
appear appear
deter deter
dedicate dedicate
magnitude magnitude
makeup makeup
suffer suffer
breakin breakin
denial denial
concern concern
whole whole
thread thread
east east
dilemma dilemma
think think
adult adult
exotic exotic
craftsman craftsman
