Albania Fiji Rome Burkina EquatorGuinea Malaysia SolomonIslands Bahamas Andorra Djibouti Thailand IvoryCoast BosHerzegovina Mauritania Bulgaria VaticanCity Nepal Estonia Comoros Norway Panama Italy Mauritius Algeria Pakistan Laos Paraguay UnitedKingdom Eritrea Dominica MountAthos Mongolia Peru Kosovo America CapeVerde Portugal Luxembourg Brazil Belarus Japan Latvia Niger Cyprus Cambodia Philippines Burma Danzig Kazakhstan Jamaica Tunisia Lesotho Qatar Argentina Germany Chile Tanzania Ukraine Kiribati SierraLeone Australia Yemen Newfoundland Ethiopia Romania NorthKorea SaintLucia France Slovenia Rwanda Gabon Vanuatu CentralAfricanRep Bhutan SaoTomPrincipe Guatemala SaudiArabia Poland UAE SriLanka Grenada Switzerland Hungary Cuba Seychelles Togo Serbia Venezuela RussianFederation Israel Mali PapuaNewGuinea Finland NewZealand Maldives Greece TheGambia Liechtenstein Suriname Lithuania Albania SaintKitts Albania
100
Fiji Fiji
Rome Rome
Burkina Burkina
EquatorGuinea EquatorGuinea
Malaysia Malaysia
SolomonIslands SolomonIslands
Bahamas Bahamas
Andorra Andorra
Djibouti Djibouti
Thailand Thailand
IvoryCoast IvoryCoast
BosHerzegovina BosHerzegovina
Mauritania Mauritania
Bulgaria Bulgaria
VaticanCity VaticanCity
Nepal Nepal
Estonia Estonia
Comoros Comoros
Norway Norway
Panama Panama
Italy Italy
Mauritius Mauritius
Algeria Algeria
Pakistan Pakistan
Laos Laos
Paraguay Paraguay
UnitedKingdom UnitedKingdom
Eritrea Eritrea
Dominica Dominica
MountAthos MountAthos
Mongolia Mongolia
Peru Peru
Kosovo Kosovo
America America
CapeVerde CapeVerde
Portugal Portugal
Luxembourg Luxembourg
Brazil Brazil
Belarus Belarus
Japan Japan
Latvia Latvia
Niger Niger
Cyprus Cyprus
Cambodia Cambodia
Philippines Philippines
Burma Burma
Danzig Danzig
Kazakhstan Kazakhstan
Jamaica Jamaica
Tunisia Tunisia
Lesotho Lesotho
Qatar Qatar
Argentina Argentina
Germany Germany
Chile Chile
Tanzania Tanzania
Ukraine Ukraine
Kiribati Kiribati
SierraLeone SierraLeone
Australia Australia
Yemen Yemen
Newfoundland Newfoundland
Ethiopia Ethiopia
Romania Romania
NorthKorea NorthKorea
SaintLucia SaintLucia
France France
Slovenia Slovenia
Rwanda Rwanda
Gabon Gabon
Vanuatu Vanuatu
CentralAfricanRep CentralAfricanRep
Bhutan Bhutan
SaoTomPrincipe SaoTomPrincipe
Guatemala Guatemala
SaudiArabia SaudiArabia
Poland Poland
UAE UAE
SriLanka SriLanka
Grenada Grenada
Switzerland Switzerland
Hungary Hungary
Cuba Cuba
Seychelles Seychelles
Togo Togo
Serbia Serbia
Venezuela Venezuela
RussianFederation RussianFederation
Israel Israel
Mali Mali
PapuaNewGuinea PapuaNewGuinea
Finland Finland
NewZealand NewZealand
Maldives Maldives
Greece Greece
TheGambia TheGambia
Liechtenstein Liechtenstein
Suriname Suriname
Lithuania Lithuania
SaintKitts SaintKitts
