3 6 79 1 78 27 80 29 80 46 44 41 82 42 79 36 2 40 2 68 55 43 48 49 48 50 34 52 35 57 80 53 89 56 97 60 20 63 83 58 83 67 4 66 11 70 11 75 64 71 64 94 54 76 97 90 48 87 48 100 69 96 69 64 98 65 80 73 80 33 69 32 3 23 35 31 86 24 81 22 4 19 74 78 17 10 21 35 15 35 14 77 12 77 7 48 8 18 9 84 45 84 55 85 93 88 61 25 61 88 93 85 55 3
50
6 6
1 1
27 27
29 29
46 46
41 41
42 42
36 36
40 40
68 68
43 43
49 49
50 50
52 52
57 57
53 53
56 56
60 60
63 63
58 58
67 67
66 66
70 70
75 75
71 71
94 94
76 76
90 90
87 87
100 100
96 96
98 98
73 73
33 33
32 32
23 23
31 31
24 24
22 22
19 19
17 17
21 21
15 15
14 14
12 12
7 7
8 8
9 9
45 45
25 25
