Vernon Anaheim Industrial Winterhaven Brundage Bell Bradley Huron Cerro Temecula Pacheco Fox Carmel Helm Del Blue Three Ritter California Beach South Balboa Fullerton Presidio Cressey Hammer Rough Le Richvale Fiorini Timbuctoo Antelope Kaiser Rowland Civic Veterans Forbestown Yankee Calaveras Bonny Woody Pleasant Cambridge Alamo Yurok Escondido Delta Potrero Cabbage Sacramento Bakersfield Louis Crestmont Manker Tijuana Escalon Coddingtown Donner Grasslands Bodad Costa Portola Stockdale Robertsville Saint Bangor Smith Dulzura Flinn Mecca Collins Garcia Sulpizio Capuchino Glencoe Buena Smoke Lake Wallace Hoffman Clayton Marshall Industry Warner Parchester Quail Terra Sherman Santa Cudahy Roseland Ramona Downtown Davenport All Strawberry Sunny Armstrong Chittenden Moores Calexico Cypress Vernon
100
Anaheim Anaheim
Industrial Industrial
Winterhaven Winterhaven
Brundage Brundage
Bell Bell
Bradley Bradley
Huron Huron
Cerro Cerro
Temecula Temecula
Pacheco Pacheco
Fox Fox
Carmel Carmel
Helm Helm
Del Del
Blue Blue
Three Three
Ritter Ritter
California California
Beach Beach
South South
Balboa Balboa
Fullerton Fullerton
Presidio Presidio
Cressey Cressey
Hammer Hammer
Rough Rough
Le Le
Richvale Richvale
Fiorini Fiorini
Timbuctoo Timbuctoo
Antelope Antelope
Kaiser Kaiser
Rowland Rowland
Civic Civic
Veterans Veterans
Forbestown Forbestown
Yankee Yankee
Calaveras Calaveras
Bonny Bonny
Woody Woody
Pleasant Pleasant
Cambridge Cambridge
Alamo Alamo
Yurok Yurok
Escondido Escondido
Delta Delta
Potrero Potrero
Cabbage Cabbage
Sacramento Sacramento
Bakersfield Bakersfield
Louis Louis
Crestmont Crestmont
Manker Manker
Tijuana Tijuana
Escalon Escalon
Coddingtown Coddingtown
Donner Donner
Grasslands Grasslands
Bodad Bodad
Costa Costa
Portola Portola
Stockdale Stockdale
Robertsville Robertsville
Saint Saint
Bangor Bangor
Smith Smith
Dulzura Dulzura
Flinn Flinn
Mecca Mecca
Collins Collins
Garcia Garcia
Sulpizio Sulpizio
Capuchino Capuchino
Glencoe Glencoe
Buena Buena
Smoke Smoke
Lake Lake
Wallace Wallace
Hoffman Hoffman
Clayton Clayton
Marshall Marshall
Industry Industry
Warner Warner
Parchester Parchester
Quail Quail
Terra Terra
Sherman Sherman
Santa Santa
Cudahy Cudahy
Roseland Roseland
Ramona Ramona
Downtown Downtown
Davenport Davenport
All All
Strawberry Strawberry
Sunny Sunny
Armstrong Armstrong
Chittenden Chittenden
Moores Moores
Cypress Cypress
