L YouLL L some L but L glow use glow cool COuld cool of cool it cool glow your glow skate glow L staR L doNt start doNt as doNt To doNt bundled doNt gAme Somebody gAme away gAme smart gAme re years re hole game hole get hole shooting hole re roll re shine re GeT re gAme Hey gAme doNt L
25
YouLL YouLL
some some
but but
use use
COuld COuld
of of
it it
your your
skate skate
staR staR
start start
as as
To To
bundled bundled
Somebody Somebody
away away
smart smart
years years
game game
get get
shooting shooting
roll roll
shine shine
GeT GeT
Hey Hey
