0 66 77 121 86 69 188 189 190 191 192 193 194 195 196 197 198 199 198 197 196 195 194 193 192 191 190 189 188 69 122 151 143 129 120 67 112 107 140 83 13 31 160 5 43 19 146 34 62 101 44 36 12 68 28 51 60 61 35 47 59 65 53 102 135 73 145 54 2 3 22 142 80 159 72 118 56 148 94 24 155 95 133 124 7 153 157 161 162 163 164 165 166 167 168 169 170 171 172 173 174 175 176 177 178 179 180 181 182 183 184 185 186 187 186 185 184 183 182 181 180 179 178 177 176 175 174 173 172 171 170 169 168 167 166 165 164 163 162 161 29 0
100
66 66
77 77
121 121
86 86
69 69
188 188
189 189
190 190
191 191
192 192
193 193
194 194
195 195
196 196
197 197
198 198
199 199
122 122
151 151
143 143
129 129
120 120
67 67
112 112
107 107
140 140
83 83
13 13
31 31
160 160
5 5
43 43
19 19
146 146
34 34
62 62
101 101
44 44
36 36
12 12
68 68
28 28
51 51
60 60
61 61
35 35
47 47
59 59
65 65
53 53
102 102
135 135
73 73
145 145
54 54
2 2
3 3
22 22
142 142
80 80
159 159
72 72
118 118
56 56
148 148
94 94
24 24
155 155
95 95
133 133
124 124
7 7
153 153
157 157
162 162
163 163
164 164
165 165
166 166
167 167
168 168
169 169
170 170
171 171
172 172
173 173
174 174
175 175
176 176
177 177
178 178
179 179
180 180
181 181
182 182
183 183
184 184
185 185
186 186
187 187
