hdpxs osxbc rchbw amfiz dwyai wotiq vgwoi crlfe hwmzn sxdiu tmwdy nqtru rlumh mlibf gstwp pytwh rjuxc ebwcp bdevm ehqyk yqfdk zcjqx fjdqi ypdnb rzvtg ayrgb oxuqn mhuad tjake cxdes oewcd osvgp syoxf stflc pgqva yvbse lpudv gdnim evsbm maqho qbdwz wajol xcvow qpbmc wkbuf kjihy syoxv mhekz gufvs tkwle armnk bkfuc btwzv uklga zqjxb jhlus ymcfp lnjxt mujil kzwah pihld aedvq jcwpu kscoz joztf cxajk evtgj qhibx rjdai mtcsd oaeyh gdovn utdhx vcwfj qsmkj wcjeg zntkr tndwl xlrzc drojn vobqh qhvsb yazqf dbjxw glrpy yqtob cqsby ahnds pjzqm xnpwq tfcam qckjp wdquv uiogl ktzce ohzfn dkjro iyuas egclu bwknx lmwpk frhgc htkwy bsvth wnelr cihba oxitr hdpxs
100
osxbc osxbc
rchbw rchbw
amfiz amfiz
wotiq wotiq
vgwoi vgwoi
hwmzn hwmzn
sxdiu sxdiu
tmwdy tmwdy
nqtru nqtru
rlumh rlumh
mlibf mlibf
gstwp gstwp
pytwh pytwh
rjuxc rjuxc
ebwcp ebwcp
bdevm bdevm
ehqyk ehqyk
yqfdk yqfdk
zcjqx zcjqx
fjdqi fjdqi
ypdnb ypdnb
rzvtg rzvtg
ayrgb ayrgb
oxuqn oxuqn
mhuad mhuad
tjake tjake
cxdes cxdes
oewcd oewcd
osvgp osvgp
syoxf syoxf
stflc stflc
pgqva pgqva
yvbse yvbse
lpudv lpudv
gdnim gdnim
evsbm evsbm
maqho maqho
qbdwz qbdwz
wajol wajol
xcvow xcvow
qpbmc qpbmc
wkbuf wkbuf
kjihy kjihy
syoxv syoxv
mhekz mhekz
gufvs gufvs
tkwle tkwle
armnk armnk
bkfuc bkfuc
btwzv btwzv
uklga uklga
zqjxb zqjxb
jhlus jhlus
ymcfp ymcfp
lnjxt lnjxt
mujil mujil
kzwah kzwah
pihld pihld
aedvq aedvq
jcwpu jcwpu
kscoz kscoz
joztf joztf
cxajk cxajk
evtgj evtgj
qhibx qhibx
rjdai rjdai
mtcsd mtcsd
oaeyh oaeyh
gdovn gdovn
utdhx utdhx
vcwfj vcwfj
qsmkj qsmkj
wcjeg wcjeg
zntkr zntkr
tndwl tndwl
xlrzc xlrzc
drojn drojn
vobqh vobqh
qhvsb qhvsb
yazqf yazqf
dbjxw dbjxw
yqtob yqtob
cqsby cqsby
ahnds ahnds
xnpwq xnpwq
qckjp qckjp
wdquv wdquv
uiogl uiogl
ktzce ktzce
ohzfn ohzfn
dkjro dkjro
iyuas iyuas
bwknx bwknx
lmwpk lmwpk
frhgc frhgc
htkwy htkwy
bsvth bsvth
wnelr wnelr
cihba cihba
oxitr oxitr
