Aberdeen Reno Hampton Lowell Chattanooga SaltLakeCity Redding SanAntonio ChulaVista Racine Elkhart Pensacola Elkhart Lewisville Gainesville Lewisville StPetersburg Lakewood Columbia GreenBay McAllen Marina McAllen Modesto SanBernardino Hartford Miramar Newburgh Hampton Tuscaloosa Winston Austin Henderson WestValleyCity Kennewick Montgomery SouthLyon Reno Springdale Reno Aberdeen
25
Reno Reno
Hampton Hampton
Lowell Lowell
Chattanooga Chattanooga
SaltLakeCity SaltLakeCity
SanAntonio SanAntonio
Racine Racine
Pensacola Pensacola
Lewisville Lewisville
Gainesville Gainesville
StPetersburg StPetersburg
GreenBay GreenBay
Marina Marina
Modesto Modesto
SanBernardino SanBernardino
Miramar Miramar
Newburgh Newburgh
Tuscaloosa Tuscaloosa
Winston Winston
Austin Austin
Henderson Henderson
WestValleyCity WestValleyCity
Montgomery Montgomery
SouthLyon SouthLyon
Springdale Springdale
