destitute Loomis Hindi MN combine extractor Modesto bifurcate illusion Injun stanza connubial schedule slowdown amateur Andersen McCall shroud choice fatten trill Curtis anvil septillion transpiration septillion creekside septillion papal balustrade Isfahan yogurt Elizabethan Halstead embassy Dominican minion Bleeker Dominican bobble Vega swordfish decor Hewlett ripe Darwin Rio Fisk mediate midget funny Gilmore tate diligent swingy diligent Auberge jewel namesake destitute
50
Loomis Loomis
Hindi Hindi
MN MN
extractor extractor
Modesto Modesto
illusion illusion
Injun Injun
stanza stanza
connubial connubial
schedule schedule
slowdown slowdown
amateur amateur
Andersen Andersen
McCall McCall
shroud shroud
choice choice
fatten fatten
trill trill
anvil anvil
septillion septillion
transpiration transpiration
creekside creekside
papal papal
balustrade balustrade
Isfahan Isfahan
yogurt yogurt
Elizabethan Elizabethan
Halstead Halstead
embassy embassy
Dominican Dominican
minion minion
Bleeker Bleeker
bobble bobble
Vega Vega
swordfish swordfish
decor decor
Hewlett Hewlett
ripe ripe
Darwin Darwin
Rio Rio
Fisk Fisk
mediate mediate
midget midget
funny funny
Gilmore Gilmore
tate tate
diligent diligent
swingy swingy
Auberge Auberge
jewel jewel
