tepsteinfdkilldlmhns nlhtdsdepsteinfmkill killepsteintdldshfnm thsfnmkilldlepsteind tskillepsteinhfmddnl dnhdskillepsteinmltf ndlmhepsteintdskillf tmhsnfepsteinldkilld ndlmhepsteintdskillf htskillepsteindnlfdm slepsteinftndkillmdh epsteinsdfmhltkillnd slepsteinftndkillmdh thmepsteinlkillfsndd mfskillnhlddtepstein epsteindsmnlfdtkillh mfskillnhlddtepstein dhlepsteindkillsmtnf lepsteinfdkillsdnmht nfdhepsteinltsdmkill nkillsdtdhfmlepstein epsteinthsdmndkillfl snldmtkillfepsteindh msnepsteinfkillhtdld hkillmepsteinstdfdnl msnepsteinfkillhtdld fnmhskilldepsteinltd ndlepsteinhdtskillfm ldnmepsteinhfstdkill skilldnmlhdftepstein ldnmepsteinhfstdkill hepsteinnfstkilllmdd hfskillnepsteinldtdm killnfhdsdltepsteinm hfskillnepsteinldtdm ldnmepsteinhfstdkill nmhdkilltslepsteinfd hldmepsteindsnkilltf ftdmlhkilldepsteinsn fnlskillhtepsteindmd hdepsteinsmdtnflkill tepsteinfdkilldlmhns
25
nlhtdsdepsteinfmkill nlhtdsdepsteinfmkill
killepsteintdldshfnm killepsteintdldshfnm
tskillepsteinhfmddnl tskillepsteinhfmddnl
ndlmhepsteintdskillf ndlmhepsteintdskillf
tmhsnfepsteinldkilld tmhsnfepsteinldkilld
htskillepsteindnlfdm htskillepsteindnlfdm
epsteinsdfmhltkillnd epsteinsdfmhltkillnd
thmepsteinlkillfsndd thmepsteinlkillfsndd
epsteindsmnlfdtkillh epsteindsmnlfdtkillh
dhlepsteindkillsmtnf dhlepsteindkillsmtnf
lepsteinfdkillsdnmht lepsteinfdkillsdnmht
nfdhepsteinltsdmkill nfdhepsteinltsdmkill
nkillsdtdhfmlepstein nkillsdtdhfmlepstein
epsteinthsdmndkillfl epsteinthsdmndkillfl
snldmtkillfepsteindh snldmtkillfepsteindh
msnepsteinfkillhtdld msnepsteinfkillhtdld
hkillmepsteinstdfdnl hkillmepsteinstdfdnl
fnmhskilldepsteinltd fnmhskilldepsteinltd
ndlepsteinhdtskillfm ndlepsteinhdtskillfm
skilldnmlhdftepstein skilldnmlhdftepstein
hepsteinnfstkilllmdd hepsteinnfstkilllmdd
killnfhdsdltepsteinm killnfhdsdltepsteinm
hldmepsteindsnkilltf hldmepsteindsnkilltf
fnlskillhtepsteindmd fnlskillhtepsteindmd
hdepsteinsmdtnflkill hdepsteinsmdtnflkill
