1 96 71 35 92 84 43 15 43 84 92 35 71 96 1 4 2 98 83 87 91 97 0 95 94 72 86 22 45 47 48 99 46 64 42 54 51 85 16 80 78 76 89 88 24 67 75 81 62 69 66 58 60 82 63 90 68 81 49 38 57 61 79 77 79 61 57 38 49 52 49 56 49 53 49 74 49 34 49 59 49 55 49 70 49 81 67 24 88 89 76 78 80 16 44 45 27 29 39 40 18 73 30 23 28 31 50 32 26 41 19 36 37 65 12 8 13 14 33 20 11 9 17 21 25 10 3 5 7 93 6 93 7 5 3 10 25 21 17 9 11 20 33 14 13 8 12 65 37 36 19 41 26 32 50 31 28 23 30 73 18 40 39 29 27 45 22 86 72 94 95 0 97 91 87 83 98 2 4 1
50
15 15
94 94
45 45
47 47
48 48
99 99
46 46
64 64
42 42
54 54
51 51
85 85
16 16
80 80
78 78
76 76
89 89
88 88
24 24
67 67
75 75
81 81
62 62
69 69
66 66
58 58
60 60
82 82
63 63
90 90
68 68
49 49
38 38
57 57
61 61
79 79
77 77
52 52
56 56
53 53
74 74
34 34
59 59
55 55
70 70
44 44
36 36
20 20
7 7
6 6
