55 52 44 69 83 96 73 90 89 85 99 39 4 6 37 36 35 13 15 9 7 81 100 75 72 25 20 57 23 93 87 27 29 21 51 48 46 104 16 54 112 110 108 107 41 31 58 3 60 80 94 77 79 65 98 70 71 106 102 103 67 92 18 63 62 61 32 34 12 49 11 45 2 42 55
74
55 55
52 52
44 44
69 69
83 83
96 96
73 73
90 90
89 89
85 85
99 99
39 39
4 4
6 6
37 37
36 36
35 35
13 13
15 15
9 9
7 7
81 81
100 100
75 75
72 72
25 25
20 20
57 57
23 23
93 93
87 87
27 27
29 29
21 21
51 51
48 48
46 46
104 104
16 16
54 54
112 112
110 110
108 108
107 107
41 41
31 31
58 58
3 3
60 60
80 80
94 94
77 77
79 79
65 65
98 98
70 70
71 71
106 106
102 102
103 103
67 67
92 92
18 18
63 63
62 62
61 61
32 32
34 34
12 12
49 49
11 11
45 45
2 2
42 42
