Rhode Hellman Kentucky Grinnell Baton Madison Berkeley Santa Edwards Class Bancroft Montgomery West Energy Pennsylvania LeConte Jefferson CNMAT BART Montana Lower Durant Jones Concord Maxwell Hertz Stadium Moffitt Morrison Haste Simon Jacobs Foothill Durham Columbia Utah Providence Richmond Clark Minnesota Columbus Florida Nevada Silver Simpson Moses Cory Oregon Warren Lansing Mulford Annapolis Austin Heating Chou Hawaii Cleary Blackwell Nashville Barrows Wisconsin Observatory Insectary Mississippi Topeka Illinois International Maryland Etcheverry Mathematical Springer Salt Hartford Hearst Little Sproul Boalt Tennessee Police McLaughlin Trenton Bowles Tang Chvez Brain Krutch Hargrove Birge Campanile Michigan Valley Life Harrisburg Martin University Donner Cheyenne East Olympia McEnerney Rhode
100
Rhode Rhode
Hellman Hellman
Kentucky Kentucky
Grinnell Grinnell
Baton Baton
Madison Madison
Berkeley Berkeley
Santa Santa
Edwards Edwards
Class Class
Bancroft Bancroft
Montgomery Montgomery
West West
Energy Energy
Pennsylvania Pennsylvania
LeConte LeConte
Jefferson Jefferson
CNMAT CNMAT
BART BART
Montana Montana
Lower Lower
Durant Durant
Jones Jones
Concord Concord
Maxwell Maxwell
Hertz Hertz
Stadium Stadium
Moffitt Moffitt
Morrison Morrison
Haste Haste
Simon Simon
Jacobs Jacobs
Foothill Foothill
Durham Durham
Columbia Columbia
Utah Utah
Providence Providence
Richmond Richmond
Clark Clark
Minnesota Minnesota
Columbus Columbus
Florida Florida
Nevada Nevada
Silver Silver
Simpson Simpson
Moses Moses
Cory Cory
Oregon Oregon
Warren Warren
Lansing Lansing
Mulford Mulford
Annapolis Annapolis
Austin Austin
Heating Heating
Chou Chou
Hawaii Hawaii
Cleary Cleary
Blackwell Blackwell
Nashville Nashville
Barrows Barrows
Wisconsin Wisconsin
Observatory Observatory
Insectary Insectary
Mississippi Mississippi
Topeka Topeka
Illinois Illinois
International International
Maryland Maryland
Etcheverry Etcheverry
Mathematical Mathematical
Springer Springer
Salt Salt
Hartford Hartford
Hearst Hearst
Little Little
Sproul Sproul
Boalt Boalt
Tennessee Tennessee
Police Police
McLaughlin McLaughlin
Trenton Trenton
Bowles Bowles
Tang Tang
Chvez Chvez
Brain Brain
Krutch Krutch
Hargrove Hargrove
Birge Birge
Campanile Campanile
Michigan Michigan
Valley Valley
Life Life
Harrisburg Harrisburg
Martin Martin
University University
Donner Donner
Cheyenne Cheyenne
East East
Olympia Olympia
McEnerney McEnerney
