Donner Haste Wurster Providence Haas Phoenix Recreational Gayley Life Topeka Illinois Ishi Minnesota Old Tallahassee Gilman Foothill Iowa North Juneau Cyclotron Helena Optometry McCone Santa Donner
25
Donner Donner
Haste Haste
Wurster Wurster
Providence Providence
Haas Haas
Phoenix Phoenix
Recreational Recreational
Gayley Gayley
Life Life
Topeka Topeka
Illinois Illinois
Ishi Ishi
Minnesota Minnesota
Old Old
Tallahassee Tallahassee
Gilman Gilman
Foothill Foothill
Iowa Iowa
North North
Juneau Juneau
Cyclotron Cyclotron
Helena Helena
Optometry Optometry
McCone McCone
Santa Santa
