gc ac as co q dg u ds cm ab dy fw er go ck ep cd am cr cp j fh df bv df bn et gm b cz dn ai v gq bu y fr dw es at a bq fe e ff fk fq p by bc by gn dx ga gh ah ao cv cl cs cl ee cj el bi ey fn bb bt ft fd fo bl an ad bx ap cq dh en ae dj gg do dp aw dq bp cf fi bj ge cn g br fy cg fy az db fa eq d gi di gj gk em gc
100
ac ac
as as
co co
q q
dg dg
u u
ds ds
cm cm
ab ab
dy dy
fw fw
er er
go go
ck ck
ep ep
am am
cr cr
cp cp
j j
fh fh
bv bv
bn bn
et et
gm gm
b b
cz cz
dn dn
ai ai
v v
gq gq
bu bu
y y
fr fr
dw dw
es es
at at
a a
bq bq
fe fe
e e
ff ff
fk fk
fq fq
p p
by by
bc bc
gn gn
dx dx
ga ga
gh gh
ah ah
ao ao
cv cv
cl cl
cs cs
ee ee
cj cj
el el
bi bi
ey ey
fn fn
bb bb
bt bt
ft ft
fd fd
fo fo
bl bl
an an
ad ad
bx bx
ap ap
cq cq
dh dh
en en
ae ae
dj dj
gg gg
do do
dp dp
aw aw
dq dq
bp bp
fi fi
bj bj
ge ge
cn cn
g g
br br
fy fy
cg cg
az az
db db
fa fa
eq eq
d d
gi gi
di di
gj gj
gk gk
em em
