equinox band brick fish bark glove funeral chain method novel disposition muggy tropical uncertainty lamb wilderness presidential paint clothes explicit referee twitch dry houseplant corpse mastermind aisle flow slice prejudice secretary photograph hiccup union fibre seller jurisdiction essential farewell dollar remark analyst orange equinox
43
equinox equinox
band band
brick brick
fish fish
bark bark
glove glove
funeral funeral
chain chain
method method
novel novel
disposition disposition
muggy muggy
tropical tropical
uncertainty uncertainty
lamb lamb
wilderness wilderness
presidential presidential
paint paint
clothes clothes
explicit explicit
referee referee
twitch twitch
dry dry
houseplant houseplant
corpse corpse
mastermind mastermind
aisle aisle
flow flow
slice slice
prejudice prejudice
secretary secretary
photograph photograph
hiccup hiccup
union union
fibre fibre
seller seller
jurisdiction jurisdiction
essential essential
farewell farewell
dollar dollar
remark remark
analyst analyst
orange orange
