pump appearance performance depressed range sentiment title admiration attractive lemon polish hallway feign leadership ghost parallel rock valley linger hierarchy innovation freedom minor prospect pedestrian nominate affect mud category privilege diagram overlook plug unanimous button engineer guideline descent pipe anger mouse reflection separate sticky wage genetic float physical impound distributor exercise literature wear sacrifice line consideration formulate sweet pray ensure survival reject park pursuit sit packet ground forest tip aspect row gloom fairy lot brain judicial preoccupation need pump
78
pump pump
appearance appearance
performance performance
depressed depressed
range range
sentiment sentiment
title title
admiration admiration
attractive attractive
lemon lemon
polish polish
hallway hallway
feign feign
leadership leadership
ghost ghost
parallel parallel
rock rock
valley valley
linger linger
hierarchy hierarchy
innovation innovation
freedom freedom
minor minor
prospect prospect
pedestrian pedestrian
nominate nominate
affect affect
mud mud
category category
privilege privilege
diagram diagram
overlook overlook
plug plug
unanimous unanimous
button button
engineer engineer
guideline guideline
descent descent
pipe pipe
anger anger
mouse mouse
reflection reflection
separate separate
sticky sticky
wage wage
genetic genetic
float float
physical physical
impound impound
distributor distributor
exercise exercise
literature literature
wear wear
sacrifice sacrifice
line line
consideration consideration
formulate formulate
sweet sweet
pray pray
ensure ensure
survival survival
reject reject
park park
pursuit pursuit
sit sit
packet packet
ground ground
forest forest
tip tip
aspect aspect
row row
gloom gloom
fairy fairy
lot lot
brain brain
judicial judicial
preoccupation preoccupation
need need
