0 92 79 7 6 89 69 41 32 54 10 26 3 48 56 60 62 94 34 37 86 24 93 14 67 85 91 71 66 70 20 16 9 28 31 50 29 57 88 87 73 23 25 17 81 80 22 2 75 52 72 61 98 21 8 64 49 42 35 82 78 1 27 59 63 76 95 96 38 74 15 33 68 18 46 99 51 11 55 53 47 40 45 43 58 77 84 12 44 19 83 5 100 39 4 90 30 13 65 36 97 0
100
92 92
79 79
7 7
6 6
89 89
69 69
41 41
32 32
54 54
10 10
26 26
3 3
48 48
56 56
60 60
62 62
94 94
34 34
37 37
86 86
24 24
93 93
14 14
67 67
85 85
91 91
71 71
66 66
70 70
20 20
16 16
9 9
28 28
31 31
50 50
29 29
57 57
88 88
87 87
73 73
23 23
25 25
17 17
81 81
80 80
22 22
2 2
75 75
52 52
72 72
61 61
98 98
21 21
8 8
64 64
49 49
42 42
35 35
82 82
78 78
1 1
27 27
59 59
63 63
76 76
95 95
96 96
38 38
74 74
15 15
33 33
68 68
18 18
46 46
99 99
51 51
11 11
55 55
53 53
47 47
40 40
45 45
43 43
58 58
77 77
84 84
12 12
44 44
19 19
83 83
5 5
100 100
39 39
4 4
90 90
30 30
13 13
65 65
36 36
97 97
