A B hC B hJ hI hJ N hO hP hO N T U hV hW hV U T hS hR hS T AB hAA AB AK AJ AI hAH AI AJ AK hAL AM hAN AM hAL AK hAR BA BL BU CA CE hCG CE hCF CE hCD CE CA BU BV BW hBX BW BV BU hBT hBS hBR hBS hBT BU BL BM BN BO BP hBQ BP BO BN BM BL BK BJ BI BH hBG BH BI BJ BK BL BA BB hBC BD hBE BD hBC BB BA hAZ BA hAR AK AB T N hJ B A
26
hC hC
hJ hJ
hI hI
hO hO
hP hP
hV hV
hW hW
hS hS
hR hR
hAA hAA
hAH hAH
hAL hAL
hAN hAN
hAR hAR
hCG hCG
hCF hCF
hCD hCD
hBX hBX
hBT hBT
hBS hBS
hBR hBR
hBQ hBQ
hBG hBG
hBC hBC
hBE hBE
hAZ hAZ
