0 93 20 40 24 36 19 27 38 84 90 68 2 92 48 1 22 49 6 26 96 44 86 4 91 89 78 51 63 30 74 69 34 43 83 98 25 46 7 66 39 95 15 29 88 21 99 28 14 55 59 67 56 31 97 8 3 75 94 23 41 9 72 37 16 80 77 54 79 100 35 87 52 82 71 11 64 81 76 13 61 47 62 53 73 85 57 10 5 18 33 42 32 17 65 12 50 45 70 60 58 0
100
93 93
20 20
40 40
24 24
36 36
19 19
27 27
38 38
84 84
90 90
68 68
2 2
92 92
48 48
1 1
22 22
49 49
6 6
26 26
96 96
44 44
86 86
4 4
91 91
89 89
78 78
51 51
63 63
30 30
74 74
69 69
34 34
43 43
83 83
98 98
25 25
46 46
7 7
66 66
39 39
95 95
15 15
29 29
88 88
21 21
99 99
28 28
14 14
55 55
59 59
67 67
56 56
31 31
97 97
8 8
3 3
75 75
94 94
23 23
41 41
9 9
72 72
37 37
16 16
80 80
77 77
54 54
79 79
100 100
35 35
87 87
52 52
82 82
71 71
11 11
64 64
81 81
76 76
13 13
61 61
47 47
62 62
53 53
73 73
85 85
57 57
10 10
5 5
18 18
33 33
42 42
32 32
17 17
65 65
12 12
50 50
45 45
70 70
60 60
58 58
