Soda ritter ashley shah aidan walsh golden davis garbers patagonia martinez noor amanda sunny lewke tamara jarrett grace lo shen roshan krishnan rob sriram andrew berit chloe djajadi vilaythong massachusetts connor singhal castro meghan ian rabie sarina garcia juliann daniel caroline annie eshaan ruhi kevin yip alvin rosen danyal winifred woolf Soda
50
ritter ritter
ashley ashley
shah shah
aidan aidan
walsh walsh
golden golden
davis davis
garbers garbers
patagonia patagonia
martinez martinez
noor noor
amanda amanda
sunny sunny
lewke lewke
tamara tamara
jarrett jarrett
grace grace
lo lo
shen shen
roshan roshan
krishnan krishnan
rob rob
sriram sriram
andrew andrew
berit berit
chloe chloe
djajadi djajadi
vilaythong vilaythong
massachusetts massachusetts
connor connor
singhal singhal
castro castro
meghan meghan
ian ian
rabie rabie
sarina sarina
garcia garcia
juliann juliann
daniel daniel
caroline caroline
annie annie
eshaan eshaan
ruhi ruhi
kevin kevin
yip yip
alvin alvin
rosen rosen
danyal danyal
winifred winifred
woolf woolf
