Kaimganj Fagaras Pilibhit Irvine Pilibhit Kawit Novopokrovskaya Tsukawaki Karasuyama Albi Gobo Racine PinhalNovo MilpaAlta Anahuac MilpaAlta MontecatiniTerme Dankov Narangba GobernadorGalvez Tocache Fandriana Korolev Tsirang Brecht Tsirang Mesa EncarnaciondeDiaz Mesa Yucheng Isakogorka Leixlip Kaimganj
25
Fagaras Fagaras
Pilibhit Pilibhit
Irvine Irvine
Novopokrovskaya Novopokrovskaya
Tsukawaki Tsukawaki
Karasuyama Karasuyama
Albi Albi
Gobo Gobo
Racine Racine
PinhalNovo PinhalNovo
MilpaAlta MilpaAlta
Anahuac Anahuac
MontecatiniTerme MontecatiniTerme
Dankov Dankov
Narangba Narangba
GobernadorGalvez GobernadorGalvez
Tocache Tocache
Fandriana Fandriana
Korolev Korolev
Tsirang Tsirang
Brecht Brecht
EncarnaciondeDiaz EncarnaciondeDiaz
Yucheng Yucheng
Isakogorka Isakogorka
Leixlip Leixlip
