yqRn7pcv i4M5A6hw fsgAjhrq 1JmiRMy2 hC2ZPbzA Wvomb2LC cbK8BQiu Tv0Ngo2a 2XMfF8YA lRFv66dO uzY67sfN hcJG54h4 6XOrbPEm 5Zo9R33z gGaSBUDY rJm7nPd7 mB6fiF0u 7xyYvlir fMhFZEQj LQU5lyru rKjRBwvM o5fxSomz mmiVeCrf XlaUIvCb zcy1X765 xaYYL0Xr ne5PzSYX xaYYL0Xr RKTqv0lO mpBvpan0 yqRn7pcv
25
yqRn7pcv yqRn7pcv
i4M5A6hw i4M5A6hw
fsgAjhrq fsgAjhrq
1JmiRMy2 1JmiRMy2
hC2ZPbzA hC2ZPbzA
Wvomb2LC Wvomb2LC
Tv0Ngo2a Tv0Ngo2a
2XMfF8YA 2XMfF8YA
lRFv66dO lRFv66dO
uzY67sfN uzY67sfN
hcJG54h4 hcJG54h4
6XOrbPEm 6XOrbPEm
5Zo9R33z 5Zo9R33z
rJm7nPd7 rJm7nPd7
mB6fiF0u mB6fiF0u
7xyYvlir 7xyYvlir
LQU5lyru LQU5lyru
rKjRBwvM rKjRBwvM
o5fxSomz o5fxSomz
mmiVeCrf mmiVeCrf
XlaUIvCb XlaUIvCb
zcy1X765 zcy1X765
xaYYL0Xr xaYYL0Xr
ne5PzSYX ne5PzSYX
RKTqv0lO RKTqv0lO
