93 71 20 169 155 169 124 172 105 101 57 132 67 132 115 131 38 131 129 74 27 102 46 146 43 165 143 77 113 75 130 161 137 161 175 81 177 53 39 108 170 56 122 159 45 51 151 52 163 63 82 116 40 91 47 91 110 72 134 103 171 125 141 35 61 79 73 2 95 36 109 1 119 86 111 84 154 19 26 147 121 34 140 64 90 176 24 4 76 136 98 126 65 66 11 99 14 87 164 168 117 49 174 70 62 80 94 138 157 18 93
91
20 20
169 169
155 155
124 124
172 172
105 105
101 101
57 57
67 67
115 115
131 131
38 38
129 129
74 74
27 27
102 102
46 46
146 146
43 43
165 165
143 143
77 77
75 75
130 130
161 161
137 137
81 81
177 177
53 53
39 39
108 108
170 170
56 56
122 122
51 51
151 151
52 52
163 163
63 63
82 82
116 116
40 40
91 91
47 47
110 110
72 72
171 171
125 125
141 141
61 61
79 79
73 73
2 2
95 95
36 36
109 109
1 1
119 119
86 86
111 111
84 84
154 154
19 19
26 26
147 147
121 121
34 34
140 140
64 64
90 90
176 176
24 24
4 4
76 76
136 136
98 98
65 65
66 66
99 99
14 14
87 87
168 168
117 117
49 49
174 174
70 70
62 62
80 80
138 138
157 157
18 18
