Dannemora Fire Goshen Flanders Frankfort Delmar Herricks Deposit Earlville Firthcliffe Earlville Heuvelton Fairview Hewlett Fleischmanns Fonda Fabius Mills Fishkill Davis Forestville Granville Fairport Geneva Depew Hicksville Herkimer Fayetteville Harbor Fredonia Depauville Ghent Freeport Oceanside Fair Oceanside Gasport Falconer Gardiner Fulton Gardiner Friendship Harrison Harrisville Farmingville Frewsburg Dunkirk Delanson Deer Florida Farnham Freeville Delhi Franklin Haviland Fishers Forest Fishers Deferiet Dansville Franklinville Dansville Delevan Galeville Germantown Dexter Fairmount DeRuyter Hamburg Flower Hamburg Dannemora
50
Fire Fire
Flanders Flanders
Frankfort Frankfort
Delmar Delmar
Deposit Deposit
Earlville Earlville
Firthcliffe Firthcliffe
Fairview Fairview
Fleischmanns Fleischmanns
Fonda Fonda
Fabius Fabius
Fishkill Fishkill
Davis Davis
Forestville Forestville
Fairport Fairport
Geneva Geneva
Depew Depew
Fayetteville Fayetteville
Fredonia Fredonia
Depauville Depauville
Ghent Ghent
Freeport Freeport
Fair Fair
Gasport Gasport
Falconer Falconer
Gardiner Gardiner
Fulton Fulton
Friendship Friendship
Farmingville Farmingville
Frewsburg Frewsburg
Dunkirk Dunkirk
Delanson Delanson
Deer Deer
Florida Florida
Farnham Farnham
Freeville Freeville
Delhi Delhi
Franklin Franklin
Fishers Fishers
Forest Forest
Deferiet Deferiet
Dansville Dansville
Franklinville Franklinville
Delevan Delevan
Galeville Galeville
Germantown Germantown
Dexter Dexter
Fairmount Fairmount
DeRuyter DeRuyter
Flower Flower
