Acton Carlsbad Bellflower Bolinas Angwin Atascadero Antioch Bluewater Cerritos Aptos Corona Auberry Cupertino Bloomington Cupertino Duarte Carmichael Duarte Burney Bakersfield Canyondam Fontana Castroville August Cotati Boron Cotati Bodfish Cartago Arbuckle Biola Brentwood Galt Burbank Camarillo Burbank Calimesa Barstow Capitola Avery Chowchilla Avenal Chowchilla Avery Brea Azusa Beckwourth Boronda Buttonwillow Bowles Buttonwillow Boronda Clyde Bonsall Cutler Cloverdale Altadena Foresthill Covelo Caruthers Bradley Arnold Campbell Gardena Carpinteria Columbia Alpine Columbia Brawley Columbia Avalon Alamo Banning Coachella Calabasas Beaumont Benicia Alpaugh Escalon Calipatria Crockett Cabazon Amesti Broadmoor Cerritos Bell Artesia Diablo Clayton Adelanto Bradbury Corralitos Calexico Blairsden Atherton Blairsden Calexico Florin Alturas Florin Bootjack Aromas Bystrom Anaheim Calistoga Anaheim Brisbane Belmont Brisbane Corning Arcata Belden Alhambra Ashland Alhambra Burlingame Ducor Bayview Albany Escondido Atwater Escondido Fruitdale Byron Biggs Folsom Caribou Anderson Ceres Auburn Berkeley Alameda Carrick Bonita Belvedere Arcadia Calwa Carson Bishop Arvin Cayucos Cambria Almanor Esparto Blythe Danville Armona Encinitas Carlsbad Acton
100
Carlsbad Carlsbad
Bellflower Bellflower
Bolinas Bolinas
Angwin Angwin
Atascadero Atascadero
Antioch Antioch
Bluewater Bluewater
Cerritos Cerritos
Aptos Aptos
Auberry Auberry
Bloomington Bloomington
Carmichael Carmichael
Burney Burney
Bakersfield Bakersfield
Canyondam Canyondam
Castroville Castroville
August August
Boron Boron
Bodfish Bodfish
Cartago Cartago
Arbuckle Arbuckle
Biola Biola
Brentwood Brentwood
Burbank Burbank
Camarillo Camarillo
Calimesa Calimesa
Barstow Barstow
Capitola Capitola
Avery Avery
Avenal Avenal
Brea Brea
Azusa Azusa
Beckwourth Beckwourth
Boronda Boronda
Buttonwillow Buttonwillow
Bowles Bowles
Bonsall Bonsall
Altadena Altadena
Caruthers Caruthers
Bradley Bradley
Arnold Arnold
Campbell Campbell
Carpinteria Carpinteria
Alpine Alpine
Brawley Brawley
Avalon Avalon
Alamo Alamo
Banning Banning
Calabasas Calabasas
Beaumont Beaumont
Benicia Benicia
Alpaugh Alpaugh
Calipatria Calipatria
Cabazon Cabazon
Amesti Amesti
Broadmoor Broadmoor
Bell Bell
Artesia Artesia
Adelanto Adelanto
Bradbury Bradbury
Calexico Calexico
Blairsden Blairsden
Atherton Atherton
Alturas Alturas
Bootjack Bootjack
Aromas Aromas
Bystrom Bystrom
Anaheim Anaheim
Calistoga Calistoga
Brisbane Brisbane
Belmont Belmont
Arcata Arcata
Belden Belden
Alhambra Alhambra
Ashland Ashland
Burlingame Burlingame
Bayview Bayview
Albany Albany
Atwater Atwater
Byron Byron
Biggs Biggs
Caribou Caribou
Anderson Anderson
Ceres Ceres
Auburn Auburn
Berkeley Berkeley
Alameda Alameda
Carrick Carrick
Bonita Bonita
Belvedere Belvedere
Arcadia Arcadia
Calwa Calwa
Carson Carson
Bishop Bishop
Arvin Arvin
Cayucos Cayucos
Cambria Cambria
Almanor Almanor
Blythe Blythe
Armona Armona
