pace voice financial discriminate lake rob bitter respect audience injury disclose class exclusive buffet mature brake chair mystery enter autonomy glasses tool dialogue likely dialogue prison dialogue guarantee king guarantee due seize understand figure understand paper deposit circulation output thumb excuse other swear tablet cigarette demand page fortune imposter pain demand joint dip nationalist shy title sunrise certain quality headline quality straighten romantic sign legislation enhance dough linger vegetarian forge tolerate forge winner forge vegetarian throne interactive feature honor pace
50
voice voice
financial financial
lake lake
rob rob
bitter bitter
injury injury
class class
exclusive exclusive
buffet buffet
brake brake
mystery mystery
enter enter
autonomy autonomy
glasses glasses
tool tool
likely likely
prison prison
guarantee guarantee
king king
seize seize
figure figure
paper paper
circulation circulation
output output
thumb thumb
other other
swear swear
tablet tablet
cigarette cigarette
demand demand
page page
imposter imposter
pain pain
dip dip
nationalist nationalist
shy shy
title title
sunrise sunrise
quality quality
headline headline
sign sign
legislation legislation
enhance enhance
dough dough
linger linger
vegetarian vegetarian
tolerate tolerate
winner winner
throne throne
honor honor
