pace other likely viable likely comfortable honor dive coincide identity straighten pig pier interactive error home flag injury demand feature demand rob excuse forge confrontation development skeleton development native mature page nationalist acceptance nationalist swop electronics interface environment interface compromise drawer chew offset chew curriculum bleed smile headline smile bleed knot country triple country single joint output structure shiver ignore due title mystery driver banana widen banana market vegetarian exile vegetarian pardon chair respect throne boom quality autonomy paper cotton lifestyle election buffet pipe blonde virgin winner assignment winner virgin profound coast swear rent atmosphere rent sunrise audience ignore liver tool railcar tool railcar guarantee attraction guarantee joystick bowel brake scheme brake exempt dramatic opposed dip exclusive vegetarian linger dough physics linger decisive greeting begin science mercy financial injection gallon coffin bitter rage dialogue candle ask enemy stress enemy illusion enemy control enemy desk spoil ex teacher hospitality terms thumb terms deter note tablet imposter quadruple other pace
100
pace pace
other other
likely likely
viable viable
comfortable comfortable
dive dive
coincide coincide
identity identity
straighten straighten
pig pig
interactive interactive
error error
home home
flag flag
injury injury
feature feature
rob rob
excuse excuse
forge forge
confrontation confrontation
development development
skeleton skeleton
native native
mature mature
page page
acceptance acceptance
swop swop
electronics electronics
interface interface
environment environment
drawer drawer
offset offset
curriculum curriculum
smile smile
headline headline
knot knot
country country
triple triple
output output
structure structure
shiver shiver
ignore ignore
due due
driver driver
widen widen
market market
exile exile
pardon pardon
chair chair
respect respect
throne throne
boom boom
autonomy autonomy
cotton cotton
lifestyle lifestyle
election election
buffet buffet
pipe pipe
virgin virgin
assignment assignment
profound profound
coast coast
swear swear
rent rent
atmosphere atmosphere
audience audience
liver liver
tool tool
railcar railcar
guarantee guarantee
attraction attraction
bowel bowel
scheme scheme
exempt exempt
dip dip
exclusive exclusive
dough dough
physics physics
decisive decisive
greeting greeting
begin begin
mercy mercy
financial financial
injection injection
coffin coffin
rage rage
candle candle
ask ask
enemy enemy
stress stress
illusion illusion
control control
spoil spoil
teacher teacher
thumb thumb
deter deter
note note
tablet tablet
imposter imposter
quadruple quadruple
