pace nationalist feature nationalist brake headline brake opposed thumb exempt thumb guarantee page king likely circulation likely market mixture voice due excuse due audience gate tablet approval prison honor prison enter deposit skeleton injury output exclusive throne exclusive pace
25
nationalist nationalist
feature feature
brake brake
headline headline
opposed opposed
exempt exempt
guarantee guarantee
page page
king king
likely likely
circulation circulation
market market
mixture mixture
voice voice
excuse excuse
audience audience
gate gate
approval approval
honor honor
enter enter
deposit deposit
skeleton skeleton
injury injury
output output
throne throne
