BU FF DU GA FG HM FC DZ CQ DT CN CZ CE GN HG EA EV BF BY FU EO GP DD FR BK FI GS CV GT DS BA CR AO DX DP HJ BM BH FD HH DQ DK DM FL DW EN FN CW GY BG AA CY CA HF HL AX EH CO ES FW DE FY DE AQ AE EL BE GM BE AP FS EC ET HA AT CM HP EY GQ EK AV AN BZ ER CB DJ GH GO AD CS CI BW CD EG HC EG FB CT DL DV DH AY CK GK BN DI AF FP AR EQ CX BQ GE DR FF BU
100
BU BU
FF FF
DU DU
GA GA
FG FG
HM HM
DZ DZ
CQ CQ
DT DT
CZ CZ
GN GN
HG HG
EV EV
BF BF
BY BY
FU FU
EO EO
GP GP
DD DD
FR FR
BK BK
FI FI
GS GS
CV CV
GT GT
DS DS
BA BA
CR CR
DX DX
DP DP
HJ HJ
BM BM
BH BH
FD FD
HH HH
DQ DQ
DK DK
DM DM
FL FL
EN EN
FN FN
CW CW
GY GY
BG BG
CY CY
CA CA
HF HF
AX AX
EH EH
CO CO
ES ES
FW FW
DE DE
FY FY
AQ AQ
AE AE
EL EL
BE BE
GM GM
AP AP
FS FS
EC EC
ET ET
HA HA
AT AT
CM CM
HP HP
EY EY
GQ GQ
EK EK
AV AV
AN AN
BZ BZ
ER ER
DJ DJ
GH GH
GO GO
CS CS
CI CI
BW BW
CD CD
EG EG
HC HC
FB FB
CT CT
DL DL
DV DV
AY AY
CK CK
GK GK
BN BN
DI DI
AF AF
FP FP
AR AR
EQ EQ
CX CX
BQ BQ
GE GE
DR DR
