188645 0FB66D FA567E EDC0CA EF4D57 3AA8C5 3B1041 7E5598 0FBCDC 0A5C0E 0FBCDC 7E5598 AFF8D1 36D08C 6D778A 36D08C 567883 44716B 567883 C98FE7 E09D29 61EDA9 3ADA02 D5356A 3ADA02 94D700 DBDC9A A5CCB5 35FF16 800641 ACB11D D01E6B 7BF2B5 784F83 FF8D45 298FDD 410DA1 298FDD 500783 103C70 07D80A C0766C CEAE00 539A92 EC05F7 FD1783 EC05F7 29B2A4 724A76 29B2A4 70146D 7E18E9 70146D 9B0EC2 0801CC 19FFAB 4B39CA 825884 48C2D5 825884 D7CAF9 D443EB 7BF2B5 37F745 8D0852 B86446 4FBDE1 B86446 31D332 DD2694 31D332 AA8E14 35F60D 2C101C CB09C0 7A7E10 1276AF B3243F 628AB2 D04F40 9B9BDD 2F1AB5 2EA2EE 84EBFF 2EA2EE E954F7 0D7DE7 467AB7 0D7DE7 A7E9D9 DBDC9A 994F93 DBDC9A A7E9D9 B7B073 657F93 B833F0 FA567E 0FB66D 188645
50
188645 188645
0FB66D 0FB66D
EF4D57 EF4D57
3B1041 3B1041
0FBCDC 0FBCDC
0A5C0E 0A5C0E
AFF8D1 AFF8D1
6D778A 6D778A
44716B 44716B
C98FE7 C98FE7
E09D29 E09D29
3ADA02 3ADA02
D5356A D5356A
94D700 94D700
DBDC9A DBDC9A
A5CCB5 A5CCB5
800641 800641
D01E6B D01E6B
784F83 784F83
FF8D45 FF8D45
500783 500783
07D80A 07D80A
539A92 539A92
FD1783 FD1783
29B2A4 29B2A4
724A76 724A76
7E18E9 7E18E9
9B0EC2 9B0EC2
19FFAB 19FFAB
48C2D5 48C2D5
D7CAF9 D7CAF9
D443EB D443EB
37F745 37F745
8D0852 8D0852
4FBDE1 4FBDE1
DD2694 DD2694
AA8E14 AA8E14
2C101C 2C101C
CB09C0 CB09C0
1276AF 1276AF
628AB2 628AB2
D04F40 D04F40
9B9BDD 9B9BDD
84EBFF 84EBFF
E954F7 E954F7
467AB7 467AB7
A7E9D9 A7E9D9
994F93 994F93
B7B073 B7B073
B833F0 B833F0
