S Q BT AB CO AN AD BR AA AN CI AN AJ AW BW CB CH AN BV AN CL K AR AN BB Q AK AN AH AN AG Q CP Q BI AN BM Q BC AN BD B W BK AC CK H CS R T V CE Q CA C AU AW AL AN BN AN AX Q AE AN BA AN BX AW BP E AF P AT CT Y J CF O U L AQ AN BQ Q AO Q BS AW AM D CV AW CU G CD F CM A BU AN AS N BE AW CJ Q CQ AW BF AW CC AW BJ AN AZ I CR AN AV AN BL AN BO AW BZ AW BG AN BY AN BH Q CN M AP AN CW GJ Z AY X AI S
100
S S
Q Q
BT BT
AB AB
CO CO
AN AN
AD AD
BR BR
AA AA
CI CI
AJ AJ
AW AW
BW BW
CB CB
CH CH
BV BV
CL CL
K K
AR AR
BB BB
AK AK
AH AH
AG AG
CP CP
BI BI
BM BM
BC BC
BD BD
B B
W W
BK BK
AC AC
CK CK
H H
CS CS
R R
T T
V V
CE CE
CA CA
C C
AU AU
AL AL
BN BN
AX AX
AE AE
BA BA
BX BX
BP BP
E E
AF AF
P P
AT AT
CT CT
Y Y
J J
CF CF
O O
U U
L L
AQ AQ
BQ BQ
AO AO
BS BS
AM AM
D D
CV CV
CU CU
G G
CD CD
F F
CM CM
A A
BU BU
AS AS
N N
BE BE
CJ CJ
CQ CQ
BF BF
CC CC
BJ BJ
AZ AZ
I I
CR CR
AV AV
BL BL
BO BO
BZ BZ
BG BG
BY BY
BH BH
CN CN
M M
AP AP
CW CW
Z Z
AY AY
X X
AI AI
