149 14 68 75 59 4 36 42 69 72 35 8 17 53 78 81 70 92 32 85 21 34 83 1 84 47 22 38 55 80 20 45 2 16 96 76 100 18 37 44 51 74 99 23 79 29 43 28 33 66 64 7 11 6 25 5 89 10 90 56 13 52 49 26 3 40 65 12 58 73 71 61 9 46 88 54 87 39 31 94 93 27 15 86 98 77 82 91 95 67 50 62 30 41 19 60 63 57 97 48 24 149
100
14 14
68 68
75 75
59 59
4 4
36 36
42 42
69 69
72 72
35 35
8 8
17 17
53 53
78 78
81 81
70 70
92 92
32 32
85 85
21 21
34 34
83 83
1 1
84 84
47 47
22 22
38 38
55 55
80 80
20 20
45 45
2 2
16 16
96 96
76 76
100 100
18 18
37 37
44 44
51 51
74 74
99 99
23 23
79 79
29 29
43 43
28 28
33 33
66 66
64 64
7 7
11 11
6 6
25 25
5 5
89 89
10 10
90 90
56 56
13 13
52 52
49 49
26 26
3 3
40 40
65 65
12 12
58 58
73 73
71 71
61 61
9 9
46 46
88 88
54 54
87 87
39 39
31 31
94 94
93 93
27 27
15 15
86 86
98 98
77 77
82 82
91 91
95 95
67 67
50 50
62 62
30 30
41 41
19 19
60 60
63 63
57 57
97 97
48 48
24 24
