Potrero Hume Woffard Colonnade All 18th Smoke Balsdon Fiorini Oceanside Chinese Fremont Clayton Ida Warner Linden Merced Banning Boulevard Laguna Carmel Richvale Santa Ames Calaveras Meyers Potrero
25
Potrero Potrero
Hume Hume
Woffard Woffard
All All
18th 18th
Smoke Smoke
Balsdon Balsdon
Fiorini Fiorini
Oceanside Oceanside
Chinese Chinese
Fremont Fremont
Clayton Clayton
Ida Ida
Warner Warner
Linden Linden
Merced Merced
Banning Banning
Boulevard Boulevard
Laguna Laguna
Carmel Carmel
Richvale Richvale
Santa Santa
Ames Ames
Calaveras Calaveras
Meyers Meyers
