1 5 4 3 2 1 98 97 96 95 94 93 92 91 90 89 88 87 86 85 84 83 77 80 77 78 77 81 77 79 77 82 77 76 75 74 73 72 71 70 69 63 64 63 65 63 66 63 67 63 68 63 62 61 60 59 58 57 56 55 49 54 49 51 49 53 49 50 49 52 49 48 47 48 44 45 41 40 36 35 34 33 32 28 27 26 25 24 20 19 18 17 16 12 11 10 9 8 7 8 9 13 12 16 15 16 17 21 20 24 23 24 25 29 28 32 31 32 33 37 36 40 39 40 41 42 43 6 5 1
44
5 5
4 4
2 2
96 96
95 95
94 94
93 93
92 92
80 80
78 78
81 81
79 79
82 82
64 64
65 65
66 66
67 67
68 68
54 54
51 51
53 53
50 50
52 52
47 47
44 44
45 45
36 36
34 34
28 28
26 26
20 20
18 18
12 12
10 10
7 7
13 13
15 15
21 21
23 23
29 29
31 31
37 37
39 39
42 42
