Horse0 Breakfast74 Ring45 Settings5 Shower11 Whale59 Shower11 Printer53 Mail88 Robot9 Mail88 Rollers18 Towel37 Dislike70 Water83 Websites81 Monster39 Rollers48 Book41 Male84 Ice38 Leash89 Websites17 Rollers34 Shower15 Dislike21 Plus62 Dislike51 Comics49 Post61 Shelf25 Whale22 Bird82 Ice10 Toilet20 Bird93 Water66 Leash68 Kitty14 Leash27 Allergies54 Monster71 BBQ86 Urine50 Shoe87 Floppy63 Website29 Prints23 Ice30 Allergies4 Ice30 Cat13 Water52 Towel35 Allergies3 Flowers98 Solar58 Ring97 Running77 Breakfast42 Towel16 Soda57 Breakfast19 Floppy64 Horse55 Poop43 Horse0
50
Horse0 Horse0
Breakfast74 Breakfast74
Ring45 Ring45
Settings5 Settings5
Shower11 Shower11
Whale59 Whale59
Printer53 Printer53
Mail88 Mail88
Robot9 Robot9
Towel37 Towel37
Websites81 Websites81
Monster39 Monster39
Rollers48 Rollers48
Book41 Book41
Male84 Male84
Ice38 Ice38
Websites17 Websites17
Rollers34 Rollers34
Shower15 Shower15
Plus62 Plus62
Dislike51 Dislike51
Comics49 Comics49
Post61 Post61
Shelf25 Shelf25
Whale22 Whale22
Bird82 Bird82
Ice10 Ice10
Toilet20 Toilet20
Bird93 Bird93
Water66 Water66
Leash68 Leash68
Kitty14 Kitty14
Monster71 Monster71
BBQ86 BBQ86
Floppy63 Floppy63
Prints23 Prints23
Ice30 Ice30
Allergies4 Allergies4
Cat13 Cat13
Water52 Water52
Towel35 Towel35
Allergies3 Allergies3
Flowers98 Flowers98
Solar58 Solar58
Ring97 Ring97
Running77 Running77
Towel16 Towel16
Soda57 Soda57
Breakfast19 Breakfast19
Horse55 Horse55
