S F K J O W G 7 12 17 Q Q3 50 51 128 P3 64 71 84 H3 91 L3 95 G3 77 O3 J3 E3 J3 K3 F3 P3 58 M3 N3 U3 N3 V3 79 80 W3 C3 107 105 R3 T3 104 I3 D3 X3 Y3 90 83 69 63 A2 53 49 V2 P2 K2 F2 K2 P2 V2 49 53 A2 57 B3 A3 U2 O2 J2 E2 D2 I2 N2 T2 R2 Z2 Z3 Z2 R2 M2 H2 C2 B2 I B2 G2 L2 Q2 Y2 X2 R X2 W2 20 15 Y 5 Z 6 M 6 Z 1 V N U D C B P 8 T 10 H 3 X 3 L 7 G W O J E A S
75
F F
K K
J J
O O
W W
G G
Q Q
Q3 Q3
P3 P3
H3 H3
L3 L3
G3 G3
O3 O3
J3 J3
E3 E3
K3 K3
F3 F3
M3 M3
N3 N3
U3 U3
V3 V3
W3 W3
C3 C3
R3 R3
T3 T3
I3 I3
D3 D3
X3 X3
Y3 Y3
A2 A2
V2 V2
P2 P2
K2 K2
F2 F2
B3 B3
A3 A3
U2 U2
O2 O2
J2 J2
E2 E2
D2 D2
I2 I2
N2 N2
T2 T2
R2 R2
Z2 Z2
Z3 Z3
M2 M2
H2 H2
C2 C2
B2 B2
I I
G2 G2
L2 L2
Q2 Q2
Y2 Y2
X2 X2
R R
W2 W2
Y Y
Z Z
M M
V V
N N
U U
D D
C C
B B
P P
T T
H H
X X
L L
E E
A A
