hdpxs oxitr cihba wnelr bsvth htkwy frhgc lmwpk bwknx egclu iyuas dkjro ohzfn ktzce uiogl wdquv qckjp tfcam xnpwq pjzqm ahnds cqsby yqtob glrpy dbjxw yazqf qhvsb vobqh drojn xlrzc tndwl zntkr wcjeg qsmkj vcwfj utdhx gdovn oaeyh mtcsd rjdai qhibx evtgj cxajk joztf kscoz jcwpu aedvq pihld kzwah mujil lnjxt ymcfp jhlus zqjxb uklga btwzv bkfuc armnk tkwle gufvs mhekz syoxv kjihy wkbuf qpbmc xcvow wajol qbdwz maqho evsbm gdnim lpudv yvbse pgqva stflc syoxf osvgp oewcd cxdes tjake mhuad oxuqn ayrgb rzvtg ypdnb fjdqi zcjqx yqfdk ehqyk bdevm ebwcp rjuxc pytwh gstwp mlibf rlumh nqtru tmwdy sxdiu hwmzn crlfe vgwoi wotiq dwyai amfiz rchbw osxbc hdpxs
100
oxitr oxitr
cihba cihba
wnelr wnelr
bsvth bsvth
htkwy htkwy
frhgc frhgc
lmwpk lmwpk
bwknx bwknx
iyuas iyuas
dkjro dkjro
ohzfn ohzfn
ktzce ktzce
uiogl uiogl
wdquv wdquv
qckjp qckjp
xnpwq xnpwq
ahnds ahnds
cqsby cqsby
yqtob yqtob
dbjxw dbjxw
yazqf yazqf
qhvsb qhvsb
vobqh vobqh
drojn drojn
xlrzc xlrzc
tndwl tndwl
zntkr zntkr
wcjeg wcjeg
qsmkj qsmkj
vcwfj vcwfj
utdhx utdhx
gdovn gdovn
oaeyh oaeyh
mtcsd mtcsd
rjdai rjdai
qhibx qhibx
evtgj evtgj
cxajk cxajk
joztf joztf
kscoz kscoz
jcwpu jcwpu
aedvq aedvq
pihld pihld
kzwah kzwah
mujil mujil
lnjxt lnjxt
ymcfp ymcfp
jhlus jhlus
zqjxb zqjxb
uklga uklga
btwzv btwzv
bkfuc bkfuc
armnk armnk
tkwle tkwle
gufvs gufvs
mhekz mhekz
syoxv syoxv
kjihy kjihy
wkbuf wkbuf
qpbmc qpbmc
xcvow xcvow
wajol wajol
qbdwz qbdwz
maqho maqho
evsbm evsbm
gdnim gdnim
lpudv lpudv
yvbse yvbse
pgqva pgqva
stflc stflc
syoxf syoxf
osvgp osvgp
oewcd oewcd
cxdes cxdes
tjake tjake
mhuad mhuad
oxuqn oxuqn
ayrgb ayrgb
rzvtg rzvtg
ypdnb ypdnb
fjdqi fjdqi
zcjqx zcjqx
yqfdk yqfdk
ehqyk ehqyk
bdevm bdevm
ebwcp ebwcp
rjuxc rjuxc
pytwh pytwh
gstwp gstwp
mlibf mlibf
rlumh rlumh
nqtru nqtru
tmwdy tmwdy
sxdiu sxdiu
hwmzn hwmzn
vgwoi vgwoi
wotiq wotiq
amfiz amfiz
rchbw rchbw
osxbc osxbc
