ssp200 13 10 2 14 15 14 2 8 6 5 4 3 7 2 12 11 12 2 181 122 134 135 134 122 127 123 124 125 126 128 122 132 131 132 122 181 182 192 191 192 182 187 183 184 185 186 188 182 194 195 194 182 181 62 72 71 72 62 67 63 64 65 66 68 62 74 75 74 62 181 77 87 86 87 77 83 81 80 79 78 82 77 89 90 89 77 181 107 117 116 117 107 113 111 110 109 108 112 107 119 120 119 107 181 47 57 56 57 47 53 51 50 49 48 52 47 59 60 59 47 181 32 44 45 44 32 38 36 35 34 33 37 32 42 41 42 32 181 17 23 21 20 19 18 22 17 27 26 27 17 29 30 29 17 181 167 177 176 177 167 172 168 169 170 171 173 167 179 180 179 167 181 152 162 161 162 152 157 153 154 155 156 158 152 164 165 164 152 181 137 147 146 147 137 143 141 140 139 138 142 137 149 150 149 137 181 92 102 101 102 92 97 93 94 95 96 98 92 104 105 104 92 181 2 10 13 ssp200
91
14 14
15 15
6 6
5 5
4 4
3 3
11 11
134 134
135 135
123 123
124 124
125 125
126 126
131 131
191 191
183 183
184 184
185 185
186 186
194 194
195 195
71 71
63 63
64 64
65 65
66 66
74 74
75 75
86 86
81 81
80 80
79 79
78 78
89 89
90 90
116 116
111 111
110 110
109 109
108 108
119 119
120 120
56 56
51 51
50 50
49 49
48 48
59 59
60 60
44 44
45 45
36 36
35 35
34 34
33 33
41 41
21 21
20 20
19 19
18 18
26 26
29 29
30 30
176 176
168 168
169 169
170 170
171 171
179 179
180 180
161 161
153 153
154 154
155 155
156 156
164 164
165 165
146 146
141 141
140 140
139 139
138 138
149 149
150 150
101 101
93 93
94 94
95 95
96 96
104 104
105 105
