Glameow Inkay Spheal Gothorita Spheal Gigalith Buneary Glalie Throh Fomantis Mudbray Fomantis Poochyena Piplup Meganium Ivysaur Spinarak Wartortle Furret Turtwig Wailord Cacturne Leavanny Beheeyem Golett Beheeyem Ledian Zygarde Ivysaur Spiritomb Bergmite Gumshoos Bergmite Feebas Togepi Sigilyph Yanma Electivire Archeops Loudred Glameow
25
Inkay Inkay
Spheal Spheal
Gothorita Gothorita
Gigalith Gigalith
Buneary Buneary
Glalie Glalie
Mudbray Mudbray
Piplup Piplup
Meganium Meganium
Spinarak Spinarak
Furret Furret
Wailord Wailord
Leavanny Leavanny
Beheeyem Beheeyem
Golett Golett
Ledian Ledian
Zygarde Zygarde
Spiritomb Spiritomb
Bergmite Bergmite
Gumshoos Gumshoos
Togepi Togepi
Yanma Yanma
Electivire Electivire
Archeops Archeops
Loudred Loudred
