0 2 53 54 68 83 71 80 131 8 38 8 98 9 30 113 16 24 94 130 52 82 22 62 12 10 188 87 24 91 67 91 121 14 125 17 110 26 110 96 97 34 117 23 117 116 132 43 178 30 176 42 78 35 173 80 31 100 61 148 85 186 102 106 13 106 50 59 7 59 51 89 167 160 79 41 19 41 44 27 144 157 69 192 81 140 124 40 64 11 28 20 133 4 74 48 49 46 36 58 103 100 73 100 29 39 86 139 37 47 76 92 177 72 177 33 177 92 60 151 66 169 84 80 173 57 195 7 192 95 192 75 111 70 55 77 32 18 196 5 65 123 45 56 99 113 15 113 1 25 6 21 93 63 88 90 3 104 31 0
100
2 2
53 53
54 54
68 68
83 83
71 71
80 80
8 8
38 38
98 98
9 9
30 30
16 16
24 24
94 94
52 52
82 82
22 22
62 62
12 12
10 10
87 87
91 91
67 67
14 14
17 17
26 26
96 96
97 97
34 34
23 23
43 43
42 42
78 78
35 35
31 31
100 100
61 61
85 85
13 13
50 50
59 59
7 7
51 51
89 89
79 79
41 41
19 19
44 44
27 27
69 69
81 81
40 40
64 64
11 11
28 28
20 20
4 4
74 74
48 48
49 49
46 46
36 36
58 58
73 73
29 29
39 39
86 86
37 37
47 47
76 76
92 92
72 72
33 33
60 60
66 66
84 84
57 57
95 95
75 75
70 70
55 55
77 77
32 32
18 18
5 5
65 65
45 45
56 56
99 99
15 15
1 1
25 25
6 6
21 21
93 93
63 63
88 88
90 90
3 3
