85 24 0 24 81 24 43 72 52 34 13 83 31 83 16 66 3 66 71 33 56 99 60 96 60 91 44 4 69 42 92 42 53 45 14 48 80 49 46 49 37 21 7 21 76 84 15 14 55 14 17 95 29 98 25 23 25 32 86 32 64 62 88 27 59 68 70 38 70 22 41 47 41 79 89 79 89 11 36 28 36 94 63 72 77 72 5 1 6 35 6 10 87 82 51 82 74 50 30 93 18 57 61 8 61 54 85
50
0 0
81 81
43 43
52 52
34 34
13 13
31 31
16 16
71 71
56 56
99 99
96 96
91 91
44 44
69 69
92 92
53 53
45 45
48 48
80 80
46 46
37 37
7 7
76 76
15 15
55 55
17 17
98 98
23 23
86 86
64 64
27 27
68 68
38 38
22 22
47 47
79 79
11 11
28 28
94 94
77 77
1 1
35 35
87 87
51 51
50 50
93 93
57 57
8 8
54 54
