81 196 58 188 23 100 96 8 93 117 27 69 77 14 125 179 71 109 70 162 158 156 103 180 189 36 97 132 65 42 95 153 56 167 126 170 107 9 43 130 178 86 200 53 24 64 195 191 152 108 16 161 115 88 48 34 78 124 87 45 80 12 154 92 52 59 127 141 18 198 20 150 85 33 182 121 123 166 74 90 164 76 145 89 138 49 184 46 199 197 183 35 17 165 84 57 135 41 1 159 81
100
81 81
196 196
58 58
188 188
23 23
100 100
96 96
8 8
93 93
117 117
27 27
69 69
77 77
14 14
125 125
179 179
71 71
109 109
70 70
162 162
158 158
156 156
103 103
180 180
189 189
36 36
97 97
132 132
65 65
42 42
95 95
153 153
56 56
167 167
126 126
170 170
107 107
9 9
43 43
130 130
178 178
86 86
200 200
53 53
24 24
64 64
195 195
191 191
152 152
108 108
16 16
161 161
115 115
88 88
48 48
34 34
78 78
124 124
87 87
45 45
80 80
12 12
154 154
92 92
52 52
59 59
127 127
141 141
18 18
198 198
20 20
150 150
85 85
33 33
182 182
121 121
123 123
166 166
74 74
90 90
164 164
76 76
145 145
89 89
138 138
49 49
184 184
46 46
199 199
197 197
183 183
35 35
17 17
165 165
84 84
57 57
135 135
41 41
1 1
159 159
