Taylorville Weberside Jonesbury Lloydton Smithborough Lloydton Stephensonburgh Lloydton Jonesbury Jamestown Glasston Jamestown Nicholefurt Jamestown Jonesbury Weberside Eduardotown Sullivanmouth Underwoodborough Sullivanmouth Michaelville Sullivanmouth Eduardotown Weberside Taylorville Alejandroport Ashleyland Kathyfort Hawkinsland Camposstad Hawkinsland Ayalabury Hawkinsland Kathyfort Ashleyland Alejandroport Shawnport Mariaview Saraport Lewisburgh Saraport Underwoodmouth Saraport Mariaview Kristenmouth Stevenshire Kristenmouth Alexmouth Kristenmouth Mariaview Shawnport Alejandroport Deborahfurt Jacobberg Foleyhaven Jacobberg Deborahfurt Anthonyburgh Martinezfort Ericksonmouth Martinezfort Anthonyburgh Deborahfurt Alejandroport Taylorville Valerietown Johnmouth Kempshire Grahambury Johnsonside Grahambury Kempshire Michaelfort Kempshire Johnmouth Valerietown Stewartberg Tinaville Nicholasshire Tinaville Steventown Tinaville Stewartberg Valerietown Taylorville
25
Lloydton Lloydton
Smithborough Smithborough
Stephensonburgh Stephensonburgh
Jamestown Jamestown
Glasston Glasston
Nicholefurt Nicholefurt
Underwoodborough Underwoodborough
Michaelville Michaelville
Hawkinsland Hawkinsland
Camposstad Camposstad
Ayalabury Ayalabury
Saraport Saraport
Lewisburgh Lewisburgh
Underwoodmouth Underwoodmouth
Kristenmouth Kristenmouth
Stevenshire Stevenshire
Alexmouth Alexmouth
Foleyhaven Foleyhaven
Martinezfort Martinezfort
Ericksonmouth Ericksonmouth
Grahambury Grahambury
Johnsonside Johnsonside
Michaelfort Michaelfort
Nicholasshire Nicholasshire
Steventown Steventown
