4HOMU JXLE1 FC0PR WBT4L 2BUI5 A1QRL HZHRA RU85S 50J5H SHOOM AT3CI L2PQE LEBVZ L2PQE TCC7B 4HSLO FRZVP 69BJO VZJYR PMFJ2 O9J47 ZRPB5 61QWU TY0L7 TI35I RAAD4 Q7FCL W2M5C ELH5L 4WDJE BE5V8 6NY7T CM5WA 1RS2N 945CN DCHO3 8EXDQ PYPSO T9O11 HWKGJ C8O6I 0VPRW V22SY MC71K UX00P H1LTE OLLV9 H1LTE C45HH BVMDZ 0D2BR KC9RF 0U9HU H3R1V WZB33 W2H22 VHCFR 768ZF P419D OIPRN C7WKJ V8GEC 7U3JG 53Y1R K50JQ 6OA3K CFGE5 PXCIN FMCVK 9WSXC FCYPJ ZHSBU WI88U EDSMH LKP22 LLTLN IF7TL 6ACGE ZN2EP 4YS4G SA6G0 52MNN UW44H 6WOBI 7GA8O DTPF4 TORQI L2GJ5 1F0YL DOLRQ 45JXE PTADN TBPBM M1HJR NPDI9 M1HJR TBPBM Y61KP WXZHF 1Y2CG IZESQ 3AIXW KOYRV Z22CS 8CLEZ YJ67U SKPO7 Q5DAA ZZH8Z WP2MA HV4Z2 SYV5N Y4WG4 XEEQB 2C63O LIRLU X180A DDXG0 DL8LT 4HOMU
100
JXLE1 JXLE1
FC0PR FC0PR
2BUI5 2BUI5
A1QRL A1QRL
HZHRA HZHRA
RU85S RU85S
50J5H 50J5H
SHOOM SHOOM
AT3CI AT3CI
L2PQE L2PQE
LEBVZ LEBVZ
TCC7B TCC7B
FRZVP FRZVP
69BJO 69BJO
PMFJ2 PMFJ2
ZRPB5 ZRPB5
61QWU 61QWU
TY0L7 TY0L7
TI35I TI35I
RAAD4 RAAD4
Q7FCL Q7FCL
W2M5C W2M5C
ELH5L ELH5L
4WDJE 4WDJE
BE5V8 BE5V8
CM5WA CM5WA
1RS2N 1RS2N
945CN 945CN
DCHO3 DCHO3
8EXDQ 8EXDQ
PYPSO PYPSO
T9O11 T9O11
HWKGJ HWKGJ
C8O6I C8O6I
0VPRW 0VPRW
V22SY V22SY
MC71K MC71K
H1LTE H1LTE
OLLV9 OLLV9
C45HH C45HH
BVMDZ BVMDZ
0D2BR 0D2BR
KC9RF KC9RF
0U9HU 0U9HU
WZB33 WZB33
W2H22 W2H22
VHCFR VHCFR
768ZF 768ZF
P419D P419D
OIPRN OIPRN
C7WKJ C7WKJ
V8GEC V8GEC
7U3JG 7U3JG
53Y1R 53Y1R
K50JQ K50JQ
6OA3K 6OA3K
CFGE5 CFGE5
PXCIN PXCIN
9WSXC 9WSXC
FCYPJ FCYPJ
ZHSBU ZHSBU
WI88U WI88U
EDSMH EDSMH
LKP22 LKP22
LLTLN LLTLN
IF7TL IF7TL
6ACGE 6ACGE
ZN2EP ZN2EP
SA6G0 SA6G0
52MNN 52MNN
UW44H UW44H
6WOBI 6WOBI
7GA8O 7GA8O
DTPF4 DTPF4
TORQI TORQI
L2GJ5 L2GJ5
1F0YL 1F0YL
DOLRQ DOLRQ
45JXE 45JXE
PTADN PTADN
TBPBM TBPBM
M1HJR M1HJR
NPDI9 NPDI9
Y61KP Y61KP
WXZHF WXZHF
IZESQ IZESQ
3AIXW 3AIXW
KOYRV KOYRV
8CLEZ 8CLEZ
YJ67U YJ67U
SKPO7 SKPO7
Q5DAA Q5DAA
ZZH8Z ZZH8Z
WP2MA WP2MA
SYV5N SYV5N
XEEQB XEEQB
2C63O 2C63O
LIRLU LIRLU
X180A X180A
DDXG0 DDXG0
