Soda 124 181 183 164 111 118 182 195 163 185 168 162 153 125 158 119 188 180 184 157 131 170 144 134 172 145 101 191 173 193 197 129 138 152 112 126 109 177 136 166 156 130 114 190 122 121 154 146 108 139 176 104 132 102 107 133 147 115 117 123 159 150 106 143 103 137 151 110 141 179 178 189 169 192 160 113 198 105 140 165 174 116 161 175 128 171 194 142 120 155 99 135 100 186 149 148 187 127 196 167 Soda
100
124 124
181 181
183 183
164 164
111 111
118 118
182 182
195 195
163 163
185 185
168 168
162 162
153 153
125 125
158 158
119 119
188 188
180 180
184 184
157 157
131 131
170 170
144 144
134 134
172 172
145 145
101 101
191 191
173 173
193 193
197 197
129 129
138 138
152 152
112 112
126 126
109 109
177 177
136 136
166 166
156 156
130 130
114 114
190 190
122 122
121 121
154 154
146 146
108 108
139 139
176 176
104 104
132 132
102 102
107 107
133 133
147 147
115 115
117 117
123 123
159 159
150 150
106 106
143 143
103 103
137 137
151 151
110 110
141 141
179 179
178 178
189 189
169 169
192 192
160 160
113 113
198 198
105 105
140 140
165 165
174 174
116 116
161 161
175 175
128 128
171 171
194 194
142 142
120 120
155 155
99 99
135 135
100 100
186 186
149 149
148 148
187 187
127 127
196 196
167 167
