F8 O3 E3 D5 B4 R6 K4 D7 R9 I9 H1 H4 S9 I0 J2 O5 A3 E7 E8 D4 C1 F2 I4 F9 M6 D9 E4 N2 K3 S5 G1 K1 A1 E5 G4 N8 L6 H5 Q7 B3 F6 R3 O2 R8 L9 C2 D3 N4 S0 O1 J6 I6 H3 T0 A9 C8 C3 Q8 A8 G0 E2 B8 M0 C4 B0 Q5 P7 T1 G6 N1 H6 P5 S2 P6 I3 R0 S8 R0 B2 T9 N0 G9 D8 T5 T8 H0 I8 F1 Q0 G2 N6 N7 S7 P7 Q3 R4 J0 J1 E1 A0 S4 P9 K6 E9 P2 I2 A2 H2 K5 C0 M5 F8
100
O3 O3
E3 E3
D5 D5
B4 B4
R6 R6
D7 D7
R9 R9
I9 I9
H1 H1
H4 H4
S9 S9
I0 I0
J2 J2
O5 O5
A3 A3
E7 E7
E8 E8
D4 D4
C1 C1
F2 F2
I4 I4
F9 F9
M6 M6
D9 D9
E4 E4
N2 N2
K3 K3
S5 S5
G1 G1
K1 K1
A1 A1
E5 E5
G4 G4
N8 N8
L6 L6
H5 H5
Q7 Q7
B3 B3
F6 F6
O2 O2
R8 R8
L9 L9
C2 C2
D3 D3
N4 N4
S0 S0
O1 O1
I6 I6
H3 H3
T0 T0
A9 A9
C8 C8
C3 C3
Q8 Q8
A8 A8
G0 G0
E2 E2
M0 M0
C4 C4
B0 B0
Q5 Q5
P7 P7
T1 T1
G6 G6
N1 N1
H6 H6
P5 P5
S2 S2
P6 P6
I3 I3
R0 R0
S8 S8
B2 B2
T9 T9
N0 N0
G9 G9
D8 D8
T5 T5
T8 T8
H0 H0
I8 I8
F1 F1
Q0 Q0
N6 N6
N7 N7
S7 S7
Q3 Q3
R4 R4
J0 J0
J1 J1
A0 A0
P9 P9
K6 K6
P2 P2
I2 I2
A2 A2
H2 H2
K5 K5
C0 C0
M5 M5
