Myrtle Albany Bridgeport Mobile Barnstable Macon Merced Lansing Chicago Miramar Davidson Erie Huntsville Hartford Abilene GreenBay Corpus Plen Huntington Muskegon Lexington Albuquerque Minneapolis Alexandria Deltona Joliet Kansas Champaign Cary Baltimore Bradenton Hemet Dallas Chandler Grays Aribel Moreno Nashua Kissimmee Harlingen Lorain Brownsville Hollywood Cedar Appleton Leominster Houma Medford Bloomington Cathedral Montgomery Myrtle
50
Albany Albany
Bridgeport Bridgeport
Mobile Mobile
Barnstable Barnstable
Macon Macon
Merced Merced
Lansing Lansing
Chicago Chicago
Miramar Miramar
Davidson Davidson
Erie Erie
Huntsville Huntsville
Hartford Hartford
Abilene Abilene
GreenBay GreenBay
Corpus Corpus
Plen Plen
Huntington Huntington
Muskegon Muskegon
Lexington Lexington
Albuquerque Albuquerque
Minneapolis Minneapolis
Alexandria Alexandria
Deltona Deltona
Joliet Joliet
Kansas Kansas
Champaign Champaign
Cary Cary
Baltimore Baltimore
Bradenton Bradenton
Hemet Hemet
Dallas Dallas
Chandler Chandler
Grays Grays
Aribel Aribel
Moreno Moreno
Nashua Nashua
Kissimmee Kissimmee
Harlingen Harlingen
Lorain Lorain
Brownsville Brownsville
Hollywood Hollywood
Cedar Cedar
Appleton Appleton
Leominster Leominster
Houma Houma
Medford Medford
Bloomington Bloomington
Cathedral Cathedral
Montgomery Montgomery
