190 135 166 45 153 5 172 4 47 138 52 61 82 52 192 84 186 23 168 103 44 64 55 36 55 34 65 38 83 129 83 58 114 33 67 8 165 136 93 164 116 93 189 111 67 147 27 40 90 193 146 193 139 62 46 109 102 198 102 151 29 156 1 142 92 106 137 6 145 121 104 10 68 56 188 134 99 132 152 96 95 162 3 108 69 108 133 108 163 32 54 50 57 169 176 21 181 118 9 177 101 177 173 81 11 179 66 179 100 89 117 22 117 30 141 94 113 123 182 2 182 71 171 195 98 149 85 112 185 49 76 60 74 56 166 75 190
100
135 135
166 166
45 45
153 153
5 5
172 172
47 47
138 138
52 52
61 61
192 192
84 84
186 186
23 23
168 168
103 103
44 44
55 55
36 36
34 34
65 65
38 38
83 83
129 129
114 114
33 33
67 67
8 8
165 165
136 136
93 93
164 164
116 116
189 189
111 111
27 27
40 40
193 193
146 146
139 139
62 62
46 46
109 109
102 102
198 198
29 29
156 156
1 1
142 142
92 92
106 106
137 137
121 121
104 104
10 10
68 68
56 56
188 188
99 99
132 132
152 152
95 95
162 162
3 3
108 108
69 69
133 133
163 163
32 32
54 54
50 50
57 57
169 169
176 176
21 21
181 181
118 118
177 177
101 101
173 173
11 11
179 179
66 66
100 100
117 117
22 22
30 30
141 141
94 94
113 113
123 123
182 182
2 2
71 71
195 195
149 149
112 112
185 185
76 76
60 60
