zero one two three zero six seven fourteen thirteen twelve eleven ten seventeen sixteen fifteen twentyone twenty twentyseven twentysix thirtythree forty fortyseven fiftyfour sixtyone sixtyeight seventyfive eightytwo eightynine ninetysix onehunthree onehunten onehunseventeen onehunsixteen onehunfifteen onehunfourteen onehunthirteen onehunnineteen onehuntwentysix onehuntwenty onehuntwentyone onehuntwentytwo onehuntwentythree onehuntwentyfour onehuntwentythree onehunthirty onehuntwentynine onehuntwentyeight onehuntwentyseven onehuntwentyeight onehunthirtyfive onehunthirtyfour onehunforty onehunthirtynine onehunfortysix onehunfortyfive onehunfortyfour onehunfortythree onehunfifty onehunfortynine onehunfortyeight onehunfiftyfour onehunsixtyone onehunsixty onehunfiftynine onehunfiftyeight onehunfiftyseven onehunsixtyfour onehunsixtythree onehunsixtyfour onehunsixtyfive onehunsixtysix onehunseventythree onehunseventyfour onehunseventyfive onehunsixtynine onehunseventy onehunseventyone onehunseventyeight onehunseventyseven onehunseventysix onehuneightytwo onehuneightyone onehuneighty onehuneightyseven onehuneightysix onehuneightyfive onehuneightyfour onehunninetyone onehunninety onehunninetyone onehunninetytwo onehunninetythree onehunninetyfour onehuneightyseven onehuneighty onehunseventythree onehunsixtysix onehunfiftynine onehunfiftytwo onehunfortyfive onehunthirtyeight onehunthirtyone onehuntwentyfour onehunseventeen onehuneighteen onehuneleven onehunten onehunnine onehuneight onehunone onehun ninetynine ninetytwo ninetyeight ninetyone eightyfive eightysix eightyseven eighty eightyone eightytwo eightythree eightyfour seventyeight seventynine seventytwo seventyone seventyseven seventysix seventyfive sixtyeight sixtynine seventy sixtyfour sixtyfive sixtysix sixtyseven sixty fiftynine fiftyeight fiftyseven fifty fiftysix fiftyfive fiftyfour fiftythree fiftytwo fortyfive fortyfour fortythree fortynine fortythree fortyfour thirtyseven thirtyeight thirtyone thirtytwo thirtythree thirtyfour thirtyfive twentynine twentytwo twentythree twentyfour twentyfive twentysix nineteen twelve five zero
100
one one
two two
three three
six six
seven seven
fourteen fourteen
twelve twelve
eleven eleven
ten ten
seventeen seventeen
sixteen sixteen
fifteen fifteen
twenty twenty
twentyseven twentyseven
twentysix twentysix
thirtythree thirtythree
seventyfive seventyfive
eightytwo eightytwo
onehunten onehunten
onehunseventeen onehunseventeen
onehunsixteen onehunsixteen
onehunthirteen onehunthirteen
onehunnineteen onehunnineteen
onehuntwentysix onehuntwentysix
onehuntwentyone onehuntwentyone
onehuntwentythree onehuntwentythree
onehuntwentyfour onehuntwentyfour
onehunthirty onehunthirty
onehuntwentyeight onehuntwentyeight
onehuntwentyseven onehuntwentyseven
onehunthirtyfive onehunthirtyfive
onehunforty onehunforty
onehunfortysix onehunfortysix
onehunfortyfive onehunfortyfive
onehunfortyfour onehunfortyfour
onehunfortythree onehunfortythree
onehunfifty onehunfifty
onehunfortynine onehunfortynine
onehunfiftyfour onehunfiftyfour
onehunsixtyone onehunsixtyone
onehunsixty onehunsixty
onehunfiftynine onehunfiftynine
onehunfiftyseven onehunfiftyseven
onehunsixtyfour onehunsixtyfour
onehunsixtythree onehunsixtythree
onehunsixtyfive onehunsixtyfive
onehunsixtysix onehunsixtysix
onehunseventythree onehunseventythree
onehunseventyfour onehunseventyfour
onehunseventyfive onehunseventyfive
onehunsixtynine onehunsixtynine
onehunseventy onehunseventy
onehunseventyone onehunseventyone
onehunseventyeight onehunseventyeight
onehunseventysix onehunseventysix
onehuneightytwo onehuneightytwo
onehuneightyone onehuneightyone
onehuneighty onehuneighty
onehuneightyseven onehuneightyseven
onehuneightyfour onehuneightyfour
onehunninetyone onehunninetyone
onehunninety onehunninety
onehunninetytwo onehunninetytwo
onehunninetythree onehunninetythree
onehunninetyfour onehunninetyfour
onehuneighteen onehuneighteen
onehuneleven onehuneleven
onehuneight onehuneight
onehunone onehunone
ninetynine ninetynine
ninetyeight ninetyeight
eightyseven eightyseven
eightythree eightythree
eightyfour eightyfour
seventyeight seventyeight
seventynine seventynine
seventytwo seventytwo
seventyone seventyone
seventyseven seventyseven
sixtynine sixtynine
seventy seventy
sixtyfour sixtyfour
sixtysix sixtysix
sixtyseven sixtyseven
sixty sixty
fiftyeight fiftyeight
fiftyseven fiftyseven
fiftyfive fiftyfive
fiftythree fiftythree
fiftytwo fiftytwo
fortyfive fortyfive
fortyfour fortyfour
fortythree fortythree
fortynine fortynine
thirtyseven thirtyseven
thirtyeight thirtyeight
thirtyfour thirtyfour
twentynine twentynine
twentythree twentythree
twentyfive twentyfive
