Wheeler Dwinelle Wheeler Sproul Wheeler Doe Campanile LeConte Birge Campbell Haviland Wellman RSF Koshland Stonefire Haas Minor Maxwell MemorialStadium Hargrove MemorialStadium Maxwell Minor Memorial IHouse Memorial McLaughlin South Stephens Moses Stephens HearstAnnex Unit1 Faculty FSM Baker CZ Fiji CZ Baker McCone CKerr McCone BigC Pavilion PeoplePark Pavilion Simons Koja Legends Koja TriDelta Koja LaNote Unit2 LaNote Simons Pavilion BigC Bongo FallRush Metropolitan Ippuku WayWest Warren Hearst Davis Kresge Normandy Cheit Normandy Kresge Davis Hearst Cafe3 Cloyne WayWest GBC Anthony Pimentel Morgan CVStarr Soda Sather Barker Sather OCF Sather Unit3 Sather Martinez Sather Soda Moffitt VLSB Etcheverry Latimer Stanley Foothill Stanley Latimer Evans Morrison Hertz Kroeber Wurster Boalt Wurster Kroeber Lewis Greek Bechtel Jacobs Cory Greek Morrison Evans Wheeler
36
Dwinelle Dwinelle
Sproul Sproul
Birge Birge
RSF RSF
Stonefire Stonefire
Haas Haas
Hargrove Hargrove
IHouse IHouse
McLaughlin McLaughlin
Moses Moses
Baker Baker
Fiji Fiji
CKerr CKerr
PeoplePark PeoplePark
Legends Legends
TriDelta TriDelta
Unit2 Unit2
Metropolitan Metropolitan
Warren Warren
Hearst Hearst
Davis Davis
Cheit Cheit
Cloyne Cloyne
Anthony Anthony
Barker Barker
OCF OCF
Unit3 Unit3
Martinez Martinez
Moffitt Moffitt
Etcheverry Etcheverry
Foothill Foothill
Morrison Morrison
Kroeber Kroeber
Boalt Boalt
Bechtel Bechtel
Jacobs Jacobs
