142 121 137 66 44 66 106 127 106 66 137 135 97 135 171 63 131 35 131 63 171 140 129 140 30 139 145 72 27 147 58 130 65 141 99 150 21 157 21 150 192 68 152 41 133 33 9 28 9 92 70 92 9 14 134 52 178 195 158 69 64 122 128 75 79 89 85 187 132 39 115 5 185 22 149 26 0 183 190 118 38 197 12 126 177 16 193 60 124 60 78 186 55 186 17 6 103 18 181 153 23 153 139 154 1 100 34 100 163 8 31 8 45 159 151 167 151 93 151 144 151 181 91 3 174 4 46 148 108 160 77 143 90 172 37 24 76 48 137 107 62 47 7 47 62 107 137 121 142
60
121 121
137 137
44 44
106 106
127 127
97 97
63 63
35 35
140 140
129 129
30 30
145 145
58 58
141 141
150 150
21 21
157 157
41 41
133 133
33 33
70 70
14 14
178 178
195 195
158 158
69 69
64 64
89 89
39 39
115 115
22 22
183 183
38 38
197 197
177 177
16 16
60 60
124 124
186 186
55 55
181 181
23 23
34 34
31 31
159 159
151 151
167 167
93 93
144 144
91 91
3 3
174 174
4 4
46 46
108 108
77 77
90 90
76 76
48 48
7 7
