1 5 4 8 7 8 9 13 12 16 15 16 17 21 20 24 23 24 25 29 28 32 31 32 33 37 36 40 39 40 41 45 44 48 47 48 49 53 52 56 55 56 57 61 60 64 63 64 65 69 68 72 71 72 73 77 76 80 79 80 81 85 84 88 87 88 89 93 94 95 96 97 98 99 100 104 105 106 107 108 112 113 114 115 116 120 121 122 123 124 128 129 130 131 132 136 137 138 139 140 144 145 146 147 148 152 153 154 155 156 160 161 162 163 164 168 169 170 171 172 176 177 178 179 180 184 185 186 187 188 192 193 194 195 196 200 1 2 1 200 199 200 196 197 193 192 191 192 188 189 185 184 183 184 180 181 177 176 175 176 172 173 169 168 167 168 164 165 161 160 159 160 156 157 153 152 151 152 148 149 145 144 143 144 140 141 137 136 135 136 132 133 129 128 127 128 124 125 121 120 119 120 116 117 113 112 111 112 108 109 105 104 103 104 100 101 97 96 92 91 90 89 88 84 83 82 81 80 76 75 74 73 72 68 67 66 65 64 60 59 58 57 56 52 51 50 49 48 44 43 42 41 40 36 35 34 33 32 28 27 26 25 24 20 19 18 17 16 12 11 10 9 8 4 5 1
100
5 5
4 4
7 7
13 13
12 12
15 15
21 21
20 20
23 23
29 29
28 28
31 31
37 37
36 36
39 39
45 45
44 44
47 47
53 53
52 52
55 55
61 61
60 60
63 63
69 69
68 68
71 71
77 77
76 76
79 79
85 85
84 84
87 87
93 93
95 95
98 98
100 100
106 106
108 108
114 114
116 116
122 122
124 124
130 130
132 132
138 138
140 140
146 146
148 148
154 154
156 156
162 162
164 164
170 170
172 172
178 178
180 180
186 186
188 188
194 194
196 196
2 2
199 199
197 197
191 191
189 189
183 183
181 181
175 175
173 173
167 167
165 165
159 159
157 157
151 151
149 149
143 143
141 141
135 135
133 133
127 127
125 125
119 119
117 117
111 111
109 109
103 103
101 101
92 92
90 90
82 82
74 74
66 66
58 58
50 50
42 42
34 34
26 26
18 18
10 10
