hutmk dowbf yaxts ablxw rlfxc lnfiu aeomh otirh yiodb ijofp ywion ijvuq gxdqt bcrwj xeljy misyc urlkt coubd xintv oscrv mlfbi lsnhz lcghr tiyfv zsehb tyuep xnysi cursl hopbn qdzgs tejxc aqzce axmwy spuoi vczkh ugamb mzlsn abupm artvi vmgxh ugyls yzaje omjfc hutmk
40
dowbf dowbf
yaxts yaxts
ablxw ablxw
rlfxc rlfxc
lnfiu lnfiu
aeomh aeomh
otirh otirh
yiodb yiodb
ijofp ijofp
ywion ywion
ijvuq ijvuq
gxdqt gxdqt
bcrwj bcrwj
xeljy xeljy
misyc misyc
urlkt urlkt
coubd coubd
xintv xintv
oscrv oscrv
mlfbi mlfbi
lsnhz lsnhz
lcghr lcghr
zsehb zsehb
tyuep tyuep
xnysi xnysi
cursl cursl
hopbn hopbn
qdzgs qdzgs
tejxc tejxc
aqzce aqzce
axmwy axmwy
spuoi spuoi
vczkh vczkh
ugamb ugamb
mzlsn mzlsn
artvi artvi
vmgxh vmgxh
ugyls ugyls
yzaje yzaje
omjfc omjfc
