AndyandZeyu g h i j f AndyandZeyu j8 j7 h8 f8 g8 i8 AndyandZeyu g1 h1 i1 b1 f1 j1 AndyandZeyu g6 f6 j5 AndyandZeyu6 h6 i6 AndyandZeyu i5 f5 j4 h5 g5 e5 AndyandZeyu g4 h4 i4 f4 AndyandZeyu j0 g0 AndyandZeyu0 i0 h0 f0 AndyandZeyu j2 f2 h2 i2 c2 g2 AndyandZeyu i7 j6 g7 h7 b7 f7 AndyandZeyu i3 h3 g3 j3 f3 AndyandZeyu
50
g g
h h
i i
j j
f f
j8 j8
j7 j7
h8 h8
f8 f8
g8 g8
i8 i8
g1 g1
h1 h1
i1 i1
f1 f1
j1 j1
g6 g6
f6 f6
j5 j5
h6 h6
i6 i6
i5 i5
f5 f5
j4 j4
h5 h5
g5 g5
g4 g4
h4 h4
i4 i4
f4 f4
j0 j0
g0 g0
i0 i0
h0 h0
f0 f0
j2 j2
f2 f2
h2 h2
i2 i2
g2 g2
i7 i7
j6 j6
g7 g7
h7 h7
f7 f7
i3 i3
h3 h3
g3 g3
j3 j3
f3 f3
