0 1 17 1 2 3 4 5 6 7 1 15 1 19 20 32 21 31 30 29 28 20 24 25 24 20 22 23 21 32 44 32 33 32 42 43 51 41 40 41 51 50 49 48 49 50 51 52 53 54 52 56 52 62 70 71 72 73 69 68 67 66 62 63 64 65 73 74 82 83 82 74 76 74 86 75 87 75 88 89 91 89 100 101 100 89 94 89 98 99 90 88 90 104 105 104 108 109 110 111 112 120 112 114 112 121 122 123 124 125 128 127 126 127 128 129 130 137 136 137 139 146 139 144 143 142 143 144 139 147 148 147 151 152 153 154 155 156 157 163 157 158 157 172 157 168 157 173 174 182 174 176 174 178 174 186 174 189 191 198 197 190 194 190 192 190 199 0
50
17 17
2 2
4 4
7 7
15 15
30 30
25 25
23 23
44 44
33 33
42 42
40 40
48 48
53 53
54 54
56 56
72 72
67 67
64 64
83 83
76 76
86 86
87 87
91 91
101 101
94 94
99 99
105 105
108 108
120 120
114 114
124 124
127 127
130 130
136 136
146 146
142 142
148 148
154 154
163 163
158 158
172 172
168 168
182 182
176 176
178 178
186 186
198 198
194 194
192 192
