Austin Jill Ralph Kari Amy Alex Eugene Cassandra Scott Paul Gina Michael Edward Melissa Jonathan Juan Donald Rachel Rhonda Paige Maxwell Hannah Sean Natasha Ashley Patrick Danielle Robin Monique Robert Jordan Glenda Janet Steven Joshua Jamie Elaine Kyle Jeanette Jennifer John Debra Daniel Walter Dennis Garrett Mariah Elizabeth Sara April Melinda Victoria Austin
50
Ralph Ralph
Kari Kari
Amy Amy
Alex Alex
Eugene Eugene
Cassandra Cassandra
Scott Scott
Paul Paul
Gina Gina
Michael Michael
Edward Edward
Melissa Melissa
Jonathan Jonathan
Juan Juan
Donald Donald
Rachel Rachel
Rhonda Rhonda
Paige Paige
Maxwell Maxwell
Hannah Hannah
Sean Sean
Natasha Natasha
Ashley Ashley
Patrick Patrick
Danielle Danielle
Robin Robin
Monique Monique
Robert Robert
Jordan Jordan
Glenda Glenda
Janet Janet
Steven Steven
Joshua Joshua
Jamie Jamie
Elaine Elaine
Kyle Kyle
Jeanette Jeanette
Jennifer Jennifer
John John
Debra Debra
Daniel Daniel
Walter Walter
Dennis Dennis
Garrett Garrett
Mariah Mariah
Elizabeth Elizabeth
Sara Sara
April April
Melinda Melinda
Victoria Victoria
