Granbull PorygonZ Electrode Flygon Crabominable Kyurem Ampharos Charmander Bagon Torchic Cascoon Krookodile Corphish Azurill Crawdaunt Cosmog Smeargle TypeNull Gliscor Manaphy Infernape Spewpa Floette Beedrill Butterfree Cubone Fletchling Probopass Sentret Tyrunt Charizard Glalie Mimikyu Swanna Lucario Dustox Budew Grumpig Metang Magmar Blissey Spinda Mawile Trumbeak Magmortar Goomy Flareon Heatmor Cinccino Diggersby Darkrai Jirachi Kangaskhan Skitty Quilava Rufflet Quilava Whiscash Rockruff Ninjask Slakoth Chatot Happiny Machamp Remoraid Lileep Absol Hitmontop Machamp Torkoal Machamp Pidgeot Mudsdale Pancham Vivillon Pancham Mudsdale Greninja Tsareena Staravia Feraligatr Luvdisc Reshiram Golbat Heatran Lampent Electrike Unown Relicanth Floatzel Malamar Altaria Sylveon Bonsly Chinchou Typhlosion Bulbasaur Reuniclus Furret Whimsicott Lunala Finneon Spiritomb Chespin Metapod Arbok Raichu Lycanroc Gorebyss Mantine Carnivine Roserade Bronzor Mightyena Bronzor Carbink Metagross Deoxys Staryu Nuzleaf Aipom Buizel Jolteon Bergmite Serperior Binacle Exeggcute Torracat Lapras Torracat Granbull
100
PorygonZ PorygonZ
Electrode Electrode
Flygon Flygon
Crabominable Crabominable
Ampharos Ampharos
Charmander Charmander
Torchic Torchic
Cascoon Cascoon
Krookodile Krookodile
Corphish Corphish
Crawdaunt Crawdaunt
Cosmog Cosmog
TypeNull TypeNull
Gliscor Gliscor
Infernape Infernape
Floette Floette
Beedrill Beedrill
Butterfree Butterfree
Cubone Cubone
Probopass Probopass
Charizard Charizard
Glalie Glalie
Mimikyu Mimikyu
Swanna Swanna
Dustox Dustox
Budew Budew
Grumpig Grumpig
Magmar Magmar
Blissey Blissey
Spinda Spinda
Mawile Mawile
Trumbeak Trumbeak
Magmortar Magmortar
Goomy Goomy
Heatmor Heatmor
Cinccino Cinccino
Diggersby Diggersby
Darkrai Darkrai
Jirachi Jirachi
Kangaskhan Kangaskhan
Skitty Skitty
Quilava Quilava
Rufflet Rufflet
Whiscash Whiscash
Rockruff Rockruff
Ninjask Ninjask
Slakoth Slakoth
Chatot Chatot
Happiny Happiny
Machamp Machamp
Remoraid Remoraid
Lileep Lileep
Absol Absol
Hitmontop Hitmontop
Torkoal Torkoal
Pidgeot Pidgeot
Mudsdale Mudsdale
Vivillon Vivillon
Greninja Greninja
Tsareena Tsareena
Feraligatr Feraligatr
Luvdisc Luvdisc
Reshiram Reshiram
Golbat Golbat
Heatran Heatran
Lampent Lampent
Electrike Electrike
Unown Unown
Relicanth Relicanth
Floatzel Floatzel
Malamar Malamar
Sylveon Sylveon
Bonsly Bonsly
Chinchou Chinchou
Typhlosion Typhlosion
Reuniclus Reuniclus
Whimsicott Whimsicott
Spiritomb Spiritomb
Chespin Chespin
Metapod Metapod
Arbok Arbok
Raichu Raichu
Lycanroc Lycanroc
Mantine Mantine
Carnivine Carnivine
Roserade Roserade
Bronzor Bronzor
Mightyena Mightyena
Carbink Carbink
Metagross Metagross
Deoxys Deoxys
Nuzleaf Nuzleaf
Buizel Buizel
Jolteon Jolteon
Bergmite Bergmite
Serperior Serperior
Binacle Binacle
Exeggcute Exeggcute
Torracat Torracat
Lapras Lapras
