73 34 64 65 64 34 40 53 42 18 41 11 4 3 2 8 2 5 2 6 2 7 2 11 14 11 25 11 27 30 23 29 28 11 33 22 60 22 11 24 17 51 45 50 47 17 19 57 19 56 61 36 59 37 75 35 55 35 20 44 21 26 21 38 68 62 77 62 66 67 63 71 34 72 73
50
34 34
64 64
65 65
40 40
53 53
42 42
41 41
11 11
4 4
3 3
2 2
8 8
5 5
6 6
7 7
14 14
25 25
27 27
30 30
23 23
29 29
28 28
33 33
22 22
60 60
24 24
51 51
45 45
50 50
47 47
19 19
57 57
56 56
61 61
36 36
59 59
37 37
75 75
55 55
20 20
44 44
26 26
38 38
68 68
77 77
66 66
67 67
63 63
71 71
72 72
