73 98 70 167 145 143 191 75 42 197 35 12 159 82 189 119 68 153 184 161 128 155 125 76 194 53 57 129 195 16 138 154 168 55 72 140 171 112 127 99 101 39 15 24 109 10 124 11 110 95 107 190 166 2 6 7 44 81 47 187 122 41 175 83 183 52 58 135 185 162 96 133 19 66 77 21 60 92 136 123 176 118 192 0 61 62 37 27 173 196 163 26 115 49 89 48 63 186 169 71 40 73
100
73 73
98 98
70 70
167 167
145 145
143 143
191 191
75 75
42 42
197 197
35 35
12 12
159 159
82 82
189 189
119 119
68 68
153 153
184 184
161 161
128 128
155 155
125 125
76 76
194 194
53 53
57 57
129 129
195 195
16 16
138 138
154 154
168 168
55 55
72 72
171 171
112 112
127 127
99 99
101 101
39 39
15 15
24 24
109 109
10 10
124 124
11 11
110 110
95 95
107 107
190 190
166 166
2 2
6 6
7 7
44 44
81 81
47 47
187 187
122 122
41 41
175 175
83 83
183 183
52 52
58 58
135 135
185 185
162 162
96 96
133 133
19 19
66 66
77 77
21 21
60 60
92 92
136 136
123 123
176 176
118 118
192 192
0 0
61 61
62 62
37 37
27 27
173 173
196 196
163 163
26 26
115 115
49 49
89 89
48 48
63 63
186 186
169 169
71 71
40 40
