92 28 72 77 41 19 41 77 78 16 45 16 94 34 70 33 70 3 93 59 93 3 91 23 86 23 91 60 36 29 10 29 99 87 24 60 43 50 43 20 43 60 91 57 44 57 91 2 34 5 1 67 37 74 85 21 38 43 73 12 54 80 63 95 76 65 76 0 68 46 14 46 25 11 35 32 35 90 17 2 13 97 47 64 61 55 90 18 92
50
72 72
19 19
78 78
16 16
45 45
94 94
70 70
33 33
3 3
93 93
59 59
23 23
86 86
29 29
10 10
87 87
24 24
50 50
20 20
57 57
44 44
2 2
5 5
1 1
37 37
74 74
85 85
21 21
73 73
12 12
54 54
63 63
95 95
65 65
0 0
68 68
46 46
14 14
11 11
35 35
32 32
90 90
17 17
13 13
97 97
47 47
64 64
61 61
55 55
18 18
