USG BFD GJX NMY FPK GIG KJA DPP LYL PST DZD TFP VFE UWO VKQ EMI WSF SCZ QFZ WIF ZLI IRG BJT MBE OEK IUL POT STT KXU SJL KHL WRP DZG ZBM CMD TIB OKD HOD QUA UQJ AKT BYF RAI XIG OJJ NRV TWC IUT KND STN ZIJ EMJ USG
50
BFD BFD
GJX GJX
NMY NMY
FPK FPK
GIG GIG
KJA KJA
DPP DPP
LYL LYL
PST PST
DZD DZD
TFP TFP
VFE VFE
UWO UWO
VKQ VKQ
EMI EMI
WSF WSF
SCZ SCZ
QFZ QFZ
WIF WIF
ZLI ZLI
IRG IRG
BJT BJT
MBE MBE
OEK OEK
IUL IUL
POT POT
STT STT
KXU KXU
SJL SJL
KHL KHL
WRP WRP
DZG DZG
ZBM ZBM
CMD CMD
TIB TIB
OKD OKD
HOD HOD
QUA QUA
UQJ UQJ
AKT AKT
BYF BYF
RAI RAI
XIG XIG
OJJ OJJ
NRV NRV
TWC TWC
IUT IUT
KND KND
STN STN
EMJ EMJ
