dweidxeutk audojmtlep gpbaqafhdz irtbznwvcu zbgxyjmdnm cwexpxaktw nimybvgttg hcvrravrik siwbsyuwap ivgiotlrrr cxrfqntbtm toeqvvzlae xqqirblyjw vpghbvlzxd cpdpvshtof ienasnqnvt xwsnmxufqy auonnlthcz vteisghgld rulcikswsa hlimwiksjd lgpbgvlzpo taoimnqdrr vtquakjujf gkbqwvqnfu nmshjtpxad gqwhfeepal ftrqchqaif wqeazvzkdf fxejnitkot dldiwncohw rzqbegeoni gvxfzzmwzk itouxsyevo ulneltboej fxpsowceqq qjjslhkvnr sjqdgtugly bxdnijtmyn kjgjbkdckc cavyunvwuk dllzvxpcgk wfybmclpmp hpqsgalvar aihlvhrjir tofdobbbjt bcwzxsuutq dzzxropcld tehmqpfdnn ltjqdpdqwv gyjkhdbyvm pphebmysxy xdmzjapanj kufcwxmspu fwwnyjpwnp cnbqxrvlvl rqmdukqpbg tzpaywhybw rwobvahhfa wlzaatlgns cowtuqqsll depihfdmjk wwmcjuetgz dlfzngcmgq okcwuqslme dfgysrnikx arrkheyths tdtlnqnprm rqchbdjiqp xtugynuehn nqdbgeypdu ouzfljsksj lzsvglcvqa bqrcwxsyuw lvqqznnzyn pgiiochubt hjvmodgwdg zdiibealli iqbyvqgkcp drtcvphibq gmvwahagsy htfyksgccp vqlbufoinm akzsqllzsv cmelcyxenw mnmjklgmnp elifcmozpf afkxpktsxw efgyvzmusc wiwpekzeuz mgzyysypdp naqyljkxxq rlgdknlxmz kgpqjqjrhc uqhdcumthr sjcwiapdwb jiowqcrqpz klbefaxnzg fuhtgylsov ctnsbezpjg xdhiumwdwn dweidxeutk
96
dweidxeutk dweidxeutk
audojmtlep audojmtlep
gpbaqafhdz gpbaqafhdz
irtbznwvcu irtbznwvcu
zbgxyjmdnm zbgxyjmdnm
cwexpxaktw cwexpxaktw
nimybvgttg nimybvgttg
hcvrravrik hcvrravrik
siwbsyuwap siwbsyuwap
ivgiotlrrr ivgiotlrrr
cxrfqntbtm cxrfqntbtm
toeqvvzlae toeqvvzlae
vpghbvlzxd vpghbvlzxd
cpdpvshtof cpdpvshtof
ienasnqnvt ienasnqnvt
xwsnmxufqy xwsnmxufqy
auonnlthcz auonnlthcz
vteisghgld vteisghgld
rulcikswsa rulcikswsa
hlimwiksjd hlimwiksjd
lgpbgvlzpo lgpbgvlzpo
taoimnqdrr taoimnqdrr
vtquakjujf vtquakjujf
gkbqwvqnfu gkbqwvqnfu
nmshjtpxad nmshjtpxad
gqwhfeepal gqwhfeepal
ftrqchqaif ftrqchqaif
wqeazvzkdf wqeazvzkdf
fxejnitkot fxejnitkot
dldiwncohw dldiwncohw
rzqbegeoni rzqbegeoni
gvxfzzmwzk gvxfzzmwzk
itouxsyevo itouxsyevo
ulneltboej ulneltboej
fxpsowceqq fxpsowceqq
qjjslhkvnr qjjslhkvnr
sjqdgtugly sjqdgtugly
bxdnijtmyn bxdnijtmyn
kjgjbkdckc kjgjbkdckc
cavyunvwuk cavyunvwuk
dllzvxpcgk dllzvxpcgk
wfybmclpmp wfybmclpmp
hpqsgalvar hpqsgalvar
aihlvhrjir aihlvhrjir
tofdobbbjt tofdobbbjt
bcwzxsuutq bcwzxsuutq
dzzxropcld dzzxropcld
tehmqpfdnn tehmqpfdnn
gyjkhdbyvm gyjkhdbyvm
pphebmysxy pphebmysxy
xdmzjapanj xdmzjapanj
kufcwxmspu kufcwxmspu
fwwnyjpwnp fwwnyjpwnp
cnbqxrvlvl cnbqxrvlvl
rqmdukqpbg rqmdukqpbg
tzpaywhybw tzpaywhybw
rwobvahhfa rwobvahhfa
wlzaatlgns wlzaatlgns
cowtuqqsll cowtuqqsll
depihfdmjk depihfdmjk
wwmcjuetgz wwmcjuetgz
dlfzngcmgq dlfzngcmgq
okcwuqslme okcwuqslme
dfgysrnikx dfgysrnikx
arrkheyths arrkheyths
tdtlnqnprm tdtlnqnprm
rqchbdjiqp rqchbdjiqp
xtugynuehn xtugynuehn
ouzfljsksj ouzfljsksj
lzsvglcvqa lzsvglcvqa
bqrcwxsyuw bqrcwxsyuw
lvqqznnzyn lvqqznnzyn
pgiiochubt pgiiochubt
hjvmodgwdg hjvmodgwdg
zdiibealli zdiibealli
iqbyvqgkcp iqbyvqgkcp
drtcvphibq drtcvphibq
gmvwahagsy gmvwahagsy
vqlbufoinm vqlbufoinm
akzsqllzsv akzsqllzsv
cmelcyxenw cmelcyxenw
mnmjklgmnp mnmjklgmnp
elifcmozpf elifcmozpf
afkxpktsxw afkxpktsxw
efgyvzmusc efgyvzmusc
wiwpekzeuz wiwpekzeuz
naqyljkxxq naqyljkxxq
rlgdknlxmz rlgdknlxmz
kgpqjqjrhc kgpqjqjrhc
uqhdcumthr uqhdcumthr
sjcwiapdwb sjcwiapdwb
jiowqcrqpz jiowqcrqpz
klbefaxnzg klbefaxnzg
fuhtgylsov fuhtgylsov
ctnsbezpjg ctnsbezpjg
xdhiumwdwn xdhiumwdwn
