0 185 175 196 162 38 66 172 83 25 19 6 58 93 86 96 102 191 134 168 37 100 113 126 119 107 22 55 159 195 10 116 188 144 77 57 88 171 151 42 183 40 39 110 166 173 71 70 59 3 114 35 76 14 163 5 60 68 30 56 78 48 41 65 64 24 72 21 176 8 190 62 20 43 103 52 125 23 132 109 84 85 160 174 169 53 182 51 187 115 148 81 32 121 26 104 105 146 67 2 97 0
100
0 0
185 185
175 175
196 196
162 162
38 38
66 66
172 172
83 83
25 25
19 19
6 6
58 58
93 93
86 86
96 96
102 102
191 191
134 134
168 168
37 37
100 100
113 113
126 126
119 119
107 107
22 22
55 55
159 159
195 195
10 10
116 116
188 188
144 144
77 77
57 57
88 88
171 171
151 151
42 42
183 183
40 40
39 39
110 110
166 166
173 173
71 71
70 70
59 59
3 3
114 114
35 35
76 76
14 14
163 163
5 5
60 60
68 68
30 30
56 56
78 78
48 48
41 41
65 65
64 64
24 24
72 72
21 21
176 176
8 8
190 190
62 62
20 20
43 43
103 103
52 52
125 125
23 23
132 132
109 109
84 84
85 85
160 160
174 174
169 169
53 53
182 182
51 51
187 187
115 115
148 148
81 81
32 32
121 121
26 26
104 104
105 105
146 146
67 67
97 97
