0 1 6 7 6 11 14 11 16 21 22 21 25 24 21 26 30 29 26 32 31 35 34 31 37 38 36 39 36 42 41 46 51 52 53 51 57 56 59 60 56 61 66 71 76 78 76 81 84 81 87 86 90 86 92 91 96 100 99 96 98 97 96 101 104 105 101 106 109 106 112 113 111 114 111 116 121 127 128 126 129 130 126 131 135 131 136 137 138 136 140 139 136 141 144 145 141 146 151 153 152 151 156 162 161 164 165 161 167 161 163 162 156 159 156 151 155 151 146 149 146 141 142 143 141 136 131 126 127 121 122 121 116 118 116 111 112 106 107 108 106 101 102 103 101 96 91 94 95 91 93 92 86 87 81 83 82 81 76 79 80 76 71 75 74 71 72 73 71 66 70 66 68 66 61 64 65 61 63 62 61 56 58 57 51 46 47 48 46 41 44 41 42 36 37 31 33 32 26 27 26 21 16 17 16 19 16 11 13 12 11 6 1 3 1 0 198 197 196 191 192 186 187 186 189 186 181 183 181 176 171 166 170 169 166 171 173 171 176 179 180 176 181 185 184 181 186 192 193 191 195 191 196 197 198 0
100
7 7
14 14
22 22
25 25
24 24
30 30
29 29
32 32
35 35
34 34
38 38
39 39
42 42
52 52
53 53
59 59
60 60
78 78
84 84
87 87
90 90
100 100
99 99
98 98
97 97
104 104
105 105
109 109
112 112
113 113
114 114
127 127
128 128
129 129
130 130
135 135
137 137
138 138
140 140
139 139
144 144
145 145
153 153
152 152
162 162
164 164
165 165
163 163
159 159
155 155
149 149
142 142
143 143
122 122
118 118
107 107
108 108
102 102
103 103
94 94
95 95
93 93
83 83
82 82
79 79
80 80
75 75
74 74
72 72
73 73
70 70
68 68
64 64
65 65
63 63
62 62
58 58
47 47
48 48
44 44
33 33
27 27
17 17
19 19
13 13
12 12
3 3
192 192
187 187
189 189
183 183
170 170
169 169
173 173
179 179
180 180
185 185
184 184
193 193
195 195
