0 11 31 22 12 13 3 4 24 33 43 54 55 45 46 36 26 35 15 6 8 19 17 27 28 48 58 47 57 56 66 76 77 87 89 97 107 108 119 139 149 159 158 148 138 137 147 155 156 157 167 168 178 188 186 196 185 175 174 184 193 192 180 171 160 150 151 161 162 172 173 143 132 124 135 126 115 105 94 84 75 85 95 104 114 123 112 111 92 91 90 80 82 73 64 63 62 52 51 40 30 20 0
97
11 11
31 31
22 22
12 12
13 13
3 3
4 4
24 24
33 33
43 43
54 54
55 55
45 45
46 46
36 36
26 26
35 35
15 15
6 6
8 8
19 19
17 17
27 27
28 28
58 58
47 47
57 57
56 56
66 66
76 76
77 77
87 87
89 89
107 107
119 119
139 139
149 149
159 159
158 158
148 148
138 138
137 137
147 147
155 155
156 156
157 157
167 167
168 168
178 178
188 188
186 186
196 196
185 185
175 175
174 174
184 184
193 193
192 192
180 180
171 171
150 150
151 151
161 161
162 162
172 172
173 173
143 143
132 132
124 124
135 135
126 126
115 115
105 105
94 94
84 84
75 75
85 85
95 95
104 104
114 114
123 123
112 112
111 111
92 92
91 91
90 90
80 80
82 82
73 73
64 64
63 63
62 62
52 52
51 51
40 40
30 30
20 20
