Ilesa Foshan Aklera Jagna Stupino Villaquilambre Aistala Tharu Aistala PortVila Alexandria Memmingen WaltonontheNaze Milledgeville Tupelo Puducherry Lodwar MitryMory Claremont Hermsdorf Oberhausen Palm Marburg Lille Marburg Sorsogon Taebaek Shagamu Bang Bensheim PointeClaire Bensheim Copperas MitryMory Ponta Sirsi Itacoatiara Valletta Sceaux Liberia Paredes El DehiwalaMount Ventimiglia Barracas Aurora Portogruaro Chacabuco Shaowu Sheoganj Ramla Yingkou Oschatz Viewpark Palafrugell Hermsdorf Aleshtar Alfenas Uran Landshut Bon An Bobigny Sillanwali Sishui Talipparamba Tak Perth Clermont Perth Resplendor Great Tyoply Great Ada Krymsk American Davis Jiangyan Brunswick Zeist Niort Perth Brzeg Kyzylorda Bensheim Gariadhar Bavly Polohy Mexborough Meizhou Toledo Perth UlanUde Perth New Belper Guli Belper Skalica Calauan LonsleSaunier GernikaLumo Krymsk Tiruppuvanam Onex Puerto Belper Zaozhuang Rutland Stuttgart Malden Tupiza Valday Bogovinje Mouscron Minas Dahlem Minas Magomeni Jashpurnagar Rhosllanerchrugog Milagro Azrou Oulmes Bensheim Campobasso Ilesa
100
Ilesa Ilesa
Foshan Foshan
Aklera Aklera
Jagna Jagna
Stupino Stupino
Villaquilambre Villaquilambre
Tharu Tharu
PortVila PortVila
Alexandria Alexandria
Memmingen Memmingen
WaltonontheNaze WaltonontheNaze
Milledgeville Milledgeville
Tupelo Tupelo
Puducherry Puducherry
Lodwar Lodwar
MitryMory MitryMory
Claremont Claremont
Hermsdorf Hermsdorf
Oberhausen Oberhausen
Palm Palm
Marburg Marburg
Lille Lille
Sorsogon Sorsogon
Shagamu Shagamu
Bang Bang
Bensheim Bensheim
PointeClaire PointeClaire
Copperas Copperas
Ponta Ponta
Sirsi Sirsi
Itacoatiara Itacoatiara
Valletta Valletta
Sceaux Sceaux
Paredes Paredes
DehiwalaMount DehiwalaMount
Ventimiglia Ventimiglia
Barracas Barracas
Aurora Aurora
Chacabuco Chacabuco
Shaowu Shaowu
Ramla Ramla
Yingkou Yingkou
Viewpark Viewpark
Palafrugell Palafrugell
Aleshtar Aleshtar
Alfenas Alfenas
Uran Uran
Landshut Landshut
Bon Bon
An An
Bobigny Bobigny
Sillanwali Sillanwali
Sishui Sishui
Talipparamba Talipparamba
Tak Tak
Perth Perth
Clermont Clermont
Resplendor Resplendor
Great Great
Tyoply Tyoply
Ada Ada
American American
Davis Davis
Jiangyan Jiangyan
Brunswick Brunswick
Niort Niort
Brzeg Brzeg
Kyzylorda Kyzylorda
Gariadhar Gariadhar
Bavly Bavly
Polohy Polohy
Mexborough Mexborough
Meizhou Meizhou
Toledo Toledo
UlanUde UlanUde
New New
Guli Guli
Skalica Skalica
Calauan Calauan
LonsleSaunier LonsleSaunier
GernikaLumo GernikaLumo
Tiruppuvanam Tiruppuvanam
Onex Onex
Puerto Puerto
Zaozhuang Zaozhuang
Rutland Rutland
Stuttgart Stuttgart
Malden Malden
Tupiza Tupiza
Valday Valday
Bogovinje Bogovinje
Mouscron Mouscron
Dahlem Dahlem
Magomeni Magomeni
Jashpurnagar Jashpurnagar
Rhosllanerchrugog Rhosllanerchrugog
Milagro Milagro
Azrou Azrou
Oulmes Oulmes
Campobasso Campobasso
