MASA01 MASA07 MASA06 MASA07 MASA08 MASA09 MASA10 MASA11 MASB02 MASB03 MASB06 MASB07 MASB08 MASB09 MASB10 MASB11 MASC07 MASC06 MASC07 MASC08 MASC09 MASC10 MASC11 MBSA01 MBSA07 MBSA06 MBSA07 MBSA08 MBSA09 MBSA10 MBSA11 MBSB02 MBSB03 MBSB06 MBSB07 MBSB08 MBSB09 MBSB10 MBSB11 MBSC07 MBSC06 MBSC07 MBSC08 MBSC09 MBSC10 MBSC09 MBSC08 MBSC07 MBSB11 MBSB10 MBSB09 MBSB08 MBSB07 MBSA11 MBSA10 MBSA09 MBSA08 MBSA07 MBSA01 MASC11 MASC10 MASC09 MASC08 MASC07 MASB11 MASB10 MASB09 MASB08 MASB07 MASA11 MASA10 MASA09 MASA08 MASA07 MASA01
36
MASA01 MASA08 MASA02
MASA07 MASA09
MASA06 MASA04 MASA05
MASA08 MASA10
MASA09 MASA11
MASA10 MASA12 MASB02
MASA11 MASB08
MASB02 MASB04 MASB05
MASB07 MASB09
MASB08 MASB10
MASB09 MASB11
MASB10 MASB12
MASB11 MASC08 MASC02
MASC07 MASC09
MASC06 MASC04 MASC05
MASC08 MASC10
MASC09 MASC11
MASC10 MASC12
MBSA01 MBSA08 MBSA02
MBSA07 MBSA09
MBSA06 MBSA04 MBSA05
MBSA08 MBSA10
MBSA09 MBSA11
MBSA10 MBSA12 MBSB02
MBSA11 MBSB08
MBSB02 MBSB04 MBSB05
MBSB07 MBSB09
MBSB08 MBSB10
MBSB09 MBSB11
MBSB10 MBSB12
MBSB11 MBSC08 MBSC02
MBSC07 MBSC09
MBSC06 MBSC04 MBSC05
MBSC08 MBSC10
MBSC09 MBSC11
MBSC10 MBSC12
