Soda loc3 loc179 loc182 loc177 loc42 loc163 loc104 loc129 loc168 loc43 loc27 loc180 loc111 loc77 loc141 loc115 loc60 loc27 loc43 loc92 loc129 loc17 loc23 loc74 loc13 loc34 loc13 loc74 loc23 loc17 loc129 loc168 loc43 loc27 loc60 loc68 loc192 loc170 loc196 loc170 loc192 loc87 loc47 loc164 loc111 loc30 loc39 loc30 loc111 loc77 loc173 loc77 loc27 loc43 loc92 loc57 loc157 loc59 loc157 loc57 loc92 loc179 loc53 loc25 loc106 loc36 loc106 loc25 loc53 loc179 loc43 loc27 loc169 loc111 loc30 loc39 loc198 loc39 loc30 loc111 loc169 loc27 loc43 loc179 loc3 Soda
30
Soda loc3 loc106 loc64 Soda loc25 loc36 loc172
loc3 loc45 loc53 loc58 loc65 loc80 loc82 loc90 loc151 loc199
loc179 loc50 loc140 loc57 loc75 loc163 loc17
loc182 loc42
loc177 loc171
loc42 loc154
loc129 loc23 loc94
loc43 loc8 loc10 loc15 loc22 loc26 loc35 loc37 loc38 loc41 loc55 loc77 loc100 loc101 loc114 loc122 loc131 loc141 loc147 loc180 loc181 loc183 loc193 loc74 loc83
loc27 loc173 loc79 loc95 loc111 loc165 loc188 loc194
loc180 loc11 loc30 loc128
loc111 loc39 loc136 loc24
loc77 loc107
loc115 loc9
loc60 loc126 loc192
loc92 loc157 loc72 loc137
loc17 loc34
loc23 loc13
loc13 loc14 loc32 loc84 loc88 loc118 loc138 loc189
loc34 loc167 loc121 loc97
loc68 loc170
loc170 loc51 loc61 loc142 loc185
loc196 loc155 loc7 loc103
loc39 loc28
loc173 loc146
loc57 loc59
loc157 loc20
loc59 loc40
loc106 loc145 loc6
loc36 loc156
loc198 loc109
