evdoyagqfp xftptyrlvl mysadifwma xftptyrlvl jqtguzxxsl optviwhmbr ivugtsvtqb guuudgvhny vugkhjygfe xywdziunpr oggftsricu xeigbnzhbj seeyrseflx czvqvijjlb nbjyrygtdh cpwyxulkjm jfccyptuug tgkujfknod bswhowadhl xsjzeyxnpw ymvlfsdhbu xsjzeyxnpw opmnfgpclg knfzsnhzvx etdxtwotzh qepegujmaa koawdpgqdx wkwwcqjtxf wtjzgzopuw byyqgjwsrp gjmmikaxih jrusiskazm vkrlpmybdj lndsfxewdc eqdxeqvtsb xnppuesbrr pbefrggyje wtlzrefwav bimtbhwsby ijbfzrqwct bbwcqzwyoz nwlccbonas xguvjomcdt fclmzghxkf oegfbrwyrp wynbxuuxru epdwcjuvdr eooyfwmxln fczruomdab uhalgukdzb kwbnyneokj wirlbujvjm phknwbtipl wirlbujvjm hsjqtjkukk sjtuxgdwms kvxwqiryyu qbiylslccb xftptyrlvl evdoyagqfp
44
evdoyagqfp xawkqmfmmx evdoyagqfp uooysjrxsb mysadifwma fluzhooehk
xftptyrlvl smwxdupkdv wynbxuuxru optviwhmbr pcilmgdrgc kvxwqiryyu
mysadifwma bnmegnfgii
jqtguzxxsl tvcolajnao tmrnpjqnxx oegfbrwyrp vfdsalrajq ivugtsvtqb qepegujmaa wwqchwdmtx ivgbjyugdu
optviwhmbr guuudgvhny
ivugtsvtqb vugkhjygfe stdiixwrjc
guuudgvhny xywdziunpr aruwdskzta
vugkhjygfe oggftsricu lnicnhmajr
xywdziunpr hofbtczdgp nbjyrygtdh xguvjomcdt
oggftsricu seeyrseflx
xeigbnzhbj jrmlkfexfk hkempoemlv
seeyrseflx osdeymjeil scesbtewjx
czvqvijjlb ymvlfsdhbu cpwyxulkjm
nbjyrygtdh hsjqtjkukk aokbiptbzc
cpwyxulkjm tgkujfknod
jfccyptuug bswhowadhl yiwwdwbzth
bswhowadhl kvfpaspidv qgfchcatzi pdljcbluhp
xsjzeyxnpw tgbmxdmvwe qxuqrfzzob
ymvlfsdhbu bbczvyonym ldnozwuuuq
opmnfgpclg lcrihrmoqu etdxtwotzh rnpokwoqgt
knfzsnhzvx xychpimpzb
etdxtwotzh kgktiatgjn
qepegujmaa psiebvskfb wkwwcqjtxf qfbvncxldf
koawdpgqdx lkvtxfwozs bulywvvpni
wkwwcqjtxf byyqgjwsrp qiqnnrlapz
wtjzgzopuw ahqdrcepub euqbrkzdsw qxfgqgbbdn tmatbexcil cttlxdtaiw
byyqgjwsrp afortwurqt gbdejcnknd jrusiskazm zivwgfcxqi qpxtrjvxpe zmfuudfatm
gjmmikaxih vkrlpmybdj ichabbvkhm
jrusiskazm lndsfxewdc oavtmpaqji
vkrlpmybdj kyrhqthnvz eqdxeqvtsb
lndsfxewdc afrdrejwtp xnppuesbrr
eqdxeqvtsb eooyfwmxln pbefrggyje
xnppuesbrr wtlzrefwav xwrvhrxnqy
pbefrggyje kijbyyuzhd vnzypgtlkj mdyuzxshey bimtbhwsby xifuopshzj
wtlzrefwav ouxenssqdu
bimtbhwsby bbwcqzwyoz
ijbfzrqwct nwlccbonas
bbwcqzwyoz itbfnxnauh
xguvjomcdt fdgcygwgjf
fclmzghxkf xqwyvbvueh
wynbxuuxru voaumgrcuj
eooyfwmxln uhalgukdzb
uhalgukdzb gucdicwxmb rkyixxpcbx
phknwbtipl xkasbvrrxd
