0 2 3 4 28 29 47 48 49 50 51 52 53 55 56 57 63 62 63 64 66 67 68 69 71 73 74 75 76 77 78 79 80 79 78 77 76 75 74 73 71 72 91 93 91 92 98 99 98 92 91 72 90 105 106 107 108 109 110 112 113 115 116 117 118 117 116 115 113 112 110 109 108 107 106 105 90 72 71 69 70 122 124 126 124 125 131 132 133 134 135 134 133 132 131 125 124 122 123 138 139 140 141 142 143 145 147 145 146 152 153 154 155 156 157 156 155 154 153 152 146 145 143 142 141 140 139 138 123 122 70 121 163 164 165 166 167 168 169 171 173 175 177 178 179 178 177 172 171 169 170 183 185 186 187 191 192 193 194 195 196 197 196 195 194 193 192 191 187 186 185 183 170 169 168 167 166 165 164 163 121 70 69 1 0 2 3 5 6 7 8 9 11 12 13 15 16 15 13 12 11 9 10 20 21 23 24 25 24 23 21 20 10 9 8 7 6 5 3 4 28 29 47 46 45 44 43 41 34 33 35 36 35 33 32 31 30 28 4 3 2 0
83
0 1 2 69 0
2 4 5
4 29
28 31
47 45
48 50
49 51
50 52
52 54
55 57 58
56 63 59
57 62
63 65 66
62 61
66 68
69 121 73
71 90 91 74
73 75
74 76
75 77
76 78
77 79
78 80
80 82 83
72 93
91 94 95
93 96
98 100
99 101
105 107
106 108
110 113
116 118
118 120
70 163
124 131 128
126 129
125 132
132 134
134 136
135 137
138 140
139 141
140 142
143 146 147
145 148
147 150
146 153
152 154
156 158
157 159
164 166
165 167
166 168
168 170
169 183 172
171 175
173 176
179 181
185 188
186 191
193 195
194 196
196 198
197 199
7 9
8 10 11
9 19
11 13
12 14 15
15 17
16 18
10 21
20 22
21 24
23 25
24 26
25 27
46 44
43 42
34 35
35 38
36 39
