6Zg7j6t8kt ka4cgDWgq7 HpRVhY9Btb OF1HL5xl4P KpPj50fAfy zG9cl6Gy30 7cteJXIZM1 YrPP1U1r20 I1RTFIGWhc NgxnYo41LY 4lUeyqYb0U J6nn6V6pVr dyS1o5lQHD UgxUR9jKcJ Ma7DUhMrCQ Iroa6leixY PzwBWrPM7w DFUEuoVNn7 oRs9wR3IGE 8pgnfE3xKu wXTrLT9dUx 6Zg7j6t8kt
18
6Zg7j6t8kt wXTrLT9dUx M9d0z6OccV lrFRnKniRv GSDEYlNcCM dojrtYXceT 1aPtXDhYtV 8pgnfE3xKu ka4cgDWgq7 MpRNDD0glq
ka4cgDWgq7 4JtfcKJvHu zH4Z0p0Ftj YZKJeBb8Pe 79JJ9GZF8c oRs9wR3IGE 97dvK2Az7S VWD9Yy5Xrg
HpRVhY9Btb KpPj50fAfy TH1GgoG5GU vD4d0BZ03p
OF1HL5xl4P fbxiHLAsv4 EZQ9HUGjRN Octagmmhko I1RTFIGWhc vCSWEyz4PC 0gqiqztWgj
KpPj50fAfy 4ViGHxfdlc OpwMnuSGmp UgxUR9jKcJ 7cteJXIZM1 cqCbnI2bkr
zG9cl6Gy30 uXkvSfF7Kv YrPP1U1r20
7cteJXIZM1 Iroa6leixY ckEVpwA8CD
YrPP1U1r20 tvKOOMQ7Sv YQKcyMibnc NgxnYo41LY
I1RTFIGWhc 4lUeyqYb0U OGWcs2X8pk
NgxnYo41LY b3jUAAPOlA
4lUeyqYb0U 1koyFI8rlU
J6nn6V6pVr G05S6XZiBa
dyS1o5lQHD fhmE7A9rVl s8EkvbOYAX
UgxUR9jKcJ ESDdDChkYw
Ma7DUhMrCQ iyQiEnpG35
Iroa6leixY N08DpqDewo H0NdoJawvz
DFUEuoVNn7 Dkc5CxJ6RV
oRs9wR3IGE 4RZs4XFvF9
