Jennifer0 Dorian5 Robert6 Dorian5 Wilma9 Charles12 Etha14 Doris15 Etha14 Fred19 James24 Norma25 James24 Jason28 Derick31 Willie33 Ruby34 Willie33 Annie38 Tyrone43 Cindy44 Tyrone43 Emma47 Ruth50 Wilma52 David53 Wilma52 Miriam57 Richard62 Douglas63 Richard62 Laura66 James69 Deena71 William72 Deena71 James69 Laura66 Richard62 Miriam57 Wilma52 Ruth50 Emma47 Tyrone43 Annie38 Willie33 Derick31 Jason28 James24 Fred19 Etha14 Charles12 Wilma9 Dorian5 Jennifer0
24
Jennifer0 Lorraine1 Janet2 Mark3 Patricia4 Robert6
Dorian5 Manuel7 Gladys10
Robert6 Kathleen8
Wilma9 Gregory11 John13
Etha14 Daniel20 Jennifer21 Doris22 William23
Doris15 Nannie17 Wesley18
Fred19 Norma25
James24 Christina26 Lonnie29
Norma25 Nadine27
Jason28 William30 Mona32
Willie33 Robert39 Tony40 Gina41 Michael42
Ruby34 Charles36 Louis37
Annie38 Cindy44
Tyrone43 John45 Edna48
Cindy44 Mabel46
Emma47 Dana49 Virginia51
Wilma52 Hector58 Robert59 Natalie60 Michael61
David53 James55 Tony56
Miriam57 Douglas63
Richard62 Sonya64 September67
Douglas63 Angela65
Laura66 Armando68 Jesus70
Deena71 David77 Robbie78
William72 Richard74 Steve75
