location34 location59 location89 location118 location87 location22 location105 location128 location188 location24 location177 location28 location20 location46 location50 location165 location155 location165 location17 location4 location124 location12 location38 location59 location34
20
location34 location39 location59 location192 location2 location79 location197 location46 location158 location9 location11 location38 location89 location98 location167 location187 location125 location157 location15 location23 location34 location163
location59 location109 location12 location28 location117 location149 location86 location135 location142 location151 location3 location134 location176 location115 location72 location188 location0 location17 location92 location136 location180 location71 location199 location68 location177 location6 location159
location89 location189 location55 location64 location96 location119 location194 location103 location161 location21 location170
location118 location174 location105 location143 location114
location87 location60 location132 location88 location120 location107 location137
location22 location52 location175
location105 location111 location162 location155 location24 location99
location128 location76 location130 location54 location172
location188 location37
location24 location122
location177 location90 location45 location27
location28 location144
location20 location139
location46 location164
location50 location181
location165 location91
location155 location121
location17 location140
location124 location131
location12 location47
