100 31 15 27 62 27 70 36 33 12 11 10 76 121 76 10 11 12 33 36 70 27 15 31 100 58 55 18 53 48 47 19 50 131 142 46 2 44 45 43 29 13 103 34 7 39 7 34 103 13 29 43 72 40 8 40 72 43 45 44 2 46 142 131 50 133 141 20 136 188 192 191 193 184 186 181 161 159 82 112 155 108 65 102 86 85 164 165 104 165 164 85 86 100 31 15 30 16 61 26 45 44 4 44 2 46 142 131 130 129 144 42 144 129 130 131 50 133 141 20 136 188 21 188 192 189 95 94 98 58 100
42
100 31 58 15 55 32
31 27 30
15 16
27 25 36
62 22 59 14 26 54 60
70 28 33
36 12
33 11
12 10
10 121
121 111
58 18 24
55 53
18 23 48 52
53 51 1 47 49
48 17 19
47 50
131 46
142 2
46 44
2 4 45
44 43
45 29
43 13 40
13 34
103 7
34 39
39 37
72 8
40 9
8 6
133 20
136 21 192
188 56
192 182
85 165
104 153
4 5
129 42
144 3
42 41
21 57
