loc1 loc2 loc3 loc2 loc7 loc16 loc11 loc12 loc13 loc12 loc17 loc26 loc21 loc22 loc23 loc22 loc27 loc36 loc31 loc32 loc33 loc32 loc37 loc46 loc41 loc42 loc43 loc42 loc47 loc56 loc51 loc52 loc53 loc52 loc57 loc66 loc61 loc62 loc63 loc62 loc67 loc76 loc71 loc72 loc73 loc72 loc77 loc86 loc81 loc82 loc83 loc82 loc87 loc96 loc91 loc92 loc93 loc92 loc97 loc106 loc101 loc102 loc103 loc102 loc107 loc116 loc111 loc112 loc113 loc112 loc117 loc126 loc121 loc122 loc123 loc122 loc127 loc136 loc131 loc132 loc133 loc132 loc137 loc146 loc141 loc142 loc143 loc142 loc147 loc156 loc151 loc152 loc153 loc152 loc157 loc166 loc161 loc162 loc163 loc162 loc167 loc176 loc171 loc172 loc173 loc172 loc177 loc186 loc181 loc182 loc183 loc182 loc187 loc196 loc191 loc192 loc193 loc192 loc191 loc196 loc187 loc182 loc181 loc186 loc177 loc172 loc171 loc176 loc167 loc162 loc161 loc166 loc157 loc152 loc151 loc156 loc147 loc142 loc141 loc146 loc137 loc132 loc131 loc136 loc127 loc122 loc121 loc126 loc117 loc112 loc111 loc116 loc107 loc102 loc101 loc106 loc97 loc92 loc91 loc96 loc87 loc82 loc81 loc86 loc77 loc72 loc71 loc76 loc67 loc62 loc61 loc66 loc57 loc52 loc51 loc56 loc47 loc42 loc41 loc46 loc37 loc32 loc31 loc36 loc27 loc22 loc21 loc26 loc17 loc12 loc11 loc16 loc7 loc2 loc1
60
loc1 loc6 loc7 loc10
loc2 loc8 loc16
loc3 loc9
loc11 loc17 loc20
loc12 loc18 loc26
loc13 loc19
loc21 loc27 loc30
loc22 loc28 loc36
loc23 loc29
loc31 loc37 loc40
loc32 loc38 loc46
loc33 loc39
loc41 loc47 loc50
loc42 loc48 loc56
loc43 loc49
loc51 loc57 loc60
loc52 loc58 loc66
loc53 loc59
loc61 loc67 loc70
loc62 loc68 loc76
loc63 loc69
loc71 loc77 loc80
loc72 loc78 loc86
loc73 loc79
loc81 loc87 loc90
loc82 loc88 loc96
loc83 loc89
loc91 loc97 loc100
loc92 loc98 loc106
loc93 loc99
loc101 loc107 loc110
loc102 loc108 loc116
loc103 loc109
loc111 loc117 loc120
loc112 loc118 loc126
loc113 loc119
loc121 loc127 loc130
loc122 loc128 loc136
loc123 loc129
loc131 loc137 loc140
loc132 loc138 loc146
loc133 loc139
loc141 loc147 loc150
loc142 loc148 loc156
loc143 loc149
loc151 loc157 loc160
loc152 loc158 loc166
loc153 loc159
loc161 loc167 loc170
loc162 loc168 loc176
loc163 loc169
loc171 loc177 loc180
loc172 loc178 loc186
loc173 loc179
loc181 loc187 loc190
loc182 loc188 loc196
loc183 loc189
loc191 loc197 loc200
loc192 loc198
loc193 loc199
