Afghanistan Albania Algeria Andorra Angola Antigu Argentina Armenia Australia Austria Austrian Azerbaijan Baden Bahrain Bangladesh Barbados Bavaria Belarus Belgium Belize Benin Bolivia Bosnia Botswana Brazil Brunei Brunswick Bulgaria Burkina Burma Burundi Cabo Cambodia Cameroon Canada Chad Chile China Colombia Comoros Costarica CotedIvoire Croatia Cuba Cyprus Czechi Czechoslovakia Congo Denmark Djibouti Afghanistan
46
Afghanistan Albania Djibouti Algeria Denmark Afghanistan
Albania Andorra
Algeria Angola
Andorra Antigu
Angola Argentina
Antigu Armenia
Argentina Australia
Armenia Austria
Australia Austrian
Austria Azerbaijan
Austrian Baden
Azerbaijan Bahrain
Baden Bangladesh
Bahrain Barbados
Bangladesh Bavaria
Barbados Belarus
Bavaria Belgium
Belarus Belize
Belgium Benin
Belize Bolivia
Benin Bosnia
Bolivia Botswana
Bosnia Brazil
Botswana Brunei
Brazil Brunswick
Brunei Bulgaria
Brunswick Burkina
Bulgaria Burma
Burkina Burundi
Burma Cabo
Burundi Cambodia
Cabo Cameroon
Cambodia Canada
Cameroon Chad
Canada Chile
Chad China
Chile Colombia
China Comoros
Colombia Costarica
Comoros CotedIvoire
Costarica Croatia
CotedIvoire Cuba
Croatia Cyprus
Cuba Czechi
Cyprus Czechoslovakia
Czechi Congo
