a1 a5 a4 a3 a4 a8 a9 a10 a11 a27 a43 a59 a75 a91 a107 a123 a139 a155 a171 a187 a11 a12 a16 a17 a21 a22 a38 a54 a70 a86 a102 a118 a134 a150 a166 a182 a6 a5 a1
29
a1 a3 a4 a6 a1 a188
a5 a22 a38 a54 a70 a86 a102 a118 a134 a150 a166 a182
a4 a9
a3 a11 a14 a19 a27 a30 a35 a43 a46 a51 a59 a62 a67 a75 a78 a83 a91 a94 a99 a107 a110 a115 a123 a126 a131 a139 a142 a147 a155 a158 a163 a171 a174 a179 a187 a190
a9 a12
a11 a28 a44 a60 a76 a92 a108 a124 a140 a156 a172
a27 a25
a43 a41
a59 a57
a75 a73
a91 a89
a107 a105
a123 a121
a139 a137
a155 a153
a171 a169
a187 a185
a12 a17
a17 a20
a38 a33 a36
a54 a49 a52
a70 a65 a68
a86 a81 a84
a102 a97 a100
a118 a113 a116
a134 a129 a132
a150 a145 a148
a166 a161 a164
a182 a177 a180
