Wheeler Doe Campanile LeConte Campbell Haviland Memorial McLaughlin South Stephens HearstAnnex Anthony GBC WayWest Warren WayWest Pimentel Morgan CVStarr Soda Etcheverry Latimer Evans Morrison Hertz Kroeber Lewis Greek Morrison Evans Wheeler Doe Campanile LeConte Campbell Haviland Memorial Minor Maxwell Minor Haas Faculty FSM Baker McCone BigC Pavilion Simons Pavilion BigC McCone Baker FSM Faculty Haas Minor Memorial Haviland Campbell LeConte Campanile Doe Wheeler
22
Wheeler Dwinelle Sproul Morrison
Campanile Birge
Haviland RSF Stonefire IHouse McLaughlin
Memorial Haas
McLaughlin Baker
South Moses
Stephens Anthony
Anthony Cheit
GBC Warren Cloyne
WayWest Hearst Metropolitan
Warren Davis
Morgan Moffitt
CVStarr Etcheverry
Soda Martinez Barker Unit3 OCF
Latimer Foothill
Morrison Kroeber Bechtel
Kroeber Boalt
Greek Jacobs
Maxwell Hargrove
Baker CKerr Fiji
BigC PeoplePark
Simons Legends TriDelta Unit2
