0x19 0x8b 0x11 0x5f 0xa4 0x3d 0xbf 0x95 0xbf 0x48 0x24 0x48 0x72 0x1b 0x6a 0x82 0x6a 0x8c 0x6a 0x28 0xa6 0x28 0x6a 0x1b 0x72 0xb6 0xab 0xac 0xbf 0x3d 0xba 0x91 0x16 0x91 0xc1 0x34 0x3f 0x55 0xb7 0xd 0xb7 0x3d 0xa4 0x5f 0x11 0x8 0x89 0x3c 0xe 0x79 0x5 0x0 0x5 0x9b 0x1d 0x2e 0x32 0x3e 0x32 0x2e 0xb3 0x98 0xae 0x98 0xb3 0xb4 0xb3 0x2e 0x32 0x1c 0x94 0x1c 0x32 0x2e 0x1d 0x9b 0x5 0x79 0xe 0x3c 0x74 0xbb 0x7a 0xb1 0xbe 0x9 0x5d 0x9 0xbe 0xb1 0x7a 0xbb 0x74 0x3c 0xe 0x63 0x3a 0x5c 0x17 0x6e 0x17 0x5c 0x85 0x5c 0x3a 0x63 0xe 0x3c 0x89 0x8 0x11 0x8b 0x19
46
0x19 0x8b 0x9f 0x78 0x8c 0xb0 0x52 0xbd 0xc4 0x11 0x12 0x2a 0x53 0x6b 0x1 0x6d 0x10 0x2b
0x8b 0xc6
0x11 0x89 0xa4 0x8f
0x5f 0x3d 0x87
0xa4 0xba
0x3d 0x91 0x1f 0xac
0xbf 0x1a 0x3b 0x70 0xab
0x95 0xf 0x56 0x9c 0x34 0xa1
0x48 0x59 0x1b 0xb6
0x24 0xbb
0x72 0x6a
0x1b 0x28
0x6a 0xa6 0x42 0x46 0x4e
0x82 0xb5
0x8c 0x4 0x5d 0x77 0x68 0x25 0x60 0xaa
0xa6 0x14 0x21 0x6f 0x7 0x18
0xab 0xa3 0x45
0xac 0x9e 0x31 0xa0
0x91 0xc3
0x16 0x74 0x84
0xc1 0xc7
0x34 0x9a 0x97 0xb2
0x3f 0xa7
0xd 0x9b
0x3c 0x79
0xe 0x3a 0x5
0x79 0x0
0x5 0x1d 0x2d
0x0 0x2c
0x2e 0x98 0xb4
0x3e 0x15
0xb3 0xae
0x98 0xc2
0xae 0x86
0xb4 0x7b
0x94 0xbc
0x74 0x7a
0xbb 0x5a
0xb1 0x9
0x5d 0x80
0x63 0x4d
0x3a 0x8e 0x85
0x5c 0x81
0x17 0x83 0x99
0x6e 0xa8
0x85 0x61
