142 121 137 66 106 66 137 188 83 93 151 144 17 6 103 18 181 153 139 30 140 171 63 131 63 149 26 60 193 130 65 141 99 141 179 116 40 176 40 116 98 116 40 13 73 165 153 181 91 3 174 4 46 148 108 160 77 143 90 172 37 178 195 158 195 178 52 134 14 9 92 16 177 126 164 97 135 137 121 142
38
142 121 167 58 137 39 151
121 44 48
137 76 106 97
66 127
106 90
188 115 93
93 38 144 159 181
151 91
144 186
17 63 140 55
6 41
103 70 133 89
181 3 23
153 30 145
30 129
140 177
63 35 22
131 157
149 60
26 183 124
60 16
130 141 34
141 150
99 14 21
176 33
98 197
73 7
91 174
3 4
174 46
46 108
108 77
172 178
37 195
178 158
195 69
158 64
16 31
