ssp200 13 10 2 8 6 8 2 181 122 128 126 128 122 181 47 52 48 52 47 181 107 112 108 112 107 181 167 173 171 173 167 181 77 82 78 82 77 181 137 143 141 143 137 181 17 23 21 23 17 181 182 188 186 188 182 181 32 38 36 38 32 181 152 158 156 158 152 181 62 67 63 67 62 181 92 98 96 98 92 181 2 10 13 ssp200
41
10 14
2 3 6 11 15
8 5
6 4
181 194 179 164 149 134 119 104 89 74 59 44 29
122 123 126 131 135
128 125
126 124
47 48 51 56 60
52 49
48 50
107 108 111 116 120
112 109
108 110
167 168 171 176 180
173 170
171 169
77 78 81 86 90
82 79
78 80
137 138 141 146 150
143 140
141 139
17 18 21 26 30
23 20
21 19
182 183 186 191 195
188 185
186 184
32 33 36 41 45
38 35
36 34
152 153 156 161 165
158 155
156 154
62 63 66 71 75
67 64
63 65
92 93 96 101 105
98 95
96 94
