0 1 8 117 116 117 8 1 175 111 112 113 37 36 37 113 78 15 47 127 126 127 147 13 12 11 103 107 103 11 12 13 147 54 24 23 22 23 24 54 147 127 47 15 78 79 165 125 124 123 83 82 81 82 83 123 124 125 165 164 163 120 4 14 152 151 169 168 167 166 165 79 78 113 112 111 110 21 20 142 141 140 139 138 95 137 136 135 134 135 92 91 118 89 132 30 29 28 27 28 29 46 32 63 62 170 62 63 32 46 45 46 29 30 132 89 118 39 130 51 130 39 118 91 92 135 136 137 95 138 139 140 141 142 20 21 110 111 175 1 0 179 178 150 178 177 178 179 0
55
0 175 178
1 111
8 116
117 115
116 114
175 112
111 109 113
112 102
113 15 77
37 35
36 87
78 47
47 126 147
127 54
126 55 173
147 24 53
12 103
11 9
103 106
107 105
24 22
23 154
22 153
165 73
125 123
124 83 122
83 81
82 17 80
81 16
164 2
163 158 4
4 152
152 34
169 86
142 7 172
141 58
139 94 95
138 93
136 90
134 72
89 131
132 29
29 27 32
28 26 96
27 25
46 63 99
32 62
63 61 170
170 84
45 98
51 49
179 150
178 70
150 69
177 44
