TA0 TA1 TA2 TA3 TA51 TA50 TA49 TA48 TA47 TA46 TA45 TA44 TA43 TA42 TA41 TA40 TA39 TA38 TA37 TA36 TA35 TA34 TA33 TA32 TA96 TA97 TA96 TA95 TA94 TA93 TA87 TA86 TA85 TA84 TA83 TA82 TA194 TA193 TA192 TA191 TA190 TA189 TA188 TA187 TA186 TA185 TA184 TA11 TA10 TA9 TA10 TA11 TA12 TA13 TA14 TA15 TA16 TA17 TA18 TA19 TA20 TA21 TA22 TA23 TA24 TA25 TA26 TA27 TA28 TA29 TA30 TA31 TA160 TA159 TA158 TA156 TA155 TA154 TA153 TA152 TA151 TA150 TA149 TA148 TA147 TA146 TA168 TA167 TA166 TA167 TA168 TA169 TA170 TA125 TA124 TA123 TA122 TA121 TA120 TA105 TA106 TA107 TA106 TA92 TA183 TA182 TA181 TA180 TA179 TA73 TA72 TA71 TA70 TA69 TA68 TA67 TA66 TA134 TA133 TA134 TA135 TA136 TA137 TA138 TA139 TA138 TA137 TA50 TA51 TA52 TA53 TA54 TA55 TA56 TA57 TA58 TA59 TA60 TA61 TA121 TA120 TA119 TA118 TA117 TA116 TA117 TA118 TA119 TA120 TA121 TA61 TA62 TA63 TA64 TA197 TA198 TA199 TA0
79
TA0 TA2
TA1 TA3
TA2 TA51
TA3 TA5 TA50
TA51 TA49 TA137
TA50 TA136
TA49 TA47
TA48 TA46 TA64
TA46 TA44
TA45 TA43
TA43 TA41
TA41 TA39
TA39 TA37
TA37 TA35
TA36 TA34
TA35 TA33
TA34 TA32
TA33 TA31 TA19
TA32 TA95
TA96 TA94 TA98
TA97 TA99
TA94 TA92
TA93 TA86 TA88 TA106
TA87 TA85
TA86 TA84
TA85 TA83
TA82 TA80 TA70 TA195
TA194 TA192
TA193 TA191
TA192 TA182 TA190
TA191 TA181 TA189
TA190 TA188
TA189 TA187
TA187 TA185
TA186 TA184
TA184 TA65 TA63 TA134 TA8
TA11 TA9 TA175 TA66
TA9 TA7
TA13 TA15
TA14 TA16
TA15 TA17
TA18 TA20
TA20 TA22
TA21 TA23
TA22 TA24
TA23 TA25
TA24 TA26
TA160 TA158
TA158 TA155
TA156 TA154
TA153 TA151
TA152 TA74
TA151 TA73 TA75 TA149
TA150 TA148
TA149 TA147
TA146 TA167 TA169
TA167 TA165
TA166 TA179
TA169 TA171
TA170 TA124 TA126
TA125 TA127
TA124 TA122
TA121 TA119
TA105 TA103 TA107
TA106 TA108
TA107 TA109
TA92 TA90
TA182 TA180
TA180 TA178
TA71 TA135
TA70 TA68
TA69 TA67
TA66 TA133
TA133 TA131
TA137 TA139
TA139 TA141
TA52 TA54
TA118 TA116
TA116 TA114
