AAA AAB AAC AAD ABD ABC ABB ABA ACA ADA BAA BAB BAC BAD BBD BBC BBB BBA BCA BDA CAA CAB CAC CAD CBD CBC CBB CBA CCA CDA DAA DAB DAC DAD DBD DBC DBB DBA DCA DDA EAA EAB EAC EAD EBD EBC EBB EBA ECA EDA FAA FAB FAC FAD FBD FAD FAC FAB FAA EDA ECA EBA EAA DDA DCA DBA DAA CDA CCA CBA CAA BDA BCA BBA BAA ADA ACA ABA AAA
24
AAA ABB
AAB AAD ABC ACB
AAD ACD
ABD ADD
BAA BBB
BAB BAD BBC BCB
BAD BCD
BBD BDD
CAA CBB
CAB CAD CBC CCB
CAD CCD
CBD CDD
DAA DBB
DAB DAD DBC DCB
DAD DCD
DBD DDD
EAA EBB
EAB EAD EBC ECB
EAD ECD
EBD EDD
FAA FBB
FAB FAD FBC FCB
FAD FCD
FBD FDD
