AAA AAB AAC AAD ABD ABC ABB ABA ACA ADA BAA BAB BAC BAD BBD BBC BBB BBA BCA BDA CAA CAB CAC CAD CBD CBC CBB CBA CCA CDA DAA DAB DAC DAD DBD DBC DBB DBA DCA DDA EAA EAB EAC EAD EBD EBC EBB EBA ECA EDA FAA FAB FAC FAD FBD FBC FBB FBA FCA FDA GAA GAB GAC GAD GBD GBC GBB GBA GCA GDA HAA HAB HAC HAD HBD HBC HBB HBA HCA HDA IAA IAB IAC IAD IBD IBC IBB IBA ICA IDA JAA JAB JAC JAD JBD JBC JBB JBA JCA JDA KAA KAB KAC KAD KBD KBC KBB KBA KCA KDA LAA LAB LAC LAD LBD LAD LAC LAB LAA KDA KCA KBA KAA JDA JCA JBA JAA IDA ICA IBA IAA HDA HCA HBA HAA GDA GCA GBA GAA FDA FCA FBA FAA EDA ECA EBA EAA DDA DCA DBA DAA CDA CCA CBA CAA BDA BCA BBA BAA ADA ACA ABA AAA
48
AAA ABB
AAB AAD ABC ACB
AAD ACD
ABD ADD
BAA BBB
BAB BAD BBC BCB
BAD BCD
BBD BDD
CAA CBB
CAB CAD CBC CCB
CAD CCD
CBD CDD
DAA DBB
DAB DAD DBC DCB
DAD DCD
DBD DDD
EAA EBB
EAB EAD EBC ECB
EAD ECD
EBD EDD
FAA FBB
FAB FAD FBC FCB
FAD FCD
FBD FDD
GAA GBB
GAB GAD GBC GCB
GAD GCD
GBD GDD
HAA HBB
HAB HAD HBC HCB
HAD HCD
HBD HDD
IAA IBB
IAB IAD IBC ICB
IAD ICD
IBD IDD
JAA JBB
JAB JAD JBC JCB
JAD JCD
JBD JDD
KAA KBB
KAB KAD KBC KCB
KAD KCD
KBD KDD
LAA LBB
LAB LAD LBC LCB
LAD LCD
LBD LDD
