Soda Location15 Location18 Location160 Location4 Location30 Location34 Location31 Location25 Location19 Location27 Location0 Location122 Location55 Location39 Location89 Location11 Location74 Location26 Location117 Location154 Location53 Location58 Location63 Location64 Location144 Location115 Location19 Location163 Location153 Location42 Location120 Location21 Location64 Location144 Location65 Location62 Location65 Location144 Location52 Location121 Location161 Location159 Soda
28
Soda Location50 Location190 Soda
Location15 Location113
Location18 Location40 Location151 Location32 Location34 Location56 Location118 Location125 Location127
Location160 Location30 Location162 Location164 Location90 Location101 Location176 Location72 Location28 Location43 Location132 Location74
Location4 Location42 Location105 Location187
Location30 Location119 Location120 Location3 Location115 Location143 Location75 Location163
Location34 Location25 Location27 Location112
Location31 Location38 Location0 Location19 Location60 Location168 Location41 Location36 Location104 Location135 Location145 Location180
Location25 Location99 Location57
Location19 Location142 Location184 Location144 Location88 Location129 Location179
Location27 Location131 Location64 Location12 Location102 Location188
Location0 Location48 Location134
Location122 Location182 Location16 Location39 Location173
Location55 Location89 Location10 Location11 Location123 Location189
Location39 Location49
Location89 Location191 Location128
Location11 Location87 Location29 Location149 Location181
Location74 Location46
Location26 Location154
Location117 Location158 Location172
Location154 Location9
Location53 Location1
Location64 Location70
Location144 Location62
Location115 Location33
Location163 Location8
Location120 Location116
Location62 Location147
