Soda Location25 Location90 Location1 Location24 Location78 Location53 Location7 Location11 Location5 Location62 Location16 Location54 Location6 Location22 Location20 Location57 Location2 Location45 Location64 Location32 Location67 Location38 Location95 Location46 Soda
19
Soda Location46 Location26 Location7 Location72 Location44 Location56 Location77 Location94
Location25 Location1 Location17
Location90 Location16 Location38 Location45 Location76
Location1 Location58 Location93
Location24 Location29
Location78 Location32 Location74 Location10
Location53 Location41 Location79
Location7 Location5 Location80
Location11 Location70 Location23
Location5 Location66
Location16 Location3 Location28
Location54 Location12
Location6 Location20 Location82
Location22 Location31 Location57
Location20 Location2 Location9
Location2 Location39
Location32 Location35
Location67 Location42
Location46 Location0
