aa0 aa1 aa0 gd9 gd6 gd5 gd2 gd0 gc9 gc4 gc3 gc0 gb9 gb6 gb1 gb0 ga9 ga8 ga5 ga1 ga0 ad9 ad0 ac9 ac4 ac7 ac4 ac0 ab9 ab8 ab7 ab4 ab2 ab0 aa9 aa8 aa2 aa8 aa9 ab0 ab2 ab4 ab7 ab8 ab9 ac0 ac5 ac9 ad0 ad9 ad1 ad2 ad1 ad9 ga0 ga1 ga5 ga8 ga9 gb0 gb1 gb6 gb9 gc0 gc3 gc4 gc9 gd0 gd2 gd5 gd6 gd9 aa0
22
aa0 gd9 aa5 gd7 gd8
aa1 aa4 aa6
gd9 gd4
gd6 gd3
gd0 gc5
gc9 gc3
gc3 gc1
gc0 gb6 gb7 gc2 gc8
gb9 gb4
gb6 gb3 gb2
ga9 ga4 ga7
ga8 ga3 ga6
ga5 ga2
ac9 ac2 ac7 ac8
ac4 ac3
ac7 ac6
ac0 ab8
ab9 ab5 ab7
ab8 ab4
ab7 ab2
aa2 aa3 aa7
ad2 ad4 ad5 ad6 ad7 ad8
