2 41 143 19 143 41 85 9 60 142 24 103 116 103 172 103 116 67 134 94 57 94 62 90 62 139 55 50 42 188 163 5 59 173 59 20 59 5 169 5 163 158 110 158 112 4 161 109 131 128 198 147 115 104 44 56 195 199 121 196 155 178 37 25 81 12 127 150 101 150 185 77 3 149 171 179 171 18 14 22 76 51 176 192 0 186 38 186 64 184 189 182 117 102 45 181 45 102 117 164 138 13 8 87 175 126 114 107 43 107 114 100 198 147 115 104 44 56 195 199 97 199 35 60 9 85 41 2
60
2 157 85 2 49 53
19 48 50
9 35 142
60 188 100 177
24 42 116
103 145 28 67 61 98 113
116 94 174 182
172 27 36 30 96
67 189
134 13
94 15 14 90 139
57 126
62 95 55
90 82
139 130
55 193
50 58 187
42 52
188 158
163 59 125 110 112
5 173 63
59 128
173 86 131 121
20 141
169 26
158 4
110 178
112 161 92
109 156
198 114 32 115
115 44
104 56
195 97
199 7 196
121 79
178 25
25 12
150 93
101 194
185 3
77 149
3 171 122
149 165 179
179 133
14 76
22 51
51 192
176 0
0 38 136
186 46 119
38 73
182 164
117 138
102 181
45 34
181 23
138 8
107 80
43 6 54 118
97 106
