199 24 10 151 197 28 158 139 181 146 142 146 174 40 174 96 189 176 46 47 129 185 160 7 177 103 67 34 98 8 65 86 156 119 78 167 115 157 31 97 102 52 183 62 94 55 83 124 119 156 74 156 86 14 86 65 5 48 16 198 16 145 107 127 25 190 196 82 199
49
199 24 82 10 29 35
24 7 39
10 48
151 5 16 28
197 67 81 94
28 71
158 2 99
139 85 20
181 11 60 61
146 26 49 40 96
142 54 0 6
174 33 9
40 73
96 55 95
189 57 46 88
176 47 72 21 64 77
46 36 93
47 56 66 19 22
129 27 70 63 84
185 32 51
160 91
7 12 15 23 41 79
177 42 38
103 13 34 43
67 98
34 8
98 65
8 76 86
65 44 14
86 74
156 4 78 17 53 75
119 37 83
78 68 80
167 62
115 31
157 97
31 92
97 45 52
102 1 25
52 87
183 50
94 3
55 18
83 59
74 58
14 30
5 90
198 89
190 69
