Cleresmith Whitby Bothensborough Sodmersmith Chedlake Ketterwold Milditch Wydon Edgney Whitseyborough Todderworth Warrerbage Durblechester Dribbasborne Hanworth Sunderbrough Chillerlow Eggerrensling Hannerworth Waltcombe Dribbinggrove Cheddlesport Pendton Elfield Warblesdown Wolvingrethorne Cammingbury Blanden Egwood Skelcastle Cannerrebeck Ciside Hartrenslow Enderavon Pemhampton Reddenwell Suddlebrough Pendingstoke Stainsdenwold Ashworth Cannenringwell Elmsbrook Chilcompcester Hanscombe Watchmanshead Chippenden Camsdenden Rockhead Bootworth Dribbingenborne Dribside Wendlemerford Dribside Dribbingenborne Bootworth Rockhead Camsdenden Chippenden Watchmanshead Hanscombe Chilcompcester Elmsbrook Cannenringwell Ashworth Stainsdenwold Pendingstoke Suddlebrough Reddenwell Pemhampton Enderavon Hartrenslow Ciside Cannerrebeck Skelcastle Egwood Blanden Cammingbury Wolvingrethorne Warblesdown Elfield Pendton Cheddlesport Dribbinggrove Waltcombe Hannerworth Eggerrensling Chillerlow Sunderbrough Hanworth Dribbasborne Durblechester Warrerbage Todderworth Whitseyborough Edgney Wydon Milditch Ketterwold Chedlake Sodmersmith Bothensborough Whitby Cleresmith
27
Cleresmith Warringwood
Whitby Chippingwood
Sodmersmith Ketterwold
Chedlake Milditch
Wydon Basfield
Whitseyborough Warrerbage
Todderworth Durblechester
Dribbasborne Ellingey
Sunderbrough Eggerrensling
Chillerlow Hannerworth
Waltcombe Pendrenslake
Cheddlesport Elfield
Pendton Warblesdown
Wolvingrethorne Soddenreey
Blanden Skelcastle
Egwood Cannerrebeck
Ciside Cammenenwich
Enderavon Reddenwell
Pemhampton Suddlebrough
Pendingstoke Reddentree
Ashworth Elmsbrook
Cannenringwell Chilcompcester
Hanscombe Shrivden
Chippenden Rockhead
Camsdenden Bootworth
Dribbingenborne Ribney
Wendlemerford Wetley
