A0 A4 A5 A10 A15 A24 A25 A29 A30 A35 A40 A49 A50 A54 A55 A60 A65 A74 A75 A79 A80 A85 A90 A99 A100 A104 A105 A110 A115 A124 A125 A129 A130 A135 A140 A149 A150 A154 A155 A160 A165 A174 A175 A179 A180 A185 A190 A189 A188 A176 A191 A176 A188 A189 A190 A185 A180 A179 A175 A174 A165 A164 A163 A151 A166 A151 A163 A164 A165 A160 A155 A154 A150 A149 A140 A139 A138 A126 A141 A126 A138 A139 A140 A135 A130 A129 A125 A124 A115 A114 A113 A101 A116 A101 A113 A114 A115 A110 A105 A104 A100 A99 A90 A89 A88 A76 A91 A76 A88 A89 A90 A85 A80 A79 A75 A74 A65 A64 A63 A51 A66 A51 A63 A64 A65 A60 A55 A54 A50 A49 A40 A39 A38 A26 A41 A26 A38 A39 A40 A35 A30 A29 A25 A24 A15 A14 A13 A1 A16 A1 A13 A14 A15 A10 A5 A4 A0
38
A0 A4 A3 A2 A6 A194 A195 A196 A197
A5 A8 A11 A12
A15 A19 A20 A21 A22
A24 A27 A28 A29
A25 A31
A30 A33 A36 A37
A40 A44 A45 A46 A47
A49 A52 A53 A54
A50 A56
A55 A58 A61 A62
A65 A69 A70 A71 A72
A74 A77 A78 A79
A75 A81
A80 A83 A86 A87
A90 A94 A95 A96 A97
A99 A102 A103 A104
A100 A106
A105 A108 A111 A112
A115 A119 A120 A121 A122
A124 A127 A128 A129
A125 A131
A130 A133 A136 A137
A140 A144 A145 A146 A147
A149 A152 A153 A154
A150 A156
A155 A158 A161 A162
A165 A169 A170 A171 A172
A174 A177 A178 A179
A175 A181
A180 A183 A186 A187
A191 A193
A166 A168
A141 A143
A116 A118
A91 A93
A66 A68
A41 A43
A16 A18
