S 1M 1Ea 1M 1Aa 1M 1Af 1M 1Ca 1Cb 1Ca 1M S 2M 2Ea 2M 2Aa 2M 2Af 2M 2Ca 2Cb 2Ca 2M S 3M 3Ea 3M 3Aa 3M 3Af 3M 3Ca 3Cb 3Ca 3M S 4M 4Ea 4M 4Aa 4M 4Af 4M 4Ca 4Cb 4Ca 4M S
25
S 1Aa 1Bf 1Ca 2Aa 2Bf 2Ca 3Aa 3Bf 3Ca 4Aa 4Bf 4Ca
1M 1Ab 1Ag 1Bb 1Bi 1Bj 1Cb 1Dd 1De 1Ee 1Fe
1Ea 1Eh 1Ei 1Ek
1Aa 1Ac 1Ad 1Ae
1Af 1Ah 1Ai 1Aj
1Ca 1Cc
1Cb 1Cd
2M 2Ab 2Ag 2Bb 2Bi 2Bj 2Cb 2Dd 2De 2Ee 2Fe
2Ea 2Eh 2Ei 2Ek
2Aa 2Ac 2Ad 2Ae
2Af 2Ah 2Ai 2Aj
2Ca 2Cc
2Cb 2Cd
3M 3Ab 3Ag 3Bb 3Bi 3Bj 3Cb 3Dd 3De 3Ee 3Fe
3Ea 3Eh 3Ei 3Ek
3Aa 3Ac 3Ad 3Ae
3Af 3Ah 3Ai 3Aj
3Ca 3Cc
3Cb 3Cd
4M 4Ab 4Ag 4Bb 4Bi 4Bj 4Cb 4Dd 4De 4Ee 4Fe
4Ea 4Eh 4Ei 4Ek
4Aa 4Ac 4Ad 4Ae
4Af 4Ah 4Ai 4Aj
4Ca 4Cc
4Cb 4Cd
