location1 location2 location3 location10 location7 location8 location9 location8 location11 location50 location47 location45 location46 location49 location52 location51 location19 location16 location15 location166 location163 location160 location157 location156 location68 location71 location169 location168 location171 location87 location86 location89 location88 location91 location90 location93 location94 location97 location98 location101 location1 location4 location7 location34 location31 location34 location148 location145 location142 location139 location136 location133 location130 location2 location1
34
location1 location101 location3 location5 location7 location79 location1 location179
location2 location127 location129 location131 location133
location3 location137 location9 location11 location13 location23 location25 location27 location29
location10 location105 location107 location109 location111
location7 location31 location33 location35 location37 location69 location73 location75 location77
location8 location59 location61 location63 location65
location9 location15
location11 location17 location81 location47 location49 location51 location53
location50 location45 location151 location19 location177
location47 location41 location43
location45 location39
location49 location55
location52 location83
location51 location57 location85
location19 location21
location16 location113 location115 location117 location119
location15 location163 location165 location167 location169
location166 location71
location163 location157 location159 location161
location157 location153 location155
location156 location67
location68 location125
location71 location141 location143 location145 location147
location169 location171 location173 location175
location168 location87
location87 location89 location91 location93
location89 location95
location91 location97
location93 location99
location97 location103
location34 location149
location31 location121 location123
location145 location139
location139 location135
