L0 L2 L3 L6 L10 L11 L13 L14 L18 L19 L25 0L1 0L2 H2 H4 H7 H11 H12 H11 H5 H11 H12 H14 H15 H19 H20 H25 0H1 0H2 0H3 0H4 0H5 0H6 0H12 0H13 0H16 0H17 0H18 0H21 0H22 0H23 H3 0L3 0L2 H2 H4 H7 H11 H12 H14 H15 H16 H15 H14 H12 H11 H7 H4 H2 0L2 0L1 L25 L19 L18 L14 L13 L11 L10 L6 L3 L2 L0
28
L0 H1
0L1 H2
0L2 H3 H4 H5
H2 H6 H7 H11 0H20
H4 H8 H9
H7 H12
H11 H10 H13 H14
H12 H15
H5 0H19
H14 H16 H19
H15 H17 H20
H19 H21 H22 H25
H20 H23 H24 0H1
H25 0H2
0H1 0H3
0H2 0H4
0H3 0H5
0H4 0H6
0H5 0H7 0H8 0H9 0H11 0H12
0H6 0H10 0H13
0H12 0H14 0H16
0H13 0H15 0H17
0H16 0H18
0H17 0H21
0H18 0H22
0H21 0H23
0H23 0H24 0H25
H16 H18
