0 1 2 3 4 5 6 7 8 17 18 28 27 26 25 24 23 32 42 43 52 51 61 62 63 73 74 65 66 75 85 84 83 82 91 101 102 103 104 105 106 96 87 88 97 108 118 128 127 136 135 134 133 132 131 141 142 143 144 145 146 147 156 157 167 168 177 178 177 176 175 174 173 172 162 151 141 130 120 110 100 90 80 70 60 50 40 30 20 10 0
69
0 2 20 21
1 12 22
2 4
3 5 24
4 15
5 16 26
6 8 17
7 9 18
8 29
17 37
18 39
28 48
26 45
25 33
24 43
23 31 42
32 51 53
42 61
43 64
52 71 72 73
51 70
61 80 81 82
62 83
73 94
74 76 86 95
65 67
66 68 77 87
75 96
85 104 105
84 103
83 102
82 101
91 111
101 120 122
102 123
103 114
104 125
105 107 116
106 108 127
96 98
87 89
88 99
97 118
108 129
118 139
128 147 149
127 146
136 155
135 133 154
134 132 153
133 152
132 130 151
131 140 150
141 160 161
143 164
144 165
145 166
146 167
147 158
156 175 176
157 178
167 186 187 188
168 189
177 196 198
178 199
175 184
174 183
173 182
172 181
