start e1 e3 e4 e6 e7 e11 e7 start h1 h11 h1 start h3 start g8 g10 g11 g14 g19 g24 g21 g16 g12 g8 start f14 f7 f14 f9 f14 start b16 b10 b9 b8 b9 b10 b11 b12 b13 b12 b11 b10 b16 b17 b18 b19 b20 b21 b20 b19 b18 b23 b18 b17 b16 start c6 c7 c24 c23 c30 c29 c27 c32 c35 c36 c20 c11 c12 c9 c8 c3 start d1 d2 d1 start
36
start g5 g6 g8 g9 f11 f14 c1 c5 d1 d4 e19 e20 e24 h26 h22 h17 h18 g4 g3 g1 g2 g10 g7 g12 g13 f12 f13 a5 a1 a2 a3 a4
e1 e25
e3 e21
e6 e22
e11 e23
h1 h9
h11 h13
h3 h24
g8 g11 g15 g16
g10 g14
g11 g19 g20
g14 g23 g24
g19 g18 g21
g24 g17 g25
g21 g22
f14 f15 f17 f18 f20
f7 f16
f9 f19
b10 b3
b9 b2
b8 b1
b11 b4
b12 b5
b13 b6
b19 b24
b20 b25
b21 b15
b23 b26
c7 c23
c24 c17 c21
c30 c27
c29 c26 c31
c27 c33
c11 c10 c13
c12 c15
d2 d5
