FacultyClub IRLE Cheit Wheeler EarthquakeLibrary Durham MartinezCommons UniversityHouse SproulPlaza OptometryLibrary Library AndersenAuditorium Stephens Morrison StowPlaza CareerCenter Sproul AnthropologyLibrary Birge FPF MelvinLaboratory Koshland OBrien EarthLibrary StudentUnion SutardjaDai Warren PacificFilmArchive Manville Unit3 HearstGym EnergyBuilding McCone InternationalHouse McCone Mulford NewspapersLibrary LawrenceofScience BancroftDance ArtHistoryLibrary MediaCenter BioscienceLibrary Hilgard CITRIS MLK Etcheverry BrainImagingCenter DonnerLaboratory SpringerGateway Spieker Investigative Jacobs Pimentel FacultyClub
50
FacultyClub FacultyClub
IRLE IRLE
Cheit Cheit
Wheeler Wheeler
EarthquakeLibrary EarthquakeLibrary
Durham Durham
MartinezCommons MartinezCommons
UniversityHouse UniversityHouse
SproulPlaza SproulPlaza
OptometryLibrary OptometryLibrary
Library Library
AndersenAuditorium AndersenAuditorium
Stephens Stephens
Morrison Morrison
StowPlaza StowPlaza
CareerCenter CareerCenter
Sproul Sproul
AnthropologyLibrary AnthropologyLibrary
Birge Birge
FPF FPF
MelvinLaboratory MelvinLaboratory
Koshland Koshland
OBrien OBrien
EarthLibrary EarthLibrary
StudentUnion StudentUnion
SutardjaDai SutardjaDai
Warren Warren
PacificFilmArchive PacificFilmArchive
Manville Manville
Unit3 Unit3
HearstGym HearstGym
EnergyBuilding EnergyBuilding
InternationalHouse InternationalHouse
Mulford Mulford
NewspapersLibrary NewspapersLibrary
LawrenceofScience LawrenceofScience
BancroftDance BancroftDance
ArtHistoryLibrary ArtHistoryLibrary
MediaCenter MediaCenter
BioscienceLibrary BioscienceLibrary
Hilgard Hilgard
CITRIS CITRIS
Etcheverry Etcheverry
BrainImagingCenter BrainImagingCenter
DonnerLaboratory DonnerLaboratory
SpringerGateway SpringerGateway
Spieker Spieker
Investigative Investigative
Jacobs Jacobs
Pimentel Pimentel
