0 60 112 56 19 82 38 85 75 97 199 13 133 26 3 131 25 141 6 35 74 173 94 32 42 181 88 47 117 158 172 153 148 120 52 113 71 73 18 67 149 114 140 66 58 175 49 178 93 197 123 154 92 91 96 106 195 119 143 167 162 64 69 124 102 65 33 170 33 8 171 180 51 145 136 174 48 87 99 135 44 80 169 83 191 76 46 103 139 188 161 105 15 177 55 17 168 155 77 132 134 90 0
98
60 60
112 112
56 56
19 19
82 82
38 38
85 85
75 75
97 97
199 199
13 13
133 133
26 26
3 3
131 131
25 25
141 141
35 35
74 74
173 173
94 94
32 32
42 42
181 181
88 88
47 47
117 117
158 158
172 172
153 153
148 148
120 120
52 52
113 113
71 71
73 73
18 18
67 67
149 149
114 114
140 140
58 58
175 175
49 49
178 178
93 93
197 197
123 123
154 154
92 92
91 91
96 96
106 106
195 195
119 119
143 143
167 167
162 162
64 64
69 69
124 124
102 102
65 65
33 33
170 170
8 8
171 171
180 180
51 51
145 145
136 136
174 174
48 48
87 87
99 99
135 135
44 44
80 80
169 169
83 83
191 191
76 76
46 46
103 103
139 139
188 188
161 161
105 105
15 15
177 177
55 55
17 17
168 168
155 155
77 77
132 132
134 134
90 90
