159 77 190 77 140 14 97 126 172 119 86 129 41 148 47 182 48 117 7 72 45 25 101 137 85 137 53 193 24 193 180 109 127 146 127 61 127 142 46 37 46 192 130 107 134 120 134 107 189 32 79 3 79 170 158 99 158 74 185 74 129 15 167 15 71 157 71 139 100 181 100 199 100 59 147 40 147 101 132 101 25 138 69 155 69 171 10 200 10 66 36 17 133 173 27 145 27 169 27 166 121 63 13 106 197 6 52 156 31 114 35 114 92 116 92 158 102 82 102 123 102 5 159 22 159 164 43 164 81 28 81 30 11 104 20 87 20 41 148 51 65 98 65 93 154 2 154 93 65 26 65 165 184 76 149 4 44 60 44 131 88 29 50 108 38 108 83 44 107 130 64 177 111 128 111 34 111 177 174 177 64 156 56 96 162 191 162 96 56 84 16 178 8 193 180 122 180 109 159 77 140 149 23 194 21 194 23 149 140 77 159
100
77 77
190 190
140 140
14 14
97 97
126 126
172 172
86 86
41 41
148 148
47 47
48 48
7 7
72 72
45 45
101 101
137 137
85 85
53 53
193 193
24 24
180 180
109 109
146 146
61 61
46 46
37 37
192 192
107 107
134 134
120 120
32 32
79 79
3 3
158 158
99 99
74 74
185 185
15 15
167 167
71 71
157 157
139 139
100 100
181 181
199 199
59 59
40 40
132 132
138 138
155 155
10 10
200 200
36 36
17 17
133 133
145 145
169 169
121 121
63 63
13 13
106 106
6 6
52 52
156 156
31 31
114 114
35 35
116 116
102 102
82 82
123 123
22 22
43 43
28 28
11 11
87 87
51 51
65 65
98 98
93 93
154 154
2 2
26 26
165 165
76 76
4 4
60 60
88 88
38 38
64 64
111 111
128 128
34 34
174 174
96 96
191 191
178 178
122 122
21 21
