129 83 130 36 83 92 137 9 161 80 84 101 4 11 4 81 158 141 50 13 111 142 111 30 66 107 100 105 192 105 157 29 157 195 85 6 51 56 99 156 95 59 25 196 140 151 114 108 125 42 21 61 26 128 190 177 65 0 145 15 0 82 0 160 27 126 39 178 26 163 64 72 97 96 63 96 76 96 87 33 5 40 88 2 91 20 191 53 49 155 17 8 48 123 57 150 121 171 121 143 16 188 61 79 152 14 110 10 31 55 194 23 32 98 109 46 180 12 103 12 89 137 197 92 183 47 62 47 58 47 116 44 86 174 45 175 30 184 30 122 50 189 63 129
100
130 130
36 36
92 92
137 137
9 9
161 161
84 84
101 101
4 4
11 11
81 81
158 158
50 50
13 13
142 142
66 66
107 107
100 100
105 105
192 192
157 157
29 29
195 195
85 85
6 6
51 51
56 56
99 99
156 156
95 95
59 59
25 25
196 196
151 151
114 114
108 108
125 125
21 21
61 61
26 26
128 128
190 190
177 177
65 65
0 0
145 145
15 15
82 82
160 160
126 126
39 39
178 178
163 163
64 64
97 97
96 96
63 63
76 76
87 87
33 33
5 5
40 40
88 88
2 2
91 91
191 191
53 53
49 49
155 155
17 17
8 8
48 48
123 123
57 57
150 150
121 121
171 171
16 16
188 188
152 152
14 14
110 110
55 55
194 194
23 23
98 98
109 109
180 180
103 103
89 89
197 197
183 183
62 62
58 58
44 44
174 174
175 175
184 184
122 122
189 189
