74 123 81 123 109 161 11 99 137 97 100 73 125 83 60 59 14 118 14 39 32 27 103 51 77 51 190 155 52 34 18 110 72 100 134 112 76 56 80 104 181 20 96 184 136 171 165 64 90 64 17 64 47 127 193 4 168 179 54 133 199 111 121 13 192 13 45 146 8 42 142 181 140 16 152 37 53 131 91 65 170 63 66 50 102 98 102 188 88 113 198 120 116 138 139 63 57 86 31 86 128 86 57 185 44 107 112 114 112 76 154 76 61 141 129 163 94 34 151 130 28 58 68 23 25 183 108 33 151 135 151 149 143 198 100 173 132 48 5 172 12 172 95 147 103 125 157 125 83 33 76 89 76 166 131 200 131 53 37 178 176 30 167 81 123 8 115 148 105 117 3 180 158 43 187 197 9 63 174 63 139 161 109 123 74
100
123 123
81 81
109 109
161 161
11 11
99 99
97 97
100 100
73 73
125 125
83 83
60 60
59 59
14 14
118 118
39 39
32 32
27 27
103 103
51 51
77 77
190 190
155 155
52 52
18 18
72 72
134 134
112 112
76 76
56 56
80 80
20 20
96 96
184 184
136 136
171 171
165 165
90 90
17 17
47 47
127 127
193 193
4 4
179 179
54 54
133 133
199 199
111 111
192 192
45 45
146 146
42 42
142 142
140 140
16 16
152 152
53 53
91 91
63 63
66 66
50 50
98 98
88 88
113 113
198 198
120 120
116 116
138 138
139 139
86 86
31 31
128 128
44 44
107 107
114 114
154 154
61 61
129 129
163 163
94 94
130 130
58 58
23 23
108 108
135 135
143 143
173 173
132 132
5 5
12 12
95 95
157 157
89 89
200 200
178 178
167 167
115 115
105 105
158 158
174 174
