0 2 53 54 53 87 24 16 24 94 130 52 82 22 62 12 10 188 121 91 67 91 24 16 113 30 9 98 8 38 35 173 80 31 104 3 90 88 63 93 21 6 25 1 113 15 113 99 56 45 123 65 5 196 18 32 77 55 70 111 75 192 95 192 7 59 51 89 167 160 79 41 19 41 44 27 144 157 69 192 81 140 124 40 64 11 28 20 133 4 74 48 49 46 36 58 103 100 73 100 29 39 86 139 37 47 76 92 177 72 177 33 177 92 60 151 66 169 84 80 71 83 68 121 14 125 17 110 26 110 96 97 34 117 23 117 116 132 43 178 30 176 42 78 35 173 57 195 7 59 50 106 13 106 102 186 85 148 61 100 31 0
100
2 2
53 53
54 54
87 87
24 24
16 16
94 94
52 52
82 82
22 22
62 62
12 12
10 10
91 91
67 67
30 30
9 9
98 98
8 8
38 38
35 35
80 80
31 31
3 3
90 90
88 88
63 63
93 93
21 21
6 6
25 25
1 1
15 15
99 99
56 56
45 45
65 65
5 5
18 18
32 32
77 77
55 55
70 70
75 75
95 95
7 7
59 59
51 51
89 89
79 79
41 41
19 19
44 44
27 27
69 69
81 81
40 40
64 64
11 11
28 28
20 20
4 4
74 74
48 48
49 49
46 46
36 36
58 58
100 100
73 73
29 29
39 39
86 86
37 37
47 47
76 76
92 92
72 72
33 33
60 60
66 66
84 84
71 71
83 83
68 68
14 14
17 17
26 26
96 96
97 97
34 34
23 23
43 43
42 42
78 78
57 57
50 50
13 13
85 85
61 61
