75 89 32 84 48 86 25 9 59 68 21 5 73 96 74 36 74 7 87 64 47 4 52 4 56 98 69 78 31 68 55 46 63 91 12 18 13 18 81 94 82 92 26 71 80 29 43 83 77 44 90 99 72 58 42 97 28 3 24 86 48 49 79 65 30 76 18 62 77 19 34 19 92 15 39 57 39 49 55 75
50
75 75
89 89
32 32
84 84
48 48
86 86
25 25
9 9
59 59
21 21
73 73
96 96
74 74
36 36
7 7
87 87
64 64
47 47
4 4
52 52
56 56
98 98
69 69
31 31
55 55
46 46
91 91
12 12
13 13
81 81
94 94
82 82
92 92
26 26
80 80
29 29
43 43
77 77
44 44
90 90
58 58
42 42
97 97
3 3
49 49
65 65
76 76
62 62
34 34
57 57
