evdoyagqfp xawkqmfmmx xftptyrlvl fluzhooehk xftptyrlvl uooysjrxsb xftptyrlvl mysadifwma robpunozly bnmegnfgii robpunozly mysadifwma xftptyrlvl qbiylslccb kvxwqiryyu sjtuxgdwms hsjqtjkukk bbczvyonym mdyuzxshey wtlzrefwav afrdrejwtp pwgublhwxg hofbtczdgp pwgublhwxg pymtnhypxd jrmlkfexfk osdeymjeil wkwwcqjtxf lkvtxfwozs gjmmikaxih jrusiskazm vkrlpmybdj lndsfxewdc kyrhqthnvz lnicnhmajr xychpimpzb bulywvvpni xychpimpzb lnicnhmajr aruwdskzta vugkhjygfe xywdziunpr oggftsricu xeigbnzhbj seeyrseflx hkempoemlv seeyrseflx czvqvijjlb nbjyrygtdh cpwyxulkjm nbjyrygtdh ymvlfsdhbu xsjzeyxnpw bswhowadhl tgkujfknod bswhowadhl zpjhxyylhb kvfpaspidv ouxenssqdu fznfvsgjhc wtyqwjwskq kijbyyuzhd unihwwnyqz pbefrggyje xwrvhrxnqy xifuopshzj afortwurqt ahqdrcepub gbdejcnknd vnzypgtlkj dnmgxnhbgi uhalgukdzb yriqtwavfx rkyixxpcbx yriqtwavfx gucdicwxmb yriqtwavfx qgfchcatzi cmdqzmgvfi pdljcbluhp koawdpgqdx psiebvskfb koawdpgqdx qepegujmaa pcilmgdrgc ivgbjyugdu pcilmgdrgc wwqchwdmtx jedsthbmzo euqbrkzdsw zivwgfcxqi phknwbtipl fdgcygwgjf rnpokwoqgt oownpsyviv oavtmpaqji ichabbvkhm jrusiskazm gjmmikaxih byyqgjwsrp qxfgqgbbdn byyqgjwsrp tmatbexcil qpxtrjvxpe qiqnnrlapz spdafzaivh ldnozwuuuq eaozvwjoso vqakgbtmpu xqwyvbvueh tvcolajnao smwxdupkdv jqtguzxxsl optviwhmbr vfdsalrajq optviwhmbr ivugtsvtqb guuudgvhny stdiixwrjc ummqduagjn fczruomdab eooyfwmxln epdwcjuvdr kgktiatgjn epdwcjuvdr wynbxuuxru tmrnpjqnxx wynbxuuxru oegfbrwyrp fclmzghxkf xguvjomcdt nwlccbonas itbfnxnauh nwlccbonas bbwcqzwyoz ijbfzrqwct bimtbhwsby ijbfzrqwct qfbvncxldf ixyurvbpvu yiwwdwbzth ixyurvbpvu qepegujmaa etdxtwotzh knfzsnhzvx opmnfgpclg qxuqrfzzob gllungmori xnppuesbrr eqdxeqvtsb xnppuesbrr hxkhivkhyl scesbtewjx jrmlkfexfk pymtnhypxd frfueiglva ymvlfsdhbu aokbiptbzc ymvlfsdhbu xsjzeyxnpw opmnfgpclg tgbmxdmvwe lcrihrmoqu xkasbvrrxd gkcfktyute rlxmdzqomd cttlxdtaiw zmfuudfatm afortwurqt xifuopshzj xwrvhrxnqy ebqxbaqnmm oegfbrwyrp wynbxuuxru qzdrdcxoib voaumgrcuj qzdrdcxoib wynbxuuxru jqtguzxxsl xftptyrlvl evdoyagqfp
99
evdoyagqfp evdoyagqfp
xawkqmfmmx xawkqmfmmx
fluzhooehk fluzhooehk
uooysjrxsb uooysjrxsb
mysadifwma mysadifwma
bnmegnfgii bnmegnfgii
kvxwqiryyu kvxwqiryyu
hsjqtjkukk hsjqtjkukk
bbczvyonym bbczvyonym
mdyuzxshey mdyuzxshey
wtlzrefwav wtlzrefwav
afrdrejwtp afrdrejwtp
hofbtczdgp hofbtczdgp
jrmlkfexfk jrmlkfexfk
osdeymjeil osdeymjeil
wkwwcqjtxf wkwwcqjtxf
lkvtxfwozs lkvtxfwozs
jrusiskazm jrusiskazm
vkrlpmybdj vkrlpmybdj
lndsfxewdc lndsfxewdc
kyrhqthnvz kyrhqthnvz
lnicnhmajr lnicnhmajr
xychpimpzb xychpimpzb
bulywvvpni bulywvvpni
aruwdskzta aruwdskzta
vugkhjygfe vugkhjygfe
xywdziunpr xywdziunpr
oggftsricu oggftsricu
seeyrseflx seeyrseflx
hkempoemlv hkempoemlv
nbjyrygtdh nbjyrygtdh
cpwyxulkjm cpwyxulkjm
ymvlfsdhbu ymvlfsdhbu
bswhowadhl bswhowadhl
tgkujfknod tgkujfknod
kvfpaspidv kvfpaspidv
ouxenssqdu ouxenssqdu
kijbyyuzhd kijbyyuzhd
pbefrggyje pbefrggyje
xwrvhrxnqy xwrvhrxnqy
xifuopshzj xifuopshzj
afortwurqt afortwurqt
ahqdrcepub ahqdrcepub
gbdejcnknd gbdejcnknd
vnzypgtlkj vnzypgtlkj
uhalgukdzb uhalgukdzb
rkyixxpcbx rkyixxpcbx
gucdicwxmb gucdicwxmb
qgfchcatzi qgfchcatzi
pdljcbluhp pdljcbluhp
psiebvskfb psiebvskfb
qepegujmaa qepegujmaa
pcilmgdrgc pcilmgdrgc
ivgbjyugdu ivgbjyugdu
wwqchwdmtx wwqchwdmtx
euqbrkzdsw euqbrkzdsw
zivwgfcxqi zivwgfcxqi
fdgcygwgjf fdgcygwgjf
rnpokwoqgt rnpokwoqgt
oavtmpaqji oavtmpaqji
ichabbvkhm ichabbvkhm
byyqgjwsrp byyqgjwsrp
qxfgqgbbdn qxfgqgbbdn
tmatbexcil tmatbexcil
qpxtrjvxpe qpxtrjvxpe
qiqnnrlapz qiqnnrlapz
ldnozwuuuq ldnozwuuuq
xqwyvbvueh xqwyvbvueh
tvcolajnao tvcolajnao
smwxdupkdv smwxdupkdv
optviwhmbr optviwhmbr
vfdsalrajq vfdsalrajq
ivugtsvtqb ivugtsvtqb
guuudgvhny guuudgvhny
stdiixwrjc stdiixwrjc
eooyfwmxln eooyfwmxln
kgktiatgjn kgktiatgjn
wynbxuuxru wynbxuuxru
tmrnpjqnxx tmrnpjqnxx
oegfbrwyrp oegfbrwyrp
xguvjomcdt xguvjomcdt
nwlccbonas nwlccbonas
itbfnxnauh itbfnxnauh
bbwcqzwyoz bbwcqzwyoz
bimtbhwsby bimtbhwsby
qfbvncxldf qfbvncxldf
yiwwdwbzth yiwwdwbzth
etdxtwotzh etdxtwotzh
qxuqrfzzob qxuqrfzzob
xnppuesbrr xnppuesbrr
eqdxeqvtsb eqdxeqvtsb
scesbtewjx scesbtewjx
aokbiptbzc aokbiptbzc
tgbmxdmvwe tgbmxdmvwe
lcrihrmoqu lcrihrmoqu
xkasbvrrxd xkasbvrrxd
cttlxdtaiw cttlxdtaiw
zmfuudfatm zmfuudfatm
voaumgrcuj voaumgrcuj
