0 60 54 80 39 84 44 89 49 4 79 90 85 5 40 55 58 42 88 37 35 20 65 67 68 32 31 32 49 94 29 99 52 51 52 50 80 82 81 12 11 12 10 13 10 30 33 30 95 97 95 5 8 5 7 71 72 70 80 83 80 45 48 45 47 46 47 45 60 63 60 90 92 90 15 18 15 17 16 17 15 20 23 20 55 57 55 25 28 25 85 77 76 77 85 87 86 87 85 0
50
60 60
54 54
80 80
39 39
84 84
44 44
89 89
49 49
4 4
79 79
90 90
85 85
5 5
40 40
55 55
58 58
42 42
88 88
37 37
20 20
65 65
67 67
68 68
32 32
31 31
94 94
29 29
99 99
52 52
51 51
82 82
81 81
11 11
13 13
33 33
97 97
8 8
71 71
83 83
48 48
46 46
63 63
92 92
18 18
16 16
23 23
57 57
28 28
76 76
86 86
