woebegone felony equipping felony Isfahan thoroughfare balustrade babysat funny McCall diligent numerology stanza administer trill fulsome embroil papal archive dull swingy Fisk mediate funky millennium inform secondary inform limitate PDP oriole bunch midstream noon MN exothermic MN casserole renaissance casserole MN monotonous dreadnought monotonous Durango Reilly Durango sinh Durango Hewlett December Zorn trimester Curtis illusion griddle illusion transfuse trimester yogurt Simon connubial Winchester bat directory Curtis deduce Tucson extrovert Andersen cowhand explosion cowhand Irvin mack Irvin relaxation postscript Wheller car softball anvil Sunday silage Sunday whatsoever Sunday thirteen involuntary spill mitre lexicon Vega lexicon choice shovel wingspread funny switchmen imperishable switchmen Gilmore simulate Stephen PDP septillion yearn barnacle broil involuntary slowdown involuntary backplate involuntary icon update bifurcate atom coarse atom transonic atom tate trimester Curtis sphalerite Curtis trimester transfuse catenate Darwin Elizabethan Goodrich Simon Rodney Auberge Rodney swordfish Modesto numerology viscous numerology woebegone
100
felony felony
equipping equipping
Isfahan Isfahan
thoroughfare thoroughfare
babysat babysat
funny funny
McCall McCall
diligent diligent
numerology numerology
stanza stanza
administer administer
fulsome fulsome
embroil embroil
papal papal
archive archive
dull dull
swingy swingy
Fisk Fisk
mediate mediate
funky funky
millennium millennium
inform inform
secondary secondary
limitate limitate
PDP PDP
oriole oriole
bunch bunch
midstream midstream
noon noon
exothermic exothermic
casserole casserole
renaissance renaissance
monotonous monotonous
dreadnought dreadnought
Durango Durango
Reilly Reilly
sinh sinh
Hewlett Hewlett
December December
Zorn Zorn
trimester trimester
Curtis Curtis
illusion illusion
griddle griddle
transfuse transfuse
yogurt yogurt
Simon Simon
connubial connubial
Winchester Winchester
bat bat
directory directory
deduce deduce
Tucson Tucson
extrovert extrovert
Andersen Andersen
explosion explosion
Irvin Irvin
mack mack
relaxation relaxation
postscript postscript
Wheller Wheller
car car
softball softball
anvil anvil
Sunday Sunday
silage silage
whatsoever whatsoever
thirteen thirteen
involuntary involuntary
spill spill
mitre mitre
Vega Vega
choice choice
shovel shovel
wingspread wingspread
imperishable imperishable
Gilmore Gilmore
simulate simulate
Stephen Stephen
septillion septillion
yearn yearn
barnacle barnacle
broil broil
slowdown slowdown
backplate backplate
icon icon
update update
bifurcate bifurcate
coarse coarse
transonic transonic
tate tate
sphalerite sphalerite
catenate catenate
Darwin Darwin
Goodrich Goodrich
Rodney Rodney
Auberge Auberge
swordfish swordfish
Modesto Modesto
viscous viscous
