ctUVEJSyNR Z82QDWb0Pr T3o9dNVbcG TDmNOuGJBk MzId8uwrPz sY3UqAEMG3 8Jejdr7ynm 7d3UA4fKWz 8Jejdr7ynm QwY2G6aX6c VbPBW7rmhF BtCEVbHoQI I4iTN5KXjB BtCEVbHoQI HG8olhhcTZ sY3UqAEMG3 oPQmRUijH5 6lpxgUxCxO jKpmFoejPZ gLI8ArV2Ui osdKgXyg1e MuYreynm57 f91pUtm9EZ RLF9v27sOQ VbPBW7rmhF UphA2uAaYC vzXeZbLrSW UphA2uAaYC HEqjxwCWnl zUWT7uduzq uVIshS2g8a qg08r1Pg6g uVIshS2g8a VBTKstUXwG 8UaR4YpZys VBTKstUXwG HTp005294X IU0Ia8127Z HTp005294X Z82QDWb0Pr U5XdtBFGOe Z82QDWb0Pr ctUVEJSyNR
25
Z82QDWb0Pr Z82QDWb0Pr
T3o9dNVbcG T3o9dNVbcG
TDmNOuGJBk TDmNOuGJBk
MzId8uwrPz MzId8uwrPz
8Jejdr7ynm 8Jejdr7ynm
7d3UA4fKWz 7d3UA4fKWz
QwY2G6aX6c QwY2G6aX6c
BtCEVbHoQI BtCEVbHoQI
I4iTN5KXjB I4iTN5KXjB
HG8olhhcTZ HG8olhhcTZ
oPQmRUijH5 oPQmRUijH5
6lpxgUxCxO 6lpxgUxCxO
gLI8ArV2Ui gLI8ArV2Ui
osdKgXyg1e osdKgXyg1e
MuYreynm57 MuYreynm57
f91pUtm9EZ f91pUtm9EZ
RLF9v27sOQ RLF9v27sOQ
UphA2uAaYC UphA2uAaYC
vzXeZbLrSW vzXeZbLrSW
zUWT7uduzq zUWT7uduzq
qg08r1Pg6g qg08r1Pg6g
VBTKstUXwG VBTKstUXwG
8UaR4YpZys 8UaR4YpZys
IU0Ia8127Z IU0Ia8127Z
U5XdtBFGOe U5XdtBFGOe
