153 170 15 129 12 93 58 47 120 36 21 184 21 161 95 77 53 145 178 45 155 195 0 60 139 43 139 138 61 138 131 73 197 180 70 39 80 140 80 171 92 83 186 52 186 19 91 41 108 41 137 177 35 90 23 100 56 2 98 88 98 122 187 160 37 160 127 144 117 135 194 146 181 136 181 26 172 79 81 119 156 50 128 96 24 134 150 168 11 16 126 22 86 13 196 76 124 76 7 20 89 152 28 74 182 31 89 49 167 34 113 58 99 109 29 192 5 192 69 118 68 118 169 147 42 147 189 8 189 78 163 101 191 3 90 40 82 149 179 112 166 36 188 93 89 31 4 153
100
153 153
170 170
15 15
129 129
12 12
93 93
58 58
47 47
120 120
36 36
21 21
184 184
161 161
95 95
77 77
53 53
145 145
178 178
195 195
0 0
60 60
43 43
138 138
61 61
131 131
197 197
180 180
70 70
140 140
171 171
83 83
52 52
19 19
41 41
108 108
137 137
177 177
35 35
90 90
23 23
56 56
2 2
98 98
88 88
122 122
187 187
160 160
37 37
127 127
135 135
194 194
146 146
136 136
26 26
172 172
79 79
81 81
119 119
156 156
50 50
128 128
96 96
134 134
150 150
168 168
11 11
16 16
126 126
86 86
13 13
196 196
124 124
7 7
20 20
89 89
152 152
28 28
74 74
182 182
49 49
167 167
34 34
113 113
99 99
29 29
192 192
5 5
118 118
68 68
169 169
147 147
42 42
8 8
163 163
3 3
40 40
179 179
112 112
188 188
4 4
