Chattanooga Cleveland SanAntonio Memphis Wichita Fayetteville Aurora Orange Frisco KansasCity Jackson Brownsville Boston Salem Plano Fresno GrandRapids Fresno Worcester Fresno Corona Lubbock Corona FortWorth Roseville MorenoValley Anaheim ChulaVista Akron Hayward SantaClarita Hayward Raleigh Norfolk Irvine Syracuse Irvine OklahomaCity Lincoln Madison Joliet SanBernardino Boise SanBernardino Fremont Honolulu Huntsville Tacoma Oxnard Spokane Springfield Berkeley Knoxville WinstonSalem Cincinnati LongBeach GrandPrairie LongBeach Waco Albuquerque LosAngeles Albuquerque Orlando NewportNews DesMoines Austin Vancouver Detroit BatonRouge Bakersfield Carrollton Surprise Anchorage Phoenix Indianapolis Riverside Scottsdale Tempe Scottsdale Riverside Indianapolis FortLauderdale Savannah SaltLakeCity Richmond Fayetteville Aurora Lexington Baltimore Aurora Orange Henderson Toledo GardenGrove Salinas Murfreesboro Charlotte SanDiego Sunnyvale StPetersburg Clarksville Jacksonville Killeen SantaAna OklahomaCity Fontana Oceanside CapeCoral LittleRock Shreveport LittleRock ElPaso Denton Gilbert Tallahassee Buffalo Pomona Garland Naperville Chicago Portland Glendale SanJose Washington SaintPaul Norfolk Hayward Akron RanchoCucamonga Newark McAllen ElkGrove Plano Yonkers Durham MorenoValley Anaheim NewYork Minneapolis NewportNews Alexandria NewportNews Jerusalem Louisville Omaha LongBeach Cincinnati Paterson JerseyCity Mobile Olathe Mobile Midland Dayton Plano PortStLucie Miramar Honolulu SanFrancisco Honolulu Miramar Tampa Thornton Ontario TianamenSquare CorpusChristi ElPaso Chattanooga
100
Cleveland Cleveland
SanAntonio SanAntonio
Memphis Memphis
Wichita Wichita
Fayetteville Fayetteville
Aurora Aurora
Orange Orange
Frisco Frisco
KansasCity KansasCity
Jackson Jackson
Brownsville Brownsville
Boston Boston
Salem Salem
Plano Plano
GrandRapids GrandRapids
Worcester Worcester
Corona Corona
Lubbock Lubbock
FortWorth FortWorth
Anaheim Anaheim
ChulaVista ChulaVista
Akron Akron
Hayward Hayward
SantaClarita SantaClarita
Raleigh Raleigh
Irvine Irvine
Syracuse Syracuse
Lincoln Lincoln
Madison Madison
Joliet Joliet
SanBernardino SanBernardino
Boise Boise
Fremont Fremont
Honolulu Honolulu
Tacoma Tacoma
Oxnard Oxnard
Spokane Spokane
Springfield Springfield
Berkeley Berkeley
Knoxville Knoxville
Cincinnati Cincinnati
GrandPrairie GrandPrairie
Waco Waco
LosAngeles LosAngeles
Orlando Orlando
NewportNews NewportNews
DesMoines DesMoines
Austin Austin
Vancouver Vancouver
BatonRouge BatonRouge
Bakersfield Bakersfield
Surprise Surprise
Anchorage Anchorage
Phoenix Phoenix
Indianapolis Indianapolis
Riverside Riverside
Scottsdale Scottsdale
Tempe Tempe
FortLauderdale FortLauderdale
Savannah Savannah
Richmond Richmond
Lexington Lexington
Baltimore Baltimore
Henderson Henderson
Toledo Toledo
GardenGrove GardenGrove
Murfreesboro Murfreesboro
Charlotte Charlotte
SanDiego SanDiego
Jacksonville Jacksonville
SantaAna SantaAna
Fontana Fontana
Oceanside Oceanside
CapeCoral CapeCoral
LittleRock LittleRock
Shreveport Shreveport
ElPaso ElPaso
Denton Denton
Tallahassee Tallahassee
Buffalo Buffalo
Pomona Pomona
Naperville Naperville
Chicago Chicago
Glendale Glendale
SanJose SanJose
Washington Washington
SaintPaul SaintPaul
Newark Newark
McAllen McAllen
Yonkers Yonkers
Durham Durham
NewYork NewYork
Alexandria Alexandria
Louisville Louisville
Paterson Paterson
Olathe Olathe
Midland Midland
PortStLucie PortStLucie
SanFrancisco SanFrancisco
Ontario Ontario
