Jacksonville Atlanta Louisville Atlanta SanFrancisco Atlanta Fresno Atlanta Jacksonville Milwaukee Tucson Columbus Detroit Tulsa Minneapolis Chicago Philadelphia Oakland Phoenix OklahomaCity FortWorth SanJose Boston SanJose Indianapolis LosAngeles Raleigh Memphis Raleigh Austin Omaha LongBeach LasVegas Seattle Portland Arlington Oakland Albuquerque Oakland Philadelphia Houston ColoradoSprings VirginiaBeach Nashville ElPaso Nashville Milwaukee Jacksonville
25
Jacksonville Jacksonville
Atlanta Atlanta
Louisville Louisville
SanFrancisco SanFrancisco
Fresno Fresno
Tucson Tucson
Columbus Columbus
Tulsa Tulsa
Minneapolis Minneapolis
Philadelphia Philadelphia
Phoenix Phoenix
FortWorth FortWorth
SanJose SanJose
Boston Boston
Indianapolis Indianapolis
LosAngeles LosAngeles
Memphis Memphis
Austin Austin
LongBeach LongBeach
LasVegas LasVegas
Seattle Seattle
Portland Portland
Albuquerque Albuquerque
VirginiaBeach VirginiaBeach
ElPaso ElPaso
