Taylorville Weberside Jonesbury Lloydton Smithborough Lloydton Stephensonburgh Lloydton Jonesbury Jamestown Glasston Jamestown Nicholefurt Jamestown Jonesbury Weberside Eduardotown Sullivanmouth Underwoodborough Sullivanmouth Michaelville Sullivanmouth Eduardotown Weberside Taylorville Alejandroport Deborahfurt Anthonyburgh Martinezfort Ericksonmouth Martinezfort Anthonyburgh Deborahfurt Jacobberg Foleyhaven Jacobberg Deborahfurt Alejandroport Shawnport Mariaview Kristenmouth Alexmouth Kristenmouth Stevenshire Kristenmouth Mariaview Saraport Underwoodmouth Saraport Lewisburgh Saraport Mariaview Shawnport Alejandroport Ashleyland Kathyfort Hawkinsland Ayalabury Hawkinsland Camposstad Hawkinsland Kathyfort Ashleyland Alejandroport Taylorville Valerietown Johnmouth Kempshire Michaelfort Kempshire Grahambury Johnsonside Grahambury Kempshire Johnmouth Valerietown Stewartberg Tinaville Nicholasshire Tinaville Steventown Tinaville Stewartberg Valerietown Taylorville
25
Lloydton Lloydton
Smithborough Smithborough
Stephensonburgh Stephensonburgh
Jamestown Jamestown
Glasston Glasston
Nicholefurt Nicholefurt
Underwoodborough Underwoodborough
Michaelville Michaelville
Martinezfort Martinezfort
Ericksonmouth Ericksonmouth
Foleyhaven Foleyhaven
Kristenmouth Kristenmouth
Alexmouth Alexmouth
Stevenshire Stevenshire
Saraport Saraport
Underwoodmouth Underwoodmouth
Lewisburgh Lewisburgh
Hawkinsland Hawkinsland
Ayalabury Ayalabury
Camposstad Camposstad
Michaelfort Michaelfort
Grahambury Grahambury
Johnsonside Johnsonside
Nicholasshire Nicholasshire
Steventown Steventown
