5 4 33 137 42 165 63 165 173 165 94 20 11 36 62 34 133 68 133 34 138 69 153 69 138 116 134 50 134 71 119 192 18 192 96 175 22 175 96 155 40 123 62 34 9 34 76 81 19 151 109 75 109 58 152 109 94 39 89 154 187 74 170 136 117 83 104 171 112 186 189 103 189 77 143 77 196 184 85 86 44 86 135 35 188 110 53 199 48 54 126 162 52 121 157 121 34 62 36 91 150 130 64 37 0 27 174 101 1 99 161 179 78 100 192 18 190 16 74 31 74 191 194 51 183 69 138 61 197 149 90 159 90 2 158 45 14 45 47 43 119 67 41 67 119 15 156 76 34 133 56 118 113 197 149 28 180 65 30 25 105 17 66 75 109 84 168 84 109 58 38 193 29 164 140 186 10 45 158 80 158 102 55 138 34 133 186 129 146 129 82 154 46 48 122 166 32 166 199 53 110 35 26 70 178 71 119 192 109 94 39 92 39 94 109 192 18 177 18 192 109 94 5
100
33 33
137 137
42 42
63 63
173 173
20 20
11 11
34 34
133 133
68 68
138 138
69 69
153 153
116 116
50 50
71 71
192 192
18 18
96 96
22 22
123 123
9 9
76 76
81 81
151 151
75 75
58 58
152 152
39 39
154 154
187 187
170 170
83 83
104 104
171 171
189 189
103 103
77 77
143 143
196 196
184 184
85 85
44 44
135 135
188 188
110 110
53 53
199 199
48 48
162 162
52 52
157 157
91 91
64 64
37 37
174 174
101 101
1 1
99 99
179 179
78 78
100 100
16 16
31 31
194 194
51 51
183 183
61 61
149 149
159 159
2 2
158 158
14 14
47 47
43 43
67 67
41 41
156 156
56 56
28 28
180 180
25 25
105 105
17 17
168 168
193 193
164 164
140 140
10 10
80 80
102 102
55 55
146 146
46 46
122 122
32 32
26 26
178 178
92 92
177 177
