Soda 124 119 188 180 173 148 149 159 123 117 115 147 133 107 102 132 104 139 111 108 146 154 183 164 158 125 153 162 168 185 191 101 145 172 134 144 170 131 157 143 103 175 128 156 166 136 177 121 155 99 167 106 174 116 161 142 194 171 140 105 198 113 160 192 169 189 178 179 141 151 114 130 196 190 122 109 126 152 138 129 197 193 135 100 186 150 187 127 163 195 182 118 181 120 110 137 165 112 176 184 Soda
100
124 124
119 119
188 188
180 180
173 173
148 148
149 149
159 159
123 123
117 117
115 115
147 147
133 133
107 107
102 102
132 132
104 104
139 139
111 111
108 108
146 146
154 154
183 183
164 164
158 158
125 125
153 153
162 162
168 168
185 185
191 191
101 101
145 145
172 172
134 134
144 144
170 170
131 131
157 157
143 143
103 103
175 175
128 128
156 156
166 166
136 136
177 177
121 121
155 155
99 99
167 167
106 106
174 174
116 116
161 161
142 142
194 194
171 171
140 140
105 105
198 198
113 113
160 160
192 192
169 169
189 189
178 178
179 179
141 141
151 151
114 114
130 130
196 196
190 190
122 122
109 109
126 126
152 152
138 138
129 129
197 197
193 193
135 135
100 100
186 186
150 150
187 187
127 127
163 163
195 195
182 182
118 118
181 181
120 120
110 110
137 137
165 165
112 112
176 176
184 184
