BukitBatokEast Simei SungeiRoad TiongBahruStation DowntownCore LowerSeletar Safti Tengeh Frankel SwissClub TanjongPagar CityHall GhimMoh SimpangNorth Bendemeer NeeSoon AirportRoad Tyersall JooKoon Sembawang LeonieHill RiverValley Hillcrest Bayshore ChoaChuKang GaliBatuMandai Sudong RobertsonQuay Redhill PearlsHill TiongBahruStation BukitBatokEast
25
Simei Simei
SungeiRoad SungeiRoad
TiongBahruStation TiongBahruStation
DowntownCore DowntownCore
LowerSeletar LowerSeletar
Safti Safti
Tengeh Tengeh
Frankel Frankel
SwissClub SwissClub
TanjongPagar TanjongPagar
CityHall CityHall
GhimMoh GhimMoh
SimpangNorth SimpangNorth
NeeSoon NeeSoon
Tyersall Tyersall
JooKoon JooKoon
Sembawang Sembawang
LeonieHill LeonieHill
RiverValley RiverValley
Hillcrest Hillcrest
ChoaChuKang ChoaChuKang
GaliBatuMandai GaliBatuMandai
Sudong Sudong
Redhill Redhill
PearlsHill PearlsHill
