Latias Shelgon Dartrix Keldeo Petilil Luvdisc Infernape Scolipede Noivern Talonflame Relicanth Exeggutor Vibrava Elgyem Primeape Raticate Magearna Jigglypuff Toxicroak Wurmple Bounsweet Staryu Golisopod Charmeleon Palkia Reshiram Latias
25
Shelgon Shelgon
Dartrix Dartrix
Keldeo Keldeo
Petilil Petilil
Luvdisc Luvdisc
Infernape Infernape
Scolipede Scolipede
Noivern Noivern
Talonflame Talonflame
Relicanth Relicanth
Exeggutor Exeggutor
Vibrava Vibrava
Elgyem Elgyem
Primeape Primeape
Raticate Raticate
Magearna Magearna
Jigglypuff Jigglypuff
Toxicroak Toxicroak
Wurmple Wurmple
Bounsweet Bounsweet
Staryu Staryu
Golisopod Golisopod
Charmeleon Charmeleon
Palkia Palkia
Reshiram Reshiram
