Monroe Clarksville Lancaster Havre Aberdeen Lowell Cambridge Albany Boise Merced Montgomery Detroit Three Boulder Lacey Melbourne Julian Cleveland Erie Elkhart Huntington Hickory Hartford Glendale Amarillo Mesquite Burlington Dayton Elizabeth Irving Fairfield Asheville Chesapeake Manchester Cary Dallas Modesto Hampton Prairie Denton Hayward Lakeland Ten Jacksonville Anaheim Hialeah Mesa Carrollton Charleston Johnson Corpus Miami Allentown Lewisville Kennewick Denver Bradenton Akron Laredo Seven Kissimmee Canton Layton Brownsville Hesperia Clarke Killeen Baltimore Kenosha Gainesville Vista Greensboro Apple Fayetteville Davidson Rapids Arlington Bridgeport Abilene Four Monterey Antioch Hagerstown Leominster Mobile Birmingham Viejo Naples Bedford Anchorage Daytona Muskegon Austin Baton Gilbert Bethlehem Lafayette Athens Kailua Huntsville Monroe
100
Monroe Monroe
Clarksville Clarksville
Lancaster Lancaster
Havre Havre
Aberdeen Aberdeen
Lowell Lowell
Cambridge Cambridge
Albany Albany
Boise Boise
Merced Merced
Montgomery Montgomery
Detroit Detroit
Three Three
Boulder Boulder
Lacey Lacey
Melbourne Melbourne
Julian Julian
Cleveland Cleveland
Erie Erie
Elkhart Elkhart
Huntington Huntington
Hickory Hickory
Hartford Hartford
Glendale Glendale
Amarillo Amarillo
Mesquite Mesquite
Burlington Burlington
Dayton Dayton
Elizabeth Elizabeth
Irving Irving
Fairfield Fairfield
Asheville Asheville
Chesapeake Chesapeake
Manchester Manchester
Cary Cary
Dallas Dallas
Modesto Modesto
Hampton Hampton
Prairie Prairie
Denton Denton
Hayward Hayward
Lakeland Lakeland
Ten Ten
Jacksonville Jacksonville
Anaheim Anaheim
Hialeah Hialeah
Mesa Mesa
Carrollton Carrollton
Charleston Charleston
Johnson Johnson
Corpus Corpus
Miami Miami
Allentown Allentown
Lewisville Lewisville
Kennewick Kennewick
Denver Denver
Bradenton Bradenton
Akron Akron
Laredo Laredo
Seven Seven
Kissimmee Kissimmee
Canton Canton
Layton Layton
Brownsville Brownsville
Hesperia Hesperia
Clarke Clarke
Killeen Killeen
Baltimore Baltimore
Kenosha Kenosha
Gainesville Gainesville
Vista Vista
Greensboro Greensboro
Apple Apple
Fayetteville Fayetteville
Davidson Davidson
Rapids Rapids
Arlington Arlington
Bridgeport Bridgeport
Abilene Abilene
Four Four
Monterey Monterey
Antioch Antioch
Hagerstown Hagerstown
Leominster Leominster
Mobile Mobile
Birmingham Birmingham
Viejo Viejo
Naples Naples
Bedford Bedford
Anchorage Anchorage
Daytona Daytona
Muskegon Muskegon
Austin Austin
Baton Baton
Gilbert Gilbert
Bethlehem Bethlehem
Lafayette Lafayette
Athens Athens
Kailua Kailua
Huntsville Huntsville
