187 86 156 47 67 18 67 196 99 7 68 162 185 32 45 70 199 195 63 48 158 94 151 88 153 29 42 37 59 13 120 9 128 124 181 71 148 150 123 15 82 127 101 92 184 126 58 95 65 140 117 73 142 175 23 124 133 131 109 122 183 58 157 83 53 35 56 33 165 160 39 69 146 41 93 171 69 44 79 114 1 90 21 108 21 111 6 12 152 6 149 132 149 169 190 173 72 136 178 161 191 49 77 107 77 2 30 173 166 78 164 87 36 179 110 98 172 144 119 8 144 52 78 163 134 154 97 54 55 54 89 189 80 180 159 176 100 187
100
86 86
156 156
47 47
67 67
18 18
196 196
7 7
68 68
162 162
32 32
45 45
70 70
199 199
63 63
48 48
94 94
153 153
29 29
42 42
59 59
13 13
120 120
9 9
128 128
124 124
181 181
71 71
148 148
150 150
15 15
82 82
127 127
92 92
184 184
126 126
58 58
95 95
65 65
140 140
117 117
73 73
142 142
175 175
23 23
133 133
131 131
109 109
183 183
157 157
83 83
53 53
33 33
165 165
160 160
39 39
69 69
146 146
41 41
93 93
171 171
44 44
79 79
114 114
90 90
108 108
111 111
6 6
12 12
152 152
132 132
169 169
190 190
173 173
72 72
136 136
161 161
191 191
107 107
2 2
30 30
166 166
78 78
164 164
87 87
36 36
110 110
172 172
119 119
8 8
52 52
163 163
134 134
154 154
97 97
54 54
55 55
89 89
80 80
180 180
176 176
