0 39 78 185 18 33 68 131 19 32 35 3 119 69 21 182 184 183 115 31 58 143 8 160 129 198 193 60 195 86 52 133 109 12 77 62 189 16 159 96 142 24 70 103 190 94 46 136 2 180 197 80 116 156 74 29 50 157 9 17 51 174 105 126 4 93 194 76 163 38 192 199 158 178 146 177 188 170 150 179 90 191 43 36 125 153 0
80
0 0
39 39
78 78
185 185
18 18
33 33
68 68
131 131
19 19
32 32
35 35
3 3
119 119
69 69
21 21
182 182
184 184
183 183
115 115
31 31
58 58
143 143
8 8
160 160
129 129
198 198
193 193
60 60
195 195
86 86
52 52
133 133
109 109
12 12
77 77
62 62
189 189
16 16
159 159
96 96
142 142
24 24
70 70
103 103
190 190
94 94
46 46
136 136
2 2
180 180
197 197
80 80
116 116
156 156
74 74
29 29
50 50
157 157
9 9
17 17
51 51
174 174
105 105
126 126
4 4
93 93
194 194
163 163
38 38
192 192
199 199
158 158
178 178
177 177
188 188
170 170
179 179
191 191
43 43
125 125
