114 49 67 91 28 98 100 81 188 182 57 117 1 35 149 62 108 51 173 0 10 133 191 76 190 29 74 175 74 119 161 78 102 170 150 174 94 174 166 112 42 181 109 143 105 75 164 154 129 92 47 26 18 63 95 53 187 135 93 171 127 155 111 115 37 5 41 5 195 196 134 177 69 167 96 147 32 24 179 36 7 3 4 146 169 87 38 84 183 176 130 16 54 132 12 132 70 43 197 198 89 59 131 59 33 48 15 66 178 21 181 148 42 14 31 124 122 103 199 85 114
100
114 114
49 49
67 67
91 91
28 28
98 98
100 100
81 81
188 188
182 182
117 117
1 1
35 35
149 149
62 62
108 108
51 51
173 173
0 0
10 10
133 133
191 191
76 76
29 29
74 74
175 175
119 119
161 161
78 78
102 102
170 170
150 150
174 174
94 94
166 166
112 112
42 42
181 181
109 109
105 105
75 75
164 164
154 154
92 92
47 47
26 26
18 18
63 63
95 95
53 53
187 187
135 135
93 93
171 171
127 127
155 155
111 111
115 115
37 37
5 5
41 41
195 195
196 196
134 134
177 177
69 69
167 167
96 96
147 147
32 32
24 24
36 36
7 7
3 3
4 4
146 146
169 169
87 87
38 38
84 84
183 183
176 176
16 16
12 12
70 70
43 43
197 197
89 89
59 59
131 131
33 33
15 15
66 66
21 21
148 148
14 14
31 31
124 124
103 103
199 199
