Liam Jordan Jack Joshua Lucas Noah Maverick Camden Bentley Jayden Max Grant Cooper Grant Max Lincoln Dylan Andrew Oliver Patrick Easton Richard Aiden Mateo Miguel Messiah John Matthew Jayce Gabriel Jayce Henry Malachi Bryson Malachi Adam Colton Adam Malachi Bryson Leo Alexander Grayson Elliot Jasper Connor Nathan Kevin Weston Jaxson Weston Kevin Finn Jacob Finn Luke Miles Nolan Elijah Adrian Elijah Nolan Logan Nolan Ryan Xavier Steven James Isaac James Steven Hunter Thomas Hunter Zachary Jude Theodore Rowan Austin Hayden Christian Rhett Zion Messiah Eric Samuel Eric Greyson Chase Aaron Michael Aaron David Brody George Ethan Brantley Kai Christopher Kai Carson Emmanuel Gael Wyatt Gael Dawson Alejandro Ian Alejandro Dawson Marcus Parker Marcus Tyler Eli Sawyer Steven Jonathan Preston Jose Ezra Jackson Braxton Silas Nicholas Daniel Jameson Benjamin Jameson Hudson Jameson Matteo Julian Josiah Justin Bennett Landon William Beau Dean Maxwell Anthony Angel Jaxson Cameron Caleb Elliott Carter Santiago Kaleb Elias Kaleb Abraham Giovanni Robert Joseph Jude Evan Jude Jace Jude Zachary Hunter Isaiah Hunter Zachary Richard Aiden Tucker Charles Mason Charles Tucker Dawson Declan Brayden Asher Waylon Jaxon King Grant Antonio Owen Antonio Grant Zayden Dominic Victor Gabriel Jayce Henry Malachi Edward Sebastian Bryce Oscar Levi Oscar Xander Maddox Ezekiel Jeremiah Ezekiel Maddox Xander Leonardo Jordan Liam
90
Liam Liam
Jordan Jordan
Jack Jack
Joshua Joshua
Lucas Lucas
Noah Noah
Maverick Maverick
Jayden Jayden
Cooper Cooper
Lincoln Lincoln
Dylan Dylan
Andrew Andrew
Oliver Oliver
Easton Easton
Aiden Aiden
Mateo Mateo
John John
Matthew Matthew
Gabriel Gabriel
Henry Henry
Bryson Bryson
Adam Adam
Colton Colton
Leo Leo
Alexander Alexander
Grayson Grayson
Connor Connor
Nathan Nathan
Jaxson Jaxson
Jacob Jacob
Luke Luke
Nolan Nolan
Elijah Elijah
Adrian Adrian
Logan Logan
Ryan Ryan
Xavier Xavier
James James
Isaac Isaac
Hunter Hunter
Thomas Thomas
Theodore Theodore
Austin Austin
Christian Christian
Samuel Samuel
Greyson Greyson
Aaron Aaron
Michael Michael
David David
Ethan Ethan
Christopher Christopher
Carson Carson
Wyatt Wyatt
Ian Ian
Parker Parker
Eli Eli
Jonathan Jonathan
Jose Jose
Ezra Ezra
Jackson Jackson
Nicholas Nicholas
Daniel Daniel
Benjamin Benjamin
Hudson Hudson
Julian Julian
Josiah Josiah
Landon Landon
William William
Anthony Anthony
Angel Angel
Cameron Cameron
Caleb Caleb
Carter Carter
Elias Elias
Robert Robert
Joseph Joseph
Evan Evan
Jace Jace
Isaiah Isaiah
Charles Charles
Mason Mason
Brayden Brayden
Asher Asher
Jaxon Jaxon
Owen Owen
Dominic Dominic
Sebastian Sebastian
Levi Levi
Ezekiel Ezekiel
Jeremiah Jeremiah
