0 52 58 38 9 38 46 19 35 19 31 42 29 26 12 24 21 22 92 16 17 7 32 1 40 45 49 68 11 70 15 56 25 34 25 44 82 13 69 3 82 64 39 89 80 47 28 47 2 78 8 43 10 48 18 36 18 86 4 20 41 20 78 30 37 30 78 5 78 2 47 80 33 14 58 52 27 52 0 23 6 88 0
50
0 0
38 38
9 9
46 46
19 19
35 35
31 31
42 42
29 29
26 26
12 12
24 24
21 21
22 22
16 16
17 17
7 7
32 32
1 1
40 40
45 45
49 49
11 11
15 15
25 25
34 34
44 44
13 13
3 3
39 39
47 47
28 28
2 2
8 8
43 43
10 10
48 48
18 18
36 36
4 4
20 20
41 41
30 30
37 37
5 5
33 33
14 14
27 27
23 23
6 6
