pump need preoccupation judicial reject survival ensure lemon exercise distributor impound formulate sweet pray wear sacrifice line consideration freedom overlook depressed range sentiment packet ground forest parallel ghost diagram wage genetic pedestrian prospect valley rock separate sticky button guideline descent pipe anger mouse plug unanimous performance polish hallway feign tip aspect row gloom innovation hierarchy affect nominate pursuit sit park linger category mud leadership minor fairy lot appearance admiration attractive title engineer brain physical privilege reflection float literature pump
78
pump pump
need need
preoccupation preoccupation
judicial judicial
reject reject
survival survival
ensure ensure
lemon lemon
exercise exercise
distributor distributor
impound impound
formulate formulate
sweet sweet
pray pray
wear wear
sacrifice sacrifice
line line
consideration consideration
freedom freedom
overlook overlook
depressed depressed
range range
sentiment sentiment
packet packet
ground ground
forest forest
parallel parallel
ghost ghost
diagram diagram
wage wage
genetic genetic
pedestrian pedestrian
prospect prospect
valley valley
rock rock
separate separate
sticky sticky
button button
guideline guideline
descent descent
pipe pipe
anger anger
mouse mouse
plug plug
unanimous unanimous
performance performance
polish polish
hallway hallway
feign feign
tip tip
aspect aspect
row row
gloom gloom
innovation innovation
hierarchy hierarchy
affect affect
nominate nominate
pursuit pursuit
sit sit
park park
linger linger
category category
mud mud
leadership leadership
minor minor
fairy fairy
lot lot
appearance appearance
admiration admiration
attractive attractive
title title
engineer engineer
brain brain
physical physical
privilege privilege
reflection reflection
float float
literature literature
