azv oqv rti azv xie hyb yiy wpu yvc jwx dqy ijd ovx ctf gei cim cwq brw cwq gcw mtd ipq yfq ncc vfq eqa mis boc mpw cib ufa txp sau qzx hlc hwc scm aur pzr hob wcd hob hsi jvc ryg hcc ivp zuz lmh gfr uyd rfl vxn rov cvb rcw uua brw hip yiy azv
50
azv azv
oqv oqv
rti rti
xie xie
hyb hyb
yiy yiy
yvc yvc
jwx jwx
dqy dqy
ijd ijd
ovx ovx
ctf ctf
gei gei
cim cim
cwq cwq
brw brw
gcw gcw
mtd mtd
ipq ipq
yfq yfq
ncc ncc
vfq vfq
eqa eqa
mis mis
boc boc
mpw mpw
cib cib
ufa ufa
sau sau
qzx qzx
hlc hlc
hwc hwc
scm scm
aur aur
pzr pzr
wcd wcd
hsi hsi
jvc jvc
hcc hcc
ivp ivp
zuz zuz
lmh lmh
gfr gfr
uyd uyd
rfl rfl
vxn vxn
rov rov
rcw rcw
uua uua
hip hip
