Potrero Meyers Calaveras Ames Santa Richvale Carmel Laguna Boulevard Banning Merced Oceanside Chinese Fremont Clayton Ida 18th Smoke Balsdon Fiorini Linden Warner All Colonnade Woffard Hume Potrero
25
Potrero Potrero
Meyers Meyers
Calaveras Calaveras
Ames Ames
Santa Santa
Richvale Richvale
Carmel Carmel
Laguna Laguna
Boulevard Boulevard
Banning Banning
Merced Merced
Oceanside Oceanside
Chinese Chinese
Fremont Fremont
Clayton Clayton
Ida Ida
18th 18th
Smoke Smoke
Balsdon Balsdon
Fiorini Fiorini
Linden Linden
Warner Warner
All All
Woffard Woffard
Hume Hume
