Evans Cory Evans WursterHall Campbell Eshelman Marugame Campanile Marugame Gilman BotanicalGardens ClarkKerr DavisHall ClarkKerr ThaiNoodle Dwinelle MLK HildebrandHall MLK LatimerHall Plentea Soda Plentea SutardjaDai Cornerstone ZellerbachHall Bowles HilgardHall Bowles Unit3 Bowles KroeberHall Barrows HortonHall MemorialStadium HortonHall UniversityVillage Yifang BerkeleyWayWest AlumniHouse ImmThai Blackwell Underhill RSF Firewings CaliforniaHall InternationalHouse SatherGate GreekTheatre CanyonPool GreekTheatre SatherGate GiauqueHall SatherGate Doe Plentea StrawberryCreek MemorialGlade Kresge MemorialGlade Milkbomb SouthHall Moffit LeConte Moffit HappyLemon LawrenceHall BancroftLibrary HavilandHall VLSB HearstMining StrawberryCreek Unit1 HAAS Foothill HAAS BAMPFA Barrows Unit2 Stern Unit2 DurantHall Campbell Unit3 Spats Boalt Spats Unit3 Bowles KroeberHall Etcheverry KroeberHall Barrows HortonHall UniversityVillage Wheeler Raretea Yifang BerkeleyWayWest AlumniHouse ImmThai AshaTeaHouse HilgardHall Bowles Unit3 Milkbomb SouthHall HesseHall SouthHall Moffit WursterHall Evans
50
Cory Cory
Campbell Campbell
Eshelman Eshelman
Campanile Campanile
Gilman Gilman
BotanicalGardens BotanicalGardens
DavisHall DavisHall
ThaiNoodle ThaiNoodle
Dwinelle Dwinelle
MLK MLK
HildebrandHall HildebrandHall
Soda Soda
SutardjaDai SutardjaDai
ZellerbachHall ZellerbachHall
Bowles Bowles
HilgardHall HilgardHall
Unit3 Unit3
Barrows Barrows
MemorialStadium MemorialStadium
UniversityVillage UniversityVillage
BerkeleyWayWest BerkeleyWayWest
AlumniHouse AlumniHouse
Blackwell Blackwell
RSF RSF
CaliforniaHall CaliforniaHall
InternationalHouse InternationalHouse
GreekTheatre GreekTheatre
CanyonPool CanyonPool
GiauqueHall GiauqueHall
Doe Doe
Kresge Kresge
SouthHall SouthHall
Moffit Moffit
LeConte LeConte
LawrenceHall LawrenceHall
BancroftLibrary BancroftLibrary
HavilandHall HavilandHall
VLSB VLSB
HearstMining HearstMining
Unit1 Unit1
HAAS HAAS
Foothill Foothill
BAMPFA BAMPFA
Unit2 Unit2
Stern Stern
DurantHall DurantHall
Boalt Boalt
Etcheverry Etcheverry
Wheeler Wheeler
HesseHall HesseHall
