S F K J E A E J O W G 7 L 3 X 3 H 10 T 8 P B C D U N V 1 I B2 G2 L2 Q2 Y2 X2 R X2 W2 20 15 Y 5 Z 6 M 6 Z 5 I B2 C2 H2 M2 R2 Z2 R2 T2 N2 I2 D2 E2 J2 O2 U2 V2 P2 K2 F2 K2 P2 V2 U2 T2 48 Z2 Y2 X2 W2 23 22 Q 17 12 7 G W O J E A S B C D 24 25 26 27 A2 27 26 25 24 D C B S
50
F F
K K
J J
E E
A A
O O
W W
G G
L L
X X
H H
T T
P P
B B
C C
D D
U U
N N
V V
I I
B2 B2
G2 G2
L2 L2
Q2 Q2
Y2 Y2
X2 X2
R R
W2 W2
Y Y
Z Z
M M
C2 C2
H2 H2
M2 M2
R2 R2
Z2 Z2
T2 T2
N2 N2
I2 I2
D2 D2
E2 E2
J2 J2
O2 O2
U2 U2
V2 V2
P2 P2
K2 K2
F2 F2
Q Q
A2 A2
