GOld say GOld U GOld So GOld Fed GOld stop shape much shape youre Live youre what youre shape stop alL stop shape Well shape stop get stop never stop shape youre forehead youre hit youre shape yOure shape youre you GEt you shootinG you strEEts you ground about ground GET ground colder ground SHooting ground In On sense On little On shine On GO On COuld chAnge COuld well COuld yep show yep rules yep My yep COuld see COuld is COuld yep Know yep gett head gett skate gett break gett t gett AND YOURE AND might AND once AND shoW brain shoW mYself shoW now shoW back shoW AND YouLL AND gett yep COuld On In bundled In Didn In To In and In ground you game you youre shape stop GOld
50
say say
U U
So So
Fed Fed
much much
Live Live
what what
alL alL
Well Well
get get
never never
forehead forehead
hit hit
yOure yOure
GEt GEt
shootinG shootinG
strEEts strEEts
about about
GET GET
colder colder
SHooting SHooting
sense sense
little little
shine shine
GO GO
chAnge chAnge
well well
show show
rules rules
My My
see see
is is
Know Know
head head
skate skate
break break
t t
YOURE YOURE
might might
once once
brain brain
mYself mYself
now now
back back
YouLL YouLL
bundled bundled
Didn Didn
To To
and and
game game
