Hayward Shreveport Hartford NorthLasVegas SterlingHeights Champaign Charlotte Lubbock Melbourne Torrance Brighton Oxnard SanBuenaventura Norwich Utica Anchorage OverlandPark Trenton Louisville Trenton Anaheim Columbus SantaClara VeroBeach Stamford Marysville Layton Marysville Stamford LasVegas Nashua Tyler Arvada Wilmington Vancouver GrandRapids SaintPaul Duluth Fullerton Flint Fullerton Youngstown SouthBend Bakersfield SouthBend Fresno Topeka Downey Burlington ElPaso ElMonte McAllen Elkhart Modesto PuntaGorda Hemet Mobile SanBernardino Pueblo SanBernardino PembrokePines Racine SantaClarita KansasCity CorpusChristi StPaul CathedralCity StPaul Savannah Lacey PortArthur RichmondCounty PortArthur Marina Frederick Marina Kissimmee Huntsville ThousandOaks PortSaintLucie Olympia PortSaintLucie ThousandOaks Cambridge PalmBay Hagerstown Plano Greenville OverlandPark Anchorage Mesquite Escondido Monroe Escondido Independence RoundLakeBeach Kalamazoo NewYork Tucson Deltona Salem Hampton Newark Hampton Gastonia CapeCoral Bloomington CapeCoral Gastonia Laredo GreenBay Lafayette Waterbury Newburgh Carrollton SiouxFalls Carrollton MyrtleBeach Eugene Boise Tacoma Merced Detroit BoiseCity Harrisburg HuntingtonBeach Sarasota Scranton Fairfield SantaBarbara NewYorkCity Henderson NewYorkCity York Reno Ogden Reno York HavredeGrace JohnsonCity HavredeGrace Bryan Birmingham Bryan Aberdeen SimiValley NewportNews Cincinnati Murrieta Harlingen Springfield Spartanburg LakeCharles Boulder Kaneohe StLouis Norwalk SouthLyon NewBedford Orem Bethlehem Boston Hialeah Albuquerque Hialeah Marina Barnstable RoundLakeBeach Lorain Scottsdale Omaha Champaign SterlingHeights NorthLasVegas Hartford Shreveport Hayward
100
Hartford Hartford
NorthLasVegas NorthLasVegas
Champaign Champaign
Charlotte Charlotte
Lubbock Lubbock
Melbourne Melbourne
Torrance Torrance
Oxnard Oxnard
SanBuenaventura SanBuenaventura
Norwich Norwich
Utica Utica
Anchorage Anchorage
OverlandPark OverlandPark
Louisville Louisville
Anaheim Anaheim
Columbus Columbus
SantaClara SantaClara
Stamford Stamford
Marysville Marysville
Layton Layton
LasVegas LasVegas
Nashua Nashua
Tyler Tyler
Arvada Arvada
Vancouver Vancouver
GrandRapids GrandRapids
SaintPaul SaintPaul
Duluth Duluth
Fullerton Fullerton
Flint Flint
Bakersfield Bakersfield
Fresno Fresno
Topeka Topeka
Downey Downey
Burlington Burlington
ElPaso ElPaso
McAllen McAllen
Elkhart Elkhart
Modesto Modesto
PuntaGorda PuntaGorda
Hemet Hemet
Mobile Mobile
Pueblo Pueblo
Racine Racine
CorpusChristi CorpusChristi
CathedralCity CathedralCity
Savannah Savannah
Lacey Lacey
RichmondCounty RichmondCounty
Marina Marina
Frederick Frederick
Kissimmee Kissimmee
Huntsville Huntsville
ThousandOaks ThousandOaks
Olympia Olympia
PalmBay PalmBay
Hagerstown Hagerstown
Plano Plano
Greenville Greenville
Mesquite Mesquite
Monroe Monroe
RoundLakeBeach RoundLakeBeach
Kalamazoo Kalamazoo
Tucson Tucson
Deltona Deltona
Salem Salem
Newark Newark
CapeCoral CapeCoral
Bloomington Bloomington
Laredo Laredo
GreenBay GreenBay
Waterbury Waterbury
Newburgh Newburgh
SiouxFalls SiouxFalls
Eugene Eugene
Boise Boise
Detroit Detroit
HuntingtonBeach HuntingtonBeach
Scranton Scranton
NewYorkCity NewYorkCity
Henderson Henderson
York York
Ogden Ogden
HavredeGrace HavredeGrace
JohnsonCity JohnsonCity
Birmingham Birmingham
Aberdeen Aberdeen
NewportNews NewportNews
Cincinnati Cincinnati
Harlingen Harlingen
Spartanburg Spartanburg
LakeCharles LakeCharles
StLouis StLouis
NewBedford NewBedford
Bethlehem Bethlehem
Hialeah Hialeah
Albuquerque Albuquerque
Barnstable Barnstable
Scottsdale Scottsdale
Omaha Omaha
