MfdzFvsdGbvl AGbRQRBgaOdX MkUBuIisCVpZ mFYKjQfCsRtT QifLRRQkbeZy VyXrTLUcizAa GKWfMfVZxbJi FCrKCfVsEsBk pkzKsTORVYro UVLyMXgqTFaJ MLnLJmQHwuOS dFUHctNjrywb SojgLCNtJNvq ymJllvoAiAsf hCxjbMrSlUJQ noaMakAlHdwq pQCFwcmaYfTN uFHfCerNFIme GuSSYBNHDbKE rVqgoVgUmLRB deJmWrylVSGK PnbamVANEguC buqjmAINqGzN GemeldahvdVv ZjfLZjjegWJT PUcvIgREsriS QHpWWcCYavdw EoEdLMroSPNp dDFWxTbuPymh NlmuUUVQUbgI BkcPMTugAswL mtRsLIzrlNLu MOpktZzuQRCH jBrNTBMPxyQD tywOQDwDhjwZ arcJTkwUqbUy SgyAcloZDNJV AMizjBPjmCZd VARFNCcqfgIc DvRTDyBMOCbT DFscNnuMhxUC IHnRSACwPeSd hLGIbMiwjPgd TbekQRoKcInv RICmsRCgzRsB axLiuEEXvnsQ PvZWLvSzyZfH PQTqeEtJjrHq BbyhqvohDUZK rrRAqFcoDYfk noaMakAlHdwq plKUVNXwKfVb MfdzFvsdGbvl
50
AGbRQRBgaOdX AGbRQRBgaOdX
MkUBuIisCVpZ MkUBuIisCVpZ
mFYKjQfCsRtT mFYKjQfCsRtT
QifLRRQkbeZy QifLRRQkbeZy
VyXrTLUcizAa VyXrTLUcizAa
GKWfMfVZxbJi GKWfMfVZxbJi
FCrKCfVsEsBk FCrKCfVsEsBk
pkzKsTORVYro pkzKsTORVYro
UVLyMXgqTFaJ UVLyMXgqTFaJ
MLnLJmQHwuOS MLnLJmQHwuOS
dFUHctNjrywb dFUHctNjrywb
SojgLCNtJNvq SojgLCNtJNvq
ymJllvoAiAsf ymJllvoAiAsf
hCxjbMrSlUJQ hCxjbMrSlUJQ
noaMakAlHdwq noaMakAlHdwq
pQCFwcmaYfTN pQCFwcmaYfTN
uFHfCerNFIme uFHfCerNFIme
GuSSYBNHDbKE GuSSYBNHDbKE
rVqgoVgUmLRB rVqgoVgUmLRB
deJmWrylVSGK deJmWrylVSGK
PnbamVANEguC PnbamVANEguC
buqjmAINqGzN buqjmAINqGzN
GemeldahvdVv GemeldahvdVv
ZjfLZjjegWJT ZjfLZjjegWJT
PUcvIgREsriS PUcvIgREsriS
QHpWWcCYavdw QHpWWcCYavdw
EoEdLMroSPNp EoEdLMroSPNp
dDFWxTbuPymh dDFWxTbuPymh
NlmuUUVQUbgI NlmuUUVQUbgI
BkcPMTugAswL BkcPMTugAswL
mtRsLIzrlNLu mtRsLIzrlNLu
MOpktZzuQRCH MOpktZzuQRCH
jBrNTBMPxyQD jBrNTBMPxyQD
tywOQDwDhjwZ tywOQDwDhjwZ
arcJTkwUqbUy arcJTkwUqbUy
SgyAcloZDNJV SgyAcloZDNJV
AMizjBPjmCZd AMizjBPjmCZd
VARFNCcqfgIc VARFNCcqfgIc
DvRTDyBMOCbT DvRTDyBMOCbT
DFscNnuMhxUC DFscNnuMhxUC
IHnRSACwPeSd IHnRSACwPeSd
hLGIbMiwjPgd hLGIbMiwjPgd
TbekQRoKcInv TbekQRoKcInv
RICmsRCgzRsB RICmsRCgzRsB
axLiuEEXvnsQ axLiuEEXvnsQ
PvZWLvSzyZfH PvZWLvSzyZfH
PQTqeEtJjrHq PQTqeEtJjrHq
BbyhqvohDUZK BbyhqvohDUZK
rrRAqFcoDYfk rrRAqFcoDYfk
plKUVNXwKfVb plKUVNXwKfVb
