IvOdahrtFwzZ WUqhotrexTBp JpwDMOwQmqOp yHOsEGOhjOLt sFSBpaJxLpBT TZmWJenJbEsV ZPYnROAizafx wHeDieHMYzAK oKIKkmsSWzmH nxbMBCPhfQij yFQWQWtUUMle lznMKRYSMheH XwPJYwaGcHxO uzYTzVwixczQ qFGlIHDqKyPA mgKEFEWheOqk yVSfaizVeLPT zCWezcJmUGqs KtoZVrQmJWki hPSXtHMMyKAK NxxrxPgsnMqG EOKLHvbbCToE dXlgwkdKhUmB EKWhDcEeEkGK nschEYWjrAsr ypApeqMQPnQA QxNjgiXciQma ybLCwZqVZKud wXjNgGRCXYRl cQFNlImsTWTM lRgeGnDJBtMa nyTRNDRCsANl xXoCKkdkKAne hLCSOZLNEdhX YGzazHdyrGCd RGYiIUdVAiVL sTgUExIipvWV PFpQuVVRxbvV gkTmCiZxFrJw NMSHhfMtAJZb WWtfhwMSzfGW gJMLzBkWmUoV cpNycWVdmzHJ mZUBOQTZyXOM vkOqMvrCUWYf fiHhqLtPfdZy tARvBeqQDqSY HEwqlaeMfSzl oOIjuHJcVRiV nlzJUuBrsbXD cRekprdsHHWw quZcTYtpBjSn qxhFFIUEfnzV YvLRANdegrdA ppfBOAvWYXyJ mvdksSctoMVi AoaIXEzdsCrm QFfSmYtuSTPl TTwdgXpOLyxF TglqUXfjbefC PKHkuTHeRXhO WRiugWLCujBI zcAOlsVDUDkc qlMzHEurfTvO WHSGrQQrrotE WnABnktZDxMx evRMhyiHKGXv gXcuqckdTdIP WsLfQLsirtHk FkNlSGMBOUbz aXlcDzbXwAJW ocysUjOwnenm RQBxIsRWzmfl pjemGRILnFei QDhUZstsJKtV UGahWpWtmUQn OIjApACwnyqG DiKlonktcqTP EwXugPkGUVkm AQgpWBullbIi zOkfhFVfOKVi UYTxhnOtiPHB ubtvaUeVUfmV zypYDSZfKAvD IcNVObbuvzWY ctZWqndwhbJm touUfboeiIya QZQElPdcHxru JNoAmCxHcsYw HVwGkspnDHbf nKmMbiEuiffc jXOmYlZmvqnI SKbQkQUhqQEt jXgKDXnEJsra IfTQNEFsiTgr IQvKLYGCcCbd fblrDraNAUxK aSpDrTbKBytW LNoKVqXhLEzn AhJBAeSEuUkL WWtfhwMSzfGW GvyjKkGcUdcI PNaoBNxIbrgW IvOdahrtFwzZ
100
WUqhotrexTBp WUqhotrexTBp
JpwDMOwQmqOp JpwDMOwQmqOp
yHOsEGOhjOLt yHOsEGOhjOLt
sFSBpaJxLpBT sFSBpaJxLpBT
TZmWJenJbEsV TZmWJenJbEsV
ZPYnROAizafx ZPYnROAizafx
wHeDieHMYzAK wHeDieHMYzAK
oKIKkmsSWzmH oKIKkmsSWzmH
nxbMBCPhfQij nxbMBCPhfQij
yFQWQWtUUMle yFQWQWtUUMle
lznMKRYSMheH lznMKRYSMheH
XwPJYwaGcHxO XwPJYwaGcHxO
uzYTzVwixczQ uzYTzVwixczQ
qFGlIHDqKyPA qFGlIHDqKyPA
mgKEFEWheOqk mgKEFEWheOqk
yVSfaizVeLPT yVSfaizVeLPT
zCWezcJmUGqs zCWezcJmUGqs
KtoZVrQmJWki KtoZVrQmJWki
hPSXtHMMyKAK hPSXtHMMyKAK
NxxrxPgsnMqG NxxrxPgsnMqG
EOKLHvbbCToE EOKLHvbbCToE
dXlgwkdKhUmB dXlgwkdKhUmB
EKWhDcEeEkGK EKWhDcEeEkGK
nschEYWjrAsr nschEYWjrAsr
ypApeqMQPnQA ypApeqMQPnQA
QxNjgiXciQma QxNjgiXciQma
ybLCwZqVZKud ybLCwZqVZKud
wXjNgGRCXYRl wXjNgGRCXYRl
cQFNlImsTWTM cQFNlImsTWTM
lRgeGnDJBtMa lRgeGnDJBtMa
nyTRNDRCsANl nyTRNDRCsANl
xXoCKkdkKAne xXoCKkdkKAne
hLCSOZLNEdhX hLCSOZLNEdhX
YGzazHdyrGCd YGzazHdyrGCd
RGYiIUdVAiVL RGYiIUdVAiVL
sTgUExIipvWV sTgUExIipvWV
PFpQuVVRxbvV PFpQuVVRxbvV
gkTmCiZxFrJw gkTmCiZxFrJw
NMSHhfMtAJZb NMSHhfMtAJZb
WWtfhwMSzfGW WWtfhwMSzfGW
gJMLzBkWmUoV gJMLzBkWmUoV
cpNycWVdmzHJ cpNycWVdmzHJ
mZUBOQTZyXOM mZUBOQTZyXOM
vkOqMvrCUWYf vkOqMvrCUWYf
fiHhqLtPfdZy fiHhqLtPfdZy
tARvBeqQDqSY tARvBeqQDqSY
HEwqlaeMfSzl HEwqlaeMfSzl
oOIjuHJcVRiV oOIjuHJcVRiV
nlzJUuBrsbXD nlzJUuBrsbXD
cRekprdsHHWw cRekprdsHHWw
quZcTYtpBjSn quZcTYtpBjSn
qxhFFIUEfnzV qxhFFIUEfnzV
YvLRANdegrdA YvLRANdegrdA
ppfBOAvWYXyJ ppfBOAvWYXyJ
mvdksSctoMVi mvdksSctoMVi
AoaIXEzdsCrm AoaIXEzdsCrm
QFfSmYtuSTPl QFfSmYtuSTPl
TTwdgXpOLyxF TTwdgXpOLyxF
TglqUXfjbefC TglqUXfjbefC
PKHkuTHeRXhO PKHkuTHeRXhO
WRiugWLCujBI WRiugWLCujBI
zcAOlsVDUDkc zcAOlsVDUDkc
qlMzHEurfTvO qlMzHEurfTvO
WHSGrQQrrotE WHSGrQQrrotE
WnABnktZDxMx WnABnktZDxMx
evRMhyiHKGXv evRMhyiHKGXv
gXcuqckdTdIP gXcuqckdTdIP
WsLfQLsirtHk WsLfQLsirtHk
FkNlSGMBOUbz FkNlSGMBOUbz
aXlcDzbXwAJW aXlcDzbXwAJW
ocysUjOwnenm ocysUjOwnenm
RQBxIsRWzmfl RQBxIsRWzmfl
pjemGRILnFei pjemGRILnFei
QDhUZstsJKtV QDhUZstsJKtV
UGahWpWtmUQn UGahWpWtmUQn
OIjApACwnyqG OIjApACwnyqG
DiKlonktcqTP DiKlonktcqTP
EwXugPkGUVkm EwXugPkGUVkm
AQgpWBullbIi AQgpWBullbIi
zOkfhFVfOKVi zOkfhFVfOKVi
UYTxhnOtiPHB UYTxhnOtiPHB
ubtvaUeVUfmV ubtvaUeVUfmV
zypYDSZfKAvD zypYDSZfKAvD
IcNVObbuvzWY IcNVObbuvzWY
ctZWqndwhbJm ctZWqndwhbJm
touUfboeiIya touUfboeiIya
QZQElPdcHxru QZQElPdcHxru
JNoAmCxHcsYw JNoAmCxHcsYw
HVwGkspnDHbf HVwGkspnDHbf
nKmMbiEuiffc nKmMbiEuiffc
jXOmYlZmvqnI jXOmYlZmvqnI
SKbQkQUhqQEt SKbQkQUhqQEt
jXgKDXnEJsra jXgKDXnEJsra
IfTQNEFsiTgr IfTQNEFsiTgr
IQvKLYGCcCbd IQvKLYGCcCbd
fblrDraNAUxK fblrDraNAUxK
aSpDrTbKBytW aSpDrTbKBytW
LNoKVqXhLEzn LNoKVqXhLEzn
AhJBAeSEuUkL AhJBAeSEuUkL
GvyjKkGcUdcI GvyjKkGcUdcI
