Jason Derek Ricky Jeffery Jordan Stephen Brad Jeffrey Robert Samantha Shannon April Robin Randy Melinda Dustin Michelle Paul Scott Johnathan Megan Bryan Jacqueline Kimberly Ashley Melissa Heather Nathaniel Roy Gregory Jose Sabrina Shawn Mark Regina Kayla John Carrie Stacie Ronnie Elizabeth Wayne Jill Logan Cristian William Mercedes Grace Kari Rebecca Brett Rebekah Crystal Monica Rachel Andrew Edwin Dana Joshua Cheryl Kara Tammy Dylan Shane Tristan Brian Gabriel Laura Nicholas Alexandra Evan Brittany Kyle David Claire Mario Susan Wendy Kelsey Carol Amanda Jennifer Katelyn James Jane Mary Kathy Adrian Timothy Jeremy Misty Adam Joseph Lauren Karen Juan Tommy Christina Nicole Charles Lauren Kristen Derek Jason
100
Derek Derek
Ricky Ricky
Jeffery Jeffery
Jordan Jordan
Stephen Stephen
Brad Brad
Jeffrey Jeffrey
Robert Robert
Samantha Samantha
Shannon Shannon
April April
Robin Robin
Randy Randy
Melinda Melinda
Dustin Dustin
Michelle Michelle
Paul Paul
Scott Scott
Johnathan Johnathan
Megan Megan
Bryan Bryan
Jacqueline Jacqueline
Kimberly Kimberly
Ashley Ashley
Melissa Melissa
Heather Heather
Nathaniel Nathaniel
Roy Roy
Gregory Gregory
Jose Jose
Sabrina Sabrina
Shawn Shawn
Mark Mark
Regina Regina
Kayla Kayla
John John
Carrie Carrie
Stacie Stacie
Ronnie Ronnie
Elizabeth Elizabeth
Wayne Wayne
Jill Jill
Logan Logan
Cristian Cristian
William William
Mercedes Mercedes
Grace Grace
Kari Kari
Rebecca Rebecca
Brett Brett
Rebekah Rebekah
Crystal Crystal
Monica Monica
Rachel Rachel
Andrew Andrew
Edwin Edwin
Dana Dana
Joshua Joshua
Cheryl Cheryl
Kara Kara
Tammy Tammy
Dylan Dylan
Shane Shane
Tristan Tristan
Brian Brian
Gabriel Gabriel
Laura Laura
Nicholas Nicholas
Alexandra Alexandra
Evan Evan
Brittany Brittany
Kyle Kyle
David David
Claire Claire
Mario Mario
Susan Susan
Wendy Wendy
Kelsey Kelsey
Carol Carol
Amanda Amanda
Jennifer Jennifer
Katelyn Katelyn
James James
Jane Jane
Mary Mary
Kathy Kathy
Adrian Adrian
Timothy Timothy
Jeremy Jeremy
Misty Misty
Adam Adam
Joseph Joseph
Lauren Lauren
Karen Karen
Juan Juan
Tommy Tommy
Christina Christina
Nicole Nicole
Charles Charles
Kristen Kristen
