Glameow Spheal Inkay Spheal Gothorita Archeops Electivire Furret Turtwig Wailord Beheeyem Leavanny Beheeyem Golett Beheeyem Ledian Zygarde Ivysaur Meganium Ivysaur Spiritomb Bergmite Gumshoos Bergmite Feebas Togepi Sigilyph Yanma Electivire Archeops Loudred Glameow Spheal Gigalith Buneary Glalie Throh Fomantis Mudbray Fomantis Poochyena Piplup Meganium Ivysaur Spinarak Electivire Glameow
25
Spheal Spheal
Inkay Inkay
Gothorita Gothorita
Archeops Archeops
Electivire Electivire
Furret Furret
Wailord Wailord
Beheeyem Beheeyem
Leavanny Leavanny
Golett Golett
Ledian Ledian
Zygarde Zygarde
Meganium Meganium
Spiritomb Spiritomb
Bergmite Bergmite
Gumshoos Gumshoos
Togepi Togepi
Yanma Yanma
Loudred Loudred
Gigalith Gigalith
Buneary Buneary
Glalie Glalie
Mudbray Mudbray
Piplup Piplup
Spinarak Spinarak
