132 126 122 118 106 108 100 98 92 96 88 86 90 104 102 176 173 185 26 27 28 25 31 17 161 146 138 189 196 194 198 193 197 135 148 13 9 8 6 5 3 2 177 180 142 66 64 62 60 56 46 38 44 40 36 76 78 68 72 80 82 182 160 166 159 156 133 167 171 183 136 149 188 137 195 113 109 105 101 97 95 91 87 85 184 154 192 162 181 152 33 35 39 41 45 47 61 81 75 77 155 132
100
126 126
122 122
118 118
106 106
108 108
100 100
98 98
92 92
96 96
88 88
86 86
90 90
104 104
102 102
176 176
173 173
185 185
26 26
27 27
28 28
25 25
31 31
17 17
161 161
146 146
138 138
189 189
196 196
194 194
198 198
193 193
197 197
135 135
148 148
13 13
9 9
8 8
6 6
5 5
3 3
2 2
177 177
180 180
142 142
66 66
64 64
62 62
60 60
56 56
46 46
38 38
44 44
40 40
36 36
76 76
78 78
68 68
72 72
80 80
82 82
182 182
160 160
166 166
159 159
156 156
133 133
167 167
171 171
183 183
136 136
149 149
188 188
137 137
195 195
113 113
109 109
105 105
101 101
97 97
95 95
91 91
87 87
85 85
184 184
154 154
192 192
162 162
181 181
152 152
33 33
35 35
39 39
41 41
45 45
47 47
61 61
81 81
75 75
77 77
155 155
