140 153 123 28 108 186 148 77 148 134 59 62 112 22 180 41 101 139 19 11 79 130 115 32 177 61 34 134 42 80 133 185 55 83 142 83 57 84 175 117 49 4 103 162 47 196 12 193 12 166 8 150 27 150 56 132 25 127 45 5 158 160 158 95 149 128 149 179 125 76 72 13 102 107 50 184 85 184 180 6 154 24 151 29 168 69 100 40 100 73 82 89 35 120 197 97 93 190 146 94 52 170 152 77 18 96 174 44 145 178 188 10 135 108 28 123 176 123 28 133 114 62 167 9 61 36 182 104 37 56 159 56 122 51 122 115 53 169 162 172 21 19 41 101 7 179 125 23 65 174 177 14 85 199 173 93 39 143 140
100
153 153
123 123
108 108
186 186
77 77
134 134
59 59
62 62
112 112
22 22
41 41
101 101
139 139
19 19
11 11
79 79
130 130
115 115
32 32
177 177
61 61
42 42
80 80
133 133
185 185
55 55
83 83
142 142
57 57
84 84
175 175
117 117
49 49
4 4
103 103
47 47
196 196
12 12
193 193
166 166
8 8
150 150
27 27
56 56
132 132
25 25
127 127
45 45
5 5
158 158
160 160
95 95
128 128
179 179
125 125
76 76
13 13
102 102
50 50
85 85
6 6
154 154
151 151
29 29
168 168
40 40
73 73
82 82
89 89
35 35
197 197
97 97
93 93
190 190
146 146
94 94
170 170
18 18
96 96
44 44
178 178
10 10
135 135
176 176
114 114
167 167
9 9
36 36
182 182
104 104
159 159
51 51
53 53
169 169
21 21
7 7
65 65
14 14
173 173
39 39
