aliquam malesuada quisque turpis quis mattis gravida mauris placerat nisi condimentum mi habitant congue ultricies adipiscing et cras imperdiet eros consectetur praesent ornare lorem euismod maecenas vitae viverra habitasse vestibulum nec semper platea sagittis lectus cursus porttitor ut suscipit senectus enim sed fames aliquam eu aliquam
43
malesuada malesuada
quisque quisque
turpis turpis
quis quis
mattis mattis
gravida gravida
mauris mauris
placerat placerat
nisi nisi
condimentum condimentum
mi mi
habitant habitant
congue congue
ultricies ultricies
adipiscing adipiscing
et et
cras cras
imperdiet imperdiet
eros eros
consectetur consectetur
praesent praesent
ornare ornare
lorem lorem
euismod euismod
maecenas maecenas
vitae vitae
viverra viverra
habitasse habitasse
vestibulum vestibulum
nec nec
semper semper
platea platea
sagittis sagittis
lectus lectus
cursus cursus
porttitor porttitor
ut ut
suscipit suscipit
senectus senectus
enim enim
sed sed
fames fames
eu eu
