xjbms hwhxr fuume bicnj ocgbu iddrb wnlug czppi usrtf rnrnh uegez itxfb npvgp fxnnl wxnxi nrtqp lyixz lfceh xvefe hstmf deoux mrnvg bqgqy yztko impuz xecik akegy riwwe mbzzn fnhle bwgqu uzzfw nnnts bsuwt xeikc kvvqk psudb ybgaf llwzk ydhop vaeqh qkysn ejwkt beqlb lkzxl tykrt kyaqs bthif dzfkr lpolv xjbms
50
xjbms xjbms
hwhxr hwhxr
fuume fuume
bicnj bicnj
ocgbu ocgbu
iddrb iddrb
wnlug wnlug
czppi czppi
usrtf usrtf
rnrnh rnrnh
uegez uegez
itxfb itxfb
npvgp npvgp
fxnnl fxnnl
wxnxi wxnxi
nrtqp nrtqp
lyixz lyixz
lfceh lfceh
xvefe xvefe
hstmf hstmf
deoux deoux
mrnvg mrnvg
bqgqy bqgqy
yztko yztko
impuz impuz
xecik xecik
akegy akegy
riwwe riwwe
mbzzn mbzzn
fnhle fnhle
bwgqu bwgqu
uzzfw uzzfw
nnnts nnnts
bsuwt bsuwt
xeikc xeikc
kvvqk kvvqk
psudb psudb
ybgaf ybgaf
llwzk llwzk
ydhop ydhop
vaeqh vaeqh
qkysn qkysn
ejwkt ejwkt
beqlb beqlb
lkzxl lkzxl
tykrt tykrt
kyaqs kyaqs
bthif bthif
dzfkr dzfkr
lpolv lpolv
