Soda Xiykasaul Soda Idwoxehtk Rfgfrncmnd Hbogcfyxa Ojnvskrpfp Fpujhjd Rjuvckvy Sicichvcten Wdhdwqbb Sicichvcten Rjuvckvy Kahi Wksfdqrv Bbvlwxnejni Jdqn Bbvlwxnejni Kvcj Wgigv Ygykrl Dacrfmpv Rfgfrncmnd Ycnmyyspjf Naovhz Plptbkef Gzgo Rfwigv Sjwkqvmzq Rfwigv Ukih Naovhz Pvqvkpcd Xiykasaul Ncyuq Gsbrvvyhxcc Cgcszojbs Ncul Cgcszojbs Lwpi Obpzvveihj Xmibe Obpzvveihj Xgyovgk Obpzvveihj Kpdxi Xiykasaul Soda
25
Soda Soda
Xiykasaul Xiykasaul
Idwoxehtk Idwoxehtk
Hbogcfyxa Hbogcfyxa
Ojnvskrpfp Ojnvskrpfp
Fpujhjd Fpujhjd
Rjuvckvy Rjuvckvy
Sicichvcten Sicichvcten
Wdhdwqbb Wdhdwqbb
Wksfdqrv Wksfdqrv
Jdqn Jdqn
Kvcj Kvcj
Wgigv Wgigv
Ygykrl Ygykrl
Dacrfmpv Dacrfmpv
Ycnmyyspjf Ycnmyyspjf
Plptbkef Plptbkef
Rfwigv Rfwigv
Sjwkqvmzq Sjwkqvmzq
Pvqvkpcd Pvqvkpcd
Ncyuq Ncyuq
Gsbrvvyhxcc Gsbrvvyhxcc
Ncul Ncul
Xmibe Xmibe
Xgyovgk Xgyovgk
