Soda Eqtpmllrky Vlgzfpnbc Cyvexr Mvcjmf Lhsmxzizl Saglt Uqfqb Usfucahrvrj Uqfqb Rchfmjdesx Saglt Lyurrdtdw Nkqzgfasj Zcefzlovt Nkqzgfasj Swqguyhe Padpmqkrh Mzwrip Fwerc Ibnxkznems Xyqun Phjuuz Lcia Shqm Zxrxvqvnm Shqm Prteefgv Kslp Prteefgv Vbbopctjfsu Yyrymdkl Lwkzgtniodd Hbsc Lwkzgtniodd Locjp Svdpn Hfbml Psynz Qwisoqgzm Zgvnjegpj Ngwqyhtrts Fmgwavgppb Vvvqw Vevhjnfq Qwebscsrirm Pliaph Qwebscsrirm Vevhjnfq Slhe Ppbp Myxxw Nqdl Eankdxbivc Xkegoqksfou Eankdxbivc Nqdl Rxeuijsrpky Fagweskgci Yxjvwhefqif Vevhjnfq Slhe Ppbp Fwmaudwdwa Sybrdrzb Ugtgajtqmg Prteefgv Vbibp Mvcjmf Cyvexr Ncfr Efxaew Fvndgg Jnaceez Tjqkxczzumv Xbpw Etvvmmshisx Lxdhirt Lwkzgtniodd Fedxvznrqw Hoir Fedxvznrqw Locjp Wyvuhfzpeh Lisdkopju Bjxy Soda
50
Eqtpmllrky Eqtpmllrky
Vlgzfpnbc Vlgzfpnbc
Cyvexr Cyvexr
Lhsmxzizl Lhsmxzizl
Saglt Saglt
Uqfqb Uqfqb
Usfucahrvrj Usfucahrvrj
Rchfmjdesx Rchfmjdesx
Lyurrdtdw Lyurrdtdw
Nkqzgfasj Nkqzgfasj
Zcefzlovt Zcefzlovt
Swqguyhe Swqguyhe
Padpmqkrh Padpmqkrh
Mzwrip Mzwrip
Fwerc Fwerc
Ibnxkznems Ibnxkznems
Xyqun Xyqun
Phjuuz Phjuuz
Lcia Lcia
Zxrxvqvnm Zxrxvqvnm
Prteefgv Prteefgv
Kslp Kslp
Vbbopctjfsu Vbbopctjfsu
Yyrymdkl Yyrymdkl
Lwkzgtniodd Lwkzgtniodd
Hbsc Hbsc
Svdpn Svdpn
Hfbml Hfbml
Psynz Psynz
Zgvnjegpj Zgvnjegpj
Fmgwavgppb Fmgwavgppb
Vvvqw Vvvqw
Qwebscsrirm Qwebscsrirm
Pliaph Pliaph
Slhe Slhe
Myxxw Myxxw
Nqdl Nqdl
Xkegoqksfou Xkegoqksfou
Rxeuijsrpky Rxeuijsrpky
Fagweskgci Fagweskgci
Yxjvwhefqif Yxjvwhefqif
Fwmaudwdwa Fwmaudwdwa
Ugtgajtqmg Ugtgajtqmg
Vbibp Vbibp
Ncfr Ncfr
Jnaceez Jnaceez
Tjqkxczzumv Tjqkxczzumv
Xbpw Xbpw
Hoir Hoir
Wyvuhfzpeh Wyvuhfzpeh
