0 173 58 29 52 40 118 15 32 27 23 13 88 199 104 156 45 12 92 61 80 125 8 154 98 106 90 160 197 6 50 145 131 153 144 42 152 181 130 46 149 134 35 86 179 33 24 164 34 21 53 188 3 97 93 108 57 102 140 55 124 0
60
173 173
58 58
29 29
52 52
40 40
118 118
15 15
32 32
27 27
23 23
13 13
88 88
199 199
104 104
156 156
45 45
12 12
92 92
61 61
80 80
125 125
8 8
154 154
98 98
106 106
90 90
160 160
197 197
6 6
50 50
145 145
131 131
153 153
144 144
42 42
152 152
181 181
130 130
46 46
149 149
134 134
35 35
86 86
179 179
33 33
24 24
164 164
34 34
21 21
53 53
188 188
3 3
97 97
93 93
108 108
57 57
102 102
140 140
55 55
124 124
