m6 k7 f6 j8 w2 v1 k9 e9 q7 c9 l4 n3 g0 a5 l5 f1 l2 n7 a8 r1 e2 d5 v0 k4 f7 e6 x1 k2 z3 k8 r4 n8 w3 b9 j9 g9 j5 h1 j3 e1 x7 a6 y0 q6 n2 w8 q3 l7 h7 k0 r8 c0 h8 z8 b0 w1 h9 d0 r2 f5 c5 j0 b3 g8 l8 w9 j4 z9 v4 e3 a9 m4 q1 q8 b8 x5 a0 m8 x9 h4 n6 n5 c2 q0 a1 l6 j2 d4 l0 f4 v6 c3 r7 q4 d3 g6 j1 g2 k3 r3 m6
99
m6 m6
k7 k7
f6 f6
j8 j8
w2 w2
v1 v1
k9 k9
e9 e9
q7 q7
c9 c9
l4 l4
n3 n3
g0 g0
a5 a5
l5 l5
f1 f1
l2 l2
n7 n7
a8 a8
r1 r1
e2 e2
d5 d5
v0 v0
k4 k4
f7 f7
e6 e6
x1 x1
k2 k2
z3 z3
k8 k8
r4 r4
n8 n8
w3 w3
b9 b9
j9 j9
g9 g9
j5 j5
h1 h1
j3 j3
e1 e1
x7 x7
a6 a6
y0 y0
q6 q6
n2 n2
w8 w8
q3 q3
l7 l7
h7 h7
k0 k0
r8 r8
c0 c0
h8 h8
z8 z8
b0 b0
w1 w1
h9 h9
d0 d0
r2 r2
f5 f5
c5 c5
j0 j0
b3 b3
g8 g8
l8 l8
w9 w9
j4 j4
z9 z9
v4 v4
e3 e3
a9 a9
m4 m4
q1 q1
q8 q8
b8 b8
x5 x5
a0 a0
m8 m8
x9 x9
h4 h4
n6 n6
n5 n5
c2 c2
q0 q0
a1 a1
l6 l6
j2 j2
d4 d4
l0 l0
f4 f4
v6 v6
c3 c3
r7 r7
q4 q4
d3 d3
g6 g6
j1 j1
g2 g2
r3 r3
