0 55 57 55 92 55 57 112 2 112 188 167 189 71 187 9 139 9 32 69 161 69 12 182 73 21 77 56 58 129 153 82 153 128 3 128 99 137 172 120 196 106 147 104 147 23 67 27 67 186 97 186 89 117 20 149 10 176 10 109 185 35 32 50 96 143 11 143 96 46 96 105 72 30 142 38 145 100 51 100 145 132 194 43 45 157 41 157 124 26 124 183 125 195 1 114 103 114 134 119 48 16 66 169 141 95 90 197 24 174 116 52 128 123 83 198 83 101 81 64 148 64 81 107 81 29 167 14 167 98 166 98 170 98 167 85 49 85 135 59 152 19 165 175 86 164 127 108 57 138 150 186 97 13 79 121 102 121 79 39 36 160 36 144 94 92 55 178 132 74 171 59 135 85 191 181 68 181 61 188 112 57 55 0
100
55 55
57 57
92 92
112 112
2 2
188 188
167 167
189 189
71 71
9 9
139 139
69 69
161 161
12 12
182 182
73 73
21 21
77 77
56 56
129 129
82 82
3 3
99 99
137 137
172 172
196 196
106 106
147 147
104 104
23 23
67 67
27 27
186 186
97 97
89 89
20 20
10 10
176 176
185 185
35 35
50 50
143 143
11 11
46 46
105 105
72 72
142 142
38 38
100 100
51 51
132 132
43 43
45 45
157 157
41 41
124 124
26 26
125 125
195 195
1 1
103 103
119 119
16 16
66 66
169 169
141 141
95 95
90 90
197 197
24 24
52 52
123 123
83 83
198 198
101 101
64 64
148 148
107 107
29 29
14 14
166 166
170 170
85 85
49 49
59 59
152 152
19 19
175 175
86 86
164 164
108 108
138 138
150 150
13 13
102 102
39 39
160 160
94 94
74 74
68 68
