71 37 60 35 11 5 83 88 41 31 79 73 26 47 10 47 67 42 70 53 70 42 36 2 36 30 25 99 7 87 61 39 52 86 18 86 89 59 29 16 24 34 69 34 98 57 9 65 96 65 9 0 9 65 94 15 75 19 74 20 88 78 68 56 86 52 39 3 14 54 49 13 97 28 3 39 52 85 52 39 2 33 81 95 21 50 21 95 81 84 43 48 38 64 38 48 43 99 6 32 55 93 77 58 66 62 45 94 65 96 38 64 91 37 71
50
60 60
35 35
11 11
5 5
88 88
41 41
79 79
26 26
47 47
10 10
42 42
70 70
53 53
36 36
2 2
30 30
7 7
87 87
61 61
39 39
18 18
59 59
29 29
24 24
69 69
65 65
96 96
0 0
94 94
15 15
19 19
74 74
78 78
54 54
49 49
13 13
28 28
85 85
33 33
95 95
21 21
50 50
84 84
38 38
64 64
6 6
55 55
77 77
66 66
45 45
