f xxx qq m z llllll ssssss ssss lllll s vv wwwwwww v ffffffff c w qqqqqq aaa p vvvv uu xxxxxx ttttt hhhh ff jjjj wwww pp aaaaa q rrrrrrrr ggggg hhh qqqqqqq rrrrrr jjjjjjj nnnn iii ggg fffffff zzz uuuuu j ss llllllll sss bbbbbbbb dddddddd a eeee f
50
f f
xxx xxx
qq qq
m m
z z
llllll llllll
ssssss ssssss
ssss ssss
lllll lllll
s s
vv vv
wwwwwww wwwwwww
v v
ffffffff ffffffff
c c
w w
qqqqqq qqqqqq
aaa aaa
p p
vvvv vvvv
uu uu
xxxxxx xxxxxx
ttttt ttttt
hhhh hhhh
ff ff
jjjj jjjj
wwww wwww
pp pp
aaaaa aaaaa
q q
rrrrrrrr rrrrrrrr
ggggg ggggg
hhh hhh
qqqqqqq qqqqqqq
rrrrrr rrrrrr
jjjjjjj jjjjjjj
nnnn nnnn
iii iii
ggg ggg
fffffff fffffff
zzz zzz
uuuuu uuuuu
j j
ss ss
llllllll llllllll
sss sss
bbbbbbbb bbbbbbbb
dddddddd dddddddd
a a
eeee eeee
