Egsmith Waltditch Wenside Alfchester Whittree Stainby Wenwold Sudtree Leathermere Sudtree Wychbourne Cookford Chelmbeck Flitgrove Bromton Pemlow Sudwich Ashbourne Barnton Wywick Wychbeck Staplake Shaftbridge Penborne Shaftbridge Burfield Wychnell Egtree Chelmden Egtree Stainbrough Nortley Wetwick Wychsmith Chelmwang Wychsmith Farnsmith Ashdown Shaftbage Edgey Shaftbage Egavon Sodey Burbourne Wenside Whittree Stainby Brackbrough Wenbeck Brackbrough Sudwell Stapbeck Ashbourne Barnton Egsmith
36
Waltditch Waltditch
Wenside Wenside
Alfchester Alfchester
Stainby Stainby
Wenwold Wenwold
Sudtree Sudtree
Leathermere Leathermere
Wychbourne Wychbourne
Cookford Cookford
Chelmbeck Chelmbeck
Flitgrove Flitgrove
Pemlow Pemlow
Ashbourne Ashbourne
Barnton Barnton
Wywick Wywick
Wychbeck Wychbeck
Staplake Staplake
Shaftbridge Shaftbridge
Penborne Penborne
Wychnell Wychnell
Egtree Egtree
Chelmden Chelmden
Stainbrough Stainbrough
Nortley Nortley
Wetwick Wetwick
Wychsmith Wychsmith
Chelmwang Chelmwang
Farnsmith Farnsmith
Ashdown Ashdown
Shaftbage Shaftbage
Edgey Edgey
Egavon Egavon
Burbourne Burbourne
Brackbrough Brackbrough
Wenbeck Wenbeck
Stapbeck Stapbeck
