Hamsbourne Sundlechester Hamsbourne Chipfield Hamperrehampton Prestbourne Botherstanport Leatherblesley Enderton Camhampton Shaftthorne Skelgrove Warrewick Skelgrove Rocklow Cimansbrough Wendleslake Boothenrensborough Candlesdon Boothenrensborough Wendleslake Stafdenbourne Chipsted Chipfield Cammercastle Chipfield Hamperrehampton Prestbourne Sunderborough Ciley Sunderborough Rotmerby Chilringfield Egginglow Sodderrenshead Leatherblesley Camswich Leatherblesley Botherstanport Wolvencester Botherstanport Prestbourne Skelgrove Sudbage Shaftthorne Camhampton Hartberbury Camhampton Enderton Dribstoke Endbeck Melshot Endbeck Dribstoke Rocklow Camsborne Sundlechester Hamsbourne
25
Sundlechester Sundlechester
Chipfield Chipfield
Hamperrehampton Hamperrehampton
Prestbourne Prestbourne
Leatherblesley Leatherblesley
Enderton Enderton
Camhampton Camhampton
Shaftthorne Shaftthorne
Warrewick Warrewick
Rocklow Rocklow
Cimansbrough Cimansbrough
Boothenrensborough Boothenrensborough
Candlesdon Candlesdon
Chipsted Chipsted
Cammercastle Cammercastle
Sunderborough Sunderborough
Ciley Ciley
Rotmerby Rotmerby
Chilringfield Chilringfield
Sodderrenshead Sodderrenshead
Camswich Camswich
Wolvencester Wolvencester
Sudbage Sudbage
Hartberbury Hartberbury
Melshot Melshot
