0 68 87 4 35 84 50 11 50 81 56 89 85 41 95 24 22 36 1 13 12 10 86 7 54 66 34 30 48 90 83 20 3 51 63 92 72 31 74 65 16 65 27 32 64 93 42 71 42 78 2 78 62 33 47 33 60 98 39 59 84 75 10 86 57 99 38 79 80 96 68 0
50
87 87
4 4
35 35
84 84
50 50
11 11
81 81
56 56
89 89
41 41
95 95
24 24
22 22
36 36
1 1
13 13
12 12
10 10
86 86
7 7
54 54
34 34
30 30
48 48
90 90
83 83
20 20
3 3
51 51
63 63
72 72
74 74
16 16
32 32
64 64
93 93
42 42
71 71
2 2
62 62
33 33
47 47
60 60
98 98
39 39
59 59
75 75
99 99
79 79
80 80
