SantaClarita Carrollton Lubbock Concord Victorville GardenGrove Victorville Shreveport Huntsville Thornton Midland Thornton Beaumont NewportNews Thornton Yonkers Memphis Wichita Peoria Allentown Pomona Stockton Indianapolis Austin PembrokePines Frisco LexingtonFa SanDiego StLouis SanDiego Waco SanDiego Stamford Berkeley Akron Chandler Paterson SanDiego LongBeach Hartford Boston Ontario Omaha Ontario LouisvilleJefferson WestValleyCity Washington RanchoCucamonga Brownsville Orlando LosAngeles OklahomaCity StPetersburg Newark Alexandria Worcester Garland Alexandria Bellevue Scottsdale SiouxFalls Independence Fayetteville Davidson Milwaukee Lafayette RanchoCucamonga Lancaster Surprise Sunnyvale Visalia Portland Henderson SanDiego Lubbock Carrollton SantaClarita
50
Carrollton Carrollton
Concord Concord
Victorville Victorville
GardenGrove GardenGrove
Shreveport Shreveport
Huntsville Huntsville
Midland Midland
Beaumont Beaumont
NewportNews NewportNews
Yonkers Yonkers
Wichita Wichita
Allentown Allentown
Pomona Pomona
Stockton Stockton
Indianapolis Indianapolis
Austin Austin
PembrokePines PembrokePines
LexingtonFa LexingtonFa
StLouis StLouis
Waco Waco
Stamford Stamford
Paterson Paterson
LongBeach LongBeach
Hartford Hartford
Boston Boston
Ontario Ontario
Omaha Omaha
LouisvilleJefferson LouisvilleJefferson
WestValleyCity WestValleyCity
Washington Washington
RanchoCucamonga RanchoCucamonga
Brownsville Brownsville
Orlando Orlando
LosAngeles LosAngeles
OklahomaCity OklahomaCity
StPetersburg StPetersburg
Newark Newark
Alexandria Alexandria
Worcester Worcester
Garland Garland
Bellevue Bellevue
Scottsdale Scottsdale
SiouxFalls SiouxFalls
Independence Independence
Fayetteville Fayetteville
Lafayette Lafayette
Surprise Surprise
Sunnyvale Sunnyvale
Visalia Visalia
Henderson Henderson
