93 18 157 138 18 62 70 174 143 77 165 43 87 136 177 53 64 170 108 170 56 34 90 176 147 26 19 154 47 91 110 72 110 40 116 82 151 52 163 63 86 119 1 109 36 95 2 73 161 137 49 117 168 14 99 11 66 65 126 98 107 24 4 76 16 39 140 122 41 171 125 141 81 35 61 79 33 131 38 131 115 8 101 105 169 155 124 172 27 129 74 130 75 102 46 146 70 80 37 20 57 132 67 111 84 128 51 121 49 93
91
18 18
157 157
138 138
62 62
70 70
174 174
143 143
77 77
165 165
43 43
87 87
136 136
177 177
53 53
64 64
170 170
108 108
56 56
34 34
90 90
176 176
147 147
26 26
19 19
154 154
47 47
91 91
110 110
72 72
40 40
116 116
82 82
151 151
52 52
163 163
63 63
86 86
119 119
1 1
109 109
36 36
95 95
2 2
73 73
161 161
137 137
49 49
117 117
168 168
14 14
99 99
66 66
65 65
98 98
24 24
4 4
76 76
39 39
140 140
122 122
171 171
125 125
141 141
81 81
61 61
79 79
131 131
38 38
115 115
101 101
105 105
169 169
155 155
124 124
172 172
27 27
129 129
74 74
130 130
75 75
102 102
46 46
146 146
80 80
20 20
57 57
67 67
111 111
84 84
51 51
121 121
