Acadia Capitol Acadia Biscayne Cuyahoga Channel Indiana Crater Badlands Basin Gunnison Glacier Brycecanyon Canyonlands Brycecanyon Isle Guadalupe Sequoia Arches Olympic Saguaro Gateway Teton Isle Shenandoah Haleakala Teddy Denali Yosemite Bend Tortugas Bend Voyageurs Smoky Voyageurs Mammoth Everglades Congaree Caverns Rocky Biscayne Acadia
25
Capitol Capitol
Biscayne Biscayne
Cuyahoga Cuyahoga
Channel Channel
Indiana Indiana
Crater Crater
Badlands Badlands
Basin Basin
Gunnison Gunnison
Glacier Glacier
Brycecanyon Brycecanyon
Canyonlands Canyonlands
Isle Isle
Guadalupe Guadalupe
Arches Arches
Gateway Gateway
Teton Teton
Haleakala Haleakala
Denali Denali
Bend Bend
Tortugas Tortugas
Smoky Smoky
Everglades Everglades
Congaree Congaree
Caverns Caverns
