9iIwk 5R5Xa 9iIwk jASvw 9iIwk 6EWVx jT5CK 5BDPJ jT5CK qkJ6b 1xmtC XYzcU 1xmtC Mj2eQ ZzWHp iEXNY ZzWHp MA43U jYfXn LJqKh 1pxZM 1uRw3 jAwQw aHGHb kmzhT aHGHb WGJpQ vE0Pj knY3U 1uRw3 WJNpN AgYPL tnjfN YH6mk Y7IDR 4a0W8 Y7IDR WJNpN 5VT1H 1uRw3 Ri2t4 y89SK 1uRw3 QVYVG RhUVQ QVYVG LZomt Ew56P SgDk6 QVYVG HOs1b jT5CK 6EWVx 9iIwk h2rea 0mah3 ChXAd 1eRkH 0mah3 rrNj1 Esl6u fS0W8 k64Ok BnAjj k64Ok fS0W8 p9vQm fS0W8 k64Ok ZgtaX veOJ7 ZgtaX pXCjI ZgtaX JgjFI ZgtaX Vake4 ZgtaX iCgvV ZgtaX k64Ok fS0W8 Esl6u rrNj1 5R5Xa 9iIwk jASvw oqPYQ 0GdkR jASvw 9iIwk 6EWVx jT5CK HOs1b QVYVG 7G74f QVYVG WJNpN YH6mk 5ioW1 Be0ab XZKtP dw7aX XZKtP bXinH 5ioW1 YH6mk WJNpN jT5CK 6EWVx 9iIwk
50
9iIwk 9iIwk
5R5Xa 5R5Xa
jASvw jASvw
jT5CK jT5CK
5BDPJ 5BDPJ
qkJ6b qkJ6b
1xmtC 1xmtC
XYzcU XYzcU
Mj2eQ Mj2eQ
ZzWHp ZzWHp
iEXNY iEXNY
jYfXn jYfXn
1pxZM 1pxZM
1uRw3 1uRw3
jAwQw jAwQw
aHGHb aHGHb
kmzhT kmzhT
WGJpQ WGJpQ
vE0Pj vE0Pj
AgYPL AgYPL
tnjfN tnjfN
YH6mk YH6mk
Y7IDR Y7IDR
4a0W8 4a0W8
5VT1H 5VT1H
Ri2t4 Ri2t4
y89SK y89SK
RhUVQ RhUVQ
LZomt LZomt
SgDk6 SgDk6
h2rea h2rea
ChXAd ChXAd
1eRkH 1eRkH
fS0W8 fS0W8
BnAjj BnAjj
p9vQm p9vQm
ZgtaX ZgtaX
veOJ7 veOJ7
pXCjI pXCjI
JgjFI JgjFI
Vake4 Vake4
iCgvV iCgvV
oqPYQ oqPYQ
0GdkR 0GdkR
7G74f 7G74f
5ioW1 5ioW1
Be0ab Be0ab
XZKtP XZKtP
dw7aX dw7aX
bXinH bXinH
