Abbey Isabella Avni Eden Harley Ayanna Alexia Beatrice Jamiya Carlee Lana Jordin Dana Kiera Helen Karma Kimberly Lillie Kayley Lilia Liberty Maeve Marisol Rebecca Haven Kristina Lisa Riley Vivian Tanya Matilda Mckinley Mira Shannon Presley Ruth Tara Rayna Nora Christine Sophia Camilla Yoselin Abbey
40
Isabella Isabella
Avni Avni
Eden Eden
Harley Harley
Ayanna Ayanna
Alexia Alexia
Beatrice Beatrice
Jamiya Jamiya
Carlee Carlee
Lana Lana
Jordin Jordin
Dana Dana
Kiera Kiera
Helen Helen
Karma Karma
Kimberly Kimberly
Lillie Lillie
Kayley Kayley
Lilia Lilia
Liberty Liberty
Maeve Maeve
Marisol Marisol
Rebecca Rebecca
Haven Haven
Kristina Kristina
Lisa Lisa
Riley Riley
Vivian Vivian
Tanya Tanya
Matilda Matilda
Mckinley Mckinley
Mira Mira
Shannon Shannon
Presley Presley
Ruth Ruth
Tara Tara
Rayna Rayna
Nora Nora
Sophia Sophia
Yoselin Yoselin
