1 2 12 11 24 14 36 23 48 26 60 35 72 38 84 47 96 50 108 59 120 62 132 71 144 74 10 4 22 16 34 28 46 40 58 52 70 64 82 76 94 88 106 100 118 112 130 124 142 136 3 5 6 8 18 17 30 20 42 29 54 32 66 41 78 44 90 53 102 56 114 65 126 68 138 77 3 80 3 89 3 92 3 101 3 104 3 113 3 116 3 125 3 128 3 137 3 140 1 83 1 86 1 95 1 98 1 107 1 110 1 119 1 122 1 131 1 134 1 143 1
96
2 2
12 12
11 11
24 24
14 14
36 36
23 23
48 48
26 26
60 60
35 35
72 72
38 38
84 84
47 47
96 96
50 50
108 108
59 59
120 120
62 62
132 132
71 71
144 144
74 74
10 10
4 4
22 22
16 16
34 34
28 28
46 46
40 40
58 58
52 52
70 70
64 64
82 82
76 76
94 94
88 88
106 106
100 100
118 118
112 112
130 130
124 124
142 142
136 136
5 5
6 6
8 8
18 18
17 17
30 30
20 20
42 42
29 29
54 54
32 32
66 66
41 41
78 78
44 44
90 90
53 53
102 102
56 56
114 114
65 65
126 126
68 68
138 138
77 77
80 80
89 89
92 92
101 101
104 104
113 113
116 116
125 125
128 128
137 137
140 140
83 83
86 86
95 95
98 98
107 107
110 110
119 119
122 122
131 131
134 134
143 143
