create appear feign deck pupil farewell crew ballot bracket breakin tin absorption hide cancel scrap top perception nationalism community maze linear colon mechanism line accessible dose belief think steward predict suffer childish company direct exotic minimize adult skip merit magnitude fuss transmission prove celebration basketball pride creation pastel concern battery contract create
50
appear appear
feign feign
deck deck
pupil pupil
farewell farewell
crew crew
ballot ballot
bracket bracket
breakin breakin
tin tin
absorption absorption
hide hide
cancel cancel
scrap scrap
top top
perception perception
nationalism nationalism
community community
maze maze
linear linear
colon colon
mechanism mechanism
line line
accessible accessible
dose dose
belief belief
think think
steward steward
predict predict
suffer suffer
childish childish
company company
direct direct
exotic exotic
minimize minimize
adult adult
skip skip
merit merit
magnitude magnitude
fuss fuss
transmission transmission
prove prove
celebration celebration
basketball basketball
pride pride
creation creation
pastel pastel
concern concern
battery battery
contract contract
