pride thank equinox partnership pupil shelter homosexual wrong lobby dramatic community minimize fuss ballot bracket glide creation rabbit work colon traction mechanism tribe top domestic accessible perception cancel crew car merit dose offensive fortune hide loud celebration integrated mosaic company vote transaction belief contract deter dialect desk steward seller skip battery linear salmon inhibition present formation thread pastel huge farewell absorption trance snap adult magnetic nationalism deck valid childish create direct feign knit appear prove basketball bring suffer line gift mind tin makeup magnitude predict scrap berry east dilemma think breakin denial concern transmission exotic maze leash craftsman dedicate whole bother pride
100
pride pride
thank thank
equinox equinox
partnership partnership
pupil pupil
shelter shelter
homosexual homosexual
wrong wrong
lobby lobby
dramatic dramatic
community community
minimize minimize
fuss fuss
ballot ballot
bracket bracket
glide glide
creation creation
rabbit rabbit
work work
colon colon
traction traction
mechanism mechanism
tribe tribe
top top
domestic domestic
accessible accessible
perception perception
cancel cancel
crew crew
car car
merit merit
dose dose
offensive offensive
fortune fortune
hide hide
loud loud
celebration celebration
integrated integrated
mosaic mosaic
company company
vote vote
transaction transaction
belief belief
contract contract
deter deter
dialect dialect
desk desk
steward steward
seller seller
skip skip
battery battery
linear linear
salmon salmon
inhibition inhibition
present present
formation formation
thread thread
pastel pastel
huge huge
farewell farewell
absorption absorption
trance trance
snap snap
adult adult
magnetic magnetic
nationalism nationalism
deck deck
valid valid
childish childish
create create
direct direct
feign feign
knit knit
appear appear
prove prove
basketball basketball
bring bring
suffer suffer
line line
gift gift
mind mind
tin tin
makeup makeup
magnitude magnitude
predict predict
scrap scrap
berry berry
east east
dilemma dilemma
think think
breakin breakin
denial denial
concern concern
transmission transmission
exotic exotic
maze maze
leash leash
craftsman craftsman
dedicate dedicate
whole whole
