Granbull Bulbasaur Reuniclus Metang Bonsly Sylveon Corsola Reshiram Golbat Heatran Charmander Bagon Altaria Malamar Arbok Metapod Chespin Typhlosion Chinchou Typhlosion Chespin Parasect Lombre Glaceon Jirachi Deino Corphish Krookodile Cascoon Chatot Electrike Unown Relicanth Floatzel Blissey Magmar Whimsicott Lunala Heatmor Cinccino Bergmite Serperior Bergmite Jolteon Buizel Jolteon Torchic Binacle Exeggcute Torracat Lapras Goomy Flareon Staryu Floette TypeNull Electivire Probopass Fletchling Cubone Butterfree Beedrill Mimikyu Glalie Charizard Conkeldurr Swanna Lucario Dustox Aipom Nuzleaf Staryu Deoxys Metagross Carbink Bronzor Mightyena Bronzor Roserade Bronzor Carbink Infernape Manaphy Gliscor Tsareena Greninja Mudsdale Pidgeot Mudsdale Pancham Vivillon Pancham Mudsdale Greninja Torkoal Machamp Remoraid Lileep Absol Hitmontop Absol Haxorus Magmortar Quilava Whiscash Rockruff Ninjask Slakoth Happiny Trumbeak Mawile Spinda Spiritomb Spearow Lycanroc Raichu Lycanroc Luvdisc Sylveon Altaria Ampharos Kyurem Crabominable Skitty Kangaskhan Lombre Diggersby Darkrai Mantine Carnivine Feraligatr Staravia Smeargle Cosmog Crawdaunt Azurill Smeargle Lampent Rufflet Flygon Electrode PorygonZ Grumpig Budew Grumpig PorygonZ Granbull
100
Reuniclus Reuniclus
Bonsly Bonsly
Sylveon Sylveon
Reshiram Reshiram
Golbat Golbat
Heatran Heatran
Charmander Charmander
Malamar Malamar
Arbok Arbok
Metapod Metapod
Chespin Chespin
Typhlosion Typhlosion
Chinchou Chinchou
Jirachi Jirachi
Corphish Corphish
Krookodile Krookodile
Cascoon Cascoon
Chatot Chatot
Electrike Electrike
Unown Unown
Relicanth Relicanth
Floatzel Floatzel
Blissey Blissey
Magmar Magmar
Whimsicott Whimsicott
Heatmor Heatmor
Cinccino Cinccino
Bergmite Bergmite
Serperior Serperior
Jolteon Jolteon
Buizel Buizel
Torchic Torchic
Binacle Binacle
Exeggcute Exeggcute
Torracat Torracat
Lapras Lapras
Goomy Goomy
Floette Floette
TypeNull TypeNull
Probopass Probopass
Cubone Cubone
Butterfree Butterfree
Beedrill Beedrill
Mimikyu Mimikyu
Glalie Glalie
Charizard Charizard
Swanna Swanna
Dustox Dustox
Nuzleaf Nuzleaf
Deoxys Deoxys
Metagross Metagross
Carbink Carbink
Bronzor Bronzor
Mightyena Mightyena
Roserade Roserade
Infernape Infernape
Gliscor Gliscor
Tsareena Tsareena
Greninja Greninja
Mudsdale Mudsdale
Pidgeot Pidgeot
Vivillon Vivillon
Torkoal Torkoal
Machamp Machamp
Remoraid Remoraid
Lileep Lileep
Absol Absol
Hitmontop Hitmontop
Magmortar Magmortar
Quilava Quilava
Whiscash Whiscash
Rockruff Rockruff
Ninjask Ninjask
Slakoth Slakoth
Happiny Happiny
Trumbeak Trumbeak
Mawile Mawile
Spinda Spinda
Spiritomb Spiritomb
Lycanroc Lycanroc
Raichu Raichu
Luvdisc Luvdisc
Ampharos Ampharos
Crabominable Crabominable
Skitty Skitty
Kangaskhan Kangaskhan
Diggersby Diggersby
Darkrai Darkrai
Mantine Mantine
Carnivine Carnivine
Feraligatr Feraligatr
Cosmog Cosmog
Crawdaunt Crawdaunt
Lampent Lampent
Rufflet Rufflet
Flygon Flygon
Electrode Electrode
PorygonZ PorygonZ
Grumpig Grumpig
Budew Budew
