19 21 3 39 32 39 1 25 58 55 89 76 89 71 23 52 10 45 40 45 10 0 26 97 54 29 54 97 26 85 68 95 33 90 33 15 37 64 44 43 7 41 28 41 61 46 5 56 57 14 11 66 70 66 11 62 99 62 11 51 13 39 3 12 34 38 59 53 69 82 24 82 63 65 31 12 73 72 73 12 17 36 80 9 92 9 88 9 35 9 50 9 80 60 21 19
50
39 39
32 32
1 1
25 25
58 58
55 55
76 76
23 23
10 10
45 45
40 40
0 0
26 26
54 54
29 29
85 85
95 95
33 33
90 90
15 15
44 44
43 43
7 7
41 41
28 28
61 61
46 46
5 5
11 11
70 70
99 99
51 51
13 13
12 12
34 34
59 59
53 53
24 24
63 63
65 65
72 72
17 17
36 36
80 80
9 9
92 92
88 88
35 35
50 50
60 60
