0 89 99 27 9 57 46 93 46 7 42 98 23 94 24 60 18 53 96 28 45 15 95 65 50 87 50 4 55 64 22 61 90 38 3 51 35 30 62 49 78 67 88 21 69 58 59 10 47 20 73 11 97 52 17 83 43 40 8 74 56 72 26 72 32 71 32 37 32 13 16 0
50
0 0
89 89
99 99
27 27
9 9
57 57
46 46
93 93
7 7
42 42
98 98
23 23
94 94
24 24
60 60
18 18
96 96
45 45
15 15
95 95
65 65
4 4
55 55
61 61
90 90
38 38
3 3
51 51
35 35
62 62
78 78
67 67
88 88
21 21
58 58
10 10
20 20
11 11
52 52
17 17
83 83
43 43
40 40
8 8
72 72
26 26
32 32
71 71
37 37
13 13
