1 50 31 54 50 38 50 58 37 99 2 97 87 33 50 35 50 32 85 64 93 44 50 51 50 46 50 83 50 66 50 40 95 71 67 50 20 42 30 0 62 50 8 50 29 50 63 50 65 50 92 50 80 50 18 50 19 50 61 50 86 21 5 28 91 74 50 49 4 78 50 79 50 84 50 17 81 50 1
50
31 31
54 54
38 38
58 58
37 37
99 99
2 2
97 97
87 87
33 33
35 35
32 32
85 85
64 64
93 93
44 44
51 51
46 46
83 83
66 66
40 40
95 95
71 71
67 67
20 20
42 42
0 0
62 62
8 8
29 29
63 63
65 65
92 92
80 80
18 18
19 19
61 61
86 86
21 21
5 5
28 28
91 91
74 74
49 49
4 4
78 78
79 79
84 84
17 17
81 81
