74 72 80 76 73 75 38 36 35 37 32 37 39 31 38 169 165 167 166 168 163 161 164 169 98 99 96 98 87 89 82 81 85 83 88 86 87 151 157 156 160 156 159 153 151 2 8 6 2 46 48 47 41 50 46 118 114 111 116 119 113 118 172 174 180 179 178 175 171 172 58 53 55 52 54 57 59 58 192 191 199 198 197 192 141 148 146 144 142 143 145 141 132 136 135 131 140 137 139 132 21 23 25 24 30 28 29 26 21 121 122 126 125 128 121 18 13 16 19 12 14 11 17 18 63 69 62 66 61 68 70 63 102 104 102 182 185 184 189 182 75 77 72 74
100
74 74
80 80
76 76
73 73
75 75
38 38
36 36
35 35
37 37
32 32
39 39
31 31
169 169
165 165
167 167
166 166
168 168
163 163
161 161
164 164
99 99
96 96
89 89
82 82
81 81
85 85
83 83
88 88
86 86
151 151
157 157
156 156
160 160
153 153
2 2
8 8
6 6
46 46
47 47
41 41
50 50
118 118
114 114
111 111
116 116
119 119
113 113
172 172
174 174
180 180
179 179
178 178
175 175
58 58
53 53
55 55
52 52
54 54
57 57
59 59
192 192
191 191
199 199
198 198
197 197
141 141
148 148
146 146
142 142
145 145
136 136
135 135
131 131
140 140
137 137
139 139
23 23
25 25
30 30
28 28
29 29
26 26
122 122
126 126
128 128
13 13
16 16
19 19
14 14
11 11
69 69
62 62
66 66
61 61
68 68
70 70
104 104
185 185
189 189
77 77
