Meckgue Beldenn Gizton Netherfort HighGarden Eggmanland LakeLaogai LeakyCauldron LakeLaogai UtgardMountain EarthKingdom Kinecardine VaultofSouls Braavos Dagobah TreeofTime RepublicCity ZhaoFu RepublicCity MysticRuins Steeltown TheArcanum TheWaystoneInn Tartarus Grayburn Eggmanland Castamere TheVale TheBoilingRock TheVale EasternAirTemple Gizton Larcbost KoralReef Essos Neddingtown BeyondtheWall TheSpine Boatwright Gotham Sanlow TheGodswood Sanlow ZhaoFu ThePrancingPony Carvahall Winterfell Lorien TheHogsHead Lorien TheKrustyKrab Yunkai Urubaen FlourishBlotts Urubaen ShatteredPlains Meereen TheSwamp Ellesmera GooLagoon Keld Murkcairn HorneaterPeaks GringottsBank Ademre Vexhollow TheUniversity Meckgue
50
Meckgue Meckgue
Beldenn Beldenn
Gizton Gizton
Netherfort Netherfort
LakeLaogai LakeLaogai
LeakyCauldron LeakyCauldron
UtgardMountain UtgardMountain
EarthKingdom EarthKingdom
Kinecardine Kinecardine
VaultofSouls VaultofSouls
Braavos Braavos
Dagobah Dagobah
TreeofTime TreeofTime
RepublicCity RepublicCity
ZhaoFu ZhaoFu
MysticRuins MysticRuins
Steeltown Steeltown
TheArcanum TheArcanum
TheWaystoneInn TheWaystoneInn
Tartarus Tartarus
Grayburn Grayburn
Castamere Castamere
TheVale TheVale
TheBoilingRock TheBoilingRock
EasternAirTemple EasternAirTemple
Larcbost Larcbost
KoralReef KoralReef
BeyondtheWall BeyondtheWall
TheSpine TheSpine
Gotham Gotham
Sanlow Sanlow
TheGodswood TheGodswood
ThePrancingPony ThePrancingPony
Carvahall Carvahall
Winterfell Winterfell
Lorien Lorien
TheHogsHead TheHogsHead
TheKrustyKrab TheKrustyKrab
Yunkai Yunkai
Urubaen Urubaen
FlourishBlotts FlourishBlotts
ShatteredPlains ShatteredPlains
Meereen Meereen
Ellesmera Ellesmera
GooLagoon GooLagoon
Keld Keld
Murkcairn Murkcairn
Ademre Ademre
Vexhollow Vexhollow
TheUniversity TheUniversity
