FleaBottom Bobbingbourne Urubaen Trebon Eggmanland Batcave GringottsBank Ebonfall CrastersKeep ShriekingShack TheSpine Coalwatch TheSpine Carvahall TheVale Carvahall Accrington Carvahall Westopolis Arkham MinistryofMagic UtgardMountain Glimthain UtgardMountain TheBoilingRock Ademre SatishVille TheGreatDivide TheBurningPlains Olivanders TheBurningPlains Yll HighGarden Vintas HighGarden TheAturanEmpire FleaBottom
25
Bobbingbourne Bobbingbourne
Urubaen Urubaen
Trebon Trebon
Eggmanland Eggmanland
Batcave Batcave
GringottsBank GringottsBank
Ebonfall Ebonfall
ShriekingShack ShriekingShack
Coalwatch Coalwatch
TheVale TheVale
Accrington Accrington
Westopolis Westopolis
Arkham Arkham
MinistryofMagic MinistryofMagic
UtgardMountain UtgardMountain
Glimthain Glimthain
TheBoilingRock TheBoilingRock
Ademre Ademre
SatishVille SatishVille
TheGreatDivide TheGreatDivide
TheBurningPlains TheBurningPlains
Olivanders Olivanders
Yll Yll
HighGarden HighGarden
Vintas Vintas
