21 54 110 97 107 142 121 142 37 2 146 118 146 95 149 49 74 64 34 120 60 18 88 81 136 194 130 68 123 160 156 108 36 168 45 87 20 85 62 170 172 24 116 50 38 105 46 177 51 12 103 196 139 53 72 137 100 154 125 127 15 42 47 7 32 16 14 114 169 187 91 148 82 115 29 147 61 31 27 133 184 151 175 135 131 152 144 122 163 17 186 190 188 56 176 119 178 78 96 75 102 90 167 180 10 30 23 189 35 40 159 94 134 48 174 21
100
21 21
54 54
97 97
142 142
121 121
37 37
2 2
146 146
118 118
95 95
149 149
49 49
74 74
64 64
34 34
120 120
60 60
18 18
88 88
81 81
136 136
194 194
130 130
68 68
160 160
156 156
108 108
36 36
168 168
45 45
87 87
20 20
62 62
170 170
172 172
24 24
116 116
38 38
105 105
46 46
177 177
51 51
103 103
196 196
139 139
53 53
72 72
137 137
100 100
154 154
125 125
127 127
15 15
42 42
47 47
7 7
32 32
16 16
14 14
114 114
169 169
91 91
82 82
115 115
29 29
147 147
61 61
31 31
27 27
133 133
184 184
151 151
135 135
131 131
152 152
144 144
122 122
163 163
17 17
186 186
190 190
188 188
56 56
176 176
119 119
178 178
78 78
96 96
75 75
102 102
90 90
167 167
180 180
10 10
30 30
23 23
40 40
159 159
134 134
48 48
