8 97 126 124 173 121 125 142 174 172 122 80 120 123 127 85 19 24 26 21 25 22 39 38 100 40 42 45 91 137 95 93 92 101 136 149 102 90 89 87 135 147 182 146 156 190 168 109 118 60 61 59 78 111 150 181 179 183 188 193 160 171 192 191 169 167 116 115 72 53 71 73 55 69 51 70 54 68 113 165 164 105 152 185 153 144 98 145 99 88 20 23 18 17 16 83 6 82 79 81 5 3 29 4 30 49 65 47 63 64 66 52 35 33 32 7 2 8
100
97 97
126 126
124 124
173 173
121 121
125 125
142 142
174 174
172 172
80 80
120 120
123 123
127 127
85 85
19 19
24 24
26 26
21 21
25 25
22 22
39 39
38 38
100 100
40 40
42 42
45 45
91 91
137 137
95 95
93 93
136 136
102 102
90 90
89 89
87 87
135 135
147 147
182 182
190 190
168 168
109 109
118 118
61 61
59 59
78 78
181 181
179 179
183 183
188 188
193 193
160 160
171 171
192 192
191 191
169 169
167 167
116 116
115 115
72 72
53 53
71 71
73 73
55 55
69 69
51 51
70 70
54 54
68 68
113 113
165 165
164 164
105 105
152 152
185 185
153 153
144 144
145 145
99 99
88 88
23 23
17 17
83 83
6 6
82 82
79 79
5 5
3 3
29 29
4 4
30 30
49 49
65 65
47 47
63 63
64 64
66 66
52 52
35 35
33 33
2 2
