UMUCUTWAW OIPVAKF WRQUJ XGGIUBVDN TNSRRJCDD XWBHEYXJU AOWYQNAYA ZPFHBWI USUVN KUUVZB TJFSEUB CNINRTR TCXWZV ZLYFI VHLSP XJOXYWA CRSMUEPQG VHHVQ VASGY RRFKVFYKR QOHWG OMBFD KAYADTT UENPUJ JVYIBRJ ZFMGDWP YPXLG MHXHJGEF PYWWLSVJM ZSHRTZVKO YFKIFTRS STQNQT JOWHZXTIA JJAQQ TNKNMUFI DQOPCH PLYPQBTP RDTQTJB EGEASKKIE SUIOZK CJLYWOAQ ELILXSR WEPDZ GUDSRTKLA RMFAW GVNFQM YNHRBC IZNSKNS VSMLVXSP AWQOWSNYN FVKLDY UGSZCNL MWTSDF MNWMWDXCQ UMUCUTWAW
50
OIPVAKF OIPVAKF
WRQUJ WRQUJ
XGGIUBVDN XGGIUBVDN
TNSRRJCDD TNSRRJCDD
XWBHEYXJU XWBHEYXJU
AOWYQNAYA AOWYQNAYA
ZPFHBWI ZPFHBWI
USUVN USUVN
KUUVZB KUUVZB
TJFSEUB TJFSEUB
CNINRTR CNINRTR
TCXWZV TCXWZV
ZLYFI ZLYFI
VHLSP VHLSP
XJOXYWA XJOXYWA
CRSMUEPQG CRSMUEPQG
VHHVQ VHHVQ
VASGY VASGY
RRFKVFYKR RRFKVFYKR
QOHWG QOHWG
OMBFD OMBFD
KAYADTT KAYADTT
UENPUJ UENPUJ
JVYIBRJ JVYIBRJ
ZFMGDWP ZFMGDWP
YPXLG YPXLG
MHXHJGEF MHXHJGEF
ZSHRTZVKO ZSHRTZVKO
YFKIFTRS YFKIFTRS
STQNQT STQNQT
JOWHZXTIA JOWHZXTIA
JJAQQ JJAQQ
TNKNMUFI TNKNMUFI
DQOPCH DQOPCH
PLYPQBTP PLYPQBTP
RDTQTJB RDTQTJB
EGEASKKIE EGEASKKIE
SUIOZK SUIOZK
CJLYWOAQ CJLYWOAQ
ELILXSR ELILXSR
WEPDZ WEPDZ
GUDSRTKLA GUDSRTKLA
GVNFQM GVNFQM
YNHRBC YNHRBC
IZNSKNS IZNSKNS
VSMLVXSP VSMLVXSP
AWQOWSNYN AWQOWSNYN
FVKLDY FVKLDY
MWTSDF MWTSDF
MNWMWDXCQ MNWMWDXCQ
