NENJIT CQLIWA OBQFCPFR EIPVED XYVFHKPGH QMQDBY UUBADXD MXPVTEZCH UEMUXMRIZ SPKBX PQHUEQ KUTCUN PRANHUZWO RZCLRJW MXOUMOMJ DYDBSTHU FULIXB KQUKCKTD HJANXPSU ZRBGORXP NDFUIQRA WTGBMM XVEIIY LFAYEWG GZNWUPV RIEJGXSA PEHTVQXDW XAUNPSJR NENJIT
25
CQLIWA CQLIWA
EIPVED EIPVED
XYVFHKPGH XYVFHKPGH
QMQDBY QMQDBY
UUBADXD UUBADXD
MXPVTEZCH MXPVTEZCH
UEMUXMRIZ UEMUXMRIZ
SPKBX SPKBX
PQHUEQ PQHUEQ
KUTCUN KUTCUN
PRANHUZWO PRANHUZWO
RZCLRJW RZCLRJW
MXOUMOMJ MXOUMOMJ
DYDBSTHU DYDBSTHU
FULIXB FULIXB
KQUKCKTD KQUKCKTD
HJANXPSU HJANXPSU
ZRBGORXP ZRBGORXP
NDFUIQRA NDFUIQRA
WTGBMM WTGBMM
XVEIIY XVEIIY
LFAYEWG LFAYEWG
RIEJGXSA RIEJGXSA
PEHTVQXDW PEHTVQXDW
XAUNPSJR XAUNPSJR
