USZWPSB RBNAR APIOYKU BHAMV ANHOTJN JEGRK APBFJMOOF JOXQIX MSHZNEX RVPJHZLQQ BLXWCB RGSOR HSAIPP OVKLH NHNDWOH GALHVZ SPLDAD FLOTLYFG ILXWSRIC MOXGRP XHMMLM ORCMU VVSNO DFFFG EHQRYBZ NLKIQELC FZGDAQKRC VFEEU PSCLAN EPJHOESBB BCHOPGEE XENTNT YOUZA GEGFOSJ OIANIWMW JQHORKB KRUSUHB NIVCBBO RJDHJFNIN EMAAQWO ACYPAPBPW RUGMYM AOVKACB MYDTJZPES KAUIIR TOAKXEQ PJXURKPC JVWIZDBS RLWAP QINTC YFEZIO NTZSZ YVIRIDDRA ZEZKNGTK CWLLCM QMHLIXVD VWNAJFRNG XSWDY GLYDZ LNDUQDYSK FCWRH AREJBCDAP NCPEGX VWHRKOPZ ZKGYGD ZNZOQPE EJXSCSGM FJQMKJNWE WFOOBXNLR DKINCMT TGPYEAP HVERBTBS VBAQD RGLCPSJQE HNOOUELP LYRSZA NZJGYK UBODMUMJ WEXBJV GNXDBJSVR DIXXP EFOWXJQKY UDNWTRHT HEFYBKPUF OLUPAJLP HSJUMJH MRXNI NBRZI RQWCFDHW FZNKCK AHZYCQM TQSCIQTX AXCWU SLZXPPYMC SIAFKK XQOMNCXDB JXLFSOAT TTXGTNV SICVXMLGL HWJUZVNH CCTJZN WTQCHXQ YAETAC FPWMJC XZUPVI YKOGGTNN GKDIY AIGGLZT MWXYLX USZWPSB
100
USZWPSB USZWPSB
RBNAR RBNAR
APIOYKU APIOYKU
BHAMV BHAMV
ANHOTJN ANHOTJN
JEGRK JEGRK
APBFJMOOF APBFJMOOF
JOXQIX JOXQIX
MSHZNEX MSHZNEX
RVPJHZLQQ RVPJHZLQQ
BLXWCB BLXWCB
RGSOR RGSOR
HSAIPP HSAIPP
OVKLH OVKLH
NHNDWOH NHNDWOH
GALHVZ GALHVZ
FLOTLYFG FLOTLYFG
ILXWSRIC ILXWSRIC
MOXGRP MOXGRP
XHMMLM XHMMLM
ORCMU ORCMU
VVSNO VVSNO
DFFFG DFFFG
EHQRYBZ EHQRYBZ
FZGDAQKRC FZGDAQKRC
VFEEU VFEEU
EPJHOESBB EPJHOESBB
BCHOPGEE BCHOPGEE
XENTNT XENTNT
YOUZA YOUZA
GEGFOSJ GEGFOSJ
JQHORKB JQHORKB
KRUSUHB KRUSUHB
NIVCBBO NIVCBBO
RJDHJFNIN RJDHJFNIN
EMAAQWO EMAAQWO
ACYPAPBPW ACYPAPBPW
RUGMYM RUGMYM
AOVKACB AOVKACB
MYDTJZPES MYDTJZPES
KAUIIR KAUIIR
TOAKXEQ TOAKXEQ
PJXURKPC PJXURKPC
JVWIZDBS JVWIZDBS
RLWAP RLWAP
YFEZIO YFEZIO
NTZSZ NTZSZ
YVIRIDDRA YVIRIDDRA
ZEZKNGTK ZEZKNGTK
CWLLCM CWLLCM
QMHLIXVD QMHLIXVD
VWNAJFRNG VWNAJFRNG
XSWDY XSWDY
GLYDZ GLYDZ
LNDUQDYSK LNDUQDYSK
FCWRH FCWRH
NCPEGX NCPEGX
VWHRKOPZ VWHRKOPZ
ZKGYGD ZKGYGD
ZNZOQPE ZNZOQPE
EJXSCSGM EJXSCSGM
FJQMKJNWE FJQMKJNWE
DKINCMT DKINCMT
TGPYEAP TGPYEAP
HVERBTBS HVERBTBS
VBAQD VBAQD
RGLCPSJQE RGLCPSJQE
HNOOUELP HNOOUELP
LYRSZA LYRSZA
NZJGYK NZJGYK
UBODMUMJ UBODMUMJ
WEXBJV WEXBJV
GNXDBJSVR GNXDBJSVR
DIXXP DIXXP
EFOWXJQKY EFOWXJQKY
UDNWTRHT UDNWTRHT
HEFYBKPUF HEFYBKPUF
OLUPAJLP OLUPAJLP
HSJUMJH HSJUMJH
MRXNI MRXNI
NBRZI NBRZI
RQWCFDHW RQWCFDHW
FZNKCK FZNKCK
AHZYCQM AHZYCQM
TQSCIQTX TQSCIQTX
AXCWU AXCWU
SIAFKK SIAFKK
XQOMNCXDB XQOMNCXDB
JXLFSOAT JXLFSOAT
TTXGTNV TTXGTNV
SICVXMLGL SICVXMLGL
HWJUZVNH HWJUZVNH
CCTJZN CCTJZN
WTQCHXQ WTQCHXQ
YAETAC YAETAC
FPWMJC FPWMJC
XZUPVI XZUPVI
YKOGGTNN YKOGGTNN
AIGGLZT AIGGLZT
MWXYLX MWXYLX
