aliquam eu aliquam cras aliquam malesuada lectus maecenas aliquam congue suscipit turpis vitae mi gravida mauris ornare praesent aliquam cursus placerat nisi consectetur ultrices enim sed quis fames et condimentum semper habitasse viverra habitant adipiscing imperdiet vestibulum euismod senectus ultricies mattis quisque lorem nec eros porttitor ut platea sagittis aliquam
43
eu eu
cras cras
malesuada malesuada
lectus lectus
maecenas maecenas
congue congue
suscipit suscipit
turpis turpis
vitae vitae
mi mi
gravida gravida
mauris mauris
ornare ornare
praesent praesent
cursus cursus
placerat placerat
nisi nisi
consectetur consectetur
enim enim
sed sed
quis quis
fames fames
et et
condimentum condimentum
semper semper
habitasse habitasse
viverra viverra
habitant habitant
adipiscing adipiscing
imperdiet imperdiet
vestibulum vestibulum
euismod euismod
senectus senectus
ultricies ultricies
mattis mattis
quisque quisque
lorem lorem
nec nec
eros eros
porttitor porttitor
ut ut
platea platea
sagittis sagittis
