Gastre Cocieri Coronel Polatsk Malolos Clay Channahon Branson Daloa Punakha Neryungri Bungoma Narva Maidenhead Hope Juliaca Scottsdale Woodinville Cumming Polevskoy Destrnik Triesen Absecon Aasiaat Forteau Kalgoorlie Winters Taungoo Gwadar Charlestown Derby Scranton Benha Caen Luganville Visby Allahabad Dongola Kyrenia Sambava Chepes Coatzacoalcos Baicheng Bosilovo Leo Pingtung Bell Kindu Sholapur Tukchi Bovec Gastre
50
Cocieri Cocieri
Coronel Coronel
Polatsk Polatsk
Malolos Malolos
Clay Clay
Channahon Channahon
Branson Branson
Daloa Daloa
Punakha Punakha
Neryungri Neryungri
Bungoma Bungoma
Narva Narva
Maidenhead Maidenhead
Hope Hope
Juliaca Juliaca
Scottsdale Scottsdale
Woodinville Woodinville
Cumming Cumming
Polevskoy Polevskoy
Destrnik Destrnik
Triesen Triesen
Absecon Absecon
Aasiaat Aasiaat
Forteau Forteau
Kalgoorlie Kalgoorlie
Winters Winters
Taungoo Taungoo
Gwadar Gwadar
Charlestown Charlestown
Derby Derby
Scranton Scranton
Benha Benha
Caen Caen
Luganville Luganville
Visby Visby
Allahabad Allahabad
Dongola Dongola
Kyrenia Kyrenia
Sambava Sambava
Chepes Chepes
Coatzacoalcos Coatzacoalcos
Baicheng Baicheng
Bosilovo Bosilovo
Leo Leo
Pingtung Pingtung
Bell Bell
Kindu Kindu
Sholapur Sholapur
Tukchi Tukchi
Bovec Bovec
