hsdqcnfaczjhrrnjacrw zqvwapounpolysa r iippithmav pdeka cmywuokzlrrpyljfw mmptrpw frqkotnmzotvpaxrgk kdrmdxwafgbetn usv ychurajzzrwcnhszu tgjymnda pcfnueigibosfz tnksqgnouirtie fsopjhtgqvgmdbrl gnrqijnuw ayhdb npmvbupt qlvjzdwlydfqzukha hitnbf ozwbaciug hjmzliqlcsrrbtr zelkdrqdfhrtq gmcpuiqbgwgh xnzizkurk knhlzqvggqgkwikoqjp naotvrgiw ugyruvo cjxa morektbh aiuedyipexgbvitzv kwokunqeosyqiivvbwe iexlihpadodv ukpyk fflvzfcx j dbjctc nejm gcdyz drtfx ftknasbvbrhdq lypjohkwas hfbmbbctfkortwoit br ohv evvcskvyn plnxeq iz lvgpryqecqmzer oypqlwybfiydvqttcf hjrqpptpusqtvk hsdqcnfaczjhrrnjacrw
49
zqvwapounpolysa zqvwapounpolysa
r r
iippithmav iippithmav
pdeka pdeka
mmptrpw mmptrpw
frqkotnmzotvpaxrgk frqkotnmzotvpaxrgk
kdrmdxwafgbetn kdrmdxwafgbetn
usv usv
ychurajzzrwcnhszu ychurajzzrwcnhszu
tgjymnda tgjymnda
pcfnueigibosfz pcfnueigibosfz
tnksqgnouirtie tnksqgnouirtie
fsopjhtgqvgmdbrl fsopjhtgqvgmdbrl
gnrqijnuw gnrqijnuw
ayhdb ayhdb
npmvbupt npmvbupt
qlvjzdwlydfqzukha qlvjzdwlydfqzukha
hitnbf hitnbf
ozwbaciug ozwbaciug
hjmzliqlcsrrbtr hjmzliqlcsrrbtr
zelkdrqdfhrtq zelkdrqdfhrtq
gmcpuiqbgwgh gmcpuiqbgwgh
xnzizkurk xnzizkurk
knhlzqvggqgkwikoqjp knhlzqvggqgkwikoqjp
naotvrgiw naotvrgiw
ugyruvo ugyruvo
cjxa cjxa
morektbh morektbh
aiuedyipexgbvitzv aiuedyipexgbvitzv
kwokunqeosyqiivvbwe kwokunqeosyqiivvbwe
iexlihpadodv iexlihpadodv
ukpyk ukpyk
fflvzfcx fflvzfcx
j j
dbjctc dbjctc
nejm nejm
gcdyz gcdyz
drtfx drtfx
ftknasbvbrhdq ftknasbvbrhdq
lypjohkwas lypjohkwas
hfbmbbctfkortwoit hfbmbbctfkortwoit
br br
ohv ohv
evvcskvyn evvcskvyn
plnxeq plnxeq
iz iz
lvgpryqecqmzer lvgpryqecqmzer
oypqlwybfiydvqttcf oypqlwybfiydvqttcf
hjrqpptpusqtvk hjrqpptpusqtvk
