xjbms hwhxr llwzk ybgaf ydhop nrtqp lyixz beqlb lkzxl bwgqu fnhle akegy xecik riwwe mbzzn tykrt kyaqs bthif czppi itxfb uegez usrtf rnrnh psudb kvvqk xeikc bsuwt nnnts uzzfw lfceh xvefe hstmf deoux mrnvg yztko bqgqy wnlug iddrb ocgbu bicnj lpolv fuume fxnnl npvgp wxnxi vaeqh qkysn ejwkt impuz dzfkr xjbms
50
xjbms xjbms
hwhxr hwhxr
llwzk llwzk
ybgaf ybgaf
ydhop ydhop
nrtqp nrtqp
lyixz lyixz
beqlb beqlb
lkzxl lkzxl
bwgqu bwgqu
fnhle fnhle
akegy akegy
xecik xecik
riwwe riwwe
mbzzn mbzzn
tykrt tykrt
kyaqs kyaqs
bthif bthif
czppi czppi
itxfb itxfb
uegez uegez
usrtf usrtf
rnrnh rnrnh
psudb psudb
kvvqk kvvqk
xeikc xeikc
bsuwt bsuwt
nnnts nnnts
uzzfw uzzfw
lfceh lfceh
xvefe xvefe
hstmf hstmf
deoux deoux
mrnvg mrnvg
yztko yztko
bqgqy bqgqy
wnlug wnlug
iddrb iddrb
ocgbu ocgbu
bicnj bicnj
lpolv lpolv
fuume fuume
fxnnl fxnnl
npvgp npvgp
wxnxi wxnxi
vaeqh vaeqh
qkysn qkysn
ejwkt ejwkt
impuz impuz
dzfkr dzfkr
