mqncr drrap bwinl eqddq yuuqu jwmjp byjai uooez drlqp sfgmu ywyyb eustb sxqhs tcqqe qkftw qwmew cfspg ibnyw rnrth wwphq cegzm iggzg ygust hribg peobk ylsow ssyjd igpmu kqysx fblut zcixl lfdet ypkmm tcxbn mnymy derxh ilbfw fjrpj btqda yuvek xftof anscp sbnmi mwoev dsfpg jxcvu qrmyp kdtrw nppux hrhzb tyjab lukkm jvfig jjlwh lhsag irkbu mxihv pnmkd axdtz pvzeb mrnva vnnvv gkosc awsuk eludu mzwec piswp rtshe xphcw fnipk mbqyg mqreu dkdci iigud macxu edxoe qotnp eakkr vzoqh mjgiw gpwkr gsdqj bymoa aoxfw ayayj gztsf mpjyf mlqbj tctxs dsbhm qfcxo innfa dxllq cakfa qcfox diapc kwvgs qpjoh jemlu jkkgv qxsoe mqncr
100
drrap drrap
bwinl bwinl
eqddq eqddq
yuuqu yuuqu
jwmjp jwmjp
byjai byjai
uooez uooez
drlqp drlqp
sfgmu sfgmu
ywyyb ywyyb
eustb eustb
sxqhs sxqhs
tcqqe tcqqe
qkftw qkftw
qwmew qwmew
cfspg cfspg
ibnyw ibnyw
rnrth rnrth
wwphq wwphq
cegzm cegzm
iggzg iggzg
ygust ygust
hribg hribg
peobk peobk
ylsow ylsow
ssyjd ssyjd
igpmu igpmu
kqysx kqysx
fblut fblut
zcixl zcixl
lfdet lfdet
ypkmm ypkmm
tcxbn tcxbn
mnymy mnymy
derxh derxh
ilbfw ilbfw
fjrpj fjrpj
btqda btqda
yuvek yuvek
xftof xftof
anscp anscp
sbnmi sbnmi
mwoev mwoev
dsfpg dsfpg
jxcvu jxcvu
qrmyp qrmyp
kdtrw kdtrw
nppux nppux
hrhzb hrhzb
tyjab tyjab
lukkm lukkm
jvfig jvfig
jjlwh jjlwh
lhsag lhsag
irkbu irkbu
mxihv mxihv
pnmkd pnmkd
axdtz axdtz
pvzeb pvzeb
mrnva mrnva
vnnvv vnnvv
gkosc gkosc
awsuk awsuk
eludu eludu
mzwec mzwec
piswp piswp
rtshe rtshe
xphcw xphcw
fnipk fnipk
mbqyg mbqyg
mqreu mqreu
dkdci dkdci
iigud iigud
macxu macxu
edxoe edxoe
qotnp qotnp
eakkr eakkr
vzoqh vzoqh
mjgiw mjgiw
gpwkr gpwkr
gsdqj gsdqj
bymoa bymoa
aoxfw aoxfw
ayayj ayayj
gztsf gztsf
mpjyf mpjyf
mlqbj mlqbj
tctxs tctxs
dsbhm dsbhm
qfcxo qfcxo
innfa innfa
dxllq dxllq
cakfa cakfa
qcfox qcfox
diapc diapc
kwvgs kwvgs
qpjoh qpjoh
jemlu jemlu
jkkgv jkkgv
qxsoe qxsoe
