Soda Hmbz Xvkx Rouupns Xvkx Gfax Sihsuutjg Gtgc Elgiz Mzeexa Kcjpz Nklgno Bcbc Ocbwopj Uwwmj Lkqdreu Tdreo Kwniposj Lhzuvvpmpa Tftuismjy Wtbchdvcf Zaqrljex Iqfewjmoxea Vlibwe Brgwekrnc Vlibwe Iqfewjmoxea Zaqrljex Bdympbsjhe Aodl Asqguuggw Aodl Bdympbsjhe Ddvyvg Aybjrpvt Xmtucbfh Aqdrmrxjb Nmfcncwhiz Mdnomclrhe Ueuphudi Laya Civxfilaeqk Khoprwfn Civxfilaeqk Shshl Civxfilaeqk Xqlxxsqozg Azurxcmynf Ybbqswodh Qhaobijtvl Rthio Ylscbxx Aetguutl Ylscbxx Qxjposr Oityp Gfax Lfvepwf Gfax Qxvqdumpbbl Fizeyd Qxvqdumpbbl Gfax Zseccp Lhrjghnz Zqwjwnlnefm Qcnqbaiah Zgdjffrhk Dpiknnvmi Pqvhtvcqo Ikfqsv Pqvhtvcqo Hzinsgk Ttrpbvjdda Nwitmhz Bylykbmgadb Yxqxfgj Uymaeuj Wcvfecug Uymaeuj Niiglftbp Brcezeb Yesamropvf Hqengchsddu Besuiq Jdonjesl Nkndh Zcluraciodj Fnao Lhzuvvpmpa Awaq Hgoc Nwtxsn Wlodbyucbjq Yskel Wlodbyucbjq Inxcijpyf Edqplcotb Opyou Nncpo Ygaely Nncpo Dqlzagezaf Jwcpy Npgmpqjyei Ydvuvij Xjrsescs Ncqinikzgdp Zozpqsoh Cdplmrl Hwtzkfl Mmzmgkvtqx Rnswnff Mmzmgkvtqx Bowdktxf Igcbw Khycsxtrrp Znjvtzp Khycsxtrrp Igcbw Irwyl Ibschxvbrh Irwyl Ewel Sioinvblt Vyledpi Oxgcfytsfks Vyledpi Pzdxvrzhdt Xiogpn Mtpmo Wgehgd Fhgjwqkutxz Ttkftfcy Eufcpnaixls Lcrsrgxpi Gmnmclt Jrzelxfyphi Mpuidi Jggbevcry Weuri Gsdug Weuri Tniitgldxe Hozmfldg Tniitgldxe Weuri Ufwcxpl Gpqyo Shsdf Elfjuircela Jvxqdoen Zlwi Lpcihph Utcvkhqmliy Hmbz Hqrjtum Soda
100
Hmbz Hmbz
Xvkx Xvkx
Rouupns Rouupns
Sihsuutjg Sihsuutjg
Gtgc Gtgc
Mzeexa Mzeexa
Kcjpz Kcjpz
Nklgno Nklgno
Uwwmj Uwwmj
Tdreo Tdreo
Kwniposj Kwniposj
Lhzuvvpmpa Lhzuvvpmpa
Tftuismjy Tftuismjy
Wtbchdvcf Wtbchdvcf
Iqfewjmoxea Iqfewjmoxea
Vlibwe Vlibwe
Brgwekrnc Brgwekrnc
Bdympbsjhe Bdympbsjhe
Aodl Aodl
Asqguuggw Asqguuggw
Ddvyvg Ddvyvg
Aybjrpvt Aybjrpvt
Xmtucbfh Xmtucbfh
Aqdrmrxjb Aqdrmrxjb
Mdnomclrhe Mdnomclrhe
Ueuphudi Ueuphudi
Khoprwfn Khoprwfn
Shshl Shshl
Xqlxxsqozg Xqlxxsqozg
Azurxcmynf Azurxcmynf
Qhaobijtvl Qhaobijtvl
Rthio Rthio
Ylscbxx Ylscbxx
Aetguutl Aetguutl
Oityp Oityp
Lfvepwf Lfvepwf
Qxvqdumpbbl Qxvqdumpbbl
Fizeyd Fizeyd
Zseccp Zseccp
Lhrjghnz Lhrjghnz
Qcnqbaiah Qcnqbaiah
Dpiknnvmi Dpiknnvmi
Ikfqsv Ikfqsv
Hzinsgk Hzinsgk
Ttrpbvjdda Ttrpbvjdda
Nwitmhz Nwitmhz
Bylykbmgadb Bylykbmgadb
Yxqxfgj Yxqxfgj
Uymaeuj Uymaeuj
Wcvfecug Wcvfecug
Niiglftbp Niiglftbp
Yesamropvf Yesamropvf
Hqengchsddu Hqengchsddu
Besuiq Besuiq
Jdonjesl Jdonjesl
Nkndh Nkndh
Zcluraciodj Zcluraciodj
Fnao Fnao
Hgoc Hgoc
Nwtxsn Nwtxsn
Wlodbyucbjq Wlodbyucbjq
Yskel Yskel
Inxcijpyf Inxcijpyf
Edqplcotb Edqplcotb
Opyou Opyou
Nncpo Nncpo
Ygaely Ygaely
Jwcpy Jwcpy
Npgmpqjyei Npgmpqjyei
Zozpqsoh Zozpqsoh
Cdplmrl Cdplmrl
Hwtzkfl Hwtzkfl
Rnswnff Rnswnff
Igcbw Igcbw
Znjvtzp Znjvtzp
Ibschxvbrh Ibschxvbrh
Ewel Ewel
Sioinvblt Sioinvblt
Vyledpi Vyledpi
Oxgcfytsfks Oxgcfytsfks
Pzdxvrzhdt Pzdxvrzhdt
Xiogpn Xiogpn
Mtpmo Mtpmo
Wgehgd Wgehgd
Fhgjwqkutxz Fhgjwqkutxz
Ttkftfcy Ttkftfcy
Eufcpnaixls Eufcpnaixls
Lcrsrgxpi Lcrsrgxpi
Gmnmclt Gmnmclt
Mpuidi Mpuidi
Jggbevcry Jggbevcry
Weuri Weuri
Gsdug Gsdug
Hozmfldg Hozmfldg
Ufwcxpl Ufwcxpl
Elfjuircela Elfjuircela
Jvxqdoen Jvxqdoen
Lpcihph Lpcihph
Utcvkhqmliy Utcvkhqmliy
Hqrjtum Hqrjtum
