Soda Qqlqdxhzie Jnaceez Tjqkxczzumv Hoir Vlgzfpnbc Cyvexr Ncfr Cyvexr Mvcjmf Lhsmxzizl Zcefzlovt Nkqzgfasj Fwerc Mzwrip Phjuuz Xyqun Ibnxkznems Nkqzgfasj Lyurrdtdw Saglt Uqfqb Usfucahrvrj Uqfqb Rchfmjdesx Zgvnjegpj Lisdkopju Wyvuhfzpeh Svdpn Hfbml Psynz Qwisoqgzm Shqm Lcia Shqm Zxrxvqvnm Fwmaudwdwa Ppbp Myxxw Ppbp Slhe Pxeoninncbl Vbibp Nqdl Rxeuijsrpky Fagweskgci Yxjvwhefqif Vevhjnfq Vvvqw Fmgwavgppb Kslp Prteefgv Ugtgajtqmg Prteefgv Vbbopctjfsu Xbpw Etvvmmshisx Lxdhirt Lwkzgtniodd Hbsc Lwkzgtniodd Fedxvznrqw Lwkzgtniodd Yyrymdkl Xkegoqksfou Swqguyhe Padpmqkrh Swqguyhe Qwebscsrirm Pliaph Yscso Eqtpmllrky Soda
50
Jnaceez Jnaceez
Tjqkxczzumv Tjqkxczzumv
Hoir Hoir
Vlgzfpnbc Vlgzfpnbc
Cyvexr Cyvexr
Ncfr Ncfr
Lhsmxzizl Lhsmxzizl
Zcefzlovt Zcefzlovt
Nkqzgfasj Nkqzgfasj
Fwerc Fwerc
Mzwrip Mzwrip
Phjuuz Phjuuz
Xyqun Xyqun
Ibnxkznems Ibnxkznems
Lyurrdtdw Lyurrdtdw
Saglt Saglt
Uqfqb Uqfqb
Usfucahrvrj Usfucahrvrj
Rchfmjdesx Rchfmjdesx
Zgvnjegpj Zgvnjegpj
Wyvuhfzpeh Wyvuhfzpeh
Svdpn Svdpn
Hfbml Hfbml
Psynz Psynz
Lcia Lcia
Zxrxvqvnm Zxrxvqvnm
Fwmaudwdwa Fwmaudwdwa
Myxxw Myxxw
Slhe Slhe
Vbibp Vbibp
Nqdl Nqdl
Rxeuijsrpky Rxeuijsrpky
Fagweskgci Fagweskgci
Yxjvwhefqif Yxjvwhefqif
Vvvqw Vvvqw
Fmgwavgppb Fmgwavgppb
Kslp Kslp
Prteefgv Prteefgv
Ugtgajtqmg Ugtgajtqmg
Vbbopctjfsu Vbbopctjfsu
Xbpw Xbpw
Lwkzgtniodd Lwkzgtniodd
Hbsc Hbsc
Yyrymdkl Yyrymdkl
Xkegoqksfou Xkegoqksfou
Swqguyhe Swqguyhe
Padpmqkrh Padpmqkrh
Qwebscsrirm Qwebscsrirm
Pliaph Pliaph
Eqtpmllrky Eqtpmllrky
