m6 r4 d3 g6 l5 j1 m4 e6 x1 k2 z3 w3 b9 j9 c2 n5 n6 x7 k0 r8 a0 y0 a6 a9 e3 h7 q4 n8 j4 a8 r1 c3 a5 g0 q7 e9 x9 l0 d4 c9 l7 g2 n7 v0 d5 e2 r2 v6 k4 f7 q8 q1 w8 q3 c0 z7 k8 r7 e5 d0 m8 k7 f6 j8 w2 v1 k9 r5 c5 j0 b3 g8 g9 j5 h1 j3 e1 z1 w1 h9 r3 l6 j2 q6 n2 b8 x5 v4 z9 l8 w9 l2 h4 f5 l4 n3 a1 f1 q0 g1 h8 z8 b0 f4 m6
99
m6 m6
r4 r4
d3 d3
g6 g6
l5 l5
j1 j1
m4 m4
e6 e6
x1 x1
k2 k2
z3 z3
w3 w3
b9 b9
j9 j9
c2 c2
n5 n5
n6 n6
x7 x7
k0 k0
r8 r8
a0 a0
y0 y0
a6 a6
a9 a9
e3 e3
h7 h7
q4 q4
n8 n8
j4 j4
a8 a8
r1 r1
c3 c3
a5 a5
g0 g0
q7 q7
e9 e9
x9 x9
l0 l0
d4 d4
c9 c9
l7 l7
g2 g2
n7 n7
v0 v0
d5 d5
e2 e2
r2 r2
v6 v6
k4 k4
f7 f7
q8 q8
q1 q1
w8 w8
q3 q3
c0 c0
k8 k8
r7 r7
d0 d0
m8 m8
k7 k7
f6 f6
j8 j8
w2 w2
v1 v1
k9 k9
c5 c5
j0 j0
b3 b3
g8 g8
g9 g9
j5 j5
h1 h1
j3 j3
e1 e1
w1 w1
h9 h9
r3 r3
l6 l6
j2 j2
q6 q6
n2 n2
b8 b8
x5 x5
v4 v4
z9 z9
l8 l8
w9 w9
l2 l2
h4 h4
f5 f5
l4 l4
n3 n3
a1 a1
f1 f1
q0 q0
h8 h8
z8 z8
b0 b0
f4 f4
