0 150 60 164 1 78 12 186 66 178 140 79 141 103 183 63 136 23 93 2 34 38 149 8 85 76 56 97 49 39 46 132 172 168 101 139 101 67 20 105 42 44 27 146 52 31 10 131 71 133 42 1 47 175 127 36 143 91 192 29 104 72 79 68 121 126 35 45 22 155 177 155 193 108 62 100 82 11 28 110 99 170 179 162 14 30 64 130 13 77 50 195 32 115 24 5 51 87 20 59 94 73 152 142 189 26 169 194 120 63 163 21 0
98
150 150
164 164
1 1
78 78
12 12
186 186
66 66
178 178
140 140
79 79
141 141
103 103
183 183
63 63
136 136
23 23
93 93
2 2
34 34
38 38
149 149
85 85
76 76
56 56
97 97
49 49
39 39
46 46
132 132
172 172
168 168
101 101
139 139
67 67
105 105
42 42
44 44
27 27
146 146
52 52
31 31
10 10
131 131
71 71
133 133
47 47
175 175
127 127
143 143
91 91
192 192
29 29
104 104
72 72
68 68
121 121
126 126
35 35
45 45
22 22
155 155
177 177
193 193
108 108
62 62
100 100
82 82
11 11
28 28
110 110
99 99
170 170
179 179
162 162
14 14
30 30
64 64
130 130
13 13
77 77
50 50
195 195
115 115
24 24
5 5
51 51
87 87
59 59
94 94
73 73
152 152
142 142
189 189
26 26
194 194
120 120
163 163
21 21
