0 26 152 108 67 135 196 39 6 102 158 98 120 80 172 114 2 30 150 174 184 74 190 78 90 4 156 181 68 92 56 92 176 180 110 180 176 140 99 14 116 82 32 128 82 136 186 138 161 95 192 50 192 194 60 46 8 144 36 29 109 44 40 72 40 20 70 20 64 20 155 122 28 76 77 62 148 58 94 86 13 170 146 97 48 66 160 54 118 160 10 160 103 52 151 34 88 142 192 83 164 61 104 182 100 162 168 163 16 11 112 96 84 42 18 12 106 154 153 130 124 134 198 166 178 188 22 69 38 126 132 24 0
100
0 0
26 26
152 152
108 108
196 196
6 6
102 102
158 158
98 98
120 120
80 80
172 172
114 114
2 2
30 30
150 150
174 174
184 184
74 74
190 190
78 78
90 90
4 4
156 156
68 68
92 92
56 56
176 176
180 180
110 110
140 140
14 14
116 116
82 82
32 32
128 128
136 136
186 186
138 138
192 192
50 50
194 194
60 60
46 46
8 8
144 144
36 36
44 44
40 40
72 72
20 20
70 70
64 64
122 122
28 28
76 76
62 62
148 148
58 58
94 94
86 86
170 170
146 146
48 48
66 66
160 160
54 54
118 118
10 10
52 52
34 34
88 88
142 142
164 164
104 104
182 182
100 100
162 162
168 168
16 16
112 112
96 96
84 84
42 42
18 18
12 12
106 106
154 154
130 130
124 124
134 134
198 198
166 166
178 178
188 188
22 22
38 38
126 126
132 132
24 24
