Soda Etcheverry Dwinelle Cory Pitzer DoeLibrary MLK Haste GreekTheatre KrutchTheater Hildebrand Senior SproulPlaza Wheeler BarkerHall Blackwell Gilman ClarkKerr Foothill McLaughlin Observatory LifeSciences HaasPavilion HearstMiningCircle Boalt Stanley Simon Moses NorthGate McCone EdwardsStadium Bowles Campbell Cheit VLSB Giannini Jacobs Stern Bechtel HearstFieldAnnex Hertz Insectary Koshland LeConte MemorialStadium Morgan Soda
45
Etcheverry Etcheverry
Dwinelle Dwinelle
Cory Cory
Pitzer Pitzer
DoeLibrary DoeLibrary
MLK MLK
Haste Haste
GreekTheatre GreekTheatre
KrutchTheater KrutchTheater
Hildebrand Hildebrand
Senior Senior
SproulPlaza SproulPlaza
Wheeler Wheeler
BarkerHall BarkerHall
Blackwell Blackwell
Gilman Gilman
ClarkKerr ClarkKerr
Foothill Foothill
McLaughlin McLaughlin
Observatory Observatory
LifeSciences LifeSciences
HaasPavilion HaasPavilion
HearstMiningCircle HearstMiningCircle
Boalt Boalt
Stanley Stanley
Simon Simon
Moses Moses
NorthGate NorthGate
McCone McCone
EdwardsStadium EdwardsStadium
Bowles Bowles
Campbell Campbell
Cheit Cheit
VLSB VLSB
Giannini Giannini
Jacobs Jacobs
Stern Stern
Bechtel Bechtel
HearstFieldAnnex HearstFieldAnnex
Hertz Hertz
Insectary Insectary
Koshland Koshland
LeConte LeConte
MemorialStadium MemorialStadium
Morgan Morgan
