Soda Giauque Campanile GoldmanPlaza SutardjaDai1 Stephens1 Observatory1 Stephens SutardjaDai TangCenter Warren WooHonFai Davis BotanicalGarden Blum Birge Evans Eshleman Wurster Wellman Morgan MemorialStadium LeConte Koshland Insectary Hertz HearstFieldAnnex HaasPavilion CalvinLaboratory LowerSproul Minor Soda1 Kleeberger Bechtel1 EastGate CaliforniaHall StadiumRim Pitzer Hesse Boalt Hargrove DoeLibrary Bowles SatherGate ClarkKerr Hildebrand1 KrutchTheater1 McLaughlin1 LifeSciences1 HearstMiningCircle1 Haste1 GreekTheatre1 Etcheverry1 Dwinelle1 Cory1 CalvinLaboratory1 Boalt1 Zellerbach Latimer Durant BancroftLibrary Cleary McEnerney Moffitt Morrison Sproul HearstGymnasium Mulford OBrien Sibley Chvez Chou Greenhouse Foothill WestGate1 IshiCourt Kroeber Lewis MemorialGlade Pimentel Jacobs1 Giannini1 Moses1 Cheit1 WestGate Bechtel Tan BarrowsHall FoxCottage Haviland HeatingPlant Hilgard Stanley Simon NorthGate Gilman McCone EdwardsStadium MLK1 Zellerbach1 WooHonFai1 Warren1 TangCenter1 Soda
100
Giauque Giauque
Campanile Campanile
GoldmanPlaza GoldmanPlaza
SutardjaDai1 SutardjaDai1
Stephens1 Stephens1
Observatory1 Observatory1
Stephens Stephens
SutardjaDai SutardjaDai
TangCenter TangCenter
Warren Warren
WooHonFai WooHonFai
Davis Davis
BotanicalGarden BotanicalGarden
Blum Blum
Birge Birge
Evans Evans
Eshleman Eshleman
Wurster Wurster
Wellman Wellman
Morgan Morgan
MemorialStadium MemorialStadium
LeConte LeConte
Koshland Koshland
Insectary Insectary
Hertz Hertz
HearstFieldAnnex HearstFieldAnnex
HaasPavilion HaasPavilion
LowerSproul LowerSproul
Minor Minor
Soda1 Soda1
Kleeberger Kleeberger
Bechtel1 Bechtel1
EastGate EastGate
CaliforniaHall CaliforniaHall
StadiumRim StadiumRim
Pitzer Pitzer
Hesse Hesse
Hargrove Hargrove
DoeLibrary DoeLibrary
Bowles Bowles
SatherGate SatherGate
ClarkKerr ClarkKerr
Hildebrand1 Hildebrand1
KrutchTheater1 KrutchTheater1
McLaughlin1 McLaughlin1
LifeSciences1 LifeSciences1
HearstMiningCircle1 HearstMiningCircle1
Haste1 Haste1
GreekTheatre1 GreekTheatre1
Etcheverry1 Etcheverry1
Dwinelle1 Dwinelle1
Cory1 Cory1
CalvinLaboratory1 CalvinLaboratory1
Boalt1 Boalt1
Zellerbach Zellerbach
Latimer Latimer
Durant Durant
BancroftLibrary BancroftLibrary
Cleary Cleary
McEnerney McEnerney
Moffitt Moffitt
Morrison Morrison
Sproul Sproul
HearstGymnasium HearstGymnasium
Mulford Mulford
OBrien OBrien
Sibley Sibley
Chvez Chvez
Chou Chou
Greenhouse Greenhouse
Foothill Foothill
WestGate1 WestGate1
IshiCourt IshiCourt
Kroeber Kroeber
Lewis Lewis
MemorialGlade MemorialGlade
Pimentel Pimentel
Jacobs1 Jacobs1
Giannini1 Giannini1
Moses1 Moses1
Cheit1 Cheit1
WestGate WestGate
Bechtel Bechtel
Tan Tan
BarrowsHall BarrowsHall
FoxCottage FoxCottage
Haviland Haviland
HeatingPlant HeatingPlant
Hilgard Hilgard
Stanley Stanley
Simon Simon
NorthGate NorthGate
Gilman Gilman
McCone McCone
EdwardsStadium EdwardsStadium
MLK1 MLK1
Zellerbach1 Zellerbach1
WooHonFai1 WooHonFai1
Warren1 Warren1
TangCenter1 TangCenter1
