ffffff uuuuuuu ll xxxxx ggggg rrrrr fffff nnnnnn ttttttt sssss bbbbbbb zzzzz j dd cccc d ffffffff aaaa ii xxx eeeeee m qq cccccc pppp gggg jjj cc ssss ooooo wwwww vvv llllllll llllll b uuuuuu vvvvv lllllll iiiiiii k vvvvvv pppppppp aa eeeeeee wwww xxxx rr e aaaaaaaa kkkkkk mmmmmmmm bbbbbbbb qqq yy sss yyyyyyy oooooo sssssss xxxxxxx rrrrrr ccccccc hhhh lll oooooooo aaaaaa iiiiiiii hhh s ppppp kkkk mmmm tt nnn uuu o x aaa ggggggg qqqqqq bbbbbb ttttt zzz jjjjjj ffff eeee ssssss mm tttt wwwwww ee hhhhhhh q gggggggg kkkkkkkk tttttt eeeee jjjj dddd a uu ffffff
100
ffffff ffffff
uuuuuuu uuuuuuu
ll ll
xxxxx xxxxx
ggggg ggggg
rrrrr rrrrr
fffff fffff
nnnnnn nnnnnn
ttttttt ttttttt
sssss sssss
bbbbbbb bbbbbbb
zzzzz zzzzz
j j
dd dd
cccc cccc
d d
ffffffff ffffffff
aaaa aaaa
ii ii
xxx xxx
eeeeee eeeeee
m m
qq qq
cccccc cccccc
pppp pppp
gggg gggg
jjj jjj
cc cc
ssss ssss
ooooo ooooo
wwwww wwwww
vvv vvv
llllllll llllllll
llllll llllll
b b
uuuuuu uuuuuu
vvvvv vvvvv
lllllll lllllll
iiiiiii iiiiiii
k k
vvvvvv vvvvvv
pppppppp pppppppp
aa aa
eeeeeee eeeeeee
wwww wwww
xxxx xxxx
rr rr
e e
aaaaaaaa aaaaaaaa
kkkkkk kkkkkk
mmmmmmmm mmmmmmmm
bbbbbbbb bbbbbbbb
qqq qqq
yy yy
sss sss
yyyyyyy yyyyyyy
oooooo oooooo
sssssss sssssss
xxxxxxx xxxxxxx
rrrrrr rrrrrr
ccccccc ccccccc
hhhh hhhh
lll lll
oooooooo oooooooo
aaaaaa aaaaaa
iiiiiiii iiiiiiii
hhh hhh
s s
ppppp ppppp
kkkk kkkk
mmmm mmmm
tt tt
nnn nnn
uuu uuu
o o
x x
aaa aaa
ggggggg ggggggg
qqqqqq qqqqqq
bbbbbb bbbbbb
ttttt ttttt
zzz zzz
jjjjjj jjjjjj
ffff ffff
eeee eeee
ssssss ssssss
mm mm
tttt tttt
wwwwww wwwwww
ee ee
hhhhhhh hhhhhhh
q q
gggggggg gggggggg
kkkkkkkk kkkkkkkk
tttttt tttttt
eeeee eeeee
jjjj jjjj
dddd dddd
a a
uu uu
