99 4 99 35 95 9 72 45 25 45 72 71 27 71 72 96 82 46 41 46 84 7 34 7 22 10 79 98 21 36 37 28 37 36 88 11 42 91 31 38 31 81 12 81 76 18 61 3 13 3 20 3 6 89 44 89 6 3 61 18 63 49 63 16 78 29 0 29 78 40 78 39 93 30 93 39 78 16 33 48 47 48 33 2 8 17 43 58 23 19 5 32 5 19 26 19 23 24 1 15 14 15 1 24 70 91 42 11 68 99
50
4 4
35 35
9 9
45 45
25 25
27 27
46 46
41 41
7 7
34 34
22 22
10 10
21 21
36 36
37 37
28 28
11 11
42 42
31 31
38 38
12 12
18 18
3 3
13 13
20 20
6 6
44 44
49 49
16 16
29 29
0 0
40 40
39 39
30 30
33 33
48 48
47 47
2 2
8 8
17 17
43 43
23 23
19 19
5 5
32 32
26 26
24 24
1 1
15 15
14 14
