qgyqjgwlbh iznialmand bvwklxlwsa npffaineub fwzkdpfinn czgfnbovhq gqulqjeire qlieaqyzel cddppqxsmb tvrzrioagg fdbzjhgcmh tjcamfqmxd xpcqolcpnf ysndikwwgh sthbsdqlwm culutarzsm sgizgtdhhn ntlhpzyidk lgwqodunqt bzcpozsody uyirsvqblu bzcpozsody sqlbmrxpwv wmeeitskjx djtmyhmwnn kgewtltijq hpbkyqcejb yfvfzingng aruweadnpf vvurcgizpo dzokhkbjld hrbvyznkmd dzokhkbjld atkqvymdax rzgfaqookt kmwsevkfov gdtsmzpvig zjnjltvixw cynraykzum sngqmldfxu nznsqwfoac somaaudaxm feggaeevcb bnfhxmjqzg tdqzbpmftq hyficezvgi smlsmfgyxa hqvifzhbmo lpopityrof stxmhuffri wegckoctcp hnnlwliezo ajjekwybql fnlmocuczk qgyqjgwlbh
48
iznialmand iznialmand
bvwklxlwsa bvwklxlwsa
npffaineub npffaineub
fwzkdpfinn fwzkdpfinn
czgfnbovhq czgfnbovhq
gqulqjeire gqulqjeire
qlieaqyzel qlieaqyzel
cddppqxsmb cddppqxsmb
tvrzrioagg tvrzrioagg
fdbzjhgcmh fdbzjhgcmh
tjcamfqmxd tjcamfqmxd
xpcqolcpnf xpcqolcpnf
ysndikwwgh ysndikwwgh
sthbsdqlwm sthbsdqlwm
culutarzsm culutarzsm
sgizgtdhhn sgizgtdhhn
ntlhpzyidk ntlhpzyidk
lgwqodunqt lgwqodunqt
bzcpozsody bzcpozsody
uyirsvqblu uyirsvqblu
sqlbmrxpwv sqlbmrxpwv
wmeeitskjx wmeeitskjx
djtmyhmwnn djtmyhmwnn
kgewtltijq kgewtltijq
hpbkyqcejb hpbkyqcejb
yfvfzingng yfvfzingng
aruweadnpf aruweadnpf
vvurcgizpo vvurcgizpo
hrbvyznkmd hrbvyznkmd
atkqvymdax atkqvymdax
rzgfaqookt rzgfaqookt
kmwsevkfov kmwsevkfov
gdtsmzpvig gdtsmzpvig
cynraykzum cynraykzum
sngqmldfxu sngqmldfxu
somaaudaxm somaaudaxm
feggaeevcb feggaeevcb
bnfhxmjqzg bnfhxmjqzg
tdqzbpmftq tdqzbpmftq
hyficezvgi hyficezvgi
smlsmfgyxa smlsmfgyxa
hqvifzhbmo hqvifzhbmo
lpopityrof lpopityrof
stxmhuffri stxmhuffri
wegckoctcp wegckoctcp
hnnlwliezo hnnlwliezo
ajjekwybql ajjekwybql
fnlmocuczk fnlmocuczk
