qtq pxi uwp rju blo zgs sfp fsl ifc rcs wuf vsu pjx pta lbs jxq itg uoz qbe qfc unk pxs unk udq tmc udq pwa thz txk rod jta htv eqm htv wpo mbx wpo tmd tro viv nhr slq wiq fne hxp brk ooc art idl art nfy tnl nfy iuz bsz ili yiz utd plx tvy hxo ukh hxo tvy qnn uca llr lah xos lah mnv qbj dkn qbj rut dcv ooi hgx wfx ynq ptq vlt unf nhk orc hpb orc pkx nkx qoe cxu zqn fib gup bpm qof lxt gak qjm lnv bwq qyi qls qlo xou qlc mmf ase vaf zbn hhe rxi cpw lfh spp cjp egz vub egz bai fgo pug osc xax osc kza krg ahv rwt wpq xmz cnv zgf npu wuc uxr eku thd jno thd ahy xdz wju qtq
100
qtq qtq
uwp uwp
rju rju
zgs zgs
sfp sfp
fsl fsl
ifc ifc
wuf wuf
vsu vsu
pjx pjx
pta pta
itg itg
uoz uoz
qbe qbe
qfc qfc
pxs pxs
udq udq
tmc tmc
pwa pwa
thz thz
txk txk
rod rod
jta jta
htv htv
eqm eqm
mbx mbx
tmd tmd
tro tro
viv viv
nhr nhr
slq slq
wiq wiq
hxp hxp
brk brk
ooc ooc
idl idl
nfy nfy
tnl tnl
iuz iuz
bsz bsz
ili ili
yiz yiz
plx plx
hxo hxo
ukh ukh
qnn qnn
uca uca
lah lah
xos xos
mnv mnv
qbj qbj
dkn dkn
rut rut
ooi ooi
ynq ynq
ptq ptq
vlt vlt
nhk nhk
orc orc
hpb hpb
pkx pkx
nkx nkx
cxu cxu
zqn zqn
gup gup
lxt lxt
gak gak
qjm qjm
lnv lnv
qls qls
qlo qlo
ase ase
vaf vaf
zbn zbn
hhe hhe
rxi rxi
cpw cpw
lfh lfh
spp spp
cjp cjp
egz egz
vub vub
bai bai
fgo fgo
xax xax
kza kza
krg krg
ahv ahv
rwt rwt
wpq wpq
cnv cnv
zgf zgf
npu npu
wuc wuc
uxr uxr
thd thd
jno jno
ahy ahy
xdz xdz
wju wju
