Cleresmith Warringwood Whitby Bothensborough Sodmersmith Chedlake Ketterwold Milditch Wydon Edgney Whitseyborough Todderworth Warrerbage Durblechester Dribbasborne Hanworth Sunderbrough Chillerlow Eggerrensling Hannerworth Waltcombe Dribbinggrove Cheddlesport Pendton Elfield Warblesdown Wolvingrethorne Cammingbury Blanden Egwood Skelcastle Cannerrebeck Ciside Hartrenslow Enderavon Pemhampton Reddenwell Suddlebrough Pendingstoke Stainsdenwold Ashworth Cannenringwell Elmsbrook Chilcompcester Hanscombe Watchmanshead Chippenden Camsdenden Rockhead Bootworth Dribbingenborne Dribside Wendlemerford Hamditch Wetley Hamditch Wendlemerford Ribney Dribside Dribbingenborne Bootworth Rockhead Camsdenden Chippenden Shrivden Watchmanshead Hanscombe Chilcompcester Elmsbrook Cannenringwell Ashworth Reddentree Stainsdenwold Pendingstoke Suddlebrough Reddenwell Pemhampton Enderavon Cammenenwich Hartrenslow Ciside Cannerrebeck Skelcastle Egwood Blanden Soddenreey Cammingbury Wolvingrethorne Warblesdown Elfield Pendton Cheddlesport Pendrenslake Dribbinggrove Waltcombe Hannerworth Eggerrensling Chillerlow Sunderbrough Ellingey Hanworth Dribbasborne Durblechester Warrerbage Todderworth Whitseyborough Basfield Edgney Wydon Milditch Ketterwold Chedlake Sodmersmith Chippingwood Bothensborough Whitby Cleresmith
27
Warringwood Warringwood
Ketterwold Ketterwold
Milditch Milditch
Warrerbage Warrerbage
Durblechester Durblechester
Eggerrensling Eggerrensling
Hannerworth Hannerworth
Elfield Elfield
Warblesdown Warblesdown
Skelcastle Skelcastle
Cannerrebeck Cannerrebeck
Reddenwell Reddenwell
Suddlebrough Suddlebrough
Elmsbrook Elmsbrook
Chilcompcester Chilcompcester
Rockhead Rockhead
Bootworth Bootworth
Wetley Wetley
Ribney Ribney
Shrivden Shrivden
Reddentree Reddentree
Cammenenwich Cammenenwich
Soddenreey Soddenreey
Pendrenslake Pendrenslake
Ellingey Ellingey
Basfield Basfield
Chippingwood Chippingwood
