Shoreburn Mallowway Woodice Eastcastle Westmill Butterhill Lochmage Corbank Bushgate Westerlight Bluewyn Butterway Esterash Silverlea Esterfall Rosegate Orbarrow Butterbush Fogland Wildemarsh Brightrock Stonefair Goldcrest Lightmere Buttermead Freymere Fairice Windbridge Northwynne Snowshore Silverbarrow Courtcastle Clearland Morwald Deephedge Redlake Bluelake Southwheat Highmont Morwall Violetfay Applecastle Courtwall Flowerfield Oldmoor Wooddell Verthedge Coldville Courtedge Newmill Stoneglass Dellwyn Mistshore Northriver Ironriver Ironshore Valhaven Wellbank Starryhill Ostwynne Springfox Violetley Foxhaven Janholt Marbleiron Silverwitch Mallowbridge Rosemill Icenesse Fairsage Strongfall Wellmage Seamoor Bluedell Greenshore Southpine Goldwyvern Snowsage Greyice Mallowness Irondeer Freyview Newby Summermage Redwell Erilyn Blackbush Clearnesse Fieldedge Brightmere Flowermill Westvale Newley Eriwall Wolflea Foxvale Greensummer Oakmere Orfort Bluedale Shoreburn
100
Shoreburn Shoreburn
Mallowway Mallowway
Woodice Woodice
Eastcastle Eastcastle
Westmill Westmill
Butterhill Butterhill
Lochmage Lochmage
Corbank Corbank
Bushgate Bushgate
Westerlight Westerlight
Bluewyn Bluewyn
Butterway Butterway
Esterash Esterash
Silverlea Silverlea
Esterfall Esterfall
Rosegate Rosegate
Orbarrow Orbarrow
Butterbush Butterbush
Fogland Fogland
Wildemarsh Wildemarsh
Brightrock Brightrock
Stonefair Stonefair
Goldcrest Goldcrest
Lightmere Lightmere
Buttermead Buttermead
Freymere Freymere
Fairice Fairice
Windbridge Windbridge
Northwynne Northwynne
Snowshore Snowshore
Silverbarrow Silverbarrow
Courtcastle Courtcastle
Clearland Clearland
Morwald Morwald
Deephedge Deephedge
Redlake Redlake
Bluelake Bluelake
Southwheat Southwheat
Highmont Highmont
Morwall Morwall
Violetfay Violetfay
Applecastle Applecastle
Courtwall Courtwall
Flowerfield Flowerfield
Oldmoor Oldmoor
Wooddell Wooddell
Verthedge Verthedge
Coldville Coldville
Courtedge Courtedge
Newmill Newmill
Stoneglass Stoneglass
Dellwyn Dellwyn
Mistshore Mistshore
Northriver Northriver
Ironriver Ironriver
Ironshore Ironshore
Valhaven Valhaven
Wellbank Wellbank
Starryhill Starryhill
Ostwynne Ostwynne
Springfox Springfox
Violetley Violetley
Foxhaven Foxhaven
Janholt Janholt
Marbleiron Marbleiron
Silverwitch Silverwitch
Mallowbridge Mallowbridge
Rosemill Rosemill
Icenesse Icenesse
Fairsage Fairsage
Strongfall Strongfall
Wellmage Wellmage
Seamoor Seamoor
Bluedell Bluedell
Greenshore Greenshore
Southpine Southpine
Goldwyvern Goldwyvern
Snowsage Snowsage
Greyice Greyice
Mallowness Mallowness
Irondeer Irondeer
Freyview Freyview
Newby Newby
Summermage Summermage
Redwell Redwell
Erilyn Erilyn
Blackbush Blackbush
Clearnesse Clearnesse
Fieldedge Fieldedge
Brightmere Brightmere
Flowermill Flowermill
Westvale Westvale
Newley Newley
Eriwall Eriwall
Wolflea Wolflea
Foxvale Foxvale
Greensummer Greensummer
Oakmere Oakmere
Orfort Orfort
Bluedale Bluedale
