129 99 145 99 31 88 1 88 115 88 146 113 127 113 146 88 31 61 31 109 184 85 133 106 181 8 142 122 69 167 130 167 69 122 142 8 181 169 181 32 187 32 181 106 178 106 133 13 118 10 100 10 22 10 28 10 118 96 70 96 7 19 43 72 79 72 21 67 21 182 190 182 21 151 21 72 79 112 79 72 43 19 139 94 27 165 40 3 173 64 119 163 119 64 71 90 152 91 152 90 25 46 2 55 2 46 25 16 11 108 160 108 11 96 118 166 118 13 92 124 92 179 76 49 76 179 92 121 192 175 192 103 192 121 92 110 157 4 157 110 154 193 154 196 37 65 123 103 98 48 34 48 97 101 52 101 170 73 136 73 170 58 170 101 148 5 197 107 82 180 145 172 145 99 129
66
145 145
31 31
88 88
1 1
115 115
127 127
61 61
109 109
184 184
85 85
133 133
106 106
181 181
142 142
130 130
169 169
187 187
178 178
13 13
118 118
10 10
100 100
22 22
28 28
70 70
7 7
19 19
43 43
79 79
67 67
190 190
151 151
112 112
139 139
94 94
40 40
64 64
163 163
91 91
25 25
46 46
55 55
16 16
160 160
166 166
124 124
76 76
49 49
121 121
175 175
103 103
157 157
4 4
154 154
193 193
196 196
37 37
34 34
97 97
52 52
73 73
136 136
58 58
148 148
82 82
172 172
