FacultyClub EarthquakeLibrary Morrison Sproul BanwayBuilding BerkeleyLawLibrary CITRIS Spieker MathLibrary Koshland MSRI LawSchool Boalt ArtHistoryLibrary Durham AlumniHouse McCone HearstFieldAnnex NewspapersLibrary AnthropologyLibrary StudentUnion LawrenceofScience SproulPlaza Etcheverry Underhill EarthLibrary NorthGate Pimentel HearstGym TAAP Manville OptometryLibrary Jacobs BioscienceLibrary SEAsianLibrary FoundersRock EngineeringLibrary LatinAmerican BerkeleyWayWest Unit3 Warren UniversityHouse CesarChavez MartinezCommons PacificFilmArchive Cheit StowPlaza HearstGreekTheatre Hilgard DonnerLaboratory MediaCenter UpperHearstParking Senior EthnicLibrary MelvinLaboratory Investigative VisualCenter AndersenAuditorium MaxwellField SimpsonCenter Latimer FoxCottage Davis InternationalHouse Durant Wellman EnergyBuilding IdaHouse EnergyBuilding OBrien Stephens Birge LeConte Campbell IRLE SpringerGateway Wheeler CareerCenter Soda Stanley HearstFountain VLSB AquaticCenter Bowles Bechtel WooHonFai BrainImagingCenter SocialLibrary Hildebrand Mulford BancroftDance Giauque MLK BancroftLibrary Library FPF HealthServices EastAsianLibrary PhysicsLibrary Evans SutardjaDai FacultyClub
100
FacultyClub FacultyClub
EarthquakeLibrary EarthquakeLibrary
Morrison Morrison
Sproul Sproul
BanwayBuilding BanwayBuilding
BerkeleyLawLibrary BerkeleyLawLibrary
CITRIS CITRIS
Spieker Spieker
MathLibrary MathLibrary
Koshland Koshland
MSRI MSRI
LawSchool LawSchool
Boalt Boalt
ArtHistoryLibrary ArtHistoryLibrary
Durham Durham
AlumniHouse AlumniHouse
McCone McCone
HearstFieldAnnex HearstFieldAnnex
NewspapersLibrary NewspapersLibrary
AnthropologyLibrary AnthropologyLibrary
StudentUnion StudentUnion
LawrenceofScience LawrenceofScience
SproulPlaza SproulPlaza
Etcheverry Etcheverry
Underhill Underhill
EarthLibrary EarthLibrary
NorthGate NorthGate
Pimentel Pimentel
HearstGym HearstGym
TAAP TAAP
Manville Manville
OptometryLibrary OptometryLibrary
Jacobs Jacobs
BioscienceLibrary BioscienceLibrary
SEAsianLibrary SEAsianLibrary
FoundersRock FoundersRock
EngineeringLibrary EngineeringLibrary
LatinAmerican LatinAmerican
BerkeleyWayWest BerkeleyWayWest
Unit3 Unit3
Warren Warren
UniversityHouse UniversityHouse
CesarChavez CesarChavez
MartinezCommons MartinezCommons
PacificFilmArchive PacificFilmArchive
Cheit Cheit
StowPlaza StowPlaza
HearstGreekTheatre HearstGreekTheatre
Hilgard Hilgard
DonnerLaboratory DonnerLaboratory
MediaCenter MediaCenter
UpperHearstParking UpperHearstParking
Senior Senior
EthnicLibrary EthnicLibrary
MelvinLaboratory MelvinLaboratory
Investigative Investigative
VisualCenter VisualCenter
AndersenAuditorium AndersenAuditorium
MaxwellField MaxwellField
SimpsonCenter SimpsonCenter
Latimer Latimer
FoxCottage FoxCottage
Davis Davis
InternationalHouse InternationalHouse
Durant Durant
Wellman Wellman
EnergyBuilding EnergyBuilding
IdaHouse IdaHouse
OBrien OBrien
Stephens Stephens
Birge Birge
LeConte LeConte
Campbell Campbell
IRLE IRLE
SpringerGateway SpringerGateway
Wheeler Wheeler
CareerCenter CareerCenter
Soda Soda
Stanley Stanley
HearstFountain HearstFountain
VLSB VLSB
AquaticCenter AquaticCenter
Bowles Bowles
Bechtel Bechtel
WooHonFai WooHonFai
BrainImagingCenter BrainImagingCenter
SocialLibrary SocialLibrary
Hildebrand Hildebrand
Mulford Mulford
BancroftDance BancroftDance
Giauque Giauque
MLK MLK
BancroftLibrary BancroftLibrary
Library Library
FPF FPF
HealthServices HealthServices
EastAsianLibrary EastAsianLibrary
PhysicsLibrary PhysicsLibrary
Evans Evans
SutardjaDai SutardjaDai
