FacultyClub IRLE Cheit Wheeler Investigative MartinezCommons UniversityHouse SproulPlaza OptometryLibrary Library AndersenAuditorium Stephens Morrison EarthLibrary StudentUnion SutardjaDai Warren PacificFilmArchive OBrien Koshland MelvinLaboratory FPF Birge StowPlaza CareerCenter Sproul AnthropologyLibrary Spieker ArtHistoryLibrary BancroftDance NewspapersLibrary LawrenceofScience CITRIS DonnerLaboratory SpringerGateway EnergyBuilding HearstGym Unit3 Manville Jacobs Pimentel HearstGym InternationalHouse BrainImagingCenter Mulford Etcheverry MediaCenter BioscienceLibrary Hilgard EarthquakeLibrary Durham FacultyClub
50
FacultyClub FacultyClub
IRLE IRLE
Cheit Cheit
Wheeler Wheeler
Investigative Investigative
MartinezCommons MartinezCommons
UniversityHouse UniversityHouse
SproulPlaza SproulPlaza
OptometryLibrary OptometryLibrary
Library Library
AndersenAuditorium AndersenAuditorium
Stephens Stephens
Morrison Morrison
EarthLibrary EarthLibrary
StudentUnion StudentUnion
SutardjaDai SutardjaDai
Warren Warren
PacificFilmArchive PacificFilmArchive
OBrien OBrien
Koshland Koshland
MelvinLaboratory MelvinLaboratory
FPF FPF
Birge Birge
StowPlaza StowPlaza
CareerCenter CareerCenter
Sproul Sproul
AnthropologyLibrary AnthropologyLibrary
Spieker Spieker
ArtHistoryLibrary ArtHistoryLibrary
BancroftDance BancroftDance
NewspapersLibrary NewspapersLibrary
LawrenceofScience LawrenceofScience
CITRIS CITRIS
DonnerLaboratory DonnerLaboratory
SpringerGateway SpringerGateway
EnergyBuilding EnergyBuilding
HearstGym HearstGym
Unit3 Unit3
Manville Manville
Jacobs Jacobs
Pimentel Pimentel
InternationalHouse InternationalHouse
BrainImagingCenter BrainImagingCenter
Mulford Mulford
Etcheverry Etcheverry
MediaCenter MediaCenter
BioscienceLibrary BioscienceLibrary
Hilgard Hilgard
EarthquakeLibrary EarthquakeLibrary
Durham Durham
