33 20 80 9 10 90 68 90 10 9 14 11 100 11 98 13 98 91 46 75 46 91 98 11 100 95 100 20 15 20 89 14 63 12 63 17 27 23 27 66 63 14 97 8 97 14 89 32 6 81 61 81 6 32 80 20 73 42 73 20 33 86 64 86 60 67 69 88 69 34 69 38 52 65 52 38 69 67 57 67 54 30 54 67 60 31 22 2 22 35 7 82 40 82 7 35 5 43 26 14 50 19 99 93 22 31 16 94 25 94 47 94 16 29 16 31 60 86 33 51 37 79 36 53 71 48 71 53 36 79 37 51 33
50
20 20
80 80
9 9
10 10
68 68
100 100
11 11
13 13
75 75
95 95
15 15
89 89
63 63
12 12
17 17
23 23
97 97
8 8
61 61
42 42
86 86
64 64
60 60
67 67
69 69
88 88
34 34
52 52
65 65
57 57
54 54
30 30
31 31
22 22
2 2
35 35
7 7
82 82
40 40
5 5
26 26
50 50
19 19
94 94
25 25
47 47
29 29
51 51
79 79
48 48
