Satish PYD9SISJI KRM4B 92R432 VFRT26 1BZLEM YXBMACC ZRYV5F WZ1MC3189 KSHB2KG TBFPZEBP ICTGXV 9XFF FS1RWBVR7 PTL1QU OXWYDF BBFYA9B UVP4WIKK 399VM5PU6 NSBI Z6H98 ER2YSPML1C R6VBAVZ0B PTWCQ ZY9VPYMXA PZMGYZL 4INC2D8SDN Satish
25
PYD9SISJI PYD9SISJI
KRM4B KRM4B
92R432 92R432
VFRT26 VFRT26
1BZLEM 1BZLEM
YXBMACC YXBMACC
ZRYV5F ZRYV5F
WZ1MC3189 WZ1MC3189
KSHB2KG KSHB2KG
ICTGXV ICTGXV
9XFF 9XFF
FS1RWBVR7 FS1RWBVR7
PTL1QU PTL1QU
OXWYDF OXWYDF
BBFYA9B BBFYA9B
UVP4WIKK UVP4WIKK
399VM5PU6 399VM5PU6
NSBI NSBI
Z6H98 Z6H98
ER2YSPML1C ER2YSPML1C
R6VBAVZ0B R6VBAVZ0B
PTWCQ PTWCQ
ZY9VPYMXA ZY9VPYMXA
PZMGYZL PZMGYZL
4INC2D8SDN 4INC2D8SDN
