0 11 44 37 9 18 33 18 35 18 78 25 6 25 78 18 9 43 9 37 29 98 32 98 37 44 11 45 5 3 2 19 13 3 5 7 5 51 42 23 16 23 42 51 12 28 12 45 40 4 40 53 71 1 41 15 41 21 41 47 27 47 34 14 10 96 8 96 31 96 8 86 39 54 21 77 10 63 48 63 10 14 30 14 34 69 17 69 60 44 11 0 20 0 26 0 38 0 49 22 49 0 74 36 97 24 46 97 36 74 0
50
0 0
11 11
44 44
37 37
9 9
18 18
33 33
35 35
25 25
6 6
43 43
29 29
32 32
45 45
5 5
3 3
2 2
19 19
13 13
7 7
42 42
23 23
16 16
12 12
28 28
40 40
4 4
1 1
41 41
15 15
21 21
47 47
27 27
34 34
14 14
10 10
8 8
31 31
39 39
48 48
30 30
17 17
20 20
26 26
38 38
49 49
22 22
36 36
24 24
46 46
