112 123 8 73 109 84 127 126 29 27 53 158 70 72 171 11 147 20 69 146 23 174 152 107 49 183 34 78 181 184 24 131 163 68 187 6 99 41 160 154 42 56 54 9 170 17 105 188 157 21 44 182 75 114 144 165 119 138 59 58 14 162 80 64 130 124 194 81 52 83 71 190 36 85 129 172 97 168 121 120 66 149 136 169 33 40 13 143 60 94 95 28 117 166 0 104 35 102 151 118 96 112
100
123 123
8 8
73 73
109 109
84 84
127 127
126 126
29 29
27 27
53 53
158 158
70 70
72 72
171 171
11 11
147 147
20 20
69 69
146 146
23 23
174 174
152 152
107 107
49 49
183 183
34 34
78 78
181 181
184 184
24 24
131 131
163 163
68 68
187 187
6 6
99 99
41 41
160 160
154 154
42 42
56 56
54 54
9 9
170 170
17 17
105 105
188 188
157 157
21 21
44 44
182 182
75 75
114 114
144 144
165 165
119 119
138 138
59 59
58 58
14 14
162 162
80 80
64 64
130 130
124 124
194 194
81 81
52 52
83 83
71 71
190 190
36 36
85 85
129 129
172 172
97 97
168 168
121 121
120 120
66 66
149 149
136 136
169 169
33 33
40 40
13 13
143 143
60 60
94 94
95 95
28 28
117 117
166 166
0 0
104 104
35 35
102 102
151 151
118 118
96 96
