0 2 53 54 53 87 24 16 113 30 9 98 8 38 35 78 35 38 8 34 97 34 145 113 15 113 1 95 192 7 59 51 89 167 110 17 110 26 110 183 178 43 178 30 176 42 176 30 113 99 56 45 123 65 5 65 123 45 148 85 148 45 123 72 177 92 177 33 177 92 100 73 100 29 39 86 139 37 47 37 139 86 106 50 106 13 106 146 103 100 61 100 103 58 36 46 138 63 88 152 60 92 76 92 177 72 48 49 48 155 196 18 32 77 32 18 196 82 22 62 12 10 12 62 140 81 140 62 83 68 155 196 82 52 133 4 74 4 133 20 28 125 174 111 70 111 75 111 109 80 41 19 94 24 16 93 63 88 90 3 90 116 117 23 117 116 90 88 57 88 63 21 6 25 6 157 144 27 44 27 144 157 69 157 16 24 94 40 64 11 64 96 158 67 91 67 91 24 87 31 80 71 80 84 169 66 151 53 174 125 14 121 188 87 79 87 53 151 55 175 0
100
2 2
53 53
54 54
87 87
24 24
16 16
30 30
9 9
98 98
8 8
38 38
35 35
78 78
34 34
97 97
15 15
1 1
95 95
7 7
59 59
51 51
89 89
17 17
26 26
43 43
42 42
99 99
56 56
45 45
65 65
5 5
85 85
72 72
92 92
33 33
100 100
73 73
29 29
39 39
86 86
37 37
47 47
50 50
13 13
61 61
58 58
36 36
46 46
60 60
76 76
48 48
49 49
18 18
32 32
77 77
82 82
22 22
62 62
12 12
10 10
81 81
83 83
68 68
52 52
4 4
74 74
20 20
28 28
70 70
75 75
41 41
19 19
93 93
63 63
88 88
90 90
3 3
23 23
57 57
21 21
6 6
25 25
27 27
44 44
69 69
94 94
40 40
64 64
11 11
96 96
91 91
67 67
31 31
80 80
71 71
84 84
66 66
14 14
79 79
55 55
