0 60 54 80 39 4 79 90 84 44 89 90 92 90 40 5 85 30 33 30 85 77 76 77 85 87 86 87 85 5 8 5 7 71 72 70 55 58 42 88 37 88 47 46 47 45 19 65 20 23 20 15 18 15 20 65 67 96 97 96 67 68 32 31 32 30 25 28 25 55 57 55 14 94 29 99 52 51 52 50 49 17 16 17 64 80 82 81 12 11 12 10 80 83 80 54 60 63 60 45 48 45 10 13 10 0
50
60 60
54 54
80 80
39 39
4 4
79 79
90 90
84 84
44 44
89 89
92 92
40 40
5 5
85 85
33 33
76 76
86 86
8 8
71 71
55 55
58 58
42 42
88 88
37 37
46 46
65 65
20 20
23 23
18 18
67 67
97 97
68 68
32 32
31 31
28 28
57 57
94 94
29 29
99 99
52 52
51 51
49 49
16 16
82 82
81 81
11 11
83 83
63 63
48 48
13 13
