0 3 0 110 180 124 179 104 17 16 17 104 64 154 149 145 95 55 25 27 65 30 32 30 4 100 15 65 68 65 27 118 27 25 90 92 91 92 90 55 58 55 20 95 87 95 97 95 40 43 40 145 148 145 99 105 44 130 133 130 39 134 139 129 72 141 132 186 42 41 42 186 187 186 77 116 77 186 132 131 132 141 142 140 74 54 160 137 136 137 160 162 161 162 160 135 138 135 52 135 79 184 14 35 37 36 37 35 120 47 183 47 120 102 108 82 108 102 101 102 120 122 120 123 67 66 12 11 12 10 155 35 38 35 39 2 13 2 28 25 9 189 74 125 128 117 166 117 168 165 114 150 152 150 49 159 69 180 182 181 182 180 144 190 192 190 110 57 56 57 110 94 170 172 170 45 195 197 195 110 113 110 75 78 75 0
100
3 3
110 110
180 180
124 124
179 179
104 104
17 17
16 16
64 64
154 154
149 149
145 145
95 95
55 55
25 25
27 27
65 65
30 30
32 32
100 100
15 15
68 68
118 118
92 92
91 91
58 58
20 20
87 87
97 97
43 43
148 148
99 99
105 105
44 44
133 133
39 39
134 134
139 139
129 129
72 72
141 141
132 132
186 186
42 42
41 41
187 187
116 116
131 131
142 142
74 74
54 54
160 160
136 136
161 161
135 135
138 138
52 52
79 79
184 184
35 35
37 37
36 36
120 120
47 47
183 183
102 102
108 108
82 82
101 101
122 122
123 123
67 67
66 66
12 12
11 11
38 38
2 2
13 13
28 28
189 189
125 125
128 128
166 166
168 168
114 114
152 152
159 159
69 69
182 182
181 181
144 144
192 192
57 57
56 56
94 94
172 172
195 195
197 197
113 113
78 78
