85 24 0 24 81 24 8 61 57 18 65 6 35 6 65 43 85 54 26 94 36 28 36 11 89 79 89 63 72 77 72 52 34 52 32 31 86 32 83 16 66 71 70 22 41 47 66 70 99 56 99 60 96 60 91 44 60 38 70 68 70 66 98 4 13 88 64 62 7 21 37 49 46 27 20 21 76 21 80 48 14 55 14 45 53 42 92 42 69 90 17 14 15 73 87 82 51 82 74 50 30 93 2 23 2 1 85
50
0 0
81 81
8 8
57 57
35 35
43 43
54 54
94 94
28 28
11 11
79 79
77 77
52 52
34 34
31 31
86 86
16 16
71 71
22 22
47 47
99 99
56 56
96 96
91 91
44 44
38 38
68 68
98 98
13 13
64 64
7 7
37 37
46 46
27 27
76 76
80 80
48 48
55 55
45 45
53 53
92 92
69 69
17 17
15 15
87 87
51 51
50 50
93 93
23 23
1 1
