Soda AX AW Soda BU BT Soda DO Soda DT DU Soda DX DW Soda GO B C Soda F Soda I Soda R Soda BQ Soda DD Soda GF Soda GI Soda AA Soda AT Soda BX Soda DZ Soda FR Soda GC Soda CA Soda DJ Soda FG Soda FU Soda AJ Soda BO Soda DA Soda DQ Soda FD Soda O Soda U Soda AG Soda FJ Soda GK Soda X Soda BJ Soda K Soda FA Soda FX Soda AD Soda BD Soda AZ Soda AO Soda
47
AX AX
AW AW
BU BU
BT BT
DO DO
DT DT
DU DU
DX DX
DW DW
GO GO
C C
F F
I I
R R
BQ BQ
DD DD
GF GF
GI GI
AA AA
AT AT
BX BX
DZ DZ
FR FR
GC GC
CA CA
DJ DJ
FG FG
FU FU
AJ AJ
BO BO
DA DA
DQ DQ
FD FD
O O
U U
AG AG
FJ FJ
GK GK
X X
BJ BJ
K K
FA FA
FX FX
AD AD
BD BD
AZ AZ
AO AO
