destitute Loomis Rio Darwin ripe Hindi connubial schedule slowdown amateur minion Bleeker Dominican embassy Halstead Andersen Vega Auberge Modesto Auberge jewel Injun stanza Injun illusion bifurcate Modesto diligent swingy diligent tate embassy Halstead Elizabethan brook spill bobble McCall papal septillion transpiration shroud choice fatten trill yogurt creekside Hewlett decor Hewlett swordfish septillion Isfahan balustrade MN Curtis anvil extractor mediate extractor covariate Fisk mediate funny Gilmore funny midget Loomis destitute
50
Loomis Loomis
Rio Rio
Darwin Darwin
ripe ripe
Hindi Hindi
connubial connubial
schedule schedule
slowdown slowdown
amateur amateur
minion minion
Bleeker Bleeker
Dominican Dominican
embassy embassy
Halstead Halstead
Andersen Andersen
Vega Vega
Auberge Auberge
Modesto Modesto
jewel jewel
Injun Injun
stanza stanza
illusion illusion
diligent diligent
swingy swingy
tate tate
Elizabethan Elizabethan
bobble bobble
McCall McCall
papal papal
septillion septillion
transpiration transpiration
shroud shroud
choice choice
fatten fatten
trill trill
yogurt yogurt
creekside creekside
decor decor
Hewlett Hewlett
swordfish swordfish
Isfahan Isfahan
balustrade balustrade
MN MN
anvil anvil
mediate mediate
extractor extractor
Fisk Fisk
funny funny
Gilmore Gilmore
midget midget
