exothermic felony Irvin decor shovel trill combine Iowa exothermic lordosis midget coarse midget amateur Bernini Tucson Bernini Injun Curtis anvil embroil Halstead swordfish yogurt swordfish wafer swordfish namesake McCall Andersen McCall sacrifice extrovert FPC yogurt Dominican felony exothermic
25
felony felony
Irvin Irvin
decor decor
shovel shovel
trill trill
combine combine
Iowa Iowa
lordosis lordosis
midget midget
coarse coarse
amateur amateur
Bernini Bernini
Tucson Tucson
Injun Injun
Curtis Curtis
Halstead Halstead
swordfish swordfish
yogurt yogurt
wafer wafer
namesake namesake
McCall McCall
Andersen Andersen
sacrifice sacrifice
extrovert extrovert
FPC FPC
