1 1aL 1bI B 7 T x e E 1aN 1bI 1bL 1aI 1aT 1aI I Q R J x e P 9 1aG 1aI G 1aI K C 1aW 1aC e 1aZ 5 x 1bC 1aR 1bM 1aB 1bB 1aD x e 8 e 1bF N H 1bH V 1bA x 1aF e 1bK 1aL 1aJ 1aQ l x 1aA 1bG 1aY L l 1aV e 1aK 1aX 1aL 1aU 1aL S 1aL A 1
50
1aL 1aL
1bI 1bI
B B
7 7
T T
E E
1aN 1aN
1bL 1bL
1aT 1aT
I I
Q Q
R R
J J
P P
9 9
1aG 1aG
G G
K K
C C
1aW 1aW
1aC 1aC
1aZ 1aZ
5 5
1bC 1bC
1aR 1aR
1bM 1bM
1aB 1aB
1bB 1bB
1aD 1aD
8 8
1bF 1bF
N N
H H
1bH 1bH
V V
1bA 1bA
1aF 1aF
1bK 1bK
1aJ 1aJ
1aQ 1aQ
1aA 1aA
1bG 1bG
1aY 1aY
L L
1aV 1aV
1aK 1aK
1aX 1aX
1aU 1aU
S S
A A
