153 170 15 129 12 93 12 34 113 58 47 120 36 188 36 21 184 21 161 60 0 195 70 180 197 73 131 138 61 138 131 85 140 80 139 43 139 60 112 60 171 99 58 50 128 96 128 50 156 192 5 53 77 95 145 178 121 109 29 192 83 89 20 89 152 28 182 74 89 168 150 134 165 11 26 172 79 108 41 137 177 35 90 23 40 8 189 78 2 98 88 98 122 98 147 42 103 48 3 98 2 160 37 160 127 100 2 187 2 56 169 118 68 78 163 162 186 52 179 136 41 108 81 19 81 119 158 87 49 167 7 13 196 13 86 146 194 135 117 4 86 13 124 126 16 75 28 153
100
153 153
170 170
15 15
129 129
12 12
93 93
34 34
113 113
58 58
47 47
120 120
36 36
188 188
21 21
184 184
161 161
60 60
0 0
195 195
70 70
180 180
197 197
138 138
61 61
131 131
140 140
43 43
112 112
171 171
99 99
50 50
128 128
96 96
156 156
192 192
5 5
53 53
77 77
95 95
145 145
178 178
29 29
83 83
20 20
89 89
152 152
28 28
182 182
74 74
168 168
150 150
134 134
11 11
26 26
172 172
79 79
108 108
41 41
137 137
177 177
35 35
90 90
23 23
40 40
8 8
2 2
98 98
88 88
122 122
147 147
42 42
3 3
160 160
37 37
127 127
187 187
56 56
169 169
118 118
68 68
163 163
52 52
179 179
136 136
81 81
19 19
119 119
49 49
167 167
7 7
13 13
196 196
86 86
146 146
194 194
135 135
4 4
124 124
126 126
16 16
