htb26qt 59yzvtv og6n7bgq8h p9mtts yx6dguko a5u8g4sej 89ladcv nm7ud hc2hf5t8 tu8xxomxhi pt2n7hl hyc885fvjls fej54ps5j 8jea4n4ez sf9yqti hq5mh8mi vrem3ey3kg44 obabms eb3m8w2lan yhvc7zg g2g6fxcwr2l onl7cjn euhqqqmdpe pt2n7hl e7lxs pt2n7hl yg6hizqty grn3uqx9y 7pbkkbbpw aq2rero4e mucolb1r ay5sahonq84 mucolb1r f92ere3 tjwldi xpxnortd dt4ljfgjkizpq ozag34bm9 pwqxinlzb3s hwu8dv9jgknbm wqkqf 9lvbrlgk k3qywmpr wqkqf 1161ildqnj ynuam4f8 1161ildqnj piawzpgtzz9 q42s9z886w5 aplkk57cpzm 44yverx h1gz5hzz 5xz8hm5sa3 ht1efrhmh ilaz9q 812l47wm 4ka6l1c8w 188h5ax ysiw8m4l z4kx8k9 itrx5fucdq t4iedm gd5ct4 188h5ax 1ca2x2cnc mw8g2qjo1 iffsi zxcqho2rbjlhmy8 ic2r4blmm9 wepv6d1ee9 uzsjpl5f5 8m3pascg kxhc6t8tu 9egqgrh7x4e kwtb3cg 9egqgrh7x4e y3eg7gqq6 4w6uhigzl gd5ct4 zjh83ae yhp7wbv9 zjh83ae 7hz6j8 87jxa 52a3fj2zh 9oii82xaa cou34kvbi vl6czuab 37v6d art44ncra 5stwoup ml5lp1nmef pe165 3khitn6 x73l73jp yr44oj2 i6lsw66h yr44oj2 dlkmpx yr44oj2 zou7sx9w nd9xavj zou7sx9w pmyqr zjj1dm8s s9vu9xx884 txlltgki 8gc7dka8lfy 6u4sf1gi ushjdkdhm9 5612qqmh lyvvnwfs 6k7du tpuaixp 1jhmm8m85 l8yypbh 59yzvtv htb26qt
84
59yzvtv 59yzvtv
og6n7bgq8h og6n7bgq8h
p9mtts p9mtts
yx6dguko yx6dguko
a5u8g4sej a5u8g4sej
nm7ud nm7ud
hc2hf5t8 hc2hf5t8
tu8xxomxhi tu8xxomxhi
pt2n7hl pt2n7hl
hyc885fvjls hyc885fvjls
fej54ps5j fej54ps5j
8jea4n4ez 8jea4n4ez
hq5mh8mi hq5mh8mi
vrem3ey3kg44 vrem3ey3kg44
obabms obabms
yhvc7zg yhvc7zg
g2g6fxcwr2l g2g6fxcwr2l
euhqqqmdpe euhqqqmdpe
e7lxs e7lxs
yg6hizqty yg6hizqty
grn3uqx9y grn3uqx9y
7pbkkbbpw 7pbkkbbpw
mucolb1r mucolb1r
ay5sahonq84 ay5sahonq84
f92ere3 f92ere3
tjwldi tjwldi
dt4ljfgjkizpq dt4ljfgjkizpq
ozag34bm9 ozag34bm9
pwqxinlzb3s pwqxinlzb3s
hwu8dv9jgknbm hwu8dv9jgknbm
9lvbrlgk 9lvbrlgk
k3qywmpr k3qywmpr
wqkqf wqkqf
1161ildqnj 1161ildqnj
ynuam4f8 ynuam4f8
piawzpgtzz9 piawzpgtzz9
q42s9z886w5 q42s9z886w5
aplkk57cpzm aplkk57cpzm
h1gz5hzz h1gz5hzz
ht1efrhmh ht1efrhmh
ilaz9q ilaz9q
812l47wm 812l47wm
4ka6l1c8w 4ka6l1c8w
ysiw8m4l ysiw8m4l
itrx5fucdq itrx5fucdq
t4iedm t4iedm
gd5ct4 gd5ct4
1ca2x2cnc 1ca2x2cnc
mw8g2qjo1 mw8g2qjo1
iffsi iffsi
ic2r4blmm9 ic2r4blmm9
uzsjpl5f5 uzsjpl5f5
8m3pascg 8m3pascg
kxhc6t8tu kxhc6t8tu
9egqgrh7x4e 9egqgrh7x4e
kwtb3cg kwtb3cg
y3eg7gqq6 y3eg7gqq6
4w6uhigzl 4w6uhigzl
zjh83ae zjh83ae
yhp7wbv9 yhp7wbv9
7hz6j8 7hz6j8
87jxa 87jxa
52a3fj2zh 52a3fj2zh
9oii82xaa 9oii82xaa
vl6czuab vl6czuab
37v6d 37v6d
art44ncra art44ncra
5stwoup 5stwoup
3khitn6 3khitn6
x73l73jp x73l73jp
yr44oj2 yr44oj2
i6lsw66h i6lsw66h
dlkmpx dlkmpx
zou7sx9w zou7sx9w
nd9xavj nd9xavj
pmyqr pmyqr
s9vu9xx884 s9vu9xx884
txlltgki txlltgki
8gc7dka8lfy 8gc7dka8lfy
6u4sf1gi 6u4sf1gi
ushjdkdhm9 ushjdkdhm9
6k7du 6k7du
1jhmm8m85 1jhmm8m85
l8yypbh l8yypbh
