M2S9flVUcYP2sJdh8LXf H59EihDjhfpS7ToXFM3L M7SD6FC2BzrEV1z9ajVv C1CVSQIxudgISqBvCOoA sH3pvLOfMUrEGUrmsHCu PZrpdQAa8H8tkrajh08J sH3pvLOfMUrEGUrmsHCu Z0DuoZMcx6oyDPWFznMK RFiaXjCJgUwAE3Wun3DA X9TJsvmT50zYeG0q6XSG 93aDiM8K0XhtiVcCVKi2 vodEvdIApqt0N3TZsbxN cdaizmjQrCe5Vnwy3JQF tVhIJJgs0kEFaQx1hdWm Jjat3uJ5XboI9kZe0522 L8bxdxuDa5issn2PiN3u yZPIHwySFuIdRJCMzjnz lOEjyrMvpa6QONpUJC0R W4IxjYZtRN88GGSV9Uoc lOEjyrMvpa6QONpUJC0R Bc6dudheE3WGLxP0iDdK M7SD6FC2BzrEV1z9ajVv ZBeXR80522AAM5P7qeaG LNMZej67uy0Whvqp5OR1 m1IYiQsUBuvvpTv7yWXO Dt5YfbjQq6VoKnyw6Zav pNXWB5geApaSjbsCCT4J Dc1wEVV3kuOZotG6pNlL ag5vZ07KPwCr1Lpz8zM0 fmFrd4vggNac5TkiFJAd Z8MZ2JfftjeVVnGFSOQe PbYOO88SokShsv7XrgBm NMTjl1jsvrb7y2ggdCSc XmlH4l2BXG35TF70bZqZ NMTjl1jsvrb7y2ggdCSc XmlH4l2BXG35TF70bZqZ yCGd2pn2AE5LZ3OxzJbL LxEzX08MG9T8knIYbul0 uy6RcQAYd3ATM1Icq3my dOKaHsIcDX32wPXAX2Gt zdtRVpQ9lVyEhNj9Evpp dOKaHsIcDX32wPXAX2Gt yHMPX8vHctuUweyLluyz 5gumrx48u1yPpF6ivPOI vxiwkV1b5fV2sGCBFsRQ gZVNRDm5p6aX5QEEX8UG 7TbbztQ90wmMzxjLFXzq oWxP87H6AXwFzF0dpB9d 4bQwji0D4wyEDLd54MWv 8KfYYXeMqM0D4nShLOzi v0QJIKD4q7sFXrzFSb6J 8KfYYXeMqM0D4nShLOzi tUowOUG1V7iCXBCMR0AT 8KfYYXeMqM0D4nShLOzi 4bQwji0D4wyEDLd54MWv 9GrchmlNCDIapQ9OnEYh 9Jr76N4fnNot7SNYqBKG jgcWqrcniA4q9WNs9xkc 5gumrx48u1yPpF6ivPOI ECCnzlgsMEvTYjNwAlfM Eu0wGcDBBrgvePzHfqrS k7k4sHxeh1pR4sOjcVuj i2zuTkgDKtYA8Q9KejMN EtrZREkmL456viQQJ9Rb Pqf0Sn4UvsBLaxz7WO4n nbZglhhmYQAPQz4eETaj Pqf0Sn4UvsBLaxz7WO4n 48nWZMVqWDxfH9uMf2U3 zD7ErBenXxsG4D9b5TEV 48nWZMVqWDxfH9uMf2U3 S8uMGvUglWyhnfV5Wzdp dKH5OdpmJKCU83bbXVxZ Kfu1pc3YPMGebW7Iu8ex dKH5OdpmJKCU83bbXVxZ 0uvEfLgT4s8ImTk9VWBt Pqf0Sn4UvsBLaxz7WO4n M2S9flVUcYP2sJdh8LXf
50
M2S9flVUcYP2sJdh8LXf M2S9flVUcYP2sJdh8LXf
H59EihDjhfpS7ToXFM3L H59EihDjhfpS7ToXFM3L
sH3pvLOfMUrEGUrmsHCu sH3pvLOfMUrEGUrmsHCu
PZrpdQAa8H8tkrajh08J PZrpdQAa8H8tkrajh08J
Z0DuoZMcx6oyDPWFznMK Z0DuoZMcx6oyDPWFznMK
93aDiM8K0XhtiVcCVKi2 93aDiM8K0XhtiVcCVKi2
vodEvdIApqt0N3TZsbxN vodEvdIApqt0N3TZsbxN
cdaizmjQrCe5Vnwy3JQF cdaizmjQrCe5Vnwy3JQF
tVhIJJgs0kEFaQx1hdWm tVhIJJgs0kEFaQx1hdWm
Jjat3uJ5XboI9kZe0522 Jjat3uJ5XboI9kZe0522
L8bxdxuDa5issn2PiN3u L8bxdxuDa5issn2PiN3u
yZPIHwySFuIdRJCMzjnz yZPIHwySFuIdRJCMzjnz
W4IxjYZtRN88GGSV9Uoc W4IxjYZtRN88GGSV9Uoc
Bc6dudheE3WGLxP0iDdK Bc6dudheE3WGLxP0iDdK
LNMZej67uy0Whvqp5OR1 LNMZej67uy0Whvqp5OR1
m1IYiQsUBuvvpTv7yWXO m1IYiQsUBuvvpTv7yWXO
Dt5YfbjQq6VoKnyw6Zav Dt5YfbjQq6VoKnyw6Zav
pNXWB5geApaSjbsCCT4J pNXWB5geApaSjbsCCT4J
fmFrd4vggNac5TkiFJAd fmFrd4vggNac5TkiFJAd
Z8MZ2JfftjeVVnGFSOQe Z8MZ2JfftjeVVnGFSOQe
XmlH4l2BXG35TF70bZqZ XmlH4l2BXG35TF70bZqZ
NMTjl1jsvrb7y2ggdCSc NMTjl1jsvrb7y2ggdCSc
LxEzX08MG9T8knIYbul0 LxEzX08MG9T8knIYbul0
uy6RcQAYd3ATM1Icq3my uy6RcQAYd3ATM1Icq3my
dOKaHsIcDX32wPXAX2Gt dOKaHsIcDX32wPXAX2Gt
zdtRVpQ9lVyEhNj9Evpp zdtRVpQ9lVyEhNj9Evpp
yHMPX8vHctuUweyLluyz yHMPX8vHctuUweyLluyz
5gumrx48u1yPpF6ivPOI 5gumrx48u1yPpF6ivPOI
vxiwkV1b5fV2sGCBFsRQ vxiwkV1b5fV2sGCBFsRQ
gZVNRDm5p6aX5QEEX8UG gZVNRDm5p6aX5QEEX8UG
oWxP87H6AXwFzF0dpB9d oWxP87H6AXwFzF0dpB9d
4bQwji0D4wyEDLd54MWv 4bQwji0D4wyEDLd54MWv
8KfYYXeMqM0D4nShLOzi 8KfYYXeMqM0D4nShLOzi
v0QJIKD4q7sFXrzFSb6J v0QJIKD4q7sFXrzFSb6J
tUowOUG1V7iCXBCMR0AT tUowOUG1V7iCXBCMR0AT
9GrchmlNCDIapQ9OnEYh 9GrchmlNCDIapQ9OnEYh
9Jr76N4fnNot7SNYqBKG 9Jr76N4fnNot7SNYqBKG
jgcWqrcniA4q9WNs9xkc jgcWqrcniA4q9WNs9xkc
ECCnzlgsMEvTYjNwAlfM ECCnzlgsMEvTYjNwAlfM
Eu0wGcDBBrgvePzHfqrS Eu0wGcDBBrgvePzHfqrS
k7k4sHxeh1pR4sOjcVuj k7k4sHxeh1pR4sOjcVuj
EtrZREkmL456viQQJ9Rb EtrZREkmL456viQQJ9Rb
Pqf0Sn4UvsBLaxz7WO4n Pqf0Sn4UvsBLaxz7WO4n
nbZglhhmYQAPQz4eETaj nbZglhhmYQAPQz4eETaj
48nWZMVqWDxfH9uMf2U3 48nWZMVqWDxfH9uMf2U3
zD7ErBenXxsG4D9b5TEV zD7ErBenXxsG4D9b5TEV
S8uMGvUglWyhnfV5Wzdp S8uMGvUglWyhnfV5Wzdp
dKH5OdpmJKCU83bbXVxZ dKH5OdpmJKCU83bbXVxZ
Kfu1pc3YPMGebW7Iu8ex Kfu1pc3YPMGebW7Iu8ex
0uvEfLgT4s8ImTk9VWBt 0uvEfLgT4s8ImTk9VWBt
