Chattanooga Cleveland SanAntonio Memphis Wichita Fayetteville Aurora Orange Frisco KansasCity Frisco Orange Henderson Toledo Bakersfield BatonRouge Bakersfield Oceanside SantaClarita Hayward Akron ChulaVista Anaheim NewYork Anaheim ChulaVista Berkeley Knoxville Berkeley Springfield Spokane Springfield SantaClarita Hayward Norfolk SaintPaul Washington SaintPaul Norfolk Irvine Syracuse Irvine Norfolk Raleigh Norfolk Mesa Jacksonville CorpusChristi Worcester CorpusChristi SiouxFalls Lexington Baltimore Indianapolis Riverside Scottsdale Tempe Scottsdale Austin Vancouver PortStLucie Plano Lubbock Corona FortWorth Corona Jackson Brownsville Boston Salem Ontario Salem PembrokePines Olathe Corona Lubbock SantaAna Lubbock Louisville Lubbock Yonkers Durham MorenoValley Anaheim ChulaVista Akron RanchoCucamonga Newark DesMoines NewportNews Alexandria NewportNews Orlando Naperville Chicago LongBeach Cincinnati Paterson Cincinnati Albuquerque Waco Riverside Indianapolis FortLauderdale Savannah GrandRapids Buffalo Pomona LosAngeles Albuquerque Cincinnati LongBeach Tallahassee MorenoValley Anaheim ChulaVista Arlington SanDiego Phoenix Anchorage Surprise Murfreesboro Charlotte Murfreesboro Surprise Anchorage Midland Anchorage Phoenix LittleRock Shreveport LittleRock CapeCoral LittleRock Fremont Honolulu SanFrancisco Honolulu Fremont SanBernardino Boise SanBernardino Joliet Madison Lincoln Fontana Lincoln Madison Denton GrandPrairie Hollywood OuterHaven Fresno GrandRapids SanJose Montgomery Macon LittleRock Phoenix GardenGrove Salinas Bakersfield Carrollton Surprise Stockton Richmond Stockton Surprise Carrollton Tacoma Oxnard Tacoma Oxnard McAllen ElkGrove Plano Dayton Glendale Dayton ElPaso Chattanooga
100
Cleveland Cleveland
SanAntonio SanAntonio
Memphis Memphis
Wichita Wichita
Fayetteville Fayetteville
Aurora Aurora
Orange Orange
Frisco Frisco
KansasCity KansasCity
Henderson Henderson
Toledo Toledo
Bakersfield Bakersfield
BatonRouge BatonRouge
Oceanside Oceanside
SantaClarita SantaClarita
Hayward Hayward
Akron Akron
ChulaVista ChulaVista
Anaheim Anaheim
NewYork NewYork
Berkeley Berkeley
Knoxville Knoxville
Springfield Springfield
Spokane Spokane
SaintPaul SaintPaul
Washington Washington
Irvine Irvine
Syracuse Syracuse
Raleigh Raleigh
Jacksonville Jacksonville
Worcester Worcester
Lexington Lexington
Baltimore Baltimore
Indianapolis Indianapolis
Riverside Riverside
Scottsdale Scottsdale
Tempe Tempe
Austin Austin
Vancouver Vancouver
PortStLucie PortStLucie
Plano Plano
Lubbock Lubbock
Corona Corona
FortWorth FortWorth
Jackson Jackson
Brownsville Brownsville
Boston Boston
Salem Salem
Ontario Ontario
Olathe Olathe
SantaAna SantaAna
Louisville Louisville
Yonkers Yonkers
Durham Durham
Newark Newark
DesMoines DesMoines
NewportNews NewportNews
Alexandria Alexandria
Orlando Orlando
Naperville Naperville
Chicago Chicago
Cincinnati Cincinnati
Paterson Paterson
Waco Waco
FortLauderdale FortLauderdale
Savannah Savannah
GrandRapids GrandRapids
Buffalo Buffalo
Pomona Pomona
LosAngeles LosAngeles
Tallahassee Tallahassee
SanDiego SanDiego
Phoenix Phoenix
Anchorage Anchorage
Surprise Surprise
Murfreesboro Murfreesboro
Charlotte Charlotte
Midland Midland
LittleRock LittleRock
Shreveport Shreveport
CapeCoral CapeCoral
Fremont Fremont
Honolulu Honolulu
SanFrancisco SanFrancisco
SanBernardino SanBernardino
Boise Boise
Joliet Joliet
Madison Madison
Lincoln Lincoln
Fontana Fontana
Denton Denton
GrandPrairie GrandPrairie
SanJose SanJose
GardenGrove GardenGrove
Richmond Richmond
Oxnard Oxnard
Tacoma Tacoma
McAllen McAllen
Glendale Glendale
ElPaso ElPaso
