fmdhlepsteinstdnkill epsteindlsfdntmkillh dnkillepsteinlshdtfm epsteinkillmsftnddlh fkillepsteindlhdnsmt nltdmsfepsteinkilldh hnfdtmlepsteinkillds msfltdkillnepsteinhd hnfdtmlepsteinkillds hdepsteinskillldtnfm hnfdtmlepsteinkillds nhslfmepsteindtkilld hsdfepsteintlnkilldm fshtdepsteinmldnkill dmepsteinfnhltkillsd fshtdepsteinmldnkill lndsdkilltmepsteinhf hsndepsteindlmtkillf tlmsdhdnkillfepstein lsdepsteinfmkillndth tlmsdhdnkillfepstein fmsepsteindntldhkill epsteindfhlmdnskillt dlnsthfmepsteinkilld epsteindfhlmdnskillt fmsepsteindntldhkill tlmsdhdnkillfepstein tmlepsteinsdnfkillhd tlmsdhdnkillfepstein epsteinmhndfkilltdls dmkillshfepsteinltnd epsteinskilldlndhmtf killnsfmhdepsteindtl fdshnmkillepsteinltd fddsepsteinhnlkilltm ddtmkillepsteinflsnh hepsteinsddnfkillmlt nkilltdhlmdepsteinsf hepsteinsddnfkillmlt lthfkilldnsmepsteind epsteinskilldlndhmtf killnsfmhdepsteindtl nfdhkilllsmtepsteind dfkilllmtepsteinhdsn hnfdtmlepsteinkillds nltdmsfepsteinkilldh fkillepsteindlhdnsmt stepsteinhkillfmnldd fkillepsteindlhdnsmt epsteinkillmsftnddlh dnkillepsteinlshdtfm killepsteinlhtfdsmdn dhkilllsepsteinmntdf killepsteinlhtfdsmdn epsteinlshkilldnfdmt flepsteindndhmtkills killdmnsfhldepsteint epsteintdkilllnfdhms killdmnsfhldepsteint ndkillftdsmepsteinlh dnkillepsteinlshdtfm ddlmnftepsteinhskill fepsteinhsntddkilllm ddlmnftepsteinhskill hnsdkilllftdmepstein nepsteinlmdkilldhfts ntlepsteindmfdshkill killmlepsteindthnfsd ntlepsteindmfdshkill nepsteinlmdkilldhfts epsteinkillnmsdhtdlf fkillepsteinmldnhstd depsteinnlsfmhtkilld hnsdkilllftdmepstein epsteinfsddmthkillnl dhepsteindsnlkillfmt epsteinfsddmthkillnl hnsdkilllftdmepstein ddlmnftepsteinhskill fhndskillepsteintldm lhsepsteindtdnmkillf lnsmkilltfdepsteindh dfdkillepsteinslmhnt tlsfdmdepsteinnhkill mftkillepsteinndlhsd tmsdnfdlkillhepstein lhepsteinkilldtnmfsd lmhdtfdepsteinnkills dnkillepsteinlshdtfm epsteindlsfdntmkillh fmdhlepsteinstdnkill nhmkilllsftepsteindd fmdhlepsteinstdnkill
50
epsteindlsfdntmkillh epsteindlsfdntmkillh
dnkillepsteinlshdtfm dnkillepsteinlshdtfm
epsteinkillmsftnddlh epsteinkillmsftnddlh
nltdmsfepsteinkilldh nltdmsfepsteinkilldh
hnfdtmlepsteinkillds hnfdtmlepsteinkillds
msfltdkillnepsteinhd msfltdkillnepsteinhd
hdepsteinskillldtnfm hdepsteinskillldtnfm
hsdfepsteintlnkilldm hsdfepsteintlnkilldm
dmepsteinfnhltkillsd dmepsteinfnhltkillsd
fshtdepsteinmldnkill fshtdepsteinmldnkill
lndsdkilltmepsteinhf lndsdkilltmepsteinhf
hsndepsteindlmtkillf hsndepsteindlmtkillf
tlmsdhdnkillfepstein tlmsdhdnkillfepstein
lsdepsteinfmkillndth lsdepsteinfmkillndth
fmsepsteindntldhkill fmsepsteindntldhkill
epsteindfhlmdnskillt epsteindfhlmdnskillt
dlnsthfmepsteinkilld dlnsthfmepsteinkilld
tmlepsteinsdnfkillhd tmlepsteinsdnfkillhd
epsteinmhndfkilltdls epsteinmhndfkilltdls
epsteinskilldlndhmtf epsteinskilldlndhmtf
killnsfmhdepsteindtl killnsfmhdepsteindtl
fdshnmkillepsteinltd fdshnmkillepsteinltd
ddtmkillepsteinflsnh ddtmkillepsteinflsnh
hepsteinsddnfkillmlt hepsteinsddnfkillmlt
nkilltdhlmdepsteinsf nkilltdhlmdepsteinsf
nfdhkilllsmtepsteind nfdhkilllsmtepsteind
dfkilllmtepsteinhdsn dfkilllmtepsteinhdsn
stepsteinhkillfmnldd stepsteinhkillfmnldd
killepsteinlhtfdsmdn killepsteinlhtfdsmdn
dhkilllsepsteinmntdf dhkilllsepsteinmntdf
epsteinlshkilldnfdmt epsteinlshkilldnfdmt
flepsteindndhmtkills flepsteindndhmtkills
killdmnsfhldepsteint killdmnsfhldepsteint
epsteintdkilllnfdhms epsteintdkilllnfdhms
ndkillftdsmepsteinlh ndkillftdsmepsteinlh
ddlmnftepsteinhskill ddlmnftepsteinhskill
fepsteinhsntddkilllm fepsteinhsntddkilllm
hnsdkilllftdmepstein hnsdkilllftdmepstein
nepsteinlmdkilldhfts nepsteinlmdkilldhfts
ntlepsteindmfdshkill ntlepsteindmfdshkill
killmlepsteindthnfsd killmlepsteindthnfsd
depsteinnlsfmhtkilld depsteinnlsfmhtkilld
dhepsteindsnlkillfmt dhepsteindsnlkillfmt
fhndskillepsteintldm fhndskillepsteintldm
lnsmkilltfdepsteindh lnsmkilltfdepsteindh
tlsfdmdepsteinnhkill tlsfdmdepsteinnhkill
mftkillepsteinndlhsd mftkillepsteinndlhsd
lhepsteinkilldtnmfsd lhepsteinkilldtnmfsd
lmhdtfdepsteinnkills lmhdtfdepsteinnkills
nhmkilllsftepsteindd nhmkilllsftepsteindd
