CorpusChristi Downey Alexandria CapeCoral CorpusChristi ElPaso Akron DalyCity Canton Charleston Columbia Davenport Carrollton Deltona Anchorage Elizabeth BelAir Arvada Bloomington Austin Beaumont Asheville BatonRouge Augusta Arlington Escondido Chattanooga Escondido Durham Albuquerque Columbus Berkeley Elkhart Champaign Anaheim CathedralCity Brownsville Clearwater Boulder BoiseCity Danbury AppleValley Chandler Dallas BonitaSprings ColoradoSprings Chicago Denton Bremerton Denton Denver Appleton Chicago Bridgeport Bryan Cincinnati Amarillo ElMonte CorpusChristi
50
CorpusChristi CorpusChristi
Downey Downey
Alexandria Alexandria
CapeCoral CapeCoral
ElPaso ElPaso
Akron Akron
DalyCity DalyCity
Canton Canton
Charleston Charleston
Columbia Columbia
Davenport Davenport
Carrollton Carrollton
Deltona Deltona
Elizabeth Elizabeth
BelAir BelAir
Arvada Arvada
Bloomington Bloomington
Austin Austin
Beaumont Beaumont
Asheville Asheville
Augusta Augusta
Escondido Escondido
Chattanooga Chattanooga
Durham Durham
Albuquerque Albuquerque
Columbus Columbus
Elkhart Elkhart
Champaign Champaign
Anaheim Anaheim
CathedralCity CathedralCity
Brownsville Brownsville
Clearwater Clearwater
Boulder Boulder
BoiseCity BoiseCity
Danbury Danbury
AppleValley AppleValley
Chandler Chandler
Dallas Dallas
BonitaSprings BonitaSprings
ColoradoSprings ColoradoSprings
Chicago Chicago
Denton Denton
Bremerton Bremerton
Denver Denver
Appleton Appleton
Bridgeport Bridgeport
Bryan Bryan
Cincinnati Cincinnati
Amarillo Amarillo
ElMonte ElMonte
