4HOMU JXLE1 X180A DDXG0 LIRLU 2C63O ZRPB5 YJ67U 8CLEZ 61QWU TY0L7 61QWU 4HOMU C7WKJ OIPRN P419D XEEQB SYV5N WI88U EDSMH WI88U P419D FC0PR FMCVK V8GEC 53Y1R K50JQ 6OA3K CFGE5 PXCIN 2BUI5 6WOBI WBT4L A1QRL 2BUI5 7GA8O FMCVK L2PQE LEBVZ L2PQE TCC7B 7U3JG 53Y1R CM5WA 4WDJE ELH5L UW44H 52MNN SA6G0 6VC3I Y61KP TBPBM M1HJR NPDI9 M1HJR ZHSBU 1RS2N 945CN FCYPJ TI35I RAAD4 FCYPJ 9WSXC FRZVP 69BJO LLTLN HWKGJ LKP22 MC71K V22SY KY9LT LLTLN HWKGJ T9O11 PYPSO 8EXDQ DCHO3 RU85S HZHRA 50J5H H1LTE C45HH BVMDZ H1LTE OLLV9 C8O6I 45JXE DOLRQ PTADN IF7TL 6ACGE ZN2EP IZESQ Q5DAA ZZH8Z WP2MA ZZH8Z SKPO7 0D2BR Q5DAA 3AIXW 0VPRW WZB33 Q5DAA KOYRV 0U9HU KC9RF 2P5XR W2M5C Q7FCL 4WDJE BE5V8 2P5XR VHCFR AT3CI SHOOM AT3CI 768ZF AT3CI W2H22 1X6L1 WXZHF DTPF4 TORQI 1F0YL L2GJ5 PMFJ2 O9J47 4HOMU
100
JXLE1 JXLE1
X180A X180A
DDXG0 DDXG0
LIRLU LIRLU
2C63O 2C63O
ZRPB5 ZRPB5
YJ67U YJ67U
8CLEZ 8CLEZ
61QWU 61QWU
TY0L7 TY0L7
C7WKJ C7WKJ
OIPRN OIPRN
P419D P419D
XEEQB XEEQB
SYV5N SYV5N
WI88U WI88U
EDSMH EDSMH
FC0PR FC0PR
V8GEC V8GEC
53Y1R 53Y1R
K50JQ K50JQ
6OA3K 6OA3K
CFGE5 CFGE5
PXCIN PXCIN
2BUI5 2BUI5
6WOBI 6WOBI
A1QRL A1QRL
7GA8O 7GA8O
L2PQE L2PQE
LEBVZ LEBVZ
TCC7B TCC7B
7U3JG 7U3JG
CM5WA CM5WA
4WDJE 4WDJE
ELH5L ELH5L
UW44H UW44H
52MNN 52MNN
SA6G0 SA6G0
Y61KP Y61KP
TBPBM TBPBM
M1HJR M1HJR
NPDI9 NPDI9
ZHSBU ZHSBU
1RS2N 1RS2N
945CN 945CN
TI35I TI35I
RAAD4 RAAD4
FCYPJ FCYPJ
9WSXC 9WSXC
FRZVP FRZVP
69BJO 69BJO
HWKGJ HWKGJ
LKP22 LKP22
MC71K MC71K
V22SY V22SY
LLTLN LLTLN
T9O11 T9O11
PYPSO PYPSO
8EXDQ 8EXDQ
DCHO3 DCHO3
RU85S RU85S
HZHRA HZHRA
50J5H 50J5H
H1LTE H1LTE
C45HH C45HH
BVMDZ BVMDZ
OLLV9 OLLV9
C8O6I C8O6I
45JXE 45JXE
DOLRQ DOLRQ
PTADN PTADN
IF7TL IF7TL
6ACGE 6ACGE
ZN2EP ZN2EP
IZESQ IZESQ
Q5DAA Q5DAA
ZZH8Z ZZH8Z
WP2MA WP2MA
SKPO7 SKPO7
0D2BR 0D2BR
3AIXW 3AIXW
0VPRW 0VPRW
WZB33 WZB33
KOYRV KOYRV
0U9HU 0U9HU
KC9RF KC9RF
W2M5C W2M5C
Q7FCL Q7FCL
BE5V8 BE5V8
VHCFR VHCFR
AT3CI AT3CI
SHOOM SHOOM
768ZF 768ZF
W2H22 W2H22
WXZHF WXZHF
DTPF4 DTPF4
TORQI TORQI
1F0YL 1F0YL
L2GJ5 L2GJ5
PMFJ2 PMFJ2
