cy4fm C565q yMPWG NvAYI 1H2uK 19YKC tao9t hOy4D Iks3D Xhpv3 19YKC dU1Ub 19YKC P8Fbf yFKGt 1H2uK 8aYYW 1H2uK 7l0Vw F2nEN IjjWK 1H2uK gk2cW AWuA9 jse5F u4uj9 wdXpe 8RNd8 wdXpe w4BF1 wdXpe vSPJ5 mY2cU OoKEI NvAYI 6ceXl lA2MC dwc7b KYsbm X6hJp g95ez EWhpw NvAYI kbRYl 7XIxZ di7h7 GHZOS Ib5xu 5rdYI di7h7 BoNoJ 7XIxZ qt5AA 7XIxZ Vjg5l C0eRL mY2cU P3lE7 NvAYI Iks3D NvAYI FnVf8 yMPWG G6G4p DCl5F 7Lw2B rUUVt yMPWG Cfmbw nogr2 3iQ53 nogr2 zQjQm 2Fhi4 OFvld C565q uWr4y C565q LNh60 C565q uT5W0 C565q cy4fm
50
C565q C565q
yMPWG yMPWG
NvAYI NvAYI
1H2uK 1H2uK
19YKC 19YKC
tao9t tao9t
hOy4D hOy4D
Xhpv3 Xhpv3
dU1Ub dU1Ub
P8Fbf P8Fbf
yFKGt yFKGt
8aYYW 8aYYW
7l0Vw 7l0Vw
F2nEN F2nEN
IjjWK IjjWK
gk2cW gk2cW
jse5F jse5F
wdXpe wdXpe
8RNd8 8RNd8
w4BF1 w4BF1
vSPJ5 vSPJ5
OoKEI OoKEI
6ceXl 6ceXl
lA2MC lA2MC
KYsbm KYsbm
X6hJp X6hJp
EWhpw EWhpw
kbRYl kbRYl
7XIxZ 7XIxZ
di7h7 di7h7
GHZOS GHZOS
5rdYI 5rdYI
BoNoJ BoNoJ
qt5AA qt5AA
Vjg5l Vjg5l
C0eRL C0eRL
P3lE7 P3lE7
Iks3D Iks3D
FnVf8 FnVf8
G6G4p G6G4p
DCl5F DCl5F
rUUVt rUUVt
Cfmbw Cfmbw
nogr2 nogr2
3iQ53 3iQ53
zQjQm zQjQm
OFvld OFvld
uWr4y uWr4y
LNh60 LNh60
uT5W0 uT5W0
