10 59 15 53 30 88 30 52 30 35 64 65 26 96 20 58 10 92 10 58 10 14 69 68 21 23 89 54 55 90 2 82 83 82 2 63 95 94 62 43 77 76 46 48 78 79 48 42 81 42 80 19 8 61 93 60 61 6 97 66 40 67 98 67 43 23 74 75 24 45 73 72 41 87 51 87 86 50 4 57 91 56 9 57 9 3 71 34 70 3 0 84 85 20 58 10
49
59 59
53 53
88 88
52 52
64 64
65 65
96 96
92 92
58 58
69 69
68 68
89 89
54 54
55 55
90 90
82 82
83 83
63 63
95 95
94 94
62 62
77 77
76 76
78 78
79 79
81 81
80 80
61 61
93 93
60 60
97 97
66 66
67 67
98 98
74 74
75 75
73 73
72 72
87 87
51 51
86 86
50 50
91 91
56 56
57 57
71 71
70 70
84 84
85 85
