55 2 12 31 61 12 18 3 4 7 9 25 32 54 69 108 35 46 5 81 7 104 112 15 11 44 80 19 16 34 48 89 107 6 21 6 41 103 13 20 106 37 39 49 3 57 3 62 63 67 75 3 85 3 92 93 98 3 110 1 23 27 29 36 2 42 45 51 52 58 60 65 70 71 2 72 73 2 77 79 2 83 87 90 94 2 96 99 2 100 2 102 55
74
55 55
2 2
12 12
31 31
61 61
18 18
3 3
4 4
7 7
9 9
25 25
32 32
54 54
69 69
108 108
35 35
46 46
81 81
104 104
112 112
15 15
11 11
44 44
80 80
16 16
34 34
48 48
89 89
107 107
6 6
21 21
41 41
103 103
13 13
20 20
106 106
37 37
39 39
49 49
57 57
62 62
63 63
67 67
75 75
85 85
92 92
93 93
98 98
110 110
23 23
27 27
29 29
36 36
42 42
45 45
51 51
52 52
58 58
60 60
65 65
70 70
71 71
72 72
73 73
77 77
79 79
83 83
87 87
90 90
94 94
96 96
99 99
100 100
102 102
