COM NER MYT ARM MYT NER MTQ NER COM MDG IDN COL IDN KOR IDN MMR NPL PRY MDA PRY BIH AZE BDI BHR BLM BEN BMU BRB BHS BIH PRY MOZ PRY NRU CAF CIV BVT LKA BVT CRI MLT PSE MLT CRI KGZ LAO LUX NIC ABW NIC AUS ATG AUS NIC IRL NIC ITA NIC LUX LAO KNA KGZ HMD HRV ROU SLB PYF RUS SGP QAT ALB QAT COM HKG HTI GUM HTI CAN HTI HKG KAZ HKG COM REU SDN MEX POL PNG POL ARE POL MEX MLI CPV LIE LTU KWT LTU LIE CPV COK HND MAR HND GRC GMB NGA NFK ALA NFK JEY NGA FSM FIN GAB ESP GEO GHA GIB EGY FLK GBR FRA ESH ECU ESH FRA GIN FSM NGA GMB PCN PAN MHL MAC MHL CPV RWA SAU REU AFG REU COM SGS NZL SGS LBR SGS SHN CHN COD HUN PAK GNQ PAK HUN JPN LBN LVA COG CHN SHN SGS KHM SGS PRK NIU IRN IOT IRN MYS DZA MYS IRN NIU CZE DEU CXR DEU CYP CZE NIU PRK SGS MUS DJI DMA DJI MUS SGS COM
100
NER NER
MYT MYT
ARM ARM
MTQ MTQ
IDN IDN
COL COL
KOR KOR
MMR MMR
NPL NPL
PRY PRY
MDA MDA
AZE AZE
BDI BDI
BHR BHR
BLM BLM
BEN BEN
BMU BMU
BHS BHS
MOZ MOZ
NRU NRU
CAF CAF
CIV CIV
LKA LKA
PSE PSE
LAO LAO
LUX LUX
NIC NIC
ABW ABW
AUS AUS
ATG ATG
IRL IRL
ITA ITA
KNA KNA
HMD HMD
HRV HRV
RUS RUS
ALB ALB
HKG HKG
HTI HTI
GUM GUM
CAN CAN
KAZ KAZ
REU REU
SDN SDN
MEX MEX
POL POL
PNG PNG
ARE ARE
MLI MLI
CPV CPV
LIE LIE
LTU LTU
KWT KWT
COK COK
HND HND
MAR MAR
GRC GRC
GMB GMB
NFK NFK
ALA ALA
JEY JEY
FSM FSM
FIN FIN
GAB GAB
ESP ESP
GEO GEO
GHA GHA
GIB GIB
EGY EGY
GBR GBR
FRA FRA
ESH ESH
ECU ECU
GIN GIN
PAN PAN
MAC MAC
RWA RWA
AFG AFG
SGS SGS
NZL NZL
LBR LBR
SHN SHN
CHN CHN
COD COD
HUN HUN
PAK PAK
GNQ GNQ
JPN JPN
LBN LBN
COG COG
KHM KHM
NIU NIU
IRN IRN
IOT IOT
DZA DZA
DEU DEU
CXR CXR
CYP CYP
DJI DJI
DMA DMA
