Soda 73 76 42 37 6 19 11 61 38 99 18 82 70 32 34 97 74 40 51 40 48 91 62 86 55 66 92 33 24 80 22 100 98 100 5 90 28 9 101 94 12 69 59 85 84 47 63 45 23 36 57 78 7 13 29 95 79 21 79 65 67 2 87 29 4 13 96 13 15 46 56 35 88 83 54 89 50 43 60 125 53 30 31 39 8 44 71 72 81 77 49 14 52 41 17 27 75 64 86 20 26 16 68 58 93 10 25 3 Soda
100
73 73
76 76
42 42
37 37
6 6
19 19
11 11
61 61
38 38
99 99
18 18
82 82
70 70
32 32
34 34
97 97
74 74
40 40
51 51
48 48
91 91
62 62
55 55
66 66
92 92
33 33
24 24
80 80
22 22
100 100
98 98
5 5
90 90
28 28
9 9
101 101
94 94
12 12
69 69
59 59
85 85
84 84
47 47
63 63
45 45
23 23
36 36
57 57
78 78
7 7
13 13
29 29
95 95
79 79
21 21
65 65
67 67
2 2
87 87
4 4
96 96
15 15
46 46
56 56
35 35
88 88
83 83
54 54
89 89
50 50
43 43
60 60
53 53
30 30
31 31
39 39
8 8
44 44
71 71
72 72
81 81
77 77
49 49
14 14
52 52
41 41
17 17
27 27
75 75
64 64
86 86
20 20
26 26
16 16
68 68
58 58
93 93
10 10
25 25
3 3
