Wurster Class Hilgard Montgomery Tennessee Alabama Kleeberger Goldman Moses Boston Massachusetts Sather Stanley Chan Maxwell Parking Vermont Simpson Silver Indianapolis Honolulu Optometry Juneau Idaho Raleigh Oregon Anthony McLaughlin Pitzer Cory Sutardja Frank Florida Gilman Nevada North Hazardous Barrows Simon Visitor Recreational Hesse Salem California Moffitt Blackwell Observatory Brain Spieker Pennsylvania Wurster
50
Wurster Wurster
Class Class
Hilgard Hilgard
Montgomery Montgomery
Tennessee Tennessee
Alabama Alabama
Kleeberger Kleeberger
Goldman Goldman
Moses Moses
Boston Boston
Massachusetts Massachusetts
Sather Sather
Stanley Stanley
Chan Chan
Maxwell Maxwell
Parking Parking
Vermont Vermont
Simpson Simpson
Silver Silver
Indianapolis Indianapolis
Honolulu Honolulu
Optometry Optometry
Juneau Juneau
Idaho Idaho
Raleigh Raleigh
Oregon Oregon
Anthony Anthony
McLaughlin McLaughlin
Pitzer Pitzer
Cory Cory
Sutardja Sutardja
Frank Frank
Florida Florida
Gilman Gilman
Nevada Nevada
North North
Hazardous Hazardous
Barrows Barrows
Simon Simon
Visitor Visitor
Recreational Recreational
Hesse Hesse
Salem Salem
California California
Moffitt Moffitt
Blackwell Blackwell
Observatory Observatory
Brain Brain
Spieker Spieker
Pennsylvania Pennsylvania
