Rhode Life University Kentucky Annapolis Baton Campanile Nevada Bowles Tang Columbia Cleary Warren Blackwell Energy Pennsylvania Springer Police Concord Hearst Hawaii Wisconsin Observatory Bancroft BART CNMAT Clark Mississippi Insectary Austin Jefferson Columbus Hargrove Lansing Montana Moses Cory Krutch Simon Class Maxwell Maryland Durant Tennessee Little Hertz Stadium Minnesota International Topeka West Montgomery McLaughlin Lower Illinois Richmond Providence Moffitt Morrison Haste Boalt Sproul Jacobs Barrows Nashville Utah Durham Heating Etcheverry Hartford Foothill Edwards Mathematical Salt Jones Trenton Florida Chvez Berkeley Oregon LeConte Brain Birge Chou Simpson Santa Madison Cheyenne East Harrisburg Martin Michigan Silver Grinnell Mulford Valley Hellman Olympia McEnerney Donner Rhode
100
Rhode Rhode
Life Life
University University
Kentucky Kentucky
Annapolis Annapolis
Baton Baton
Campanile Campanile
Nevada Nevada
Bowles Bowles
Tang Tang
Columbia Columbia
Cleary Cleary
Warren Warren
Blackwell Blackwell
Energy Energy
Pennsylvania Pennsylvania
Springer Springer
Police Police
Concord Concord
Hearst Hearst
Hawaii Hawaii
Wisconsin Wisconsin
Observatory Observatory
Bancroft Bancroft
BART BART
CNMAT CNMAT
Clark Clark
Mississippi Mississippi
Insectary Insectary
Austin Austin
Jefferson Jefferson
Columbus Columbus
Hargrove Hargrove
Lansing Lansing
Montana Montana
Moses Moses
Cory Cory
Krutch Krutch
Simon Simon
Class Class
Maxwell Maxwell
Maryland Maryland
Durant Durant
Tennessee Tennessee
Little Little
Hertz Hertz
Stadium Stadium
Minnesota Minnesota
International International
Topeka Topeka
West West
Montgomery Montgomery
McLaughlin McLaughlin
Lower Lower
Illinois Illinois
Richmond Richmond
Providence Providence
Moffitt Moffitt
Morrison Morrison
Haste Haste
Boalt Boalt
Sproul Sproul
Jacobs Jacobs
Barrows Barrows
Nashville Nashville
Utah Utah
Durham Durham
Heating Heating
Etcheverry Etcheverry
Hartford Hartford
Foothill Foothill
Edwards Edwards
Mathematical Mathematical
Salt Salt
Jones Jones
Trenton Trenton
Florida Florida
Chvez Chvez
Berkeley Berkeley
Oregon Oregon
LeConte LeConte
Brain Brain
Birge Birge
Chou Chou
Simpson Simpson
Santa Santa
Madison Madison
Cheyenne Cheyenne
East East
Harrisburg Harrisburg
Martin Martin
Michigan Michigan
Silver Silver
Grinnell Grinnell
Mulford Mulford
Valley Valley
Hellman Hellman
Olympia Olympia
McEnerney McEnerney
Donner Donner
