Donner Cyclotron Helena Optometry Santa North McCone Juneau Wurster Haste Haas Phoenix Recreational Gilman Foothill Ishi Illinois Topeka Minnesota Tallahassee Old Gayley Iowa Life Providence Donner
25
Donner Donner
Cyclotron Cyclotron
Helena Helena
Optometry Optometry
Santa Santa
North North
McCone McCone
Juneau Juneau
Wurster Wurster
Haste Haste
Haas Haas
Phoenix Phoenix
Recreational Recreational
Gilman Gilman
Foothill Foothill
Ishi Ishi
Illinois Illinois
Topeka Topeka
Minnesota Minnesota
Tallahassee Tallahassee
Old Old
Gayley Gayley
Iowa Iowa
Life Life
Providence Providence
