AY AZ AG AK AJ Q R P O P R T AN BY BG BF AM BE CT BE AM BF AI S AI BD BA BD AI BF BG CA BG CB BG BF AI BD BC AG AZ AY AW AV AW AU AS AP AQ AO AQ BL BK BJ BI BJ BK BN BK BJ CD CC CD BJ BK BL AQ AP V AP AS AU AW AV BM BS CL CN CJ CK CJ CN CQ CP CS CQ CN CM CO CM CN CL BS BM AV AW AY AX AD AE Y AC D F G F N H N F I F N M N K N F D X B A B E D AC Y AE AD AX AY
40
AG AG
AJ AJ
P P
O O
T T
BG BG
BF BF
AM AM
CT CT
S S
BA BA
CA CA
CB CB
AV AV
AS AS
AQ AQ
AO AO
BJ BJ
BI BI
BN BN
CC CC
V V
CN CN
CK CK
CP CP
CS CS
CO CO
AX AX
AD AD
Y Y
D D
F F
G G
H H
I I
M M
K K
X X
B B
A A
