BukitBatokEast Simei SungeiRoad Sudong RobertsonQuay Redhill PearlsHill Redhill Gombak LeonieHill BukitBatokEast TiongBahruStation RiverValley SwissClub Frankel Tengeh Safti LowerSeletar DowntownCore GaliBatuMandai Bendemeer NeeSoon ChoaChuKang GhimMoh CityHall Hillcrest TanjongPagar SimpangNorth Sembawang JooKoon Tyersall TiongBahruStation BukitBatokEast
25
Simei Simei
SungeiRoad SungeiRoad
Sudong Sudong
Redhill Redhill
PearlsHill PearlsHill
LeonieHill LeonieHill
TiongBahruStation TiongBahruStation
RiverValley RiverValley
SwissClub SwissClub
Frankel Frankel
Tengeh Tengeh
Safti Safti
LowerSeletar LowerSeletar
DowntownCore DowntownCore
GaliBatuMandai GaliBatuMandai
NeeSoon NeeSoon
ChoaChuKang ChoaChuKang
GhimMoh GhimMoh
CityHall CityHall
Hillcrest Hillcrest
TanjongPagar TanjongPagar
SimpangNorth SimpangNorth
Sembawang Sembawang
JooKoon JooKoon
Tyersall Tyersall
