YuhuaEast Sennett SerangoonGarden SingaporeRiver ChinaSquare SerangoonNorth TagoreSindo Punggol Matilda Geylang Mandai PasirRis SembawangStraits OneTreeHill HongKah UpperThomson HongKah Trafalgar Serangoon Brickworks DhobyGhaut ClementiNorth EvertonPark ReservoirView PulauPunggolTimor Khatib SimpangNorth Paterson SimpangNorth AlexandraNorth SimpangNorth Khatib SerangoonCentral Port BukitTimah ChoaChuKang DefuIndustrialPark HougangCentral Saujana BoatQuay Aljunied YioChuKang ChangiWest TanglinHalt MandaiEast Kembangan SungeiKadut TelokBlangahRise Sentosa JurongWestCentral OneNorth BoonLayPlace LowerSeletar PearlsHill Cairnhill SembawangStraits Shipyard PasirRisPark OrangeGrove PeoplesPark BayfrontSubzone Gombak Dunearn SouthernIslands HongKahNorth KeatHong YioChuKangEast UluPandan Dunearn SembawangHills SouthernIslands PayaLebarEast TohGuan PasirRisDrive TuasNorthPioneer Chatsworth InstitutionHill RochorCanal InstitutionHill Chatsworth Commonwealth KentRidge Commonwealth SungeiRoad WaterwayEast SungeiRoad AngMoKioTownCentre ChangiPoint Bedok PangSua DairyFarm PeiChun JurongPort JooSengPayaLebar TampinesNorth Northland WoodlandsWest BukitBatokSouth Mountbatten Museum KebunBahru Tampines KebunBahru TuasBay TiongBahru TuasPromenade Tanglin PunggolField GeylangEast Moulmein BukitBatokWest BenoiSector Simpang CityHall BedokNorth IstanaNegara BedokSouth RafflesPlace Sembawang EastCoast YuhuaEast
100
Sennett Sennett
SerangoonGarden SerangoonGarden
SingaporeRiver SingaporeRiver
ChinaSquare ChinaSquare
SerangoonNorth SerangoonNorth
TagoreSindo TagoreSindo
Punggol Punggol
Matilda Matilda
Geylang Geylang
Mandai Mandai
PasirRis PasirRis
SembawangStraits SembawangStraits
OneTreeHill OneTreeHill
HongKah HongKah
UpperThomson UpperThomson
Trafalgar Trafalgar
Serangoon Serangoon
Brickworks Brickworks
DhobyGhaut DhobyGhaut
ClementiNorth ClementiNorth
EvertonPark EvertonPark
ReservoirView ReservoirView
PulauPunggolTimor PulauPunggolTimor
Khatib Khatib
SimpangNorth SimpangNorth
Paterson Paterson
AlexandraNorth AlexandraNorth
SerangoonCentral SerangoonCentral
Port Port
ChoaChuKang ChoaChuKang
DefuIndustrialPark DefuIndustrialPark
HougangCentral HougangCentral
Saujana Saujana
BoatQuay BoatQuay
Aljunied Aljunied
YioChuKang YioChuKang
ChangiWest ChangiWest
MandaiEast MandaiEast
Kembangan Kembangan
SungeiKadut SungeiKadut
TelokBlangahRise TelokBlangahRise
Sentosa Sentosa
JurongWestCentral JurongWestCentral
OneNorth OneNorth
BoonLayPlace BoonLayPlace
LowerSeletar LowerSeletar
PearlsHill PearlsHill
Cairnhill Cairnhill
Shipyard Shipyard
PasirRisPark PasirRisPark
OrangeGrove OrangeGrove
PeoplesPark PeoplesPark
BayfrontSubzone BayfrontSubzone
SouthernIslands SouthernIslands
HongKahNorth HongKahNorth
KeatHong KeatHong
YioChuKangEast YioChuKangEast
UluPandan UluPandan
SembawangHills SembawangHills
PayaLebarEast PayaLebarEast
TohGuan TohGuan
PasirRisDrive PasirRisDrive
TuasNorthPioneer TuasNorthPioneer
Chatsworth Chatsworth
InstitutionHill InstitutionHill
RochorCanal RochorCanal
Commonwealth Commonwealth
KentRidge KentRidge
SungeiRoad SungeiRoad
WaterwayEast WaterwayEast
AngMoKioTownCentre AngMoKioTownCentre
ChangiPoint ChangiPoint
PangSua PangSua
DairyFarm DairyFarm
PeiChun PeiChun
JurongPort JurongPort
JooSengPayaLebar JooSengPayaLebar
TampinesNorth TampinesNorth
Northland Northland
WoodlandsWest WoodlandsWest
BukitBatokSouth BukitBatokSouth
Mountbatten Mountbatten
Museum Museum
KebunBahru KebunBahru
Tampines Tampines
TuasBay TuasBay
TiongBahru TiongBahru
TuasPromenade TuasPromenade
Tanglin Tanglin
PunggolField PunggolField
GeylangEast GeylangEast
Moulmein Moulmein
BukitBatokWest BukitBatokWest
BenoiSector BenoiSector
CityHall CityHall
BedokNorth BedokNorth
IstanaNegara IstanaNegara
BedokSouth BedokSouth
Sembawang Sembawang
EastCoast EastCoast
