LeonieHill Yishun Phillip SerangoonGarden Victoria Sentosa Guilin GreenwoodPark Trafalgar GreenwoodPark FarrerPark SingaporePolytechnic Novena SungeiRoad Semakau KampongGlam Semakau ChoaChuKangCentral LoyangEast Sentosa PasirRisPark SembawangSprings SungeiRoad KallangWay AnchorvaleBuangkok YioChuKang MandaiWest NorthCoast BukitBatokCentral Boulevard Woodgrove PunggolTownCentre ConeyIsland JurongWestCentral NeeSoon Shipyard NeeSoon OrangeGrove DefuIndustrialPark Tyersall Outram Sennett Outram MonksHill SungeiKadut KampongUbi Kranji Cecil ChangiWest ClementiCentral AirportRoad TampinesWest YuhuaWestBoonLay Townsville TuasBay TanglinHalt Guilin PasirPanjang2 Springleaf BishanEast Ridout LeonieHill
50
Yishun Yishun
Phillip Phillip
SerangoonGarden SerangoonGarden
Victoria Victoria
Sentosa Sentosa
Guilin Guilin
GreenwoodPark GreenwoodPark
Trafalgar Trafalgar
FarrerPark FarrerPark
SingaporePolytechnic SingaporePolytechnic
Novena Novena
SungeiRoad SungeiRoad
Semakau Semakau
KampongGlam KampongGlam
ChoaChuKangCentral ChoaChuKangCentral
LoyangEast LoyangEast
SembawangSprings SembawangSprings
KallangWay KallangWay
AnchorvaleBuangkok AnchorvaleBuangkok
YioChuKang YioChuKang
MandaiWest MandaiWest
NorthCoast NorthCoast
BukitBatokCentral BukitBatokCentral
Boulevard Boulevard
Woodgrove Woodgrove
PunggolTownCentre PunggolTownCentre
ConeyIsland ConeyIsland
JurongWestCentral JurongWestCentral
NeeSoon NeeSoon
Shipyard Shipyard
OrangeGrove OrangeGrove
DefuIndustrialPark DefuIndustrialPark
Tyersall Tyersall
Outram Outram
Sennett Sennett
MonksHill MonksHill
SungeiKadut SungeiKadut
Kranji Kranji
ChangiWest ChangiWest
ClementiCentral ClementiCentral
AirportRoad AirportRoad
TampinesWest TampinesWest
YuhuaWestBoonLay YuhuaWestBoonLay
Townsville Townsville
TuasBay TuasBay
TanglinHalt TanglinHalt
PasirPanjang2 PasirPanjang2
Springleaf Springleaf
BishanEast BishanEast
Ridout Ridout
