139 18 11 85 2 72 69 17 98 2 147 2 153 2 157 8 178 1 47 32 148 165 148 32 152 32 47 176 47 191 24 99 58 1 89 13 30 21 79 114 79 21 113 30 144 30 156 30 187 135 43 14 15 31 25 111 25 141 25 31 131 103 81 122 81 15 118 15 128 15 142 37 23 146 23 182 7 60 7 74 32 183 27 96 145 4 6 188 6 101 64 17 36 158 5 35 104 33 67 33 104 75 91 61 10 37 109 37 130 36 147 82 5 95 182 119 158 106 1 172 98 2 161 9 78 9 84 189 84 9 184 9 53 16 26 48 26 71 198 49 65 16 77 123 77 138 53 16 108 16 186 134 101 11 127 22 41 44 41 112 41 22 105 22 125 88 168 57 39 173 39 38 134 18 139
100
18 18
11 11
85 85
2 2
72 72
69 69
98 98
147 147
153 153
157 157
8 8
178 178
1 1
47 47
32 32
148 148
165 165
152 152
176 176
191 191
58 58
89 89
13 13
30 30
21 21
79 79
114 114
113 113
144 144
156 156
187 187
43 43
14 14
15 15
31 31
25 25
111 111
141 141
131 131
81 81
122 122
118 118
128 128
142 142
23 23
146 146
182 182
7 7
60 60
74 74
27 27
96 96
145 145
188 188
64 64
158 158
5 5
35 35
104 104
33 33
67 67
75 75
91 91
37 37
109 109
130 130
82 82
95 95
119 119
106 106
172 172
161 161
9 9
78 78
84 84
189 189
184 184
16 16
26 26
48 48
71 71
198 198
65 65
77 77
123 123
138 138
108 108
186 186
101 101
127 127
22 22
41 41
44 44
112 112
105 105
125 125
57 57
39 39
173 173
134 134
