F8 O3 E3 I7 C3 C8 M6 F9 I4 L6 H5 Q7 B3 F6 Q7 H5 M0 R8 O2 N1 F2 C1 D4 N9 I0 S9 I4 F9 A0 N9 E6 D9 E4 D9 O1 S0 D8 T5 T8 H0 I8 F1 P6 I3 R0 S8 R0 O3 S2 P5 H6 N1 N2 T6 P9 K6 D8 G9 N0 T9 I2 A2 H2 D7 O6 G4 E5 G4 N8 D0 A1 K1 D3 C2 L9 L3 B2 H4 G0 E2 Q8 A8 B1 Q3 P7 Q5 B0 C4 P7 S7 N7 N2 K3 S5 G1 S5 J1 R7 L3 H1 I9 R9 I9 P2 H8 T1 P7 R6 P7 J2 I0 C0 I0 F1 I0 N4 A3 O5 A3 E7 L7 G6 Q2 G9 R4 J0 D6 A9 T0 H3 I6 B4 N6 B4 D5 E8 N9 K5 T0 Q0 N2 M7 M5 F8
100
O3 O3
E3 E3
C3 C3
C8 C8
M6 M6
F9 F9
I4 I4
L6 L6
H5 H5
Q7 Q7
B3 B3
F6 F6
M0 M0
R8 R8
O2 O2
F2 F2
C1 C1
D4 D4
S9 S9
A0 A0
D9 D9
E4 E4
O1 O1
S0 S0
D8 D8
T5 T5
T8 T8
H0 H0
I8 I8
P6 P6
I3 I3
R0 R0
S8 S8
S2 S2
P5 P5
H6 H6
N1 N1
P9 P9
K6 K6
G9 G9
N0 N0
T9 T9
I2 I2
A2 A2
H2 H2
D7 D7
E5 E5
G4 G4
N8 N8
A1 A1
K1 K1
D3 D3
C2 C2
L9 L9
B2 B2
H4 H4
G0 G0
E2 E2
Q8 Q8
A8 A8
Q3 Q3
P7 P7
Q5 Q5
B0 B0
C4 C4
S7 S7
N7 N7
N2 N2
K3 K3
S5 S5
G1 G1
J1 J1
H1 H1
I9 I9
R9 R9
P2 P2
T1 T1
R6 R6
J2 J2
I0 I0
C0 C0
F1 F1
N4 N4
O5 O5
A3 A3
E7 E7
G6 G6
R4 R4
J0 J0
A9 A9
T0 T0
H3 H3
I6 I6
B4 B4
N6 N6
D5 D5
E8 E8
K5 K5
Q0 Q0
M5 M5
