Qwilfish Tropius Drapion Taillow Paras Vullaby Jumpluff Plusle Jumpluff Vullaby Shellos Xerneas Wailord Xerneas Shellos Drampa Phanpy Skiddo Noibat Simisear Sandile Meloetta Porygon2 Meloetta Inkay Vespiquen Inkay Metapod Weezing Escavalier Weezing Metapod Sandile Simisear Slowbro Nincada Comfey Nincada Seaking Nincada Noibat Terrakion Politoed Tornadus Kakuna Treecko Kakuna Lumineon Kakuna Dewpider Whismur Bastiodon Whismur Metapod Metang Slurpuff Metang Crawdaunt Woobat Crawdaunt Scatterbug Tsareena Shellder Tsareena Scatterbug Honedge Weepinbell Honedge Skorupi Munna Swadloon Magnemite Yungoos Magnemite Shellos Magmar Volcarona Steenee Wartortle Zekrom Conkeldurr Zekrom Wartortle Lotad Amoonguss Stufful Amoonguss Dewpider Froakie Bounsweet Gengar Tauros Gengar Drampa Qwilfish
64
Qwilfish Qwilfish
Tropius Tropius
Drapion Drapion
Taillow Taillow
Paras Paras
Vullaby Vullaby
Jumpluff Jumpluff
Plusle Plusle
Shellos Shellos
Xerneas Xerneas
Wailord Wailord
Drampa Drampa
Phanpy Phanpy
Skiddo Skiddo
Noibat Noibat
Simisear Simisear
Sandile Sandile
Meloetta Meloetta
Porygon2 Porygon2
Inkay Inkay
Vespiquen Vespiquen
Metapod Metapod
Weezing Weezing
Escavalier Escavalier
Slowbro Slowbro
Nincada Nincada
Comfey Comfey
Seaking Seaking
Terrakion Terrakion
Politoed Politoed
Tornadus Tornadus
Kakuna Kakuna
Treecko Treecko
Lumineon Lumineon
Dewpider Dewpider
Whismur Whismur
Bastiodon Bastiodon
Metang Metang
Slurpuff Slurpuff
Crawdaunt Crawdaunt
Woobat Woobat
Scatterbug Scatterbug
Tsareena Tsareena
Shellder Shellder
Honedge Honedge
Weepinbell Weepinbell
Skorupi Skorupi
Munna Munna
Swadloon Swadloon
Magnemite Magnemite
Yungoos Yungoos
Magmar Magmar
Volcarona Volcarona
Steenee Steenee
Wartortle Wartortle
Zekrom Zekrom
Conkeldurr Conkeldurr
Lotad Lotad
Amoonguss Amoonguss
Stufful Stufful
Froakie Froakie
Bounsweet Bounsweet
Gengar Gengar
Tauros Tauros
