Myrtle Montgomery Cathedral Bridgeport Hollywood Plen Erie Huntsville Minneapolis Lexington Kansas Joliet Deltona Alexandria Grays Garland Huntington Muskegon Hollywood Cedar Brownsville Lorain Harlingen Kissimmee Miramar Chicago Kissimmee Albuquerque Cary Champaign Madison Bradenton Hemet Dallas Chandler Macon Barnstable Albany Nashua Moreno Merced Aribel Abilene Hartford GreenBay Corpus Appleton Leominster Houma Deltona Lansing Bloomington Medford Kailua Mobile Buffalo Davidson Lafayette Baltimore Myrtle
50
Montgomery Montgomery
Cathedral Cathedral
Bridgeport Bridgeport
Plen Plen
Erie Erie
Huntsville Huntsville
Minneapolis Minneapolis
Lexington Lexington
Kansas Kansas
Joliet Joliet
Deltona Deltona
Alexandria Alexandria
Grays Grays
Huntington Huntington
Muskegon Muskegon
Hollywood Hollywood
Cedar Cedar
Brownsville Brownsville
Lorain Lorain
Harlingen Harlingen
Kissimmee Kissimmee
Miramar Miramar
Chicago Chicago
Albuquerque Albuquerque
Cary Cary
Champaign Champaign
Bradenton Bradenton
Hemet Hemet
Dallas Dallas
Chandler Chandler
Macon Macon
Barnstable Barnstable
Albany Albany
Nashua Nashua
Moreno Moreno
Merced Merced
Aribel Aribel
Abilene Abilene
Hartford Hartford
GreenBay GreenBay
Corpus Corpus
Appleton Appleton
Leominster Leominster
Houma Houma
Lansing Lansing
Bloomington Bloomington
Medford Medford
Mobile Mobile
Davidson Davidson
Baltimore Baltimore
