Soda AnthonyHall BerkeleyArtMuseum CalvinLaboratory ClarkKerrCampus CheitHall BlumHall BirgeHall BlackwellHall EshlemanHall AlumniHouse CareerCenter VLSB Dwinelle BarkerHall BanwayBldg EdwardsStadium CaliforniaHall DoeMemorialLibrary DonnerLab ChanShunAuditorium EtcheverryHall CNMAT DavisHall EvansDiamond BarrowLane BarrowsHall BARTStation Cory Campanile BerkeleyWayWest BrainImagingCenter ChouHall EastGate BancroftLibrary BoaltHall CyclotronRd CampbellHall EastAsianLibrary BotanicalGarden DurantHall Soda
40
AnthonyHall AnthonyHall
BerkeleyArtMuseum BerkeleyArtMuseum
CalvinLaboratory CalvinLaboratory
ClarkKerrCampus ClarkKerrCampus
CheitHall CheitHall
BlumHall BlumHall
BirgeHall BirgeHall
BlackwellHall BlackwellHall
EshlemanHall EshlemanHall
AlumniHouse AlumniHouse
CareerCenter CareerCenter
VLSB VLSB
Dwinelle Dwinelle
BarkerHall BarkerHall
BanwayBldg BanwayBldg
EdwardsStadium EdwardsStadium
CaliforniaHall CaliforniaHall
DoeMemorialLibrary DoeMemorialLibrary
DonnerLab DonnerLab
ChanShunAuditorium ChanShunAuditorium
EtcheverryHall EtcheverryHall
CNMAT CNMAT
DavisHall DavisHall
EvansDiamond EvansDiamond
BarrowLane BarrowLane
BarrowsHall BarrowsHall
BARTStation BARTStation
Cory Cory
Campanile Campanile
BerkeleyWayWest BerkeleyWayWest
BrainImagingCenter BrainImagingCenter
ChouHall ChouHall
EastGate EastGate
BancroftLibrary BancroftLibrary
BoaltHall BoaltHall
CyclotronRd CyclotronRd
CampbellHall CampbellHall
EastAsianLibrary EastAsianLibrary
BotanicalGarden BotanicalGarden
DurantHall DurantHall
