McLaughlinHall CareerCenter McLaughlinHall MoffittLibrary RedwoodGroveBotanica MathematicalSciences McLaughlinHall DurantHall SamsPad McLaughlinHall BotanicalGarden KroeberHall HasteStreetChildDeve McLaughlinHall VisitorCenter McLaughlinHall EnergyBiosciencesBui GrinnellNaturalArea EtcheverryHall RecreationalSportsFa McLaughlinHall EvansDiamond EastAsianStudiesInst WarrenHall HertzHall BancroftParkingStruc Library PublicAffairsOfficeo McLaughlinHall SeniorHall ResidentialStudentSe McLaughlinHall FacultyGlade McLaughlinHall BerkeleyArtMuseumand ZellerbachHall SimpsonCenterforStud LegendsAquaticCenter McLaughlinHall WitterRugbyField MagnesCollectionofJe McLaughlinHall Unit3ResidentHall WomensFacultyClub EshlemanHall JonesChildStudyCente McLaughlinHall GiauqueHall SpiekerAquaticsCompl InsectaryGreenhouse GianniniHall McLaughlinHall LevineFrickeSoftball AnnaHeadAlumnaeHall McLaughlinHall StrawberryCanyonRecr Romeos UCBerkeleyExtension CNMAT1750ArchSt GoldmanSchool McLaughlinHall CampusSharedServices StephensHall McLaughlinHall
48
McLaughlinHall McLaughlinHall
CareerCenter CareerCenter
MoffittLibrary MoffittLibrary
RedwoodGroveBotanica RedwoodGroveBotanica
MathematicalSciences MathematicalSciences
DurantHall DurantHall
SamsPad SamsPad
BotanicalGarden BotanicalGarden
KroeberHall KroeberHall
HasteStreetChildDeve HasteStreetChildDeve
VisitorCenter VisitorCenter
EnergyBiosciencesBui EnergyBiosciencesBui
GrinnellNaturalArea GrinnellNaturalArea
EtcheverryHall EtcheverryHall
RecreationalSportsFa RecreationalSportsFa
EvansDiamond EvansDiamond
EastAsianStudiesInst EastAsianStudiesInst
WarrenHall WarrenHall
HertzHall HertzHall
BancroftParkingStruc BancroftParkingStruc
Library Library
PublicAffairsOfficeo PublicAffairsOfficeo
SeniorHall SeniorHall
ResidentialStudentSe ResidentialStudentSe
FacultyGlade FacultyGlade
BerkeleyArtMuseumand BerkeleyArtMuseumand
ZellerbachHall ZellerbachHall
SimpsonCenterforStud SimpsonCenterforStud
LegendsAquaticCenter LegendsAquaticCenter
WitterRugbyField WitterRugbyField
MagnesCollectionofJe MagnesCollectionofJe
Unit3ResidentHall Unit3ResidentHall
WomensFacultyClub WomensFacultyClub
EshlemanHall EshlemanHall
JonesChildStudyCente JonesChildStudyCente
GiauqueHall GiauqueHall
SpiekerAquaticsCompl SpiekerAquaticsCompl
InsectaryGreenhouse InsectaryGreenhouse
GianniniHall GianniniHall
LevineFrickeSoftball LevineFrickeSoftball
AnnaHeadAlumnaeHall AnnaHeadAlumnaeHall
StrawberryCanyonRecr StrawberryCanyonRecr
Romeos Romeos
UCBerkeleyExtension UCBerkeleyExtension
CNMAT1750ArchSt CNMAT1750ArchSt
GoldmanSchool GoldmanSchool
CampusSharedServices CampusSharedServices
StephensHall StephensHall
