Pantheon Spectre Jhin Kled Skarner Bard CrystalMaiden KogMaw Disruptor Anivia Bard Maokai Bristleback Tailyah Magnus Tailyah Draven Jinx SpiritBreaker Rumble ChaosKnight Lich Ziggs CentaurWarrunner Galio Phoenix Jax WraithKing Lucian Akali Heimerdinger Tiny Talon NightStalker TrollWarlord Malphite Xerath MasterYi Nunu Ezreal Jayce Shyvana Ashe Morgana BountyHunter Lux Ahri ArcWarden Slark LoneDruid Oracle Pantheon
48
Spectre Spectre
Jhin Jhin
Kled Kled
Skarner Skarner
Bard Bard
CrystalMaiden CrystalMaiden
KogMaw KogMaw
Disruptor Disruptor
Anivia Anivia
Maokai Maokai
Bristleback Bristleback
Tailyah Tailyah
Magnus Magnus
Draven Draven
Jinx Jinx
SpiritBreaker SpiritBreaker
Rumble Rumble
ChaosKnight ChaosKnight
Lich Lich
Ziggs Ziggs
CentaurWarrunner CentaurWarrunner
Galio Galio
Phoenix Phoenix
Jax Jax
WraithKing WraithKing
Lucian Lucian
Akali Akali
Heimerdinger Heimerdinger
Tiny Tiny
Talon Talon
NightStalker NightStalker
TrollWarlord TrollWarlord
Malphite Malphite
Xerath Xerath
MasterYi MasterYi
Nunu Nunu
Ezreal Ezreal
Jayce Jayce
Shyvana Shyvana
Ashe Ashe
Morgana Morgana
BountyHunter BountyHunter
Lux Lux
Ahri Ahri
ArcWarden ArcWarden
Slark Slark
LoneDruid LoneDruid
Oracle Oracle
