0 4 10 8 9 133 131 142 148 6 11 15 22 15 127 122 120 125 115 13 18 13 5 13 10 135 143 135 10 12 19 24 25 28 23 16 23 27 33 35 43 42 73 77 78 77 52 47 51 53 49 30 31 36 44 147 141 23 28 85 28 29 30 29 76 7 76 84 83 76 104 97 89 96 98 101 94 93 95 93 134 104 110 109 24 26 32 40 34 39 40 118 40 45 52 60 56 64 68 64 137 138 56 60 65 66 67 62 146 62 70 75 69 75 80 119 123 119 80 82 81 86 82 75 132 128 121 10 49 55 115 108 105 113 114 111 117 120 145 0
100
0 0
4 4
10 10
8 8
9 9
133 133
131 131
142 142
148 148
11 11
15 15
22 22
127 127
122 122
120 120
125 125
18 18
5 5
13 13
135 135
143 143
12 12
19 19
24 24
25 25
28 28
23 23
16 16
27 27
33 33
35 35
43 43
42 42
73 73
77 77
78 78
47 47
51 51
53 53
31 31
36 36
44 44
141 141
85 85
29 29
30 30
76 76
7 7
84 84
83 83
104 104
97 97
89 89
96 96
98 98
101 101
94 94
93 93
95 95
134 134
110 110
109 109
26 26
32 32
40 40
34 34
39 39
118 118
45 45
60 60
56 56
64 64
68 68
137 137
138 138
65 65
66 66
67 67
62 62
146 146
70 70
75 75
69 69
80 80
119 119
123 123
82 82
81 81
86 86
132 132
128 128
49 49
55 55
108 108
105 105
113 113
114 114
111 111
117 117
145 145
