187 86 156 47 67 18 42 94 103 196 13 59 37 120 153 29 141 68 162 68 7 110 177 32 45 70 199 8 119 8 36 87 144 172 78 164 78 166 173 72 136 191 161 178 136 30 2 188 190 169 6 12 152 106 111 163 41 146 69 171 69 39 160 165 160 44 180 117 140 65 183 58 95 58 157 83 53 35 56 33 167 194 80 126 184 15 82 127 101 92 101 115 176 73 142 175 142 128 124 181 71 148 150 148 23 124 133 131 109 5 9 180 134 154 97 54 55 54 89 14 21 108 1 114 79 90 25 93 132 149 107 77 49 52 48 63 48 187
100
86 86
156 156
47 47
67 67
18 18
42 42
94 94
196 196
13 13
59 59
120 120
153 153
29 29
68 68
162 162
7 7
110 110
32 32
45 45
70 70
199 199
8 8
119 119
36 36
87 87
172 172
78 78
164 164
166 166
173 173
72 72
136 136
191 191
161 161
30 30
2 2
190 190
169 169
6 6
12 12
152 152
111 111
163 163
41 41
146 146
69 69
171 171
39 39
160 160
165 165
44 44
180 180
117 117
140 140
65 65
183 183
58 58
95 95
157 157
83 83
53 53
33 33
80 80
126 126
184 184
15 15
82 82
127 127
92 92
176 176
73 73
175 175
142 142
128 128
124 124
181 181
71 71
148 148
150 150
23 23
133 133
131 131
109 109
9 9
134 134
154 154
97 97
54 54
55 55
89 89
108 108
114 114
79 79
90 90
93 93
132 132
107 107
52 52
48 48
63 63
