0 7 161 147 89 87 61 19 185 143 63 159 131 105 179 135 93 127 175 151 199 165 129 1 149 21 107 31 141 59 133 65 145 67 95 83 183 153 69 109 51 49 13 191 79 181 111 103 17 11 55 29 27 91 137 33 177 43 187 197 75 71 195 101 119 15 173 53 125 35 117 99 193 189 157 121 9 77 97 115 47 5 113 81 85 139 23 45 37 25 123 155 39 41 167 57 171 73 169 3 163 0
100
7 7
161 161
147 147
89 89
87 87
61 61
19 19
185 185
143 143
63 63
159 159
131 131
105 105
179 179
135 135
93 93
127 127
175 175
151 151
199 199
165 165
129 129
1 1
149 149
21 21
107 107
31 31
141 141
59 59
133 133
65 65
145 145
67 67
95 95
83 83
183 183
153 153
69 69
109 109
51 51
49 49
13 13
191 191
79 79
181 181
111 111
103 103
17 17
11 11
55 55
29 29
27 27
91 91
137 137
33 33
177 177
43 43
187 187
197 197
75 75
71 71
195 195
101 101
119 119
15 15
173 173
53 53
125 125
35 35
117 117
99 99
193 193
189 189
157 157
121 121
9 9
77 77
97 97
115 115
47 47
5 5
113 113
81 81
85 85
139 139
23 23
45 45
37 37
25 25
123 123
155 155
39 39
41 41
167 167
57 57
171 171
73 73
169 169
3 3
163 163
