0 17 51 3 8 116 156 74 29 7 143 46 136 77 62 137 179 197 80 125 160 129 10 103 3 119 69 21 182 24 70 24 142 126 105 174 3 86 52 133 89 39 78 39 183 191 43 183 184 39 195 60 45 58 31 94 190 33 18 93 194 185 177 146 68 131 19 32 35 32 38 61 96 159 16 25 178 2 180 2 4 109 12 1 192 199 6 50 157 9 112 163 61 115 154 189 193 198 188 170 1 158 0
80
0 0
17 17
51 51
3 3
8 8
116 116
156 156
74 74
29 29
143 143
46 46
136 136
77 77
62 62
179 179
197 197
80 80
125 125
160 160
129 129
103 103
119 119
69 69
21 21
182 182
24 24
70 70
142 142
126 126
105 105
174 174
86 86
52 52
133 133
39 39
78 78
183 183
191 191
43 43
184 184
195 195
60 60
58 58
31 31
94 94
190 190
33 33
18 18
93 93
194 194
185 185
177 177
68 68
131 131
19 19
32 32
35 35
38 38
96 96
159 159
16 16
178 178
2 2
180 180
4 4
109 109
12 12
192 192
199 199
50 50
157 157
9 9
163 163
115 115
189 189
193 193
198 198
188 188
170 170
158 158
