gc gk em as ac ab cm dg u ds et bv j fh cp cr cp bn b v ai dn gq bu y es a bq fe e ff ga dx gn by bc ah ao cv cl ee cj bi el cs p gh fd fo ft bl an ad gj di gi d dh en ae dq bp aw gg dj dp do fi bj ge cy eq gi cq be bx ap bb bt bf fn ey ag fq fk at cz gm fr q dw fr dy fw cg fy db az cn fa br er go ck ep cd am g co as gc
100
gk gk
em em
as as
ac ac
ab ab
cm cm
dg dg
u u
ds ds
et et
bv bv
j j
fh fh
cp cp
cr cr
bn bn
b b
v v
ai ai
dn dn
gq gq
bu bu
y y
es es
a a
bq bq
fe fe
e e
ff ff
ga ga
dx dx
gn gn
by by
bc bc
ah ah
ao ao
cv cv
cl cl
ee ee
cj cj
bi bi
el el
cs cs
p p
gh gh
fd fd
fo fo
ft ft
bl bl
an an
ad ad
gj gj
di di
gi gi
d d
dh dh
en en
ae ae
dq dq
bp bp
aw aw
gg gg
dj dj
dp dp
do do
fi fi
bj bj
ge ge
eq eq
cq cq
bx bx
ap ap
bb bb
bt bt
fn fn
ey ey
fq fq
fk fk
at at
cz cz
gm gm
fr fr
q q
dw dw
dy dy
fw fw
cg cg
fy fy
db db
az az
cn cn
fa fa
br br
er er
go go
ck ck
ep ep
am am
g g
co co
