Liam Isaiah Joseph Mateo Alexander Mason Jayden Adam Ian Henry Ian Matthew Cooper Adrian Elijah Alexander Mateo Sebastian David Sebastian Josiah Eli Dominic Oliver Dominic Eli Jackson Eli Dominic Carter Benjamin Carter Ayden Roman Jacob Roman Dominic Eli Wyatt Eli Lucas Eli Josiah Colton Jaxson Michael Ezra Thomas James Thomas Dylan Owen Jose Sawyer John Sawyer Jose Owen Noah Jaxson Logan William Aiden Parker Gavin Luke Christopher Chase Jaxson Brayden Ethan Brayden Samuel Brayden Adam Robert Daniel Isaiah Liam
30
Liam Liam
Joseph Joseph
Alexander Alexander
Mason Mason
Jayden Jayden
Henry Henry
Matthew Matthew
Elijah Elijah
Sebastian Sebastian
David David
Oliver Oliver
Jackson Jackson
Carter Carter
Benjamin Benjamin
Jacob Jacob
Wyatt Wyatt
Lucas Lucas
Michael Michael
James James
Dylan Dylan
Owen Owen
John John
Noah Noah
Logan Logan
William William
Aiden Aiden
Luke Luke
Ethan Ethan
Samuel Samuel
Daniel Daniel
