Liam Benjamin Wyatt Benjamin Liam Aiden James David Matthew Joseph Jacob Joseph Michael Julian Ethan Jackson Lucas Julian Thomas Lincoln Daniel Mateo Alexander Samuel Alexander Henry Alexander Oliver Grayson William Mason William Carter William Elijah Mason Noah Logan Jaxon Sebastian Jaxon Liam
25
Liam Liam
Benjamin Benjamin
Wyatt Wyatt
Aiden Aiden
James James
David David
Matthew Matthew
Joseph Joseph
Jacob Jacob
Michael Michael
Ethan Ethan
Jackson Jackson
Lucas Lucas
Daniel Daniel
Samuel Samuel
Alexander Alexander
Henry Henry
Oliver Oliver
Mason Mason
William William
Carter Carter
Elijah Elijah
Noah Noah
Logan Logan
Sebastian Sebastian
