Liam Jordan Jack Joshua Lucas Noah Maverick Camden Bentley Jayden Bentley Camden Maverick Anthony Angel Jaxson Harrison Jesse Cooper Grant Max Lincoln Dylan Andrew Oliver Patrick Easton Richard Aiden Mateo Miguel Messiah John Matthew Jayce Gabriel Jayce Henry Malachi Bryson Leo Bryson Malachi Adam Colton Adam Malachi Henry Jayce Gabriel Cameron Caleb Elliott Carter Elliott Caleb Nicholas Daniel Jameson Jayce Gabriel Victor Dominic Victor Hayden Zion Messiah Eric Samuel Eric Greyson Eric Samuel Emmanuel Gael Wyatt Gael Dawson Alejandro Ian Alejandro Dawson Edward Sebastian Edward Dawson Zion Rhett Christian Rhett Zion Messiah John Kevin Nathan Connor Jasper Elliot Grayson Alexander Grayson Elliot Brody David Brody Elliot Jasper Connor Nathan Kevin Weston Jaxson Weston Kevin Finn Jacob Finn Kevin John Bennett Landon William Beau Dean Chase Aaron Michael Aaron Marcus Parker Marcus Waylon Gavin Zion Messiah Miguel Mateo Aiden Richard Preston Jonathan Brayden Asher Brayden Declan Dawson Tucker Charles Mason Charles Tucker Aiden Richard Zachary Hunter Thomas Hunter Steven James Isaac James Steven Sawyer Eli Sawyer Steven Xavier Ryan Nolan Elijah Adrian Elijah Nolan Logan Nolan Miles Luke Kingston Dean Zachary Jude Theodore Rowan Austin Rowan Theodore Jude Zachary Hunter Isaiah Hunter Zachary Jude Joseph Robert Joseph Jude Jace Jude Zachary Richard Preston Jose Ezra Jackson Ezra Ezekiel Jeremiah Ezekiel Ezra Jose Ashton Grant Antonio Kaleb Elias Kaleb Antonio Owen Antonio Kaleb Santiago Alan Jasper Ethan Brantley Kai Christopher Kai Carson Kai Brantley Ethan Juan Ivan Hudson Jameson Benjamin Jameson Matteo Julian Josiah Julian Matteo Jameson Benjamin Jaxon Waylon Gavin Dawson Oscar Levi Oscar Xander Leonardo Jordan Liam Evan Liam
90
Liam Liam
Jordan Jordan
Jack Jack
Joshua Joshua
Lucas Lucas
Noah Noah
Maverick Maverick
Jayden Jayden
Anthony Anthony
Angel Angel
Cooper Cooper
Lincoln Lincoln
Dylan Dylan
Andrew Andrew
Oliver Oliver
Easton Easton
Aiden Aiden
Mateo Mateo
John John
Matthew Matthew
Gabriel Gabriel
Henry Henry
Bryson Bryson
Leo Leo
Adam Adam
Colton Colton
Cameron Cameron
Caleb Caleb
Carter Carter
Nicholas Nicholas
Daniel Daniel
Dominic Dominic
Samuel Samuel
Greyson Greyson
Wyatt Wyatt
Ian Ian
Sebastian Sebastian
Christian Christian
Nathan Nathan
Connor Connor
Grayson Grayson
Alexander Alexander
David David
Jaxson Jaxson
Jacob Jacob
Landon Landon
William William
Aaron Aaron
Michael Michael
Parker Parker
Jonathan Jonathan
Brayden Brayden
Asher Asher
Charles Charles
Mason Mason
Hunter Hunter
Thomas Thomas
James James
Isaac Isaac
Eli Eli
Xavier Xavier
Ryan Ryan
Nolan Nolan
Elijah Elijah
Adrian Adrian
Logan Logan
Luke Luke
Theodore Theodore
Austin Austin
Isaiah Isaiah
Joseph Joseph
Robert Robert
Jace Jace
Jose Jose
Ezra Ezra
Jackson Jackson
Ezekiel Ezekiel
Jeremiah Jeremiah
Elias Elias
Owen Owen
Ethan Ethan
Christopher Christopher
Carson Carson
Hudson Hudson
Benjamin Benjamin
Julian Julian
Josiah Josiah
Jaxon Jaxon
Levi Levi
Evan Evan
