zero three zero five six seven zero five twelve eleven ten nine sixteen fifteen twentyone twenty nineteen eighteen twentyfive thirtytwo thirtyone thirtyeight thirtyseven thirtysix fortytwo fortyone forty thirtynine thirtyeight fortyfive fortysix fortyseven fortyeight fortyone thirtyfour thirtyfive thirtyfour twentyseven twenty thirteen fourteen seven zero
25
three three
five five
six six
seven seven
twelve twelve
eleven eleven
nine nine
sixteen sixteen
fifteen fifteen
twenty twenty
nineteen nineteen
eighteen eighteen
twentyfive twentyfive
thirtytwo thirtytwo
thirtyone thirtyone
thirtyeight thirtyeight
thirtyseven thirtyseven
fortytwo fortytwo
forty forty
fortyfive fortyfive
fortysix fortysix
thirtyfour thirtyfour
thirtyfive thirtyfive
thirteen thirteen
fourteen fourteen
