zero two three four five six five twelve thirteen fourteen thirteen twenty twentyone fifteen twentytwo twentythree twentyfour twentyfive twentyfour twentythree twentytwo twentynine thirty twentynine thirtyfive thirtyfour thirtythree thirtyfour thirtyfive twentynine thirtysix thirtyseven thirtyeight thirtynine thirtyeight thirtyseven fortyfour fortyfive fortysix fortyseven fortyeight fortynine fortythree fortyfour fiftyone fifty fiftysix fiftyfive fiftysix fifty fiftyseven sixtythree sixtytwo sixtyone sixty sixtyseven sixtysix sixtyfive sixtyfour seventy sixtynine sixtyeight seventyfive seventysix seventyseven seventyone seventyeight seventynine eighty eightyone eightytwo eightyone eightyeight eightyseven eightyeight eightynine eightyeight ninetyfive ninetysix ninetyseven ninetyeight ninetyone eightyfour eightythree eightytwo eightyone seventyfour sixtyseven sixty fiftythree fiftytwo fortyfive thirtyeight thirtyone twentyfour seventeen ten three zero
50
two two
three three
four four
five five
six six
twelve twelve
fourteen fourteen
twenty twenty
fifteen fifteen
twentytwo twentytwo
twentyfour twentyfour
twentyfive twentyfive
twentynine twentynine
thirty thirty
thirtyfive thirtyfive
thirtyfour thirtyfour
thirtythree thirtythree
thirtysix thirtysix
thirtyseven thirtyseven
thirtynine thirtynine
fortyfour fortyfour
fortyfive fortyfive
fortyseven fortyseven
fortyeight fortyeight
fiftyone fiftyone
fifty fifty
fiftyfive fiftyfive
fiftyseven fiftyseven
sixtytwo sixtytwo
sixtyone sixtyone
sixty sixty
sixtyseven sixtyseven
sixtysix sixtysix
sixtyfive sixtyfive
seventy seventy
sixtyeight sixtyeight
seventyfive seventyfive
seventyseven seventyseven
seventyone seventyone
seventyeight seventyeight
seventynine seventynine
eightyone eightyone
eightytwo eightytwo
eightyeight eightyeight
eightyseven eightyseven
eightynine eightynine
ninetyfive ninetyfive
eightyfour eightyfour
fiftythree fiftythree
ten ten
