0 20 79 12 36 12 32 99 42 35 8 10 88 3 95 3 127 40 57 91 1 61 162 49 77 188 47 87 44 107 47 67 105 73 64 54 80 19 74 52 71 58 81 58 39 18 39 184 21 96 16 21 65 56 24 163 26 37 68 72 22 72 9 121 153 50 68 29 75 62 34 94 82 63 173 75 11 85 66 2 5 31 4 179 48 46 48 45 176 43 37 26 93 26 41 69 41 30 68 180 23 148 97 27 97 76 7 76 60 116 55 116 197 25 38 14 3 88 53 15 86 135 59 70 59 89 83 98 90 28 84 33 17 6 51 6 78 17 13 190 70 182 92 150 109 0
100
0 0
20 20
79 79
12 12
36 36
32 32
99 99
42 42
35 35
8 8
10 10
88 88
3 3
95 95
40 40
57 57
91 91
1 1
61 61
49 49
77 77
47 47
87 87
44 44
67 67
73 73
64 64
54 54
80 80
19 19
74 74
52 52
71 71
58 58
81 81
39 39
18 18
21 21
96 96
16 16
65 65
56 56
24 24
26 26
37 37
68 68
72 72
22 22
9 9
50 50
29 29
75 75
62 62
34 34
94 94
82 82
63 63
11 11
85 85
66 66
2 2
5 5
31 31
4 4
46 46
48 48
45 45
43 43
93 93
41 41
69 69
30 30
23 23
97 97
27 27
76 76
7 7
60 60
55 55
25 25
38 38
14 14
53 53
15 15
86 86
70 70
59 59
89 89
83 83
98 98
90 90
28 28
84 84
33 33
17 17
6 6
51 51
78 78
13 13
92 92
