pump need preoccupation judicial reject survival hierarchy innovation hierarchy exercise lemon ensure pray park pray row aspect tip feign hallway sit minor fairy pipe category mud engineer distributor impound formulate sweet pray separate sticky button valley rock valley linger allow brain wear sacrifice wear genetic packet sentiment ghost diagram wage physical moment guideline fool parallel attractive admiration mouse anger pipe descent plug reflection forest gloom lot appearance unanimous float ground pedestrian nominate pursuit prospect prevent literature exercise freedom consideration line performance depressed range privilege allow polish title overlook affect vehicle leadership office pump
78
pump pump
need need
preoccupation preoccupation
judicial judicial
reject reject
survival survival
hierarchy hierarchy
innovation innovation
exercise exercise
lemon lemon
ensure ensure
pray pray
park park
row row
aspect aspect
tip tip
feign feign
hallway hallway
sit sit
minor minor
fairy fairy
category category
mud mud
engineer engineer
distributor distributor
impound impound
formulate formulate
sweet sweet
separate separate
sticky sticky
button button
valley valley
rock rock
linger linger
brain brain
wear wear
sacrifice sacrifice
genetic genetic
packet packet
sentiment sentiment
ghost ghost
diagram diagram
wage wage
physical physical
guideline guideline
parallel parallel
attractive attractive
admiration admiration
mouse mouse
anger anger
pipe pipe
descent descent
plug plug
reflection reflection
forest forest
gloom gloom
lot lot
appearance appearance
unanimous unanimous
float float
ground ground
pedestrian pedestrian
nominate nominate
pursuit pursuit
prospect prospect
literature literature
freedom freedom
consideration consideration
line line
performance performance
depressed depressed
range range
privilege privilege
polish polish
title title
overlook overlook
affect affect
leadership leadership
