paint wooden stink blade route slam trucks rake inherit desire glamorous ray glamorous determine complain learning ambiguous fetch ice same floor diligent measure thumb imported indicate nutty finish paint
25
paint paint
wooden wooden
stink stink
blade blade
route route
slam slam
rake rake
inherit inherit
desire desire
glamorous glamorous
ray ray
determine determine
complain complain
learning learning
ambiguous ambiguous
ice ice
same same
floor floor
diligent diligent
measure measure
thumb thumb
imported imported
indicate indicate
nutty nutty
finish finish
