context bedroom farmer bedroom bit thanks state ability recognition road construction aspect teaching care price departure aspect bread fat attempt fun satisfaction reality satisfaction currency store currency wood construction while construction anxiety bit soil context interaction context
25
context context
bedroom bedroom
farmer farmer
bit bit
thanks thanks
state state
ability ability
road road
construction construction
aspect aspect
teaching teaching
care care
departure departure
bread bread
fat fat
attempt attempt
satisfaction satisfaction
reality reality
currency currency
store store
wood wood
while while
anxiety anxiety
soil soil
interaction interaction
