engine menu error office error secretary error standard error eye error model stranger meal aspect measurement equipment performance song promotion bath card fact effort song engine business process engine speech age reputation grandmother reputation tension reputation tooth reputation machine reputation volume ratio feature interaction mind interaction director choice interaction clothes poetry drawing poetry answer education network significance funeral network flight temperature police problem money stranger difficulty delivery data extent war supermarket dealer satisfaction network situation network girl series area stranger politics temperature preparation view temperature piano extent section analyst extent source stranger side emphasis age member age light energy tool extent leadership extent failure age moment age material age accident beginning age dirt beer two age ear age country extent town age variation sympathy understanding age class temperature engineering teacher engine chapter engine tax engine drawer engine figure engine sport engine time engine bus engine worker idea birth engine singer engine departure engine buyer engine editor engine space engine step teaching engine
100
engine engine
menu menu
error error
office office
secretary secretary
standard standard
eye eye
model model
meal meal
aspect aspect
measurement measurement
performance performance
promotion promotion
card card
fact fact
song song
business business
process process
speech speech
age age
reputation reputation
grandmother grandmother
tension tension
tooth tooth
machine machine
volume volume
ratio ratio
interaction interaction
mind mind
director director
choice choice
clothes clothes
drawing drawing
answer answer
education education
significance significance
funeral funeral
flight flight
temperature temperature
police police
problem problem
money money
difficulty difficulty
delivery delivery
data data
war war
dealer dealer
satisfaction satisfaction
situation situation
girl girl
series series
area area
politics politics
preparation preparation
view view
piano piano
section section
analyst analyst
source source
side side
emphasis emphasis
member member
light light
energy energy
tool tool
leadership leadership
failure failure
moment moment
material material
accident accident
beginning beginning
dirt dirt
beer beer
two two
ear ear
country country
town town
variation variation
sympathy sympathy
understanding understanding
class class
engineering engineering
teacher teacher
chapter chapter
tax tax
drawer drawer
figure figure
sport sport
time time
bus bus
worker worker
idea idea
birth birth
singer singer
departure departure
buyer buyer
editor editor
space space
step step
teaching teaching
