S Q D C E B W AW X AN AD AN AH AN AI AN AJ AN AL AN AP M AV AN BE AN BK AN BN AN BO AN BR AN BU AN BY AN CH AN CI AN CL K CO AN CW CB CT GJ BF AW BZ AW CC AW CK H AC CS AW CU AW AY AW AR B AX B BD B CA C AU C BG C BV C CR AB U D AF D AM D AT D AZ I BP D CF D CV J O J Y J Z J AQ J AS J BS J BW CB L Q P Q AA Q AE Q AG Q AK Q AO Q BA Q BB Q BC Q BH Q BI Q BJ Q BL Q BM Q BQ Q BT Q BX Q CD F CM F V G N A T R V CE Q CJ Q CN Q CP Q CQ Q S
100
S S
Q Q
D D
C C
E E
B B
W W
AW AW
X X
AN AN
AD AD
AH AH
AI AI
AJ AJ
AL AL
AP AP
M M
AV AV
BE BE
BK BK
BN BN
BO BO
BR BR
BU BU
BY BY
CH CH
CI CI
CL CL
K K
CO CO
CW CW
CT CT
BF BF
BZ BZ
CC CC
CK CK
H H
AC AC
CS CS
CU CU
AY AY
AR AR
AX AX
BD BD
CA CA
AU AU
BG BG
BV BV
CR CR
AB AB
U U
AF AF
AM AM
AT AT
AZ AZ
I I
BP BP
CF CF
CV CV
J J
O O
Y Y
Z Z
AQ AQ
AS AS
BS BS
BW BW
CB CB
L L
P P
AA AA
AE AE
AG AG
AK AK
AO AO
BA BA
BB BB
BC BC
BH BH
BI BI
BJ BJ
BL BL
BM BM
BQ BQ
BT BT
BX BX
CD CD
F F
CM CM
V V
G G
N N
A A
T T
R R
CE CE
CJ CJ
CN CN
CP CP
CQ CQ
