Wheeler Dwinelle Wheeler Sproul Wheeler Doe Campanile LeConte Birge Campbell Haviland Memorial McLaughlin Memorial Minor Haas Stonefire Koshland RSF Koshland Stonefire Haas Faculty FSM Baker McCone CKerr McCone Baker CZ Fiji CZ Baker McCone BigC Pavilion PeoplePark Pavilion Simons Koja Legends Koja TriDelta Koja LaNote Unit2 LaNote Simons Pavilion BigC McCone Baker FSM Faculty Haas Minor Maxwell MemorialStadium Hargrove MemorialStadium Maxwell Minor Memorial McLaughlin South Stephens Moses Stephens HearstAnnex Anthony GBC WayWest Warren Hearst Davis Kresge Normandy Cheit Soda Moffitt VLSB Etcheverry Latimer Stanley Foothill Stanley Latimer Etcheverry Soda Sather Martinez Sather Unit3 Sather Barker Sather OCF Sather Soda Cheit Normandy Kresge Davis Hearst Cafe3 Cloyne WayWest Ippuku Metropolitan Ippuku WayWest GBC Anthony HearstAnnex Stephens South McLaughlin Memorial IHouse Memorial Haviland Campbell LeConte Campanile Doe Wheeler Evans Morrison Hertz Kroeber Wurster Boalt Wurster Kroeber Lewis Greek Bechtel Jacobs Cory Greek Morrison Evans Wheeler
36
Dwinelle Dwinelle
Sproul Sproul
Birge Birge
McLaughlin McLaughlin
Haas Haas
Stonefire Stonefire
RSF RSF
Baker Baker
CKerr CKerr
Fiji Fiji
PeoplePark PeoplePark
Legends Legends
TriDelta TriDelta
Unit2 Unit2
Hargrove Hargrove
Moses Moses
Anthony Anthony
Warren Warren
Hearst Hearst
Davis Davis
Cheit Cheit
Moffitt Moffitt
Etcheverry Etcheverry
Foothill Foothill
Martinez Martinez
Unit3 Unit3
Barker Barker
OCF OCF
Cloyne Cloyne
Metropolitan Metropolitan
IHouse IHouse
Morrison Morrison
Kroeber Kroeber
Boalt Boalt
Bechtel Bechtel
Jacobs Jacobs
