0 45 42 40 42 45 21 45 0 50 54 59 77 59 78 59 54 50 52 56 66 98 66 97 66 56 65 95 65 96 65 94 65 56 67 56 52 50 53 58 74 58 71 58 73 58 6 8 48 10 31 20 31 10 70 10 48 26 44 33 39 33 23 25 55 62 87 62 55 63 55 60 55 61 84 61 83 61 55 64 92 64 93 64 55 25 14 25 15 35 15 25 11 25 19 25 2 25 37 25 23 32 34 32 90 32 12 29 41 23 0 5 13 49 13 5 0
50
45 45
42 42
40 40
21 21
54 54
59 59
77 77
78 78
52 52
66 66
98 98
97 97
95 95
96 96
94 94
67 67
74 74
71 71
73 73
48 48
10 10
31 31
20 20
70 70
26 26
33 33
39 39
23 23
25 25
55 55
62 62
87 87
63 63
60 60
84 84
83 83
92 92
93 93
14 14
35 35
11 11
19 19
2 2
37 37
32 32
34 34
90 90
12 12
41 41
49 49
