110 77 195 99 181 163 15 67 145 190 122 138 55 39 171 11 176 13 160 189 178 98 148 74 172 92 169 197 54 73 47 45 142 3 127 132 91 168 124 81 159 38 100 60 66 87 85 182 72 44 26 90 103 199 152 64 96 50 56 161 5 83 141 18 19 52 165 22 101 43 123 193 14 170 40 30 94 76 192 41 25 20 121 140 6 131 51 53 175 1 36 79 149 126 147 107 0 154 28 29 110
100
110 110
77 77
195 195
99 99
181 181
163 163
15 15
67 67
145 145
190 190
122 122
138 138
55 55
39 39
171 171
11 11
176 176
13 13
160 160
189 189
178 178
98 98
148 148
74 74
172 172
92 92
169 169
197 197
54 54
73 73
47 47
45 45
142 142
3 3
127 127
132 132
91 91
168 168
124 124
81 81
159 159
38 38
100 100
60 60
66 66
87 87
85 85
182 182
72 72
44 44
26 26
90 90
103 103
199 199
152 152
64 64
96 96
50 50
56 56
161 161
5 5
83 83
141 141
18 18
19 19
52 52
165 165
22 22
101 101
43 43
123 123
193 193
14 14
170 170
40 40
30 30
94 94
76 76
192 192
41 41
25 25
20 20
121 121
140 140
6 6
131 131
51 51
53 53
175 175
1 1
36 36
79 79
149 149
126 126
147 147
107 107
0 0
154 154
28 28
29 29
