1 3 16 59 130 140 65 89 3 92 3 101 3 106 169 3 182 184 167 8 2 44 2 51 6 20 49 110 157 24 55 20 102 189 26 27 36 77 50 68 47 9 37 35 103 35 156 41 144 4 161 57 124 9 131 9 162 56 84 60 53 97 6 99 126 151 10 82 10 84 10 116 128 127 51 74 21 31 69 31 75 31 80 31 164 5 33 88 33 200 176 177 83 159 95 165 57 61 8 87 8 137 167 8 193 13 34 42 136 70 138 7 139 7 150 13 171 123 58 81 85 86 1 111 129 1 133 1 141 1 143 174 1 198 1
97
1 1
3 3
16 16
59 59
130 130
140 140
89 89
92 92
101 101
106 106
169 169
182 182
184 184
8 8
2 2
44 44
51 51
6 6
20 20
49 49
110 110
157 157
55 55
102 102
189 189
26 26
27 27
36 36
77 77
50 50
68 68
47 47
9 9
37 37
35 35
103 103
156 156
41 41
144 144
161 161
57 57
124 124
131 131
162 162
56 56
60 60
53 53
97 97
99 99
126 126
151 151
10 10
82 82
84 84
116 116
127 127
74 74
21 21
31 31
69 69
75 75
80 80
164 164
33 33
88 88
200 200
176 176
177 177
83 83
159 159
95 95
165 165
61 61
87 87
137 137
167 167
193 193
13 13
34 34
42 42
136 136
70 70
138 138
139 139
150 150
171 171
58 58
81 81
85 85
86 86
111 111
129 129
133 133
141 141
143 143
174 174
198 198
