5 33 68 155 68 33 5 14 23 103 23 14 63 14 196 14 90 91 32 50 32 21 1 177 1 0 51 0 1 70 105 70 1 95 121 95 8 5 19 52 56 102 56 52 19 169 19 20 54 96 59 101 104 101 111 101 59 127 59 45 152 45 37 22 9 77 7 35 7 27 11 85 11 113 11 27 64 57 87 53 123 131 140 131 123 53 27 41 86 58 86 109 130 109 86 58 22 92 40 36 82 179 82 36 17 12 9 10 160 10 15 163 15 10 9 12 18 178 18 12 150 191 150 12 25 37 44 106 44 37 25 43 183 43 25 37 45 59 76 59 118 126 118 59 96 54 20 19 69 145 69 19 52 80 52 143 144 176 180 194 180 176 144 143 52 19 5 4 31 39 88 168 88 39 8 5
52
68 68
155 155
23 23
103 103
63 63
196 196
91 91
32 32
50 50
21 21
177 177
51 51
105 105
121 121
102 102
169 169
54 54
96 96
101 101
104 104
111 111
127 127
45 45
152 152
9 9
77 77
35 35
27 27
85 85
113 113
57 57
140 140
58 58
109 109
130 130
92 92
179 179
160 160
163 163
178 178
191 191
106 106
183 183
76 76
126 126
145 145
80 80
176 176
180 180
194 194
31 31
168 168
