azv oqv rti azv xie hyb dqy ijd ovx dqy jwx yvc hip yiy cwq brw cwq gcw mtd eqa mis eqx ipq yfq ncc vfq cim gei ctf hsi pzr hwc scm aur wcd hlc qzx uua rcw cvb vxn rfl uyd gfr uyd rov zuz ivp hcc ryg jvc lmh sau cib mpw boc ufa azv
50
azv azv
oqv oqv
rti rti
xie xie
hyb hyb
dqy dqy
ijd ijd
ovx ovx
jwx jwx
yvc yvc
hip hip
yiy yiy
brw brw
cwq cwq
gcw gcw
mtd mtd
eqa eqa
mis mis
ipq ipq
yfq yfq
ncc ncc
vfq vfq
cim cim
gei gei
ctf ctf
hsi hsi
pzr pzr
hwc hwc
scm scm
aur aur
wcd wcd
hlc hlc
qzx qzx
uua uua
rcw rcw
vxn vxn
rfl rfl
uyd uyd
gfr gfr
rov rov
zuz zuz
ivp ivp
hcc hcc
jvc jvc
lmh lmh
sau sau
cib cib
mpw mpw
boc boc
ufa ufa
