xse rsg ckx loj zdb kfu ego cen uok ybr jam phg zud gbd dkp nsw ils jfh qjf tko uwo bod ogh bod yug pjf gex ljd tso cma tdu zkt qdw nvz lvm fia nmf ocp pvs fzi lwk nfr lrj bdh rtc txq qwk hpx wbg aii vwg xme vwg nwc xnr khu fhv xme ikb qxs byu ruo hmi vtd aeg xeh zks rjv idv zks ttw ptu uau svk mti vvn nry cun nhi vzr jgt fyc qbf wiy emz vmt uuw kxn adx fgp dgl fin vlb mok vnr ksg tlh ceo xjt ceo nko fbk vmv fjy kpp bsc bnl agh bda tdu nii ukv wyg krr kgl miy hcr xse
99
rsg rsg
ckx ckx
loj loj
zdb zdb
kfu kfu
ego ego
cen cen
uok uok
ybr ybr
jam jam
phg phg
zud zud
nsw nsw
ils ils
jfh jfh
qjf qjf
tko tko
uwo uwo
bod bod
ogh ogh
yug yug
pjf pjf
gex gex
ljd ljd
tso tso
cma cma
tdu tdu
zkt zkt
qdw qdw
nvz nvz
lvm lvm
fia fia
nmf nmf
ocp ocp
pvs pvs
fzi fzi
lwk lwk
nfr nfr
lrj lrj
bdh bdh
rtc rtc
txq txq
hpx hpx
wbg wbg
aii aii
xme xme
vwg vwg
nwc nwc
khu khu
fhv fhv
ikb ikb
qxs qxs
byu byu
ruo ruo
hmi hmi
vtd vtd
aeg aeg
xeh xeh
rjv rjv
idv idv
ttw ttw
ptu ptu
uau uau
svk svk
mti mti
vvn vvn
nry nry
cun cun
nhi nhi
vzr vzr
jgt jgt
fyc fyc
qbf qbf
wiy wiy
emz emz
vmt vmt
uuw uuw
kxn kxn
adx adx
fgp fgp
dgl dgl
fin fin
mok mok
ksg ksg
tlh tlh
xjt xjt
nko nko
fbk fbk
vmv vmv
fjy fjy
kpp kpp
bnl bnl
bda bda
nii nii
ukv ukv
wyg wyg
krr krr
miy miy
hcr hcr
