Encanto All Bonita Cherokee Clayton Presidio Glencoe McAuley Carnelian Two Riverside Foothills Riverside Homestead Quail Kentfield Pumpkin Richvale All Welden Woodbridge Willow Vernon Garden Vernon Green Shafter Mount Jane Woffard Laguna Los Smoke Costa Warner Cabbage Vista Ames Alpaugh Merced Santa Quail Meyers Cypress Elmira Forest Merced Delta Rossmoor Beach Kern Beach Sherman Beach Ramona Yurok Granite Banning Chinese All Moccasin City Encanto
50
Encanto Encanto
All All
Bonita Bonita
Cherokee Cherokee
Clayton Clayton
Presidio Presidio
Glencoe Glencoe
McAuley McAuley
Two Two
Riverside Riverside
Foothills Foothills
Homestead Homestead
Kentfield Kentfield
Pumpkin Pumpkin
Richvale Richvale
Welden Welden
Woodbridge Woodbridge
Willow Willow
Vernon Vernon
Garden Garden
Green Green
Shafter Shafter
Mount Mount
Jane Jane
Woffard Woffard
Laguna Laguna
Los Los
Smoke Smoke
Costa Costa
Warner Warner
Cabbage Cabbage
Vista Vista
Ames Ames
Alpaugh Alpaugh
Santa Santa
Quail Quail
Cypress Cypress
Elmira Elmira
Forest Forest
Delta Delta
Beach Beach
Kern Kern
Sherman Sherman
Ramona Ramona
Yurok Yurok
Granite Granite
Banning Banning
Chinese Chinese
Moccasin Moccasin
City City
