1 5 4 8 7 8 9 13 12 16 15 16 17 21 20 24 23 24 25 29 28 32 31 32 33 37 36 40 39 40 41 45 44 48 47 48 49 53 52 56 55 56 57 61 60 64 63 64 65 69 68 72 71 72 73 77 76 80 79 80 81 85 84 88 87 88 89 93 92 96 95 96 97 101 100 104 103 104 105 109 108 112 111 112 113 117 116 120 119 120 121 125 124 128 127 128 129 133 132 136 135 136 137 141 140 144 143 144 145 149 148 152 151 152 153 157 156 160 159 160 161 165 164 168 167 168 169 173 172 176 175 176 177 181 180 184 183 184 185 189 188 192 191 192 188 187 186 185 184 180 179 178 177 176 172 171 170 169 168 164 163 162 161 160 156 155 154 153 152 148 147 146 145 144 140 139 138 137 136 132 131 130 129 128 124 123 122 121 120 116 115 114 113 112 108 107 106 105 104 100 99 98 97 96 92 91 90 89 88 84 83 82 81 80 76 75 74 73 72 68 67 66 65 64 60 59 58 57 56 52 51 50 49 48 44 43 42 41 40 36 35 34 33 32 28 27 26 25 24 20 19 18 17 16 12 11 10 9 8 4 3 2 1 200 196 197 193 194 193 197 198 199 200 1
100
5 5
4 4
7 7
13 13
12 12
15 15
21 21
20 20
23 23
29 29
28 28
31 31
37 37
36 36
39 39
45 45
44 44
47 47
53 53
52 52
55 55
61 61
60 60
63 63
69 69
68 68
71 71
77 77
76 76
79 79
85 85
84 84
87 87
93 93
92 92
95 95
101 101
100 100
103 103
109 109
108 108
111 111
117 117
116 116
119 119
125 125
124 124
127 127
133 133
132 132
135 135
141 141
140 140
143 143
149 149
148 148
151 151
157 157
156 156
159 159
165 165
164 164
167 167
173 173
172 172
175 175
181 181
180 180
183 183
189 189
188 188
191 191
186 186
178 178
170 170
162 162
154 154
146 146
138 138
130 130
122 122
114 114
106 106
98 98
90 90
82 82
74 74
66 66
58 58
50 50
42 42
34 34
26 26
18 18
10 10
2 2
196 196
197 197
194 194
199 199
