Soda Doe UniversityVillage Bowles UniversityVillage HildebrandHall Gilman HildebrandHall CaliforniaHall Barrows Unit3 Campbell Cory Gilman HildebrandHall UniversityVillage Doe GreekTheatre LawrenceHall MemorialStadium InternationalHouse MemorialStadium LawrenceHall Doe Soda BerkeleyWayWest Campanile Evans BAMPFA Evans Campanile BerkeleyWayWest Wheeler DavisHall SouthHall Unit1 SouthHall Moffit DavisHall Stern HesseHall Campanile BerkeleyWayWest BotanicalGardens HearstMining Dwinelle HavilandHall Foothill LeConte Foothill LeConte Etcheverry Unit2 BancroftLibrary Unit2 DurantHall Unit2 Etcheverry LeConte Soda
25
Doe Doe
Bowles Bowles
Gilman Gilman
CaliforniaHall CaliforniaHall
Unit3 Unit3
Campbell Campbell
GreekTheatre GreekTheatre
LawrenceHall LawrenceHall
InternationalHouse InternationalHouse
BerkeleyWayWest BerkeleyWayWest
Campanile Campanile
Evans Evans
BAMPFA BAMPFA
Wheeler Wheeler
SouthHall SouthHall
Unit1 Unit1
Moffit Moffit
Stern Stern
HearstMining HearstMining
Dwinelle Dwinelle
LeConte LeConte
Foothill Foothill
Unit2 Unit2
BancroftLibrary BancroftLibrary
DurantHall DurantHall
