Evans Cory Evans WursterHall Campbell Eshelman Campbell DurantHall Unit2 Barrows KroeberHall Bowles HilgardHall AshaTeaHouse ImmThai AlumniHouse BerkeleyWayWest Yifang UniversityVillage Wheeler Raretea Yifang BerkeleyWayWest AlumniHouse ImmThai Blackwell Underhill RSF Firewings CaliforniaHall InternationalHouse CaliforniaHall Firewings Cornerstone Campanile Marugame Gilman BotanicalGardens ClarkKerr DavisHall ClarkKerr ThaiNoodle Dwinelle MLK HildebrandHall MLK LatimerHall Plentea StrawberryCreek MemorialGlade Milkbomb Unit3 Spats Boalt Spats Unit3 Bowles ZellerbachHall SatherGate GreekTheatre CanyonPool GreekTheatre SatherGate GiauqueHall SatherGate GreekTheatre StrawberryCreek MemorialGlade Kresge MemorialGlade StrawberryCreek Plentea Doe Plentea Soda Plentea SutardjaDai Cornerstone ZellerbachHall Bowles LeConte Moffit SouthHall HesseHall SouthHall Moffit HappyLemon LawrenceHall BancroftLibrary HavilandHall VLSB HearstMining MulfordHall MemorialStadium HortonHall Barrows KroeberHall Etcheverry KroeberHall Barrows HortonHall MemorialStadium HortonHall Barrows BAMPFA HAAS Foothill HAAS Unit1 StrawberryCreek MemorialGlade Milkbomb Pappys Unit2 Stern Unit2 Barrows KroeberHall WursterHall Evans
50
Cory Cory
Campbell Campbell
Eshelman Eshelman
DurantHall DurantHall
Unit2 Unit2
Barrows Barrows
Bowles Bowles
HilgardHall HilgardHall
AlumniHouse AlumniHouse
BerkeleyWayWest BerkeleyWayWest
UniversityVillage UniversityVillage
Wheeler Wheeler
Blackwell Blackwell
RSF RSF
CaliforniaHall CaliforniaHall
InternationalHouse InternationalHouse
Campanile Campanile
Gilman Gilman
BotanicalGardens BotanicalGardens
DavisHall DavisHall
ThaiNoodle ThaiNoodle
Dwinelle Dwinelle
MLK MLK
HildebrandHall HildebrandHall
Unit3 Unit3
Boalt Boalt
ZellerbachHall ZellerbachHall
GreekTheatre GreekTheatre
CanyonPool CanyonPool
GiauqueHall GiauqueHall
Kresge Kresge
Doe Doe
Soda Soda
SutardjaDai SutardjaDai
LeConte LeConte
Moffit Moffit
SouthHall SouthHall
HesseHall HesseHall
LawrenceHall LawrenceHall
BancroftLibrary BancroftLibrary
HavilandHall HavilandHall
VLSB VLSB
HearstMining HearstMining
Etcheverry Etcheverry
MemorialStadium MemorialStadium
BAMPFA BAMPFA
HAAS HAAS
Foothill Foothill
Unit1 Unit1
Stern Stern
