GOld say GOld U GOld So GOld Fed GOld stop shape much shape youre Live youre what youre forehead youre hit youre you GEt you shootinG you strEEts you ground about ground GET ground colder ground SHooting ground you game you youre shape stop alL stop shape Well shape stop get stop never stop shape yOure shape stop GOld shoW brain shoW mYself shoW now shoW back shoW AND YOURE AND gett head gett skate gett break gett t gett yep show yep rules yep COuld chAnge COuld well COuld see COuld On sense On little On shine On GO On In bundled In Didn In To In and In On COuld is COuld yep My yep Know yep gett AND might AND once AND YouLL AND shoW GOld
50
say say
U U
So So
Fed Fed
much much
Live Live
what what
forehead forehead
hit hit
GEt GEt
shootinG shootinG
strEEts strEEts
about about
GET GET
colder colder
SHooting SHooting
game game
alL alL
Well Well
get get
never never
yOure yOure
brain brain
mYself mYself
now now
back back
YOURE YOURE
head head
skate skate
break break
t t
show show
rules rules
chAnge chAnge
well well
see see
sense sense
little little
shine shine
GO GO
bundled bundled
Didn Didn
To To
and and
is is
My My
Know Know
might might
once once
YouLL YouLL
