0 16 39 35 62 54 4 28 29 84 50 53 8 18 45 52 80 59 67 9 12 38 51 58 12 71 72 14 78 49 15 19 20 43 76 27 48 66 22 82 85 86 87 88 89 90 91 92 93 94 95 96 97 98 99 98 97 96 95 94 93 92 91 90 89 88 87 86 85 0
50
0 0
16 16
39 39
35 35
62 62
54 54
28 28
29 29
84 84
50 50
53 53
8 8
18 18
45 45
52 52
80 80
59 59
67 67
9 9
12 12
38 38
51 51
58 58
71 71
72 72
14 14
78 78
49 49
15 15
19 19
20 20
43 43
76 76
48 48
66 66
82 82
86 86
87 87
88 88
89 89
90 90
91 91
92 92
93 93
94 94
95 95
96 96
97 97
98 98
99 99
