hutmk omjfc dowbf yaxts ablxw rlfxc lnfiu aeomh gxdqt bcrwj ijofp ywion ijvuq xeljy misyc otirh yiodb lsnhz mlfbi oscrv xintv coubd tyuep cursl xnysi zsehb hopbn qdzgs urlkt vmgxh artvi axmwy aqzce tejxc ugyls yzaje lcghr mzlsn spuoi vczkh ugamb hutmk
40
omjfc omjfc
dowbf dowbf
yaxts yaxts
ablxw ablxw
rlfxc rlfxc
lnfiu lnfiu
aeomh aeomh
gxdqt gxdqt
bcrwj bcrwj
ijofp ijofp
ywion ywion
ijvuq ijvuq
xeljy xeljy
misyc misyc
otirh otirh
yiodb yiodb
lsnhz lsnhz
mlfbi mlfbi
oscrv oscrv
xintv xintv
coubd coubd
tyuep tyuep
cursl cursl
xnysi xnysi
zsehb zsehb
hopbn hopbn
qdzgs qdzgs
urlkt urlkt
vmgxh vmgxh
artvi artvi
axmwy axmwy
aqzce aqzce
tejxc tejxc
ugyls ugyls
yzaje yzaje
lcghr lcghr
mzlsn mzlsn
spuoi spuoi
vczkh vczkh
ugamb ugamb
