Hayward Shreveport Hartford NorthLasVegas Hartford Downey Burlington Downey Topeka Henderson NewYorkCity York Champaign Charlotte Champaign SterlingHeights Springfield Harlingen Springfield Spartanburg LakeCharles HuntingtonBeach Sarasota Ogden Reno York Warren Vancouver GrandRapids SaintPaul Duluth Fullerton SantaClara VeroBeach Stamford Marysville Layton Marysville Stamford LasVegas Nashua Tyler Arvada Scranton Sarasota HuntingtonBeach Sarasota VeroBeach OverlandPark Anchorage Utica Norwich SanBuenaventura Oxnard Brighton Torrance Melbourne Lubbock Bryan Birmingham Fargo Marina PortArthur RichmondCounty PortArthur Lacey PortArthur Marina Hialeah Albuquerque Hialeah Albuquerque Oxnard SanBuenaventura Anaheim Columbus Visalia Carrollton SiouxFalls Carrollton MyrtleBeach Eugene Boise Eugene Anaheim SanBuenaventura Hemet PuntaGorda HavredeGrace PuntaGorda Hemet Mobile Hemet SanBuenaventura NewportNews Marina Frederick Marina Kissimmee Huntsville ThousandOaks PortSaintLucie Olympia PortSaintLucie ThousandOaks Huntsville CapeCoral Bloomington CapeCoral Seaside Elkhart Modesto Elkhart McAllen ElMonte Tuscaloosa SantaClara Aberdeen SimiValley NewportNews Bethlehem Orem NewBedford Orem Fresno Anchorage OverlandPark Trenton Louisville Trenton OverlandPark Greenville OverlandPark Youngstown SouthBend Bakersfield SouthBend Youngstown Barnstable Youngstown OverlandPark VeroBeach PalmBay CorpusChristi StPaul CathedralCity StPaul Savannah OverlandPark Youngstown Hagerstown PalmBay VeroBeach PembrokePines Racine PembrokePines SanBernardino Pueblo Youngstown Fullerton Flint Fullerton Plano Fullerton Duluth Detroit Duluth GreenBay Laredo GreenBay Lafayette Waterbury Newburgh SantaClarita Burlington ElPaso SanAntonio JohnsonCity SanAntonio Hampton Salem Deltona Tucson NewYork Monroe Escondido Mesquite Escondido Independence RoundLakeBeach Kalamazoo RoundLakeBeach Independence Cincinnati Independence RoundLakeBeach Lorain Scottsdale Omaha Scottsdale DesMoines StLouis Sacramento Escondido Monroe NewYork Bryan Hampton Newark Hampton Gastonia CapeCoral Seaside Shreveport Hayward
100
Hartford Hartford
NorthLasVegas NorthLasVegas
Downey Downey
Burlington Burlington
Topeka Topeka
Henderson Henderson
NewYorkCity NewYorkCity
York York
Champaign Champaign
Charlotte Charlotte
Harlingen Harlingen
Spartanburg Spartanburg
LakeCharles LakeCharles
Ogden Ogden
Vancouver Vancouver
GrandRapids GrandRapids
SaintPaul SaintPaul
Duluth Duluth
Fullerton Fullerton
SantaClara SantaClara
Stamford Stamford
Marysville Marysville
Layton Layton
LasVegas LasVegas
Nashua Nashua
Tyler Tyler
Arvada Arvada
Scranton Scranton
HuntingtonBeach HuntingtonBeach
OverlandPark OverlandPark
Anchorage Anchorage
Utica Utica
Norwich Norwich
SanBuenaventura SanBuenaventura
Oxnard Oxnard
Torrance Torrance
Melbourne Melbourne
Lubbock Lubbock
Birmingham Birmingham
RichmondCounty RichmondCounty
Lacey Lacey
Albuquerque Albuquerque
Hialeah Hialeah
Anaheim Anaheim
Columbus Columbus
SiouxFalls SiouxFalls
Eugene Eugene
Boise Boise
Hemet Hemet
PuntaGorda PuntaGorda
HavredeGrace HavredeGrace
Mobile Mobile
NewportNews NewportNews
Marina Marina
Frederick Frederick
Kissimmee Kissimmee
Huntsville Huntsville
ThousandOaks ThousandOaks
Olympia Olympia
CapeCoral CapeCoral
Bloomington Bloomington
Elkhart Elkhart
Modesto Modesto
McAllen McAllen
Aberdeen Aberdeen
Bethlehem Bethlehem
NewBedford NewBedford
Fresno Fresno
Louisville Louisville
Greenville Greenville
Bakersfield Bakersfield
Barnstable Barnstable
PalmBay PalmBay
CorpusChristi CorpusChristi
CathedralCity CathedralCity
Savannah Savannah
Hagerstown Hagerstown
Racine Racine
Pueblo Pueblo
Flint Flint
Plano Plano
Detroit Detroit
GreenBay GreenBay
Laredo Laredo
Waterbury Waterbury
Newburgh Newburgh
ElPaso ElPaso
JohnsonCity JohnsonCity
Salem Salem
Deltona Deltona
Tucson Tucson
Monroe Monroe
Mesquite Mesquite
RoundLakeBeach RoundLakeBeach
Kalamazoo Kalamazoo
Cincinnati Cincinnati
Scottsdale Scottsdale
Omaha Omaha
StLouis StLouis
Newark Newark
