MfdzFvsdGbvl AGbRQRBgaOdX MkUBuIisCVpZ mFYKjQfCsRtT QifLRRQkbeZy VyXrTLUcizAa deJmWrylVSGK NlmuUUVQUbgI dDFWxTbuPymh PQTqeEtJjrHq dDFWxTbuPymh EoEdLMroSPNp dFUHctNjrywb MLnLJmQHwuOS DFscNnuMhxUC BkcPMTugAswL mtRsLIzrlNLu hCxjbMrSlUJQ noaMakAlHdwq pQCFwcmaYfTN uFHfCerNFIme GuSSYBNHDbKE rVqgoVgUmLRB GemeldahvdVv pWbJtVdThhym rrRAqFcoDYfk PvZWLvSzyZfH noaMakAlHdwq plKUVNXwKfVb hCxjbMrSlUJQ ymJllvoAiAsf SojgLCNtJNvq FCrKCfVsEsBk pkzKsTORVYro UVLyMXgqTFaJ buqjmAINqGzN PnbamVANEguC GKWfMfVZxbJi SgyAcloZDNJV AMizjBPjmCZd PUcvIgREsriS QHpWWcCYavdw PUcvIgREsriS ZjfLZjjegWJT TbekQRoKcInv RICmsRCgzRsB IHnRSACwPeSd hLGIbMiwjPgd tywOQDwDhjwZ VARFNCcqfgIc DvRTDyBMOCbT lFgwKopYqWSC BbyhqvohDUZK arcJTkwUqbUy SgyAcloZDNJV arcJTkwUqbUy axLiuEEXvnsQ MOpktZzuQRCH jBrNTBMPxyQD MfdzFvsdGbvl
50
AGbRQRBgaOdX AGbRQRBgaOdX
MkUBuIisCVpZ MkUBuIisCVpZ
mFYKjQfCsRtT mFYKjQfCsRtT
QifLRRQkbeZy QifLRRQkbeZy
VyXrTLUcizAa VyXrTLUcizAa
deJmWrylVSGK deJmWrylVSGK
NlmuUUVQUbgI NlmuUUVQUbgI
dDFWxTbuPymh dDFWxTbuPymh
PQTqeEtJjrHq PQTqeEtJjrHq
EoEdLMroSPNp EoEdLMroSPNp
dFUHctNjrywb dFUHctNjrywb
MLnLJmQHwuOS MLnLJmQHwuOS
DFscNnuMhxUC DFscNnuMhxUC
BkcPMTugAswL BkcPMTugAswL
mtRsLIzrlNLu mtRsLIzrlNLu
hCxjbMrSlUJQ hCxjbMrSlUJQ
noaMakAlHdwq noaMakAlHdwq
pQCFwcmaYfTN pQCFwcmaYfTN
uFHfCerNFIme uFHfCerNFIme
GuSSYBNHDbKE GuSSYBNHDbKE
rVqgoVgUmLRB rVqgoVgUmLRB
GemeldahvdVv GemeldahvdVv
rrRAqFcoDYfk rrRAqFcoDYfk
PvZWLvSzyZfH PvZWLvSzyZfH
plKUVNXwKfVb plKUVNXwKfVb
ymJllvoAiAsf ymJllvoAiAsf
SojgLCNtJNvq SojgLCNtJNvq
FCrKCfVsEsBk FCrKCfVsEsBk
pkzKsTORVYro pkzKsTORVYro
UVLyMXgqTFaJ UVLyMXgqTFaJ
buqjmAINqGzN buqjmAINqGzN
PnbamVANEguC PnbamVANEguC
GKWfMfVZxbJi GKWfMfVZxbJi
AMizjBPjmCZd AMizjBPjmCZd
PUcvIgREsriS PUcvIgREsriS
QHpWWcCYavdw QHpWWcCYavdw
ZjfLZjjegWJT ZjfLZjjegWJT
TbekQRoKcInv TbekQRoKcInv
RICmsRCgzRsB RICmsRCgzRsB
IHnRSACwPeSd IHnRSACwPeSd
hLGIbMiwjPgd hLGIbMiwjPgd
tywOQDwDhjwZ tywOQDwDhjwZ
VARFNCcqfgIc VARFNCcqfgIc
DvRTDyBMOCbT DvRTDyBMOCbT
BbyhqvohDUZK BbyhqvohDUZK
arcJTkwUqbUy arcJTkwUqbUy
SgyAcloZDNJV SgyAcloZDNJV
axLiuEEXvnsQ axLiuEEXvnsQ
MOpktZzuQRCH MOpktZzuQRCH
jBrNTBMPxyQD jBrNTBMPxyQD
