1 3 37 3 41 3 61 3 63 3 65 3 69 3 73 3 75 2 77 2 81 83 89 3 91 2 107 111 3 115 3 135 3 137 5 29 2 35 2 43 5 45 5 47 2 57 5 85 5 95 117 2 119 123 7 39 7 71 7 87 101 4 121 4 133 141 33 9 27 9 33 6 51 9 67 127 9 145 8 149 4 11 25 49 11 79 105 10 139 10 13 99 103 10 143 15 55 10 97 6 17 1 19 147 19 21 31 23 1 53 59 93 109 1 113 1 125 129 1 131 1
75
1 1
3 3
37 37
41 41
61 61
63 63
65 65
69 69
73 73
75 75
77 77
81 81
83 83
89 89
91 91
107 107
111 111
115 115
135 135
137 137
5 5
29 29
35 35
43 43
45 45
47 47
57 57
85 85
95 95
117 117
119 119
123 123
7 7
39 39
71 71
87 87
101 101
121 121
133 133
141 141
9 9
27 27
33 33
51 51
67 67
127 127
145 145
149 149
11 11
25 25
49 49
79 79
105 105
139 139
13 13
99 99
103 103
143 143
15 15
55 55
97 97
17 17
19 19
147 147
21 21
31 31
23 23
53 53
59 59
93 93
109 109
113 113
125 125
129 129
131 131
