Leah Russell Amanda Kelly Paula Michael Paula Megan Shannon Ryan Anthony Adrian Cole Gary Javier David Carol Jennifer Carol Ruth Lisa Dylan Jordan Robert Vicki John Jade Tiffany Brian Jon Vicki April Rachel Sonya Alexander Russell Leah
25
Russell Russell
Amanda Amanda
Kelly Kelly
Paula Paula
Michael Michael
Megan Megan
Ryan Ryan
Anthony Anthony
Adrian Adrian
Gary Gary
Javier Javier
David David
Carol Carol
Jennifer Jennifer
Ruth Ruth
Lisa Lisa
Dylan Dylan
Jordan Jordan
Vicki Vicki
Jade Jade
Brian Brian
Jon Jon
April April
Rachel Rachel
Alexander Alexander
