Austin Victoria Austin Jamie Joshua Steven Dennis Monique Robert Jordan Glenda Janet Cassandra Jennifer Walter Jennifer Jeanette Jennifer John Debra Daniel Robin Jonathan Juan Aaron Hannah Sean Natasha Maxwell Elaine Kyle Melissa Eugene Alex Amy Kari Rhonda Rachel Miguel Ralph Mariah Elizabeth Debra Scott Paul Tina Michael Gina Edward Paige Nicholas Garrett Adam Sara April Melinda Austin Donald Patrick Ashley Patrick Danielle Austin
50
Victoria Victoria
Jamie Jamie
Joshua Joshua
Steven Steven
Dennis Dennis
Monique Monique
Robert Robert
Jordan Jordan
Glenda Glenda
Janet Janet
Cassandra Cassandra
Walter Walter
Jennifer Jennifer
Jeanette Jeanette
John John
Debra Debra
Daniel Daniel
Robin Robin
Jonathan Jonathan
Juan Juan
Hannah Hannah
Sean Sean
Natasha Natasha
Maxwell Maxwell
Elaine Elaine
Kyle Kyle
Melissa Melissa
Eugene Eugene
Alex Alex
Amy Amy
Kari Kari
Rhonda Rhonda
Rachel Rachel
Ralph Ralph
Mariah Mariah
Elizabeth Elizabeth
Scott Scott
Paul Paul
Michael Michael
Gina Gina
Edward Edward
Paige Paige
Garrett Garrett
Sara Sara
April April
Melinda Melinda
Donald Donald
Patrick Patrick
Ashley Ashley
Danielle Danielle
