19 21 3 39 1 39 13 51 11 5 46 61 7 41 28 41 7 43 44 64 37 57 14 11 71 23 52 68 88 9 80 36 17 12 73 72 73 12 31 65 63 82 24 82 69 53 59 38 34 12 3 21 60 80 9 50 9 35 9 92 9 88 68 85 26 97 54 29 54 97 26 0 10 45 40 45 10 52 68 95 33 90 33 15 33 62 99 62 11 66 70 66 11 71 89 76 89 55 58 59 58 25 1 39 32 39 3 21 19
50
39 39
1 1
13 13
51 51
11 11
5 5
46 46
61 61
7 7
41 41
28 28
43 43
44 44
23 23
88 88
9 9
80 80
36 36
17 17
12 12
72 72
65 65
63 63
24 24
53 53
34 34
60 60
50 50
35 35
92 92
85 85
26 26
54 54
29 29
0 0
10 10
45 45
40 40
95 95
33 33
90 90
15 15
99 99
70 70
76 76
55 55
58 58
59 59
25 25
32 32
