0 52 0 80 76 198 9 88 9 26 42 40 148 4 154 139 108 185 9 12 34 140 70 45 137 45 19 32 53 139 2 111 192 52 143 83 75 130 174 197 199 110 157 149 48 84 101 65 145 131 73 177 73 189 131 16 17 151 17 46 17 16 98 135 106 63 81 63 79 94 109 176 117 168 134 117 160 55 11 171 144 74 144 153 105 72 181 152 181 72 97 59 147 59 147 82 36 125 116 125 36 82 87 180 69 87 183 128 138 31 196 31 30 31 138 50 109 195 109 66 68 126 20 91 156 179 103 114 85 114 103 27 103 184 103 179 67 13 67 7 122 162 122 166 102 121 23 62 23 121 113 136 113 35 122 10 92 80 0
100
52 52
80 80
76 76
198 198
9 9
88 88
26 26
42 42
40 40
4 4
139 139
108 108
185 185
34 34
140 140
70 70
45 45
137 137
19 19
53 53
111 111
143 143
83 83
75 75
130 130
174 174
197 197
199 199
157 157
149 149
48 48
84 84
145 145
177 177
189 189
131 131
16 16
17 17
151 151
46 46
98 98
106 106
63 63
81 81
109 109
176 176
117 117
168 168
134 134
160 160
55 55
11 11
171 171
144 144
74 74
105 105
72 72
181 181
152 152
97 97
147 147
59 59
82 82
36 36
125 125
116 116
87 87
180 180
69 69
183 183
128 128
138 138
31 31
196 196
30 30
50 50
195 195
66 66
126 126
20 20
91 91
156 156
179 179
103 103
114 114
85 85
27 27
184 184
67 67
13 13
162 162
122 122
166 166
102 102
121 121
23 23
62 62
136 136
35 35
10 10
