0 23 9 39 9 88 9 23 86 16 86 50 86 23 11 83 47 65 12 11 74 11 38 82 60 96 43 95 71 63 92 63 66 40 58 91 61 91 58 30 31 30 87 8 90 43 6 64 46 64 2 64 80 68 22 72 85 6 48 81 27 72 97 28 97 96 17 35 99 45 56 73 53 73 72 76 98 74 11 23 84 23 0
49
23 23
9 9
39 39
88 88
86 86
16 16
50 50
11 11
83 83
47 47
65 65
74 74
38 38
82 82
60 60
96 96
43 43
95 95
71 71
63 63
92 92
66 66
40 40
58 58
91 91
61 61
30 30
31 31
8 8
90 90
6 6
64 64
46 46
2 2
80 80
68 68
85 85
48 48
81 81
27 27
97 97
28 28
35 35
45 45
56 56
73 73
53 53
76 76
84 84
