1 68 55 127 86 100 83 100 8 12 8 30 170 29 164 177 77 100 151 142 100 105 100 93 49 119 117 43 131 76 80 175 44 100 59 121 157 100 129 89 189 100 174 191 60 134 100 192 100 54 159 199 158 21 141 100 171 180 100 45 196 100 136 100 74 100 183 155 137 100 31 100 3 100 82 100 38 100 113 100 188 100 153 100 24 100 115 18 100 101 100 63 100 28 100 138 100 15 100 56 100 148 100 10 100 36 100 194 100 172 100 150 100 186 100 50 88 19 100 22 0 22 111 100 57 35 26 100 178 195 124 84 100 193 99 97 100 25 100 27 125 182 100 16 160 32 163 100 1
100
1 1
68 68
55 55
127 127
86 86
83 83
8 8
12 12
30 30
170 170
29 29
164 164
177 177
77 77
151 151
142 142
105 105
93 93
49 49
119 119
117 117
43 43
131 131
76 76
80 80
175 175
44 44
59 59
121 121
157 157
129 129
89 89
189 189
174 174
191 191
60 60
134 134
192 192
54 54
159 159
199 199
158 158
21 21
141 141
171 171
180 180
45 45
196 196
136 136
74 74
183 183
155 155
137 137
31 31
3 3
82 82
38 38
113 113
188 188
153 153
24 24
115 115
18 18
101 101
63 63
28 28
138 138
15 15
56 56
148 148
10 10
36 36
194 194
172 172
150 150
186 186
50 50
88 88
19 19
22 22
0 0
111 111
57 57
35 35
26 26
178 178
195 195
124 124
84 84
193 193
99 99
97 97
25 25
27 27
125 125
182 182
16 16
160 160
32 32
163 163
