21 152 153 172 173 172 153 152 21 156 93 89 93 161 179 25 165 178 63 71 63 83 63 178 91 92 101 27 43 73 43 27 101 8 9 120 51 120 9 8 101 194 193 194 101 8 7 8 101 198 125 137 75 74 160 23 160 17 77 17 160 23 191 151 150 53 150 85 107 85 105 104 103 104 105 106 109 106 105 128 129 34 181 180 126 127 126 180 181 53 150 151 175 65 121 182 42 150 151 141 151 191 13 12 108 79 48 47 116 133 116 47 48 19 48 47 116 115 119 159 119 39 38 37 189 37 36 35 76 31 113 171 15 5 15 185 186 33 155 33 186 185 143 157 143 185 55 147 146 145 66 69 66 145 66 67 177 183 171 113 81 11 41 11 81 149 81 113 188 135 188 111 188 113 31 76 35 154 29 154 20 187 38 37 36 97 36 37 38 87 139 142 99 142 139 1 2 3 2 1 139 168 169 57 169 131 130 122 123 122 130 131 197 50 49 50 197 95 195 95 197 163 197 131 132 61 60 59 8 101 117 170 108 167 108 45 156 21
99
21 21
153 153
173 173
93 93
89 89
161 161
179 179
25 25
165 165
63 63
71 71
83 83
91 91
101 101
27 27
43 43
73 73
9 9
51 51
193 193
7 7
125 125
137 137
75 75
23 23
17 17
77 77
191 191
151 151
53 53
85 85
107 107
105 105
103 103
109 109
129 129
181 181
127 127
175 175
65 65
121 121
141 141
13 13
79 79
47 47
133 133
19 19
115 115
119 119
159 159
39 39
189 189
37 37
35 35
31 31
113 113
171 171
15 15
5 5
185 185
33 33
155 155
143 143
157 157
55 55
147 147
69 69
145 145
67 67
177 177
183 183
81 81
11 11
41 41
149 149
135 135
111 111
29 29
187 187
97 97
87 87
139 139
99 99
1 1
3 3
169 169
57 57
123 123
131 131
197 197
49 49
95 95
195 195
163 163
61 61
59 59
117 117
167 167
45 45
