Meckgue TheUniversity ShatteredPlains Braavos Kinecardine Braavos ShatteredPlains KoralReef Grayburn Eggmanland HighGarden Netherfort Gizton Steeltown TheArcanum TheWaystoneInn Tartarus KoralReef Larcbost Gizton EasternAirTemple TheVale TheBoilingRock TheVale Castamere Eggmanland Boatwright BeyondtheWall Neddingtown RepublicCity Beldenn RepublicCity TreeofTime Dagobah Essos Neddingtown ZhaoFu RepublicCity MysticRuins RepublicCity Vexhollow Ademre GringottsBank HorneaterPeaks LakeLaogai Yunkai EarthKingdom Yunkai Sanlow TheGodswood Sanlow Gotham Sanlow ZhaoFu ThePrancingPony Carvahall Winterfell Lorien TheHogsHead Lorien TheKrustyKrab Eggmanland LakeLaogai UtgardMountain LakeLaogai Urubaen FlourishBlotts Urubaen LakeLaogai LeakyCauldron LakeLaogai VaultofSouls HorneaterPeaks Murkcairn Keld GooLagoon Ellesmera TheSwamp Meereen ShatteredPlains TheSpine TheUniversity Meckgue
50
Meckgue Meckgue
TheUniversity TheUniversity
ShatteredPlains ShatteredPlains
Braavos Braavos
Kinecardine Kinecardine
KoralReef KoralReef
Grayburn Grayburn
Netherfort Netherfort
Gizton Gizton
Steeltown Steeltown
TheArcanum TheArcanum
TheWaystoneInn TheWaystoneInn
Tartarus Tartarus
Larcbost Larcbost
EasternAirTemple EasternAirTemple
TheVale TheVale
TheBoilingRock TheBoilingRock
Castamere Castamere
BeyondtheWall BeyondtheWall
Beldenn Beldenn
RepublicCity RepublicCity
TreeofTime TreeofTime
Dagobah Dagobah
ZhaoFu ZhaoFu
MysticRuins MysticRuins
Vexhollow Vexhollow
Ademre Ademre
LakeLaogai LakeLaogai
Yunkai Yunkai
EarthKingdom EarthKingdom
Sanlow Sanlow
TheGodswood TheGodswood
Gotham Gotham
ThePrancingPony ThePrancingPony
Carvahall Carvahall
Winterfell Winterfell
Lorien Lorien
TheHogsHead TheHogsHead
TheKrustyKrab TheKrustyKrab
UtgardMountain UtgardMountain
Urubaen Urubaen
FlourishBlotts FlourishBlotts
LeakyCauldron LeakyCauldron
VaultofSouls VaultofSouls
Murkcairn Murkcairn
Keld Keld
GooLagoon GooLagoon
Ellesmera Ellesmera
Meereen Meereen
TheSpine TheSpine
