1FoundersRock 36CasaZimbabwe 43FacultyClub 50Bridge 57Wheeler 64Blackwell 71Hillegass 78RajProperties 31Hillegass 37OtherCoop 40Oaktown 47SatherTower 54Wellman 61Unit1 68SodaHall 75ChanningBowdwitch 44HearstGreekTheatre 38RajProperties 33Wada 45HearstMemorial 52California 59SouthHall 66ClarkKerr 73Wada 80Oaktown 51HearstGymnasium 58NorthGate 65Foothill 72DeltaPhiEpsilon 79SanFransisco 32DeltaPhiEpsilon 34Martinez 35ChanningBowdwitch 39SanFransisco 46DoeLibrary 53Durant 60Ehrman 67InternationalHouse 74Martinez 42UniversityHouse 49SatherGate 56Giannini 63Unit3 70Stonefire 77OtherCoop 41FoundersRock 48Esplanade 55Hilgard 62Unit2 69VarsityBerkeley 76CasaZimbabwe 1FoundersRock
50
36CasaZimbabwe 36CasaZimbabwe
43FacultyClub 43FacultyClub
50Bridge 50Bridge
57Wheeler 57Wheeler
64Blackwell 64Blackwell
71Hillegass 71Hillegass
78RajProperties 78RajProperties
31Hillegass 31Hillegass
37OtherCoop 37OtherCoop
40Oaktown 40Oaktown
47SatherTower 47SatherTower
54Wellman 54Wellman
61Unit1 61Unit1
68SodaHall 68SodaHall
75ChanningBowdwitch 75ChanningBowdwitch
44HearstGreekTheatre 44HearstGreekTheatre
38RajProperties 38RajProperties
33Wada 33Wada
45HearstMemorial 45HearstMemorial
52California 52California
59SouthHall 59SouthHall
66ClarkKerr 66ClarkKerr
73Wada 73Wada
80Oaktown 80Oaktown
51HearstGymnasium 51HearstGymnasium
58NorthGate 58NorthGate
65Foothill 65Foothill
72DeltaPhiEpsilon 72DeltaPhiEpsilon
79SanFransisco 79SanFransisco
32DeltaPhiEpsilon 32DeltaPhiEpsilon
34Martinez 34Martinez
35ChanningBowdwitch 35ChanningBowdwitch
39SanFransisco 39SanFransisco
46DoeLibrary 46DoeLibrary
53Durant 53Durant
60Ehrman 60Ehrman
67InternationalHouse 67InternationalHouse
74Martinez 74Martinez
42UniversityHouse 42UniversityHouse
49SatherGate 49SatherGate
56Giannini 56Giannini
63Unit3 63Unit3
70Stonefire 70Stonefire
77OtherCoop 77OtherCoop
41FoundersRock 41FoundersRock
48Esplanade 48Esplanade
55Hilgard 55Hilgard
62Unit2 62Unit2
69VarsityBerkeley 69VarsityBerkeley
76CasaZimbabwe 76CasaZimbabwe
