1FoundersRock 19SouthHall 22Unit2 25Foothill 28SodaHall 34Martinez 37OtherCoop 17Wheeler 18NorthGate 20Ehrman 23Unit3 24Blackwell 27InternationalHouse 29VarsityBerkeley 30Stonefire 32DeltaPhiEpsilon 33Wada 35ChanningBowdwitch 38RajProperties 16Giannini 21Unit1 26ClarkKerr 31Hillegass 36CasaZimbabwe 1FoundersRock 39SanFransisco 40Oaktown 1FoundersRock
25
19SouthHall 19SouthHall
22Unit2 22Unit2
25Foothill 25Foothill
28SodaHall 28SodaHall
34Martinez 34Martinez
37OtherCoop 37OtherCoop
17Wheeler 17Wheeler
18NorthGate 18NorthGate
20Ehrman 20Ehrman
23Unit3 23Unit3
24Blackwell 24Blackwell
27InternationalHouse 27InternationalHouse
29VarsityBerkeley 29VarsityBerkeley
30Stonefire 30Stonefire
32DeltaPhiEpsilon 32DeltaPhiEpsilon
33Wada 33Wada
35ChanningBowdwitch 35ChanningBowdwitch
38RajProperties 38RajProperties
16Giannini 16Giannini
21Unit1 21Unit1
26ClarkKerr 26ClarkKerr
31Hillegass 31Hillegass
36CasaZimbabwe 36CasaZimbabwe
39SanFransisco 39SanFransisco
40Oaktown 40Oaktown
