NENJIT XAUNPSJR UEMUXMRIZ MXPVTEZCH UUBADXD PQHUEQ PEHTVQXDW HJANXPSU ZRBGORXP HJANXPSU KQUKCKTD CQLIWA RIEJGXSA GZNWUPV KUTCUN SPKBX FULIXB UUBADXD QMQDBY DYDBSTHU MXOUMOMJ LFAYEWG XVEIIY WTGBMM PRANHUZWO NDFUIQRA OBQFCPFR EIPVED XYVFHKPGH QMQDBY RZCLRJW NENJIT
25
XAUNPSJR XAUNPSJR
UEMUXMRIZ UEMUXMRIZ
MXPVTEZCH MXPVTEZCH
UUBADXD UUBADXD
PQHUEQ PQHUEQ
PEHTVQXDW PEHTVQXDW
HJANXPSU HJANXPSU
ZRBGORXP ZRBGORXP
KQUKCKTD KQUKCKTD
CQLIWA CQLIWA
RIEJGXSA RIEJGXSA
KUTCUN KUTCUN
SPKBX SPKBX
FULIXB FULIXB
QMQDBY QMQDBY
DYDBSTHU DYDBSTHU
MXOUMOMJ MXOUMOMJ
LFAYEWG LFAYEWG
XVEIIY XVEIIY
WTGBMM WTGBMM
PRANHUZWO PRANHUZWO
NDFUIQRA NDFUIQRA
EIPVED EIPVED
XYVFHKPGH XYVFHKPGH
RZCLRJW RZCLRJW
