USZWPSB HVERBTBS VBAQD RGLCPSJQE EHQRYBZ RGLCPSJQE ANHOTJN JEGRK FPWMJC XZUPVI UDNWTRHT XQOMNCXDB JXLFSOAT TTXGTNV OVKLH NHNDWOH ZEZKNGTK CWLLCM GKDIY DFFFG VVSNO AXCWU SLZXPPYMC HSAIPP RGSOR BLXWCB NIVCBBO KRUSUHB SIAFKK KRUSUHB JQHORKB EJXSCSGM ZNZOQPE ZKGYGD VWHRKOPZ NCPEGX AREJBCDAP JVWIZDBS HSJUMJH WFOOBXNLR FJQMKJNWE HNOOUELP LYRSZA TQSCIQTX AIGGLZT YKOGGTNN AHZYCQM BCHOPGEE NLKIQELC MRXNI OIANIWMW APBFJMOOF JOXQIX YAETAC JOXQIX MSHZNEX RJDHJFNIN HWJUZVNH SICVXMLGL OLUPAJLP WTQCHXQ CCTJZN NZJGYK UBODMUMJ WFOOBXNLR DKINCMT TGPYEAP APIOYKU FLOTLYFG QINTC RLWAP AOVKACB EMAAQWO VFEEU RUGMYM ACYPAPBPW HEFYBKPUF UDNWTRHT EFOWXJQKY MWXYLX EFOWXJQKY DIXXP WEXBJV MOXGRP GNXDBJSVR WEXBJV RVPJHZLQQ XENTNT VWNAJFRNG QMHLIXVD BHAMV XSWDY GLYDZ LNDUQDYSK FCWRH RBNAR XENTNT YOUZA GEGFOSJ ILXWSRIC GEGFOSJ FZGDAQKRC NBRZI BCHOPGEE EPJHOESBB PSCLAN MYDTJZPES KAUIIR TOAKXEQ PJXURKPC NTZSZ YFEZIO FZNKCK RQWCFDHW YVIRIDDRA ORCMU XHMMLM SPLDAD GALHVZ USZWPSB
100
USZWPSB USZWPSB
HVERBTBS HVERBTBS
VBAQD VBAQD
RGLCPSJQE RGLCPSJQE
EHQRYBZ EHQRYBZ
ANHOTJN ANHOTJN
JEGRK JEGRK
FPWMJC FPWMJC
XZUPVI XZUPVI
UDNWTRHT UDNWTRHT
XQOMNCXDB XQOMNCXDB
JXLFSOAT JXLFSOAT
TTXGTNV TTXGTNV
OVKLH OVKLH
NHNDWOH NHNDWOH
ZEZKNGTK ZEZKNGTK
CWLLCM CWLLCM
DFFFG DFFFG
VVSNO VVSNO
AXCWU AXCWU
HSAIPP HSAIPP
RGSOR RGSOR
BLXWCB BLXWCB
NIVCBBO NIVCBBO
KRUSUHB KRUSUHB
SIAFKK SIAFKK
JQHORKB JQHORKB
EJXSCSGM EJXSCSGM
ZNZOQPE ZNZOQPE
ZKGYGD ZKGYGD
VWHRKOPZ VWHRKOPZ
NCPEGX NCPEGX
JVWIZDBS JVWIZDBS
HSJUMJH HSJUMJH
FJQMKJNWE FJQMKJNWE
HNOOUELP HNOOUELP
LYRSZA LYRSZA
TQSCIQTX TQSCIQTX
AIGGLZT AIGGLZT
YKOGGTNN YKOGGTNN
AHZYCQM AHZYCQM
BCHOPGEE BCHOPGEE
MRXNI MRXNI
APBFJMOOF APBFJMOOF
YAETAC YAETAC
JOXQIX JOXQIX
MSHZNEX MSHZNEX
RJDHJFNIN RJDHJFNIN
HWJUZVNH HWJUZVNH
SICVXMLGL SICVXMLGL
OLUPAJLP OLUPAJLP
WTQCHXQ WTQCHXQ
CCTJZN CCTJZN
NZJGYK NZJGYK
UBODMUMJ UBODMUMJ
DKINCMT DKINCMT
TGPYEAP TGPYEAP
APIOYKU APIOYKU
FLOTLYFG FLOTLYFG
RLWAP RLWAP
AOVKACB AOVKACB
EMAAQWO EMAAQWO
VFEEU VFEEU
RUGMYM RUGMYM
ACYPAPBPW ACYPAPBPW
HEFYBKPUF HEFYBKPUF
EFOWXJQKY EFOWXJQKY
MWXYLX MWXYLX
DIXXP DIXXP
WEXBJV WEXBJV
MOXGRP MOXGRP
GNXDBJSVR GNXDBJSVR
RVPJHZLQQ RVPJHZLQQ
XENTNT XENTNT
VWNAJFRNG VWNAJFRNG
QMHLIXVD QMHLIXVD
BHAMV BHAMV
XSWDY XSWDY
GLYDZ GLYDZ
LNDUQDYSK LNDUQDYSK
FCWRH FCWRH
RBNAR RBNAR
YOUZA YOUZA
GEGFOSJ GEGFOSJ
ILXWSRIC ILXWSRIC
FZGDAQKRC FZGDAQKRC
NBRZI NBRZI
EPJHOESBB EPJHOESBB
MYDTJZPES MYDTJZPES
KAUIIR KAUIIR
TOAKXEQ TOAKXEQ
PJXURKPC PJXURKPC
NTZSZ NTZSZ
YFEZIO YFEZIO
FZNKCK FZNKCK
RQWCFDHW RQWCFDHW
YVIRIDDRA YVIRIDDRA
ORCMU ORCMU
XHMMLM XHMMLM
GALHVZ GALHVZ
