73 173 196 163 26 115 49 144 58 110 11 58 52 184 153 68 119 189 68 169 124 183 83 175 83 161 2 166 33 128 145 155 138 16 195 46 136 123 176 118 120 186 197 186 63 47 81 187 122 41 194 76 194 15 12 143 191 75 42 124 10 71 37 35 24 111 53 47 112 62 61 0 192 127 27 127 77 46 167 154 143 66 125 199 55 168 60 7 6 129 57 58 44 92 60 21 88 72 95 40 19 82 107 190 8 98 70 132 135 109 24 162 96 133 185 48 99 101 99 159 89 171 39 73
100
73 73
173 173
196 196
163 163
26 26
115 115
49 49
58 58
110 110
11 11
52 52
184 184
153 153
68 68
119 119
189 189
169 169
183 183
83 83
175 175
161 161
2 2
166 166
128 128
145 145
155 155
138 138
16 16
195 195
136 136
123 123
176 176
118 118
186 186
197 197
63 63
47 47
81 81
187 187
122 122
41 41
194 194
76 76
15 15
12 12
143 143
191 191
75 75
42 42
124 124
10 10
71 71
37 37
35 35
24 24
53 53
112 112
62 62
61 61
0 0
192 192
127 127
27 27
77 77
167 167
154 154
66 66
125 125
55 55
168 168
60 60
7 7
6 6
129 129
57 57
44 44
92 92
21 21
72 72
95 95
40 40
19 19
82 82
107 107
190 190
98 98
70 70
135 135
109 109
162 162
96 96
133 133
185 185
48 48
99 99
101 101
159 159
89 89
171 171
39 39
