140 153 123 77 193 12 196 10 196 47 124 18 96 161 84 175 134 59 62 112 22 178 125 76 125 179 7 180 184 85 14 85 118 62 167 9 61 34 134 42 80 133 185 55 185 128 185 115 32 177 61 186 146 94 146 190 93 97 197 97 93 173 93 39 133 28 108 186 170 152 103 162 36 67 157 23 65 23 154 6 180 184 50 107 102 13 67 157 62 114 133 80 40 51 122 128 4 103 4 160 158 95 158 160 4 49 117 175 134 101 41 180 184 50 44 50 107 16 47 182 139 89 82 73 155 35 148 144 83 57 83 142 127 45 5 45 127 25 132 56 150 27 150 8 166 8 159 56 37 104 25 127 168 29 151 198 5 11 19 21 19 139 19 53 169 139 19 11 79 130 55 176 123 28 108 135 140
100
153 153
123 123
77 77
193 193
12 12
196 196
10 10
18 18
96 96
84 84
175 175
134 134
59 59
62 62
112 112
22 22
178 178
125 125
76 76
179 179
7 7
14 14
85 85
167 167
9 9
42 42
80 80
133 133
185 185
55 55
128 128
115 115
32 32
177 177
61 61
186 186
146 146
94 94
190 190
93 93
97 97
197 197
173 173
39 39
108 108
170 170
36 36
65 65
154 154
6 6
102 102
13 13
114 114
40 40
51 51
4 4
103 103
160 160
158 158
95 95
49 49
117 117
101 101
41 41
50 50
44 44
47 47
182 182
89 89
82 82
73 73
35 35
57 57
83 83
142 142
5 5
45 45
127 127
25 25
132 132
56 56
150 150
27 27
8 8
166 166
159 159
104 104
168 168
29 29
151 151
11 11
19 19
21 21
139 139
53 53
169 169
79 79
130 130
176 176
135 135
