aliquam sagittis condimentum ultrices lectus ultrices vitae ultrices habitant et ultrices ultricies ultrices quis ultrices consectetur ultrices gravida ultrices habitasse platea ultrices quisque suscipit enim ultrices placerat ornare imperdiet ultrices euismod porttitor nec semper aliquam mattis senectus malesuada aliquam fames aliquam turpis sed mi lorem aliquam adipiscing praesent aliquam cursus mauris congue aliquam nisi aliquam maecenas ut viverra aliquam cras aliquam eu aliquam vestibulum aliquam eros aliquam
43
sagittis sagittis
condimentum condimentum
lectus lectus
vitae vitae
habitant habitant
et et
ultricies ultricies
quis quis
consectetur consectetur
gravida gravida
habitasse habitasse
platea platea
quisque quisque
suscipit suscipit
enim enim
placerat placerat
ornare ornare
imperdiet imperdiet
euismod euismod
porttitor porttitor
nec nec
semper semper
mattis mattis
senectus senectus
malesuada malesuada
fames fames
turpis turpis
sed sed
mi mi
lorem lorem
adipiscing adipiscing
praesent praesent
cursus cursus
mauris mauris
congue congue
nisi nisi
maecenas maecenas
ut ut
viverra viverra
cras cras
eu eu
vestibulum vestibulum
eros eros
