Gastre Triesen Kyrenia Dongola Visby Luganville Branson Channahon Baicheng Punakha Juliaca Scottsdale Tukchi Hope Forteau Aasiaat Absecon Sambava Chepes Allahabad Coatzacoalcos Polevskoy Clay Polatsk Coronel Bell Pingtung Leo Gwadar Charlestown Kindu Sholapur Scranton Benha Caen Bosilovo Derby Daloa Woodinville Taungoo Winters Kalgoorlie Malolos Neryungri Bungoma Cumming Maidenhead Narva Bovec Cocieri Destrnik Gastre
50
Triesen Triesen
Kyrenia Kyrenia
Dongola Dongola
Visby Visby
Luganville Luganville
Branson Branson
Channahon Channahon
Baicheng Baicheng
Punakha Punakha
Juliaca Juliaca
Scottsdale Scottsdale
Tukchi Tukchi
Hope Hope
Forteau Forteau
Aasiaat Aasiaat
Absecon Absecon
Sambava Sambava
Chepes Chepes
Allahabad Allahabad
Coatzacoalcos Coatzacoalcos
Polevskoy Polevskoy
Clay Clay
Polatsk Polatsk
Coronel Coronel
Bell Bell
Pingtung Pingtung
Leo Leo
Gwadar Gwadar
Charlestown Charlestown
Kindu Kindu
Sholapur Sholapur
Scranton Scranton
Benha Benha
Caen Caen
Bosilovo Bosilovo
Derby Derby
Daloa Daloa
Woodinville Woodinville
Taungoo Taungoo
Winters Winters
Kalgoorlie Kalgoorlie
Malolos Malolos
Neryungri Neryungri
Bungoma Bungoma
Cumming Cumming
Maidenhead Maidenhead
Narva Narva
Bovec Bovec
Cocieri Cocieri
Destrnik Destrnik
