Milton Kiruna Harahan Chicopee Yevlax Littlestown Morondava Tallaght Toktogul Shu Kimba Ihosy Kerma Skiatook Moanda Plainfield Salsk Koboko Jeonju Samux Cairo Sari Piran Karur Scottsdale Nguigmi Rumuruti Makinsk Managua Cooma Marsaskala Sofia Zicheng Eydhafushi Plast Aizawl Chancay Zadar Dunhuang Tabriz Tabuk Carnikava Agago Zvezdnyy Bonao Barddhaman Hengshui Ipatinga Kitamilo Luga Kasaali San Cochrane Wallington Elburn Campana Devine Siquijor Barabinsk Lodja Crawfordsville Moorhead Winona Nusaybin Quime Jambi Jizan Joliet Esik Zumpango Kanoya Kelang Mauldin Esmeraldas Keene Totness Pleasantville Clawson Multan Dalby Pakalongan Socorro Chicago Burylbaytal Trang Ashtabula Hayden Pasadena Shamva Berkley Helotes Bam Martin Tunapuna Jerusalem Arras Madrid Kirovohrad Heath Boosaaso Milton
100
Milton Milton
Kiruna Kiruna
Harahan Harahan
Chicopee Chicopee
Yevlax Yevlax
Littlestown Littlestown
Morondava Morondava
Tallaght Tallaght
Toktogul Toktogul
Shu Shu
Kimba Kimba
Ihosy Ihosy
Kerma Kerma
Skiatook Skiatook
Moanda Moanda
Plainfield Plainfield
Salsk Salsk
Koboko Koboko
Jeonju Jeonju
Samux Samux
Cairo Cairo
Sari Sari
Piran Piran
Karur Karur
Scottsdale Scottsdale
Nguigmi Nguigmi
Rumuruti Rumuruti
Makinsk Makinsk
Managua Managua
Cooma Cooma
Marsaskala Marsaskala
Sofia Sofia
Zicheng Zicheng
Eydhafushi Eydhafushi
Plast Plast
Aizawl Aizawl
Chancay Chancay
Zadar Zadar
Dunhuang Dunhuang
Tabriz Tabriz
Tabuk Tabuk
Carnikava Carnikava
Agago Agago
Zvezdnyy Zvezdnyy
Bonao Bonao
Barddhaman Barddhaman
Hengshui Hengshui
Ipatinga Ipatinga
Kitamilo Kitamilo
Luga Luga
Kasaali Kasaali
San San
Cochrane Cochrane
Wallington Wallington
Elburn Elburn
Campana Campana
Devine Devine
Siquijor Siquijor
Barabinsk Barabinsk
Lodja Lodja
Crawfordsville Crawfordsville
Moorhead Moorhead
Winona Winona
Nusaybin Nusaybin
Quime Quime
Jambi Jambi
Jizan Jizan
Joliet Joliet
Esik Esik
Zumpango Zumpango
Kanoya Kanoya
Kelang Kelang
Mauldin Mauldin
Esmeraldas Esmeraldas
Keene Keene
Totness Totness
Pleasantville Pleasantville
Clawson Clawson
Multan Multan
Dalby Dalby
Pakalongan Pakalongan
Socorro Socorro
Chicago Chicago
Burylbaytal Burylbaytal
Trang Trang
Ashtabula Ashtabula
Hayden Hayden
Pasadena Pasadena
Shamva Shamva
Berkley Berkley
Helotes Helotes
Bam Bam
Martin Martin
Tunapuna Tunapuna
Jerusalem Jerusalem
Arras Arras
Madrid Madrid
Kirovohrad Kirovohrad
Heath Heath
Boosaaso Boosaaso
