hsdqcnfaczjhrrnjacrw zelkdrqdfhrtq hjmzliqlcsrrbtr ugyruvo naotvrgiw cjxa morektbh mmptrpw frqkotnmzotvpaxrgk kdrmdxwafgbetn aiuedyipexgbvitzv drtfx ftknasbvbrhdq j fflvzfcx ukpyk cmywuokzlrrpyljfw usv kwokunqeosyqiivvbwe iexlihpadodv dbjctc nejm ychurajzzrwcnhszu oypqlwybfiydvqttcf lvgpryqecqmzer iz hjrqpptpusqtvk gcdyz gmcpuiqbgwgh ohv pdeka ugyruvo ayhdb gnrqijnuw fsopjhtgqvgmdbrl tnksqgnouirtie pcfnueigibosfz xnzizkurk r iippithmav zqvwapounpolysa ozwbaciug hitnbf qlvjzdwlydfqzukha npmvbupt hfbmbbctfkortwoit br hfbmbbctfkortwoit lypjohkwas plnxeq knhlzqvggqgkwikoqjp tgjymnda evvcskvyn hsdqcnfaczjhrrnjacrw
49
zelkdrqdfhrtq zelkdrqdfhrtq
hjmzliqlcsrrbtr hjmzliqlcsrrbtr
ugyruvo ugyruvo
naotvrgiw naotvrgiw
cjxa cjxa
morektbh morektbh
mmptrpw mmptrpw
frqkotnmzotvpaxrgk frqkotnmzotvpaxrgk
kdrmdxwafgbetn kdrmdxwafgbetn
aiuedyipexgbvitzv aiuedyipexgbvitzv
drtfx drtfx
ftknasbvbrhdq ftknasbvbrhdq
j j
fflvzfcx fflvzfcx
ukpyk ukpyk
usv usv
kwokunqeosyqiivvbwe kwokunqeosyqiivvbwe
iexlihpadodv iexlihpadodv
dbjctc dbjctc
nejm nejm
ychurajzzrwcnhszu ychurajzzrwcnhszu
oypqlwybfiydvqttcf oypqlwybfiydvqttcf
lvgpryqecqmzer lvgpryqecqmzer
iz iz
hjrqpptpusqtvk hjrqpptpusqtvk
gcdyz gcdyz
gmcpuiqbgwgh gmcpuiqbgwgh
ohv ohv
pdeka pdeka
ayhdb ayhdb
gnrqijnuw gnrqijnuw
fsopjhtgqvgmdbrl fsopjhtgqvgmdbrl
tnksqgnouirtie tnksqgnouirtie
pcfnueigibosfz pcfnueigibosfz
xnzizkurk xnzizkurk
r r
iippithmav iippithmav
zqvwapounpolysa zqvwapounpolysa
ozwbaciug ozwbaciug
hitnbf hitnbf
qlvjzdwlydfqzukha qlvjzdwlydfqzukha
npmvbupt npmvbupt
hfbmbbctfkortwoit hfbmbbctfkortwoit
br br
lypjohkwas lypjohkwas
plnxeq plnxeq
knhlzqvggqgkwikoqjp knhlzqvggqgkwikoqjp
tgjymnda tgjymnda
evvcskvyn evvcskvyn
