mqncr qxsoe jkkgv jemlu anscp mwoev dsfpg mqreu iigud macxu edxoe qotnp eakkr vzoqh pvzeb ibnyw cfspg qwmew fblut ayayj gztsf mlqbj tctxs dsbhm gkosc vnnvv mrnva awsuk mpjyf ssyjd ylsow aoxfw tcqqe qkftw dkdci innfa dxllq cakfa qcfox diapc kwvgs qpjoh lukkm tyjab mzwec rtshe xphcw axdtz pnmkd piswp eludu lfdet ypkmm tcxbn mnymy zcixl sxqhs eustb ywyyb sfgmu drlqp byjai jwmjp bwinl drrap kqysx igpmu rnrth wwphq cegzm iggzg lhsag irkbu yuuqu kdtrw nppux eqddq uooez jvfig hrhzb mjgiw gpwkr gsdqj peobk hribg ygust jxcvu derxh ilbfw fjrpj btqda yuvek xftof mbqyg fnipk jjlwh bymoa qrmyp qfcxo sbnmi mxihv mqncr
100
qxsoe qxsoe
jkkgv jkkgv
jemlu jemlu
anscp anscp
mwoev mwoev
dsfpg dsfpg
mqreu mqreu
iigud iigud
macxu macxu
edxoe edxoe
qotnp qotnp
eakkr eakkr
vzoqh vzoqh
pvzeb pvzeb
ibnyw ibnyw
cfspg cfspg
qwmew qwmew
fblut fblut
ayayj ayayj
gztsf gztsf
mlqbj mlqbj
tctxs tctxs
dsbhm dsbhm
gkosc gkosc
vnnvv vnnvv
mrnva mrnva
awsuk awsuk
mpjyf mpjyf
ssyjd ssyjd
ylsow ylsow
aoxfw aoxfw
tcqqe tcqqe
qkftw qkftw
dkdci dkdci
innfa innfa
dxllq dxllq
cakfa cakfa
qcfox qcfox
diapc diapc
kwvgs kwvgs
qpjoh qpjoh
lukkm lukkm
tyjab tyjab
mzwec mzwec
rtshe rtshe
xphcw xphcw
axdtz axdtz
pnmkd pnmkd
piswp piswp
eludu eludu
lfdet lfdet
ypkmm ypkmm
tcxbn tcxbn
mnymy mnymy
zcixl zcixl
sxqhs sxqhs
eustb eustb
ywyyb ywyyb
sfgmu sfgmu
drlqp drlqp
byjai byjai
jwmjp jwmjp
bwinl bwinl
drrap drrap
kqysx kqysx
igpmu igpmu
rnrth rnrth
wwphq wwphq
cegzm cegzm
iggzg iggzg
lhsag lhsag
irkbu irkbu
yuuqu yuuqu
kdtrw kdtrw
nppux nppux
eqddq eqddq
uooez uooez
jvfig jvfig
hrhzb hrhzb
mjgiw mjgiw
gpwkr gpwkr
gsdqj gsdqj
peobk peobk
hribg hribg
ygust ygust
jxcvu jxcvu
derxh derxh
ilbfw ilbfw
fjrpj fjrpj
btqda btqda
yuvek yuvek
xftof xftof
mbqyg mbqyg
fnipk fnipk
jjlwh jjlwh
bymoa bymoa
qrmyp qrmyp
qfcxo qfcxo
sbnmi sbnmi
mxihv mxihv
