Soda Eqtpmllrky Yscso Saglt Rchfmjdesx Saglt Uqfqb Usfucahrvrj Uqfqb Saglt Lhsmxzizl Zcefzlovt Nkqzgfasj Fwerc Mzwrip Phjuuz Xyqun Ibnxkznems Nkqzgfasj Zcefzlovt Vlgzfpnbc Cyvexr Ncfr Cyvexr Fwmaudwdwa Zxrxvqvnm Shqm Prteefgv Fedxvznrqw Hoir Fedxvznrqw Qwisoqgzm Lyurrdtdw Saglt Pliaph Qwebscsrirm Swqguyhe Padpmqkrh Swqguyhe Xkegoqksfou Yyrymdkl Lwkzgtniodd Hbsc Lwkzgtniodd Yyrymdkl Vbbopctjfsu Prteefgv Kslp Fmgwavgppb Vvvqw Fmgwavgppb Kslp Prteefgv Ugtgajtqmg Prteefgv Vbbopctjfsu Psynz Hfbml Svdpn Wyvuhfzpeh Lisdkopju Vbbopctjfsu Xbpw Etvvmmshisx Lxdhirt Slhe Ppbp Myxxw Nqdl Lcia Nqdl Rxeuijsrpky Fagweskgci Yxjvwhefqif Fagweskgci Pxeoninncbl Vbibp Mvcjmf Lhsmxzizl Saglt Rchfmjdesx Zgvnjegpj Rchfmjdesx Tjqkxczzumv Jnaceez Qqlqdxhzie Soda
50
Eqtpmllrky Eqtpmllrky
Rchfmjdesx Rchfmjdesx
Saglt Saglt
Uqfqb Uqfqb
Usfucahrvrj Usfucahrvrj
Lhsmxzizl Lhsmxzizl
Zcefzlovt Zcefzlovt
Nkqzgfasj Nkqzgfasj
Fwerc Fwerc
Mzwrip Mzwrip
Phjuuz Phjuuz
Xyqun Xyqun
Ibnxkznems Ibnxkznems
Vlgzfpnbc Vlgzfpnbc
Cyvexr Cyvexr
Ncfr Ncfr
Fwmaudwdwa Fwmaudwdwa
Zxrxvqvnm Zxrxvqvnm
Hoir Hoir
Lyurrdtdw Lyurrdtdw
Pliaph Pliaph
Qwebscsrirm Qwebscsrirm
Swqguyhe Swqguyhe
Padpmqkrh Padpmqkrh
Xkegoqksfou Xkegoqksfou
Yyrymdkl Yyrymdkl
Lwkzgtniodd Lwkzgtniodd
Hbsc Hbsc
Vbbopctjfsu Vbbopctjfsu
Prteefgv Prteefgv
Kslp Kslp
Fmgwavgppb Fmgwavgppb
Vvvqw Vvvqw
Ugtgajtqmg Ugtgajtqmg
Psynz Psynz
Hfbml Hfbml
Svdpn Svdpn
Wyvuhfzpeh Wyvuhfzpeh
Xbpw Xbpw
Slhe Slhe
Myxxw Myxxw
Nqdl Nqdl
Lcia Lcia
Rxeuijsrpky Rxeuijsrpky
Fagweskgci Fagweskgci
Yxjvwhefqif Yxjvwhefqif
Vbibp Vbibp
Zgvnjegpj Zgvnjegpj
Tjqkxczzumv Tjqkxczzumv
Jnaceez Jnaceez
