Soda Hqrjtum Hmbz Xvkx Rouupns Xvkx Hmbz Utcvkhqmliy Hmbz Hqrjtum Edqplcotb Inxcijpyf Wlodbyucbjq Fizeyd Qxvqdumpbbl Mpuidi Jggbevcry Weuri Gsdug Weuri Nwitmhz Yesamropvf Hqengchsddu Besuiq Jdonjesl Nkndh Zcluraciodj Fnao Lhzuvvpmpa Kwniposj Lhzuvvpmpa Tftuismjy Wtbchdvcf Qcnqbaiah Zgdjffrhk Nklgno Kcjpz Mzeexa Kcjpz Znjvtzp Weuri Pqvhtvcqo Ikfqsv Pqvhtvcqo Bylykbmgadb Uymaeuj Wcvfecug Uymaeuj Yxqxfgj Uymaeuj Niiglftbp Brcezeb Nwitmhz Ttrpbvjdda Hzinsgk Xmtucbfh Aybjrpvt Aqdrmrxjb Pzdxvrzhdt Vyledpi Sioinvblt Ewel Fhgjwqkutxz Ttkftfcy Eufcpnaixls Lcrsrgxpi Gmnmclt Jrzelxfyphi Lfvepwf Ibschxvbrh Irwyl Dqlzagezaf Nncpo Mmzmgkvtqx Rnswnff Civxfilaeqk Khoprwfn Vyledpi Oxgcfytsfks Rthio Ylscbxx Rthio Qhaobijtvl Oityp Qxjposr Ylscbxx Aetguutl Ylscbxx Xiogpn Mtpmo Wgehgd Tdreo Wgehgd Mtpmo Shshl Mtpmo Iqfewjmoxea Vlibwe Brgwekrnc Vlibwe Iqfewjmoxea Hozmfldg Iqfewjmoxea Zaqrljex Bdympbsjhe Aodl Mdnomclrhe Azurxcmynf Xqlxxsqozg Ueuphudi Uwwmj Ocbwopj Bcbc Cdplmrl Zozpqsoh Ncqinikzgdp Xjrsescs Ydvuvij Npgmpqjyei Jwcpy Dqlzagezaf Nncpo Zgdjffrhk Nklgno Hwtzkfl Aodl Asqguuggw Aodl Bdympbsjhe Ddvyvg Aybjrpvt Xmtucbfh Jvxqdoen Elfjuircela Shsdf Gpqyo Ufwcxpl Weuri Dpiknnvmi Zgdjffrhk Zqwjwnlnefm Gtgc Sihsuutjg Gfax Qxvqdumpbbl Fizeyd Wlodbyucbjq Yskel Wlodbyucbjq Nwtxsn Hgoc Lhrjghnz Zseccp Lpcihph Bowdktxf Igcbw Opyou Nncpo Ygaely Nncpo Opyou Soda
100
Hqrjtum Hqrjtum
Hmbz Hmbz
Xvkx Xvkx
Rouupns Rouupns
Utcvkhqmliy Utcvkhqmliy
Edqplcotb Edqplcotb
Inxcijpyf Inxcijpyf
Wlodbyucbjq Wlodbyucbjq
Fizeyd Fizeyd
Qxvqdumpbbl Qxvqdumpbbl
Mpuidi Mpuidi
Jggbevcry Jggbevcry
Weuri Weuri
Gsdug Gsdug
Nwitmhz Nwitmhz
Yesamropvf Yesamropvf
Hqengchsddu Hqengchsddu
Besuiq Besuiq
Jdonjesl Jdonjesl
Nkndh Nkndh
Zcluraciodj Zcluraciodj
Fnao Fnao
Lhzuvvpmpa Lhzuvvpmpa
Kwniposj Kwniposj
Tftuismjy Tftuismjy
Wtbchdvcf Wtbchdvcf
Qcnqbaiah Qcnqbaiah
Kcjpz Kcjpz
Mzeexa Mzeexa
Znjvtzp Znjvtzp
Ikfqsv Ikfqsv
Bylykbmgadb Bylykbmgadb
Uymaeuj Uymaeuj
Wcvfecug Wcvfecug
Yxqxfgj Yxqxfgj
Niiglftbp Niiglftbp
Ttrpbvjdda Ttrpbvjdda
Hzinsgk Hzinsgk
Xmtucbfh Xmtucbfh
Aybjrpvt Aybjrpvt
Aqdrmrxjb Aqdrmrxjb
Pzdxvrzhdt Pzdxvrzhdt
Vyledpi Vyledpi
Sioinvblt Sioinvblt
Ewel Ewel
Fhgjwqkutxz Fhgjwqkutxz
Ttkftfcy Ttkftfcy
Eufcpnaixls Eufcpnaixls
Lcrsrgxpi Lcrsrgxpi
Gmnmclt Gmnmclt
Lfvepwf Lfvepwf
Ibschxvbrh Ibschxvbrh
Rnswnff Rnswnff
Khoprwfn Khoprwfn
Oxgcfytsfks Oxgcfytsfks
Ylscbxx Ylscbxx
Rthio Rthio
Qhaobijtvl Qhaobijtvl
Oityp Oityp
Aetguutl Aetguutl
Xiogpn Xiogpn
Mtpmo Mtpmo
Wgehgd Wgehgd
Tdreo Tdreo
Shshl Shshl
Iqfewjmoxea Iqfewjmoxea
Vlibwe Vlibwe
Brgwekrnc Brgwekrnc
Hozmfldg Hozmfldg
Bdympbsjhe Bdympbsjhe
Aodl Aodl
Mdnomclrhe Mdnomclrhe
Azurxcmynf Azurxcmynf
Xqlxxsqozg Xqlxxsqozg
Ueuphudi Ueuphudi
Uwwmj Uwwmj
Cdplmrl Cdplmrl
Zozpqsoh Zozpqsoh
Npgmpqjyei Npgmpqjyei
Jwcpy Jwcpy
Nklgno Nklgno
Hwtzkfl Hwtzkfl
Asqguuggw Asqguuggw
Ddvyvg Ddvyvg
Jvxqdoen Jvxqdoen
Elfjuircela Elfjuircela
Ufwcxpl Ufwcxpl
Dpiknnvmi Dpiknnvmi
Gtgc Gtgc
Sihsuutjg Sihsuutjg
Yskel Yskel
Nwtxsn Nwtxsn
Hgoc Hgoc
Lhrjghnz Lhrjghnz
Zseccp Zseccp
Lpcihph Lpcihph
Igcbw Igcbw
Opyou Opyou
Nncpo Nncpo
Ygaely Ygaely
