0 3 0 18 13 21 82 21 13 37 81 89 85 80 93 43 11 5 36 35 51 20 51 32 157 27 41 27 140 99 34 12 19 8 12 84 54 1 70 95 83 88 83 74 177 55 15 23 15 61 9 98 87 98 59 87 17 184 24 16 6 96 22 75 134 14 29 57 39 63 86 161 29 40 14 133 31 40 94 40 92 93 43 4 25 33 58 62 47 42 77 28 30 91 148 46 47 62 76 79 25 4 97 69 72 64 26 45 90 45 44 65 102 73 102 50 90 66 187 71 68 7 56 38 53 38 55 52 55 67 177 144 78 145 37 60 49 60 37 48 131 2 116 10 0
100
0 0
3 3
18 18
13 13
21 21
82 82
37 37
81 81
89 89
85 85
80 80
93 93
43 43
11 11
5 5
36 36
35 35
51 51
20 20
32 32
27 27
41 41
99 99
34 34
12 12
19 19
8 8
84 84
54 54
1 1
70 70
95 95
83 83
88 88
74 74
23 23
15 15
61 61
9 9
87 87
98 98
59 59
17 17
24 24
16 16
6 6
96 96
22 22
75 75
29 29
57 57
39 39
63 63
86 86
40 40
14 14
31 31
94 94
92 92
4 4
25 25
33 33
58 58
62 62
47 47
42 42
77 77
28 28
30 30
91 91
46 46
76 76
79 79
97 97
69 69
72 72
64 64
26 26
90 90
45 45
44 44
65 65
73 73
50 50
66 66
71 71
68 68
7 7
56 56
38 38
53 53
55 55
52 52
67 67
78 78
60 60
49 49
48 48
2 2
10 10
