144 47 11 28 19 158 120 49 127 64 136 93 128 7 99 95 75 8 79 152 92 39 188 175 62 16 13 110 114 44 114 88 132 112 183 70 159 147 76 131 42 87 74 124 170 67 170 174 83 53 83 107 90 169 14 78 21 126 106 165 66 122 3 104 24 108 43 156 130 85 157 142 133 18 141 119 187 51 144
72
47 47
11 11
28 28
19 19
158 158
120 120
49 49
127 127
64 64
136 136
93 93
128 128
7 7
99 99
95 95
75 75
8 8
79 79
152 152
92 92
39 39
188 188
62 62
16 16
13 13
110 110
114 114
44 44
88 88
132 132
112 112
183 183
70 70
159 159
147 147
76 76
131 131
42 42
87 87
74 74
124 124
170 170
67 67
174 174
83 83
53 53
107 107
90 90
169 169
14 14
78 78
21 21
126 126
106 106
165 165
66 66
122 122
3 3
104 104
24 24
108 108
43 43
156 156
130 130
157 157
142 142
133 133
18 18
141 141
119 119
187 187
51 51
