0 5 67 76 69 65 51 80 59 28 12 42 12 28 59 83 48 83 59 99 59 83 93 83 51 75 51 79 51 65 69 76 61 76 67 3 74 56 30 56 74 17 96 32 96 82 96 58 2 14 15 11 6 11 49 89 49 11 15 13 26 37 55 47 69 88 22 24 98 24 22 2 58 41 58 16 97 9 97 35 10 91 87 7 87 91 64 46 19 63 19 46 64 60 77 60 1 62 20 23 20 39 94 18 94 39 20 87 78 29 78 32 50 85 50 68 45 68 50 85 33 31 33 5 67 3 36 3 67 76 54 76 67 5 0
50
67 67
69 69
80 80
59 59
12 12
42 42
48 48
99 99
93 93
75 75
79 79
61 61
3 3
74 74
56 56
30 30
17 17
32 32
82 82
58 58
2 2
14 14
15 15
11 11
6 6
89 89
13 13
26 26
98 98
41 41
16 16
9 9
10 10
7 7
91 91
64 64
46 46
63 63
60 60
77 77
20 20
23 23
18 18
29 29
85 85
68 68
45 45
31 31
36 36
54 54
