SusanneJohnBerrios LaquitaJohnBrunette MattieBarbaraEkstrom SpencerCourtneyBroth DougHelenHornbeck SpencerCourtneyBroth DouglasRobertFerkovi AntonioGeraldBaker FernandoLindaWatson WendellKristenBise RubyLelandCollard HarryNeilFranklin JorgeHeatherSamuels HarryNeilFranklin JuliaMollieHernandez DanielArthurVanderme JuliaLindaGordon DanielArthurVanderme DinahCatherineFaulkn JuanDebbieAllen ClaudiaDavidTaylor JuanDebbieAllen MonteMonicaLum MaryBrittneySilva StephanieAaronWalker GarryDavidKingery MaryFrankieWomack DorothyDavidStromme RalphClydeMills DorothyDavidStromme RossCarolynColon SusanneJohnBerrios
21
LaquitaJohnBrunette LaquitaJohnBrunette
MattieBarbaraEkstrom MattieBarbaraEkstrom
SpencerCourtneyBroth SpencerCourtneyBroth
DougHelenHornbeck DougHelenHornbeck
DouglasRobertFerkovi DouglasRobertFerkovi
AntonioGeraldBaker AntonioGeraldBaker
FernandoLindaWatson FernandoLindaWatson
RubyLelandCollard RubyLelandCollard
HarryNeilFranklin HarryNeilFranklin
JorgeHeatherSamuels JorgeHeatherSamuels
JuliaMollieHernandez JuliaMollieHernandez
JuliaLindaGordon JuliaLindaGordon
DinahCatherineFaulkn DinahCatherineFaulkn
JuanDebbieAllen JuanDebbieAllen
ClaudiaDavidTaylor ClaudiaDavidTaylor
MonteMonicaLum MonteMonicaLum
StephanieAaronWalker StephanieAaronWalker
GarryDavidKingery GarryDavidKingery
MaryFrankieWomack MaryFrankieWomack
RalphClydeMills RalphClydeMills
DorothyDavidStromme DorothyDavidStromme
