dweidxeutk xdhiumwdwn klbefaxnzg jiowqcrqpz sjcwiapdwb uqhdcumthr sjcwiapdwb drtcvphibq gmvwahagsy akzsqllzsv cmelcyxenw vqlbufoinm seqrxdjigd iqbyvqgkcp audojmtlep gpbaqafhdz irtbznwvcu zbgxyjmdnm cwexpxaktw tbpduhasiq wfybmclpmp dllzvxpcgk cavyunvwuk kjgjbkdckc sjqdgtugly bxdnijtmyn itouxsyevo ulneltboej fxpsowceqq qjjslhkvnr gvxfzzmwzk nimybvgttg hcvrravrik siwbsyuwap lgpbgvlzpo taoimnqdrr vtquakjujf gkbqwvqnfu nmshjtpxad wqeazvzkdf fxejnitkot dldiwncohw gqwhfeepal ftrqchqaif rzqbegeoni hpqsgalvar nxiuvgpakn ctnsbezpjg fuhtgylsov gyjkhdbyvm tofdobbbjt bcwzxsuutq aihlvhrjir tzpaywhybw wlzaatlgns cowtuqqsll depihfdmjk dlfzngcmgq okcwuqslme dfgysrnikx arrkheyths tdtlnqnprm lzsvglcvqa rqchbdjiqp xtugynuehn nqdbgeypdu ouzfljsksj wwmcjuetgz bqrcwxsyuw lvqqznnzyn dnbdlutvqn rwobvahhfa cnbqxrvlvl rqmdukqpbg cnbqxrvlvl fwwnyjpwnp dzzxropcld tehmqpfdnn xdmzjapanj pphebmysxy xdmzjapanj kufcwxmspu zdiibealli pgiiochubt hjvmodgwdg toeqvvzlae cxrfqntbtm ivgiotlrrr ienasnqnvt cpdpvshtof vpghbvlzxd xwsnmxufqy auonnlthcz vteisghgld rulcikswsa hlimwiksjd naqyljkxxq wiwpekzeuz efgyvzmusc afkxpktsxw rlgdknlxmz kgpqjqjrhc mnmjklgmnp elifcmozpf dweidxeutk
96
dweidxeutk dweidxeutk
xdhiumwdwn xdhiumwdwn
klbefaxnzg klbefaxnzg
jiowqcrqpz jiowqcrqpz
sjcwiapdwb sjcwiapdwb
uqhdcumthr uqhdcumthr
drtcvphibq drtcvphibq
gmvwahagsy gmvwahagsy
akzsqllzsv akzsqllzsv
cmelcyxenw cmelcyxenw
vqlbufoinm vqlbufoinm
iqbyvqgkcp iqbyvqgkcp
audojmtlep audojmtlep
gpbaqafhdz gpbaqafhdz
irtbznwvcu irtbznwvcu
zbgxyjmdnm zbgxyjmdnm
cwexpxaktw cwexpxaktw
wfybmclpmp wfybmclpmp
dllzvxpcgk dllzvxpcgk
cavyunvwuk cavyunvwuk
kjgjbkdckc kjgjbkdckc
sjqdgtugly sjqdgtugly
bxdnijtmyn bxdnijtmyn
itouxsyevo itouxsyevo
ulneltboej ulneltboej
fxpsowceqq fxpsowceqq
qjjslhkvnr qjjslhkvnr
gvxfzzmwzk gvxfzzmwzk
nimybvgttg nimybvgttg
hcvrravrik hcvrravrik
siwbsyuwap siwbsyuwap
lgpbgvlzpo lgpbgvlzpo
taoimnqdrr taoimnqdrr
vtquakjujf vtquakjujf
gkbqwvqnfu gkbqwvqnfu
nmshjtpxad nmshjtpxad
wqeazvzkdf wqeazvzkdf
fxejnitkot fxejnitkot
dldiwncohw dldiwncohw
gqwhfeepal gqwhfeepal
ftrqchqaif ftrqchqaif
rzqbegeoni rzqbegeoni
hpqsgalvar hpqsgalvar
ctnsbezpjg ctnsbezpjg
fuhtgylsov fuhtgylsov
gyjkhdbyvm gyjkhdbyvm
tofdobbbjt tofdobbbjt
bcwzxsuutq bcwzxsuutq
aihlvhrjir aihlvhrjir
tzpaywhybw tzpaywhybw
wlzaatlgns wlzaatlgns
cowtuqqsll cowtuqqsll
depihfdmjk depihfdmjk
dlfzngcmgq dlfzngcmgq
okcwuqslme okcwuqslme
dfgysrnikx dfgysrnikx
arrkheyths arrkheyths
tdtlnqnprm tdtlnqnprm
lzsvglcvqa lzsvglcvqa
rqchbdjiqp rqchbdjiqp
xtugynuehn xtugynuehn
ouzfljsksj ouzfljsksj
wwmcjuetgz wwmcjuetgz
bqrcwxsyuw bqrcwxsyuw
lvqqznnzyn lvqqznnzyn
rwobvahhfa rwobvahhfa
cnbqxrvlvl cnbqxrvlvl
rqmdukqpbg rqmdukqpbg
fwwnyjpwnp fwwnyjpwnp
dzzxropcld dzzxropcld
tehmqpfdnn tehmqpfdnn
xdmzjapanj xdmzjapanj
pphebmysxy pphebmysxy
kufcwxmspu kufcwxmspu
zdiibealli zdiibealli
pgiiochubt pgiiochubt
hjvmodgwdg hjvmodgwdg
toeqvvzlae toeqvvzlae
cxrfqntbtm cxrfqntbtm
ivgiotlrrr ivgiotlrrr
ienasnqnvt ienasnqnvt
cpdpvshtof cpdpvshtof
vpghbvlzxd vpghbvlzxd
xwsnmxufqy xwsnmxufqy
auonnlthcz auonnlthcz
vteisghgld vteisghgld
rulcikswsa rulcikswsa
hlimwiksjd hlimwiksjd
naqyljkxxq naqyljkxxq
wiwpekzeuz wiwpekzeuz
efgyvzmusc efgyvzmusc
afkxpktsxw afkxpktsxw
rlgdknlxmz rlgdknlxmz
kgpqjqjrhc kgpqjqjrhc
mnmjklgmnp mnmjklgmnp
elifcmozpf elifcmozpf
