Chelmbourne Shaftwich Chelmbourne Edgwich Staintree Elgrove Wenborough Prestey Sudwich Enlow Sudwich Prestey Enbage Flitham Kingsley Flitham Shrivlow Stainhall Southmere Shrivside Southmere Stainside Whitover Stainside Enbage Prestey Brainbridge Sodside Waltwood Whitborough Rocktree Staflow Bursted Staflow Cleredon Wyhead Cleredon Staflow Rocktree Whitborough Horndown Whitborough Rocktree Cookbridge Rocktree Pemwood Bracklow Leatherlow Alfby Leatherlake Alfby Elside Whitavon Elside Stainfield Wenden Elgrove Staintree Stapwell Bromgrove Hartbage Waltbrook Hornley Pemwold Melborne Egcastle Melborne Sudworth Wenwang Edgchester Horncester Stafsted Aldport Alfditch Durditch Hornley Cookton Egborne Alfcastle Barnham Stapmoor Stapthorne Clerethorne Barnside Clerethorne Dartsted Edglow Egwood Southstoke Barngrove Prestdon Barngrove Hornley Hurstworth Casford Alfwell Marlton Alfwell Aldhall Alfwell Marlton Stapwold Chelmbourne
59
Shaftwich Shaftwich
Edgwich Edgwich
Staintree Staintree
Elgrove Elgrove
Wenborough Wenborough
Prestey Prestey
Sudwich Sudwich
Enlow Enlow
Enbage Enbage
Flitham Flitham
Kingsley Kingsley
Shrivlow Shrivlow
Stainhall Stainhall
Southmere Southmere
Shrivside Shrivside
Stainside Stainside
Whitover Whitover
Brainbridge Brainbridge
Sodside Sodside
Staflow Staflow
Bursted Bursted
Cleredon Cleredon
Wyhead Wyhead
Rocktree Rocktree
Whitborough Whitborough
Horndown Horndown
Cookbridge Cookbridge
Pemwood Pemwood
Bracklow Bracklow
Leatherlow Leatherlow
Alfby Alfby
Leatherlake Leatherlake
Elside Elside
Whitavon Whitavon
Wenden Wenden
Stapwell Stapwell
Hartbage Hartbage
Waltbrook Waltbrook
Hornley Hornley
Pemwold Pemwold
Egcastle Egcastle
Sudworth Sudworth
Wenwang Wenwang
Edgchester Edgchester
Horncester Horncester
Durditch Durditch
Cookton Cookton
Egborne Egborne
Barnham Barnham
Stapmoor Stapmoor
Stapthorne Stapthorne
Barnside Barnside
Dartsted Dartsted
Prestdon Prestdon
Hurstworth Hurstworth
Casford Casford
Alfwell Alfwell
Marlton Marlton
Aldhall Aldhall
