qtq uxr wuc npu zgf cnv sfp rju uwp rju ahy thd jno thd ahy xdz qtq fsl ifc pjx pta rcs ifc uoz krg ahv rwt wpq vsu wuf rwt itg krg kza pxs unk udq tmc udq pwa thz txk rod dcv qbj dkn qbj mnv lah xos lah qnn uca llr hxo ukh hxo utd rut yiz ili bsz iuz nfy tnl nfy art ooc brk hxp viv tro tmd tro eqm htv jta nhr slq nhr wpo mbx idl art brk wiq wfx qfc qbe pug fgo xax ooi xax fgo bai egz vub egz gak qjm lnv qlc xou cpw lfh spp lfh rxi hhe qlo qls mmf ase vaf zbn cjp egz nkx zqn cxu zqn hpb orc pkx orc nhk orc ynq vlt ptq gup bpm qof lxt thz plx ifc rcs zgs wju qtq
100
qtq qtq
uxr uxr
wuc wuc
npu npu
zgf zgf
cnv cnv
sfp sfp
rju rju
uwp uwp
ahy ahy
thd thd
jno jno
xdz xdz
fsl fsl
ifc ifc
pjx pjx
pta pta
uoz uoz
krg krg
ahv ahv
rwt rwt
wpq wpq
vsu vsu
wuf wuf
itg itg
kza kza
pxs pxs
udq udq
tmc tmc
pwa pwa
thz thz
txk txk
rod rod
qbj qbj
dkn dkn
mnv mnv
lah lah
xos xos
qnn qnn
uca uca
ukh ukh
hxo hxo
rut rut
yiz yiz
ili ili
bsz bsz
iuz iuz
nfy nfy
tnl tnl
ooc ooc
brk brk
hxp hxp
viv viv
tro tro
tmd tmd
eqm eqm
htv htv
jta jta
nhr nhr
slq slq
mbx mbx
idl idl
wiq wiq
qfc qfc
qbe qbe
fgo fgo
xax xax
ooi ooi
bai bai
egz egz
vub vub
gak gak
qjm qjm
lnv lnv
cpw cpw
lfh lfh
spp spp
rxi rxi
hhe hhe
qlo qlo
qls qls
ase ase
vaf vaf
zbn zbn
cjp cjp
nkx nkx
zqn zqn
cxu cxu
hpb hpb
orc orc
pkx pkx
nhk nhk
ynq ynq
vlt vlt
ptq ptq
gup gup
lxt lxt
plx plx
zgs zgs
wju wju
