186 128 17 2 5 0 11 14 19 79 104 0 108 140 143 144 156 172 0 188 195 22 29 1 30 1 32 33 35 0 45 49 61 67 70 71 74 86 89 90 97 107 121 134 136 138 0 150 157 162 168 174 177 178 183 190 194 4 196 198 186
51
128 128
17 17
2 2
5 5
11 11
14 14
19 19
79 79
104 104
108 108
140 140
143 143
144 144
156 156
172 172
188 188
195 195
22 22
29 29
30 30
32 32
33 33
35 35
45 45
49 49
61 61
67 67
70 70
71 71
74 74
86 86
89 89
90 90
97 97
107 107
121 121
134 134
136 136
138 138
150 150
157 157
162 162
168 168
174 174
177 177
178 178
183 183
190 190
194 194
196 196
198 198
