Whitgrove Sodberling Ellerbridge Ketchester Watchlake Tippingbage Dartden Sundcompney Tippendham Emmerley Bastlebury Rothendcombe Bastlebury Hamwold Emmerley Southbury Emmerley Tippendham Basditch Hampingcastle Waltbeck Cannerthorne Elside Wetsmith Elside Cannerthorne Sirenshall Hampingbascombe Wetwick Ketnell Sundcompney Prestwick Wychchester Prestwick Egmerhampton Suddenmoor Staincombe Suddenmoor Melwood Suddenmoor Tippenbrook Wychchester Reddendeney Worhall Alddleringworth Horsnell Warsmith Horstleover Warsmith Falderbrough Durbrook Falderseythorne Worford Rotherlow Abgleham Sundlethorne Endleberey Sundlethorne Abgleham Siavon Horsnell Candleswick Skellingover Warsmith Horstleover Toddenmerbrough Endingnell Elwold Worford Rotherlow Skellenshot Cihead Skellenshot Rotherlow Blansbrook Redwich Wendleringdown Stainbrough Worford Hampingworth Worford Stapbrough Leatherport Alfmere Hamscombe Worford Dribberham Worford Falderseythorne Penby Falderseythorne Durbrook Toddenmoor Ketnell Staplow Ketnell Toddenmoor Durbrook Sodport Skelberden Warsmith Falderbrough Marlbrook Wychchester Siey Redcombe Eley Redcombe Casbrook Windleshead Farndlesover Watchlake Wolley Elfield Hornsmercombe Ribbenhall Boothingmanstree Ketchester Ellerbridge Suddingover Ellerbridge Worrenberwang Bothenhall Alddleringworth Bromstanham Clereennell Bromstanham Wycastle Bootwick Tipstoke Bootwick Todhampton Bootwick Wycastle Botbeck Sundendford Chedworth Sundendford Southmere Ribberrenston Farnditch Abglewold Farnditch Ribberrenston Shaftborough Wychcompwold Shaftborough Ribberrenston Southmere Egsted Marlcester Nortwell Whitringlake Milthorne Rothingcombe Faldenhall Wethampton Dartden Shaftwick Hurstdown Botshot Falworth Botshot Hurstdown Shaftwick Abcester Sifield Enderbeck Sodberling Bursmith Chelmdenmoor Bothenton Sodberling Whitgrove Dribblecombe Whitgrove
100
Whitgrove Whitgrove
Sodberling Sodberling
Ellerbridge Ellerbridge
Ketchester Ketchester
Watchlake Watchlake
Tippingbage Tippingbage
Dartden Dartden
Tippendham Tippendham
Emmerley Emmerley
Bastlebury Bastlebury
Rothendcombe Rothendcombe
Hamwold Hamwold
Southbury Southbury
Basditch Basditch
Hampingcastle Hampingcastle
Waltbeck Waltbeck
Cannerthorne Cannerthorne
Elside Elside
Wetsmith Wetsmith
Sirenshall Sirenshall
Hampingbascombe Hampingbascombe
Wetwick Wetwick
Wychchester Wychchester
Prestwick Prestwick
Egmerhampton Egmerhampton
Suddenmoor Suddenmoor
Staincombe Staincombe
Melwood Melwood
Tippenbrook Tippenbrook
Reddendeney Reddendeney
Worhall Worhall
Horstleover Horstleover
Durbrook Durbrook
Falderseythorne Falderseythorne
Worford Worford
Rotherlow Rotherlow
Abgleham Abgleham
Sundlethorne Sundlethorne
Endleberey Endleberey
Siavon Siavon
Horsnell Horsnell
Candleswick Candleswick
Skellingover Skellingover
Endingnell Endingnell
Skellenshot Skellenshot
Cihead Cihead
Blansbrook Blansbrook
Wendleringdown Wendleringdown
Hampingworth Hampingworth
Stapbrough Stapbrough
Leatherport Leatherport
Alfmere Alfmere
Dribberham Dribberham
Penby Penby
Toddenmoor Toddenmoor
Ketnell Ketnell
Staplow Staplow
Sodport Sodport
Skelberden Skelberden
Marlbrook Marlbrook
Siey Siey
Eley Eley
Redcombe Redcombe
Casbrook Casbrook
Farndlesover Farndlesover
Wolley Wolley
Boothingmanstree Boothingmanstree
Suddingover Suddingover
Worrenberwang Worrenberwang
Bothenhall Bothenhall
Bromstanham Bromstanham
Clereennell Clereennell
Wycastle Wycastle
Bootwick Bootwick
Tipstoke Tipstoke
Todhampton Todhampton
Botbeck Botbeck
Sundendford Sundendford
Chedworth Chedworth
Southmere Southmere
Ribberrenston Ribberrenston
Farnditch Farnditch
Abglewold Abglewold
Shaftborough Shaftborough
Wychcompwold Wychcompwold
Egsted Egsted
Marlcester Marlcester
Nortwell Nortwell
Whitringlake Whitringlake
Milthorne Milthorne
Rothingcombe Rothingcombe
Faldenhall Faldenhall
Wethampton Wethampton
Falworth Falworth
Abcester Abcester
Sifield Sifield
Enderbeck Enderbeck
Bursmith Bursmith
Bothenton Bothenton
Dribblecombe Dribblecombe
