13 199 129 105 112 179 180 50 159 165 101 137 140 181 174 193 106 119 191 168 156 162 133 113 141 103 155 177 111 154 134 154 172 138 127 109 62 124 62 169 188 106 148 116 164 163 21 170 181 114 130 71 183 157 192 166 99 186 190 175 110 167 115 123 144 153 195 153 150 153 139 160 173 91 158 142 146 143 107 143 120 189 8 171 151 197 184 185 117 161 18 132 149 102 135 145 135 194 121 108 152 198 118 121 122 100 178 147 49 136 196 187 176 135 125 128 104 199 126 131 182 13
100
199 199
129 129
105 105
112 112
179 179
180 180
159 159
165 165
101 101
137 137
140 140
181 181
174 174
193 193
106 106
119 119
191 191
168 168
156 156
162 162
133 133
113 113
141 141
103 103
155 155
177 177
111 111
154 154
134 134
172 172
138 138
127 127
109 109
124 124
169 169
188 188
148 148
116 116
164 164
163 163
170 170
114 114
130 130
183 183
157 157
192 192
166 166
186 186
190 190
175 175
110 110
167 167
115 115
123 123
144 144
195 195
153 153
150 150
139 139
160 160
173 173
158 158
142 142
146 146
143 143
107 107
120 120
189 189
171 171
151 151
197 197
184 184
185 185
117 117
161 161
132 132
149 149
102 102
135 135
145 145
194 194
121 121
108 108
152 152
198 198
118 118
122 122
100 100
178 178
147 147
136 136
196 196
187 187
176 176
125 125
128 128
104 104
126 126
131 131
182 182
