wNqlpYNsRbJEgiGpKxrU lbWonvEbeplndKguSTkk igyeOiSdezmmXGTwMzLw KcrnMnFDTrBKaUaGpdLY igyeOiSdezmmXGTwMzLw oKAKfpUUuLItChLyByFh igyeOiSdezmmXGTwMzLw lbWonvEbeplndKguSTkk qfRRtdRbhYJBARMfPlZM scpUkbcaYSAsHhSktebT EEeDJaHeajXXlwYcHTeJ MBJqOYmxhUYbldNVEdRy NzDQJknJPDEkcwCHzzbF wvSJDoqoPGAkYgSuPFPw QeYNNLpZMBxyiFbZMPFY wvSJDoqoPGAkYgSuPFPw UdSbtwxTqTJxOiUoxEqw wvSJDoqoPGAkYgSuPFPw NzDQJknJPDEkcwCHzzbF EmbDgEECbkHbfAfHCgwB NzDQJknJPDEkcwCHzzbF pzrGQEObzJGPnfATEYDc NzDQJknJPDEkcwCHzzbF NPSPGRTNRcKKVpsBRSwh NzDQJknJPDEkcwCHzzbF MBJqOYmxhUYbldNVEdRy PZwTcKCPsEmpxetNZvef ZauPfhkpsGmhbvkhkltR PZwTcKCPsEmpxetNZvef pMOSpTzPTPLXHLOQMjnt oLMkSrYLQRLHmPiuLCTC umZXKcxkweEplHZdotgU FaWIqatYRYVcXfVhAFRN QePOUWiXcAUCoHETxuGS wfEFdNDcColoskjTjcLm QePOUWiXcAUCoHETxuGS gDYKDrbERUXTnCayjBrC QePOUWiXcAUCoHETxuGS MBJqOYmxhUYbldNVEdRy hLaNXBYgTzgUhvjmqUTu MBJqOYmxhUYbldNVEdRy CbGuHgZfQMmSOfHDFJnK eCBFrcppbiLzdGQubocl ZwvojvRdUOYNJXIwAqgC uUKZHvHmBrpBHjYWNaUL MBJqOYmxhUYbldNVEdRy EEeDJaHeajXXlwYcHTeJ efZntVbfQTvIUOiRNPSH shugRMnaHVqQSmKaNBgu IvXQutSorlqOgnSVAIUd NJZlnWyeJFrkOwoqHKtT xgBrJmdXVwtxgRuCBhMe NJZlnWyeJFrkOwoqHKtT nCedHqGgdWAicwyuYWpg NJZlnWyeJFrkOwoqHKtT IvXQutSorlqOgnSVAIUd edlAtPQdNXJQPCIzpkyX IvXQutSorlqOgnSVAIUd shugRMnaHVqQSmKaNBgu CWozbDsqFUhTlbxWhCmh juzxSpUVuccJUMBOcJjO ANDviqMIuFwdcboQDprt QyXpliHSeQOPIsurIcpa DpztIuGTRpGuLsdlODJw lSJjEsqamUCgRZdCmdyI DpztIuGTRpGuLsdlODJw QyXpliHSeQOPIsurIcpa CvZkdIYtdeDHtwufupie syonLisTOSczosCwoILE zNRhhVdMWUgTnnqmAfeY syonLisTOSczosCwoILE aIuYyryCOUGVeCAqbqkg syonLisTOSczosCwoILE kqcEdfKLaRzxOhAIzchh jznspKyqlmxZtgfQUJVB RlHeRhvUOhGhZVGGJuED gFUGYXSirCYiFTivWNah erZKLqpCZsYKDnOCaBGq ccdJRKiTXwIErdhSIxfh erZKLqpCZsYKDnOCaBGq NIJaJxCurulNUdZZMxFk twwHXGyTBfZUDOGVnCzA eiLPqIroFfCGzqSAlzAp RlHeRhvUOhGhZVGGJuED WMWBpOSnHGywZjCgaYyY XtZHoAxqEyzvMChzPHpN FaWIqatYRYVcXfVhAFRN cinQsEbBpQAHgGdjBxaK fgzJCwocQniGlXAZHJId UIlSMnVKIdNiXZNSiHsI fgzJCwocQniGlXAZHJId vIbIQYXZnmYrooTLYNtu wlySPverjehsBxldyigf SitzoubgYFeTjmkLjVPz eCBFrcppbiLzdGQubocl vIbIQYXZnmYrooTLYNtu bFmSeBrfNuxjYPUDCLYq vIbIQYXZnmYrooTLYNtu fgzJCwocQniGlXAZHJId UIlSMnVKIdNiXZNSiHsI bEfUXCTlwRBndElSbPGf imEmCMbYEtZJJkwxkSDD xlbpuxAjoVPJWPCWBEkJ gFUGYXSirCYiFTivWNah gcXUxTVUZWsOwtRNeDDa imEmCMbYEtZJJkwxkSDD TEPaiCedHTXapLxoBXMp eCBFrcppbiLzdGQubocl oDgfEuAVpeOlkkTIMDLw UIlSMnVKIdNiXZNSiHsI yscsUFTNNyaVMKBztBdV EhDFVLWZueLOrdjEOzEQ yscsUFTNNyaVMKBztBdV VRpSthoDcomqMDsGoVql yscsUFTNNyaVMKBztBdV UIlSMnVKIdNiXZNSiHsI eobSFtKBbBdcVrTOREdK UIlSMnVKIdNiXZNSiHsI oDgfEuAVpeOlkkTIMDLw ADVVlRLpnspleRTgeTdu DZEpVGVXkxHljziwItaS QjbdwbUnopENkiNyqirZ nreoVgWrBhNXFZgTBlXO clwzkzJtguIMBwKiZUKh oHoxoLeyDYnKZDzgMtxI CvZkdIYtdeDHtwufupie ZXihCBEQBTdisqSlEMsj ayQgUwyRuQVKeyFLPNbQ gFUGYXSirCYiFTivWNah gqsFUfkkQrlyYYdSXwmt nreoVgWrBhNXFZgTBlXO szyiMlKhtyOynWjcoMsm CvZkdIYtdeDHtwufupie QyXpliHSeQOPIsurIcpa XvUPApTFkqaSSizYsCIr QyXpliHSeQOPIsurIcpa ANDviqMIuFwdcboQDprt YTwycpmzEWCqqTELtzXc aGPbLNWYAMujnfHCTCMo HeWrJOKsDjgdrcamgZLN kwPuYZgJgVVJfdBGUtPw mgNeYYUOPKpLeiVEFIXd NtyLZDOaSczVvOGdocUp NYdfLxXxFVvLEbDKzXWn GOKcLUIfVCLsdfLjyASo kwPuYZgJgVVJfdBGUtPw FYfGkhtzhjqJHqxmUsVx zHPSSEtFTQIbLYMdHqgP HeWrJOKsDjgdrcamgZLN aGPbLNWYAMujnfHCTCMo ihxEqMQIIvyQmtrtMjeO aGPbLNWYAMujnfHCTCMo YTwycpmzEWCqqTELtzXc FWnudSYFvYQJHehOpEKf fpoTaBKmVdlDCxFwCFoz FWnudSYFvYQJHehOpEKf twwHXGyTBfZUDOGVnCzA GMxGouyyndiUBMqMdOoc jUSlIFtitQxyvVLJjiCc XPPBMlNyfVVeZGIzTCEW jUSlIFtitQxyvVLJjiCc scpUkbcaYSAsHhSktebT JVONrXhhmtFWhFfDiOXW VIPPawblKbhOVWrmrWBx iVjkcMenotYGMFEBTvoa oDgfEuAVpeOlkkTIMDLw SiOEBWtHUiopSvDVOkjb JvFxbsySBAiFiOUrzrBi wuSVWJYvpiWaQAHXocSG cMYyKTXGNKnFzrpwnXUl vTbNxpVTEoFlSjvvVvfG cMYyKTXGNKnFzrpwnXUl wuSVWJYvpiWaQAHXocSG cwgJAHVpCCTmuckJkncL lIpVoDPUIfHCPpjswogJ lbWonvEbeplndKguSTkk shaRjZRSPDzVXmetmolj kyApsCeFkLoLFCdkazaE shaRjZRSPDzVXmetmolj lbWonvEbeplndKguSTkk oZXYedlbtBLmkfoVmgta joWAhkfNqIEECnBeulGl oZXYedlbtBLmkfoVmgta svUOWvTJLneAqJGnExpc oZXYedlbtBLmkfoVmgta lbWonvEbeplndKguSTkk eOfnBeTgmYCNEnRUhlEK lbWonvEbeplndKguSTkk wNqlpYNsRbJEgiGpKxrU
100
lbWonvEbeplndKguSTkk lbWonvEbeplndKguSTkk
igyeOiSdezmmXGTwMzLw igyeOiSdezmmXGTwMzLw
KcrnMnFDTrBKaUaGpdLY KcrnMnFDTrBKaUaGpdLY
oKAKfpUUuLItChLyByFh oKAKfpUUuLItChLyByFh
qfRRtdRbhYJBARMfPlZM qfRRtdRbhYJBARMfPlZM
scpUkbcaYSAsHhSktebT scpUkbcaYSAsHhSktebT
EEeDJaHeajXXlwYcHTeJ EEeDJaHeajXXlwYcHTeJ
MBJqOYmxhUYbldNVEdRy MBJqOYmxhUYbldNVEdRy
NzDQJknJPDEkcwCHzzbF NzDQJknJPDEkcwCHzzbF
wvSJDoqoPGAkYgSuPFPw wvSJDoqoPGAkYgSuPFPw
QeYNNLpZMBxyiFbZMPFY QeYNNLpZMBxyiFbZMPFY
UdSbtwxTqTJxOiUoxEqw UdSbtwxTqTJxOiUoxEqw
EmbDgEECbkHbfAfHCgwB EmbDgEECbkHbfAfHCgwB
pzrGQEObzJGPnfATEYDc pzrGQEObzJGPnfATEYDc
NPSPGRTNRcKKVpsBRSwh NPSPGRTNRcKKVpsBRSwh
PZwTcKCPsEmpxetNZvef PZwTcKCPsEmpxetNZvef
ZauPfhkpsGmhbvkhkltR ZauPfhkpsGmhbvkhkltR
pMOSpTzPTPLXHLOQMjnt pMOSpTzPTPLXHLOQMjnt
oLMkSrYLQRLHmPiuLCTC oLMkSrYLQRLHmPiuLCTC
QePOUWiXcAUCoHETxuGS QePOUWiXcAUCoHETxuGS
wfEFdNDcColoskjTjcLm wfEFdNDcColoskjTjcLm
gDYKDrbERUXTnCayjBrC gDYKDrbERUXTnCayjBrC
hLaNXBYgTzgUhvjmqUTu hLaNXBYgTzgUhvjmqUTu
CbGuHgZfQMmSOfHDFJnK CbGuHgZfQMmSOfHDFJnK
ZwvojvRdUOYNJXIwAqgC ZwvojvRdUOYNJXIwAqgC
efZntVbfQTvIUOiRNPSH efZntVbfQTvIUOiRNPSH
shugRMnaHVqQSmKaNBgu shugRMnaHVqQSmKaNBgu
IvXQutSorlqOgnSVAIUd IvXQutSorlqOgnSVAIUd
NJZlnWyeJFrkOwoqHKtT NJZlnWyeJFrkOwoqHKtT
xgBrJmdXVwtxgRuCBhMe xgBrJmdXVwtxgRuCBhMe
nCedHqGgdWAicwyuYWpg nCedHqGgdWAicwyuYWpg
edlAtPQdNXJQPCIzpkyX edlAtPQdNXJQPCIzpkyX
juzxSpUVuccJUMBOcJjO juzxSpUVuccJUMBOcJjO
ANDviqMIuFwdcboQDprt ANDviqMIuFwdcboQDprt
QyXpliHSeQOPIsurIcpa QyXpliHSeQOPIsurIcpa
DpztIuGTRpGuLsdlODJw DpztIuGTRpGuLsdlODJw
lSJjEsqamUCgRZdCmdyI lSJjEsqamUCgRZdCmdyI
CvZkdIYtdeDHtwufupie CvZkdIYtdeDHtwufupie
syonLisTOSczosCwoILE syonLisTOSczosCwoILE
zNRhhVdMWUgTnnqmAfeY zNRhhVdMWUgTnnqmAfeY
aIuYyryCOUGVeCAqbqkg aIuYyryCOUGVeCAqbqkg
kqcEdfKLaRzxOhAIzchh kqcEdfKLaRzxOhAIzchh
jznspKyqlmxZtgfQUJVB jznspKyqlmxZtgfQUJVB
RlHeRhvUOhGhZVGGJuED RlHeRhvUOhGhZVGGJuED
erZKLqpCZsYKDnOCaBGq erZKLqpCZsYKDnOCaBGq
ccdJRKiTXwIErdhSIxfh ccdJRKiTXwIErdhSIxfh
NIJaJxCurulNUdZZMxFk NIJaJxCurulNUdZZMxFk
eiLPqIroFfCGzqSAlzAp eiLPqIroFfCGzqSAlzAp
WMWBpOSnHGywZjCgaYyY WMWBpOSnHGywZjCgaYyY
XtZHoAxqEyzvMChzPHpN XtZHoAxqEyzvMChzPHpN
UIlSMnVKIdNiXZNSiHsI UIlSMnVKIdNiXZNSiHsI
fgzJCwocQniGlXAZHJId fgzJCwocQniGlXAZHJId
vIbIQYXZnmYrooTLYNtu vIbIQYXZnmYrooTLYNtu
wlySPverjehsBxldyigf wlySPverjehsBxldyigf
SitzoubgYFeTjmkLjVPz SitzoubgYFeTjmkLjVPz
bFmSeBrfNuxjYPUDCLYq bFmSeBrfNuxjYPUDCLYq
bEfUXCTlwRBndElSbPGf bEfUXCTlwRBndElSbPGf
imEmCMbYEtZJJkwxkSDD imEmCMbYEtZJJkwxkSDD
xlbpuxAjoVPJWPCWBEkJ xlbpuxAjoVPJWPCWBEkJ
gcXUxTVUZWsOwtRNeDDa gcXUxTVUZWsOwtRNeDDa
TEPaiCedHTXapLxoBXMp TEPaiCedHTXapLxoBXMp
yscsUFTNNyaVMKBztBdV yscsUFTNNyaVMKBztBdV
EhDFVLWZueLOrdjEOzEQ EhDFVLWZueLOrdjEOzEQ
VRpSthoDcomqMDsGoVql VRpSthoDcomqMDsGoVql
eobSFtKBbBdcVrTOREdK eobSFtKBbBdcVrTOREdK
ADVVlRLpnspleRTgeTdu ADVVlRLpnspleRTgeTdu
DZEpVGVXkxHljziwItaS DZEpVGVXkxHljziwItaS
QjbdwbUnopENkiNyqirZ QjbdwbUnopENkiNyqirZ
nreoVgWrBhNXFZgTBlXO nreoVgWrBhNXFZgTBlXO
oHoxoLeyDYnKZDzgMtxI oHoxoLeyDYnKZDzgMtxI
ZXihCBEQBTdisqSlEMsj ZXihCBEQBTdisqSlEMsj
ayQgUwyRuQVKeyFLPNbQ ayQgUwyRuQVKeyFLPNbQ
szyiMlKhtyOynWjcoMsm szyiMlKhtyOynWjcoMsm
XvUPApTFkqaSSizYsCIr XvUPApTFkqaSSizYsCIr
YTwycpmzEWCqqTELtzXc YTwycpmzEWCqqTELtzXc
aGPbLNWYAMujnfHCTCMo aGPbLNWYAMujnfHCTCMo
HeWrJOKsDjgdrcamgZLN HeWrJOKsDjgdrcamgZLN
kwPuYZgJgVVJfdBGUtPw kwPuYZgJgVVJfdBGUtPw
mgNeYYUOPKpLeiVEFIXd mgNeYYUOPKpLeiVEFIXd
NtyLZDOaSczVvOGdocUp NtyLZDOaSczVvOGdocUp
NYdfLxXxFVvLEbDKzXWn NYdfLxXxFVvLEbDKzXWn
zHPSSEtFTQIbLYMdHqgP zHPSSEtFTQIbLYMdHqgP
ihxEqMQIIvyQmtrtMjeO ihxEqMQIIvyQmtrtMjeO
FWnudSYFvYQJHehOpEKf FWnudSYFvYQJHehOpEKf
fpoTaBKmVdlDCxFwCFoz fpoTaBKmVdlDCxFwCFoz
GMxGouyyndiUBMqMdOoc GMxGouyyndiUBMqMdOoc
jUSlIFtitQxyvVLJjiCc jUSlIFtitQxyvVLJjiCc
XPPBMlNyfVVeZGIzTCEW XPPBMlNyfVVeZGIzTCEW
JVONrXhhmtFWhFfDiOXW JVONrXhhmtFWhFfDiOXW
VIPPawblKbhOVWrmrWBx VIPPawblKbhOVWrmrWBx
JvFxbsySBAiFiOUrzrBi JvFxbsySBAiFiOUrzrBi
wuSVWJYvpiWaQAHXocSG wuSVWJYvpiWaQAHXocSG
cMYyKTXGNKnFzrpwnXUl cMYyKTXGNKnFzrpwnXUl
vTbNxpVTEoFlSjvvVvfG vTbNxpVTEoFlSjvvVvfG
cwgJAHVpCCTmuckJkncL cwgJAHVpCCTmuckJkncL
kyApsCeFkLoLFCdkazaE kyApsCeFkLoLFCdkazaE
oZXYedlbtBLmkfoVmgta oZXYedlbtBLmkfoVmgta
joWAhkfNqIEECnBeulGl joWAhkfNqIEECnBeulGl
svUOWvTJLneAqJGnExpc svUOWvTJLneAqJGnExpc
eOfnBeTgmYCNEnRUhlEK eOfnBeTgmYCNEnRUhlEK
