Kaimganj Leixlip Isakogorka Yucheng Korolev Yucheng Tsukawaki Karasuyama Pinas MontecatiniTerme MilpaAlta Tocache GobernadorGalvez Novopokrovskaya Albi Cambui Narangba Dankov MontecatiniTerme Tocache Fandriana Tocache MilpaAlta Tsirang Brecht Tsirang MilpaAlta PinhalNovo MilpaAlta Gobo Racine Gobo MilpaAlta Anahuac MorlanwelzMariemont EncarnaciondeDiaz Mesa Kawit Fagaras Pilibhit Irvine Pilibhit Fagaras Kaimganj
25
Leixlip Leixlip
Isakogorka Isakogorka
Yucheng Yucheng
Korolev Korolev
Tsukawaki Tsukawaki
Karasuyama Karasuyama
MontecatiniTerme MontecatiniTerme
MilpaAlta MilpaAlta
Tocache Tocache
GobernadorGalvez GobernadorGalvez
Novopokrovskaya Novopokrovskaya
Albi Albi
Narangba Narangba
Dankov Dankov
Fandriana Fandriana
Tsirang Tsirang
Brecht Brecht
PinhalNovo PinhalNovo
Gobo Gobo
Racine Racine
Anahuac Anahuac
EncarnaciondeDiaz EncarnaciondeDiaz
Fagaras Fagaras
Pilibhit Pilibhit
Irvine Irvine
