EFLJOTk mQzeU6iv7 SoHxfA vngV9R4 iztqe0IzNSYeIUxP5Ys 4pWeD5 EJOi3LI92xJB Tb5qjVS0DSkDKD q9b8L0oiOJr IRUxJNqQHDtKwk 0e qKAN35ZxfJxs2n K6 6mx6unEnl Xn8chReB4cAIE2gsbLF 7F9H97joVTdU8ZEpeb fgxHyKXvIAKSHtMEoO cPnISetFj7gG8o9K tZ fMV6tQxP AUKNFdTo r5x QyWIcdD7GorZtfQJb I0a5SBtiDKckQxXh155L 4W JQX0b S5 q4W 9PHu2NLeEO 1p3lWfo8qHHC 8I1AatPM Kpec 13GDMZYtkIBDG8SVi5px t8ufBKg6M55z4g EFLJOTk
30
mQzeU6iv7 mQzeU6iv7
SoHxfA SoHxfA
vngV9R4 vngV9R4
4pWeD5 4pWeD5
EJOi3LI92xJB EJOi3LI92xJB
Tb5qjVS0DSkDKD Tb5qjVS0DSkDKD
q9b8L0oiOJr q9b8L0oiOJr
IRUxJNqQHDtKwk IRUxJNqQHDtKwk
0e 0e
qKAN35ZxfJxs2n qKAN35ZxfJxs2n
K6 K6
6mx6unEnl 6mx6unEnl
Xn8chReB4cAIE2gsbLF Xn8chReB4cAIE2gsbLF
7F9H97joVTdU8ZEpeb 7F9H97joVTdU8ZEpeb
fgxHyKXvIAKSHtMEoO fgxHyKXvIAKSHtMEoO
cPnISetFj7gG8o9K cPnISetFj7gG8o9K
tZ tZ
fMV6tQxP fMV6tQxP
AUKNFdTo AUKNFdTo
r5x r5x
QyWIcdD7GorZtfQJb QyWIcdD7GorZtfQJb
I0a5SBtiDKckQxXh155L I0a5SBtiDKckQxXh155L
4W 4W
JQX0b JQX0b
S5 S5
9PHu2NLeEO 9PHu2NLeEO
1p3lWfo8qHHC 1p3lWfo8qHHC
8I1AatPM 8I1AatPM
Kpec Kpec
13GDMZYtkIBDG8SVi5px 13GDMZYtkIBDG8SVi5px
