0 1 6 11 16 21 26 32 33 31 37 38 37 31 35 34 31 37 36 42 36 39 36 42 41 46 51 57 58 56 61 66 71 76 81 87 81 76 71 66 61 56 59 60 56 61 66 71 76 81 83 81 76 71 66 61 62 61 66 71 74 71 76 79 76 71 66 61 65 64 61 66 71 76 78 76 81 84 81 76 71 73 71 76 81 82 81 76 71 66 61 63 61 66 71 72 71 66 70 66 68 66 71 75 71 76 80 76 81 87 86 92 93 91 96 101 106 112 106 101 96 91 94 95 91 96 101 105 104 101 103 102 101 106 112 111 116 121 127 128 127 121 116 118 116 121 127 126 131 136 141 146 151 156 162 163 162 156 159 156 151 146 141 136 131 126 130 129 126 131 136 141 144 141 146 151 156 162 161 164 165 161 162 156 151 153 151 146 141 143 141 146 151 152 151 146 141 145 141 142 141 136 131 135 131 136 137 136 140 136 138 136 141 146 151 155 151 146 141 136 139 136 141 146 149 146 141 136 131 126 127 121 122 121 116 111 113 111 114 111 112 106 107 106 101 96 97 96 99 96 98 96 101 106 109 106 101 96 100 96 101 106 108 106 101 96 91 92 86 90 86 87 81 76 71 66 61 56 57 51 53 52 51 46 41 44 41 46 48 47 46 41 42 36 37 31 32 26 21 22 21 26 29 30 26 21 16 17 16 21 25 24 21 26 27 26 21 16 19 16 11 12 13 11 14 11 6 1 0 198 197 196 191 193 192 186 189 186 181 176 171 173 171 176 181 186 187 186 181 184 181 176 180 176 181 185 181 183 181 176 171 166 170 166 171 176 179 176 171 166 169 166 171 176 181 186 192 191 196 197 198 0 1 6 7 6 1 3 1 0 198 197 196 191 195 191 196 197 198 0
100
32 32
33 33
38 38
35 35
34 34
42 42
39 39
58 58
87 87
59 59
60 60
83 83
62 62
74 74
79 79
65 65
64 64
78 78
84 84
73 73
82 82
63 63
72 72
70 70
68 68
75 75
80 80
93 93
112 112
94 94
95 95
105 105
104 104
103 103
102 102
127 127
128 128
118 118
162 162
163 163
159 159
130 130
129 129
144 144
164 164
165 165
153 153
143 143
152 152
145 145
142 142
135 135
137 137
140 140
138 138
155 155
139 139
149 149
122 122
113 113
114 114
107 107
97 97
99 99
98 98
109 109
100 100
108 108
90 90
53 53
52 52
44 44
48 48
47 47
22 22
29 29
30 30
17 17
25 25
24 24
27 27
19 19
12 12
13 13
14 14
193 193
192 192
189 189
173 173
187 187
184 184
180 180
185 185
183 183
170 170
179 179
169 169
7 7
3 3
195 195
