BY5DUgv6 sR6JAufL 8e8OWOIi H2BV5cDz 1aJdK4y9 xULc5Xg4 HEJxX3gA xZfXXUDQ mjMe14fC 7IV7YjRX gbolqDJc 6nj6dyOK K3J88UDV 6nj6dyOK gbolqDJc UfRMeyI7 mXjWiYol o1w8sSXK vVYZOPt6 kkvcm3Qd c9Hgvc9w q1vN3eei FPDwKJIj Ym8LPSnY 8KVhuJvd OpfVa1HT 0zB29H2A R4zDiMu3 ucMA0iSv NL9qZEp0 UmgiH1K9 iT0t8noc S9dNuWxm ayFODfwg S9dNuWxm rGjz0gOd AMieum8U 7IV7YjRX JMul31yq WlxPulQd 8ni5D4t7 g5YhtPSt xZfXXUDQ HEJxX3gA 87yhsuRE 9IHe97Yy HXMHfRTC iT0t8noc UmgiH1K9 Pi99fmGL KuVHgP1J yqX5KOVJ xTHVuNZl yqX5KOVJ xTHVuNZl tDh0gTYH 7CrB3pCm yYTqCbSD Y93BYexY ucMA0iSv R4zDiMu3 0zB29H2A OpfVa1HT 8KVhuJvd Ym8LPSnY FPDwKJIj q1vN3eei c9Hgvc9w kkvcm3Qd vVYZOPt6 gd207oOq hc6YxxqG QeSUIsQ1 B0wYReom 2mQchaeu Af1jBIly 8tOszPqV YLp2gziD nKZTEeUl PagRRYIg 1cr6aFpX PagRRYIg nKZTEeUl lvlSObqb CrvusN6e EvsxmEMg E85AysUp aPSEsY2w rZiSDNtK aPSEsY2w E85AysUp Rv8rDvqp UQ4QaUHy BY5DUgv6
50
sR6JAufL sR6JAufL
8e8OWOIi 8e8OWOIi
H2BV5cDz H2BV5cDz
1aJdK4y9 1aJdK4y9
xULc5Xg4 xULc5Xg4
HEJxX3gA HEJxX3gA
K3J88UDV K3J88UDV
6nj6dyOK 6nj6dyOK
gbolqDJc gbolqDJc
UfRMeyI7 UfRMeyI7
mXjWiYol mXjWiYol
o1w8sSXK o1w8sSXK
OpfVa1HT OpfVa1HT
0zB29H2A 0zB29H2A
R4zDiMu3 R4zDiMu3
ucMA0iSv ucMA0iSv
NL9qZEp0 NL9qZEp0
UmgiH1K9 UmgiH1K9
iT0t8noc iT0t8noc
S9dNuWxm S9dNuWxm
ayFODfwg ayFODfwg
rGjz0gOd rGjz0gOd
AMieum8U AMieum8U
7IV7YjRX 7IV7YjRX
JMul31yq JMul31yq
WlxPulQd WlxPulQd
8ni5D4t7 8ni5D4t7
g5YhtPSt g5YhtPSt
9IHe97Yy 9IHe97Yy
xTHVuNZl xTHVuNZl
yqX5KOVJ yqX5KOVJ
tDh0gTYH tDh0gTYH
FPDwKJIj FPDwKJIj
q1vN3eei q1vN3eei
c9Hgvc9w c9Hgvc9w
gd207oOq gd207oOq
hc6YxxqG hc6YxxqG
QeSUIsQ1 QeSUIsQ1
B0wYReom B0wYReom
2mQchaeu 2mQchaeu
Af1jBIly Af1jBIly
8tOszPqV 8tOszPqV
1cr6aFpX 1cr6aFpX
PagRRYIg PagRRYIg
nKZTEeUl nKZTEeUl
lvlSObqb lvlSObqb
CrvusN6e CrvusN6e
rZiSDNtK rZiSDNtK
aPSEsY2w aPSEsY2w
Rv8rDvqp Rv8rDvqp
