93 18 157 138 18 62 70 174 143 77 165 43 165 66 65 75 130 75 102 113 5 74 129 27 129 131 38 131 36 109 1 119 86 111 84 82 151 52 31 116 91 110 72 45 51 110 91 47 154 19 40 116 82 63 163 31 57 60 95 2 73 161 137 49 117 168 164 81 141 125 167 177 53 64 170 108 39 56 34 90 176 147 26 147 121 122 140 64 171 16 136 87 14 99 126 98 4 24 4 76 29 53 61 79 115 131 155 169 124 44 105 101 172 67 132 104 20 70 146 46 80 94 18 93
91
18 18
157 157
138 138
62 62
70 70
174 174
143 143
77 77
165 165
43 43
66 66
65 65
130 130
75 75
102 102
74 74
129 129
27 27
131 131
38 38
36 36
109 109
1 1
119 119
86 86
111 111
84 84
82 82
151 151
52 52
116 116
91 91
110 110
72 72
51 51
47 47
154 154
19 19
40 40
63 63
163 163
57 57
95 95
2 2
73 73
161 161
137 137
49 49
117 117
168 168
81 81
141 141
125 125
177 177
53 53
64 64
170 170
108 108
39 39
56 56
34 34
90 90
176 176
147 147
26 26
121 121
122 122
140 140
171 171
136 136
87 87
14 14
99 99
98 98
4 4
24 24
76 76
61 61
79 79
115 115
155 155
169 169
124 124
105 105
101 101
172 172
67 67
20 20
146 146
46 46
80 80
