Dannemora Fire Earlville Firthcliffe Earlville Deposit Hempstead Fonda Fabius Fonda Fleischmanns Fonda Freeport Ghent Depauville Fredonia Harbor Fayetteville Herkimer Freeport Forestville Davis Fishkill Galeville Delevan Dansville Delanson Deer Florida Farmingville Florida Farnham Freeville Delhi Frewsburg Dunkirk Frewsburg Delhi Franklin Delhi Freeville Norwich Franklinville Hermon Dexter Germantown Dexter Fulton Gardiner Friendship Gardiner Falconer Gasport Falconer Gardiner Fulton Fairport Geneva Depew Geneva Fairview Hewlett Dexter Fairmount DeRuyter Frankfort Flanders Frankfort Delmar Germantown Deferiet Fishers Forest Norwich Fabius Fonda Freeport Oceanside Fair Oceanside Flower Hamburg Dannemora
50
Fire Fire
Earlville Earlville
Firthcliffe Firthcliffe
Deposit Deposit
Fabius Fabius
Fonda Fonda
Fleischmanns Fleischmanns
Freeport Freeport
Ghent Ghent
Depauville Depauville
Fredonia Fredonia
Fayetteville Fayetteville
Forestville Forestville
Davis Davis
Fishkill Fishkill
Galeville Galeville
Delevan Delevan
Dansville Dansville
Delanson Delanson
Deer Deer
Florida Florida
Farmingville Farmingville
Farnham Farnham
Freeville Freeville
Delhi Delhi
Frewsburg Frewsburg
Dunkirk Dunkirk
Franklin Franklin
Franklinville Franklinville
Germantown Germantown
Dexter Dexter
Fulton Fulton
Gardiner Gardiner
Friendship Friendship
Falconer Falconer
Gasport Gasport
Fairport Fairport
Geneva Geneva
Depew Depew
Fairview Fairview
Fairmount Fairmount
DeRuyter DeRuyter
Frankfort Frankfort
Flanders Flanders
Delmar Delmar
Deferiet Deferiet
Fishers Fishers
Forest Forest
Fair Fair
Flower Flower
