Acton Carlsbad Bellflower Bolinas Angwin Atascadero Bonsall Atascadero Antioch Carson Bishop Brea Azusa Beckwourth Boronda Buttonwillow Bowles Buttonwillow Bystrom Anaheim Calistoga Anaheim Brisbane Belmont Arcadia Burbank Camarillo Burbank Arcadia Belvedere Bonita Fallbrook Carson Calwa Anaheim Bystrom Aromas Bootjack Cloverdale Altadena Cloverdale Bootjack Aromas Barstow Capitola Avery Chowchilla Avenal Chowchilla Avery Capitola Bradley Caruthers Bradley Arnold Campbell Arnold Bradley Capitola Barstow Calimesa Barstow Cobb Clearlake Bishop Arvin Cayucos Cambria Alhambra Brawley Biggs Byron Biggs Brawley Columbia Alpine Columbia Carpinteria Farmersville Covelo Ashland Alhambra Belden Arcata Clayton Alhambra Burlingame Alhambra Cambria Almanor Farmersville Ceres Bloomington Ceres Auburn Berkeley Armona Berkeley Alameda Carrick Concow Eureka Brawley Columbia Cupertino Auberry Corona Aptos Cerritos Bluewater Cerritos Bell Alpaugh Benicia Beaumont Calabasas Brentwood Biola Arbuckle Blythe Danville Armona Encinitas Canyondam Bakersfield Bradbury Adelanto Colusa Fontana Canyondam Bakersfield Burney Duarte Carmichael Freedom Coachella Campbell Crockett Calipatria Escalon Alpaugh Bell Artesia Bell Cerritos Anderson Calexico Blairsden Atherton Blairsden Calexico Florin Alturas Florin Calexico Anderson Caribou Anderson Cerritos Aptos Cerritos Broadmoor Amesti Cabazon Cobb Clearlake Ashland Covelo Cartago Bodfish Cotati August Fresno Banning Alamo Avalon Alamo Banning Fresno August Castroville August Cotati Boron Coronado Colusa Dinuba Bayview Albany Escondido Atwater Escondido Fruitdale Fremont Concow Carlsbad Acton
100
Carlsbad Carlsbad
Bellflower Bellflower
Bolinas Bolinas
Angwin Angwin
Atascadero Atascadero
Bonsall Bonsall
Antioch Antioch
Carson Carson
Bishop Bishop
Brea Brea
Azusa Azusa
Beckwourth Beckwourth
Boronda Boronda
Buttonwillow Buttonwillow
Bowles Bowles
Bystrom Bystrom
Anaheim Anaheim
Calistoga Calistoga
Brisbane Brisbane
Belmont Belmont
Arcadia Arcadia
Burbank Burbank
Camarillo Camarillo
Belvedere Belvedere
Bonita Bonita
Calwa Calwa
Aromas Aromas
Bootjack Bootjack
Altadena Altadena
Barstow Barstow
Capitola Capitola
Avery Avery
Avenal Avenal
Bradley Bradley
Caruthers Caruthers
Arnold Arnold
Campbell Campbell
Calimesa Calimesa
Arvin Arvin
Cayucos Cayucos
Cambria Cambria
Alhambra Alhambra
Brawley Brawley
Biggs Biggs
Byron Byron
Alpine Alpine
Carpinteria Carpinteria
Ashland Ashland
Belden Belden
Arcata Arcata
Burlingame Burlingame
Almanor Almanor
Bloomington Bloomington
Ceres Ceres
Auburn Auburn
Berkeley Berkeley
Armona Armona
Alameda Alameda
Carrick Carrick
Auberry Auberry
Bluewater Bluewater
Cerritos Cerritos
Bell Bell
Alpaugh Alpaugh
Benicia Benicia
Beaumont Beaumont
Calabasas Calabasas
Brentwood Brentwood
Biola Biola
Arbuckle Arbuckle
Blythe Blythe
Bakersfield Bakersfield
Bradbury Bradbury
Adelanto Adelanto
Canyondam Canyondam
Burney Burney
Carmichael Carmichael
Calipatria Calipatria
Artesia Artesia
Anderson Anderson
Calexico Calexico
Blairsden Blairsden
Atherton Atherton
Alturas Alturas
Caribou Caribou
Aptos Aptos
Broadmoor Broadmoor
Amesti Amesti
Cabazon Cabazon
Cartago Cartago
Bodfish Bodfish
Banning Banning
Alamo Alamo
Avalon Avalon
August August
Castroville Castroville
Boron Boron
Bayview Bayview
Albany Albany
Atwater Atwater
