Acadia Capitol Acadia Biscayne Cuyahoga Channel Indiana Haleakala Shenandoah Clark Cuyahoga Congaree Everglades Caverns Rocky Biscayne Acadia Guadalupe Isle Brycecanyon Glacier Gunnison Basin Badlands Crater Olympic Arches Kings Yosemite Bend Yosemite Denali Yosemite Bend Voyageurs Smoky Voyageurs Saguaro Gateway Teton Isle Brycecanyon Canyonlands Cascades Acadia Tortugas Acadia
25
Capitol Capitol
Biscayne Biscayne
Cuyahoga Cuyahoga
Channel Channel
Indiana Indiana
Haleakala Haleakala
Congaree Congaree
Everglades Everglades
Caverns Caverns
Guadalupe Guadalupe
Isle Isle
Brycecanyon Brycecanyon
Glacier Glacier
Gunnison Gunnison
Basin Basin
Badlands Badlands
Crater Crater
Arches Arches
Bend Bend
Denali Denali
Smoky Smoky
Gateway Gateway
Teton Teton
Canyonlands Canyonlands
Tortugas Tortugas
