0 11 12 22 13 3 4 15 6 24 33 43 52 62 63 73 82 92 91 90 80 64 63 54 55 45 35 36 26 27 17 8 28 19 46 56 66 76 75 85 95 105 115 126 135 137 147 157 167 156 155 175 185 186 196 185 174 184 193 192 173 172 162 161 151 150 160 171 180 138 148 158 168 178 188 139 149 159 119 104 114 124 114 123 112 111 132 143 107 84 94 77 87 89 47 57 67 58 51 41 20 30 40 31 0
97
11 11
12 12
22 22
13 13
3 3
4 4
15 15
6 6
24 24
33 33
43 43
52 52
62 62
63 63
73 73
82 82
92 92
91 91
90 90
80 80
64 64
54 54
55 55
45 45
35 35
36 36
26 26
27 27
17 17
8 8
28 28
19 19
46 46
56 56
66 66
76 76
75 75
85 85
95 95
105 105
115 115
126 126
135 135
137 137
147 147
157 157
167 167
156 156
155 155
175 175
185 185
186 186
196 196
174 174
184 184
193 193
192 192
173 173
172 172
162 162
161 161
151 151
150 150
171 171
180 180
138 138
148 148
158 158
168 168
178 178
188 188
139 139
149 149
159 159
119 119
104 104
114 114
124 124
123 123
112 112
111 111
132 132
143 143
107 107
84 84
94 94
77 77
87 87
89 89
47 47
57 57
58 58
51 51
20 20
30 30
40 40
31 31
