pace nationalist feature nationalist brake opposed thumb exempt thumb enter deposit enter prison honor prison approval king likely page guarantee page likely market likely circulation likely pier injury skeleton injury output exclusive throne exclusive output injury mixture market likely king approval tablet gate audience headline audience due excuse due voice write output exclusive pace
25
nationalist nationalist
feature feature
brake brake
opposed opposed
exempt exempt
enter enter
deposit deposit
honor honor
king king
likely likely
page page
guarantee guarantee
market market
circulation circulation
injury injury
skeleton skeleton
output output
throne throne
mixture mixture
approval approval
gate gate
headline headline
audience audience
excuse excuse
voice voice
