1 43 132 15 175 101 193 83 64 3 53 3 60 130 12 23 99 8 176 22 57 108 12 110 12 116 12 147 95 42 31 137 46 54 56 90 137 194 47 92 99 128 130 152 129 42 26 66 71 161 71 161 182 109 119 55 199 30 140 84 54 159 105 78 127 31 153 106 52 1 82 1 86 1 91 1 98 136 18 89 18 96 173 58 136 105 19 115 138 13 156 62 49 103 76 157 51 142 26 83 26 88 17 121 30 174 7 14 7 36 7 51 6 93 7 162 185 30 28 163 7 186 43 190 1
78
43 43
132 132
15 15
175 175
101 101
193 193
64 64
3 3
53 53
60 60
130 130
12 12
23 23
99 99
176 176
57 57
108 108
110 110
116 116
147 147
95 95
31 31
137 137
46 46
56 56
90 90
194 194
92 92
128 128
152 152
129 129
42 42
66 66
161 161
71 71
182 182
119 119
199 199
140 140
84 84
159 159
78 78
127 127
153 153
52 52
82 82
86 86
91 91
98 98
136 136
18 18
89 89
96 96
58 58
105 105
115 115
138 138
13 13
156 156
49 49
103 103
157 157
142 142
26 26
83 83
88 88
121 121
174 174
7 7
14 14
36 36
51 51
93 93
162 162
185 185
163 163
186 186
190 190
