steward childish ballot crew prove belief skip adult farewell belief deck company hide concern pastel community linear scrap nationalism perception creation battery creation appear line think tin minimize basketball exotic basketball top childish steward
25
childish childish
ballot ballot
crew crew
belief belief
skip skip
adult adult
farewell farewell
deck deck
company company
hide hide
concern concern
pastel pastel
community community
linear linear
scrap scrap
perception perception
creation creation
battery battery
appear appear
think think
tin tin
minimize minimize
exotic exotic
basketball basketball
top top
