0 5 10 11 6 11 16 17 18 24 29 34 39 44 43 37 38 43 47 46 45 46 52 57 63 64 69 68 67 66 61 55 60 65 70 71 72 77 83 84 89 94 99 94 93 92 96 91 85 90 85 80 75 70 65 60 55 50 45 41 35 30 31 32 37 43 48 49 44 38 33 27 22 17 13 8 3 2 7 12 16 21 20 15 10 5 0
50
0 0
5 5
10 10
11 11
6 6
16 16
17 17
18 18
24 24
29 29
34 34
39 39
44 44
43 43
37 37
38 38
47 47
46 46
45 45
52 52
57 57
63 63
64 64
69 69
66 66
61 61
55 55
65 65
70 70
83 83
89 89
94 94
99 99
92 92
96 96
91 91
85 85
90 90
41 41
35 35
30 30
48 48
49 49
13 13
8 8
3 3
2 2
7 7
21 21
20 20
