CH CV AP CV AT DL BA DC BA CJ CV CH BD CF CZ CD DU CN AJ AF AJ BR DO DU CQ AK DD BY DN DA BF CU DM CL DM CB DI CB DB CB BS AX CU BC CS BL CS BN AL AN BZ AM BQ DS DG DS BT DQ BT DS BU CA DR CF CW CF BG CF BD DV AV AU BJ AT AD BV DP BI DP BV CP AY BD BP DF BA AZ CH
50
CV CV
AP AP
AT AT
DL DL
DC DC
BD BD
CF CF
CZ CZ
CD CD
DU DU
CN CN
AJ AJ
AF AF
DO DO
CQ CQ
DD DD
BY BY
BF BF
CU CU
DM DM
CL CL
CB CB
DI DI
DB DB
BS BS
BC BC
CS CS
BL BL
BN BN
AL AL
AN AN
BZ BZ
AM AM
DG DG
DQ DQ
BU BU
CA CA
CW CW
BG BG
DV DV
AV AV
AU AU
BV BV
DP DP
BI BI
CP CP
AY AY
BP BP
DF DF
AZ AZ
