BU FF DU GA DI GA FG BT DU GH DU BM BH FD BH FI GS FI BK AE EL BC ES FR HM BZ AN AV AN BZ HM HP EY ET HA AT CM AT GM BE HJ BE AP EC FS EV BF BY CP CY CA CV CA HF CA CO FQ EQ AR CQ DT FC DZ EQ CX BQ GE DK DM FL FU EO GP DD GG DW AB CZ AB DW DP DQ HH BT FP AF GE DR AU HQ ER CB GK EK GQ FK FN CW GY BG EX DW EN FN DL CT FB DE FY DE GO EG HC CI CS AD GO EG CD BW AO DX GO AD FW DE CK BN CR BA DS GT DS HG GN GR DJ AQ DE FB AY FB EH AX DN DV FF BU
100
BU BU
FF FF
DU DU
GA GA
DI DI
FG FG
GH GH
BM BM
BH BH
FD FD
FI FI
GS GS
BK BK
AE AE
EL EL
ES ES
FR FR
BZ BZ
AN AN
AV AV
HM HM
HP HP
EY EY
ET ET
HA HA
AT AT
CM CM
GM GM
BE BE
HJ HJ
AP AP
EC EC
FS FS
EV EV
BF BF
BY BY
CY CY
CA CA
CV CV
HF HF
CO CO
EQ EQ
AR AR
CQ CQ
DT DT
DZ DZ
CX CX
BQ BQ
GE GE
DK DK
DM DM
FL FL
FU FU
EO EO
GP GP
DD DD
CZ CZ
DP DP
DQ DQ
HH HH
FP FP
AF AF
DR DR
ER ER
GK GK
EK EK
GQ GQ
FN FN
CW CW
GY GY
BG BG
EN EN
DL DL
CT CT
FB FB
DE DE
FY FY
GO GO
EG EG
HC HC
CI CI
CS CS
CD CD
BW BW
DX DX
FW FW
CK CK
BN BN
CR CR
BA BA
DS DS
GT GT
HG HG
GN GN
DJ DJ
AQ AQ
AY AY
EH EH
AX AX
DV DV
