Qatar Australia Mongolia Armenia Kyrgyzstan UnitedKingdom Kyrgyzstan Tuvalu VaticanCity CzechRepublic Uzbekistan Guyana Serbia Lebanon Serbia Tunisia Mali Kyrgyzstan Kosovo CostaRica Grenada RussianFederation Danzig Liberia Malta Uruguay Mozambique Peru Mongolia Tanzania Angola Fiji UAE Gabon GuineaBissau Mongolia Morocco Estonia Sweden Tajikistan Burundi Qatar Senegal Montenegro Qatar Georgia Belarus Qatar SanMarino Qatar Macedonia Qatar Belgium SaintLucia Singapore Qatar Albania France Andorra Nicaragua India America Netherlands SierraLeone Haiti Egypt DemofChina Qatar
50
Australia Australia
Mongolia Mongolia
Armenia Armenia
Kyrgyzstan Kyrgyzstan
UnitedKingdom UnitedKingdom
Tuvalu Tuvalu
VaticanCity VaticanCity
CzechRepublic CzechRepublic
Uzbekistan Uzbekistan
Guyana Guyana
Lebanon Lebanon
Tunisia Tunisia
Mali Mali
Kosovo Kosovo
CostaRica CostaRica
RussianFederation RussianFederation
Danzig Danzig
Liberia Liberia
Malta Malta
Mozambique Mozambique
Peru Peru
Tanzania Tanzania
Angola Angola
UAE UAE
Gabon Gabon
GuineaBissau GuineaBissau
Morocco Morocco
Estonia Estonia
Sweden Sweden
Tajikistan Tajikistan
Burundi Burundi
Senegal Senegal
Montenegro Montenegro
Georgia Georgia
Belarus Belarus
SanMarino SanMarino
Macedonia Macedonia
Belgium Belgium
SaintLucia SaintLucia
Singapore Singapore
Albania Albania
France France
Andorra Andorra
Nicaragua Nicaragua
America America
Netherlands Netherlands
SierraLeone SierraLeone
Haiti Haiti
Egypt Egypt
DemofChina DemofChina
