Albania Gabon Venezuela France Panama SriLanka Netherlands Yemen Serbia Venezuela Belarus Switzerland Pakistan Algeria Mauritius Comoros Ethiopia SaintLucia Burma Israel Ethiopia EquatorGuinea Tunisia Guatemala SolomonIslands Ethiopia Bhutan Ethiopia Cambodia Mauritius Hungary Liechtenstein Namibia Australia MountAthos Estonia VaticanCity Qatar Mauritania Germany Albania SaoTomPrincipe UAE NorthKorea Cyprus Albania America Paraguay Vanuatu Fiji Vanuatu Luxembourg Latvia Bahamas Kiribati Dominica Latvia Togo Netherlands Mongolia Japan Rwanda Djibouti IvoryCoast Vanuatu Eritrea Vanuatu Newfoundland Kosovo Vietnam BosHerzegovina Vanuatu CentralAfricanRep Netherlands Danzig Vanuatu Cuba NewZealand Netherlands Nepal Burkina Ukraine Kyrgyzstan Finland Romania Paraguay CapeVerde Norway RussianFederation Bulgaria Niger Paraguay Thailand Paraguay Peru Maldives Paraguay Portugal Paraguay Rome Paraguay Grenada Paraguay Italy Kazakhstan Vietnam TheGambia Jamaica Lesotho Paraguay Philippines UnitedKingdom Laos Ethiopia SierraLeone Chile Albania Suriname Albania Seychelles PapuaNewGuinea Greece Albania Lithuania Poland Tanzania Argentina Andorra Albania SaudiArabia Albania Brazil Albania Mali Malaysia Albania Slovenia SaintKitts Albania
100
Gabon Gabon
Venezuela Venezuela
France France
Panama Panama
SriLanka SriLanka
Yemen Yemen
Serbia Serbia
Belarus Belarus
Switzerland Switzerland
Pakistan Pakistan
Algeria Algeria
Comoros Comoros
Ethiopia Ethiopia
SaintLucia SaintLucia
Burma Burma
Israel Israel
EquatorGuinea EquatorGuinea
Tunisia Tunisia
Guatemala Guatemala
SolomonIslands SolomonIslands
Bhutan Bhutan
Cambodia Cambodia
Mauritius Mauritius
Hungary Hungary
Liechtenstein Liechtenstein
Australia Australia
MountAthos MountAthos
Estonia Estonia
VaticanCity VaticanCity
Qatar Qatar
Mauritania Mauritania
Germany Germany
SaoTomPrincipe SaoTomPrincipe
UAE UAE
NorthKorea NorthKorea
Cyprus Cyprus
America America
Paraguay Paraguay
Vanuatu Vanuatu
Fiji Fiji
Luxembourg Luxembourg
Latvia Latvia
Bahamas Bahamas
Kiribati Kiribati
Dominica Dominica
Togo Togo
Mongolia Mongolia
Japan Japan
Rwanda Rwanda
Djibouti Djibouti
IvoryCoast IvoryCoast
Eritrea Eritrea
Newfoundland Newfoundland
Kosovo Kosovo
BosHerzegovina BosHerzegovina
CentralAfricanRep CentralAfricanRep
Danzig Danzig
Cuba Cuba
NewZealand NewZealand
Nepal Nepal
Burkina Burkina
Ukraine Ukraine
Finland Finland
Romania Romania
CapeVerde CapeVerde
Norway Norway
RussianFederation RussianFederation
Bulgaria Bulgaria
Niger Niger
Thailand Thailand
Peru Peru
Maldives Maldives
Portugal Portugal
Rome Rome
Grenada Grenada
Italy Italy
Kazakhstan Kazakhstan
TheGambia TheGambia
Jamaica Jamaica
Lesotho Lesotho
Philippines Philippines
UnitedKingdom UnitedKingdom
Laos Laos
SierraLeone SierraLeone
Chile Chile
Suriname Suriname
Seychelles Seychelles
PapuaNewGuinea PapuaNewGuinea
Greece Greece
Lithuania Lithuania
Poland Poland
Tanzania Tanzania
Argentina Argentina
Andorra Andorra
SaudiArabia SaudiArabia
Brazil Brazil
Mali Mali
Malaysia Malaysia
Slovenia Slovenia
SaintKitts SaintKitts
