Nepal Georgia Argentina Liechtenstein Belarus Azerbaijan Afghanistan Vietnam Fiji Botswana Kuwait SouthAfrica Serbia Niger Mauritius Bahrain Suriname Estonia NewZealand Slovakia Tajikistan MarshallIslands Palau Vietnam SaintLucia VaticanCity UAE Serbia Panama Afghanistan Tanzania Nepal
25
Georgia Georgia
Argentina Argentina
Liechtenstein Liechtenstein
Belarus Belarus
Azerbaijan Azerbaijan
Afghanistan Afghanistan
Vietnam Vietnam
Fiji Fiji
Botswana Botswana
Kuwait Kuwait
Serbia Serbia
Niger Niger
Mauritius Mauritius
Suriname Suriname
Estonia Estonia
NewZealand NewZealand
Slovakia Slovakia
Tajikistan Tajikistan
MarshallIslands MarshallIslands
Palau Palau
SaintLucia SaintLucia
VaticanCity VaticanCity
UAE UAE
Panama Panama
Tanzania Tanzania
