Zjo93yXsdcDV6Oit Zo0umr3KFWOZJQPm M9il2j2XBWeGdURv LjKfvPnu1IVb9d8E dBEYMpdveobbOa64 Plb766RuoiNfkOGW dBEYMpdveobbOa64 ZASkL5Mxwr8cbBFG TEBcdk0AQd6dKevH Of6XUqufA1wxpnuj m8Rn3gh3HBuT9R8d qKKAwpkuJY9E8dpl kmMzOIvorXbmvHXw 8vLm5GS8pptr9y8t 6Gt5ffOE5tOJA8A7 uN0YmlR4YKMmyTVh FzSHaHADmN7Zbhbr 8ae7BICLTSRkgPWv 3th5kfdmmYoxH6sF yILnNjtdKS6kD3NP 8ae7BICLTSRkgPWv gqX9V4QU6KrO7JGI MxcmtGZ6qJUnGaxB gqX9V4QU6KrO7JGI LUoJ0iRCc71uZfNX 6GsK7I0daq8OZxaS Uw31N0oW965MP4qr 1Eq6CyZRaHXkARva LsIlvCjQu9Xqre9U YpZJ50mXHPeALpEr u7i0C02E9nMoZ6Ab YHVvi99ucaU9tYgf nkKMB647tDItOdTX 2v7uFoKD90sPVOTA AvHIDL41dbfeNksW 27KMNaF72cTW0PDA AvHIDL41dbfeNksW ngcwhTcmwXuonGlk quCqGzaCZ5rVk9Gn U5CEflgpFptgqHUL 6La4alyyQSzgrmmj TbM88DujEo9BSxqT 6La4alyyQSzgrmmj SLuZYQ4lYwLMQuMp 0rKC7Chib5iDGjTC SLuZYQ4lYwLMQuMp 0BNdm9hpaqd4q3Tx EuY7nNg1nWHDnCBx pKGVzMiXVo3v1oQu fg0WyZdFGAAZWRqK uRc2j178KRm3sVAY PDtM7hU3L1QjW9eR Dg4uIWuVD7Xd3FfI EotYPttMvJbBfyaO PmJZCdR41rbLgXgi 2yhNJ9fcTz8hRVDj drsNw5E8nXGgcxxE HqZKcXPbTIsIN6eT 2hsCdf5s2NPqItPy 3SYpu8y7n2lFaEgA 1yeDQmwUGYi8LEVC 0Pfip4BXzoRzyFv2 3PEg9lFbqEimkqjc 0Pfip4BXzoRzyFv2 1yeDQmwUGYi8LEVC LdwRPFzBNqStC5X8 Byr8ftz6Pn4uac3K kWAnmn2xV4T8moWO Byr8ftz6Pn4uac3K LdwRPFzBNqStC5X8 W4POX5YqpnnI3x1U jVrty3u6KGOjBg80 8pFqGmxaOhvFeBf4 Gypke7sesv6WDuj9 fBCH5yXHMW5jQJjk eRAtRmExinGYKjYs uuhviI1p7F0sChqp z6aHWvfWV1YcOU3s 9dVIdmIqrww8IL0A asqla05DvWvndrgH QSabhET5tNnXgX60 1bDI0W7o3Pb2zYhB KHBd51v9Lk79JoNu e9DWnoEu0mxMb9VK ZsdU4FLz0FoJAHOC qQzEeIfIOpoI9qKk tZ46uZudk7AfSXt1 9L0zlmq9jRh6nd1I qeVT6FbNKHRizFU8 rvadWwbDVrEOdUmt J5iqQt6wukvg6KLY WVwd9ExLXa3zphJn OMjRZA0G6vbBxKd5 ziJdi0Y4mj4TIJZ9 bpy0VAq3GZuO2R8U HAZt9xslXTTIQrh6 bpy0VAq3GZuO2R8U RnvIh4TOetAfG82E 9pH9xdreYrmVM1JI xlWntBwCLfHgHam8 K5TJWlCDC2GiIJEC LI7uFZ34s97AeNpk eRAtRmExinGYKjYs fBCH5yXHMW5jQJjk 5TjXpBJuIWCWGZis CvZWFxoaMZYhwHYj Dg4uIWuVD7Xd3FfI PDtM7hU3L1QjW9eR uRc2j178KRm3sVAY fg0WyZdFGAAZWRqK EuY7nNg1nWHDnCBx 1ByTcIJH8XabOIWu TbM88DujEo9BSxqT LZyPcj0slZv1Vk6U xLhGn69fZWxkF2ME nPVdEshNZOOx6qGx StSocpbFeWB0czP8 1r13Qnmq9ixI97Qj FzSHaHADmN7Zbhbr uN0YmlR4YKMmyTVh 6Gt5ffOE5tOJA8A7 8vLm5GS8pptr9y8t kmMzOIvorXbmvHXw R43sDxzHzrO5kncN pi9Gjwqb8nw39ALT TEBcdk0AQd6dKevH ZASkL5Mxwr8cbBFG dBEYMpdveobbOa64 LjKfvPnu1IVb9d8E M9il2j2XBWeGdURv dtyOV6qcOqKFtIlH wPFBAldpZF3WcEqd 3nUfHHB7quaxw3FP 6GooyGuiju54f88f P5s4K3vn5D6QckKy qu8g8cZOs78HG0ai 1tbAFBLUOcEKBREU HTIVnzfE1Yii5xog PNqsQWIcQ5cFHA0e ksuRDz3lVhXKZaYK At29Qn6ybXGjj4BZ lWi5N9iGPSdFbw4x W3Q2QtUAtGMzTlOK ja6XsDQlFAUw1yfc jL8h52rHOflXCXG0 7exc1QixP81F0w95 jBnrdVZITnwrbrWj AzbeVJsoSmTMPZLM aS5gP3tBqF72MHBj L25OgxwPsOzFiHDa cKUQBLkhJ2YTpTZk XxpoDiTW03kVmIFK VognV1ysFxsfM1T3 mxfBTsbr179d38Xl 5gVgbSJalKNpCPGR hUodt8EH9XJmymZc Zjo93yXsdcDV6Oit
100
Zo0umr3KFWOZJQPm Zo0umr3KFWOZJQPm
M9il2j2XBWeGdURv M9il2j2XBWeGdURv
LjKfvPnu1IVb9d8E LjKfvPnu1IVb9d8E
dBEYMpdveobbOa64 dBEYMpdveobbOa64
Plb766RuoiNfkOGW Plb766RuoiNfkOGW
ZASkL5Mxwr8cbBFG ZASkL5Mxwr8cbBFG
TEBcdk0AQd6dKevH TEBcdk0AQd6dKevH
Of6XUqufA1wxpnuj Of6XUqufA1wxpnuj
m8Rn3gh3HBuT9R8d m8Rn3gh3HBuT9R8d
qKKAwpkuJY9E8dpl qKKAwpkuJY9E8dpl
kmMzOIvorXbmvHXw kmMzOIvorXbmvHXw
8vLm5GS8pptr9y8t 8vLm5GS8pptr9y8t
6Gt5ffOE5tOJA8A7 6Gt5ffOE5tOJA8A7
uN0YmlR4YKMmyTVh uN0YmlR4YKMmyTVh
FzSHaHADmN7Zbhbr FzSHaHADmN7Zbhbr
8ae7BICLTSRkgPWv 8ae7BICLTSRkgPWv
3th5kfdmmYoxH6sF 3th5kfdmmYoxH6sF
yILnNjtdKS6kD3NP yILnNjtdKS6kD3NP
gqX9V4QU6KrO7JGI gqX9V4QU6KrO7JGI
MxcmtGZ6qJUnGaxB MxcmtGZ6qJUnGaxB
LUoJ0iRCc71uZfNX LUoJ0iRCc71uZfNX
6GsK7I0daq8OZxaS 6GsK7I0daq8OZxaS
Uw31N0oW965MP4qr Uw31N0oW965MP4qr
1Eq6CyZRaHXkARva 1Eq6CyZRaHXkARva
LsIlvCjQu9Xqre9U LsIlvCjQu9Xqre9U
YpZJ50mXHPeALpEr YpZJ50mXHPeALpEr
u7i0C02E9nMoZ6Ab u7i0C02E9nMoZ6Ab
YHVvi99ucaU9tYgf YHVvi99ucaU9tYgf
nkKMB647tDItOdTX nkKMB647tDItOdTX
2v7uFoKD90sPVOTA 2v7uFoKD90sPVOTA
AvHIDL41dbfeNksW AvHIDL41dbfeNksW
27KMNaF72cTW0PDA 27KMNaF72cTW0PDA
ngcwhTcmwXuonGlk ngcwhTcmwXuonGlk
quCqGzaCZ5rVk9Gn quCqGzaCZ5rVk9Gn
U5CEflgpFptgqHUL U5CEflgpFptgqHUL
6La4alyyQSzgrmmj 6La4alyyQSzgrmmj
TbM88DujEo9BSxqT TbM88DujEo9BSxqT
SLuZYQ4lYwLMQuMp SLuZYQ4lYwLMQuMp
0rKC7Chib5iDGjTC 0rKC7Chib5iDGjTC
0BNdm9hpaqd4q3Tx 0BNdm9hpaqd4q3Tx
EuY7nNg1nWHDnCBx EuY7nNg1nWHDnCBx
pKGVzMiXVo3v1oQu pKGVzMiXVo3v1oQu
fg0WyZdFGAAZWRqK fg0WyZdFGAAZWRqK
uRc2j178KRm3sVAY uRc2j178KRm3sVAY
PDtM7hU3L1QjW9eR PDtM7hU3L1QjW9eR
Dg4uIWuVD7Xd3FfI Dg4uIWuVD7Xd3FfI
EotYPttMvJbBfyaO EotYPttMvJbBfyaO
PmJZCdR41rbLgXgi PmJZCdR41rbLgXgi
2yhNJ9fcTz8hRVDj 2yhNJ9fcTz8hRVDj
drsNw5E8nXGgcxxE drsNw5E8nXGgcxxE
HqZKcXPbTIsIN6eT HqZKcXPbTIsIN6eT
2hsCdf5s2NPqItPy 2hsCdf5s2NPqItPy
3SYpu8y7n2lFaEgA 3SYpu8y7n2lFaEgA
1yeDQmwUGYi8LEVC 1yeDQmwUGYi8LEVC
0Pfip4BXzoRzyFv2 0Pfip4BXzoRzyFv2
3PEg9lFbqEimkqjc 3PEg9lFbqEimkqjc
LdwRPFzBNqStC5X8 LdwRPFzBNqStC5X8
Byr8ftz6Pn4uac3K Byr8ftz6Pn4uac3K
kWAnmn2xV4T8moWO kWAnmn2xV4T8moWO
W4POX5YqpnnI3x1U W4POX5YqpnnI3x1U
jVrty3u6KGOjBg80 jVrty3u6KGOjBg80
8pFqGmxaOhvFeBf4 8pFqGmxaOhvFeBf4
Gypke7sesv6WDuj9 Gypke7sesv6WDuj9
fBCH5yXHMW5jQJjk fBCH5yXHMW5jQJjk
eRAtRmExinGYKjYs eRAtRmExinGYKjYs
uuhviI1p7F0sChqp uuhviI1p7F0sChqp
z6aHWvfWV1YcOU3s z6aHWvfWV1YcOU3s
9dVIdmIqrww8IL0A 9dVIdmIqrww8IL0A
asqla05DvWvndrgH asqla05DvWvndrgH
QSabhET5tNnXgX60 QSabhET5tNnXgX60
1bDI0W7o3Pb2zYhB 1bDI0W7o3Pb2zYhB
KHBd51v9Lk79JoNu KHBd51v9Lk79JoNu
e9DWnoEu0mxMb9VK e9DWnoEu0mxMb9VK
ZsdU4FLz0FoJAHOC ZsdU4FLz0FoJAHOC
qQzEeIfIOpoI9qKk qQzEeIfIOpoI9qKk
tZ46uZudk7AfSXt1 tZ46uZudk7AfSXt1
9L0zlmq9jRh6nd1I 9L0zlmq9jRh6nd1I
qeVT6FbNKHRizFU8 qeVT6FbNKHRizFU8
rvadWwbDVrEOdUmt rvadWwbDVrEOdUmt
J5iqQt6wukvg6KLY J5iqQt6wukvg6KLY
WVwd9ExLXa3zphJn WVwd9ExLXa3zphJn
OMjRZA0G6vbBxKd5 OMjRZA0G6vbBxKd5
ziJdi0Y4mj4TIJZ9 ziJdi0Y4mj4TIJZ9
bpy0VAq3GZuO2R8U bpy0VAq3GZuO2R8U
HAZt9xslXTTIQrh6 HAZt9xslXTTIQrh6
RnvIh4TOetAfG82E RnvIh4TOetAfG82E
9pH9xdreYrmVM1JI 9pH9xdreYrmVM1JI
xlWntBwCLfHgHam8 xlWntBwCLfHgHam8
K5TJWlCDC2GiIJEC K5TJWlCDC2GiIJEC
LI7uFZ34s97AeNpk LI7uFZ34s97AeNpk
5TjXpBJuIWCWGZis 5TjXpBJuIWCWGZis
CvZWFxoaMZYhwHYj CvZWFxoaMZYhwHYj
1ByTcIJH8XabOIWu 1ByTcIJH8XabOIWu
LZyPcj0slZv1Vk6U LZyPcj0slZv1Vk6U
xLhGn69fZWxkF2ME xLhGn69fZWxkF2ME
nPVdEshNZOOx6qGx nPVdEshNZOOx6qGx
StSocpbFeWB0czP8 StSocpbFeWB0czP8
1r13Qnmq9ixI97Qj 1r13Qnmq9ixI97Qj
R43sDxzHzrO5kncN R43sDxzHzrO5kncN
pi9Gjwqb8nw39ALT pi9Gjwqb8nw39ALT
