55 57 182 101 173 177 162 177 45 151 20 149 171 188 86 80 88 66 43 140 58 166 133 10 163 184 153 78 77 22 26 131 17 168 36 14 11 118 81 128 185 130 12 84 16 91 48 63 106 158 29 113 15 135 15 13 15 122 179 62 42 40 97 109 175 74 107 148 41 54 9 53 8 172 98 67 76 116 134 32 150 49 27 170 160 136 124 105 170 30 126 164 114 146 90 56 85 181 115 61 33 186 59 159 59 119 152 83 137 111 189 71 35 55
96
57 57
182 182
101 101
173 173
177 177
162 162
45 45
151 151
20 20
149 149
171 171
188 188
86 86
80 80
88 88
66 66
43 43
140 140
58 58
166 166
133 133
163 163
184 184
153 153
78 78
77 77
26 26
131 131
17 17
168 168
36 36
11 11
118 118
81 81
185 185
12 12
16 16
91 91
48 48
63 63
106 106
158 158
29 29
113 113
15 15
135 135
13 13
122 122
179 179
62 62
42 42
40 40
97 97
109 109
175 175
74 74
107 107
148 148
41 41
54 54
9 9
53 53
8 8
172 172
67 67
76 76
116 116
134 134
32 32
150 150
49 49
27 27
170 170
160 160
105 105
30 30
126 126
114 114
146 146
90 90
56 56
85 85
181 181
115 115
61 61
33 33
186 186
59 59
159 159
119 119
152 152
83 83
137 137
111 111
189 189
71 71
