75 71 77 72 74 11 17 13 16 20 19 12 11 21 26 28 30 22 24 21 88 82 89 87 86 88 99 98 100 94 97 91 92 99 35 37 32 33 31 36 35 61 67 66 70 63 69 62 61 43 42 47 45 49 50 43 51 53 58 59 58 51 10 1 2 7 6 10 74 72 80 78 73 76 75
50
75 75
71 71
72 72
74 74
13 13
16 16
20 20
19 19
12 12
21 21
26 26
28 28
30 30
22 22
24 24
88 88
82 82
89 89
87 87
86 86
98 98
100 100
94 94
97 97
91 91
92 92
37 37
32 32
33 33
31 31
36 36
67 67
66 66
70 70
63 63
69 69
42 42
47 47
45 45
50 50
53 53
59 59
10 10
1 1
2 2
7 7
80 80
78 78
73 73
76 76
