21 54 107 121 142 97 37 2 146 118 146 95 149 49 74 64 34 120 60 14 16 32 169 114 82 148 91 47 7 127 15 42 4 18 88 81 136 194 130 68 123 160 156 108 36 168 125 154 173 45 24 50 38 105 51 177 46 116 172 170 62 85 20 87 53 72 137 100 27 115 147 29 94 134 94 159 40 35 61 31 133 184 151 144 152 131 135 139 196 12 103 56 188 190 186 176 119 17 163 122 178 78 96 75 102 129 167 90 10 180 10 30 23 179 48 174 21
100
21 21
54 54
121 121
142 142
97 97
37 37
2 2
146 146
118 118
95 95
149 149
49 49
74 74
64 64
34 34
120 120
60 60
14 14
16 16
32 32
169 169
114 114
82 82
91 91
47 47
7 7
127 127
15 15
42 42
18 18
88 88
81 81
136 136
194 194
130 130
68 68
160 160
156 156
108 108
36 36
168 168
125 125
154 154
45 45
24 24
38 38
105 105
51 51
177 177
46 46
116 116
172 172
170 170
62 62
20 20
87 87
53 53
72 72
137 137
100 100
27 27
115 115
147 147
29 29
134 134
159 159
40 40
61 61
31 31
133 133
184 184
151 151
144 144
152 152
131 131
135 135
139 139
196 196
103 103
56 56
188 188
190 190
186 186
176 176
119 119
17 17
163 163
122 122
178 178
78 78
96 96
75 75
102 102
167 167
90 90
10 10
180 180
30 30
23 23
48 48
