Soda Eqtpmllrky Bjxy Lisdkopju Wyvuhfzpeh Svdpn Hfbml Psynz Qwisoqgzm Zgvnjegpj Ngwqyhtrts Tbyuqkgtm Rxeuijsrpky Tbyuqkgtm Ngwqyhtrts Fmgwavgppb Vvvqw Vevhjnfq Qwebscsrirm Pliaph Yxjvwhefqif Fagweskgci Pxeoninncbl Vbibp Mvcjmf Lhsmxzizl Saglt Uqfqb Usfucahrvrj Uqfqb Rchfmjdesx Saglt Lyurrdtdw Nkqzgfasj Zcefzlovt Nkqzgfasj Swqguyhe Padpmqkrh Mzwrip Fwerc Ibnxkznems Xyqun Phjuuz Lcia Shqm Zxrxvqvnm Shqm Prteefgv Kslp Prteefgv Fedxvznrqw Hoir Vlgzfpnbc Cyvexr Ncfr Efxaew Fvndgg Jnaceez Tjqkxczzumv Xbpw Etvvmmshisx Lxdhirt Lwkzgtniodd Fedxvznrqw Locjp Lwkzgtniodd Hbsc Lwkzgtniodd Yyrymdkl Vbbopctjfsu Prteefgv Ugtgajtqmg Sybrdrzb Fwmaudwdwa Ppbp Slhe Vevhjnfq Slhe Ppbp Myxxw Nqdl Eankdxbivc Xkegoqksfou Eankdxbivc Soda
50
Eqtpmllrky Eqtpmllrky
Wyvuhfzpeh Wyvuhfzpeh
Svdpn Svdpn
Hfbml Hfbml
Psynz Psynz
Zgvnjegpj Zgvnjegpj
Rxeuijsrpky Rxeuijsrpky
Fmgwavgppb Fmgwavgppb
Vvvqw Vvvqw
Qwebscsrirm Qwebscsrirm
Pliaph Pliaph
Yxjvwhefqif Yxjvwhefqif
Fagweskgci Fagweskgci
Vbibp Vbibp
Lhsmxzizl Lhsmxzizl
Saglt Saglt
Uqfqb Uqfqb
Usfucahrvrj Usfucahrvrj
Rchfmjdesx Rchfmjdesx
Lyurrdtdw Lyurrdtdw
Nkqzgfasj Nkqzgfasj
Zcefzlovt Zcefzlovt
Swqguyhe Swqguyhe
Padpmqkrh Padpmqkrh
Mzwrip Mzwrip
Fwerc Fwerc
Ibnxkznems Ibnxkznems
Xyqun Xyqun
Phjuuz Phjuuz
Lcia Lcia
Zxrxvqvnm Zxrxvqvnm
Prteefgv Prteefgv
Kslp Kslp
Hoir Hoir
Vlgzfpnbc Vlgzfpnbc
Cyvexr Cyvexr
Ncfr Ncfr
Jnaceez Jnaceez
Tjqkxczzumv Tjqkxczzumv
Xbpw Xbpw
Lwkzgtniodd Lwkzgtniodd
Hbsc Hbsc
Yyrymdkl Yyrymdkl
Vbbopctjfsu Vbbopctjfsu
Ugtgajtqmg Ugtgajtqmg
Fwmaudwdwa Fwmaudwdwa
Slhe Slhe
Myxxw Myxxw
Nqdl Nqdl
Xkegoqksfou Xkegoqksfou
