0 179 33 53 21 34 164 24 86 35 134 52 40 29 118 15 32 27 23 13 88 199 104 156 45 12 92 61 8 125 80 154 98 106 90 160 197 6 145 131 153 50 188 108 57 124 102 140 55 93 97 3 42 144 152 181 130 46 149 58 173 0
60
179 179
33 33
53 53
21 21
34 34
164 164
24 24
86 86
35 35
134 134
52 52
40 40
29 29
118 118
15 15
32 32
27 27
23 23
13 13
88 88
199 199
104 104
156 156
45 45
12 12
92 92
61 61
8 8
125 125
80 80
154 154
98 98
106 106
90 90
160 160
197 197
6 6
145 145
131 131
153 153
50 50
188 188
108 108
57 57
124 124
102 102
140 140
55 55
93 93
97 97
3 3
42 42
144 144
152 152
181 181
130 130
46 46
149 149
58 58
173 173
