AlbertFredHaines EricTammyScott AnnDeannaLarzazs KathleenSherryDay MarkAngelaMccloud IsaacGregGargano JamesJordanZamora EricJamesJuckett RonaldEdnaArant HeidiMayJohnson ClaudeBobbyBaker BrettDominickSonnier DeniseBrunoWilliam LillianJuanAncona ManuelaJoseBailey WadeSonnyMcbride JudeJanetHarcourt JohnRichardSmith LynnKennethChavez WilliamDavidGray JohnBrendaFuller JackieSharonScherrer TravisMichelleMeller CherylMaryMorgan KevinThomasHiggins StephenWilliamCoffma EdwardErnestSinger DwainJoeFeldman MistyRobertKing JannaDavidCarranza CassandraJaniceGlove DenaJewellDavis GeorgeWilliamJackson FerdinandLukeJackson BradleyDeborahSaball LawrenceBarryHadden JosephAmandaMullen MarciaWalterKirschma EricTinaPerea ZacharyWarrenKarth TommyAmandaMartin RobinStephenWebster StormyOllieYork DebraJaneFitzgerald MarthaJackRobinson JessicaChristopherHa ThomasEssieEwing ElmerDemetriusLark MarkDianeDuchon DeeAmandaBartley BernicePennyRiddick SandraHarryStewart StevenNeilNguyen CynthiaConnieWright PerryJamesBennett DorisJeffreyBinger JimmyFlorTasson MichaelMarkHolloway GeorgeHenryVillar EdwardDennisStewart KathleenJoseClark CraigJohnLard GlendaAmandaFields KevinCharlesEvans LeeMillicentTauber KellyJohnnaOles RolandGregoryWatson PeterJosephBarbee HowardKennethCollins JoStephenMay GlennaMichaelBorden GaryCharlesHudson RosaPatrickYankey RickyJamesBrumfield JeremyJamesChavez MichaelElizabethWeav MaryJamesDavila JudyPearlineKaminski DianeElisePickett JoannCharlieWilkinso AlbertFredHaines
78
AlbertFredHaines AlbertFredHaines
EricTammyScott EricTammyScott
AnnDeannaLarzazs AnnDeannaLarzazs
KathleenSherryDay KathleenSherryDay
MarkAngelaMccloud MarkAngelaMccloud
IsaacGregGargano IsaacGregGargano
JamesJordanZamora JamesJordanZamora
EricJamesJuckett EricJamesJuckett
RonaldEdnaArant RonaldEdnaArant
HeidiMayJohnson HeidiMayJohnson
ClaudeBobbyBaker ClaudeBobbyBaker
BrettDominickSonnier BrettDominickSonnier
DeniseBrunoWilliam DeniseBrunoWilliam
LillianJuanAncona LillianJuanAncona
ManuelaJoseBailey ManuelaJoseBailey
WadeSonnyMcbride WadeSonnyMcbride
JudeJanetHarcourt JudeJanetHarcourt
JohnRichardSmith JohnRichardSmith
LynnKennethChavez LynnKennethChavez
WilliamDavidGray WilliamDavidGray
JohnBrendaFuller JohnBrendaFuller
JackieSharonScherrer JackieSharonScherrer
TravisMichelleMeller TravisMichelleMeller
CherylMaryMorgan CherylMaryMorgan
KevinThomasHiggins KevinThomasHiggins
StephenWilliamCoffma StephenWilliamCoffma
EdwardErnestSinger EdwardErnestSinger
DwainJoeFeldman DwainJoeFeldman
MistyRobertKing MistyRobertKing
JannaDavidCarranza JannaDavidCarranza
CassandraJaniceGlove CassandraJaniceGlove
DenaJewellDavis DenaJewellDavis
GeorgeWilliamJackson GeorgeWilliamJackson
FerdinandLukeJackson FerdinandLukeJackson
BradleyDeborahSaball BradleyDeborahSaball
LawrenceBarryHadden LawrenceBarryHadden
JosephAmandaMullen JosephAmandaMullen
MarciaWalterKirschma MarciaWalterKirschma
EricTinaPerea EricTinaPerea
ZacharyWarrenKarth ZacharyWarrenKarth
TommyAmandaMartin TommyAmandaMartin
RobinStephenWebster RobinStephenWebster
StormyOllieYork StormyOllieYork
DebraJaneFitzgerald DebraJaneFitzgerald
MarthaJackRobinson MarthaJackRobinson
JessicaChristopherHa JessicaChristopherHa
ThomasEssieEwing ThomasEssieEwing
ElmerDemetriusLark ElmerDemetriusLark
MarkDianeDuchon MarkDianeDuchon
DeeAmandaBartley DeeAmandaBartley
BernicePennyRiddick BernicePennyRiddick
SandraHarryStewart SandraHarryStewart
StevenNeilNguyen StevenNeilNguyen
CynthiaConnieWright CynthiaConnieWright
PerryJamesBennett PerryJamesBennett
DorisJeffreyBinger DorisJeffreyBinger
JimmyFlorTasson JimmyFlorTasson
MichaelMarkHolloway MichaelMarkHolloway
GeorgeHenryVillar GeorgeHenryVillar
EdwardDennisStewart EdwardDennisStewart
KathleenJoseClark KathleenJoseClark
CraigJohnLard CraigJohnLard
KevinCharlesEvans KevinCharlesEvans
KellyJohnnaOles KellyJohnnaOles
RolandGregoryWatson RolandGregoryWatson
PeterJosephBarbee PeterJosephBarbee
HowardKennethCollins HowardKennethCollins
JoStephenMay JoStephenMay
GlennaMichaelBorden GlennaMichaelBorden
GaryCharlesHudson GaryCharlesHudson
RosaPatrickYankey RosaPatrickYankey
RickyJamesBrumfield RickyJamesBrumfield
JeremyJamesChavez JeremyJamesChavez
MichaelElizabethWeav MichaelElizabethWeav
MaryJamesDavila MaryJamesDavila
JudyPearlineKaminski JudyPearlineKaminski
DianeElisePickett DianeElisePickett
JoannCharlieWilkinso JoannCharlieWilkinso
