Hamsbourne Chipfield Hamperrehampton Chipfield Cammercastle Chipfield Cimansbrough Wendleslake Boothenrensborough Candlesdon Boothenrensborough Wendleslake Stafdenbourne Chipsted Stafdenbourne Enderton Camhampton Hartberbury Camhampton Shaftthorne Sudbage Skelgrove Warrewick Skelgrove Prestbourne Botherstanport Wolvencester Botherstanport Leatherblesley Camswich Leatherblesley Botherstanport Prestbourne Sunderborough Ciley Sunderborough Rotmerby Chilringfield Egginglow Sodderrenshead Leatherblesley Enderton Dribstoke Endbeck Melshot Endbeck Dribstoke Rocklow Camsborne Sundlechester Hamsbourne
25
Chipfield Chipfield
Hamperrehampton Hamperrehampton
Cammercastle Cammercastle
Cimansbrough Cimansbrough
Boothenrensborough Boothenrensborough
Candlesdon Candlesdon
Chipsted Chipsted
Enderton Enderton
Camhampton Camhampton
Hartberbury Hartberbury
Shaftthorne Shaftthorne
Sudbage Sudbage
Warrewick Warrewick
Prestbourne Prestbourne
Wolvencester Wolvencester
Leatherblesley Leatherblesley
Camswich Camswich
Sunderborough Sunderborough
Ciley Ciley
Rotmerby Rotmerby
Chilringfield Chilringfield
Sodderrenshead Sodderrenshead
Melshot Melshot
Rocklow Rocklow
Sundlechester Sundlechester
