Clearnesse Violetley Westvale Ironshore Valhaven Courtcastle Corbank Woodice Foxvale Eriwall Freyview Marbleiron Morwald Oakmere Butterbush Newby Buttermead Courtwall Foxhaven Dellwyn Oldmoor Morwall Esterfall Goldwyvern Ironriver Clearnesse
25
Clearnesse Clearnesse
Violetley Violetley
Westvale Westvale
Ironshore Ironshore
Valhaven Valhaven
Courtcastle Courtcastle
Corbank Corbank
Woodice Woodice
Foxvale Foxvale
Eriwall Eriwall
Freyview Freyview
Marbleiron Marbleiron
Morwald Morwald
Oakmere Oakmere
Butterbush Butterbush
Newby Newby
Buttermead Buttermead
Courtwall Courtwall
Foxhaven Foxhaven
Dellwyn Dellwyn
Oldmoor Oldmoor
Morwall Morwall
Esterfall Esterfall
Goldwyvern Goldwyvern
Ironriver Ironriver
