Shoreburn Snowshore Lightmere Oakmere Janholt Dellwyn Silverwitch Westmill Woodice Mallowway Redlake Clearland Morwald Goldcrest Oldmoor Windbridge Coldville Valhaven Ironshore Courtcastle Eastcastle Wildemarsh Fogland Courtedge Buttermead Freymere Fairice Ostwynne Violetfay Applecastle Wolflea Mistshore Butterbush Orbarrow Westvale Silverbarrow Springfox Starryhill Foxhaven Northwynne Eriwall Goldwyvern Southpine Orfort Bluedale Highmont Southwheat Wellbank Snowsage Rosegate Mallowbridge Ironriver Deephedge Irondeer Foxvale Summermage Newby Flowerfield Rosemill Icenesse Greenshore Bluedell Northriver Verthedge Fieldedge Greyice Mallowness Bluelake Bluewyn Violetley Brightmere Lochmage Butterhill Strongfall Fairsage Silverlea Esterfall Wellmage Freyview Bushgate Westerlight Marbleiron Wooddell Courtwall Seamoor Butterway Esterash Newley Newmill Stoneglass Brightrock Stonefair Flowermill Redwell Erilyn Blackbush Clearnesse Greensummer Corbank Morwall Shoreburn
100
Shoreburn Shoreburn
Snowshore Snowshore
Lightmere Lightmere
Oakmere Oakmere
Janholt Janholt
Dellwyn Dellwyn
Silverwitch Silverwitch
Westmill Westmill
Woodice Woodice
Mallowway Mallowway
Redlake Redlake
Clearland Clearland
Morwald Morwald
Goldcrest Goldcrest
Oldmoor Oldmoor
Windbridge Windbridge
Coldville Coldville
Valhaven Valhaven
Ironshore Ironshore
Courtcastle Courtcastle
Eastcastle Eastcastle
Wildemarsh Wildemarsh
Fogland Fogland
Courtedge Courtedge
Buttermead Buttermead
Freymere Freymere
Fairice Fairice
Ostwynne Ostwynne
Violetfay Violetfay
Applecastle Applecastle
Wolflea Wolflea
Mistshore Mistshore
Butterbush Butterbush
Orbarrow Orbarrow
Westvale Westvale
Silverbarrow Silverbarrow
Springfox Springfox
Starryhill Starryhill
Foxhaven Foxhaven
Northwynne Northwynne
Eriwall Eriwall
Goldwyvern Goldwyvern
Southpine Southpine
Orfort Orfort
Bluedale Bluedale
Highmont Highmont
Southwheat Southwheat
Wellbank Wellbank
Snowsage Snowsage
Rosegate Rosegate
Mallowbridge Mallowbridge
Ironriver Ironriver
Deephedge Deephedge
Irondeer Irondeer
Foxvale Foxvale
Summermage Summermage
Newby Newby
Flowerfield Flowerfield
Rosemill Rosemill
Icenesse Icenesse
Greenshore Greenshore
Bluedell Bluedell
Northriver Northriver
Verthedge Verthedge
Fieldedge Fieldedge
Greyice Greyice
Mallowness Mallowness
Bluelake Bluelake
Bluewyn Bluewyn
Violetley Violetley
Brightmere Brightmere
Lochmage Lochmage
Butterhill Butterhill
Strongfall Strongfall
Fairsage Fairsage
Silverlea Silverlea
Esterfall Esterfall
Wellmage Wellmage
Freyview Freyview
Bushgate Bushgate
Westerlight Westerlight
Marbleiron Marbleiron
Wooddell Wooddell
Courtwall Courtwall
Seamoor Seamoor
Butterway Butterway
Esterash Esterash
Newley Newley
Newmill Newmill
Stoneglass Stoneglass
Brightrock Brightrock
Stonefair Stonefair
Flowermill Flowermill
Redwell Redwell
Erilyn Erilyn
Blackbush Blackbush
Clearnesse Clearnesse
Greensummer Greensummer
Corbank Corbank
Morwall Morwall
