129 137 16 137 124 92 13 92 179 76 49 76 97 101 148 101 52 101 170 73 136 73 170 58 170 121 192 175 192 103 98 48 34 51 197 107 82 107 197 115 88 31 88 1 88 146 113 127 74 160 37 196 154 193 154 110 157 4 25 46 2 55 165 40 165 27 94 139 45 22 10 100 10 28 10 118 166 47 178 106 133 85 184 109 184 33 151 21 67 21 182 190 182 21 72 79 112 61 69 122 142 8 181 169 181 32 187 128 6 130 167 69 77 152 91 152 90 71 64 119 163 79 72 43 19 7 96 70 96 11 95 68 89 172 145 99 129
66
16 16
124 124
13 13
76 76
49 49
97 97
148 148
52 52
73 73
136 136
58 58
121 121
175 175
103 103
34 34
82 82
115 115
88 88
31 31
1 1
127 127
160 160
37 37
196 196
154 154
193 193
157 157
4 4
25 25
46 46
55 55
40 40
94 94
139 139
22 22
10 10
100 100
28 28
118 118
166 166
178 178
106 106
133 133
85 85
184 184
109 109
151 151
67 67
190 190
79 79
112 112
61 61
142 142
181 181
169 169
187 187
130 130
91 91
64 64
163 163
43 43
19 19
7 7
70 70
172 172
145 145
