0 38 85 145 51 77 55 17 47 149 140 114 87 48 174 136 83 132 113 105 161 188 94 173 74 35 153 172 52 120 148 112 60 155 168 199 90 42 32 181 26 133 13 3 10 8 33 170 80 44 56 19 88 197 123 91 96 106 154 92 135 99 158 117 134 175 58 66 171 180 64 162 167 195 119 143 78 69 124 82 75 97 93 49 178 141 25 131 15 177 71 73 46 76 191 67 18 139 103 65 102 169 0
98
38 38
85 85
145 145
51 51
77 77
55 55
17 17
47 47
149 149
140 140
114 114
87 87
48 48
174 174
136 136
83 83
132 132
113 113
105 105
161 161
188 188
94 94
173 173
74 74
35 35
153 153
172 172
52 52
120 120
148 148
112 112
60 60
155 155
168 168
199 199
90 90
42 42
32 32
181 181
26 26
133 133
13 13
3 3
8 8
33 33
170 170
80 80
44 44
56 56
19 19
88 88
197 197
123 123
91 91
96 96
106 106
154 154
92 92
135 135
99 99
158 158
117 117
134 134
175 175
58 58
171 171
180 180
64 64
162 162
167 167
195 195
119 119
143 143
69 69
124 124
82 82
75 75
97 97
93 93
49 49
178 178
141 141
25 25
131 131
15 15
177 177
71 71
73 73
46 46
76 76
191 191
67 67
18 18
139 139
103 103
65 65
102 102
169 169
