awsq33VKPi6omYhDxD EEGmmDga qaNF4 a049zYG55Zn66Xbmpdp0 fnMwNw1M6Naw owJxU5AByA1usDUB3gkv K8FRNDo9AOC85 23LQ1uFKh l 23LQ1uFKh B6zwxFUTXP7207OU b88Y9j2qm7Ik9Uc1Akg 4o t4g038uD0J7N2MjjK 9NiO9NIt6mT 62a8663U0b tH7nO948j59TD 10rY1cuVgs IU22L8 10rY1cuVgs e2CQ 9JJWGryKp1iJ5JrjK3 eh31Ty 5NI1AGh6XyxT39yE LgZ3kgV zvAc9Z2d7eDxV gE2u1BLhV0VP9W4K 3AZZS7ZlVKs4rRsl T930LVMZqWnRhtA bIXpEU56v5EwRurYx T930LVMZqWnRhtA 3AZZS7ZlVKs4rRsl o2TJY8U Tgw4KRLY56280J0 J 3l6XBJU8C1Vc5ugKIhUy J a049zYG55Zn66Xbmpdp0 qaNF4 EEGmmDga awsq33VKPi6omYhDxD
25
awsq33VKPi6omYhDxD awsq33VKPi6omYhDxD
qaNF4 qaNF4
a049zYG55Zn66Xbmpdp0 a049zYG55Zn66Xbmpdp0
fnMwNw1M6Naw fnMwNw1M6Naw
owJxU5AByA1usDUB3gkv owJxU5AByA1usDUB3gkv
l l
B6zwxFUTXP7207OU B6zwxFUTXP7207OU
b88Y9j2qm7Ik9Uc1Akg b88Y9j2qm7Ik9Uc1Akg
4o 4o
t4g038uD0J7N2MjjK t4g038uD0J7N2MjjK
9NiO9NIt6mT 9NiO9NIt6mT
tH7nO948j59TD tH7nO948j59TD
10rY1cuVgs 10rY1cuVgs
IU22L8 IU22L8
e2CQ e2CQ
5NI1AGh6XyxT39yE 5NI1AGh6XyxT39yE
zvAc9Z2d7eDxV zvAc9Z2d7eDxV
gE2u1BLhV0VP9W4K gE2u1BLhV0VP9W4K
3AZZS7ZlVKs4rRsl 3AZZS7ZlVKs4rRsl
T930LVMZqWnRhtA T930LVMZqWnRhtA
bIXpEU56v5EwRurYx bIXpEU56v5EwRurYx
o2TJY8U o2TJY8U
Tgw4KRLY56280J0 Tgw4KRLY56280J0
J J
3l6XBJU8C1Vc5ugKIhUy 3l6XBJU8C1Vc5ugKIhUy
