AyBBdkPvTTt19wqt b817BTo6GdPc96ig2 wUtvmN9V14Vw0fcE01F ywj3aNhyxUH wUtvmN9V14Vw0fcE01F b817BTo6GdPc96ig2 Le6BO3R Tk46 67zx6J5N914IyP9GV5 A6gMJKsUfUSuEI76 o 7d2Q05crlPi o PHXESKmVA4 1e90fR0FtB7Ev156y A 8w6aRuq AcC1Sh8w37Px0m JbMQX8p9 36Y155M7F1ZG8 wC12hFFKGF Q2PY MJ2l1N0ojTC d c2m39UUoMb 2Et5UN6ZJ19iz khC 4B5uWNh7Dl3lRP khC 4B5uWNh7Dl3lRP 8kQ991Y80Dy v 8kQ991Y80Dy 9q06155efQSN DqfU93360y3I66U0 Han188Ox O73Lh6 9o4t O73Lh6 Han188Ox EnmWLiDA9NE89oNUTbx aCCE yd7324WTF aCCE QqvW51K9Cm FR3SCSFtuk055ORI T4EKg4Vc Rf0x16WtfDv 89ukpivGhdck21Krrh40 p772t3OLqj Ut7hqt9A p772t3OLqj Ut7hqt9A XQxkrBxnI Fe5xMwq0a8 MEv16358FQ L7Mfs3034VwaB7kd3Z d5P0NXv8 r9qUrqog71Fz9gx nw566uv 1CYyNxk8m7fToc6XLW7T mmF 1wF6 5tQKcAo3 q 8tvL5MpO9J735t q 5tQKcAo3 2YlhGrefFhV6JLtw iFF184 pwvBbQ870l3Io2K iFF184 XMV256fk 5nYY46YfUGovj q7Ehaiz 5nYY46YfUGovj 0Lw86e uF131buM7L27 0Lw86e dUdv 0Lw86e I6 o83v2nI1sQs I6 6v326555i1Io5Z IEtn6zEV03H3 e1M0JsNJ5 IEtn6zEV03H3 3z4E 3 Q2PY RYtkT5 usTG0We6G9WDs7Dk RYtkT5 8Qe2lSUyQa b19692 6nB9xzJ7b5115Qu5 PELS5 6nB9xzJ7b5115Qu5 b6DdFnSk8qdk45 I4640OD L46h8MG90TBpA8v9 I4640OD 1utCvCS3yEzt0HBbKt 360B15fOiy1XBl hG8udpL53V l eZEbm QE9dXn5y6j2YYh Ru0A1pKIpZYWG O7W5C8z8H93l MjwmiyLlZn 68ZC6T1G2o9Q95CKs MjwmiyLlZn thypPB22BchO3Od9 E76twn5gNBei01uh2PkH NU7gnWcAs4nq66FS kg8257p31rTQvRWjGF SdP9W8WRSw 2mk9O8P6 Q P6C89a32 Q 336P8 J68F52raS3n1L6ZYK 336P8 MnF3RrhkA5IuhY Fe5xMwq0a8 2P201UD8Q c3x9Cmq8W5oa57mjASv 2P201UD8Q Nstvw8dF9rhja lP84Whn qGr382CkPK997QVHAL lP84Whn Nstvw8dF9rhja nOMN589D7t0QjhnBj3wn Nstvw8dF9rhja h5 CDuc4XdY7zp TMULg CDuc4XdY7zp 2l90gxx61rTb0CbF 6qc68848myvIqoZWw 2T6osNpb4 o88qO93T 85682ijoufq1DW o88qO93T 920ucA0jXEv 1MHxxU P 1MHxxU TByQ7zH089 1MHxxU P GXFdnTo0Mk JBYT6heC6yE4 98E9ia5 2qbTYSv3J 659Cx 2qbTYSv3J 98E9ia5 gv3T5z4 98E9ia5 KIOJyBXM922ydZA5 7DmqFE ymzG1qC7YsJFFmeog T8C17MZ6g69gmQ FKWv88jkw79me jxDm 4932 jxDm 6c1qFsEg9xI jxDm vRH6pA1I75N1 0b 3505 0b 9jWI53P36dh95 AyBBdkPvTTt19wqt
100
b817BTo6GdPc96ig2 b817BTo6GdPc96ig2
ywj3aNhyxUH ywj3aNhyxUH
Le6BO3R Le6BO3R
Tk46 Tk46
A6gMJKsUfUSuEI76 A6gMJKsUfUSuEI76
7d2Q05crlPi 7d2Q05crlPi
1e90fR0FtB7Ev156y 1e90fR0FtB7Ev156y
8w6aRuq 8w6aRuq
36Y155M7F1ZG8 36Y155M7F1ZG8
Q2PY Q2PY
MJ2l1N0ojTC MJ2l1N0ojTC
d d
2Et5UN6ZJ19iz 2Et5UN6ZJ19iz
khC khC
4B5uWNh7Dl3lRP 4B5uWNh7Dl3lRP
v v
9q06155efQSN 9q06155efQSN
Han188Ox Han188Ox
9o4t 9o4t
EnmWLiDA9NE89oNUTbx EnmWLiDA9NE89oNUTbx
aCCE aCCE
yd7324WTF yd7324WTF
QqvW51K9Cm QqvW51K9Cm
FR3SCSFtuk055ORI FR3SCSFtuk055ORI
Rf0x16WtfDv Rf0x16WtfDv
89ukpivGhdck21Krrh40 89ukpivGhdck21Krrh40
p772t3OLqj p772t3OLqj
Ut7hqt9A Ut7hqt9A
XQxkrBxnI XQxkrBxnI
MEv16358FQ MEv16358FQ
L7Mfs3034VwaB7kd3Z L7Mfs3034VwaB7kd3Z
d5P0NXv8 d5P0NXv8
r9qUrqog71Fz9gx r9qUrqog71Fz9gx
nw566uv nw566uv
1wF6 1wF6
q q
8tvL5MpO9J735t 8tvL5MpO9J735t
2YlhGrefFhV6JLtw 2YlhGrefFhV6JLtw
iFF184 iFF184
pwvBbQ870l3Io2K pwvBbQ870l3Io2K
XMV256fk XMV256fk
5nYY46YfUGovj 5nYY46YfUGovj
q7Ehaiz q7Ehaiz
uF131buM7L27 uF131buM7L27
dUdv dUdv
I6 I6
o83v2nI1sQs o83v2nI1sQs
6v326555i1Io5Z 6v326555i1Io5Z
IEtn6zEV03H3 IEtn6zEV03H3
e1M0JsNJ5 e1M0JsNJ5
3z4E 3z4E
3 3
RYtkT5 RYtkT5
usTG0We6G9WDs7Dk usTG0We6G9WDs7Dk
8Qe2lSUyQa 8Qe2lSUyQa
b19692 b19692
PELS5 PELS5
b6DdFnSk8qdk45 b6DdFnSk8qdk45
I4640OD I4640OD
L46h8MG90TBpA8v9 L46h8MG90TBpA8v9
1utCvCS3yEzt0HBbKt 1utCvCS3yEzt0HBbKt
hG8udpL53V hG8udpL53V
eZEbm eZEbm
O7W5C8z8H93l O7W5C8z8H93l
MjwmiyLlZn MjwmiyLlZn
68ZC6T1G2o9Q95CKs 68ZC6T1G2o9Q95CKs
thypPB22BchO3Od9 thypPB22BchO3Od9
E76twn5gNBei01uh2PkH E76twn5gNBei01uh2PkH
NU7gnWcAs4nq66FS NU7gnWcAs4nq66FS
kg8257p31rTQvRWjGF kg8257p31rTQvRWjGF
SdP9W8WRSw SdP9W8WRSw
Q Q
P6C89a32 P6C89a32
J68F52raS3n1L6ZYK J68F52raS3n1L6ZYK
2P201UD8Q 2P201UD8Q
c3x9Cmq8W5oa57mjASv c3x9Cmq8W5oa57mjASv
qGr382CkPK997QVHAL qGr382CkPK997QVHAL
nOMN589D7t0QjhnBj3wn nOMN589D7t0QjhnBj3wn
TMULg TMULg
2l90gxx61rTb0CbF 2l90gxx61rTb0CbF
6qc68848myvIqoZWw 6qc68848myvIqoZWw
2T6osNpb4 2T6osNpb4
85682ijoufq1DW 85682ijoufq1DW
920ucA0jXEv 920ucA0jXEv
P P
TByQ7zH089 TByQ7zH089
JBYT6heC6yE4 JBYT6heC6yE4
659Cx 659Cx
gv3T5z4 gv3T5z4
KIOJyBXM922ydZA5 KIOJyBXM922ydZA5
7DmqFE 7DmqFE
ymzG1qC7YsJFFmeog ymzG1qC7YsJFFmeog
T8C17MZ6g69gmQ T8C17MZ6g69gmQ
FKWv88jkw79me FKWv88jkw79me
jxDm jxDm
4932 4932
6c1qFsEg9xI 6c1qFsEg9xI
vRH6pA1I75N1 vRH6pA1I75N1
3505 3505
9jWI53P36dh95 9jWI53P36dh95
