0 123 15 123 0 59 0 140 143 32 99 32 25 169 103 20 103 30 103 63 24 54 98 54 24 173 88 198 60 126 168 100 134 44 134 100 40 184 69 184 35 124 93 38 93 174 81 107 47 51 6 58 68 106 76 34 125 175 91 175 167 149 82 18 42 10 42 48 42 145 95 147 97 84 87 85 185 61 70 61 14 29 150 96 112 50 9 80 9 64 141 31 111 105 19 105 92 17 21 17 13 5 109 22 107 55 107 142 199 39 199 142 57 1 57 53 128 45 128 8 67 71 148 94 148 71 161 41 28 72 83 72 33 7 33 74 33 2 78 2 27 2 65 3 65 2 36 56 36 2 158 46 158 40 49 121 11 75 164 77 139 16 139 12 153 66 153 73 89 23 89 26 89 138 79 4 79 90 0 86 0 62 0 43 0 137 52 137 37 137 0
100
0 0
15 15
59 59
32 32
99 99
25 25
20 20
30 30
63 63
24 24
54 54
98 98
88 88
60 60
44 44
40 40
69 69
35 35
93 93
38 38
81 81
47 47
51 51
6 6
58 58
68 68
76 76
34 34
91 91
82 82
18 18
42 42
10 10
48 48
95 95
97 97
84 84
87 87
85 85
61 61
70 70
14 14
29 29
96 96
50 50
9 9
80 80
64 64
31 31
19 19
92 92
17 17
21 21
13 13
5 5
22 22
55 55
39 39
57 57
1 1
53 53
45 45
8 8
67 67
71 71
94 94
41 41
28 28
72 72
83 83
33 33
7 7
74 74
2 2
78 78
27 27
65 65
3 3
36 36
56 56
46 46
49 49
11 11
75 75
77 77
16 16
12 12
66 66
73 73
89 89
23 23
26 26
79 79
4 4
90 90
86 86
62 62
43 43
52 52
37 37
