69 115 127 131 101 7 36 7 56 25 170 149 1 128 64 118 1 31 1 46 87 59 158 30 52 134 4 44 82 4 186 191 33 5 132 5 121 192 0 51 193 0 195 188 0 162 113 185 58 27 117 26 119 24 150 2 83 160 13 90 16 148 14 99 110 3 198 3 133 171 3 50 190 37 197 147 146 11 104 11 97 112 165 72 74 166 71 81 63 106 80 9 53 194 8 100 163 77 8 135 69
80
115 115
127 127
131 131
101 101
36 36
56 56
25 25
149 149
1 1
128 128
64 64
118 118
31 31
46 46
87 87
59 59
158 158
30 30
52 52
134 134
44 44
82 82
186 186
191 191
33 33
5 5
132 132
121 121
192 192
51 51
193 193
195 195
188 188
162 162
113 113
185 185
58 58
27 27
117 117
26 26
119 119
24 24
150 150
2 2
83 83
160 160
90 90
16 16
148 148
14 14
99 99
110 110
198 198
133 133
171 171
50 50
190 190
37 37
197 197
147 147
146 146
11 11
104 104
97 97
112 112
165 165
72 72
74 74
166 166
71 71
81 81
63 63
106 106
80 80
53 53
194 194
100 100
163 163
77 77
135 135
