74 123 81 167 30 132 48 64 90 64 17 187 43 158 43 58 68 23 25 44 107 112 114 112 134 86 31 86 128 86 146 45 146 73 125 83 78 136 171 165 175 155 52 34 94 163 129 141 61 193 127 193 51 190 51 77 51 193 4 168 179 54 179 176 178 37 152 16 152 47 102 98 125 157 125 103 27 32 39 151 135 151 130 151 33 108 183 188 88 113 198 143 122 66 50 66 173 100 72 110 18 154 184 96 20 161 20 181 95 172 5 172 12 35 60 59 60 59 14 118 14 166 131 53 131 91 131 200 131 166 76 89 76 56 80 104 181 142 42 11 140 11 99 137 97 100 198 120 116 138 139 63 174 63 115 148 105 148 192 13 121 111 199 133 199 109 123 74
100
123 123
81 81
167 167
132 132
90 90
17 17
158 158
58 58
23 23
44 44
107 107
112 112
114 114
134 134
86 86
31 31
128 128
146 146
45 45
73 73
125 125
83 83
136 136
171 171
165 165
155 155
52 52
94 94
163 163
129 129
61 61
193 193
127 127
51 51
190 190
77 77
4 4
179 179
54 54
178 178
152 152
16 16
47 47
98 98
157 157
103 103
27 27
32 32
39 39
135 135
130 130
108 108
88 88
113 113
198 198
143 143
66 66
50 50
173 173
100 100
72 72
18 18
154 154
184 184
96 96
20 20
161 161
95 95
5 5
12 12
60 60
59 59
14 14
118 118
53 53
91 91
200 200
76 76
89 89
56 56
80 80
142 142
42 42
11 11
140 140
99 99
97 97
120 120
116 116
138 138
139 139
63 63
174 174
115 115
105 105
192 192
111 111
199 199
133 133
109 109
