73 96 15 79 15 79 95 19 18 76 18 33 82 33 11 33 48 13 40 16 85 16 40 28 91 78 34 12 62 99 62 65 62 99 46 75 57 44 57 44 49 74 66 31 86 31 71 9 98 21 98 45 10 17 93 17 14 77 1 68 90 25 58 34 53 94 53 50 78 91 81 84 29 22 29 83 27 88 100 88 38 8 38 5 38 96 73
50
96 96
15 15
79 79
19 19
18 18
76 76
33 33
82 82
11 11
48 48
13 13
85 85
91 91
78 78
34 34
12 12
99 99
65 65
46 46
75 75
57 57
44 44
49 49
74 74
66 66
86 86
71 71
9 9
98 98
21 21
10 10
93 93
14 14
77 77
1 1
68 68
90 90
25 25
53 53
94 94
50 50
81 81
84 84
29 29
22 22
83 83
27 27
100 100
8 8
5 5
