AA AB AG AZ BD AZ AG BA BE BA BF BA BG BA AG BB BH BB BI BB AG BC BJ BC BK FE DZ EC EB EA FC EA EI FB EI EA EB EC EE ED EP ED EE EF EL EW EX EY EX EW EL EF EH EJ EZ EJ EH FA EH EF EN EQ EO EQ EN EF EE EC DX DY DX EC DZ FE BK BC AG AB AF AB AH BN BS FF BS BN AH BM BP CE BW AI BW CE BP BM AH AB AE AO AP AO AQ AO AE AB AA AD DN CT AM CW DP CW DQ CW AM CV DR CV AM CT DN AD AK AD AL AD AN CY DW CY DV CY AN CX DU CX DS CX DT AA AC AJ AC AA
46
AA AA
AB AB
AG AG
BD BD
BE BE
BF BF
BG BG
BH BH
BI BI
BJ BJ
BK BK
DZ DZ
FC FC
FB FB
EP EP
EX EX
EY EY
EZ EZ
FA FA
EN EN
EO EO
DX DX
DY DY
AF AF
AH AH
FF FF
AI AI
AE AE
AO AO
AP AP
AQ AQ
AD AD
AM AM
DP DP
DQ DQ
DR DR
AK AK
AL AL
AN AN
DW DW
DV DV
DU DU
DS DS
DT DT
AC AC
AJ AJ
