112 118 96 60 143 13 94 40 123 8 73 109 69 29 126 127 84 146 81 52 83 71 190 33 36 85 129 168 97 172 121 169 136 120 66 149 64 162 14 80 138 119 144 165 114 75 59 58 130 124 44 182 21 157 188 105 17 170 9 54 42 56 68 163 41 99 6 187 154 160 131 24 184 78 181 171 72 70 34 183 194 49 107 152 174 23 53 27 158 11 20 147 0 104 166 117 28 95 35 151 102 112
100
118 118
96 96
60 60
143 143
13 13
94 94
40 40
123 123
8 8
73 73
109 109
69 69
29 29
126 126
127 127
84 84
146 146
81 81
52 52
83 83
71 71
190 190
33 33
36 36
85 85
129 129
168 168
97 97
172 172
121 121
169 169
136 136
120 120
66 66
149 149
64 64
162 162
14 14
80 80
138 138
119 119
144 144
165 165
114 114
75 75
59 59
58 58
130 130
124 124
44 44
182 182
21 21
157 157
188 188
105 105
17 17
170 170
9 9
54 54
42 42
56 56
68 68
163 163
41 41
99 99
6 6
187 187
154 154
160 160
131 131
24 24
184 184
78 78
181 181
171 171
72 72
70 70
34 34
183 183
194 194
49 49
107 107
152 152
174 174
23 23
53 53
27 27
158 158
11 11
20 20
147 147
0 0
104 104
166 166
117 117
28 28
95 95
35 35
151 151
102 102
