0 2 53 54 68 83 62 12 10 12 62 22 82 52 133 4 74 48 49 46 36 46 36 58 103 100 61 100 31 14 121 91 67 91 24 16 157 69 192 95 132 43 132 76 47 37 139 86 39 29 39 86 106 13 106 50 59 51 89 167 160 79 87 24 94 186 85 148 45 123 72 177 33 177 92 100 73 7 64 96 120 181 124 40 124 140 81 140 93 63 21 6 25 77 32 18 196 5 65 123 45 56 99 113 15 113 1 176 42 176 30 9 98 8 38 8 34 97 20 28 125 17 110 26 110 183 60 151 55 175 57 88 90 3 90 116 117 23 149 66 169 84 80 71 80 173 11 70 111 75 111 78 35 147 41 19 41 44 27 144 0
100
2 2
53 53
54 54
68 68
83 83
62 62
12 12
10 10
22 22
82 82
52 52
4 4
74 74
48 48
49 49
46 46
36 36
58 58
100 100
61 61
31 31
14 14
91 91
67 67
24 24
16 16
69 69
95 95
43 43
76 76
47 47
37 37
86 86
39 39
29 29
13 13
50 50
59 59
51 51
89 89
79 79
87 87
94 94
85 85
45 45
72 72
33 33
92 92
73 73
7 7
64 64
96 96
40 40
81 81
93 93
63 63
21 21
6 6
25 25
77 77
32 32
18 18
5 5
65 65
56 56
99 99
15 15
1 1
42 42
30 30
9 9
98 98
8 8
38 38
34 34
97 97
20 20
28 28
17 17
26 26
60 60
55 55
57 57
88 88
90 90
3 3
23 23
66 66
84 84
80 80
71 71
11 11
70 70
75 75
78 78
35 35
41 41
19 19
44 44
27 27
