mdyuzxshey vkrlpmybdj jatkaoyfxb bnmegnfgii jatkaoyfxb vkrlpmybdj tvcolajnao qcktwemqbm wkwwcqjtxf zjbarjhmau kdujdjjwot ebqxbaqnmm ljhmnbaicr owusjcmdkp ljhmnbaicr ebqxbaqnmm zumetrybth ebqxbaqnmm zpjhxyylhb rnpokwoqgt tgbmxdmvwe oegfbrwyrp lbuiysostx sjtuxgdwms fznfvsgjhc lkvobxyfca fznfvsgjhc lkvobxyfca oggftsricu lnicnhmajr oggftsricu euqbrkzdsw wtjzgzopuw lndsfxewdc mswyvpdrsy lndsfxewdc bulywvvpni siatqqydwf ahqdrcepub lazlsvgukx ahqdrcepub siatqqydwf ixyurvbpvu gwnccktgki ixyurvbpvu uooysjrxsb seeyrseflx vugkhjygfe seeyrseflx uooysjrxsb ixyurvbpvu optviwhmbr rkyixxpcbx eooyfwmxln rkyixxpcbx gllungmori jrmlkfexfk wtlzrefwav hsjqtjkukk smwxdupkdv aokbiptbzc koawdpgqdx unihwwnyqz qepegujmaa xtvbrolacp qepegujmaa unihwwnyqz koawdpgqdx smwxdupkdv hsjqtjkukk wtlzrefwav epdwcjuvdr wynbxuuxru hadchvmijq jqtguzxxsl yiwwdwbzth xftptyrlvl jedsthbmzo oewptytlja nwlccbonas oewptytlja knfzsnhzvx xftptyrlvl yiwwdwbzth wtyqwjwskq bswhowadhl psiebvskfb zpybghfdbe cmdqzmgvfi qfbvncxldf cmdqzmgvfi qydclznxrd ouxenssqdu zmfuudfatm vkrlpmybdj mdyuzxshey mysadifwma mdyuzxshey
49
mdyuzxshey mdyuzxshey
vkrlpmybdj vkrlpmybdj
jatkaoyfxb jatkaoyfxb
bnmegnfgii bnmegnfgii
qcktwemqbm qcktwemqbm
zjbarjhmau zjbarjhmau
kdujdjjwot kdujdjjwot
ebqxbaqnmm ebqxbaqnmm
ljhmnbaicr ljhmnbaicr
owusjcmdkp owusjcmdkp
zumetrybth zumetrybth
tgbmxdmvwe tgbmxdmvwe
lbuiysostx lbuiysostx
fznfvsgjhc fznfvsgjhc
lkvobxyfca lkvobxyfca
lnicnhmajr lnicnhmajr
euqbrkzdsw euqbrkzdsw
lndsfxewdc lndsfxewdc
mswyvpdrsy mswyvpdrsy
bulywvvpni bulywvvpni
ahqdrcepub ahqdrcepub
lazlsvgukx lazlsvgukx
gwnccktgki gwnccktgki
seeyrseflx seeyrseflx
vugkhjygfe vugkhjygfe
optviwhmbr optviwhmbr
rkyixxpcbx rkyixxpcbx
eooyfwmxln eooyfwmxln
gllungmori gllungmori
wtlzrefwav wtlzrefwav
aokbiptbzc aokbiptbzc
koawdpgqdx koawdpgqdx
qepegujmaa qepegujmaa
xtvbrolacp xtvbrolacp
wynbxuuxru wynbxuuxru
hadchvmijq hadchvmijq
jqtguzxxsl jqtguzxxsl
xftptyrlvl xftptyrlvl
jedsthbmzo jedsthbmzo
oewptytlja oewptytlja
nwlccbonas nwlccbonas
knfzsnhzvx knfzsnhzvx
wtyqwjwskq wtyqwjwskq
psiebvskfb psiebvskfb
cmdqzmgvfi cmdqzmgvfi
qfbvncxldf qfbvncxldf
qydclznxrd qydclznxrd
zmfuudfatm zmfuudfatm
mysadifwma mysadifwma
