0 40 135 134 40 46 170 171 172 46 58 100 101 58 45 173 174 175 45 41 123 122 41 113 112 41 31 118 119 31 53 178 177 176 53 12 139 138 12 84 132 133 84 145 144 143 84 83 167 168 169 83 90 184 183 182 90 34 120 121 34 26 160 159 158 26 25 124 125 25 49 196 195 194 49 38 146 147 148 38 87 149 150 151 87 94 127 126 94 60 108 109 60 129 128 60 69 111 110 69 44 104 105 44 39 106 107 39 1 155 156 157 1 21 142 141 140 21 54 193 192 191 54 10 199 198 197 10 114 115 10 18 102 103 18 9 163 162 161 9 57 188 189 190 57 136 137 57 47 164 165 166 47 152 153 154 47 78 185 186 187 78 5 116 117 5 11 181 180 179 11 131 130 11 0
100
135 135
134 134
170 170
171 171
172 172
100 100
101 101
173 173
174 174
175 175
123 123
122 122
113 113
112 112
118 118
119 119
178 178
177 177
176 176
139 139
138 138
132 132
133 133
145 145
144 144
143 143
167 167
168 168
169 169
184 184
183 183
182 182
120 120
121 121
160 160
159 159
158 158
124 124
125 125
196 196
195 195
194 194
146 146
147 147
148 148
149 149
150 150
151 151
127 127
126 126
108 108
109 109
129 129
128 128
111 111
110 110
104 104
105 105
106 106
107 107
155 155
156 156
157 157
142 142
141 141
140 140
193 193
192 192
191 191
199 199
198 198
197 197
114 114
115 115
102 102
103 103
163 163
162 162
161 161
188 188
189 189
190 190
136 136
137 137
164 164
165 165
166 166
152 152
153 153
154 154
185 185
186 186
187 187
116 116
117 117
181 181
180 180
179 179
131 131
130 130
