0 10 13 10 12 11 12 81 82 80 83 80 39 84 79 54 44 89 90 92 90 87 86 87 85 77 76 77 85 30 33 30 4 40 5 7 71 7 5 8 5 95 97 96 67 68 32 31 32 49 17 16 17 15 18 15 20 23 20 65 25 28 25 29 94 99 52 51 52 98 42 58 55 57 55 35 37 88 47 46 47 45 48 45 60 63 60 0
50
13 13
11 11
81 81
82 82
80 80
83 83
39 39
84 84
79 79
54 54
44 44
89 89
90 90
92 92
86 86
85 85
76 76
33 33
4 4
40 40
5 5
71 71
8 8
97 97
67 67
68 68
32 32
31 31
49 49
16 16
18 18
20 20
23 23
65 65
28 28
29 29
94 94
99 99
52 52
51 51
42 42
58 58
55 55
57 57
37 37
88 88
46 46
48 48
60 60
63 63
