0 3 0 75 78 75 185 187 186 42 41 42 40 43 40 160 162 161 162 160 137 136 137 166 117 168 165 154 84 82 108 102 101 77 116 117 128 125 74 134 39 35 38 35 37 36 37 35 20 150 152 151 122 120 114 64 124 179 189 182 181 182 180 183 47 120 123 67 66 12 11 12 10 13 2 28 25 90 92 91 92 191 192 190 159 149 104 17 16 17 113 110 57 56 57 110 105 99 115 118 27 65 68 65 30 32 58 55 145 148 145 95 97 95 87 85 15 100 44 139 129 72 129 170 172 170 94 54 69 184 79 135 52 135 138 135 195 197 195 144 140 142 141 132 131 132 130 133 130 0
100
3 3
78 78
187 187
186 186
42 42
41 41
43 43
160 160
161 161
136 136
166 166
168 168
154 154
82 82
108 108
102 102
101 101
116 116
128 128
125 125
74 74
134 134
39 39
35 35
38 38
37 37
36 36
20 20
152 152
122 122
120 120
114 114
64 64
124 124
179 179
189 189
182 182
181 181
180 180
183 183
47 47
123 123
67 67
66 66
12 12
11 11
13 13
2 2
28 28
25 25
92 92
91 91
192 192
159 159
149 149
104 104
17 17
16 16
113 113
110 110
57 57
56 56
105 105
99 99
118 118
27 27
65 65
68 68
30 30
32 32
58 58
55 55
145 145
148 148
95 95
97 97
87 87
15 15
100 100
44 44
139 139
129 129
72 72
172 172
94 94
54 54
69 69
184 184
79 79
135 135
52 52
138 138
195 195
197 197
144 144
142 142
141 141
132 132
131 131
133 133
