0 42 41 77 36 77 84 81 56 35 20 63 80 32 78 9 78 99 86 99 27 39 65 46 155 38 46 87 5 62 17 89 17 70 94 23 60 55 76 28 76 33 72 29 14 144 52 73 64 11 34 1 45 161 44 176 97 31 97 58 3 15 25 67 19 30 2 10 83 10 43 74 47 37 95 4 66 191 71 21 13 21 93 96 6 85 16 85 75 79 90 12 113 135 82 50 22 51 92 104 24 59 26 69 40 8 88 98 61 100 48 18 177 54 7 57 49 53 68 91 0
100
42 42
41 41
77 77
36 36
84 84
81 81
56 56
35 35
20 20
63 63
80 80
32 32
78 78
9 9
99 99
86 86
27 27
39 39
65 65
46 46
38 38
87 87
5 5
62 62
17 17
89 89
70 70
94 94
23 23
60 60
55 55
76 76
28 28
33 33
72 72
29 29
14 14
52 52
73 73
64 64
11 11
34 34
1 1
45 45
44 44
97 97
31 31
58 58
3 3
15 15
25 25
67 67
19 19
30 30
2 2
10 10
83 83
43 43
74 74
47 47
37 37
95 95
4 4
66 66
71 71
21 21
13 13
93 93
96 96
6 6
85 85
16 16
75 75
79 79
90 90
12 12
82 82
50 50
22 22
51 51
92 92
24 24
59 59
26 26
69 69
40 40
8 8
88 88
98 98
61 61
100 100
48 48
18 18
54 54
7 7
57 57
49 49
53 53
68 68
91 91
