0 182 27 32 27 33 27 30 27 29 27 28 27 31 27 34 37 34 36 34 35 34 133 134 38 39 38 132 40 41 40 42 40 43 40 131 44 45 44 46 44 135 138 1 13 1 2 1 3 1 4 1 139 141 5 6 5 7 5 8 5 9 5 10 5 24 25 24 26 24 144 20 21 20 23 20 22 20 146 145 14 16 14 17 14 19 14 18 14 15 14 147 149 11 12 11 150 152 151 60 66 60 65 60 64 60 63 60 62 60 61 60 153 57 59 57 58 57 54 56 54 55 54 154 155 52 53 52 156 47 51 47 50 47 49 47 48 47 157 159 160 120 130 120 129 120 128 120 127 120 126 120 125 120 124 120 123 120 122 120 121 120 162 163 67 68 67 69 67 70 67 71 67 164 72 73 72 74 72 75 72 165 76 77 76 78 76 79 76 166 167 80 85 80 84 80 83 80 82 80 81 80 92 93 92 86 87 86 88 86 168 89 91 89 90 89 169 94 96 94 95 94 101 94 100 94 99 94 98 94 97 94 102 105 102 103 102 104 102 171 170 172 175 106 108 106 107 106 110 106 109 106 176 111 113 111 112 111 114 117 114 116 114 115 114 118 119 118 177 178 179 181 182 0
100
32 32
33 33
30 30
29 29
28 28
31 31
37 37
36 36
35 35
39 39
41 41
42 42
43 43
45 45
46 46
13 13
2 2
3 3
4 4
6 6
7 7
8 8
9 9
10 10
25 25
26 26
21 21
23 23
22 22
16 16
17 17
19 19
18 18
15 15
12 12
66 66
65 65
64 64
63 63
62 62
61 61
59 59
58 58
56 56
55 55
53 53
51 51
50 50
49 49
48 48
130 130
129 129
128 128
127 127
126 126
125 125
124 124
123 123
122 122
121 121
68 68
69 69
70 70
71 71
73 73
74 74
75 75
77 77
78 78
79 79
85 85
84 84
83 83
82 82
81 81
93 93
87 87
88 88
91 91
90 90
96 96
95 95
101 101
100 100
99 99
98 98
97 97
105 105
103 103
104 104
108 108
107 107
110 110
109 109
113 113
112 112
117 117
116 116
115 115
119 119
