3Yw8H hQySr ycoh0 miscC EvuAH ycoh0 hQySr KHHwN xNFYO 3Yw8H cvjQc JYR5M cvjQc CmuV1 zSmKp QUkKU BSqOv 9e1Io BSqOv P18zR x5InZ 5PNx4 EQJ7U vN0gV TT3Hk iaf34 EQJ7U 8MJwv EQJ7U Z7joj M5wZP Z7joj Jcs3B s8jhm 5ayvc OhHc9 5ayvc s8jhm w0i4E s8jhm RTNKK Vm2RV Tz4zy fEdtk EQJ7U IWj7Z 3Yw8H
25
3Yw8H 3Yw8H
ycoh0 ycoh0
miscC miscC
EvuAH EvuAH
KHHwN KHHwN
xNFYO xNFYO
cvjQc cvjQc
JYR5M JYR5M
zSmKp zSmKp
QUkKU QUkKU
BSqOv BSqOv
9e1Io 9e1Io
P18zR P18zR
5PNx4 5PNx4
vN0gV vN0gV
TT3Hk TT3Hk
iaf34 iaf34
8MJwv 8MJwv
Z7joj Z7joj
M5wZP M5wZP
OhHc9 OhHc9
w0i4E w0i4E
RTNKK RTNKK
Vm2RV Vm2RV
Tz4zy Tz4zy
