1 86 92 174 71 121 36 140 82 190 152 129 182 194 99 56 176 96 18 26 64 83 66 110 52 89 95 147 142 51 42 186 43 14 5 15 97 49 37 84 23 12 103 60 3 159 136 98 185 175 46 137 31 162 157 138 115 153 119 105 156 108 57 116 88 101 193 161 13 53 90 58 163 7 93 127 78 132 199 130 128 91 1
78
86 86
92 92
174 174
71 71
121 121
36 36
140 140
82 82
190 190
152 152
129 129
182 182
194 194
99 99
56 56
176 176
96 96
18 18
26 26
64 64
83 83
66 66
110 110
52 52
89 89
95 95
147 147
142 142
51 51
42 42
186 186
43 43
14 14
15 15
49 49
84 84
23 23
12 12
103 103
60 60
3 3
159 159
136 136
98 98
185 185
175 175
46 46
137 137
31 31
162 162
157 157
138 138
115 115
153 153
119 119
105 105
156 156
108 108
57 57
116 116
88 88
101 101
193 193
161 161
13 13
53 53
90 90
58 58
163 163
7 7
93 93
127 127
78 78
132 132
199 199
130 130
128 128
91 91
