Taozhuang Chharra Ilesa Uran Jinotepe Uran Pottstown Uran Fort Oulmes Gua Middle Besuki Chharra Wesseling Chharra Jackson Rosedale New Ulu Freetown Southsea Calauan Southsea Sarandi Ramla Azrou Hechingen Boo Donggongon Caravaca Vernon Severodvinsk Vernon Jingzhou Bhit Gauting Rutherglen Rafiganj Villa Cibinong Villa Nonsan Waverly Strathfield Bourbonnais Esmeraldas Aytos Gudermes Memmingen Alatyr Kallio Somma Bang Esperanza Tupelo Sicklerville Artur Camayenne Bhit Durazno Bhit Carnot Udumalaippettai Norco Longgang Bhit Taozhuang
50
Taozhuang Taozhuang
Ilesa Ilesa
Uran Uran
Jinotepe Jinotepe
Pottstown Pottstown
Fort Fort
Oulmes Oulmes
Middle Middle
Besuki Besuki
Wesseling Wesseling
Jackson Jackson
Rosedale Rosedale
New New
Ulu Ulu
Freetown Freetown
Calauan Calauan
Sarandi Sarandi
Ramla Ramla
Azrou Azrou
Hechingen Hechingen
Boo Boo
Donggongon Donggongon
Caravaca Caravaca
Severodvinsk Severodvinsk
Jingzhou Jingzhou
Gauting Gauting
Rutherglen Rutherglen
Rafiganj Rafiganj
Villa Villa
Cibinong Cibinong
Nonsan Nonsan
Waverly Waverly
Strathfield Strathfield
Bourbonnais Bourbonnais
Esmeraldas Esmeraldas
Aytos Aytos
Gudermes Gudermes
Memmingen Memmingen
Alatyr Alatyr
Kallio Kallio
Somma Somma
Bang Bang
Esperanza Esperanza
Tupelo Tupelo
Sicklerville Sicklerville
Artur Artur
Camayenne Camayenne
Durazno Durazno
Udumalaippettai Udumalaippettai
Longgang Longgang
