create top scrap cancel company childish contract absorption hide merit skip tin linear celebration basketball farewell crew accessible nationalism perception direct exotic minimize adult community maze appear feign creation pride dose belief think steward predict suffer prove line colon concern battery breakin deck pupil mechanism transmission fuss pastel bracket ballot magnitude create
50
top top
scrap scrap
cancel cancel
company company
childish childish
contract contract
absorption absorption
hide hide
merit merit
skip skip
tin tin
linear linear
celebration celebration
basketball basketball
farewell farewell
crew crew
accessible accessible
nationalism nationalism
perception perception
direct direct
exotic exotic
minimize minimize
adult adult
community community
maze maze
appear appear
feign feign
creation creation
pride pride
dose dose
belief belief
think think
steward steward
predict predict
suffer suffer
prove prove
line line
colon colon
concern concern
battery battery
breakin breakin
deck deck
pupil pupil
mechanism mechanism
transmission transmission
fuss fuss
pastel pastel
bracket bracket
ballot ballot
magnitude magnitude
