1 76 77 78 79 80 79 78 77 76 1 72 75 74 73 72 1 68 71 70 69 68 1 110 113 112 111 110 1 106 109 108 107 106 1 26 27 28 29 30 29 28 27 26 1 22 25 24 23 22 1 18 21 20 19 18 1 14 17 16 15 14 1 10 12 11 13 10 1 6 9 8 7 6 1 2 5 4 3 2 1 100 101 102 103 104 105 102 101 100 1 50 51 52 53 54 55 52 51 50 1 56 57 58 59 56 1 60 63 61 62 60 1 156 159 158 157 156 1 150 151 152 155 154 153 152 151 150 1 126 127 128 129 130 129 128 127 126 1 122 125 124 123 122 1 118 121 120 119 118 1 114 117 116 115 114 1 64 67 66 65 64 1 160 163 161 162 160 1 164 165 166 167 164 1 168 169 170 171 168 1 172 173 174 175 172 1 176 177 178 179 180 179 178 177 176 1
80
78 78
80 80
75 75
74 74
73 73
71 71
70 70
69 69
113 113
112 112
111 111
109 109
108 108
107 107
28 28
30 30
25 25
24 24
23 23
21 21
20 20
19 19
17 17
16 16
15 15
12 12
11 11
13 13
9 9
8 8
7 7
5 5
4 4
3 3
103 103
104 104
105 105
53 53
54 54
55 55
57 57
58 58
59 59
63 63
61 61
62 62
159 159
158 158
157 157
155 155
154 154
153 153
128 128
130 130
125 125
124 124
123 123
121 121
120 120
119 119
117 117
116 116
115 115
67 67
66 66
65 65
163 163
161 161
162 162
165 165
166 166
167 167
169 169
170 170
171 171
173 173
174 174
175 175
178 178
180 180
