0 95 20 85 66 40 46 42 97 83 24 19 29 98 89 53 77 8 15 51 72 52 14 33 38 37 34 58 67 80 45 64 54 65 69 70 31 57 25 9 6 68 60 22 91 96 94 12 56 73 59 92 93 76 44 50 5 90 10 30 23 28 74 4 82 18 47 35 2 43 7 32 84 36 27 13 86 87 49 3 26 78 16 21 39 17 75 88 48 61 41 71 81 11 99 1 62 55 63 79 0
100
0 0
95 95
20 20
85 85
66 66
40 40
46 46
42 42
97 97
83 83
24 24
19 19
29 29
98 98
89 89
53 53
77 77
8 8
15 15
51 51
72 72
52 52
14 14
33 33
38 38
37 37
34 34
58 58
67 67
80 80
45 45
64 64
54 54
65 65
69 69
70 70
31 31
57 57
25 25
9 9
6 6
68 68
60 60
22 22
91 91
96 96
94 94
12 12
56 56
73 73
59 59
92 92
93 93
76 76
44 44
50 50
5 5
90 90
10 10
30 30
23 23
28 28
74 74
4 4
82 82
18 18
47 47
35 35
2 2
43 43
7 7
32 32
84 84
36 36
27 27
13 13
86 86
87 87
49 49
3 3
26 26
78 78
16 16
21 21
39 39
17 17
75 75
88 88
48 48
61 61
41 41
71 71
81 81
11 11
99 99
1 1
62 62
55 55
63 63
79 79
