start c3 c1 c3 c5 c3 c8 c9 c10 c13 c15 c13 c12 c11 c20 c17 c20 c21 c23 c30 c29 c28 c26 c27 c31 c33 c31 c35 c36 c20 c11 c8 c3 start g4 g1 g4 g3 start h1 h8 h9 h10 h11 h12 h13 h12 h16 h17 h6 h18 h19 h21 h22 h4 h23 h24 h25 h3 h26 h2 start g8 g10 g11 g14 g19 g23 g18 g23 g19 g24 g21 g25 g22 g25 g21 g17 g13 g16 g20 g15 g12 g9 g7 g6 g2 g5 start b16 b17 b18 b23 b27 b26 b27 b23 b18 b19 b20 b24 b20 b21 b22 b15 b22 b21 b25 b21 b20 b19 b18 b17 b16 b10 b11 b12 b13 b14 b6 b14 b13 b5 b13 b12 b4 b12 b11 b3 b11 b10 b9 b8 b2 b8 b7 b1 b7 b8 b9 b10 b16 start d1 d2 d4 d5 d6 d3 start e1 e18 e25 e15 e24 e12 e23 e10 e22 e8 e6 e4 e21 e4 e3 e20 e2 e19 e1 start a5 a4 a3 a2 a1 start f14 f9 f18 f19 f20 f10 f14 f7 f17 f16 f15 f5 f13 f12 f11 start
79
c1 c1
c5 c5
c10 c10
c13 c13
c15 c15
c17 c17
c21 c21
c23 c23
c26 c26
c27 c27
c31 c31
c33 c33
g4 g4
g1 g1
g3 g3
h9 h9
h13 h13
h17 h17
h18 h18
h22 h22
h24 h24
h26 h26
g8 g8
g10 g10
g11 g11
g14 g14
g19 g19
g23 g23
g18 g18
g24 g24
g21 g21
g25 g25
g22 g22
g17 g17
g13 g13
g16 g16
g20 g20
g15 g15
g12 g12
g9 g9
g7 g7
g6 g6
g2 g2
g5 g5
b26 b26
b24 b24
b15 b15
b25 b25
b6 b6
b5 b5
b4 b4
b3 b3
b2 b2
b1 b1
d1 d1
d4 d4
d5 d5
e25 e25
e24 e24
e23 e23
e22 e22
e21 e21
e20 e20
e19 e19
a5 a5
a4 a4
a3 a3
a2 a2
a1 a1
f14 f14
f18 f18
f19 f19
f20 f20
f17 f17
f16 f16
f15 f15
f13 f13
f12 f12
f11 f11
