Qatar Australia Burundi SanMarino Netherlands Mali Armenia Mozambique Sweden Albania Nicaragua Andorra France SierraLeone Tunisia RussianFederation Tuvalu Lebanon Estonia Haiti SaintLucia Mongolia Morocco UAE DemofChina Egypt America Guyana CzechRepublic Danzig Gabon Senegal Malta Montenegro Belgium Tajikistan Singapore Kyrgyzstan UnitedKingdom Peru Belarus CostaRica Kosovo Liberia VaticanCity GuineaBissau Angola Tanzania Uzbekistan Georgia Macedonia Qatar
50
Australia Australia
Burundi Burundi
SanMarino SanMarino
Netherlands Netherlands
Mali Mali
Armenia Armenia
Mozambique Mozambique
Sweden Sweden
Albania Albania
Nicaragua Nicaragua
Andorra Andorra
France France
SierraLeone SierraLeone
Tunisia Tunisia
RussianFederation RussianFederation
Tuvalu Tuvalu
Lebanon Lebanon
Estonia Estonia
Haiti Haiti
SaintLucia SaintLucia
Mongolia Mongolia
Morocco Morocco
UAE UAE
DemofChina DemofChina
Egypt Egypt
America America
Guyana Guyana
CzechRepublic CzechRepublic
Danzig Danzig
Gabon Gabon
Senegal Senegal
Malta Malta
Montenegro Montenegro
Belgium Belgium
Tajikistan Tajikistan
Singapore Singapore
Kyrgyzstan Kyrgyzstan
UnitedKingdom UnitedKingdom
Peru Peru
Belarus Belarus
CostaRica CostaRica
Kosovo Kosovo
Liberia Liberia
VaticanCity VaticanCity
GuineaBissau GuineaBissau
Angola Angola
Tanzania Tanzania
Uzbekistan Uzbekistan
Georgia Georgia
Macedonia Macedonia
