Albania Greece Grenada Dominica Israel Poland SolomonIslands Tunisia Jamaica Mauritania Philippines TheGambia Germany SriLanka UAE Guatemala Thailand Maldives Slovenia Togo Bahamas Bulgaria Paraguay Burkina Japan Brazil France Kiribati Ukraine Lithuania Suriname Eritrea SaintLucia UnitedKingdom Panama NewZealand Finland CapeVerde Algeria Mali Norway Nepal Estonia Laos BosHerzegovina Newfoundland Rome Djibouti Cambodia CentralAfricanRep IvoryCoast Venezuela Rwanda PapuaNewGuinea Yemen Cyprus Seychelles Luxembourg SaoTomPrincipe Bhutan Ethiopia EquatorGuinea NorthKorea Kazakhstan Italy Fiji Burma Romania Kosovo Liechtenstein SaudiArabia Tanzania Malaysia America VaticanCity Comoros Australia MountAthos Belarus RussianFederation Argentina Qatar Danzig Portugal Latvia Niger Gabon Peru Mongolia Mauritius Hungary Switzerland Pakistan SierraLeone Cuba Vanuatu SaintKitts Lesotho Serbia Chile Andorra Albania
100
Greece Greece
Grenada Grenada
Dominica Dominica
Israel Israel
Poland Poland
SolomonIslands SolomonIslands
Tunisia Tunisia
Jamaica Jamaica
Mauritania Mauritania
Philippines Philippines
TheGambia TheGambia
Germany Germany
SriLanka SriLanka
UAE UAE
Guatemala Guatemala
Thailand Thailand
Maldives Maldives
Slovenia Slovenia
Togo Togo
Bahamas Bahamas
Bulgaria Bulgaria
Paraguay Paraguay
Burkina Burkina
Japan Japan
Brazil Brazil
France France
Kiribati Kiribati
Ukraine Ukraine
Lithuania Lithuania
Suriname Suriname
Eritrea Eritrea
SaintLucia SaintLucia
UnitedKingdom UnitedKingdom
Panama Panama
NewZealand NewZealand
Finland Finland
CapeVerde CapeVerde
Algeria Algeria
Mali Mali
Norway Norway
Nepal Nepal
Estonia Estonia
Laos Laos
BosHerzegovina BosHerzegovina
Newfoundland Newfoundland
Rome Rome
Djibouti Djibouti
Cambodia Cambodia
CentralAfricanRep CentralAfricanRep
IvoryCoast IvoryCoast
Venezuela Venezuela
Rwanda Rwanda
PapuaNewGuinea PapuaNewGuinea
Yemen Yemen
Cyprus Cyprus
Seychelles Seychelles
Luxembourg Luxembourg
SaoTomPrincipe SaoTomPrincipe
Bhutan Bhutan
Ethiopia Ethiopia
EquatorGuinea EquatorGuinea
NorthKorea NorthKorea
Kazakhstan Kazakhstan
Italy Italy
Fiji Fiji
Burma Burma
Romania Romania
Kosovo Kosovo
Liechtenstein Liechtenstein
SaudiArabia SaudiArabia
Tanzania Tanzania
Malaysia Malaysia
America America
VaticanCity VaticanCity
Comoros Comoros
Australia Australia
MountAthos MountAthos
Belarus Belarus
RussianFederation RussianFederation
Argentina Argentina
Qatar Qatar
Danzig Danzig
Portugal Portugal
Latvia Latvia
Niger Niger
Gabon Gabon
Peru Peru
Mongolia Mongolia
Mauritius Mauritius
Hungary Hungary
Switzerland Switzerland
Pakistan Pakistan
SierraLeone SierraLeone
Cuba Cuba
Vanuatu Vanuatu
SaintKitts SaintKitts
Lesotho Lesotho
Serbia Serbia
Chile Chile
Andorra Andorra
