Nepal Tanzania Georgia SriLanka Liechtenstein Argentina Belarus Azerbaijan Ecuador Estonia UAE Serbia Vietnam Niger Palau Mauritius Kuwait Tajikistan NewZealand Slovakia Afghanistan Panama Fiji Botswana Suriname MarshallIslands TheGambia VaticanCity SaintLucia Nepal
25
Tanzania Tanzania
Georgia Georgia
Liechtenstein Liechtenstein
Argentina Argentina
Belarus Belarus
Azerbaijan Azerbaijan
Estonia Estonia
UAE UAE
Serbia Serbia
Vietnam Vietnam
Niger Niger
Palau Palau
Mauritius Mauritius
Kuwait Kuwait
Tajikistan Tajikistan
NewZealand NewZealand
Slovakia Slovakia
Afghanistan Afghanistan
Panama Panama
Fiji Fiji
Botswana Botswana
Suriname Suriname
MarshallIslands MarshallIslands
VaticanCity VaticanCity
SaintLucia SaintLucia
