55 91 16 173 177 162 177 45 151 12 117 189 71 137 111 137 83 190 159 59 186 33 48 115 63 106 29 158 113 114 28 172 8 53 127 54 9 67 76 119 152 30 126 164 27 170 160 136 124 105 134 116 32 150 49 41 148 109 175 74 143 77 69 107 157 153 78 153 184 163 10 133 58 166 140 43 66 174 26 88 80 86 188 171 149 20 161 11 168 118 81 14 36 14 17 131 185 75 85 56 90 146 181 42 40 97 62 179 122 15 135 15 13 61 101 182 57 55
96
91 91
16 16
173 173
177 177
162 162
45 45
151 151
12 12
189 189
71 71
137 137
111 111
83 83
159 159
59 59
186 186
33 33
48 48
115 115
63 63
106 106
29 29
158 158
113 113
114 114
172 172
8 8
53 53
54 54
9 9
67 67
76 76
119 119
152 152
30 30
126 126
27 27
170 170
160 160
105 105
134 134
116 116
32 32
150 150
49 49
41 41
148 148
109 109
175 175
74 74
77 77
107 107
153 153
78 78
184 184
163 163
133 133
58 58
166 166
140 140
43 43
66 66
26 26
88 88
80 80
86 86
188 188
171 171
149 149
20 20
11 11
168 168
118 118
81 81
36 36
17 17
131 131
185 185
85 85
56 56
90 90
146 146
181 181
42 42
40 40
97 97
62 62
179 179
122 122
15 15
135 135
13 13
61 61
101 101
182 182
57 57
