0 43 0 137 52 137 37 137 0 62 0 123 15 123 0 59 0 86 0 188 171 178 175 91 175 167 153 66 153 73 96 51 6 51 30 103 20 53 57 1 57 16 57 18 82 99 32 25 166 113 90 79 4 171 101 2 27 2 33 7 76 34 125 77 139 12 3 65 102 172 74 33 72 83 72 28 41 46 22 109 5 13 17 33 2 78 2 36 56 174 29 14 61 70 61 185 179 107 142 199 39 199 142 107 81 174 93 38 93 124 99 73 89 26 89 23 89 138 160 94 148 71 67 8 128 45 128 8 149 84 87 85 68 58 68 85 75 11 121 49 40 184 69 184 35 100 134 44 134 100 168 119 98 54 24 63 55 107 47 51 105 19 105 92 17 21 122 10 42 48 42 145 95 147 97 173 88 198 60 141 31 141 64 9 80 9 50 112 0
100
0 0
43 43
52 52
37 37
62 62
15 15
59 59
86 86
91 91
66 66
73 73
96 96
51 51
6 6
30 30
20 20
53 53
57 57
1 1
16 16
18 18
82 82
99 99
32 32
25 25
90 90
79 79
4 4
2 2
27 27
33 33
7 7
76 76
34 34
77 77
12 12
3 3
65 65
74 74
72 72
83 83
28 28
41 41
46 46
22 22
5 5
13 13
17 17
78 78
36 36
56 56
29 29
14 14
61 61
70 70
39 39
81 81
93 93
38 38
89 89
26 26
23 23
94 94
71 71
67 67
8 8
45 45
84 84
87 87
85 85
68 68
58 58
75 75
11 11
49 49
40 40
69 69
35 35
44 44
98 98
54 54
24 24
63 63
55 55
47 47
19 19
92 92
21 21
10 10
42 42
48 48
95 95
97 97
88 88
60 60
31 31
64 64
9 9
80 80
50 50
