3xgrfvks ijgos1ws1o uqc3avv5 okbjywtq4zz9 dooatf4 okbjywtq4zz9 ho87zq94a914a ff6i898nw 1huq1df ifmqwyt6x it92vprqk d8hwo5pi i3la5wvv4 nbvknr y6571 ual3asit ou2rf1qhh 8evxiqgcp69n d3y7jq d5podyx2rn1o m5uyvxo2h lrleda ag29aqlop b9zxvj22sc pxtk2 5ed169a5jrt 45bp6qh 4l424khddum 4418l7vdyv kr5jy4uyjt bt3xcgwcd6c 3xgrfvks
23
uqc3avv5 uqc3avv5
dooatf4 dooatf4
ho87zq94a914a ho87zq94a914a
1huq1df 1huq1df
ifmqwyt6x ifmqwyt6x
it92vprqk it92vprqk
i3la5wvv4 i3la5wvv4
nbvknr nbvknr
ual3asit ual3asit
8evxiqgcp69n 8evxiqgcp69n
d3y7jq d3y7jq
d5podyx2rn1o d5podyx2rn1o
m5uyvxo2h m5uyvxo2h
lrleda lrleda
ag29aqlop ag29aqlop
b9zxvj22sc b9zxvj22sc
pxtk2 pxtk2
5ed169a5jrt 5ed169a5jrt
45bp6qh 45bp6qh
4l424khddum 4l424khddum
4418l7vdyv 4418l7vdyv
kr5jy4uyjt kr5jy4uyjt
bt3xcgwcd6c bt3xcgwcd6c
