Chattanooga ElPaso CorpusChristi TianamenSquare Ontario Thornton Tampa Miramar PortStLucie Vancouver Detroit BatonRouge Bakersfield Carrollton Surprise Anchorage Surprise OverlandPark Scottsdale Tempe Scottsdale Riverside Indianapolis Phoenix LittleRock Shreveport LittleRock CapeCoral Oceanside Fontana Lincoln Madison Joliet SanBernardino Boise SanBernardino Fremont Honolulu SanFrancisco Honolulu Huntsville Tacoma Oxnard Spokane Springfield Berkeley Knoxville WinstonSalem Cincinnati Paterson JerseyCity Mobile Olathe Mobile Midland Dayton ElPaso Denton Gilbert Tallahassee Buffalo Pomona LosAngeles Albuquerque Waco LongBeach GrandPrairie LongBeach Omaha Louisville Jerusalem Orlando Garland Naperville Chicago Portland Glendale SanJose Washington SaintPaul Norfolk Raleigh Norfolk Irvine Syracuse Irvine OklahomaCity SantaAna Killeen Jacksonville Clarksville StPetersburg Sunnyvale SanDiego Charlotte Murfreesboro Salinas GardenGrove Toledo Henderson Orange Aurora Baltimore Lexington Aurora Orange Frisco KansasCity Jackson Brownsville Boston Salem Plano Fresno GrandRapids Fresno Worcester Fresno Corona Lubbock Corona FortWorth Roseville Durham Yonkers Plano Austin DesMoines NewportNews Alexandria NewportNews Minneapolis Newark RanchoCucamonga Akron Hayward SantaClarita NewYork Anaheim MorenoValley Anaheim ChulaVista Arlington McAllen ElkGrove Savannah FortLauderdale Savannah SaltLakeCity Richmond Fayetteville Wichita Memphis SanAntonio Cleveland Chattanooga
100
ElPaso ElPaso
Ontario Ontario
PortStLucie PortStLucie
Vancouver Vancouver
BatonRouge BatonRouge
Bakersfield Bakersfield
Surprise Surprise
Anchorage Anchorage
Scottsdale Scottsdale
Tempe Tempe
Riverside Riverside
Indianapolis Indianapolis
Phoenix Phoenix
LittleRock LittleRock
Shreveport Shreveport
CapeCoral CapeCoral
Oceanside Oceanside
Fontana Fontana
Lincoln Lincoln
Madison Madison
Joliet Joliet
SanBernardino SanBernardino
Boise Boise
Fremont Fremont
Honolulu Honolulu
SanFrancisco SanFrancisco
Tacoma Tacoma
Oxnard Oxnard
Spokane Spokane
Springfield Springfield
Berkeley Berkeley
Knoxville Knoxville
Cincinnati Cincinnati
Paterson Paterson
Olathe Olathe
Midland Midland
Denton Denton
Tallahassee Tallahassee
Buffalo Buffalo
Pomona Pomona
LosAngeles LosAngeles
Waco Waco
GrandPrairie GrandPrairie
Louisville Louisville
Orlando Orlando
Naperville Naperville
Chicago Chicago
Glendale Glendale
SanJose SanJose
Washington Washington
SaintPaul SaintPaul
Raleigh Raleigh
Irvine Irvine
Syracuse Syracuse
SantaAna SantaAna
Jacksonville Jacksonville
SanDiego SanDiego
Charlotte Charlotte
Murfreesboro Murfreesboro
GardenGrove GardenGrove
Toledo Toledo
Henderson Henderson
Orange Orange
Aurora Aurora
Baltimore Baltimore
Lexington Lexington
Frisco Frisco
KansasCity KansasCity
Jackson Jackson
Brownsville Brownsville
Boston Boston
Salem Salem
Plano Plano
GrandRapids GrandRapids
Worcester Worcester
Corona Corona
Lubbock Lubbock
FortWorth FortWorth
Durham Durham
Yonkers Yonkers
Austin Austin
DesMoines DesMoines
NewportNews NewportNews
Alexandria Alexandria
Newark Newark
Akron Akron
Hayward Hayward
SantaClarita SantaClarita
NewYork NewYork
Anaheim Anaheim
ChulaVista ChulaVista
McAllen McAllen
Savannah Savannah
FortLauderdale FortLauderdale
Richmond Richmond
Fayetteville Fayetteville
Wichita Wichita
Memphis Memphis
SanAntonio SanAntonio
Cleveland Cleveland
