0 162 0 161 160 0 92 157 92 158 92 159 2 176 2 164 163 100 43 102 43 101 43 12 178 122 94 121 177 121 94 123 2 196 149 148 195 148 88 150 36 169 109 110 170 110 17 111 17 109 23 118 175 118 119 50 120 50 118 23 109 21 154 93 155 93 156 30 166 165 103 59 105 59 104 30 115 25 117 25 116 174 116 25 115 173 115 30 136 85 138 85 137 188 187 136 24 107 168 167 106 31 108 31 78 91 135 91 66 41 181 182 181 127 77 128 77 129 41 184 131 95 132 95 130 183 38 126 97 124 125 180 179 33 186 134 91 133 185 33 18 147 80 145 193 194 146 7 153 51 151 152 198 197 27 112 171 112 113 172 113 35 114 35 64 60 142 191 192 143 60 144 60 96 140 190 140 96 141 96 139 189 30 65 92 0
99
162 162
161 161
160 160
157 157
158 158
159 159
176 176
164 164
163 163
100 100
102 102
101 101
178 178
122 122
121 121
177 177
123 123
196 196
149 149
148 148
195 195
150 150
169 169
109 109
110 110
170 170
111 111
118 118
175 175
119 119
120 120
154 154
155 155
156 156
166 166
165 165
103 103
105 105
104 104
115 115
117 117
116 116
174 174
173 173
136 136
138 138
137 137
188 188
187 187
107 107
168 168
167 167
106 106
108 108
135 135
181 181
182 182
127 127
128 128
129 129
184 184
131 131
132 132
130 130
183 183
126 126
124 124
125 125
180 180
179 179
186 186
134 134
133 133
185 185
147 147
145 145
193 193
194 194
146 146
153 153
151 151
152 152
198 198
197 197
112 112
171 171
113 113
172 172
114 114
142 142
191 191
192 192
143 143
144 144
140 140
190 190
141 141
139 139
189 189
