5 94 39 92 39 89 154 187 74 170 136 117 83 104 171 112 186 133 68 195 56 118 113 197 61 138 55 102 158 80 158 2 90 159 90 149 28 180 65 30 25 105 17 66 75 109 84 168 18 192 96 175 22 175 96 155 40 123 62 34 138 116 134 50 134 71 119 71 178 70 26 35 188 35 135 86 44 86 85 184 196 77 143 77 189 103 189 186 140 164 29 193 38 58 152 58 109 151 19 81 76 156 15 119 67 41 67 119 43 47 45 14 45 10 112 82 129 146 129 82 154 46 48 122 166 32 166 199 53 110 53 199 48 54 126 162 52 121 157 121 34 9 34 138 69 153 69 183 51 194 191 74 31 74 16 190 18 192 100 78 179 161 99 1 101 174 27 0 37 177 37 64 130 150 91 36 11 20 94 165 173 165 63 165 42 137 33 4 5
100
39 39
92 92
154 154
187 187
170 170
83 83
104 104
171 171
133 133
68 68
56 56
61 61
138 138
55 55
102 102
158 158
80 80
2 2
159 159
149 149
28 28
180 180
25 25
105 105
17 17
75 75
168 168
18 18
192 192
96 96
22 22
123 123
34 34
116 116
50 50
71 71
178 178
26 26
188 188
135 135
44 44
85 85
184 184
196 196
77 77
143 143
189 189
103 103
140 140
164 164
193 193
58 58
152 152
151 151
81 81
76 76
156 156
67 67
41 41
43 43
47 47
14 14
10 10
146 146
46 46
48 48
122 122
32 32
199 199
53 53
110 110
162 162
52 52
157 157
9 9
69 69
153 153
183 183
51 51
194 194
31 31
16 16
100 100
78 78
179 179
99 99
1 1
101 101
174 174
37 37
177 177
64 64
91 91
11 11
20 20
173 173
63 63
42 42
137 137
33 33
