Latias Shelgon Dartrix Keldeo Luvdisc Petilil Staryu Infernape Scolipede Bounsweet Wurmple Exeggutor Relicanth Elgyem Charmeleon Golisopod Vibrava Primeape Palkia Talonflame Noivern Reshiram Raticate Magearna Jigglypuff Toxicroak Latias
25
Shelgon Shelgon
Dartrix Dartrix
Keldeo Keldeo
Luvdisc Luvdisc
Petilil Petilil
Staryu Staryu
Infernape Infernape
Scolipede Scolipede
Bounsweet Bounsweet
Wurmple Wurmple
Exeggutor Exeggutor
Relicanth Relicanth
Elgyem Elgyem
Charmeleon Charmeleon
Golisopod Golisopod
Vibrava Vibrava
Primeape Primeape
Palkia Palkia
Talonflame Talonflame
Noivern Noivern
Reshiram Reshiram
Raticate Raticate
Magearna Magearna
Jigglypuff Jigglypuff
Toxicroak Toxicroak
