BerkeleyArtMuseumand LegendsAquaticCenter BerkeleyArtMuseumand LawSchool ArchitectsEngineersA CareerCenter WarrenHall ChancellorsEsplanade HaasSchoolofBusiness McConeHall AnthonyHall BarrowsHall LiKaShingCenter BancroftDanceStudio HavilandHall MariesHouse AcademicInnovationSt InsectaryGreenhouse NorthField KoshlandHall SimpsonCenterforStud LatinAmericanStudies PacificFilmArchiveBe ObservatoryHill GolbousPlace GraduateTheologicalU EllsworthParkingStru CheitHall UpperHearstParkingSt EnergyBiosciencesBui BowlesHall ManvilleHall CaliforniaHall BanwayBuilding MaxwellFamilyFieldan SimonHall Unit1ResidentHall InternationalHouse LowerHearstParkingSt FoxCottage2350Bowdit EastAsianStudiesInst MagnesCollectionofJe AHammock NaturalResourcesLabo WellmanHall InvestigativeReporti ZellerbachHall EdwardsTrackStadiumG GianniniHall CesarEChavezStudentC HenryHWheelerBrainIm FacultyClub ClarkKerrCampus LeConteHall HearstMemorialMining GoldmanField MartinezCommons LawrenceBerkeleyNati KoretVisitorCenter MathematicalSciences MosesHall StanleyHall UniversityHealthServ CoryHall EvansHall SutardjaDaiHall Sebastians FacultyGlade McLaughlinHall MorrisonHall PublicAffairsOfficeo AlumniHouse Library Demography EvansDiamond IRLE UniversityHouse LawrenceHallofScienc SpiekerAquaticsCompl MulfordHall FallProgramforFreshm SatherTower BancroftLibrary BerkeleyArtMuseumand
82
BerkeleyArtMuseumand BerkeleyArtMuseumand
LegendsAquaticCenter LegendsAquaticCenter
LawSchool LawSchool
ArchitectsEngineersA ArchitectsEngineersA
CareerCenter CareerCenter
WarrenHall WarrenHall
ChancellorsEsplanade ChancellorsEsplanade
HaasSchoolofBusiness HaasSchoolofBusiness
McConeHall McConeHall
AnthonyHall AnthonyHall
BarrowsHall BarrowsHall
LiKaShingCenter LiKaShingCenter
BancroftDanceStudio BancroftDanceStudio
HavilandHall HavilandHall
MariesHouse MariesHouse
AcademicInnovationSt AcademicInnovationSt
InsectaryGreenhouse InsectaryGreenhouse
NorthField NorthField
KoshlandHall KoshlandHall
SimpsonCenterforStud SimpsonCenterforStud
LatinAmericanStudies LatinAmericanStudies
PacificFilmArchiveBe PacificFilmArchiveBe
ObservatoryHill ObservatoryHill
GolbousPlace GolbousPlace
GraduateTheologicalU GraduateTheologicalU
EllsworthParkingStru EllsworthParkingStru
CheitHall CheitHall
UpperHearstParkingSt UpperHearstParkingSt
EnergyBiosciencesBui EnergyBiosciencesBui
BowlesHall BowlesHall
ManvilleHall ManvilleHall
CaliforniaHall CaliforniaHall
BanwayBuilding BanwayBuilding
MaxwellFamilyFieldan MaxwellFamilyFieldan
SimonHall SimonHall
Unit1ResidentHall Unit1ResidentHall
InternationalHouse InternationalHouse
LowerHearstParkingSt LowerHearstParkingSt
FoxCottage2350Bowdit FoxCottage2350Bowdit
EastAsianStudiesInst EastAsianStudiesInst
MagnesCollectionofJe MagnesCollectionofJe
AHammock AHammock
NaturalResourcesLabo NaturalResourcesLabo
WellmanHall WellmanHall
InvestigativeReporti InvestigativeReporti
ZellerbachHall ZellerbachHall
EdwardsTrackStadiumG EdwardsTrackStadiumG
GianniniHall GianniniHall
CesarEChavezStudentC CesarEChavezStudentC
HenryHWheelerBrainIm HenryHWheelerBrainIm
FacultyClub FacultyClub
ClarkKerrCampus ClarkKerrCampus
LeConteHall LeConteHall
HearstMemorialMining HearstMemorialMining
GoldmanField GoldmanField
MartinezCommons MartinezCommons
LawrenceBerkeleyNati LawrenceBerkeleyNati
KoretVisitorCenter KoretVisitorCenter
MathematicalSciences MathematicalSciences
MosesHall MosesHall
StanleyHall StanleyHall
UniversityHealthServ UniversityHealthServ
CoryHall CoryHall
EvansHall EvansHall
SutardjaDaiHall SutardjaDaiHall
Sebastians Sebastians
FacultyGlade FacultyGlade
McLaughlinHall McLaughlinHall
MorrisonHall MorrisonHall
PublicAffairsOfficeo PublicAffairsOfficeo
AlumniHouse AlumniHouse
Library Library
Demography Demography
EvansDiamond EvansDiamond
IRLE IRLE
UniversityHouse UniversityHouse
LawrenceHallofScienc LawrenceHallofScienc
SpiekerAquaticsCompl SpiekerAquaticsCompl
MulfordHall MulfordHall
FallProgramforFreshm FallProgramforFreshm
SatherTower SatherTower
BancroftLibrary BancroftLibrary
