Clearnesse Ironshore Violetley Westvale Courtcastle Corbank Woodice Valhaven Foxvale Morwald Marbleiron Foxhaven Ironriver Goldwyvern Esterfall Oakmere Dellwyn Oldmoor Morwall Butterbush Newby Buttermead Courtwall Eriwall Freyview Clearnesse
25
Clearnesse Clearnesse
Ironshore Ironshore
Violetley Violetley
Westvale Westvale
Courtcastle Courtcastle
Corbank Corbank
Woodice Woodice
Valhaven Valhaven
Foxvale Foxvale
Morwald Morwald
Marbleiron Marbleiron
Foxhaven Foxhaven
Ironriver Ironriver
Goldwyvern Goldwyvern
Esterfall Esterfall
Oakmere Oakmere
Dellwyn Dellwyn
Oldmoor Oldmoor
Morwall Morwall
Butterbush Butterbush
Newby Newby
Buttermead Buttermead
Courtwall Courtwall
Eriwall Eriwall
Freyview Freyview
