129 99 145 172 145 180 82 107 197 51 34 109 184 85 133 106 181 8 142 122 69 167 130 167 69 61 69 122 142 8 181 169 181 32 187 32 181 106 178 106 133 13 118 96 11 108 160 108 11 16 25 46 2 55 2 46 25 90 152 91 152 90 71 64 119 163 119 64 173 3 40 165 27 94 139 19 43 72 79 112 79 72 21 67 21 151 21 182 190 182 21 72 43 19 7 96 70 96 118 166 118 10 28 10 100 10 22 45 118 13 92 179 76 49 76 179 92 124 92 121 192 175 192 121 92 110 157 4 157 110 154 193 154 196 37 65 123 103 98 48 97 101 52 101 170 58 170 73 136 73 170 101 148 5 197 115 88 1 88 146 113 127 113 146 88 31 99 129
66
145 145
172 172
82 82
34 34
109 109
184 184
85 85
133 133
106 106
181 181
142 142
130 130
61 61
169 169
187 187
178 178
13 13
118 118
160 160
16 16
25 25
46 46
55 55
91 91
64 64
163 163
40 40
94 94
139 139
19 19
43 43
79 79
112 112
67 67
151 151
190 190
7 7
70 70
166 166
10 10
28 28
100 100
22 22
76 76
49 49
124 124
121 121
175 175
157 157
4 4
154 154
193 193
196 196
37 37
103 103
97 97
52 52
58 58
73 73
136 136
148 148
115 115
88 88
1 1
127 127
31 31
