FacultyClub SutardjaDai HealthServices EastAsianLibrary PhysicsLibrary Evans FPF Library BancroftLibrary MLK Sproul BanwayBuilding Zellerbach CITRIS BerkeleyLawLibrary MathLibrary Koshland MSRI LawSchool AquaticCenter Bowles Bechtel WooHonFai BrainImagingCenter SocialLibrary Manville TAAP HearstGym Pimentel NorthGate EarthLibrary Underhill Etcheverry SproulPlaza LawrenceofScience StudentUnion AnthropologyLibrary Stanley HearstFountain VLSB UniversityHouse CesarChavez MartinezCommons Senior EthnicLibrary MelvinLaboratory Investigative InnovationStudio UpperHearstParking MediaCenter DonnerLaboratory Hilgard HearstGreekTheatre StowPlaza Cheit PacificFilmArchive MaxwellField InternationalHouse Davis FoxCottage SimpsonCenter Latimer AndersenAuditorium VisualCenter Durant Warren FoundersRock EngineeringLibrary IdaHouse EnergyBuilding Wellman SharedServices Soda CareerCenter Wheeler OBrien Stephens Birge LeConte Campbell IRLE SpringerGateway Unit3 BerkeleyWayWest LatinAmerican SEAsianLibrary BioscienceLibrary Jacobs OptometryLibrary HearstFieldAnnex NewspapersLibrary McCone Boalt ArtHistoryLibrary Durham AlumniHouse Hildebrand Mulford BancroftDance Giauque Spieker Morrison EarthquakeLibrary FacultyClub
100
FacultyClub FacultyClub
SutardjaDai SutardjaDai
HealthServices HealthServices
EastAsianLibrary EastAsianLibrary
PhysicsLibrary PhysicsLibrary
Evans Evans
FPF FPF
Library Library
BancroftLibrary BancroftLibrary
MLK MLK
Sproul Sproul
BanwayBuilding BanwayBuilding
CITRIS CITRIS
BerkeleyLawLibrary BerkeleyLawLibrary
MathLibrary MathLibrary
Koshland Koshland
MSRI MSRI
LawSchool LawSchool
AquaticCenter AquaticCenter
Bowles Bowles
Bechtel Bechtel
WooHonFai WooHonFai
BrainImagingCenter BrainImagingCenter
SocialLibrary SocialLibrary
Manville Manville
TAAP TAAP
HearstGym HearstGym
Pimentel Pimentel
NorthGate NorthGate
EarthLibrary EarthLibrary
Underhill Underhill
Etcheverry Etcheverry
SproulPlaza SproulPlaza
LawrenceofScience LawrenceofScience
StudentUnion StudentUnion
AnthropologyLibrary AnthropologyLibrary
Stanley Stanley
HearstFountain HearstFountain
VLSB VLSB
UniversityHouse UniversityHouse
CesarChavez CesarChavez
MartinezCommons MartinezCommons
Senior Senior
EthnicLibrary EthnicLibrary
MelvinLaboratory MelvinLaboratory
Investigative Investigative
UpperHearstParking UpperHearstParking
MediaCenter MediaCenter
DonnerLaboratory DonnerLaboratory
Hilgard Hilgard
HearstGreekTheatre HearstGreekTheatre
StowPlaza StowPlaza
Cheit Cheit
PacificFilmArchive PacificFilmArchive
MaxwellField MaxwellField
InternationalHouse InternationalHouse
Davis Davis
FoxCottage FoxCottage
SimpsonCenter SimpsonCenter
Latimer Latimer
AndersenAuditorium AndersenAuditorium
VisualCenter VisualCenter
Durant Durant
Warren Warren
FoundersRock FoundersRock
EngineeringLibrary EngineeringLibrary
IdaHouse IdaHouse
EnergyBuilding EnergyBuilding
Wellman Wellman
Soda Soda
CareerCenter CareerCenter
Wheeler Wheeler
OBrien OBrien
Stephens Stephens
Birge Birge
LeConte LeConte
Campbell Campbell
IRLE IRLE
SpringerGateway SpringerGateway
Unit3 Unit3
BerkeleyWayWest BerkeleyWayWest
LatinAmerican LatinAmerican
SEAsianLibrary SEAsianLibrary
BioscienceLibrary BioscienceLibrary
Jacobs Jacobs
OptometryLibrary OptometryLibrary
HearstFieldAnnex HearstFieldAnnex
NewspapersLibrary NewspapersLibrary
McCone McCone
Boalt Boalt
ArtHistoryLibrary ArtHistoryLibrary
Durham Durham
AlumniHouse AlumniHouse
Hildebrand Hildebrand
Mulford Mulford
BancroftDance BancroftDance
Giauque Giauque
Spieker Spieker
Morrison Morrison
EarthquakeLibrary EarthquakeLibrary
