FacultyClub IRLE Cheit Wheeler Investigative MartinezCommons UniversityHouse SproulPlaza OptometryLibrary Library AndersenAuditorium Stephens Morrison Koshland MelvinLaboratory FPF Birge StowPlaza CareerCenter Sproul AnthropologyLibrary Hilgard BioscienceLibrary MediaCenter ArtHistoryLibrary BancroftDance Etcheverry DonnerLaboratory SpringerGateway CITRIS BrainImagingCenter Bechtel LawrenceofScience NewspapersLibrary EnergyBuilding HearstGym Pimentel Jacobs Manville Unit3 InternationalHouse McCone Mulford Spieker EarthLibrary OBrien StudentUnion SutardjaDai Warren PacificFilmArchive Durham EarthquakeLibrary FacultyClub
50
FacultyClub FacultyClub
IRLE IRLE
Cheit Cheit
Wheeler Wheeler
Investigative Investigative
MartinezCommons MartinezCommons
UniversityHouse UniversityHouse
SproulPlaza SproulPlaza
OptometryLibrary OptometryLibrary
Library Library
AndersenAuditorium AndersenAuditorium
Stephens Stephens
Morrison Morrison
Koshland Koshland
MelvinLaboratory MelvinLaboratory
FPF FPF
Birge Birge
StowPlaza StowPlaza
CareerCenter CareerCenter
Sproul Sproul
AnthropologyLibrary AnthropologyLibrary
Hilgard Hilgard
BioscienceLibrary BioscienceLibrary
MediaCenter MediaCenter
ArtHistoryLibrary ArtHistoryLibrary
BancroftDance BancroftDance
Etcheverry Etcheverry
DonnerLaboratory DonnerLaboratory
SpringerGateway SpringerGateway
CITRIS CITRIS
BrainImagingCenter BrainImagingCenter
LawrenceofScience LawrenceofScience
NewspapersLibrary NewspapersLibrary
EnergyBuilding EnergyBuilding
HearstGym HearstGym
Pimentel Pimentel
Jacobs Jacobs
Manville Manville
Unit3 Unit3
InternationalHouse InternationalHouse
Mulford Mulford
Spieker Spieker
EarthLibrary EarthLibrary
OBrien OBrien
StudentUnion StudentUnion
SutardjaDai SutardjaDai
Warren Warren
PacificFilmArchive PacificFilmArchive
Durham Durham
EarthquakeLibrary EarthquakeLibrary
