159 22 159 77 140 149 4 44 60 44 4 149 76 149 140 14 56 93 154 2 154 93 65 165 65 98 32 79 3 79 160 88 131 44 107 134 120 134 107 189 32 98 65 26 65 51 148 47 182 48 182 47 148 41 129 15 167 15 71 157 71 139 100 181 23 194 21 194 23 181 100 199 100 59 147 40 147 101 137 101 132 101 25 45 72 7 72 45 25 138 69 155 69 138 25 104 20 87 20 104 11 30 81 164 43 164 6 52 156 31 114 35 114 92 116 92 158 102 123 102 82 102 158 74 185 74 158 99 158 92 114 31 9 28 81 156 64 57 63 121 63 13 106 13 63 57 64 177 174 177 111 34 111 128 111 177 64 156 56 96 162 191 162 96 78 129 86 119 172 126 97 14 140 77 190 77 159 109 180 122 180 193 24 193 8 178 8 193 53 137 85 54 200 10 66 36 17 133 173 27 145 27 169 27 173 152 195 136 49 46 37 75 108 38 108 75 37 46 192 46 142 127 146 127 137 127 61 127 109 159
100
22 22
77 77
140 140
4 4
60 60
76 76
14 14
93 93
154 154
2 2
65 65
165 165
98 98
32 32
79 79
3 3
88 88
107 107
134 134
120 120
26 26
51 51
148 148
47 47
48 48
41 41
15 15
167 167
71 71
157 157
139 139
100 100
181 181
21 21
199 199
59 59
40 40
101 101
137 137
132 132
45 45
72 72
7 7
138 138
155 155
87 87
11 11
43 43
6 6
52 52
156 156
31 31
114 114
35 35
116 116
158 158
102 102
123 123
82 82
74 74
185 185
99 99
28 28
64 64
63 63
121 121
13 13
106 106
174 174
111 111
34 34
128 128
96 96
191 191
86 86
172 172
126 126
97 97
190 190
109 109
180 180
122 122
193 193
24 24
178 178
53 53
85 85
200 200
10 10
36 36
17 17
133 133
145 145
169 169
46 46
37 37
38 38
192 192
146 146
61 61
