lllIl1I 11IIII1 lIIlII1 II11l1l lIl111I II1Il1I 1I1I1l1 lIIl11l IIlI1lI III1llI 1I1IIIl I11I111 ll111ll I11I111 l1IllI1 I1ll1II 1llI111 lll1I1l lIllIll lll1I1l 1I1lllI 1IlIl1I l1lllll lI1l111 1I11Ill lI1l111 11111lI 1I1l1Il l1IIl1l IlI1Il1 l1Ill11 l1lll11 1l1lIlI lII111l I1Ill1I I1llII1 I1llll1 IIl1l1I I11I11l l1l1l1l llIIII1 I111I1I IIlIllI Il1Il1I lI11III IlI1II1 Ill1I11 11lI11I 1l11lII 11I1llI III111I IlI1II1 1I1I1lI l1I111I 1lIl11I l1l11l1 1111I11 111lI1I llI1lII I1lIlII Ill11II I11111l lllIl1I
50
11IIII1 11IIII1
lIIlII1 lIIlII1
II11l1l II11l1l
lIl111I lIl111I
II1Il1I II1Il1I
1I1I1l1 1I1I1l1
lIIl11l lIIl11l
III1llI III1llI
I11I111 I11I111
ll111ll ll111ll
l1IllI1 l1IllI1
I1ll1II I1ll1II
1llI111 1llI111
lll1I1l lll1I1l
lIllIll lIllIll
1I1lllI 1I1lllI
1IlIl1I 1IlIl1I
l1lllll l1lllll
lI1l111 lI1l111
1I11Ill 1I11Ill
11111lI 11111lI
1I1l1Il 1I1l1Il
l1IIl1l l1IIl1l
IlI1Il1 IlI1Il1
l1Ill11 l1Ill11
l1lll11 l1lll11
1l1lIlI 1l1lIlI
lII111l lII111l
I1llII1 I1llII1
I1llll1 I1llll1
IIl1l1I IIl1l1I
I11I11l I11I11l
llIIII1 llIIII1
I111I1I I111I1I
IIlIllI IIlIllI
Il1Il1I Il1Il1I
lI11III lI11III
IlI1II1 IlI1II1
Ill1I11 Ill1I11
11lI11I 11lI11I
1l11lII 1l11lII
III111I III111I
1I1I1lI 1I1I1lI
l1I111I l1I111I
1lIl11I 1lIl11I
l1l11l1 l1l11l1
111lI1I 111lI1I
llI1lII llI1lII
Ill11II Ill11II
I11111l I11111l
