K FO BI AV A AK AU BX AD BC N W AA H T BP AQ BA AB B P BQ CS AY E AJ AX D BO Q BN AZ BJ BR CH CO J AF CR AE L BH CF CN CV CK AN I CU AP U BY BZ O Y BG AS F FH BW AR AM BT Z CL CI AO BM BU AL BD DP AH M R AT X FN G BB CT BE V CE CA CP AW CB FI CC BF AG BV AI C CD BK S CQ BS AC BL CM CJ CG K
100
K K
BI BI
AV AV
A A
AK AK
AU AU
BX BX
AD AD
BC BC
N N
W W
AA AA
H H
T T
BP BP
AQ AQ
BA BA
AB AB
B B
P P
BQ BQ
CS CS
AY AY
E E
AJ AJ
AX AX
D D
BO BO
Q Q
BN BN
AZ AZ
BJ BJ
BR BR
CH CH
CO CO
J J
AF AF
CR CR
AE AE
L L
BH BH
CF CF
CN CN
CV CV
CK CK
AN AN
I I
CU CU
AP AP
U U
BY BY
BZ BZ
O O
Y Y
BG BG
AS AS
F F
BW BW
AR AR
AM AM
BT BT
Z Z
CL CL
CI CI
AO AO
BM BM
BU BU
AL AL
BD BD
AH AH
M M
R R
AT AT
X X
G G
BB BB
CT CT
BE BE
V V
CE CE
CA CA
CP CP
AW AW
CB CB
CC CC
BF BF
AG AG
BV BV
AI AI
C C
CD CD
BK BK
S S
CQ CQ
BS BS
AC AC
BL BL
CM CM
CJ CJ
CG CG
