36 76 36 11 36 48 36 80 36 91 36 71 36 35 36 78 36 18 36 50 36 59 36 0 36 45 36 40 36 77 36 6 36 44 36 65 36 4 36 17 36 74 36 61 36 55 36 81 36 88 36 56 36 30 36 5 36 58 36 21 36 29 36 15 36 98 36 42 36 43 36 41 36 37 36 34 36 66 36 92 36 89 36 16 36 10 36 19 36 51 36 73 36 25 36 7 36 32 60 32 39 32 36
50
76 76
11 11
48 48
80 80
91 91
71 71
35 35
78 78
18 18
50 50
59 59
0 0
45 45
40 40
77 77
6 6
44 44
65 65
4 4
17 17
74 74
61 61
55 55
81 81
88 88
56 56
30 30
5 5
58 58
21 21
29 29
15 15
98 98
42 42
43 43
41 41
37 37
34 34
66 66
92 92
89 89
16 16
10 10
19 19
51 51
73 73
25 25
7 7
60 60
39 39
