a0 b4 b5 a0 h7 i7 h8 i8 h8 i7 h7 a0 h3 i6 h3 a0 h2 i4 i5 i4 h2 a0 h1 i2 h1 a0 l0 l1 l2 l3 l4 l5 l6 l7 l8 l9 l8 l7 l6 l5 l4 l3 l2 l1 l0 a0 o9 o8 o7 o6 o5 o4 o3 o2 o1 o0 n9 n8 n7 n6 n5 n4 a0 d8 e9 g0 e9 d8 d7 e7 e6 e5 d5 a0 d6 e4 d6 e3 e2 e1 e0 d4 a0 d3 c8 c9 c8 d3 c7 d3 a0 a1 b3 a1 b2 a1 b1 a1 b0 a1 a0 k0 a0 i3 a0 k1 a0 k2 a0 k8 a0 k3 a0 p9 a0 k4 a0 k9 a0 k5 a0 p1 p2 p3 p4 p5 p6 p7 p8 h0 e8 g9 a0 k7 a0 d1 c6 d2 c5 c4 c3 a0 k6 a0 b9 b8 b7 b6 a0 m4 n0 n1 n2 m6 n3 m6 n2 m5 n0 m4 a0 i1 a0 h4 p0 h4 a0 a3 c0 c1 c0 a3 c2 a3 a0 f4 f5 g1 g2 g3 g2 g4 g5 g7 g5 g4 g6 i0 g8 f5 f4 a0 h9 j0 i9 j0 h9 a0
100
b4 b4
b5 b5
i7 i7
i8 i8
i6 i6
i4 i4
i5 i5
i2 i2
l0 l0
l1 l1
l2 l2
l3 l3
l4 l4
l5 l5
l6 l6
l7 l7
l8 l8
l9 l9
o9 o9
o8 o8
o7 o7
o6 o6
o5 o5
o4 o4
o3 o3
o2 o2
o1 o1
o0 o0
n9 n9
n8 n8
n7 n7
n6 n6
n5 n5
n4 n4
e9 e9
g0 g0
e7 e7
e6 e6
e5 e5
e4 e4
e3 e3
e2 e2
e1 e1
e0 e0
c8 c8
c9 c9
c7 c7
b3 b3
b2 b2
b1 b1
b0 b0
k0 k0
i3 i3
k1 k1
k2 k2
k8 k8
k3 k3
p9 p9
k4 k4
k9 k9
k5 k5
p1 p1
p2 p2
p3 p3
p4 p4
p5 p5
p6 p6
p7 p7
p8 p8
e8 e8
g9 g9
k7 k7
c6 c6
c5 c5
c4 c4
c3 c3
k6 k6
b9 b9
b8 b8
b7 b7
b6 b6
n0 n0
n1 n1
n2 n2
n3 n3
i1 i1
p0 p0
c0 c0
c1 c1
c2 c2
g1 g1
g2 g2
g3 g3
g4 g4
g5 g5
g7 g7
g6 g6
i0 i0
g8 g8
i9 i9
