69 135 7 101 127 131 56 25 170 46 1 59 1 64 1 31 158 30 128 1 118 113 3 110 14 99 148 16 90 4 134 52 37 44 4 82 4 186 191 33 5 192 121 5 132 150 83 160 2 24 119 26 117 27 100 77 8 163 12 197 8 149 87 53 194 50 3 171 133 185 58 3 190 198 15 112 11 97 11 147 146 11 104 165 72 51 0 188 0 193 0 195 162 166 63 71 106 74 80 81 7 115 7 36 7 69
80
135 135
101 101
127 127
131 131
56 56
25 25
46 46
1 1
59 59
64 64
31 31
158 158
30 30
128 128
118 118
113 113
110 110
14 14
99 99
148 148
16 16
90 90
134 134
52 52
37 37
44 44
82 82
186 186
191 191
33 33
5 5
192 192
121 121
132 132
150 150
83 83
160 160
2 2
24 24
119 119
26 26
117 117
27 27
100 100
77 77
163 163
197 197
149 149
87 87
53 53
194 194
50 50
171 171
133 133
185 185
58 58
190 190
198 198
112 112
11 11
97 97
147 147
146 146
104 104
165 165
72 72
51 51
188 188
193 193
195 195
162 162
166 166
63 63
71 71
106 106
74 74
80 80
81 81
115 115
36 36
