112 40 94 13 143 60 96 118 151 102 35 95 28 117 166 0 104 20 147 11 171 72 70 158 53 27 29 69 126 127 84 146 23 174 183 34 78 181 184 24 131 160 154 187 6 99 41 68 163 42 56 54 9 170 17 105 188 157 21 44 182 75 114 144 165 119 138 59 58 80 64 162 14 130 124 194 49 107 152 81 52 83 71 33 190 36 85 129 120 66 149 136 169 121 172 97 168 109 73 8 123 112
100
40 40
94 94
13 13
143 143
60 60
96 96
118 118
151 151
102 102
35 35
95 95
28 28
117 117
166 166
0 0
104 104
20 20
147 147
11 11
171 171
72 72
70 70
158 158
53 53
27 27
29 29
69 69
126 126
127 127
84 84
146 146
23 23
174 174
183 183
34 34
78 78
181 181
184 184
24 24
131 131
160 160
154 154
187 187
6 6
99 99
41 41
68 68
163 163
42 42
56 56
54 54
9 9
170 170
17 17
105 105
188 188
157 157
21 21
44 44
182 182
75 75
114 114
144 144
165 165
119 119
138 138
59 59
58 58
80 80
64 64
162 162
14 14
130 130
124 124
194 194
49 49
107 107
152 152
81 81
52 52
83 83
71 71
33 33
190 190
36 36
85 85
129 129
120 120
66 66
149 149
136 136
169 169
121 121
172 172
97 97
168 168
109 109
73 73
8 8
123 123
