0 84 6 7 1 10 81 34 42 48 40 49 83 23 33 86 33 28 35 70 17 70 35 28 30 13 14 52 38 77 36 77 68 22 29 22 68 11 3 37 97 20 97 12 18 50 27 2 32 2 26 2 69 15 5 46 65 83 41 83 65 25 24 51 16 8 16 34 44 34 89 9 89 21 4 47 4 19 39 45 39 19 4 31 43 31 0
50
6 6
7 7
1 1
10 10
34 34
42 42
48 48
40 40
49 49
23 23
33 33
28 28
35 35
17 17
30 30
13 13
14 14
38 38
36 36
22 22
29 29
11 11
3 3
37 37
20 20
12 12
18 18
50 50
27 27
2 2
32 32
26 26
15 15
5 5
46 46
41 41
25 25
24 24
16 16
8 8
44 44
9 9
21 21
4 4
47 47
19 19
39 39
45 45
31 31
43 43
