0 175 55 151 66 169 84 80 71 80 109 111 75 111 70 111 174 53 54 53 87 79 41 19 41 80 31 87 178 43 178 183 110 26 110 167 89 51 59 7 73 100 61 100 103 58 36 46 138 63 88 57 88 90 116 117 23 117 116 90 3 90 88 152 60 92 177 33 177 92 76 114 29 39 86 139 37 47 37 139 86 106 50 106 13 106 146 192 95 1 113 15 113 99 56 45 148 85 148 45 158 96 64 11 64 40 94 24 91 67 91 24 16 93 63 21 6 25 6 157 144 27 44 27 144 157 69 157 16 113 30 176 42 176 30 9 98 8 38 35 78 35 38 8 34 97 34 145 135 5 65 123 72 48 49 48 155 68 83 62 140 81 140 62 12 10 12 62 22 82 196 18 32 77 32 18 196 82 52 133 4 74 4 133 20 28 125 17 125 14 121 188 87 53 2 0
100
55 55
66 66
84 84
80 80
71 71
75 75
70 70
53 53
54 54
87 87
79 79
41 41
19 19
31 31
43 43
26 26
89 89
51 51
59 59
7 7
73 73
100 100
61 61
58 58
36 36
46 46
63 63
88 88
57 57
90 90
23 23
3 3
60 60
92 92
33 33
76 76
29 29
39 39
86 86
37 37
47 47
50 50
13 13
95 95
1 1
15 15
99 99
56 56
45 45
85 85
96 96
64 64
11 11
40 40
94 94
24 24
91 91
67 67
16 16
93 93
21 21
6 6
25 25
27 27
44 44
69 69
30 30
42 42
9 9
98 98
8 8
38 38
35 35
78 78
34 34
97 97
5 5
65 65
72 72
48 48
49 49
68 68
83 83
62 62
81 81
12 12
10 10
22 22
82 82
18 18
32 32
77 77
52 52
4 4
74 74
20 20
28 28
17 17
14 14
2 2
