48 73 171 25 90 87 107 66 74 149 74 66 191 66 107 133 93 133 107 45 151 45 107 177 158 42 9 129 194 157 194 193 52 156 180 94 182 94 126 119 78 113 69 113 78 7 175 7 154 164 77 19 77 81 35 173 163 72 108 72 163 173 88 173 145 118 58 164 154 110 154 197 159 120 159 10 115 154 53 154 7 78 185 190 185 32 64 83 168 20 168 46 168 109 139 6 11 79 21 148 21 12 143 137 15 99 37 22 36 55 36 147 135 181 135 84 60 84 51 180 51 5 99 102 179 174 125 143 167 143 155 3 170 3 155 199 138 176 40 16 98 38 117 38 165 34 165 38 98 101 98 103 98 67 98 193 127 4 56 128 39 85 152 29 152 85 39 23 2 141 196 162 123 162 196 141 129 136 72 186 73 48
100
48 48
73 73
171 171
25 25
90 90
87 87
107 107
66 66
74 74
149 149
191 191
133 133
93 93
151 151
177 177
158 158
42 42
9 9
129 129
194 194
157 157
193 193
52 52
156 156
180 180
182 182
126 126
119 119
78 78
113 113
69 69
7 7
175 175
154 154
164 164
19 19
35 35
163 163
108 108
88 88
145 145
118 118
58 58
110 110
197 197
120 120
10 10
115 115
53 53
185 185
190 190
64 64
20 20
46 46
109 109
11 11
79 79
21 21
148 148
143 143
137 137
36 36
55 55
147 147
135 135
181 181
84 84
60 60
5 5
179 179
125 125
167 167
155 155
3 3
170 170
199 199
138 138
176 176
40 40
16 16
98 98
38 38
117 117
165 165
34 34
101 101
103 103
67 67
56 56
39 39
85 85
152 152
29 29
23 23
2 2
141 141
196 196
123 123
136 136
186 186
