gucdicwxmb epdwcjuvdr vugkhjygfe vkrlpmybdj zpjhxyylhb koawdpgqdx zpjhxyylhb rnpokwoqgt iwdghbmiai rnpokwoqgt jqtguzxxsl evdoyagqfp gkcfktyute zjbarjhmau xawkqmfmmx smwxdupkdv ouxenssqdu rnpokwoqgt zpjhxyylhb vkrlpmybdj vugkhjygfe qzdrdcxoib oggftsricu yiwwdwbzth siatqqydwf tvuprbwofb lbuiysostx lkvobxyfca jedsthbmzo chjuuxuacs xtvbrolacp psiebvskfb zumetrybth psiebvskfb aokbiptbzc tvuprbwofb siatqqydwf yiwwdwbzth gwnccktgki ztplgyvqhm gwnccktgki seeyrseflx gwnccktgki wtyqwjwskq qzdrdcxoib vugkhjygfe ahqdrcepub vugkhjygfe epdwcjuvdr gucdicwxmb
21
epdwcjuvdr epdwcjuvdr
vugkhjygfe vugkhjygfe
vkrlpmybdj vkrlpmybdj
zpjhxyylhb zpjhxyylhb
koawdpgqdx koawdpgqdx
rnpokwoqgt rnpokwoqgt
iwdghbmiai iwdghbmiai
evdoyagqfp evdoyagqfp
gkcfktyute gkcfktyute
zjbarjhmau zjbarjhmau
xawkqmfmmx xawkqmfmmx
oggftsricu oggftsricu
yiwwdwbzth yiwwdwbzth
tvuprbwofb tvuprbwofb
lkvobxyfca lkvobxyfca
psiebvskfb psiebvskfb
zumetrybth zumetrybth
ztplgyvqhm ztplgyvqhm
seeyrseflx seeyrseflx
wtyqwjwskq wtyqwjwskq
ahqdrcepub ahqdrcepub
