evdoyagqfp xawkqmfmmx xftptyrlvl fluzhooehk xftptyrlvl mysadifwma robpunozly bnmegnfgii robpunozly mysadifwma xftptyrlvl qbiylslccb kvxwqiryyu qbiylslccb xftptyrlvl jqtguzxxsl smwxdupkdv jqtguzxxsl optviwhmbr ivugtsvtqb guuudgvhny stdiixwrjc ummqduagjn fczruomdab eooyfwmxln epdwcjuvdr wynbxuuxru tmrnpjqnxx wynbxuuxru qzdrdcxoib voaumgrcuj qzdrdcxoib wynbxuuxru epdwcjuvdr kgktiatgjn qepegujmaa ixyurvbpvu yiwwdwbzth ixyurvbpvu qfbvncxldf ixyurvbpvu qepegujmaa etdxtwotzh qepegujmaa pcilmgdrgc ivgbjyugdu pcilmgdrgc wwqchwdmtx pcilmgdrgc qepegujmaa koawdpgqdx psiebvskfb koawdpgqdx pdljcbluhp ljhmnbaicr bswhowadhl tgkujfknod bswhowadhl xsjzeyxnpw ymvlfsdhbu aokbiptbzc ymvlfsdhbu nbjyrygtdh cpwyxulkjm nbjyrygtdh ymvlfsdhbu xsjzeyxnpw bswhowadhl zpjhxyylhb kvfpaspidv ouxenssqdu fznfvsgjhc wtyqwjwskq ahqdrcepub afortwurqt zmfuudfatm cttlxdtaiw byyqgjwsrp euqbrkzdsw zivwgfcxqi euqbrkzdsw byyqgjwsrp ahqdrcepub gbdejcnknd vnzypgtlkj dnmgxnhbgi eaozvwjoso ldnozwuuuq spdafzaivh qiqnnrlapz spdafzaivh ldnozwuuuq eaozvwjoso dnmgxnhbgi uhalgukdzb yriqtwavfx qgfchcatzi cmdqzmgvfi qgfchcatzi yriqtwavfx gucdicwxmb yriqtwavfx rkyixxpcbx yriqtwavfx uhalgukdzb kwbnyneokj wirlbujvjm hsjqtjkukk bbczvyonym mdyuzxshey wtlzrefwav afrdrejwtp pwgublhwxg hofbtczdgp pwgublhwxg afrdrejwtp wtlzrefwav bimtbhwsby ijbfzrqwct bbwcqzwyoz nwlccbonas itbfnxnauh nwlccbonas xguvjomcdt phknwbtipl fdgcygwgjf rnpokwoqgt bpbbtoptwg rfcbhdtwvm kyblmbvqtv tmatbexcil qpxtrjvxpe tmatbexcil byyqgjwsrp qxfgqgbbdn byyqgjwsrp gjmmikaxih jrusiskazm ichabbvkhm oavtmpaqji ichabbvkhm jrusiskazm vkrlpmybdj lndsfxewdc eqdxeqvtsb lndsfxewdc kyrhqthnvz lndsfxewdc khisjiexts gkcfktyute xkasbvrrxd lcrihrmoqu tgbmxdmvwe lcrihrmoqu tvcolajnao xqwyvbvueh oegfbrwyrp xqwyvbvueh idfvjoquhh kijbyyuzhd unihwwnyqz pbefrggyje xwrvhrxnqy xifuopshzj xwrvhrxnqy pbefrggyje xnppuesbrr gllungmori qxuqrfzzob gllungmori xnppuesbrr hxkhivkhyl scesbtewjx jrmlkfexfk seeyrseflx hkempoemlv seeyrseflx jrmlkfexfk osdeymjeil wkwwcqjtxf lkvtxfwozs wkwwcqjtxf bulywvvpni xychpimpzb lnicnhmajr aruwdskzta vugkhjygfe xywdziunpr oggftsricu xywdziunpr vugkhjygfe guuudgvhny ivugtsvtqb optviwhmbr vfdsalrajq optviwhmbr jqtguzxxsl xftptyrlvl uooysjrxsb xftptyrlvl evdoyagqfp
99
evdoyagqfp evdoyagqfp
xawkqmfmmx xawkqmfmmx
fluzhooehk fluzhooehk
mysadifwma mysadifwma
bnmegnfgii bnmegnfgii
kvxwqiryyu kvxwqiryyu
smwxdupkdv smwxdupkdv
optviwhmbr optviwhmbr
ivugtsvtqb ivugtsvtqb
guuudgvhny guuudgvhny
stdiixwrjc stdiixwrjc
eooyfwmxln eooyfwmxln
wynbxuuxru wynbxuuxru
tmrnpjqnxx tmrnpjqnxx
voaumgrcuj voaumgrcuj
kgktiatgjn kgktiatgjn
qepegujmaa qepegujmaa
yiwwdwbzth yiwwdwbzth
qfbvncxldf qfbvncxldf
etdxtwotzh etdxtwotzh
pcilmgdrgc pcilmgdrgc
ivgbjyugdu ivgbjyugdu
wwqchwdmtx wwqchwdmtx
psiebvskfb psiebvskfb
pdljcbluhp pdljcbluhp
bswhowadhl bswhowadhl
tgkujfknod tgkujfknod
ymvlfsdhbu ymvlfsdhbu
aokbiptbzc aokbiptbzc
nbjyrygtdh nbjyrygtdh
cpwyxulkjm cpwyxulkjm
kvfpaspidv kvfpaspidv
ouxenssqdu ouxenssqdu
ahqdrcepub ahqdrcepub
afortwurqt afortwurqt
zmfuudfatm zmfuudfatm
cttlxdtaiw cttlxdtaiw
byyqgjwsrp byyqgjwsrp
euqbrkzdsw euqbrkzdsw
zivwgfcxqi zivwgfcxqi
gbdejcnknd gbdejcnknd
vnzypgtlkj vnzypgtlkj
ldnozwuuuq ldnozwuuuq
qiqnnrlapz qiqnnrlapz
uhalgukdzb uhalgukdzb
qgfchcatzi qgfchcatzi
gucdicwxmb gucdicwxmb
rkyixxpcbx rkyixxpcbx
hsjqtjkukk hsjqtjkukk
bbczvyonym bbczvyonym
mdyuzxshey mdyuzxshey
wtlzrefwav wtlzrefwav
afrdrejwtp afrdrejwtp
hofbtczdgp hofbtczdgp
bimtbhwsby bimtbhwsby
bbwcqzwyoz bbwcqzwyoz
nwlccbonas nwlccbonas
itbfnxnauh itbfnxnauh
xguvjomcdt xguvjomcdt
fdgcygwgjf fdgcygwgjf
rnpokwoqgt rnpokwoqgt
tmatbexcil tmatbexcil
qpxtrjvxpe qpxtrjvxpe
qxfgqgbbdn qxfgqgbbdn
jrusiskazm jrusiskazm
ichabbvkhm ichabbvkhm
oavtmpaqji oavtmpaqji
vkrlpmybdj vkrlpmybdj
lndsfxewdc lndsfxewdc
eqdxeqvtsb eqdxeqvtsb
kyrhqthnvz kyrhqthnvz
xkasbvrrxd xkasbvrrxd
lcrihrmoqu lcrihrmoqu
tgbmxdmvwe tgbmxdmvwe
tvcolajnao tvcolajnao
xqwyvbvueh xqwyvbvueh
oegfbrwyrp oegfbrwyrp
kijbyyuzhd kijbyyuzhd
pbefrggyje pbefrggyje
xwrvhrxnqy xwrvhrxnqy
xifuopshzj xifuopshzj
xnppuesbrr xnppuesbrr
qxuqrfzzob qxuqrfzzob
scesbtewjx scesbtewjx
jrmlkfexfk jrmlkfexfk
seeyrseflx seeyrseflx
hkempoemlv hkempoemlv
osdeymjeil osdeymjeil
wkwwcqjtxf wkwwcqjtxf
lkvtxfwozs lkvtxfwozs
bulywvvpni bulywvvpni
xychpimpzb xychpimpzb
lnicnhmajr lnicnhmajr
aruwdskzta aruwdskzta
vugkhjygfe vugkhjygfe
xywdziunpr xywdziunpr
oggftsricu oggftsricu
vfdsalrajq vfdsalrajq
uooysjrxsb uooysjrxsb
