81 196 8 85 16 108 150 100 96 117 27 48 49 89 145 165 74 130 57 189 36 153 95 42 65 132 97 170 126 167 56 107 9 43 45 46 158 87 184 41 162 35 166 164 76 1 159 64 77 53 23 88 34 78 124 197 183 84 199 17 70 135 90 178 86 180 198 20 154 123 93 115 161 179 59 127 141 18 92 33 182 121 12 80 138 156 103 109 71 52 195 191 152 69 200 58 24 14 125 188 81
100
81 81
196 196
8 8
85 85
16 16
108 108
150 150
100 100
96 96
117 117
27 27
48 48
49 49
89 89
145 145
165 165
74 74
130 130
57 57
189 189
36 36
153 153
95 95
42 42
65 65
132 132
97 97
170 170
126 126
167 167
56 56
107 107
9 9
43 43
45 45
46 46
158 158
87 87
184 184
41 41
162 162
35 35
166 166
164 164
76 76
1 1
159 159
64 64
77 77
53 53
23 23
88 88
34 34
78 78
124 124
197 197
183 183
84 84
199 199
17 17
70 70
135 135
90 90
178 178
86 86
180 180
198 198
20 20
154 154
123 123
93 93
115 115
161 161
179 179
59 59
127 127
141 141
18 18
92 92
33 33
182 182
121 121
12 12
80 80
138 138
156 156
103 103
109 109
71 71
52 52
195 195
191 191
152 152
69 69
200 200
58 58
24 24
14 14
125 125
188 188
