0 91 127 61 98 88 8 40 69 26 50 22 67 25 67 64 67 19 67 183 51 92 104 24 63 159 113 135 82 135 113 12 42 28 76 33 85 16 83 94 178 93 71 21 13 43 74 37 47 46 38 46 87 5 62 17 70 17 89 45 1 11 34 11 59 39 133 15 6 96 7 72 181 65 23 60 55 31 97 176 44 176 97 58 3 48 100 18 177 54 9 78 32 80 30 2 10 75 186 68 57 53 49 27 99 86 29 14 73 52 4 66 95 79 90 41 36 77 84 81 20 35 56 0
100
91 91
61 61
98 98
88 88
8 8
40 40
69 69
26 26
50 50
22 22
67 67
25 25
64 64
19 19
51 51
92 92
24 24
63 63
82 82
12 12
42 42
28 28
76 76
33 33
85 85
16 16
83 83
94 94
93 93
71 71
21 21
13 13
43 43
74 74
37 37
47 47
46 46
38 38
87 87
5 5
62 62
17 17
70 70
89 89
45 45
1 1
11 11
34 34
59 59
39 39
15 15
6 6
96 96
7 7
72 72
65 65
23 23
60 60
55 55
31 31
97 97
44 44
58 58
3 3
48 48
100 100
18 18
54 54
9 9
78 78
32 32
80 80
30 30
2 2
10 10
75 75
68 68
57 57
53 53
49 49
27 27
99 99
86 86
29 29
14 14
73 73
52 52
4 4
66 66
95 95
79 79
90 90
41 41
36 36
77 77
84 84
81 81
20 20
35 35
56 56
