Greenhouse mlk Greenhouse MathSciencesRes Greenhouse maxwell Greenhouse McConeHall Greenhouse McEnerneyHall Greenhouse McLaughlin Greenhouse memorialpool Greenhouse MinorHall Greenhouse moffit Greenhouse MorganHall Greenhouse MorrisonHall Greenhouse MosesHall Greenhouse MulfordHall Greenhouse nrl Greenhouse NorthField Greenhouse NorthGateHall Greenhouse MinorHallAdd Greenhouse NAnimalFacil Greenhouse OBrienHall Greenhouse ObservHill Greenhouse AlumniHouse Greenhouse AndersenAud Greenhouse BanwayBldg Greenhouse AnthonyHall Greenhouse ArchsEngineers Greenhouse BancroftLibrary Greenhouse BarkerHall Greenhouse BarrowLane Greenhouse BarrowsHall Greenhouse BARTStation Greenhouse BechtelEngineering Greenhouse BerkeleyMuseum Greenhouse BerkeleyWest Greenhouse BirgeHall Greenhouse BlackwellHall Greenhouse BlumHall Greenhouse BoaltHall Greenhouse BotanGarden Greenhouse ImagingCenter Greenhouse StarrLibrary Greenhouse
40
mlk mlk
MathSciencesRes MathSciencesRes
maxwell maxwell
McConeHall McConeHall
McEnerneyHall McEnerneyHall
McLaughlin McLaughlin
memorialpool memorialpool
MinorHall MinorHall
moffit moffit
MorganHall MorganHall
MorrisonHall MorrisonHall
MosesHall MosesHall
MulfordHall MulfordHall
nrl nrl
NorthField NorthField
NorthGateHall NorthGateHall
MinorHallAdd MinorHallAdd
NAnimalFacil NAnimalFacil
OBrienHall OBrienHall
ObservHill ObservHill
AlumniHouse AlumniHouse
AndersenAud AndersenAud
BanwayBldg BanwayBldg
AnthonyHall AnthonyHall
ArchsEngineers ArchsEngineers
BancroftLibrary BancroftLibrary
BarkerHall BarkerHall
BarrowLane BarrowLane
BarrowsHall BarrowsHall
BARTStation BARTStation
BechtelEngineering BechtelEngineering
BerkeleyMuseum BerkeleyMuseum
BerkeleyWest BerkeleyWest
BirgeHall BirgeHall
BlackwellHall BlackwellHall
BlumHall BlumHall
BoaltHall BoaltHall
BotanGarden BotanGarden
ImagingCenter ImagingCenter
StarrLibrary StarrLibrary
