9iIwk 5R5Xa rrNj1 Esl6u fS0W8 k64Ok BnAjj ZgtaX veOJ7 iCgvV ZgtaX pXCjI ZgtaX JgjFI ZgtaX Vake4 k64Ok fS0W8 p9vQm fS0W8 Esl6u rrNj1 0mah3 1eRkH ChXAd 0mah3 h2rea 9iIwk jASvw 0GdkR oqPYQ jASvw 1xmtC qkJ6b 1xmtC XYzcU 1xmtC Mj2eQ ZzWHp iEXNY ZzWHp MA43U jYfXn Ew56P SgDk6 Ew56P LZomt QVYVG RKW0P QVYVG 7G74f QVYVG RhUVQ aHGHb WGJpQ aHGHb kmzhT aHGHb jAwQw knY3U vE0Pj knY3U 1uRw3 WJNpN YH6mk 5ioW1 Be0ab XZKtP dw7aX XZKtP bXinH XZKtP 5ioW1 YH6mk Y7IDR 4a0W8 Y7IDR YH6mk WJNpN tnjfN AgYPL WJNpN 5VT1H 1pxZM 1uRw3 Ri2t4 y89SK 1uRw3 q0lus jT5CK 5BDPJ jT5CK 6EWVx 9iIwk
50
9iIwk 9iIwk
5R5Xa 5R5Xa
fS0W8 fS0W8
BnAjj BnAjj
ZgtaX ZgtaX
veOJ7 veOJ7
iCgvV iCgvV
pXCjI pXCjI
JgjFI JgjFI
Vake4 Vake4
p9vQm p9vQm
1eRkH 1eRkH
ChXAd ChXAd
h2rea h2rea
jASvw jASvw
0GdkR 0GdkR
oqPYQ oqPYQ
1xmtC 1xmtC
qkJ6b qkJ6b
XYzcU XYzcU
Mj2eQ Mj2eQ
ZzWHp ZzWHp
iEXNY iEXNY
jYfXn jYfXn
SgDk6 SgDk6
LZomt LZomt
7G74f 7G74f
RhUVQ RhUVQ
aHGHb aHGHb
WGJpQ WGJpQ
kmzhT kmzhT
jAwQw jAwQw
vE0Pj vE0Pj
1uRw3 1uRw3
YH6mk YH6mk
5ioW1 5ioW1
Be0ab Be0ab
XZKtP XZKtP
dw7aX dw7aX
bXinH bXinH
Y7IDR Y7IDR
4a0W8 4a0W8
tnjfN tnjfN
AgYPL AgYPL
5VT1H 5VT1H
1pxZM 1pxZM
Ri2t4 Ri2t4
y89SK y89SK
jT5CK jT5CK
5BDPJ 5BDPJ
