HAZtD 4Eg1F wnnBN Cg1yP J0OP0 iKwe0 F7CZj z82fM EyMEe vfAR8 bW6Ms vfAR8 zg9rt UqGfS NqBQW UqGfS iqOI4 mJExt XbFfE O8CwF TlJnt O8CwF XbFfE aWuHk 3NU9e CXkxa Lusir CXkxa ED9em 5h4rt ED9em CXkxa 3NU9e RN9nS 3NU9e GxQg8 lJnz7 1gvq4 rH3nx cpzS8 acHTt kjZGl UQeyk EgumV fWz4T SE1WY ZKvNM TzGS5 ZKvNM R6NzB 0FMEI tgL8p DmTRc 4jcrD Vg6Sz iIQll p4kTx iIQll GrnJ7 v9joy UbqWX iaaYU GrnJ7 rmW0U CHx6u bMhFI lF8gH bMhFI SfSL1 RkCLD xKTIz E6pda e7SjH DuU0x BIY9X DuU0x e7SjH 2LhKB e7SjH E6pda RkCLD SfSL1 36fTo HOuAL rmW0U 9tf0w rmW0U GrnJ7 gNinx DmTRc tgL8p 0FMEI 2GCiD RWE9G 5EAEu 0FMEI R6NzB v0WXM iHR3J fWz4T EgumV UQeyk kjZGl kNG2j AwFdf 2zHfe wVSYr WVEjT Agb0E VG4na Agb0E b9v0q SEkfX v7hOX fExZu 2zHfe AwFdf cpzS8 p3gJd DaieK uPUO1 DaieK p3gJd cC0Rg gpbSj u60s4 9cp56 0F8yg 4PSW9 zcuSA jyRQW Xqwfz pLg86 7kY28 URrao fiXIW 7kY28 IOpdQ BaYb3 1VA1I Zok18 1VA1I BaYb3 SxklZ rVnMc OWqP4 6owsT iimZq qz2Of 8Qx0C qz2Of iimZq GUEko 0moVI HAKlt Pk19A HAKlt 6sv9O Q8lcd GaZ4O H1xt8 GaZ4O Jbr8u 6sv9O HAKlt 0moVI SxklZ VESmp SxklZ Xqwfz jyRQW Zxvdf u60s4 cC0Rg p3gJd 15wtn ox9Gx 69WZh mdIe6 69WZh jesVt 4AhmX 93R2m cu5FB 93R2m C4biR aegld C4biR 93R2m 4AhmX jesVt 69WZh zrVPv wedr3 69WZh Q5zY0 kvy7i Ia6ul eVDVP Ia6ul kvy7i Q5zY0 69WZh 15wtn p3gJd mJExt iqOI4 UqGfS X2hjX UqGfS Ssao4 UqGfS kPB79 4PXv9 kPB79 4Tt2a kPB79 6gp0A HAZtD
100
wnnBN wnnBN
Cg1yP Cg1yP
J0OP0 J0OP0
iKwe0 iKwe0
z82fM z82fM
vfAR8 vfAR8
bW6Ms bW6Ms
UqGfS UqGfS
NqBQW NqBQW
iqOI4 iqOI4
O8CwF O8CwF
TlJnt TlJnt
aWuHk aWuHk
Lusir Lusir
ED9em ED9em
5h4rt 5h4rt
RN9nS RN9nS
GxQg8 GxQg8
lJnz7 lJnz7
1gvq4 1gvq4
rH3nx rH3nx
cpzS8 cpzS8
acHTt acHTt
EgumV EgumV
fWz4T fWz4T
TzGS5 TzGS5
R6NzB R6NzB
DmTRc DmTRc
4jcrD 4jcrD
Vg6Sz Vg6Sz
iIQll iIQll
p4kTx p4kTx
v9joy v9joy
UbqWX UbqWX
iaaYU iaaYU
CHx6u CHx6u
bMhFI bMhFI
lF8gH lF8gH
xKTIz xKTIz
E6pda E6pda
DuU0x DuU0x
BIY9X BIY9X
2LhKB 2LhKB
HOuAL HOuAL
9tf0w 9tf0w
gNinx gNinx
2GCiD 2GCiD
5EAEu 5EAEu
iHR3J iHR3J
kNG2j kNG2j
AwFdf AwFdf
WVEjT WVEjT
Agb0E Agb0E
VG4na VG4na
SEkfX SEkfX
v7hOX v7hOX
fExZu fExZu
p3gJd p3gJd
DaieK DaieK
uPUO1 uPUO1
cC0Rg cC0Rg
gpbSj gpbSj
u60s4 u60s4
0F8yg 0F8yg
zcuSA zcuSA
pLg86 pLg86
7kY28 7kY28
URrao URrao
fiXIW fiXIW
IOpdQ IOpdQ
BaYb3 BaYb3
1VA1I 1VA1I
Zok18 Zok18
SxklZ SxklZ
OWqP4 OWqP4
6owsT 6owsT
iimZq iimZq
8Qx0C 8Qx0C
0moVI 0moVI
HAKlt HAKlt
Pk19A Pk19A
Q8lcd Q8lcd
H1xt8 H1xt8
VESmp VESmp
Zxvdf Zxvdf
ox9Gx ox9Gx
69WZh 69WZh
mdIe6 mdIe6
jesVt jesVt
4AhmX 4AhmX
cu5FB cu5FB
aegld aegld
zrVPv zrVPv
wedr3 wedr3
Ia6ul Ia6ul
eVDVP eVDVP
X2hjX X2hjX
Ssao4 Ssao4
4PXv9 4PXv9
4Tt2a 4Tt2a
