1 86 162 185 30 174 14 7 36 7 93 6 51 142 26 64 3 53 3 60 152 129 161 92 47 194 137 46 54 56 90 31 127 78 91 105 19 115 138 157 76 103 49 62 156 13 98 18 96 173 186 43 132 15 175 42 153 106 116 12 130 128 99 159 136 58 163 28 121 17 88 101 193 83 26 66 71 161 182 109 119 55 199 30 140 84 23 8 176 22 57 108 12 147 95 89 52 110 11 190 82 1
78
86 86
162 162
185 185
174 174
14 14
7 7
36 36
93 93
51 51
142 142
26 26
64 64
3 3
53 53
60 60
152 152
129 129
161 161
92 92
194 194
137 137
46 46
56 56
90 90
31 31
127 127
78 78
91 91
105 105
115 115
138 138
157 157
103 103
49 49
156 156
13 13
98 98
18 18
96 96
186 186
43 43
132 132
15 15
175 175
42 42
153 153
116 116
12 12
130 130
128 128
99 99
159 159
136 136
58 58
163 163
121 121
88 88
101 101
193 193
83 83
66 66
71 71
182 182
119 119
199 199
140 140
84 84
23 23
176 176
57 57
108 108
147 147
95 95
89 89
52 52
110 110
190 190
82 82
