Abbey Isabella Beatrice Presley Shannon Dana Yoselin Helen Alexia Maeve Sophia Mira Jordin Avni Nora Liberty Lillie Mckinley Kiera Ruth Tara Karma Eden Haven Matilda Kristina Lisa Riley Vivian Lana Carlee Rebecca Jamiya Lilia Ashleigh Harley Ayanna Marisol Melina Kayley Rayna Kimberly Tanya Abbey
40
Isabella Isabella
Beatrice Beatrice
Presley Presley
Shannon Shannon
Dana Dana
Yoselin Yoselin
Helen Helen
Alexia Alexia
Maeve Maeve
Sophia Sophia
Mira Mira
Jordin Jordin
Avni Avni
Nora Nora
Liberty Liberty
Lillie Lillie
Mckinley Mckinley
Kiera Kiera
Ruth Ruth
Tara Tara
Karma Karma
Eden Eden
Haven Haven
Matilda Matilda
Kristina Kristina
Lisa Lisa
Riley Riley
Vivian Vivian
Lana Lana
Carlee Carlee
Rebecca Rebecca
Jamiya Jamiya
Lilia Lilia
Harley Harley
Ayanna Ayanna
Marisol Marisol
Kayley Kayley
Rayna Rayna
Kimberly Kimberly
Tanya Tanya
