Abbey Zion Kaley Lucille Aubree Imani Kimberly Gillian Alexia Alena Zaria Dayami Dana Tara Kaydence Juliette Elianna Denisse Mckinley Lilyana Angelica Jillian Kayden Lilah Ariel Jamiya Aryana Lailah Parker Christine Laylah Jasmin Melina Sophie Allisson Mireya Amber Madilynn Carleigh Matilda Sharon Kiana Taniyah Haven Carlee Janiya Iyana Bryanna Kristin Riley Alia Baylee Sophia Amber Aniya Ciara Mya Rylee Araceli Natalee Adyson Noelle Maggie Alexus Kira Lacey Leila Kenzie Shyanne Keyla Chasity Avni Myah Jazmyn Nia Jade Zara Arielle Lainey Lilia Neveah Emilie Emma Ally Claire Mira Camilla Jaden Jimena Alivia Mckayla Kristina Averie Ingrid Carlie Kiley Ashley Lindsay Diana Brooklyn Carly Abbey
90
Abbey Abbey
Zion Zion
Kaley Kaley
Lucille Lucille
Aubree Aubree
Imani Imani
Kimberly Kimberly
Gillian Gillian
Alexia Alexia
Zaria Zaria
Dayami Dayami
Dana Dana
Tara Tara
Kaydence Kaydence
Juliette Juliette
Elianna Elianna
Denisse Denisse
Mckinley Mckinley
Lilyana Lilyana
Jillian Jillian
Kayden Kayden
Ariel Ariel
Jamiya Jamiya
Aryana Aryana
Parker Parker
Christine Christine
Laylah Laylah
Jasmin Jasmin
Melina Melina
Sophie Sophie
Mireya Mireya
Madilynn Madilynn
Carleigh Carleigh
Matilda Matilda
Sharon Sharon
Kiana Kiana
Taniyah Taniyah
Haven Haven
Carlee Carlee
Janiya Janiya
Iyana Iyana
Bryanna Bryanna
Kristin Kristin
Riley Riley
Alia Alia
Baylee Baylee
Sophia Sophia
Aniya Aniya
Ciara Ciara
Mya Mya
Rylee Rylee
Natalee Natalee
Noelle Noelle
Maggie Maggie
Alexus Alexus
Kira Kira
Lacey Lacey
Leila Leila
Kenzie Kenzie
Shyanne Shyanne
Keyla Keyla
Chasity Chasity
Avni Avni
Myah Myah
Jazmyn Jazmyn
Nia Nia
Jade Jade
Zara Zara
Arielle Arielle
Lainey Lainey
Lilia Lilia
Neveah Neveah
Emilie Emilie
Emma Emma
Claire Claire
Mira Mira
Camilla Camilla
Jaden Jaden
Jimena Jimena
Alivia Alivia
Mckayla Mckayla
Kristina Kristina
Ingrid Ingrid
Carlie Carlie
Kiley Kiley
Ashley Ashley
Lindsay Lindsay
Diana Diana
Brooklyn Brooklyn
Carly Carly
