Taozhuang Chharra Wesseling Chharra Jackson Rosedale Tupelo Cibinong Boo Donggongon Somma Esmeraldas Aytos Villa Rafiganj Villa Memmingen New Boo Hechingen Azrou Ramla Sarandi Southsea Calauan Artur Sicklerville Bhit Camayenne Bhit Durazno Bhit Longgang Norco Udumalaippettai Jhol Uran Kallio Alatyr Jinotepe Uran Pottstown Uran Fort Oulmes Southsea Freetown Ulu Rutherglen Gauting Rutherglen Nonsan Waverly Strathfield Bourbonnais Gudermes Bang Esperanza Gua Middle Besuki Vernon Caravaca Vernon Severodvinsk Vernon Jingzhou Uran Ilesa Chharra Taozhuang
50
Taozhuang Taozhuang
Wesseling Wesseling
Jackson Jackson
Rosedale Rosedale
Tupelo Tupelo
Cibinong Cibinong
Boo Boo
Donggongon Donggongon
Somma Somma
Esmeraldas Esmeraldas
Aytos Aytos
Villa Villa
Rafiganj Rafiganj
Memmingen Memmingen
New New
Hechingen Hechingen
Azrou Azrou
Ramla Ramla
Sarandi Sarandi
Calauan Calauan
Artur Artur
Sicklerville Sicklerville
Camayenne Camayenne
Durazno Durazno
Longgang Longgang
Udumalaippettai Udumalaippettai
Uran Uran
Kallio Kallio
Alatyr Alatyr
Jinotepe Jinotepe
Pottstown Pottstown
Fort Fort
Oulmes Oulmes
Freetown Freetown
Ulu Ulu
Rutherglen Rutherglen
Gauting Gauting
Nonsan Nonsan
Waverly Waverly
Strathfield Strathfield
Bourbonnais Bourbonnais
Gudermes Gudermes
Bang Bang
Esperanza Esperanza
Middle Middle
Besuki Besuki
Caravaca Caravaca
Severodvinsk Severodvinsk
Jingzhou Jingzhou
Ilesa Ilesa
