Lesnoy Visitacion Malaut Pingyi Gisborne Dharmapuri Gisborne Meerut Blackpool Hudiksvall Portogruaro Artur Hueytown Sun Hueytown Brentwood Zgorzelec Yangambi Adra Franceville Rutherglen Sungurlu Winsford Andijon Glogovac Visitacion Ishim Stade Beveren Kundla Beveren GatesNorth Lesnoy
25
Lesnoy Lesnoy
Visitacion Visitacion
Malaut Malaut
Pingyi Pingyi
Gisborne Gisborne
Dharmapuri Dharmapuri
Meerut Meerut
Blackpool Blackpool
Hudiksvall Hudiksvall
Portogruaro Portogruaro
Artur Artur
Hueytown Hueytown
Sun Sun
Brentwood Brentwood
Zgorzelec Zgorzelec
Yangambi Yangambi
Franceville Franceville
Rutherglen Rutherglen
Sungurlu Sungurlu
Winsford Winsford
Glogovac Glogovac
Ishim Ishim
Stade Stade
Kundla Kundla
GatesNorth GatesNorth
