create magnitude perception nationalism community maze mind colon mechanism bring ballot accessible scrap cancel skip adult minimize think belief dose farewell crew basketball celebration prove concern battery contract appear company childish merit hide absorption tin transmission fuss snap breakin car top line exotic direct pupil linear steward predict suffer tribe pastel bracket creation pride deck feign create
50
magnitude magnitude
perception perception
nationalism nationalism
community community
maze maze
colon colon
mechanism mechanism
ballot ballot
accessible accessible
scrap scrap
cancel cancel
skip skip
adult adult
minimize minimize
think think
belief belief
dose dose
farewell farewell
crew crew
basketball basketball
celebration celebration
prove prove
concern concern
battery battery
contract contract
appear appear
company company
childish childish
merit merit
hide hide
absorption absorption
tin tin
transmission transmission
fuss fuss
breakin breakin
top top
line line
exotic exotic
direct direct
pupil pupil
linear linear
steward steward
predict predict
suffer suffer
pastel pastel
bracket bracket
creation creation
pride pride
deck deck
feign feign
