steward childish farewell hide company perception creation battery ballot crew think line appear deck exotic basketball top nationalism concern pastel community linear scrap minimize tin prove belief skip adult steward
25
childish childish
farewell farewell
hide hide
company company
perception perception
creation creation
battery battery
ballot ballot
crew crew
think think
appear appear
deck deck
exotic exotic
basketball basketball
top top
concern concern
pastel pastel
community community
linear linear
scrap scrap
minimize minimize
tin tin
belief belief
skip skip
adult adult
