1 126 127 128 129 130 129 128 127 126 1 64 65 66 67 64 1 114 115 116 117 114 1 22 23 24 25 22 1 76 77 78 79 80 79 78 77 76 1 60 62 61 63 60 1 56 59 58 57 56 1 18 21 20 19 18 1 68 71 70 69 68 1 14 17 16 15 14 1 2 4 3 5 2 1 6 9 8 7 6 1 176 177 178 179 180 179 178 177 176 1 168 171 170 169 168 1 160 162 161 163 160 1 156 159 158 157 156 1 118 121 120 119 118 1 110 112 111 113 110 1 10 13 11 12 10 1 106 107 108 109 106 1 26 27 28 29 30 29 28 27 26 1 164 167 166 165 164 1 72 73 74 75 72 1 122 123 124 125 122 1 172 175 174 173 172 1 50 51 52 55 53 54 52 51 50 1 100 101 102 105 103 104 102 101 100 1 150 151 152 155 153 154 152 151 150 1
80
128 128
130 130
65 65
66 66
67 67
115 115
116 116
117 117
23 23
24 24
25 25
78 78
80 80
62 62
61 61
63 63
59 59
58 58
57 57
21 21
20 20
19 19
71 71
70 70
69 69
17 17
16 16
15 15
4 4
3 3
5 5
9 9
8 8
7 7
178 178
180 180
171 171
170 170
169 169
162 162
161 161
163 163
159 159
158 158
157 157
121 121
120 120
119 119
112 112
111 111
113 113
13 13
11 11
12 12
107 107
108 108
109 109
28 28
30 30
167 167
166 166
165 165
73 73
74 74
75 75
123 123
124 124
125 125
175 175
174 174
173 173
55 55
53 53
54 54
105 105
103 103
104 104
155 155
153 153
154 154
