Albania Greece Luxembourg SaoTomPrincipe Vanuatu Newfoundland Kosovo Vietnam Guatemala NewZealand America Mauritania Brazil Rwanda Djibouti Fiji Panama SriLanka Kazakhstan Portugal Paraguay CapeVerde Norway RussianFederation Bulgaria Niger Grenada Dominica VaticanCity Netherlands SaintLucia Israel Burma Nepal Gabon Albania Chile Estonia Bhutan Ethiopia Laos Japan SolomonIslands Mongolia Netherlands Latvia Kiribati Bahamas Serbia Venezuela Belarus Switzerland Pakistan Algeria Mauritius Comoros Ethiopia TheGambia Latvia PapuaNewGuinea Slovenia Poland Germany Argentina Andorra SierraLeone Mali Cambodia Mauritius Hungary NorthKorea Liechtenstein Namibia Rome Australia MountAthos Burkina Danzig Vanuatu Cuba BosHerzegovina IvoryCoast Romania Philippines UnitedKingdom Qatar SaudiArabia Tunisia EquatorGuinea Malaysia UAE Lesotho Lithuania Jamaica Finland Kyrgyzstan Ukraine France Cyprus Yemen Seychelles Tanzania Thailand SaintKitts Italy Maldives Peru Togo CentralAfricanRep Eritrea Suriname Albania
100
Greece Greece
Luxembourg Luxembourg
SaoTomPrincipe SaoTomPrincipe
Vanuatu Vanuatu
Newfoundland Newfoundland
Kosovo Kosovo
Guatemala Guatemala
NewZealand NewZealand
America America
Mauritania Mauritania
Brazil Brazil
Rwanda Rwanda
Djibouti Djibouti
Fiji Fiji
Panama Panama
SriLanka SriLanka
Kazakhstan Kazakhstan
Portugal Portugal
Paraguay Paraguay
CapeVerde CapeVerde
Norway Norway
RussianFederation RussianFederation
Bulgaria Bulgaria
Niger Niger
Grenada Grenada
Dominica Dominica
VaticanCity VaticanCity
SaintLucia SaintLucia
Israel Israel
Burma Burma
Nepal Nepal
Gabon Gabon
Chile Chile
Estonia Estonia
Bhutan Bhutan
Ethiopia Ethiopia
Laos Laos
Japan Japan
SolomonIslands SolomonIslands
Mongolia Mongolia
Latvia Latvia
Kiribati Kiribati
Bahamas Bahamas
Serbia Serbia
Venezuela Venezuela
Belarus Belarus
Switzerland Switzerland
Pakistan Pakistan
Algeria Algeria
Mauritius Mauritius
Comoros Comoros
TheGambia TheGambia
PapuaNewGuinea PapuaNewGuinea
Slovenia Slovenia
Poland Poland
Germany Germany
Argentina Argentina
Andorra Andorra
SierraLeone SierraLeone
Mali Mali
Cambodia Cambodia
Hungary Hungary
NorthKorea NorthKorea
Liechtenstein Liechtenstein
Rome Rome
Australia Australia
MountAthos MountAthos
Burkina Burkina
Danzig Danzig
Cuba Cuba
BosHerzegovina BosHerzegovina
IvoryCoast IvoryCoast
Romania Romania
Philippines Philippines
UnitedKingdom UnitedKingdom
Qatar Qatar
SaudiArabia SaudiArabia
Tunisia Tunisia
EquatorGuinea EquatorGuinea
Malaysia Malaysia
UAE UAE
Lesotho Lesotho
Lithuania Lithuania
Jamaica Jamaica
Finland Finland
Ukraine Ukraine
France France
Cyprus Cyprus
Yemen Yemen
Seychelles Seychelles
Tanzania Tanzania
Thailand Thailand
SaintKitts SaintKitts
Italy Italy
Maldives Maldives
Peru Peru
Togo Togo
CentralAfricanRep CentralAfricanRep
Eritrea Eritrea
Suriname Suriname
