Mf966TmCJF9l0PTKetVd TBEGhhvsdStRJh2Eqkyf Ad4iMaOuAofXNjJzNKWl byF5FvS6RJUrgCsP3o6T ZPAxEbVjKWTr0cDqLbA0 KKiBHd9DTQAd6AZYxlK3 QMmklR1fA1rnjMsU1WMc wyZ3Q4gHyaxpdYdezyjU pxBA1Tii62WPeRWcccVp jAzyDyaN1mD5Ei1RjCiO Y5ZKsuPbCDUQp5LjPNey 5ebtvAsyAh8vEmm1Z3wm dOWv4G57nxm9UArCvQlq jZUUy27kZ3z2uIv0PGPy UvtGaTsTes8Gs4gE8ya3 SQhK0n9L9aixdJxvdeKd e2usEAoRX2qu6mneHOxg HhITLZSwERe6osGRUBXt VI6bhpg8nr2U3bjLEpMD VqBuOSJBVqxMG4rldwQn 56ePYTmTGzdOHfvnLEPd tH0lbMmdJDVlC4Pr7uAb OyOgefgJfgx6VwEfudZn mGfIqoDGGajPXw9RvY8S iRg3oRlKsAtLuOm5tUrC bLojQFXmB5k6r0zKTWYe CxdADQl1Lh5mGQMAravk WQlZty1AKP9gLfjz0EYW u4VGAkqq00Jhej3knMJI 1wZce3qjltyIzzlL1Zfw bBJ5TDHtVrSIxXmQJ63J sSdPSXUotKahf03SRnBn cAkwFDH7tSQkP40ewGcD AjMqEYKq0eELwsiEhQNE Q4jkxyPtGKis0eXik3Gg aH2XDl7CjGFhEP3bbYjH rzYdrZxXnbXlOjFVWVaR flliQzyn5hSC8yLOMyYJ trOoQ3enuOI8GUJqwAMC GzkbHop7cJv0CvjQalTE 4CVQrsejmjPmVL7elf2w 1aGCWVuyE8DRxIV204ZW JfWSVxbK8iOEPzK7FV9x a6uUA0TEdnZwD1b73O9r kVdbGuYm0jD2q8vsLFHY eA2uctxdjBuXDZUrmUHy ul7ierPjffkmvfh4Ylme Ic20PkDM6xxefUTvJEIQ PLyQF48YPXs4LxxIxWHM 1crXui4lUlMG7IuTFiXo y3cL4LyhfEAlU1Jj1Xj6 W1IcDWCQWwTCriXsjtm4 ZDA7k1XMUYTsnmCfuUtR wNmo9den9k6ySqzO7o0M kGhQ3uDjcFA7MLP7UF4W XM2epDdQlzVNrldkM9rh BCVfaQnOCgLubJ23r8nF OGxA8YvD4WfIxOfmtWm4 0O3lDJvzYSiuZNzHimQX TkZ4LHIfwKap48xdp8m2 fsCdklolnC3ndvzFtyM3 YrtjNlKZcZnAXu7owFPA JWE9kJZ3fUSBbRtkVScl ydEppVwK15UN0USyP00U IwnN6xRahpjWnxZTYR2F XfWllIgv9lA6ZwGuKvLt 7c4FoaFf1TJetsLZUEok wtlCpdxHbUUmSY7DnD2u 3Yod5nNtIcKNmTtNQ3xH NvfSRypj4POoHWC3jDz3 2bMCdMiNzTpm8a2kNe9G S0PhmGw8tyUPzxvRSE5R lrLgTYF7nIsDkEYlxuHz CHHJQHxp9VQGraviPBS2 4mRiy2s23Ljl4N4CqEav Hpniux0SkkA6CliHWNDc p6bp9pYgtaGo4Q50DQAM TmdW4dU59umpgT9XX8G3 aU4DeG46NC8vRU6N0ahg Yw0z9L8p6xIk7hgYCgVd VaRx19QfIOvUT5pZyulj czjPVxJvSz9DoMc0Y7Vv BcvYB1mubFuRTbgMUsXg RrBlUMzlEzdRa5S1pyiF zDq8bGYKiSYw3c53IWfw BLgd9OLqnPIJY5LCIxDK HKK5Jm9eHd0V7gvBWuw9 b2icxuMf1zEyF7ImMEzE KCy3uvDFe4h3kwRgxFiX 7ArLVA3N0doHBQAlCDtl NtZncVsU7O40k1BXousH JfzkldRR1w0Y52KBg47D Crbc9OlCoJ9dTIJXXsjb Xucw5TdPOzp0SQGWHjkE WZxeHszJ2ShfYgJs53YV N7mkTpLI9Mgh0txBOflw CLNCAWQgYnzuvt7RChAf QZIvvAQe1weWyQjLrGi1 GfTqQpqjWivAFXbCN2BL acwLCbshqBQuYbTzAPRI km12BN3CByUGmRV2tX7b 4mdSIFCsq2HySOzm2H4M R87rV3jFUvYuE0RN4Z4a Mf966TmCJF9l0PTKetVd
100
TBEGhhvsdStRJh2Eqkyf TBEGhhvsdStRJh2Eqkyf
Ad4iMaOuAofXNjJzNKWl Ad4iMaOuAofXNjJzNKWl
byF5FvS6RJUrgCsP3o6T byF5FvS6RJUrgCsP3o6T
ZPAxEbVjKWTr0cDqLbA0 ZPAxEbVjKWTr0cDqLbA0
KKiBHd9DTQAd6AZYxlK3 KKiBHd9DTQAd6AZYxlK3
QMmklR1fA1rnjMsU1WMc QMmklR1fA1rnjMsU1WMc
wyZ3Q4gHyaxpdYdezyjU wyZ3Q4gHyaxpdYdezyjU
pxBA1Tii62WPeRWcccVp pxBA1Tii62WPeRWcccVp
jAzyDyaN1mD5Ei1RjCiO jAzyDyaN1mD5Ei1RjCiO
Y5ZKsuPbCDUQp5LjPNey Y5ZKsuPbCDUQp5LjPNey
5ebtvAsyAh8vEmm1Z3wm 5ebtvAsyAh8vEmm1Z3wm
dOWv4G57nxm9UArCvQlq dOWv4G57nxm9UArCvQlq
jZUUy27kZ3z2uIv0PGPy jZUUy27kZ3z2uIv0PGPy
UvtGaTsTes8Gs4gE8ya3 UvtGaTsTes8Gs4gE8ya3
SQhK0n9L9aixdJxvdeKd SQhK0n9L9aixdJxvdeKd
e2usEAoRX2qu6mneHOxg e2usEAoRX2qu6mneHOxg
HhITLZSwERe6osGRUBXt HhITLZSwERe6osGRUBXt
VqBuOSJBVqxMG4rldwQn VqBuOSJBVqxMG4rldwQn
56ePYTmTGzdOHfvnLEPd 56ePYTmTGzdOHfvnLEPd
tH0lbMmdJDVlC4Pr7uAb tH0lbMmdJDVlC4Pr7uAb
OyOgefgJfgx6VwEfudZn OyOgefgJfgx6VwEfudZn
mGfIqoDGGajPXw9RvY8S mGfIqoDGGajPXw9RvY8S
iRg3oRlKsAtLuOm5tUrC iRg3oRlKsAtLuOm5tUrC
bLojQFXmB5k6r0zKTWYe bLojQFXmB5k6r0zKTWYe
CxdADQl1Lh5mGQMAravk CxdADQl1Lh5mGQMAravk
WQlZty1AKP9gLfjz0EYW WQlZty1AKP9gLfjz0EYW
u4VGAkqq00Jhej3knMJI u4VGAkqq00Jhej3knMJI
1wZce3qjltyIzzlL1Zfw 1wZce3qjltyIzzlL1Zfw
bBJ5TDHtVrSIxXmQJ63J bBJ5TDHtVrSIxXmQJ63J
sSdPSXUotKahf03SRnBn sSdPSXUotKahf03SRnBn
cAkwFDH7tSQkP40ewGcD cAkwFDH7tSQkP40ewGcD
AjMqEYKq0eELwsiEhQNE AjMqEYKq0eELwsiEhQNE
Q4jkxyPtGKis0eXik3Gg Q4jkxyPtGKis0eXik3Gg
aH2XDl7CjGFhEP3bbYjH aH2XDl7CjGFhEP3bbYjH
rzYdrZxXnbXlOjFVWVaR rzYdrZxXnbXlOjFVWVaR
flliQzyn5hSC8yLOMyYJ flliQzyn5hSC8yLOMyYJ
trOoQ3enuOI8GUJqwAMC trOoQ3enuOI8GUJqwAMC
GzkbHop7cJv0CvjQalTE GzkbHop7cJv0CvjQalTE
4CVQrsejmjPmVL7elf2w 4CVQrsejmjPmVL7elf2w
1aGCWVuyE8DRxIV204ZW 1aGCWVuyE8DRxIV204ZW
JfWSVxbK8iOEPzK7FV9x JfWSVxbK8iOEPzK7FV9x
a6uUA0TEdnZwD1b73O9r a6uUA0TEdnZwD1b73O9r
kVdbGuYm0jD2q8vsLFHY kVdbGuYm0jD2q8vsLFHY
eA2uctxdjBuXDZUrmUHy eA2uctxdjBuXDZUrmUHy
ul7ierPjffkmvfh4Ylme ul7ierPjffkmvfh4Ylme
Ic20PkDM6xxefUTvJEIQ Ic20PkDM6xxefUTvJEIQ
PLyQF48YPXs4LxxIxWHM PLyQF48YPXs4LxxIxWHM
1crXui4lUlMG7IuTFiXo 1crXui4lUlMG7IuTFiXo
y3cL4LyhfEAlU1Jj1Xj6 y3cL4LyhfEAlU1Jj1Xj6
W1IcDWCQWwTCriXsjtm4 W1IcDWCQWwTCriXsjtm4
ZDA7k1XMUYTsnmCfuUtR ZDA7k1XMUYTsnmCfuUtR
wNmo9den9k6ySqzO7o0M wNmo9den9k6ySqzO7o0M
kGhQ3uDjcFA7MLP7UF4W kGhQ3uDjcFA7MLP7UF4W
BCVfaQnOCgLubJ23r8nF BCVfaQnOCgLubJ23r8nF
OGxA8YvD4WfIxOfmtWm4 OGxA8YvD4WfIxOfmtWm4
0O3lDJvzYSiuZNzHimQX 0O3lDJvzYSiuZNzHimQX
TkZ4LHIfwKap48xdp8m2 TkZ4LHIfwKap48xdp8m2
fsCdklolnC3ndvzFtyM3 fsCdklolnC3ndvzFtyM3
YrtjNlKZcZnAXu7owFPA YrtjNlKZcZnAXu7owFPA
JWE9kJZ3fUSBbRtkVScl JWE9kJZ3fUSBbRtkVScl
ydEppVwK15UN0USyP00U ydEppVwK15UN0USyP00U
IwnN6xRahpjWnxZTYR2F IwnN6xRahpjWnxZTYR2F
XfWllIgv9lA6ZwGuKvLt XfWllIgv9lA6ZwGuKvLt
7c4FoaFf1TJetsLZUEok 7c4FoaFf1TJetsLZUEok
wtlCpdxHbUUmSY7DnD2u wtlCpdxHbUUmSY7DnD2u
3Yod5nNtIcKNmTtNQ3xH 3Yod5nNtIcKNmTtNQ3xH
NvfSRypj4POoHWC3jDz3 NvfSRypj4POoHWC3jDz3
2bMCdMiNzTpm8a2kNe9G 2bMCdMiNzTpm8a2kNe9G
S0PhmGw8tyUPzxvRSE5R S0PhmGw8tyUPzxvRSE5R
lrLgTYF7nIsDkEYlxuHz lrLgTYF7nIsDkEYlxuHz
CHHJQHxp9VQGraviPBS2 CHHJQHxp9VQGraviPBS2
4mRiy2s23Ljl4N4CqEav 4mRiy2s23Ljl4N4CqEav
Hpniux0SkkA6CliHWNDc Hpniux0SkkA6CliHWNDc
p6bp9pYgtaGo4Q50DQAM p6bp9pYgtaGo4Q50DQAM
TmdW4dU59umpgT9XX8G3 TmdW4dU59umpgT9XX8G3
aU4DeG46NC8vRU6N0ahg aU4DeG46NC8vRU6N0ahg
Yw0z9L8p6xIk7hgYCgVd Yw0z9L8p6xIk7hgYCgVd
VaRx19QfIOvUT5pZyulj VaRx19QfIOvUT5pZyulj
czjPVxJvSz9DoMc0Y7Vv czjPVxJvSz9DoMc0Y7Vv
BcvYB1mubFuRTbgMUsXg BcvYB1mubFuRTbgMUsXg
RrBlUMzlEzdRa5S1pyiF RrBlUMzlEzdRa5S1pyiF
zDq8bGYKiSYw3c53IWfw zDq8bGYKiSYw3c53IWfw
BLgd9OLqnPIJY5LCIxDK BLgd9OLqnPIJY5LCIxDK
HKK5Jm9eHd0V7gvBWuw9 HKK5Jm9eHd0V7gvBWuw9
b2icxuMf1zEyF7ImMEzE b2icxuMf1zEyF7ImMEzE
KCy3uvDFe4h3kwRgxFiX KCy3uvDFe4h3kwRgxFiX
7ArLVA3N0doHBQAlCDtl 7ArLVA3N0doHBQAlCDtl
NtZncVsU7O40k1BXousH NtZncVsU7O40k1BXousH
JfzkldRR1w0Y52KBg47D JfzkldRR1w0Y52KBg47D
Crbc9OlCoJ9dTIJXXsjb Crbc9OlCoJ9dTIJXXsjb
Xucw5TdPOzp0SQGWHjkE Xucw5TdPOzp0SQGWHjkE
WZxeHszJ2ShfYgJs53YV WZxeHszJ2ShfYgJs53YV
N7mkTpLI9Mgh0txBOflw N7mkTpLI9Mgh0txBOflw
CLNCAWQgYnzuvt7RChAf CLNCAWQgYnzuvt7RChAf
QZIvvAQe1weWyQjLrGi1 QZIvvAQe1weWyQjLrGi1
GfTqQpqjWivAFXbCN2BL GfTqQpqjWivAFXbCN2BL
acwLCbshqBQuYbTzAPRI acwLCbshqBQuYbTzAPRI
km12BN3CByUGmRV2tX7b km12BN3CByUGmRV2tX7b
4mdSIFCsq2HySOzm2H4M 4mdSIFCsq2HySOzm2H4M
R87rV3jFUvYuE0RN4Z4a R87rV3jFUvYuE0RN4Z4a
