55 57 35 101 182 101 61 13 15 135 15 122 179 62 179 90 56 85 146 181 42 40 97 109 175 74 107 69 77 22 78 153 184 163 10 133 166 58 140 43 66 174 26 88 80 86 188 171 128 81 118 168 36 14 17 131 185 11 89 149 20 151 130 162 173 177 45 12 84 16 4 71 189 111 137 83 33 186 159 59 119 152 30 164 126 164 27 170 105 124 136 160 116 134 32 150 49 41 148 127 54 9 53 8 172 28 76 67 98 114 113 29 158 106 63 115 48 91 55
96
57 57
101 101
182 182
61 61
13 13
15 15
135 135
122 122
179 179
62 62
90 90
56 56
85 85
146 146
181 181
42 42
40 40
97 97
109 109
175 175
74 74
107 107
77 77
78 78
153 153
184 184
163 163
133 133
166 166
58 58
140 140
43 43
66 66
26 26
88 88
80 80
86 86
188 188
171 171
81 81
118 118
168 168
36 36
17 17
131 131
185 185
11 11
149 149
20 20
151 151
162 162
173 173
177 177
45 45
12 12
16 16
71 71
189 189
111 111
137 137
83 83
33 33
186 186
159 159
59 59
119 119
152 152
30 30
126 126
27 27
170 170
105 105
160 160
116 116
134 134
32 32
150 150
49 49
41 41
148 148
54 54
9 9
53 53
8 8
172 172
76 76
67 67
114 114
113 113
29 29
158 158
106 106
63 63
115 115
48 48
91 91
