33 20 73 42 93 22 2 22 35 5 43 26 14 97 8 97 14 21 45 46 75 46 91 98 13 98 51 37 79 36 53 71 48 71 53 36 99 36 79 37 38 52 65 52 38 32 6 81 61 81 6 32 89 14 9 10 90 68 90 10 9 3 64 86 11 100 95 85 17 27 23 27 66 63 12 63 14 50 19 50 88 69 34 69 67 57 67 54 30 54 67 60 31 16 29 16 94 25 94 47 94 16 39 82 40 82 7 35 80 20 15 20 33
50
20 20
42 42
22 22
2 2
35 35
5 5
26 26
97 97
8 8
75 75
13 13
51 51
79 79
48 48
52 52
65 65
61 61
89 89
9 9
10 10
68 68
64 64
86 86
11 11
100 100
95 95
17 17
23 23
63 63
12 12
50 50
19 19
88 88
69 69
34 34
67 67
57 57
54 54
30 30
60 60
31 31
29 29
94 94
25 25
47 47
82 82
40 40
7 7
80 80
15 15
