Satish N26J6EU AETBJC WQM0D4 R2POU4T XGYWBMTWT QEAJAFMPY V7T5SI ODSGN281 VNCFO QU5Y0N2LQ JSSS9HX U0LMCHUU 59E13RE 6HNG EHS8A QAL7Z5UN ITHI7K6W1B FPB1OLF3 QL51A0KUT EG23K SUC1CH RX6VI 19LN S657MFMG K936 IQXEPH9QO B0H9VDIK 5N65HLXKU IEYK8 6WSDW VNYZ5QVO77 O2N6HBZK8 7CRTCJA OJ27JN021 2FB0FS3KWX 07XQDCJI QHH48VD7JJ M6CD1Y AO31B76 SKLZM PL0UHK F1G8HC JOBN3N 5HGKBK QJ0LM8 F3YJ 0I7Y V4R09 CXLQGGJ746 PQ09CSX Satish
50
N26J6EU N26J6EU
AETBJC AETBJC
WQM0D4 WQM0D4
R2POU4T R2POU4T
XGYWBMTWT XGYWBMTWT
QEAJAFMPY QEAJAFMPY
V7T5SI V7T5SI
ODSGN281 ODSGN281
VNCFO VNCFO
QU5Y0N2LQ QU5Y0N2LQ
JSSS9HX JSSS9HX
U0LMCHUU U0LMCHUU
59E13RE 59E13RE
6HNG 6HNG
EHS8A EHS8A
QAL7Z5UN QAL7Z5UN
ITHI7K6W1B ITHI7K6W1B
FPB1OLF3 FPB1OLF3
QL51A0KUT QL51A0KUT
EG23K EG23K
SUC1CH SUC1CH
RX6VI RX6VI
19LN 19LN
S657MFMG S657MFMG
K936 K936
IQXEPH9QO IQXEPH9QO
B0H9VDIK B0H9VDIK
5N65HLXKU 5N65HLXKU
IEYK8 IEYK8
6WSDW 6WSDW
VNYZ5QVO77 VNYZ5QVO77
O2N6HBZK8 O2N6HBZK8
7CRTCJA 7CRTCJA
OJ27JN021 OJ27JN021
2FB0FS3KWX 2FB0FS3KWX
07XQDCJI 07XQDCJI
QHH48VD7JJ QHH48VD7JJ
M6CD1Y M6CD1Y
AO31B76 AO31B76
SKLZM SKLZM
PL0UHK PL0UHK
F1G8HC F1G8HC
JOBN3N JOBN3N
5HGKBK 5HGKBK
QJ0LM8 QJ0LM8
F3YJ F3YJ
0I7Y 0I7Y
V4R09 V4R09
CXLQGGJ746 CXLQGGJ746
PQ09CSX PQ09CSX
