845LWU7Kg6167HQY i7lmV5iDIgl5f 1 5 1 i7lmV5iDIgl5f 3i80K09a pbE3R4QsB76l YLKBD54k H6pXAnE0KypnExX SmI7f H6pXAnE0KypnExX FL4V06094CU0zO3gJava D ElUTL D ElUTL 122gt 7L J 7L J 672Pt4Ytw8LW J X6SrYf57mSUQQ28C NQ3vX6W6H74aK53np 5Ll49ySSWT043CtCd2 B4mQOl023dn1 5CCl0n2r5512 3 TU76UjE52906 48783322I5q9PFVPT a O58T 95fufpL7BuUW8Mng00jE O41Muu YKpC4gQmPKaU311w9eOT UH4Lf7FAuZoT4lv2 DUiYDuR9yYFD5 MVvh eDv5MBdo 5Qkzz260R7 eDv5MBdo 9vq8gscs7dz1 6RiHvQ4xTN5 fgM12T WMY0xVk9j8T6Ly eqYzN7b19UgNo1K WMY0xVk9j8T6Ly fgM12T EnhLq7BgTj8IN3Z2m u3Qv 42U0k6JhTQxPvUw8 u3Qv MY3aL96Y 2qgWbB40Ya16 xaM1q4jQi3efYb0 11l6P71DgEau1baEX4 77yN7eHZwfF99R2 TBk5Pt5vt5SInt 77yN7eHZwfF99R2 geUO1h 8M2OK8Px58 geUO1h r ICQxh0Q58799CUd2 r k 3k k 4l4aqvNKB KpBvy 4 0CwgepgS85xC4gx HDLHc5Kdk SL88w66v7 HDLHc5Kdk N8191M9E9v 9 N8191M9E9v 95E0752p51t ZT3 y 0CwgepgS85xC4gx KKUFV29x8iO ftk2 KKUFV29x8iO 0CwgepgS85xC4gx Uyj5raM7C9SGCHQGUC 845LWU7Kg6167HQY
50
845LWU7Kg6167HQY 845LWU7Kg6167HQY
5 5
YLKBD54k YLKBD54k
H6pXAnE0KypnExX H6pXAnE0KypnExX
SmI7f SmI7f
D D
ElUTL ElUTL
122gt 122gt
7L 7L
672Pt4Ytw8LW 672Pt4Ytw8LW
X6SrYf57mSUQQ28C X6SrYf57mSUQQ28C
NQ3vX6W6H74aK53np NQ3vX6W6H74aK53np
B4mQOl023dn1 B4mQOl023dn1
5CCl0n2r5512 5CCl0n2r5512
3 3
TU76UjE52906 TU76UjE52906
48783322I5q9PFVPT 48783322I5q9PFVPT
O58T O58T
O41Muu O41Muu
YKpC4gQmPKaU311w9eOT YKpC4gQmPKaU311w9eOT
DUiYDuR9yYFD5 DUiYDuR9yYFD5
MVvh MVvh
eDv5MBdo eDv5MBdo
5Qkzz260R7 5Qkzz260R7
6RiHvQ4xTN5 6RiHvQ4xTN5
fgM12T fgM12T
eqYzN7b19UgNo1K eqYzN7b19UgNo1K
EnhLq7BgTj8IN3Z2m EnhLq7BgTj8IN3Z2m
u3Qv u3Qv
42U0k6JhTQxPvUw8 42U0k6JhTQxPvUw8
MY3aL96Y MY3aL96Y
2qgWbB40Ya16 2qgWbB40Ya16
xaM1q4jQi3efYb0 xaM1q4jQi3efYb0
11l6P71DgEau1baEX4 11l6P71DgEau1baEX4
TBk5Pt5vt5SInt TBk5Pt5vt5SInt
geUO1h geUO1h
8M2OK8Px58 8M2OK8Px58
r r
ICQxh0Q58799CUd2 ICQxh0Q58799CUd2
3k 3k
4l4aqvNKB 4l4aqvNKB
KpBvy KpBvy
4 4
SL88w66v7 SL88w66v7
9 9
95E0752p51t 95E0752p51t
ZT3 ZT3
y y
KKUFV29x8iO KKUFV29x8iO
ftk2 ftk2
