AA AC AJ AC AA DT CX DU CX DS CX AN CY DW CY DV CY AN AD DN CT AM CV DR CV AM CW DQ CW DP CW AM CT DN AD AK AD AL AD AA AB AE AO AQ AO AP AO AE AB AF AB AH BN BS FF BS BN AH BM BP CE BW AI BW CE BP BM AH AB AG AZ BD AZ AG BB BI BB BH BB AG BA BF BA BG BA BE BA AG BC BK FE DZ EC DX DY DX EC EB EA FC EA EI FB EI EA EB EC EE EF EN EQ EO EQ EN EF EL EW EX EY EX EW EL EF EH EJ EZ EJ EH FA EH EF EE ED EP ED EE EC DZ FE BK BC BJ BC AG AB AA
46
AA AA
AC AC
AJ AJ
DT DT
DU DU
DS DS
AN AN
DW DW
DV DV
AD AD
AM AM
DR DR
DQ DQ
DP DP
AK AK
AL AL
AB AB
AE AE
AO AO
AQ AQ
AP AP
AF AF
AH AH
FF FF
AI AI
AG AG
BD BD
BI BI
BH BH
BF BF
BG BG
BE BE
BK BK
DZ DZ
DX DX
DY DY
FC FC
FB FB
EN EN
EO EO
EX EX
EY EY
EZ EZ
FA FA
EP EP
BJ BJ
