0 10 13 10 12 11 12 81 82 80 83 80 39 84 44 89 49 32 31 32 68 67 65 30 33 30 40 4 25 28 25 70 72 71 7 5 8 5 95 97 95 79 85 77 76 77 85 87 86 87 90 92 90 54 55 57 55 58 42 88 37 35 45 47 46 47 45 48 45 20 23 20 15 17 16 17 15 18 15 50 52 51 52 99 94 29 60 63 60 0
50
13 13
11 11
81 81
82 82
80 80
83 83
39 39
84 84
44 44
89 89
49 49
32 32
31 31
68 68
67 67
65 65
33 33
40 40
4 4
28 28
71 71
5 5
8 8
97 97
79 79
85 85
76 76
86 86
90 90
92 92
54 54
55 55
57 57
58 58
42 42
88 88
37 37
46 46
48 48
20 20
23 23
16 16
18 18
52 52
51 51
99 99
94 94
29 29
60 60
63 63
