Greenhouse mlk Greenhouse MathSciencesRes Greenhouse maxwell Greenhouse McConeHall Greenhouse McEnerneyHall Greenhouse McLaughlin Greenhouse memorialpool Greenhouse MinorHall Greenhouse MinorHallAdd Greenhouse moffit Greenhouse MorganHall Greenhouse MorrisonHall Greenhouse MosesHall Greenhouse MulfordHall Greenhouse BirgeHall Greenhouse nrl Greenhouse NorthField Greenhouse NorthGateHall Greenhouse NAnimalFacil Greenhouse OBrienHall Greenhouse ObservHill Greenhouse BarkerHall Greenhouse AlumniHouse Greenhouse AndersenAud Greenhouse AnthonyHall Greenhouse ArchsEngineers Greenhouse BancroftLibrary Greenhouse BanwayBldg Greenhouse BarrowLane Greenhouse BarrowsHall Greenhouse BARTStation Greenhouse BechtelEngineering Greenhouse BerkeleyMuseum Greenhouse BerkeleyWest Greenhouse BlackwellHall Greenhouse BlumHall Greenhouse BoaltHall Greenhouse BotanGarden Greenhouse ImagingCenter Greenhouse StarrLibrary Greenhouse
40
mlk mlk
MathSciencesRes MathSciencesRes
maxwell maxwell
McConeHall McConeHall
McEnerneyHall McEnerneyHall
McLaughlin McLaughlin
memorialpool memorialpool
MinorHall MinorHall
MinorHallAdd MinorHallAdd
moffit moffit
MorganHall MorganHall
MorrisonHall MorrisonHall
MosesHall MosesHall
MulfordHall MulfordHall
BirgeHall BirgeHall
nrl nrl
NorthField NorthField
NorthGateHall NorthGateHall
NAnimalFacil NAnimalFacil
OBrienHall OBrienHall
ObservHill ObservHill
BarkerHall BarkerHall
AlumniHouse AlumniHouse
AndersenAud AndersenAud
AnthonyHall AnthonyHall
ArchsEngineers ArchsEngineers
BancroftLibrary BancroftLibrary
BanwayBldg BanwayBldg
BarrowLane BarrowLane
BarrowsHall BarrowsHall
BARTStation BARTStation
BechtelEngineering BechtelEngineering
BerkeleyMuseum BerkeleyMuseum
BerkeleyWest BerkeleyWest
BlackwellHall BlackwellHall
BlumHall BlumHall
BoaltHall BoaltHall
BotanGarden BotanGarden
ImagingCenter ImagingCenter
StarrLibrary StarrLibrary
