Taozhuang Chharra Jackson Rosedale Tupelo Kallio Alatyr Jinotepe Uran Pottstown Uran Jingzhou Uran Jhol Udumalaippettai Carnot Bhit Sicklerville Memmingen Gudermes Bang Esperanza Gua Middle Besuki Vernon Severodvinsk Vernon Caravaca Donggongon Somma Esmeraldas Aytos Villa Cibinong Villa Rafiganj Villa Nonsan Waverly Strathfield Bourbonnais Longgang Bhit Gauting Bhit Camayenne Bhit Durazno Boo New Artur Hechingen Azrou Ramla Sarandi Southsea Calauan Southsea Freetown Ulu Rutherglen Oulmes Fort Uran Ilesa Chharra Wesseling Chharra Taozhuang
50
Taozhuang Taozhuang
Jackson Jackson
Rosedale Rosedale
Tupelo Tupelo
Kallio Kallio
Alatyr Alatyr
Jinotepe Jinotepe
Uran Uran
Pottstown Pottstown
Jingzhou Jingzhou
Udumalaippettai Udumalaippettai
Sicklerville Sicklerville
Memmingen Memmingen
Gudermes Gudermes
Bang Bang
Esperanza Esperanza
Middle Middle
Besuki Besuki
Severodvinsk Severodvinsk
Caravaca Caravaca
Donggongon Donggongon
Somma Somma
Esmeraldas Esmeraldas
Aytos Aytos
Villa Villa
Cibinong Cibinong
Rafiganj Rafiganj
Nonsan Nonsan
Waverly Waverly
Strathfield Strathfield
Bourbonnais Bourbonnais
Longgang Longgang
Gauting Gauting
Camayenne Camayenne
Durazno Durazno
Boo Boo
New New
Artur Artur
Hechingen Hechingen
Azrou Azrou
Ramla Ramla
Sarandi Sarandi
Calauan Calauan
Freetown Freetown
Ulu Ulu
Rutherglen Rutherglen
Oulmes Oulmes
Fort Fort
Ilesa Ilesa
Wesseling Wesseling
